Namespace(add_comment=True, add_description=True, add_other_comments=True, add_title=True, add_transcription=True, add_video=True, batch_size=8, clip_embeedings_path='data/CLIP_embeddings', debug=False, desc_keyphrase_extract=False, desc_token_count=80, freeze_lf_layers=23, gpu='5', lr=0.0003, max_epochs=30, max_len=512, metadata_path='data/extra_data_trans.csv', model='bert-large-cased', multitask=False, num_workers=0, other_comments_path='data/extra_data_other_comments.csv', other_comments_token_count=512, pad_metadata=True, remove_none=False, test_question_file='data/with_aug_ttv/test.csv', title_token_count=40, train_question_file='data/with_aug_ttv/train.csv', transcript_keyphrase_extract=True, transcript_token_count=200, validation_question_file='data/with_aug_ttv/eval.csv', video_path='data/videos/', work_dir='model_comment/')
wandb: Currently logged in as: shrey2809 (is_project). Use `wandb login --relogin` to force relogin
wandb: Tracking run with wandb version 0.15.4
wandb: Run data is saved locally in /scratch/AzureNfsServer_INPUT1/vc_data/users/gmanish/multiModalHate/IS-Hate-Speech/wandb/run-20230612_181347-fwarondo
wandb: Run `wandb offline` to turn off syncing.
wandb: Syncing run distinctive-wood-259
wandb: ⭐️ View project at https://wandb.ai/is_project/vision_models
wandb: 🚀 View run at https://wandb.ai/is_project/vision_models/runs/fwarondo
number of available devices: 1
obtained dataloaders
Some weights of the model checkpoint at bert-large-cased were not used when initializing BertModel: ['cls.seq_relationship.weight', 'cls.predictions.transform.LayerNorm.bias', 'cls.predictions.bias', 'cls.predictions.transform.dense.weight', 'cls.predictions.transform.LayerNorm.weight', 'cls.predictions.transform.dense.bias', 'cls.predictions.decoder.weight', 'cls.seq_relationship.bias']
- This IS expected if you are initializing BertModel from the checkpoint of a model trained on another task or with another architecture (e.g. initializing a BertForSequenceClassification model from a BertForPreTraining model).
- This IS NOT expected if you are initializing BertModel from the checkpoint of a model that you expect to be exactly identical (initializing a BertForSequenceClassification model from a BertForSequenceClassification model).
loaded models
Train Epoch-0   Iter-0  /706	loss 0.8129 (0.8129)	accu 0.125 (0.125)	
Train Epoch-0   Iter-25 /706	loss 0.6667 (0.6917)	accu 0.500 (0.543)	
Train Epoch-0   Iter-50 /706	loss 0.3339 (0.6311)	accu 0.875 (0.627)	
Train Epoch-0   Iter-75 /706	loss 0.8198 (0.6167)	accu 0.500 (0.648)	
Train Epoch-0   Iter-100/706	loss 0.5381 (0.5891)	accu 0.750 (0.683)	
Train Epoch-0   Iter-125/706	loss 0.2927 (0.5394)	accu 0.875 (0.719)	
Train Epoch-0   Iter-150/706	loss 0.6789 (0.5041)	accu 0.875 (0.748)	
Train Epoch-0   Iter-175/706	loss 0.1145 (0.4920)	accu 1.000 (0.759)	
Train Epoch-0   Iter-200/706	loss 0.2299 (0.4802)	accu 1.000 (0.767)	
Train Epoch-0   Iter-225/706	loss 0.1538 (0.4637)	accu 0.875 (0.778)	
Train Epoch-0   Iter-250/706	loss 0.0570 (0.4421)	accu 1.000 (0.789)	
Train Epoch-0   Iter-275/706	loss 0.0818 (0.4281)	accu 1.000 (0.798)	
Train Epoch-0   Iter-300/706	loss 0.2557 (0.4129)	accu 0.875 (0.808)	
Train Epoch-0   Iter-325/706	loss 0.2776 (0.4022)	accu 0.875 (0.816)	
Train Epoch-0   Iter-350/706	loss 0.3394 (0.3937)	accu 0.875 (0.823)	
Train Epoch-0   Iter-375/706	loss 0.0253 (0.3787)	accu 1.000 (0.831)	
Train Epoch-0   Iter-400/706	loss 0.1871 (0.3711)	accu 1.000 (0.836)	
Train Epoch-0   Iter-425/706	loss 0.2246 (0.3661)	accu 1.000 (0.840)	
Train Epoch-0   Iter-450/706	loss 0.5441 (0.3623)	accu 0.625 (0.843)	
Train Epoch-0   Iter-475/706	loss 0.2577 (0.3559)	accu 0.875 (0.846)	
Train Epoch-0   Iter-500/706	loss 0.2831 (0.3495)	accu 0.875 (0.849)	
Train Epoch-0   Iter-525/706	loss 0.0889 (0.3419)	accu 1.000 (0.853)	
Train Epoch-0   Iter-550/706	loss 0.0744 (0.3360)	accu 1.000 (0.857)	
Train Epoch-0   Iter-575/706	loss 0.0253 (0.3303)	accu 1.000 (0.859)	
Train Epoch-0   Iter-600/706	loss 0.0336 (0.3247)	accu 1.000 (0.863)	
Train Epoch-0   Iter-625/706	loss 0.0199 (0.3195)	accu 1.000 (0.866)	
Train Epoch-0   Iter-650/706	loss 0.0552 (0.3178)	accu 1.000 (0.867)	
Train Epoch-0   Iter-675/706	loss 0.4093 (0.3115)	accu 0.875 (0.870)	
Train Epoch-0   Iter-700/706	loss 0.3136 (0.3114)	accu 0.875 (0.871)	
Eval Epoch-0   Iter-0  /52 	loss 1.0183 (1.0183)	accu 0.750 (0.750)	
Eval Epoch-0   Iter-25 /52 	loss 0.1297 (0.3453)	accu 1.000 (0.885)	
Eval Epoch-0   Iter-50 /52 	loss 0.9271 (0.6343)	accu 0.625 (0.735)	
Epoch-0   Train: loss 0.3104	accu 0.8720	Eval: loss 0.6462	accu 0.7260
Train Epoch-1   Iter-0  /706	loss 0.0630 (0.0630)	accu 1.000 (1.000)	
Train Epoch-1   Iter-25 /706	loss 0.0943 (0.2183)	accu 1.000 (0.942)	
Train Epoch-1   Iter-50 /706	loss 0.0672 (0.2087)	accu 1.000 (0.936)	
Train Epoch-1   Iter-75 /706	loss 0.1838 (0.2444)	accu 1.000 (0.924)	
Train Epoch-1   Iter-100/706	loss 0.1296 (0.2320)	accu 1.000 (0.927)	
Train Epoch-1   Iter-125/706	loss 0.1663 (0.2415)	accu 0.875 (0.921)	
Train Epoch-1   Iter-150/706	loss 0.2127 (0.2402)	accu 0.875 (0.921)	
Train Epoch-1   Iter-175/706	loss 0.1240 (0.2222)	accu 1.000 (0.928)	
Train Epoch-1   Iter-200/706	loss 0.4752 (0.2237)	accu 0.875 (0.927)	
Train Epoch-1   Iter-225/706	loss 0.1102 (0.2222)	accu 1.000 (0.926)	
Train Epoch-1   Iter-250/706	loss 0.0722 (0.2252)	accu 1.000 (0.925)	
Train Epoch-1   Iter-275/706	loss 0.2808 (0.2305)	accu 0.875 (0.921)	
Train Epoch-1   Iter-300/706	loss 0.2350 (0.2314)	accu 0.875 (0.920)	
Train Epoch-1   Iter-325/706	loss 0.0174 (0.2236)	accu 1.000 (0.922)	
Train Epoch-1   Iter-350/706	loss 0.0103 (0.2121)	accu 1.000 (0.926)	
Train Epoch-1   Iter-375/706	loss 0.1682 (0.2145)	accu 0.875 (0.925)	
Train Epoch-1   Iter-400/706	loss 0.2372 (0.2169)	accu 0.875 (0.923)	
Train Epoch-1   Iter-425/706	loss 0.0847 (0.2138)	accu 1.000 (0.923)	
Train Epoch-1   Iter-450/706	loss 0.2247 (0.2163)	accu 1.000 (0.922)	
Train Epoch-1   Iter-475/706	loss 0.2772 (0.2185)	accu 1.000 (0.921)	
Train Epoch-1   Iter-500/706	loss 0.0204 (0.2171)	accu 1.000 (0.921)	
Train Epoch-1   Iter-525/706	loss 0.0590 (0.2142)	accu 1.000 (0.923)	
Train Epoch-1   Iter-550/706	loss 0.6661 (0.2161)	accu 0.750 (0.922)	
Train Epoch-1   Iter-575/706	loss 0.7111 (0.2143)	accu 0.750 (0.923)	
Train Epoch-1   Iter-600/706	loss 0.0127 (0.2103)	accu 1.000 (0.924)	
Train Epoch-1   Iter-625/706	loss 0.6222 (0.2110)	accu 0.750 (0.924)	
Train Epoch-1   Iter-650/706	loss 0.5432 (0.2090)	accu 0.875 (0.925)	
Train Epoch-1   Iter-675/706	loss 0.0307 (0.2055)	accu 1.000 (0.927)	
Train Epoch-1   Iter-700/706	loss 0.0180 (0.2030)	accu 1.000 (0.928)	
Eval Epoch-1   Iter-0  /52 	loss 2.1787 (2.1787)	accu 0.250 (0.250)	
Eval Epoch-1   Iter-25 /52 	loss 0.1225 (1.3819)	accu 1.000 (0.428)	
Eval Epoch-1   Iter-50 /52 	loss 1.1194 (1.0354)	accu 0.625 (0.593)	
Epoch-1   Train: loss 0.2022	accu 0.9283	Eval: loss 1.0212	accu 0.5962
Train Epoch-2   Iter-0  /706	loss 0.3063 (0.3063)	accu 0.875 (0.875)	
Train Epoch-2   Iter-25 /706	loss 0.0760 (0.1407)	accu 1.000 (0.952)	
Train Epoch-2   Iter-50 /706	loss 0.8411 (0.1547)	accu 0.750 (0.951)	
Train Epoch-2   Iter-75 /706	loss 0.0739 (0.1576)	accu 1.000 (0.952)	
Train Epoch-2   Iter-100/706	loss 0.0283 (0.1663)	accu 1.000 (0.944)	
Train Epoch-2   Iter-125/706	loss 0.0149 (0.1633)	accu 1.000 (0.943)	
Train Epoch-2   Iter-150/706	loss 0.1039 (0.1669)	accu 1.000 (0.943)	
Train Epoch-2   Iter-175/706	loss 0.0314 (0.1643)	accu 1.000 (0.941)	
Train Epoch-2   Iter-200/706	loss 0.0385 (0.1654)	accu 1.000 (0.941)	
Train Epoch-2   Iter-225/706	loss 0.0375 (0.1760)	accu 1.000 (0.935)	
Train Epoch-2   Iter-250/706	loss 0.6847 (0.1762)	accu 0.625 (0.935)	
Train Epoch-2   Iter-275/706	loss 0.6215 (0.1753)	accu 0.875 (0.935)	
Train Epoch-2   Iter-300/706	loss 0.0710 (0.1774)	accu 1.000 (0.934)	
Train Epoch-2   Iter-325/706	loss 0.3315 (0.1747)	accu 0.875 (0.935)	
Train Epoch-2   Iter-350/706	loss 0.1697 (0.1709)	accu 0.875 (0.937)	
Train Epoch-2   Iter-375/706	loss 0.0412 (0.1675)	accu 1.000 (0.939)	
Train Epoch-2   Iter-400/706	loss 0.1629 (0.1712)	accu 0.875 (0.937)	
Train Epoch-2   Iter-425/706	loss 0.2195 (0.1719)	accu 0.875 (0.937)	
Train Epoch-2   Iter-450/706	loss 0.0226 (0.1693)	accu 1.000 (0.938)	
Train Epoch-2   Iter-475/706	loss 0.5168 (0.1682)	accu 0.750 (0.939)	
Train Epoch-2   Iter-500/706	loss 0.1014 (0.1696)	accu 1.000 (0.939)	
Train Epoch-2   Iter-525/706	loss 0.2938 (0.1709)	accu 0.875 (0.939)	
Train Epoch-2   Iter-550/706	loss 0.1776 (0.1685)	accu 0.875 (0.940)	
Train Epoch-2   Iter-575/706	loss 0.3465 (0.1698)	accu 0.875 (0.939)	
Train Epoch-2   Iter-600/706	loss 0.2572 (0.1688)	accu 0.875 (0.939)	
Train Epoch-2   Iter-625/706	loss 0.0032 (0.1659)	accu 1.000 (0.941)	
Train Epoch-2   Iter-650/706	loss 0.8458 (0.1676)	accu 0.750 (0.940)	
Train Epoch-2   Iter-675/706	loss 0.1164 (0.1704)	accu 1.000 (0.939)	
Train Epoch-2   Iter-700/706	loss 0.6827 (0.1684)	accu 0.875 (0.940)	
Eval Epoch-2   Iter-0  /52 	loss 1.4182 (1.4182)	accu 0.500 (0.500)	
Eval Epoch-2   Iter-25 /52 	loss 0.0079 (0.8444)	accu 1.000 (0.644)	
Eval Epoch-2   Iter-50 /52 	loss 3.0374 (1.2174)	accu 0.500 (0.640)	
Epoch-2   Train: loss 0.1686	accu 0.9405	Eval: loss 1.1982	accu 0.6442
Train Epoch-3   Iter-0  /706	loss 0.0144 (0.0144)	accu 1.000 (1.000)	
Train Epoch-3   Iter-25 /706	loss 0.0277 (0.1511)	accu 1.000 (0.938)	
Train Epoch-3   Iter-50 /706	loss 0.1020 (0.1623)	accu 1.000 (0.934)	
Train Epoch-3   Iter-75 /706	loss 0.1094 (0.1542)	accu 0.875 (0.936)	
Train Epoch-3   Iter-100/706	loss 0.3236 (0.1705)	accu 0.875 (0.937)	
Train Epoch-3   Iter-125/706	loss 0.4911 (0.1668)	accu 0.875 (0.937)	
Train Epoch-3   Iter-150/706	loss 0.1173 (0.1599)	accu 1.000 (0.942)	
Train Epoch-3   Iter-175/706	loss 0.0067 (0.1515)	accu 1.000 (0.945)	
Train Epoch-3   Iter-200/706	loss 0.0107 (0.1418)	accu 1.000 (0.948)	
Train Epoch-3   Iter-225/706	loss 0.0235 (0.1434)	accu 1.000 (0.950)	
Train Epoch-3   Iter-250/706	loss 0.0262 (0.1426)	accu 1.000 (0.950)	
Train Epoch-3   Iter-275/706	loss 0.1768 (0.1437)	accu 0.875 (0.948)	
Train Epoch-3   Iter-300/706	loss 0.1647 (0.1469)	accu 1.000 (0.947)	
Train Epoch-3   Iter-325/706	loss 0.0194 (0.1504)	accu 1.000 (0.946)	
Train Epoch-3   Iter-350/706	loss 0.7654 (0.1535)	accu 0.750 (0.945)	
Train Epoch-3   Iter-375/706	loss 0.0079 (0.1489)	accu 1.000 (0.947)	
Train Epoch-3   Iter-400/706	loss 0.0065 (0.1461)	accu 1.000 (0.948)	
Train Epoch-3   Iter-425/706	loss 0.0867 (0.1471)	accu 1.000 (0.948)	
Train Epoch-3   Iter-450/706	loss 0.0291 (0.1431)	accu 1.000 (0.950)	
Train Epoch-3   Iter-475/706	loss 0.4429 (0.1450)	accu 0.750 (0.950)	
Train Epoch-3   Iter-500/706	loss 0.0246 (0.1450)	accu 1.000 (0.949)	
Train Epoch-3   Iter-525/706	loss 0.0468 (0.1429)	accu 1.000 (0.950)	
Train Epoch-3   Iter-550/706	loss 0.0435 (0.1442)	accu 1.000 (0.950)	
Train Epoch-3   Iter-575/706	loss 0.0035 (0.1455)	accu 1.000 (0.949)	
Train Epoch-3   Iter-600/706	loss 0.0173 (0.1440)	accu 1.000 (0.949)	
Train Epoch-3   Iter-625/706	loss 0.5459 (0.1442)	accu 0.750 (0.949)	
Train Epoch-3   Iter-650/706	loss 0.0361 (0.1450)	accu 1.000 (0.949)	
Train Epoch-3   Iter-675/706	loss 0.0690 (0.1450)	accu 1.000 (0.949)	
Train Epoch-3   Iter-700/706	loss 0.0370 (0.1432)	accu 1.000 (0.950)	
Eval Epoch-3   Iter-0  /52 	loss 0.8168 (0.8168)	accu 0.750 (0.750)	
Eval Epoch-3   Iter-25 /52 	loss 0.0378 (0.5304)	accu 1.000 (0.740)	
Eval Epoch-3   Iter-50 /52 	loss 1.4755 (0.9165)	accu 0.500 (0.686)	
Epoch-3   Train: loss 0.1439	accu 0.9495	Eval: loss 0.9066	accu 0.6875
Train Epoch-4   Iter-0  /706	loss 0.0317 (0.0317)	accu 1.000 (1.000)	
Train Epoch-4   Iter-25 /706	loss 0.2141 (0.1393)	accu 0.875 (0.952)	
Train Epoch-4   Iter-50 /706	loss 0.1108 (0.1738)	accu 0.875 (0.931)	
Train Epoch-4   Iter-75 /706	loss 0.0377 (0.1739)	accu 1.000 (0.933)	
Train Epoch-4   Iter-100/706	loss 0.0442 (0.1784)	accu 1.000 (0.928)	
Train Epoch-4   Iter-125/706	loss 0.0721 (0.1815)	accu 1.000 (0.932)	
Train Epoch-4   Iter-150/706	loss 0.4949 (0.1904)	accu 0.750 (0.930)	
Train Epoch-4   Iter-175/706	loss 0.3894 (0.1841)	accu 0.875 (0.933)	
Train Epoch-4   Iter-200/706	loss 0.4758 (0.1774)	accu 0.875 (0.935)	
Train Epoch-4   Iter-225/706	loss 0.2560 (0.1923)	accu 0.750 (0.930)	
Train Epoch-4   Iter-250/706	loss 0.0544 (0.1933)	accu 1.000 (0.931)	
Train Epoch-4   Iter-275/706	loss 0.0253 (0.1859)	accu 1.000 (0.933)	
Train Epoch-4   Iter-300/706	loss 0.4808 (0.1808)	accu 0.875 (0.936)	
Train Epoch-4   Iter-325/706	loss 0.0402 (0.1756)	accu 1.000 (0.938)	
Train Epoch-4   Iter-350/706	loss 0.1497 (0.1726)	accu 0.875 (0.939)	
Train Epoch-4   Iter-375/706	loss 0.0890 (0.1726)	accu 1.000 (0.938)	
Train Epoch-4   Iter-400/706	loss 0.1380 (0.1700)	accu 1.000 (0.940)	
Train Epoch-4   Iter-425/706	loss 0.0245 (0.1683)	accu 1.000 (0.941)	
Train Epoch-4   Iter-450/706	loss 0.1851 (0.1646)	accu 0.875 (0.943)	
Train Epoch-4   Iter-475/706	loss 0.0357 (0.1646)	accu 1.000 (0.943)	
Train Epoch-4   Iter-500/706	loss 0.0187 (0.1615)	accu 1.000 (0.944)	
Train Epoch-4   Iter-525/706	loss 0.2062 (0.1612)	accu 0.875 (0.944)	
Train Epoch-4   Iter-550/706	loss 0.0895 (0.1578)	accu 1.000 (0.945)	
Train Epoch-4   Iter-575/706	loss 0.0239 (0.1564)	accu 1.000 (0.946)	
Train Epoch-4   Iter-600/706	loss 0.4823 (0.1573)	accu 0.750 (0.946)	
Train Epoch-4   Iter-625/706	loss 0.5251 (0.1582)	accu 0.750 (0.945)	
Train Epoch-4   Iter-650/706	loss 0.2885 (0.1579)	accu 0.875 (0.945)	
Train Epoch-4   Iter-675/706	loss 0.0704 (0.1585)	accu 1.000 (0.944)	
Train Epoch-4   Iter-700/706	loss 0.0823 (0.1590)	accu 1.000 (0.944)	
Eval Epoch-4   Iter-0  /52 	loss 1.5586 (1.5586)	accu 0.750 (0.750)	
Eval Epoch-4   Iter-25 /52 	loss 0.5043 (1.2138)	accu 0.750 (0.558)	
Eval Epoch-4   Iter-50 /52 	loss 1.0098 (1.1180)	accu 0.750 (0.645)	
Epoch-4   Train: loss 0.1586	accu 0.9434	Eval: loss 1.0976	accu 0.6514
Train Epoch-5   Iter-0  /706	loss 0.2319 (0.2319)	accu 0.875 (0.875)	
Train Epoch-5   Iter-25 /706	loss 0.1869 (0.2023)	accu 1.000 (0.938)	
Train Epoch-5   Iter-50 /706	loss 0.2633 (0.2065)	accu 0.750 (0.929)	
Train Epoch-5   Iter-75 /706	loss 0.0597 (0.1939)	accu 1.000 (0.934)	
Train Epoch-5   Iter-100/706	loss 0.0121 (0.1763)	accu 1.000 (0.939)	
Train Epoch-5   Iter-125/706	loss 0.4370 (0.1694)	accu 0.875 (0.941)	
Train Epoch-5   Iter-150/706	loss 0.0694 (0.1682)	accu 1.000 (0.941)	
Train Epoch-5   Iter-175/706	loss 0.6521 (0.1679)	accu 0.625 (0.940)	
Train Epoch-5   Iter-200/706	loss 0.1928 (0.1690)	accu 0.875 (0.940)	
Train Epoch-5   Iter-225/706	loss 0.0148 (0.1646)	accu 1.000 (0.941)	
Train Epoch-5   Iter-250/706	loss 0.4033 (0.1608)	accu 0.875 (0.943)	
Train Epoch-5   Iter-275/706	loss 0.2161 (0.1588)	accu 0.875 (0.943)	
Train Epoch-5   Iter-300/706	loss 0.0320 (0.1558)	accu 1.000 (0.944)	
Train Epoch-5   Iter-325/706	loss 0.1175 (0.1541)	accu 1.000 (0.944)	
Train Epoch-5   Iter-350/706	loss 0.0819 (0.1532)	accu 1.000 (0.944)	
Train Epoch-5   Iter-375/706	loss 0.0143 (0.1474)	accu 1.000 (0.947)	
Train Epoch-5   Iter-400/706	loss 0.9682 (0.1467)	accu 0.750 (0.948)	
Train Epoch-5   Iter-425/706	loss 0.1364 (0.1482)	accu 1.000 (0.947)	
Train Epoch-5   Iter-450/706	loss 0.0624 (0.1466)	accu 1.000 (0.948)	
Train Epoch-5   Iter-475/706	loss 0.0282 (0.1434)	accu 1.000 (0.950)	
Train Epoch-5   Iter-500/706	loss 0.2894 (0.1402)	accu 0.875 (0.951)	
Train Epoch-5   Iter-525/706	loss 0.0967 (0.1408)	accu 1.000 (0.951)	
Train Epoch-5   Iter-550/706	loss 0.4692 (0.1437)	accu 0.750 (0.950)	
Train Epoch-5   Iter-575/706	loss 0.0279 (0.1436)	accu 1.000 (0.950)	
Train Epoch-5   Iter-600/706	loss 0.1045 (0.1440)	accu 1.000 (0.951)	
Train Epoch-5   Iter-625/706	loss 0.0740 (0.1413)	accu 1.000 (0.952)	
Train Epoch-5   Iter-650/706	loss 0.0107 (0.1419)	accu 1.000 (0.952)	
Train Epoch-5   Iter-675/706	loss 0.0817 (0.1438)	accu 1.000 (0.951)	
Train Epoch-5   Iter-700/706	loss 0.0047 (0.1421)	accu 1.000 (0.951)	
Eval Epoch-5   Iter-0  /52 	loss 1.1952 (1.1952)	accu 0.750 (0.750)	
Eval Epoch-5   Iter-25 /52 	loss 0.0084 (0.3458)	accu 1.000 (0.846)	
Eval Epoch-5   Iter-50 /52 	loss 1.4663 (0.9362)	accu 0.500 (0.718)	
Epoch-5   Train: loss 0.1420	accu 0.9517	Eval: loss 0.9843	accu 0.7043
Train Epoch-6   Iter-0  /706	loss 0.1666 (0.1666)	accu 1.000 (1.000)	
Train Epoch-6   Iter-25 /706	loss 0.2622 (0.1520)	accu 0.875 (0.942)	
Train Epoch-6   Iter-50 /706	loss 0.2720 (0.1350)	accu 0.875 (0.946)	
Train Epoch-6   Iter-75 /706	loss 0.0154 (0.1247)	accu 1.000 (0.956)	
Train Epoch-6   Iter-100/706	loss 0.0144 (0.1174)	accu 1.000 (0.957)	
Train Epoch-6   Iter-125/706	loss 0.0505 (0.1194)	accu 1.000 (0.956)	
Train Epoch-6   Iter-150/706	loss 0.1171 (0.1207)	accu 1.000 (0.956)	
Train Epoch-6   Iter-175/706	loss 0.0073 (0.1198)	accu 1.000 (0.957)	
Train Epoch-6   Iter-200/706	loss 0.0339 (0.1339)	accu 1.000 (0.953)	
Train Epoch-6   Iter-225/706	loss 0.0439 (0.1333)	accu 1.000 (0.953)	
Train Epoch-6   Iter-250/706	loss 0.1734 (0.1318)	accu 0.875 (0.953)	
Train Epoch-6   Iter-275/706	loss 0.0977 (0.1332)	accu 0.875 (0.953)	
Train Epoch-6   Iter-300/706	loss 0.0218 (0.1359)	accu 1.000 (0.952)	
Train Epoch-6   Iter-325/706	loss 0.0255 (0.1380)	accu 1.000 (0.951)	
Train Epoch-6   Iter-350/706	loss 0.0074 (0.1350)	accu 1.000 (0.952)	
Train Epoch-6   Iter-375/706	loss 0.0065 (0.1314)	accu 1.000 (0.952)	
Train Epoch-6   Iter-400/706	loss 0.0171 (0.1313)	accu 1.000 (0.952)	
Train Epoch-6   Iter-425/706	loss 0.0033 (0.1290)	accu 1.000 (0.953)	
Train Epoch-6   Iter-450/706	loss 0.0474 (0.1332)	accu 1.000 (0.952)	
Train Epoch-6   Iter-475/706	loss 0.1521 (0.1333)	accu 0.875 (0.952)	
Train Epoch-6   Iter-500/706	loss 0.3374 (0.1349)	accu 0.875 (0.951)	
Train Epoch-6   Iter-525/706	loss 0.0051 (0.1321)	accu 1.000 (0.952)	
Train Epoch-6   Iter-550/706	loss 0.4328 (0.1342)	accu 0.875 (0.952)	
Train Epoch-6   Iter-575/706	loss 0.0404 (0.1343)	accu 1.000 (0.952)	
Train Epoch-6   Iter-600/706	loss 0.4030 (0.1331)	accu 0.875 (0.952)	
Train Epoch-6   Iter-625/706	loss 0.4536 (0.1319)	accu 0.875 (0.953)	
Train Epoch-6   Iter-650/706	loss 0.3312 (0.1304)	accu 0.750 (0.953)	
Train Epoch-6   Iter-675/706	loss 0.1224 (0.1311)	accu 0.875 (0.953)	
Train Epoch-6   Iter-700/706	loss 0.0130 (0.1295)	accu 1.000 (0.953)	
Eval Epoch-6   Iter-0  /52 	loss 1.0199 (1.0199)	accu 0.750 (0.750)	
Eval Epoch-6   Iter-25 /52 	loss 0.0239 (0.5665)	accu 1.000 (0.808)	
Eval Epoch-6   Iter-50 /52 	loss 0.6402 (0.9515)	accu 0.500 (0.733)	
Epoch-6   Train: loss 0.1289	accu 0.9536	Eval: loss 0.9682	accu 0.7284
Epoch     7: reducing learning rate of group 0 to 3.0000e-05.
Train Epoch-7   Iter-0  /706	loss 0.0055 (0.0055)	accu 1.000 (1.000)	
Train Epoch-7   Iter-25 /706	loss 0.0212 (0.0989)	accu 1.000 (0.962)	
Train Epoch-7   Iter-50 /706	loss 0.1431 (0.0952)	accu 0.875 (0.966)	
Train Epoch-7   Iter-75 /706	loss 0.5859 (0.1190)	accu 0.875 (0.957)	
Train Epoch-7   Iter-100/706	loss 0.0603 (0.1118)	accu 1.000 (0.962)	
Train Epoch-7   Iter-125/706	loss 0.1479 (0.1241)	accu 0.875 (0.959)	
Train Epoch-7   Iter-150/706	loss 0.4382 (0.1138)	accu 0.875 (0.963)	
Train Epoch-7   Iter-175/706	loss 0.0411 (0.1109)	accu 1.000 (0.965)	
Train Epoch-7   Iter-200/706	loss 0.0970 (0.1046)	accu 1.000 (0.968)	
Train Epoch-7   Iter-225/706	loss 0.2071 (0.1055)	accu 0.875 (0.967)	
Train Epoch-7   Iter-250/706	loss 0.0286 (0.1035)	accu 1.000 (0.968)	
Train Epoch-7   Iter-275/706	loss 0.0140 (0.1027)	accu 1.000 (0.968)	
Train Epoch-7   Iter-300/706	loss 0.0223 (0.0980)	accu 1.000 (0.970)	
Train Epoch-7   Iter-325/706	loss 0.0597 (0.1013)	accu 1.000 (0.969)	
Train Epoch-7   Iter-350/706	loss 0.0112 (0.1035)	accu 1.000 (0.967)	
Train Epoch-7   Iter-375/706	loss 0.0099 (0.1031)	accu 1.000 (0.967)	
Train Epoch-7   Iter-400/706	loss 0.0140 (0.1025)	accu 1.000 (0.967)	
Train Epoch-7   Iter-425/706	loss 0.0047 (0.0995)	accu 1.000 (0.968)	
Train Epoch-7   Iter-450/706	loss 0.0088 (0.0978)	accu 1.000 (0.968)	
Train Epoch-7   Iter-475/706	loss 0.0384 (0.0959)	accu 1.000 (0.968)	
Train Epoch-7   Iter-500/706	loss 0.0055 (0.0951)	accu 1.000 (0.969)	
Train Epoch-7   Iter-525/706	loss 0.0239 (0.0944)	accu 1.000 (0.968)	
Train Epoch-7   Iter-550/706	loss 0.1245 (0.0964)	accu 0.875 (0.968)	
Train Epoch-7   Iter-575/706	loss 0.0240 (0.0970)	accu 1.000 (0.967)	
Train Epoch-7   Iter-600/706	loss 0.0652 (0.0987)	accu 1.000 (0.967)	
Train Epoch-7   Iter-625/706	loss 0.0241 (0.0964)	accu 1.000 (0.967)	
Train Epoch-7   Iter-650/706	loss 0.0431 (0.0975)	accu 1.000 (0.966)	
Train Epoch-7   Iter-675/706	loss 0.0408 (0.0960)	accu 1.000 (0.967)	
Train Epoch-7   Iter-700/706	loss 0.0737 (0.0945)	accu 1.000 (0.967)	
Eval Epoch-7   Iter-0  /52 	loss 1.0011 (1.0011)	accu 0.750 (0.750)	
Eval Epoch-7   Iter-25 /52 	loss 0.0174 (0.5609)	accu 1.000 (0.784)	
Eval Epoch-7   Iter-50 /52 	loss 0.6342 (0.9796)	accu 0.875 (0.730)	
Epoch-7   Train: loss 0.0950	accu 0.9672	Eval: loss 0.9965	accu 0.7260
Train Epoch-8   Iter-0  /706	loss 0.2698 (0.2698)	accu 0.875 (0.875)	
Train Epoch-8   Iter-25 /706	loss 0.4928 (0.0678)	accu 0.875 (0.976)	
Train Epoch-8   Iter-50 /706	loss 0.0383 (0.0736)	accu 1.000 (0.975)	
Train Epoch-8   Iter-75 /706	loss 0.4102 (0.0989)	accu 0.875 (0.969)	
Train Epoch-8   Iter-100/706	loss 0.0196 (0.1072)	accu 1.000 (0.965)	
Train Epoch-8   Iter-125/706	loss 0.0099 (0.1074)	accu 1.000 (0.962)	
Train Epoch-8   Iter-150/706	loss 0.0049 (0.1059)	accu 1.000 (0.961)	
Train Epoch-8   Iter-175/706	loss 0.5021 (0.1116)	accu 0.875 (0.960)	
Train Epoch-8   Iter-200/706	loss 0.3959 (0.1107)	accu 0.875 (0.961)	
Train Epoch-8   Iter-225/706	loss 0.0119 (0.1057)	accu 1.000 (0.962)	
Train Epoch-8   Iter-250/706	loss 0.4000 (0.1036)	accu 0.875 (0.964)	
Train Epoch-8   Iter-275/706	loss 0.0171 (0.0974)	accu 1.000 (0.966)	
Train Epoch-8   Iter-300/706	loss 0.0135 (0.0962)	accu 1.000 (0.967)	
Train Epoch-8   Iter-325/706	loss 0.0671 (0.0946)	accu 1.000 (0.968)	
Train Epoch-8   Iter-350/706	loss 0.3429 (0.0993)	accu 0.875 (0.966)	
Train Epoch-8   Iter-375/706	loss 0.0085 (0.0987)	accu 1.000 (0.966)	
Train Epoch-8   Iter-400/706	loss 0.0220 (0.0976)	accu 1.000 (0.966)	
Train Epoch-8   Iter-425/706	loss 0.0045 (0.0963)	accu 1.000 (0.966)	
Train Epoch-8   Iter-450/706	loss 0.0276 (0.0955)	accu 1.000 (0.966)	
Train Epoch-8   Iter-475/706	loss 0.0102 (0.0942)	accu 1.000 (0.967)	
Train Epoch-8   Iter-500/706	loss 0.3508 (0.0939)	accu 0.750 (0.967)	
Train Epoch-8   Iter-525/706	loss 0.0124 (0.0953)	accu 1.000 (0.966)	
Train Epoch-8   Iter-550/706	loss 0.0037 (0.0944)	accu 1.000 (0.967)	
Train Epoch-8   Iter-575/706	loss 0.0080 (0.0920)	accu 1.000 (0.968)	
Train Epoch-8   Iter-600/706	loss 0.1588 (0.0938)	accu 0.875 (0.967)	
Train Epoch-8   Iter-625/706	loss 0.0157 (0.0936)	accu 1.000 (0.968)	
Train Epoch-8   Iter-650/706	loss 0.0719 (0.0919)	accu 1.000 (0.969)	
Train Epoch-8   Iter-675/706	loss 0.3055 (0.0911)	accu 0.875 (0.969)	
Train Epoch-8   Iter-700/706	loss 0.0013 (0.0911)	accu 1.000 (0.968)	
Eval Epoch-8   Iter-0  /52 	loss 0.9048 (0.9048)	accu 0.750 (0.750)	
Eval Epoch-8   Iter-25 /52 	loss 0.0096 (0.4052)	accu 1.000 (0.832)	
Eval Epoch-8   Iter-50 /52 	loss 0.8168 (0.9353)	accu 0.500 (0.725)	
Epoch-8   Train: loss 0.0906	accu 0.9687	Eval: loss 0.9539	accu 0.7212
Train Epoch-9   Iter-0  /706	loss 0.0105 (0.0105)	accu 1.000 (1.000)	
Train Epoch-9   Iter-25 /706	loss 0.0554 (0.0830)	accu 1.000 (0.981)	
Train Epoch-9   Iter-50 /706	loss 0.0253 (0.0824)	accu 1.000 (0.978)	
Train Epoch-9   Iter-75 /706	loss 0.1923 (0.0791)	accu 0.875 (0.975)	
Train Epoch-9   Iter-100/706	loss 0.0043 (0.0756)	accu 1.000 (0.974)	
Train Epoch-9   Iter-125/706	loss 0.4955 (0.0754)	accu 0.625 (0.972)	
Train Epoch-9   Iter-150/706	loss 0.0221 (0.0739)	accu 1.000 (0.972)	
Train Epoch-9   Iter-175/706	loss 0.0037 (0.0769)	accu 1.000 (0.972)	
Train Epoch-9   Iter-200/706	loss 0.0461 (0.0788)	accu 1.000 (0.971)	
Train Epoch-9   Iter-225/706	loss 0.0079 (0.0760)	accu 1.000 (0.972)	
Train Epoch-9   Iter-250/706	loss 0.4770 (0.0773)	accu 0.875 (0.972)	
Train Epoch-9   Iter-275/706	loss 0.0230 (0.0743)	accu 1.000 (0.972)	
Train Epoch-9   Iter-300/706	loss 0.0078 (0.0713)	accu 1.000 (0.974)	
Train Epoch-9   Iter-325/706	loss 0.0135 (0.0727)	accu 1.000 (0.973)	
Train Epoch-9   Iter-350/706	loss 0.0755 (0.0745)	accu 1.000 (0.972)	
Train Epoch-9   Iter-375/706	loss 0.0033 (0.0755)	accu 1.000 (0.972)	
Train Epoch-9   Iter-400/706	loss 0.2337 (0.0761)	accu 0.875 (0.972)	
Train Epoch-9   Iter-425/706	loss 0.0475 (0.0750)	accu 1.000 (0.973)	
Train Epoch-9   Iter-450/706	loss 0.0173 (0.0748)	accu 1.000 (0.973)	
Train Epoch-9   Iter-475/706	loss 0.0665 (0.0786)	accu 1.000 (0.972)	
Train Epoch-9   Iter-500/706	loss 0.0196 (0.0788)	accu 1.000 (0.972)	
Train Epoch-9   Iter-525/706	loss 0.3032 (0.0778)	accu 0.875 (0.972)	
Train Epoch-9   Iter-550/706	loss 0.3290 (0.0790)	accu 0.875 (0.972)	
Train Epoch-9   Iter-575/706	loss 0.0226 (0.0776)	accu 1.000 (0.973)	
Train Epoch-9   Iter-600/706	loss 0.0448 (0.0765)	accu 1.000 (0.973)	
Train Epoch-9   Iter-625/706	loss 0.2907 (0.0798)	accu 0.875 (0.972)	
Train Epoch-9   Iter-650/706	loss 0.0479 (0.0822)	accu 1.000 (0.972)	
Train Epoch-9   Iter-675/706	loss 0.0354 (0.0808)	accu 1.000 (0.972)	
Train Epoch-9   Iter-700/706	loss 0.1218 (0.0809)	accu 1.000 (0.972)	
Eval Epoch-9   Iter-0  /52 	loss 0.7463 (0.7463)	accu 0.750 (0.750)	
Eval Epoch-9   Iter-25 /52 	loss 0.0065 (0.4740)	accu 1.000 (0.793)	
Eval Epoch-9   Iter-50 /52 	loss 0.6554 (0.9481)	accu 0.500 (0.728)	
Epoch-9   Train: loss 0.0809	accu 0.9722	Eval: loss 0.9652	accu 0.7236
Train Epoch-10  Iter-0  /706	loss 0.4028 (0.4028)	accu 0.750 (0.750)	
Train Epoch-10  Iter-25 /706	loss 0.0056 (0.0595)	accu 1.000 (0.971)	
Train Epoch-10  Iter-50 /706	loss 0.1868 (0.0729)	accu 0.875 (0.971)	
Train Epoch-10  Iter-75 /706	loss 0.0133 (0.0730)	accu 1.000 (0.970)	
Train Epoch-10  Iter-100/706	loss 0.0100 (0.0789)	accu 1.000 (0.970)	
Train Epoch-10  Iter-125/706	loss 0.0441 (0.0723)	accu 1.000 (0.973)	
Train Epoch-10  Iter-150/706	loss 0.3763 (0.0719)	accu 0.875 (0.973)	
Train Epoch-10  Iter-175/706	loss 0.0111 (0.0690)	accu 1.000 (0.975)	
Train Epoch-10  Iter-200/706	loss 0.0070 (0.0741)	accu 1.000 (0.975)	
Train Epoch-10  Iter-225/706	loss 0.0023 (0.0753)	accu 1.000 (0.974)	
Train Epoch-10  Iter-250/706	loss 0.0014 (0.0715)	accu 1.000 (0.975)	
Train Epoch-10  Iter-275/706	loss 0.1349 (0.0719)	accu 0.875 (0.974)	
Train Epoch-10  Iter-300/706	loss 0.0011 (0.0708)	accu 1.000 (0.974)	
Train Epoch-10  Iter-325/706	loss 0.1130 (0.0749)	accu 0.875 (0.972)	
Train Epoch-10  Iter-350/706	loss 0.4258 (0.0769)	accu 0.875 (0.971)	
Train Epoch-10  Iter-375/706	loss 0.1968 (0.0772)	accu 0.875 (0.970)	
Train Epoch-10  Iter-400/706	loss 0.2578 (0.0788)	accu 0.875 (0.969)	
Train Epoch-10  Iter-425/706	loss 0.3564 (0.0808)	accu 0.875 (0.968)	
Train Epoch-10  Iter-450/706	loss 0.1894 (0.0811)	accu 0.875 (0.968)	
Train Epoch-10  Iter-475/706	loss 0.0103 (0.0810)	accu 1.000 (0.968)	
Train Epoch-10  Iter-500/706	loss 0.0464 (0.0797)	accu 1.000 (0.969)	
Train Epoch-10  Iter-525/706	loss 0.0170 (0.0805)	accu 1.000 (0.969)	
Train Epoch-10  Iter-550/706	loss 0.0240 (0.0792)	accu 1.000 (0.970)	
Train Epoch-10  Iter-575/706	loss 0.0407 (0.0806)	accu 1.000 (0.970)	
Train Epoch-10  Iter-600/706	loss 0.1947 (0.0787)	accu 0.875 (0.971)	
Train Epoch-10  Iter-625/706	loss 0.0035 (0.0775)	accu 1.000 (0.971)	
Train Epoch-10  Iter-650/706	loss 0.0122 (0.0792)	accu 1.000 (0.970)	
Train Epoch-10  Iter-675/706	loss 0.0100 (0.0790)	accu 1.000 (0.971)	
Train Epoch-10  Iter-700/706	loss 0.0129 (0.0801)	accu 1.000 (0.970)	
Eval Epoch-10  Iter-0  /52 	loss 0.9554 (0.9554)	accu 0.750 (0.750)	
Eval Epoch-10  Iter-25 /52 	loss 0.0021 (0.4614)	accu 1.000 (0.788)	
Eval Epoch-10  Iter-50 /52 	loss 0.8535 (1.0404)	accu 0.500 (0.721)	
Epoch-10  Train: loss 0.0799	accu 0.9701	Eval: loss 1.0585	accu 0.7163
Train Epoch-11  Iter-0  /706	loss 0.0158 (0.0158)	accu 1.000 (1.000)	
Train Epoch-11  Iter-25 /706	loss 0.0274 (0.0556)	accu 1.000 (0.986)	
Train Epoch-11  Iter-50 /706	loss 0.3661 (0.0646)	accu 0.875 (0.980)	
Train Epoch-11  Iter-75 /706	loss 0.0216 (0.0674)	accu 1.000 (0.984)	
Train Epoch-11  Iter-100/706	loss 0.0140 (0.0620)	accu 1.000 (0.984)	
Train Epoch-11  Iter-125/706	loss 0.0165 (0.0611)	accu 1.000 (0.984)	
Train Epoch-11  Iter-150/706	loss 0.0033 (0.0579)	accu 1.000 (0.985)	
Train Epoch-11  Iter-175/706	loss 0.0031 (0.0580)	accu 1.000 (0.984)	
Train Epoch-11  Iter-200/706	loss 0.0006 (0.0570)	accu 1.000 (0.984)	
Train Epoch-11  Iter-225/706	loss 0.0096 (0.0541)	accu 1.000 (0.985)	
Train Epoch-11  Iter-250/706	loss 0.0288 (0.0533)	accu 1.000 (0.986)	
Train Epoch-11  Iter-275/706	loss 0.0393 (0.0575)	accu 1.000 (0.984)	
Train Epoch-11  Iter-300/706	loss 0.0307 (0.0618)	accu 1.000 (0.982)	
Train Epoch-11  Iter-325/706	loss 0.0048 (0.0637)	accu 1.000 (0.981)	
Train Epoch-11  Iter-350/706	loss 0.0167 (0.0668)	accu 1.000 (0.979)	
Train Epoch-11  Iter-375/706	loss 0.0202 (0.0647)	accu 1.000 (0.980)	
Train Epoch-11  Iter-400/706	loss 0.0094 (0.0671)	accu 1.000 (0.978)	
Train Epoch-11  Iter-425/706	loss 0.0656 (0.0701)	accu 1.000 (0.978)	
Train Epoch-11  Iter-450/706	loss 0.1894 (0.0719)	accu 0.875 (0.977)	
Train Epoch-11  Iter-475/706	loss 0.0328 (0.0730)	accu 1.000 (0.976)	
Train Epoch-11  Iter-500/706	loss 0.0057 (0.0731)	accu 1.000 (0.976)	
Train Epoch-11  Iter-525/706	loss 0.1005 (0.0732)	accu 1.000 (0.976)	
Train Epoch-11  Iter-550/706	loss 0.0094 (0.0741)	accu 1.000 (0.975)	
Train Epoch-11  Iter-575/706	loss 0.0559 (0.0742)	accu 1.000 (0.975)	
Train Epoch-11  Iter-600/706	loss 0.2806 (0.0737)	accu 0.875 (0.976)	
Train Epoch-11  Iter-625/706	loss 0.0059 (0.0737)	accu 1.000 (0.975)	
Train Epoch-11  Iter-650/706	loss 0.0969 (0.0726)	accu 0.875 (0.975)	
Train Epoch-11  Iter-675/706	loss 0.0189 (0.0718)	accu 1.000 (0.976)	
Train Epoch-11  Iter-700/706	loss 0.0577 (0.0727)	accu 1.000 (0.976)	
Eval Epoch-11  Iter-0  /52 	loss 0.8609 (0.8609)	accu 0.750 (0.750)	
Eval Epoch-11  Iter-25 /52 	loss 0.0102 (0.5608)	accu 1.000 (0.784)	
Eval Epoch-11  Iter-50 /52 	loss 0.6892 (1.0555)	accu 0.750 (0.728)	
Epoch-11  Train: loss 0.0723	accu 0.9757	Eval: loss 1.0751	accu 0.7236
Train Epoch-12  Iter-0  /706	loss 0.0164 (0.0164)	accu 1.000 (1.000)	
Train Epoch-12  Iter-25 /706	loss 0.0119 (0.0615)	accu 1.000 (0.981)	
Train Epoch-12  Iter-50 /706	loss 0.1131 (0.0660)	accu 0.875 (0.975)	
Train Epoch-12  Iter-75 /706	loss 0.2446 (0.0660)	accu 0.875 (0.975)	
Train Epoch-12  Iter-100/706	loss 0.0013 (0.0724)	accu 1.000 (0.974)	
Train Epoch-12  Iter-125/706	loss 0.0002 (0.0671)	accu 1.000 (0.976)	
Train Epoch-12  Iter-150/706	loss 0.0250 (0.0679)	accu 1.000 (0.976)	
Train Epoch-12  Iter-175/706	loss 0.0165 (0.0690)	accu 1.000 (0.974)	
Train Epoch-12  Iter-200/706	loss 0.0353 (0.0828)	accu 1.000 (0.969)	
Train Epoch-12  Iter-225/706	loss 0.0366 (0.0831)	accu 1.000 (0.968)	
Train Epoch-12  Iter-250/706	loss 0.0301 (0.0796)	accu 1.000 (0.971)	
Train Epoch-12  Iter-275/706	loss 0.0044 (0.0797)	accu 1.000 (0.971)	
Train Epoch-12  Iter-300/706	loss 0.0067 (0.0788)	accu 1.000 (0.972)	
Train Epoch-12  Iter-325/706	loss 0.0054 (0.0792)	accu 1.000 (0.972)	
Train Epoch-12  Iter-350/706	loss 0.0042 (0.0783)	accu 1.000 (0.972)	
Train Epoch-12  Iter-375/706	loss 0.0245 (0.0819)	accu 1.000 (0.970)	
Train Epoch-12  Iter-400/706	loss 0.0108 (0.0816)	accu 1.000 (0.970)	
Train Epoch-12  Iter-425/706	loss 0.1918 (0.0789)	accu 0.875 (0.971)	
Train Epoch-12  Iter-450/706	loss 0.0214 (0.0766)	accu 1.000 (0.972)	
Train Epoch-12  Iter-475/706	loss 0.0088 (0.0759)	accu 1.000 (0.972)	
Train Epoch-12  Iter-500/706	loss 0.0120 (0.0732)	accu 1.000 (0.973)	
Train Epoch-12  Iter-525/706	loss 0.0275 (0.0746)	accu 1.000 (0.972)	
Train Epoch-12  Iter-550/706	loss 0.0501 (0.0733)	accu 1.000 (0.973)	
Train Epoch-12  Iter-575/706	loss 0.0893 (0.0736)	accu 1.000 (0.974)	
Train Epoch-12  Iter-600/706	loss 0.0316 (0.0733)	accu 1.000 (0.973)	
Train Epoch-12  Iter-625/706	loss 0.0352 (0.0735)	accu 1.000 (0.973)	
Train Epoch-12  Iter-650/706	loss 0.0026 (0.0727)	accu 1.000 (0.974)	
Train Epoch-12  Iter-675/706	loss 0.0072 (0.0739)	accu 1.000 (0.973)	
Train Epoch-12  Iter-700/706	loss 0.0375 (0.0732)	accu 1.000 (0.973)	
Eval Epoch-12  Iter-0  /52 	loss 0.9630 (0.9630)	accu 0.750 (0.750)	
Eval Epoch-12  Iter-25 /52 	loss 0.0206 (0.6566)	accu 1.000 (0.769)	
Eval Epoch-12  Iter-50 /52 	loss 0.5966 (1.1030)	accu 0.875 (0.730)	
Epoch-12  Train: loss 0.0728	accu 0.9731	Eval: loss 1.1179	accu 0.7284
Epoch    13: reducing learning rate of group 0 to 3.0000e-06.
Train Epoch-13  Iter-0  /706	loss 0.0097 (0.0097)	accu 1.000 (1.000)	
Train Epoch-13  Iter-25 /706	loss 0.0396 (0.0616)	accu 1.000 (0.966)	
Train Epoch-13  Iter-50 /706	loss 0.0119 (0.0635)	accu 1.000 (0.968)	
Train Epoch-13  Iter-75 /706	loss 0.5041 (0.0620)	accu 0.875 (0.972)	
Train Epoch-13  Iter-100/706	loss 0.0310 (0.0584)	accu 1.000 (0.975)	
Train Epoch-13  Iter-125/706	loss 0.0041 (0.0535)	accu 1.000 (0.977)	
Train Epoch-13  Iter-150/706	loss 0.0445 (0.0535)	accu 1.000 (0.976)	
Train Epoch-13  Iter-175/706	loss 0.0412 (0.0585)	accu 1.000 (0.974)	
Train Epoch-13  Iter-200/706	loss 0.2333 (0.0610)	accu 0.875 (0.973)	
Train Epoch-13  Iter-225/706	loss 0.1959 (0.0596)	accu 0.875 (0.974)	
Train Epoch-13  Iter-250/706	loss 0.2636 (0.0580)	accu 0.875 (0.975)	
Train Epoch-13  Iter-275/706	loss 0.0336 (0.0596)	accu 1.000 (0.976)	
Train Epoch-13  Iter-300/706	loss 0.0216 (0.0581)	accu 1.000 (0.976)	
Train Epoch-13  Iter-325/706	loss 0.1572 (0.0601)	accu 0.875 (0.976)	
Train Epoch-13  Iter-350/706	loss 0.0713 (0.0599)	accu 1.000 (0.976)	
Train Epoch-13  Iter-375/706	loss 0.0064 (0.0581)	accu 1.000 (0.977)	
Train Epoch-13  Iter-400/706	loss 0.0026 (0.0599)	accu 1.000 (0.976)	
Train Epoch-13  Iter-425/706	loss 0.1754 (0.0603)	accu 0.875 (0.976)	
Train Epoch-13  Iter-450/706	loss 0.0994 (0.0637)	accu 1.000 (0.975)	
Train Epoch-13  Iter-475/706	loss 0.0075 (0.0662)	accu 1.000 (0.973)	
Train Epoch-13  Iter-500/706	loss 0.0841 (0.0660)	accu 1.000 (0.973)	
Train Epoch-13  Iter-525/706	loss 0.0851 (0.0666)	accu 1.000 (0.973)	
Train Epoch-13  Iter-550/706	loss 0.0135 (0.0660)	accu 1.000 (0.973)	
Train Epoch-13  Iter-575/706	loss 0.0007 (0.0654)	accu 1.000 (0.974)	
Train Epoch-13  Iter-600/706	loss 0.0142 (0.0661)	accu 1.000 (0.973)	
Train Epoch-13  Iter-625/706	loss 0.0108 (0.0665)	accu 1.000 (0.973)	
Train Epoch-13  Iter-650/706	loss 0.0141 (0.0664)	accu 1.000 (0.973)	
Train Epoch-13  Iter-675/706	loss 0.1109 (0.0655)	accu 0.875 (0.973)	
Train Epoch-13  Iter-700/706	loss 0.0415 (0.0658)	accu 1.000 (0.973)	
Eval Epoch-13  Iter-0  /52 	loss 0.9037 (0.9037)	accu 0.750 (0.750)	
Eval Epoch-13  Iter-25 /52 	loss 0.0102 (0.5962)	accu 1.000 (0.798)	
Eval Epoch-13  Iter-50 /52 	loss 0.7301 (1.1264)	accu 0.875 (0.738)	
Epoch-13  Train: loss 0.0655	accu 0.9734	Eval: loss 1.1480	accu 0.7356
Train Epoch-14  Iter-0  /706	loss 0.0106 (0.0106)	accu 1.000 (1.000)	
Train Epoch-14  Iter-25 /706	loss 0.0013 (0.0412)	accu 1.000 (0.981)	
Train Epoch-14  Iter-50 /706	loss 0.3920 (0.0487)	accu 0.750 (0.978)	
Train Epoch-14  Iter-75 /706	loss 0.0379 (0.0579)	accu 1.000 (0.975)	
Train Epoch-14  Iter-100/706	loss 0.0040 (0.0625)	accu 1.000 (0.973)	
Train Epoch-14  Iter-125/706	loss 0.0144 (0.0654)	accu 1.000 (0.973)	
Train Epoch-14  Iter-150/706	loss 0.5149 (0.0667)	accu 0.875 (0.974)	
Train Epoch-14  Iter-175/706	loss 0.0019 (0.0641)	accu 1.000 (0.974)	
Train Epoch-14  Iter-200/706	loss 0.0220 (0.0633)	accu 1.000 (0.975)	
Train Epoch-14  Iter-225/706	loss 0.0469 (0.0636)	accu 1.000 (0.976)	
Train Epoch-14  Iter-250/706	loss 0.2057 (0.0692)	accu 0.875 (0.974)	
Train Epoch-14  Iter-275/706	loss 0.0021 (0.0668)	accu 1.000 (0.975)	
Train Epoch-14  Iter-300/706	loss 0.0099 (0.0682)	accu 1.000 (0.975)	
Train Epoch-14  Iter-325/706	loss 0.0198 (0.0673)	accu 1.000 (0.975)	
Train Epoch-14  Iter-350/706	loss 0.0279 (0.0668)	accu 1.000 (0.976)	
Train Epoch-14  Iter-375/706	loss 0.0223 (0.0655)	accu 1.000 (0.977)	
Train Epoch-14  Iter-400/706	loss 0.0181 (0.0666)	accu 1.000 (0.976)	
Train Epoch-14  Iter-425/706	loss 0.0044 (0.0697)	accu 1.000 (0.975)	
Train Epoch-14  Iter-450/706	loss 0.0213 (0.0709)	accu 1.000 (0.975)	
Train Epoch-14  Iter-475/706	loss 0.0936 (0.0707)	accu 1.000 (0.975)	
Train Epoch-14  Iter-500/706	loss 0.0438 (0.0713)	accu 1.000 (0.975)	
Train Epoch-14  Iter-525/706	loss 0.3339 (0.0716)	accu 0.875 (0.975)	
Train Epoch-14  Iter-550/706	loss 0.1070 (0.0711)	accu 0.875 (0.975)	
Train Epoch-14  Iter-575/706	loss 0.0428 (0.0712)	accu 1.000 (0.974)	
Train Epoch-14  Iter-600/706	loss 0.0074 (0.0712)	accu 1.000 (0.974)	
Train Epoch-14  Iter-625/706	loss 0.0048 (0.0710)	accu 1.000 (0.974)	
Train Epoch-14  Iter-650/706	loss 0.0183 (0.0705)	accu 1.000 (0.974)	
Train Epoch-14  Iter-675/706	loss 0.0142 (0.0700)	accu 1.000 (0.975)	
Train Epoch-14  Iter-700/706	loss 0.0179 (0.0717)	accu 1.000 (0.974)	
Eval Epoch-14  Iter-0  /52 	loss 0.9189 (0.9189)	accu 0.750 (0.750)	
Eval Epoch-14  Iter-25 /52 	loss 0.0142 (0.6173)	accu 1.000 (0.788)	
Eval Epoch-14  Iter-50 /52 	loss 0.6456 (1.1077)	accu 0.875 (0.735)	
Epoch-14  Train: loss 0.0715	accu 0.9742	Eval: loss 1.1263	accu 0.7332
Train Epoch-15  Iter-0  /706	loss 0.0040 (0.0040)	accu 1.000 (1.000)	
Train Epoch-15  Iter-25 /706	loss 0.0587 (0.0667)	accu 1.000 (0.971)	
Train Epoch-15  Iter-50 /706	loss 0.0110 (0.0797)	accu 1.000 (0.968)	
Train Epoch-15  Iter-75 /706	loss 0.0034 (0.0722)	accu 1.000 (0.975)	
Train Epoch-15  Iter-100/706	loss 0.0241 (0.0652)	accu 1.000 (0.979)	
Train Epoch-15  Iter-125/706	loss 0.0012 (0.0652)	accu 1.000 (0.979)	
Train Epoch-15  Iter-150/706	loss 0.0004 (0.0633)	accu 1.000 (0.980)	
Train Epoch-15  Iter-175/706	loss 0.3012 (0.0633)	accu 0.875 (0.979)	
Train Epoch-15  Iter-200/706	loss 0.0239 (0.0683)	accu 1.000 (0.977)	
Train Epoch-15  Iter-225/706	loss 0.2779 (0.0672)	accu 0.875 (0.977)	
Train Epoch-15  Iter-250/706	loss 0.0171 (0.0718)	accu 1.000 (0.974)	
Train Epoch-15  Iter-275/706	loss 0.0114 (0.0717)	accu 1.000 (0.974)	
Train Epoch-15  Iter-300/706	loss 0.0177 (0.0718)	accu 1.000 (0.974)	
Train Epoch-15  Iter-325/706	loss 0.0208 (0.0706)	accu 1.000 (0.974)	
Train Epoch-15  Iter-350/706	loss 0.0291 (0.0724)	accu 1.000 (0.974)	
Train Epoch-15  Iter-375/706	loss 0.0010 (0.0707)	accu 1.000 (0.974)	
Train Epoch-15  Iter-400/706	loss 0.2384 (0.0749)	accu 0.875 (0.974)	
Train Epoch-15  Iter-425/706	loss 0.2174 (0.0742)	accu 0.875 (0.974)	
Train Epoch-15  Iter-450/706	loss 0.0234 (0.0737)	accu 1.000 (0.974)	
Train Epoch-15  Iter-475/706	loss 0.1707 (0.0726)	accu 0.875 (0.974)	
Train Epoch-15  Iter-500/706	loss 0.0003 (0.0712)	accu 1.000 (0.974)	
Train Epoch-15  Iter-525/706	loss 0.0143 (0.0716)	accu 1.000 (0.974)	
Train Epoch-15  Iter-550/706	loss 0.0221 (0.0714)	accu 1.000 (0.974)	
Train Epoch-15  Iter-575/706	loss 0.0140 (0.0740)	accu 1.000 (0.973)	
Train Epoch-15  Iter-600/706	loss 0.2477 (0.0749)	accu 0.875 (0.973)	
Train Epoch-15  Iter-625/706	loss 0.0108 (0.0737)	accu 1.000 (0.973)	
Train Epoch-15  Iter-650/706	loss 0.0060 (0.0729)	accu 1.000 (0.974)	
Train Epoch-15  Iter-675/706	loss 0.0210 (0.0736)	accu 1.000 (0.973)	
Train Epoch-15  Iter-700/706	loss 0.0038 (0.0724)	accu 1.000 (0.974)	
Eval Epoch-15  Iter-0  /52 	loss 0.8915 (0.8915)	accu 0.750 (0.750)	
Eval Epoch-15  Iter-25 /52 	loss 0.0211 (0.6021)	accu 1.000 (0.788)	
Eval Epoch-15  Iter-50 /52 	loss 0.6035 (1.0682)	accu 0.875 (0.735)	
Epoch-15  Train: loss 0.0725	accu 0.9740	Eval: loss 1.0840	accu 0.7332
Train Epoch-16  Iter-0  /706	loss 0.0264 (0.0264)	accu 1.000 (1.000)	
Train Epoch-16  Iter-25 /706	loss 0.6309 (0.0571)	accu 0.875 (0.986)	
Train Epoch-16  Iter-50 /706	loss 0.8671 (0.0696)	accu 0.625 (0.975)	
Train Epoch-16  Iter-75 /706	loss 0.0100 (0.0681)	accu 1.000 (0.977)	
Train Epoch-16  Iter-100/706	loss 0.1090 (0.0681)	accu 1.000 (0.976)	
Train Epoch-16  Iter-125/706	loss 0.0059 (0.0666)	accu 1.000 (0.979)	
Train Epoch-16  Iter-150/706	loss 0.0184 (0.0645)	accu 1.000 (0.978)	
Train Epoch-16  Iter-175/706	loss 0.0002 (0.0618)	accu 1.000 (0.979)	
Train Epoch-16  Iter-200/706	loss 0.0044 (0.0661)	accu 1.000 (0.978)	
Train Epoch-16  Iter-225/706	loss 0.0376 (0.0676)	accu 1.000 (0.976)	
Train Epoch-16  Iter-250/706	loss 0.0195 (0.0658)	accu 1.000 (0.976)	
Train Epoch-16  Iter-275/706	loss 0.0874 (0.0658)	accu 1.000 (0.976)	
Train Epoch-16  Iter-300/706	loss 0.1251 (0.0646)	accu 0.875 (0.976)	
Train Epoch-16  Iter-325/706	loss 0.0186 (0.0675)	accu 1.000 (0.975)	
Train Epoch-16  Iter-350/706	loss 0.0340 (0.0666)	accu 1.000 (0.975)	
Train Epoch-16  Iter-375/706	loss 0.0286 (0.0661)	accu 1.000 (0.975)	
Train Epoch-16  Iter-400/706	loss 0.0024 (0.0654)	accu 1.000 (0.976)	
Train Epoch-16  Iter-425/706	loss 0.1290 (0.0644)	accu 0.875 (0.976)	
Train Epoch-16  Iter-450/706	loss 0.0247 (0.0663)	accu 1.000 (0.976)	
Train Epoch-16  Iter-475/706	loss 0.1759 (0.0665)	accu 0.875 (0.975)	
Train Epoch-16  Iter-500/706	loss 0.0343 (0.0666)	accu 1.000 (0.976)	
Train Epoch-16  Iter-525/706	loss 0.0121 (0.0662)	accu 1.000 (0.976)	
Train Epoch-16  Iter-550/706	loss 0.0113 (0.0683)	accu 1.000 (0.975)	
Train Epoch-16  Iter-575/706	loss 0.1096 (0.0692)	accu 1.000 (0.974)	
Train Epoch-16  Iter-600/706	loss 0.2884 (0.0710)	accu 0.875 (0.974)	
Train Epoch-16  Iter-625/706	loss 0.0465 (0.0696)	accu 1.000 (0.975)	
Train Epoch-16  Iter-650/706	loss 0.0356 (0.0695)	accu 1.000 (0.975)	
Train Epoch-16  Iter-675/706	loss 0.0016 (0.0693)	accu 1.000 (0.975)	
Train Epoch-16  Iter-700/706	loss 0.0006 (0.0694)	accu 1.000 (0.975)	
Eval Epoch-16  Iter-0  /52 	loss 0.8320 (0.8320)	accu 0.750 (0.750)	
Eval Epoch-16  Iter-25 /52 	loss 0.0160 (0.5516)	accu 1.000 (0.803)	
Eval Epoch-16  Iter-50 /52 	loss 0.6671 (1.0620)	accu 0.875 (0.738)	
Epoch-16  Train: loss 0.0695	accu 0.9750	Eval: loss 1.0787	accu 0.7356
Train Epoch-17  Iter-0  /706	loss 0.0235 (0.0235)	accu 1.000 (1.000)	
Train Epoch-17  Iter-25 /706	loss 0.0164 (0.0450)	accu 1.000 (0.986)	
Train Epoch-17  Iter-50 /706	loss 0.0059 (0.0502)	accu 1.000 (0.980)	
Train Epoch-17  Iter-75 /706	loss 0.2871 (0.0575)	accu 0.875 (0.982)	
Train Epoch-17  Iter-100/706	loss 0.0037 (0.0543)	accu 1.000 (0.981)	
Train Epoch-17  Iter-125/706	loss 0.0009 (0.0620)	accu 1.000 (0.979)	
Train Epoch-17  Iter-150/706	loss 0.1150 (0.0592)	accu 0.875 (0.979)	
Train Epoch-17  Iter-175/706	loss 0.2030 (0.0570)	accu 0.750 (0.979)	
Train Epoch-17  Iter-200/706	loss 0.0224 (0.0590)	accu 1.000 (0.979)	
Train Epoch-17  Iter-225/706	loss 0.0135 (0.0632)	accu 1.000 (0.977)	
Train Epoch-17  Iter-250/706	loss 0.0047 (0.0612)	accu 1.000 (0.978)	
Train Epoch-17  Iter-275/706	loss 0.0065 (0.0613)	accu 1.000 (0.978)	
Train Epoch-17  Iter-300/706	loss 0.0234 (0.0615)	accu 1.000 (0.978)	
Train Epoch-17  Iter-325/706	loss 0.0935 (0.0608)	accu 1.000 (0.977)	
Train Epoch-17  Iter-350/706	loss 0.0235 (0.0608)	accu 1.000 (0.977)	
Train Epoch-17  Iter-375/706	loss 0.0036 (0.0611)	accu 1.000 (0.977)	
Train Epoch-17  Iter-400/706	loss 0.0482 (0.0615)	accu 1.000 (0.977)	
Train Epoch-17  Iter-425/706	loss 0.0011 (0.0611)	accu 1.000 (0.977)	
Train Epoch-17  Iter-450/706	loss 0.0148 (0.0609)	accu 1.000 (0.977)	
Train Epoch-17  Iter-475/706	loss 0.0284 (0.0622)	accu 1.000 (0.977)	
Train Epoch-17  Iter-500/706	loss 0.0926 (0.0621)	accu 1.000 (0.977)	
Train Epoch-17  Iter-525/706	loss 0.0317 (0.0612)	accu 1.000 (0.977)	
Train Epoch-17  Iter-550/706	loss 0.1933 (0.0618)	accu 0.875 (0.977)	
Train Epoch-17  Iter-575/706	loss 0.0543 (0.0613)	accu 1.000 (0.977)	
Train Epoch-17  Iter-600/706	loss 0.0159 (0.0646)	accu 1.000 (0.977)	
Train Epoch-17  Iter-625/706	loss 0.0379 (0.0644)	accu 1.000 (0.977)	
Train Epoch-17  Iter-650/706	loss 0.0339 (0.0641)	accu 1.000 (0.977)	
Train Epoch-17  Iter-675/706	loss 1.1133 (0.0652)	accu 0.875 (0.977)	
Train Epoch-17  Iter-700/706	loss 0.0287 (0.0648)	accu 1.000 (0.978)	
Eval Epoch-17  Iter-0  /52 	loss 0.8640 (0.8640)	accu 0.750 (0.750)	
Eval Epoch-17  Iter-25 /52 	loss 0.0144 (0.5763)	accu 1.000 (0.798)	
Eval Epoch-17  Iter-50 /52 	loss 0.6531 (1.0891)	accu 0.875 (0.735)	
Epoch-17  Train: loss 0.0649	accu 0.9775	Eval: loss 1.1056	accu 0.7332
Train Epoch-18  Iter-0  /706	loss 0.0241 (0.0241)	accu 1.000 (1.000)	
Train Epoch-18  Iter-25 /706	loss 0.0430 (0.0894)	accu 1.000 (0.962)	
Train Epoch-18  Iter-50 /706	loss 0.0007 (0.0811)	accu 1.000 (0.968)	
Train Epoch-18  Iter-75 /706	loss 0.0008 (0.0827)	accu 1.000 (0.969)	
Train Epoch-18  Iter-100/706	loss 0.0089 (0.0822)	accu 1.000 (0.968)	
Train Epoch-18  Iter-125/706	loss 0.0004 (0.0798)	accu 1.000 (0.969)	
Train Epoch-18  Iter-150/706	loss 0.1665 (0.0766)	accu 0.875 (0.971)	
Train Epoch-18  Iter-175/706	loss 0.0099 (0.0762)	accu 1.000 (0.972)	
Train Epoch-18  Iter-200/706	loss 0.0521 (0.0725)	accu 1.000 (0.974)	
Train Epoch-18  Iter-225/706	loss 0.6650 (0.0724)	accu 0.875 (0.974)	
Train Epoch-18  Iter-250/706	loss 0.1625 (0.0708)	accu 1.000 (0.975)	
Train Epoch-18  Iter-275/706	loss 0.0249 (0.0726)	accu 1.000 (0.975)	
Train Epoch-18  Iter-300/706	loss 0.0001 (0.0692)	accu 1.000 (0.976)	
Train Epoch-18  Iter-325/706	loss 0.0012 (0.0661)	accu 1.000 (0.977)	
Train Epoch-18  Iter-350/706	loss 0.0002 (0.0641)	accu 1.000 (0.978)	
Train Epoch-18  Iter-375/706	loss 0.0868 (0.0630)	accu 1.000 (0.978)	
Train Epoch-18  Iter-400/706	loss 0.0130 (0.0644)	accu 1.000 (0.978)	
Train Epoch-18  Iter-425/706	loss 0.1101 (0.0625)	accu 1.000 (0.979)	
Train Epoch-18  Iter-450/706	loss 0.1338 (0.0635)	accu 1.000 (0.979)	
Train Epoch-18  Iter-475/706	loss 0.0659 (0.0617)	accu 1.000 (0.980)	
Train Epoch-18  Iter-500/706	loss 0.4849 (0.0608)	accu 0.750 (0.980)	
Train Epoch-18  Iter-525/706	loss 0.0179 (0.0595)	accu 1.000 (0.980)	
Train Epoch-18  Iter-550/706	loss 0.3534 (0.0597)	accu 0.750 (0.980)	
Train Epoch-18  Iter-575/706	loss 0.0440 (0.0596)	accu 1.000 (0.980)	
Train Epoch-18  Iter-600/706	loss 0.0474 (0.0603)	accu 1.000 (0.979)	
Train Epoch-18  Iter-625/706	loss 0.0065 (0.0620)	accu 1.000 (0.978)	
Train Epoch-18  Iter-650/706	loss 0.0002 (0.0612)	accu 1.000 (0.979)	
Train Epoch-18  Iter-675/706	loss 0.2208 (0.0623)	accu 0.875 (0.978)	
Train Epoch-18  Iter-700/706	loss 0.0335 (0.0637)	accu 1.000 (0.977)	
Eval Epoch-18  Iter-0  /52 	loss 0.8476 (0.8476)	accu 0.750 (0.750)	
Eval Epoch-18  Iter-25 /52 	loss 0.0087 (0.5660)	accu 1.000 (0.808)	
Eval Epoch-18  Iter-50 /52 	loss 0.7368 (1.1260)	accu 0.625 (0.733)	
Epoch-18  Train: loss 0.0641	accu 0.9772	Eval: loss 1.1468	accu 0.7308
Epoch    19: reducing learning rate of group 0 to 3.0000e-07.
Train Epoch-19  Iter-0  /706	loss 0.0255 (0.0255)	accu 1.000 (1.000)	
Train Epoch-19  Iter-25 /706	loss 0.1957 (0.0980)	accu 0.875 (0.966)	
Train Epoch-19  Iter-50 /706	loss 0.0023 (0.0638)	accu 1.000 (0.980)	
Train Epoch-19  Iter-75 /706	loss 0.3383 (0.0550)	accu 0.875 (0.984)	
Train Epoch-19  Iter-100/706	loss 0.0154 (0.0577)	accu 1.000 (0.983)	
Train Epoch-19  Iter-125/706	loss 0.0054 (0.0520)	accu 1.000 (0.986)	
Train Epoch-19  Iter-150/706	loss 0.0423 (0.0549)	accu 1.000 (0.984)	
Train Epoch-19  Iter-175/706	loss 0.0445 (0.0552)	accu 1.000 (0.985)	
Train Epoch-19  Iter-200/706	loss 0.0283 (0.0544)	accu 1.000 (0.985)	
Train Epoch-19  Iter-225/706	loss 0.1002 (0.0540)	accu 0.875 (0.984)	
Train Epoch-19  Iter-250/706	loss 0.1010 (0.0608)	accu 0.875 (0.981)	
Train Epoch-19  Iter-275/706	loss 0.0031 (0.0575)	accu 1.000 (0.981)	
Train Epoch-19  Iter-300/706	loss 0.0160 (0.0573)	accu 1.000 (0.981)	
Train Epoch-19  Iter-325/706	loss 0.0039 (0.0599)	accu 1.000 (0.979)	
Train Epoch-19  Iter-350/706	loss 0.0062 (0.0612)	accu 1.000 (0.979)	
Train Epoch-19  Iter-375/706	loss 0.0515 (0.0622)	accu 1.000 (0.979)	
Train Epoch-19  Iter-400/706	loss 0.0194 (0.0622)	accu 1.000 (0.978)	
Train Epoch-19  Iter-425/706	loss 0.0032 (0.0630)	accu 1.000 (0.978)	
Train Epoch-19  Iter-450/706	loss 0.0174 (0.0626)	accu 1.000 (0.978)	
Train Epoch-19  Iter-475/706	loss 0.0801 (0.0615)	accu 1.000 (0.978)	
Train Epoch-19  Iter-500/706	loss 0.0515 (0.0625)	accu 1.000 (0.978)	
Train Epoch-19  Iter-525/706	loss 0.0003 (0.0626)	accu 1.000 (0.978)	
Train Epoch-19  Iter-550/706	loss 0.0238 (0.0629)	accu 1.000 (0.978)	
Train Epoch-19  Iter-575/706	loss 0.0113 (0.0616)	accu 1.000 (0.979)	
Train Epoch-19  Iter-600/706	loss 0.0872 (0.0627)	accu 1.000 (0.978)	
Train Epoch-19  Iter-625/706	loss 0.1524 (0.0625)	accu 0.875 (0.978)	
Train Epoch-19  Iter-650/706	loss 0.0198 (0.0633)	accu 1.000 (0.977)	
Train Epoch-19  Iter-675/706	loss 0.0067 (0.0635)	accu 1.000 (0.977)	
Train Epoch-19  Iter-700/706	loss 0.3297 (0.0635)	accu 0.875 (0.977)	
Eval Epoch-19  Iter-0  /52 	loss 0.8555 (0.8555)	accu 0.750 (0.750)	
Eval Epoch-19  Iter-25 /52 	loss 0.0088 (0.5717)	accu 1.000 (0.803)	
Eval Epoch-19  Iter-50 /52 	loss 0.7316 (1.1293)	accu 0.750 (0.733)	
Epoch-19  Train: loss 0.0634	accu 0.9770	Eval: loss 1.1499	accu 0.7308
Train Epoch-20  Iter-0  /706	loss 0.0037 (0.0037)	accu 1.000 (1.000)	
Train Epoch-20  Iter-25 /706	loss 0.0022 (0.0691)	accu 1.000 (0.966)	
Train Epoch-20  Iter-50 /706	loss 0.0038 (0.0749)	accu 1.000 (0.968)	
Train Epoch-20  Iter-75 /706	loss 0.0281 (0.0661)	accu 1.000 (0.975)	
Train Epoch-20  Iter-100/706	loss 0.2969 (0.0662)	accu 0.875 (0.976)	
Train Epoch-20  Iter-125/706	loss 0.0140 (0.0642)	accu 1.000 (0.976)	
Train Epoch-20  Iter-150/706	loss 0.0373 (0.0633)	accu 1.000 (0.977)	
Train Epoch-20  Iter-175/706	loss 0.0332 (0.0628)	accu 1.000 (0.976)	
Train Epoch-20  Iter-200/706	loss 0.1654 (0.0649)	accu 1.000 (0.975)	
Train Epoch-20  Iter-225/706	loss 0.0179 (0.0613)	accu 1.000 (0.976)	
Train Epoch-20  Iter-250/706	loss 0.0186 (0.0621)	accu 1.000 (0.976)	
Train Epoch-20  Iter-275/706	loss 0.0495 (0.0631)	accu 1.000 (0.976)	
Train Epoch-20  Iter-300/706	loss 0.0130 (0.0624)	accu 1.000 (0.976)	
Train Epoch-20  Iter-325/706	loss 0.0030 (0.0621)	accu 1.000 (0.976)	
Train Epoch-20  Iter-350/706	loss 0.0762 (0.0630)	accu 1.000 (0.976)	
Train Epoch-20  Iter-375/706	loss 0.0001 (0.0648)	accu 1.000 (0.975)	
Train Epoch-20  Iter-400/706	loss 0.0118 (0.0629)	accu 1.000 (0.976)	
Train Epoch-20  Iter-425/706	loss 0.1697 (0.0635)	accu 0.875 (0.975)	
Train Epoch-20  Iter-450/706	loss 0.0005 (0.0654)	accu 1.000 (0.975)	
Train Epoch-20  Iter-475/706	loss 0.1451 (0.0669)	accu 0.875 (0.974)	
Train Epoch-20  Iter-500/706	loss 0.0127 (0.0649)	accu 1.000 (0.975)	
Train Epoch-20  Iter-525/706	loss 0.0330 (0.0654)	accu 1.000 (0.975)	
Train Epoch-20  Iter-550/706	loss 0.0174 (0.0652)	accu 1.000 (0.975)	
Train Epoch-20  Iter-575/706	loss 0.2846 (0.0651)	accu 0.875 (0.976)	
Train Epoch-20  Iter-600/706	loss 0.0012 (0.0659)	accu 1.000 (0.976)	
Train Epoch-20  Iter-625/706	loss 0.0005 (0.0652)	accu 1.000 (0.976)	
Train Epoch-20  Iter-650/706	loss 0.0048 (0.0638)	accu 1.000 (0.977)	
Train Epoch-20  Iter-675/706	loss 0.0349 (0.0649)	accu 1.000 (0.977)	
Train Epoch-20  Iter-700/706	loss 0.0002 (0.0645)	accu 1.000 (0.977)	
Eval Epoch-20  Iter-0  /52 	loss 0.8691 (0.8691)	accu 0.750 (0.750)	
Eval Epoch-20  Iter-25 /52 	loss 0.0095 (0.5849)	accu 1.000 (0.798)	
Eval Epoch-20  Iter-50 /52 	loss 0.7077 (1.1308)	accu 0.875 (0.733)	
Epoch-20  Train: loss 0.0644	accu 0.9768	Eval: loss 1.1504	accu 0.7308
Train Epoch-21  Iter-0  /706	loss 0.0545 (0.0545)	accu 1.000 (1.000)	
Train Epoch-21  Iter-25 /706	loss 0.0090 (0.0750)	accu 1.000 (0.981)	
Train Epoch-21  Iter-50 /706	loss 0.0027 (0.0805)	accu 1.000 (0.975)	
Train Epoch-21  Iter-75 /706	loss 0.0270 (0.0740)	accu 1.000 (0.979)	
Train Epoch-21  Iter-100/706	loss 0.0004 (0.0687)	accu 1.000 (0.979)	
Train Epoch-21  Iter-125/706	loss 0.0148 (0.0703)	accu 1.000 (0.978)	
Train Epoch-21  Iter-150/706	loss 0.1970 (0.0740)	accu 0.875 (0.975)	
Train Epoch-21  Iter-175/706	loss 0.0505 (0.0762)	accu 1.000 (0.974)	
Train Epoch-21  Iter-200/706	loss 0.0642 (0.0719)	accu 1.000 (0.975)	
Train Epoch-21  Iter-225/706	loss 0.0463 (0.0711)	accu 1.000 (0.976)	
Train Epoch-21  Iter-250/706	loss 0.0026 (0.0720)	accu 1.000 (0.975)	
Train Epoch-21  Iter-275/706	loss 0.0332 (0.0724)	accu 1.000 (0.974)	
Train Epoch-21  Iter-300/706	loss 0.0267 (0.0697)	accu 1.000 (0.975)	
Train Epoch-21  Iter-325/706	loss 0.4280 (0.0676)	accu 0.875 (0.976)	
Train Epoch-21  Iter-350/706	loss 0.0010 (0.0684)	accu 1.000 (0.976)	
Train Epoch-21  Iter-375/706	loss 0.0150 (0.0672)	accu 1.000 (0.976)	
Train Epoch-21  Iter-400/706	loss 0.1332 (0.0681)	accu 0.875 (0.975)	
Train Epoch-21  Iter-425/706	loss 0.0056 (0.0661)	accu 1.000 (0.976)	
Train Epoch-21  Iter-450/706	loss 0.0047 (0.0667)	accu 1.000 (0.976)	
Train Epoch-21  Iter-475/706	loss 0.0111 (0.0651)	accu 1.000 (0.976)	
Train Epoch-21  Iter-500/706	loss 0.0043 (0.0663)	accu 1.000 (0.976)	
Train Epoch-21  Iter-525/706	loss 0.0077 (0.0650)	accu 1.000 (0.976)	
Train Epoch-21  Iter-550/706	loss 0.0058 (0.0653)	accu 1.000 (0.976)	
Train Epoch-21  Iter-575/706	loss 0.0002 (0.0645)	accu 1.000 (0.977)	
Train Epoch-21  Iter-600/706	loss 0.0013 (0.0649)	accu 1.000 (0.976)	
Train Epoch-21  Iter-625/706	loss 0.0162 (0.0641)	accu 1.000 (0.977)	
Train Epoch-21  Iter-650/706	loss 0.0062 (0.0652)	accu 1.000 (0.977)	
Train Epoch-21  Iter-675/706	loss 0.0196 (0.0652)	accu 1.000 (0.977)	
Train Epoch-21  Iter-700/706	loss 0.0064 (0.0642)	accu 1.000 (0.977)	
Eval Epoch-21  Iter-0  /52 	loss 0.8746 (0.8746)	accu 0.750 (0.750)	
Eval Epoch-21  Iter-25 /52 	loss 0.0097 (0.5891)	accu 1.000 (0.798)	
Eval Epoch-21  Iter-50 /52 	loss 0.7039 (1.1332)	accu 0.875 (0.733)	
Epoch-21  Train: loss 0.0639	accu 0.9770	Eval: loss 1.1527	accu 0.7308
Train Epoch-22  Iter-0  /706	loss 0.0273 (0.0273)	accu 1.000 (1.000)	
Train Epoch-22  Iter-25 /706	loss 0.0011 (0.0350)	accu 1.000 (0.995)	
Train Epoch-22  Iter-50 /706	loss 0.1841 (0.0382)	accu 0.875 (0.993)	
Train Epoch-22  Iter-75 /706	loss 0.1871 (0.0560)	accu 0.875 (0.982)	
Train Epoch-22  Iter-100/706	loss 0.5256 (0.0633)	accu 0.750 (0.978)	
Train Epoch-22  Iter-125/706	loss 0.0013 (0.0607)	accu 1.000 (0.979)	
Train Epoch-22  Iter-150/706	loss 0.0351 (0.0688)	accu 1.000 (0.975)	
Train Epoch-22  Iter-175/706	loss 0.0004 (0.0690)	accu 1.000 (0.974)	
Train Epoch-22  Iter-200/706	loss 0.0368 (0.0713)	accu 1.000 (0.975)	
Train Epoch-22  Iter-225/706	loss 0.0543 (0.0666)	accu 1.000 (0.977)	
Train Epoch-22  Iter-250/706	loss 0.0769 (0.0660)	accu 1.000 (0.978)	
Train Epoch-22  Iter-275/706	loss 0.0943 (0.0651)	accu 0.875 (0.977)	
Train Epoch-22  Iter-300/706	loss 0.0611 (0.0639)	accu 1.000 (0.978)	
Train Epoch-22  Iter-325/706	loss 0.0005 (0.0629)	accu 1.000 (0.978)	
Train Epoch-22  Iter-350/706	loss 0.0010 (0.0620)	accu 1.000 (0.979)	
Train Epoch-22  Iter-375/706	loss 0.0018 (0.0631)	accu 1.000 (0.978)	
Train Epoch-22  Iter-400/706	loss 0.3310 (0.0662)	accu 0.875 (0.977)	
Train Epoch-22  Iter-425/706	loss 0.1569 (0.0657)	accu 0.875 (0.977)	
Train Epoch-22  Iter-450/706	loss 0.0595 (0.0671)	accu 1.000 (0.976)	
Train Epoch-22  Iter-475/706	loss 0.0161 (0.0676)	accu 1.000 (0.976)	
Train Epoch-22  Iter-500/706	loss 0.0006 (0.0673)	accu 1.000 (0.976)	
Train Epoch-22  Iter-525/706	loss 0.0223 (0.0681)	accu 1.000 (0.976)	
Train Epoch-22  Iter-550/706	loss 0.0008 (0.0691)	accu 1.000 (0.976)	
Train Epoch-22  Iter-575/706	loss 0.0150 (0.0682)	accu 1.000 (0.976)	
Train Epoch-22  Iter-600/706	loss 0.0134 (0.0688)	accu 1.000 (0.975)	
Train Epoch-22  Iter-625/706	loss 0.0024 (0.0682)	accu 1.000 (0.976)	
Train Epoch-22  Iter-650/706	loss 0.0096 (0.0683)	accu 1.000 (0.976)	
Train Epoch-22  Iter-675/706	loss 0.0069 (0.0676)	accu 1.000 (0.976)	
Train Epoch-22  Iter-700/706	loss 0.0007 (0.0677)	accu 1.000 (0.976)	
Eval Epoch-22  Iter-0  /52 	loss 0.8769 (0.8769)	accu 0.750 (0.750)	
Eval Epoch-22  Iter-25 /52 	loss 0.0099 (0.5916)	accu 1.000 (0.798)	
Eval Epoch-22  Iter-50 /52 	loss 0.6998 (1.1341)	accu 0.875 (0.733)	
Epoch-22  Train: loss 0.0673	accu 0.9761	Eval: loss 1.1534	accu 0.7308
Train Epoch-23  Iter-0  /706	loss 0.0204 (0.0204)	accu 1.000 (1.000)	
Train Epoch-23  Iter-25 /706	loss 0.0114 (0.0372)	accu 1.000 (0.986)	
Train Epoch-23  Iter-50 /706	loss 0.0396 (0.0519)	accu 1.000 (0.980)	
Train Epoch-23  Iter-75 /706	loss 0.0011 (0.0536)	accu 1.000 (0.980)	
Train Epoch-23  Iter-100/706	loss 0.0046 (0.0510)	accu 1.000 (0.980)	
Train Epoch-23  Iter-125/706	loss 0.0742 (0.0635)	accu 1.000 (0.976)	
Train Epoch-23  Iter-150/706	loss 0.0021 (0.0606)	accu 1.000 (0.978)	
Train Epoch-23  Iter-175/706	loss 0.0005 (0.0633)	accu 1.000 (0.976)	
Train Epoch-23  Iter-200/706	loss 0.0747 (0.0639)	accu 1.000 (0.976)	
Train Epoch-23  Iter-225/706	loss 0.0188 (0.0638)	accu 1.000 (0.976)	
Train Epoch-23  Iter-250/706	loss 0.0125 (0.0655)	accu 1.000 (0.976)	
Train Epoch-23  Iter-275/706	loss 0.3568 (0.0650)	accu 0.875 (0.976)	
Train Epoch-23  Iter-300/706	loss 0.0663 (0.0637)	accu 1.000 (0.976)	
Train Epoch-23  Iter-325/706	loss 0.0168 (0.0625)	accu 1.000 (0.977)	
Train Epoch-23  Iter-350/706	loss 0.0029 (0.0617)	accu 1.000 (0.977)	
Train Epoch-23  Iter-375/706	loss 0.0031 (0.0628)	accu 1.000 (0.976)	
Train Epoch-23  Iter-400/706	loss 0.0021 (0.0602)	accu 1.000 (0.978)	
Train Epoch-23  Iter-425/706	loss 0.0002 (0.0627)	accu 1.000 (0.977)	
Train Epoch-23  Iter-450/706	loss 0.0003 (0.0652)	accu 1.000 (0.976)	
Train Epoch-23  Iter-475/706	loss 0.0092 (0.0665)	accu 1.000 (0.976)	
Train Epoch-23  Iter-500/706	loss 0.0014 (0.0653)	accu 1.000 (0.977)	
Train Epoch-23  Iter-525/706	loss 0.0005 (0.0666)	accu 1.000 (0.976)	
Train Epoch-23  Iter-550/706	loss 0.0057 (0.0678)	accu 1.000 (0.976)	
Train Epoch-23  Iter-575/706	loss 0.0111 (0.0666)	accu 1.000 (0.976)	
Train Epoch-23  Iter-600/706	loss 0.1620 (0.0676)	accu 0.875 (0.976)	
Train Epoch-23  Iter-625/706	loss 0.0084 (0.0678)	accu 1.000 (0.977)	
Train Epoch-23  Iter-650/706	loss 0.0372 (0.0670)	accu 1.000 (0.977)	
Train Epoch-23  Iter-675/706	loss 0.0021 (0.0701)	accu 1.000 (0.976)	
Train Epoch-23  Iter-700/706	loss 0.0114 (0.0687)	accu 1.000 (0.977)	
Eval Epoch-23  Iter-0  /52 	loss 0.8814 (0.8814)	accu 0.750 (0.750)	
Eval Epoch-23  Iter-25 /52 	loss 0.0100 (0.5940)	accu 1.000 (0.798)	
Eval Epoch-23  Iter-50 /52 	loss 0.6956 (1.1345)	accu 0.875 (0.735)	
Epoch-23  Train: loss 0.0688	accu 0.9763	Eval: loss 1.1535	accu 0.7332
Train Epoch-24  Iter-0  /706	loss 0.0132 (0.0132)	accu 1.000 (1.000)	
Train Epoch-24  Iter-25 /706	loss 0.0222 (0.0830)	accu 1.000 (0.966)	
Train Epoch-24  Iter-50 /706	loss 0.0159 (0.1022)	accu 1.000 (0.971)	
Train Epoch-24  Iter-75 /706	loss 0.0276 (0.0963)	accu 1.000 (0.969)	
Train Epoch-24  Iter-100/706	loss 0.3866 (0.0902)	accu 0.875 (0.969)	
Train Epoch-24  Iter-125/706	loss 0.1943 (0.0913)	accu 0.875 (0.967)	
Train Epoch-24  Iter-150/706	loss 0.1151 (0.0829)	accu 0.875 (0.969)	
Train Epoch-24  Iter-175/706	loss 0.0083 (0.0772)	accu 1.000 (0.972)	
Train Epoch-24  Iter-200/706	loss 0.3033 (0.0763)	accu 0.875 (0.972)	
Train Epoch-24  Iter-225/706	loss 0.0728 (0.0734)	accu 1.000 (0.972)	
Train Epoch-24  Iter-250/706	loss 0.0281 (0.0760)	accu 1.000 (0.970)	
Train Epoch-24  Iter-275/706	loss 0.0059 (0.0758)	accu 1.000 (0.970)	
Train Epoch-24  Iter-300/706	loss 0.0187 (0.0763)	accu 1.000 (0.970)	
Train Epoch-24  Iter-325/706	loss 0.0001 (0.0727)	accu 1.000 (0.972)	
Train Epoch-24  Iter-350/706	loss 0.0214 (0.0724)	accu 1.000 (0.973)	
Train Epoch-24  Iter-375/706	loss 0.0692 (0.0741)	accu 1.000 (0.972)	
Train Epoch-24  Iter-400/706	loss 0.0004 (0.0728)	accu 1.000 (0.973)	
Train Epoch-24  Iter-425/706	loss 0.0046 (0.0721)	accu 1.000 (0.973)	
Train Epoch-24  Iter-450/706	loss 0.0027 (0.0703)	accu 1.000 (0.974)	
Train Epoch-24  Iter-475/706	loss 0.0102 (0.0690)	accu 1.000 (0.974)	
Train Epoch-24  Iter-500/706	loss 0.0147 (0.0678)	accu 1.000 (0.975)	
Train Epoch-24  Iter-525/706	loss 0.0355 (0.0683)	accu 1.000 (0.975)	
Train Epoch-24  Iter-550/706	loss 0.3910 (0.0675)	accu 0.750 (0.975)	
Train Epoch-24  Iter-575/706	loss 0.0072 (0.0663)	accu 1.000 (0.975)	
Train Epoch-24  Iter-600/706	loss 0.0024 (0.0658)	accu 1.000 (0.975)	
Train Epoch-24  Iter-625/706	loss 0.0127 (0.0641)	accu 1.000 (0.976)	
Train Epoch-24  Iter-650/706	loss 0.4176 (0.0646)	accu 0.875 (0.976)	
Train Epoch-24  Iter-675/706	loss 0.0020 (0.0660)	accu 1.000 (0.976)	
Train Epoch-24  Iter-700/706	loss 0.0861 (0.0656)	accu 1.000 (0.976)	
Eval Epoch-24  Iter-0  /52 	loss 0.8876 (0.8876)	accu 0.750 (0.750)	
Eval Epoch-24  Iter-25 /52 	loss 0.0099 (0.5973)	accu 1.000 (0.793)	
Eval Epoch-24  Iter-50 /52 	loss 0.6950 (1.1369)	accu 0.875 (0.735)	
Epoch-24  Train: loss 0.0657	accu 0.9763	Eval: loss 1.1560	accu 0.7332
Epoch    25: reducing learning rate of group 0 to 3.0000e-08.
Train Epoch-25  Iter-0  /706	loss 0.0070 (0.0070)	accu 1.000 (1.000)	
Train Epoch-25  Iter-25 /706	loss 0.1410 (0.0711)	accu 0.875 (0.976)	
Train Epoch-25  Iter-50 /706	loss 0.0030 (0.0701)	accu 1.000 (0.980)	
Train Epoch-25  Iter-75 /706	loss 0.0362 (0.0711)	accu 1.000 (0.980)	
Train Epoch-25  Iter-100/706	loss 0.0672 (0.0801)	accu 1.000 (0.978)	
Train Epoch-25  Iter-125/706	loss 0.0588 (0.0766)	accu 1.000 (0.978)	
Train Epoch-25  Iter-150/706	loss 0.0425 (0.0781)	accu 1.000 (0.977)	
Train Epoch-25  Iter-175/706	loss 0.0061 (0.0750)	accu 1.000 (0.977)	
Train Epoch-25  Iter-200/706	loss 0.2288 (0.0741)	accu 0.875 (0.976)	
Train Epoch-25  Iter-225/706	loss 0.0694 (0.0746)	accu 1.000 (0.975)	
Train Epoch-25  Iter-250/706	loss 0.0215 (0.0738)	accu 1.000 (0.975)	
Train Epoch-25  Iter-275/706	loss 0.0102 (0.0741)	accu 1.000 (0.975)	
Train Epoch-25  Iter-300/706	loss 0.0053 (0.0702)	accu 1.000 (0.976)	
Train Epoch-25  Iter-325/706	loss 0.0019 (0.0701)	accu 1.000 (0.976)	
Train Epoch-25  Iter-350/706	loss 0.0176 (0.0717)	accu 1.000 (0.975)	
Train Epoch-25  Iter-375/706	loss 0.0003 (0.0692)	accu 1.000 (0.976)	
Train Epoch-25  Iter-400/706	loss 0.0175 (0.0684)	accu 1.000 (0.976)	
Train Epoch-25  Iter-425/706	loss 0.0086 (0.0674)	accu 1.000 (0.977)	
Train Epoch-25  Iter-450/706	loss 0.0149 (0.0670)	accu 1.000 (0.976)	
Train Epoch-25  Iter-475/706	loss 0.0009 (0.0654)	accu 1.000 (0.977)	
Train Epoch-25  Iter-500/706	loss 0.0111 (0.0644)	accu 1.000 (0.977)	
Train Epoch-25  Iter-525/706	loss 0.0309 (0.0639)	accu 1.000 (0.977)	
Train Epoch-25  Iter-550/706	loss 0.1058 (0.0635)	accu 0.875 (0.977)	
Train Epoch-25  Iter-575/706	loss 0.0013 (0.0637)	accu 1.000 (0.977)	
Train Epoch-25  Iter-600/706	loss 0.0025 (0.0647)	accu 1.000 (0.977)	
Train Epoch-25  Iter-625/706	loss 0.0791 (0.0644)	accu 1.000 (0.977)	
Train Epoch-25  Iter-650/706	loss 0.0341 (0.0638)	accu 1.000 (0.977)	
Train Epoch-25  Iter-675/706	loss 0.0329 (0.0640)	accu 1.000 (0.977)	
Train Epoch-25  Iter-700/706	loss 0.0275 (0.0637)	accu 1.000 (0.978)	
Eval Epoch-25  Iter-0  /52 	loss 0.8879 (0.8879)	accu 0.750 (0.750)	
Eval Epoch-25  Iter-25 /52 	loss 0.0099 (0.5974)	accu 1.000 (0.793)	
Eval Epoch-25  Iter-50 /52 	loss 0.6949 (1.1370)	accu 0.875 (0.735)	
Epoch-25  Train: loss 0.0636	accu 0.9775	Eval: loss 1.1561	accu 0.7332
Train Epoch-26  Iter-0  /706	loss 0.0361 (0.0361)	accu 1.000 (1.000)	
Train Epoch-26  Iter-25 /706	loss 0.0082 (0.1036)	accu 1.000 (0.966)	
Train Epoch-26  Iter-50 /706	loss 0.0116 (0.0731)	accu 1.000 (0.978)	
Train Epoch-26  Iter-75 /706	loss 0.0051 (0.0826)	accu 1.000 (0.972)	
Train Epoch-26  Iter-100/706	loss 0.0223 (0.0767)	accu 1.000 (0.973)	
Train Epoch-26  Iter-125/706	loss 0.0162 (0.0736)	accu 1.000 (0.972)	
Train Epoch-26  Iter-150/706	loss 0.2755 (0.0724)	accu 0.875 (0.970)	
Train Epoch-26  Iter-175/706	loss 0.0022 (0.0718)	accu 1.000 (0.970)	
Train Epoch-26  Iter-200/706	loss 0.0673 (0.0695)	accu 1.000 (0.971)	
Train Epoch-26  Iter-225/706	loss 0.0165 (0.0730)	accu 1.000 (0.969)	
Train Epoch-26  Iter-250/706	loss 0.0182 (0.0716)	accu 1.000 (0.970)	
Train Epoch-26  Iter-275/706	loss 0.0029 (0.0722)	accu 1.000 (0.971)	
Train Epoch-26  Iter-300/706	loss 0.0064 (0.0737)	accu 1.000 (0.970)	
Train Epoch-26  Iter-325/706	loss 0.0194 (0.0729)	accu 1.000 (0.970)	
Train Epoch-26  Iter-350/706	loss 0.0031 (0.0713)	accu 1.000 (0.971)	
Train Epoch-26  Iter-375/706	loss 0.0148 (0.0699)	accu 1.000 (0.972)	
Train Epoch-26  Iter-400/706	loss 0.0034 (0.0684)	accu 1.000 (0.972)	
Train Epoch-26  Iter-425/706	loss 0.3812 (0.0673)	accu 0.750 (0.972)	
Train Epoch-26  Iter-450/706	loss 0.0233 (0.0674)	accu 1.000 (0.973)	
Train Epoch-26  Iter-475/706	loss 0.0721 (0.0671)	accu 1.000 (0.973)	
Train Epoch-26  Iter-500/706	loss 0.0040 (0.0653)	accu 1.000 (0.974)	
Train Epoch-26  Iter-525/706	loss 0.0018 (0.0642)	accu 1.000 (0.975)	
Train Epoch-26  Iter-550/706	loss 0.0007 (0.0642)	accu 1.000 (0.975)	
Train Epoch-26  Iter-575/706	loss 0.0097 (0.0653)	accu 1.000 (0.975)	
Train Epoch-26  Iter-600/706	loss 0.0130 (0.0638)	accu 1.000 (0.975)	
Train Epoch-26  Iter-625/706	loss 0.3674 (0.0646)	accu 0.875 (0.976)	
Train Epoch-26  Iter-650/706	loss 0.0582 (0.0639)	accu 1.000 (0.976)	
Train Epoch-26  Iter-675/706	loss 0.0085 (0.0646)	accu 1.000 (0.976)	
Train Epoch-26  Iter-700/706	loss 0.0160 (0.0644)	accu 1.000 (0.976)	
Eval Epoch-26  Iter-0  /52 	loss 0.8885 (0.8885)	accu 0.750 (0.750)	
Eval Epoch-26  Iter-25 /52 	loss 0.0099 (0.5976)	accu 1.000 (0.793)	
Eval Epoch-26  Iter-50 /52 	loss 0.6951 (1.1372)	accu 0.875 (0.735)	
Epoch-26  Train: loss 0.0642	accu 0.9759	Eval: loss 1.1564	accu 0.7332
Train Epoch-27  Iter-0  /706	loss 0.0001 (0.0001)	accu 1.000 (1.000)	
Train Epoch-27  Iter-25 /706	loss 0.1310 (0.0791)	accu 0.875 (0.962)	
Train Epoch-27  Iter-50 /706	loss 0.0333 (0.0740)	accu 1.000 (0.971)	
Train Epoch-27  Iter-75 /706	loss 0.0002 (0.0709)	accu 1.000 (0.974)	
Train Epoch-27  Iter-100/706	loss 0.0047 (0.0796)	accu 1.000 (0.972)	
Train Epoch-27  Iter-125/706	loss 0.0644 (0.0785)	accu 1.000 (0.971)	
Train Epoch-27  Iter-150/706	loss 0.0154 (0.0860)	accu 1.000 (0.969)	
Train Epoch-27  Iter-175/706	loss 0.5982 (0.0835)	accu 0.750 (0.969)	
Train Epoch-27  Iter-200/706	loss 0.0004 (0.0778)	accu 1.000 (0.972)	
Train Epoch-27  Iter-225/706	loss 0.0019 (0.0724)	accu 1.000 (0.975)	
Train Epoch-27  Iter-250/706	loss 0.0159 (0.0732)	accu 1.000 (0.975)	
Train Epoch-27  Iter-275/706	loss 0.0205 (0.0721)	accu 1.000 (0.975)	
Train Epoch-27  Iter-300/706	loss 0.1429 (0.0688)	accu 0.875 (0.976)	
Train Epoch-27  Iter-325/706	loss 0.0031 (0.0676)	accu 1.000 (0.976)	
Train Epoch-27  Iter-350/706	loss 0.0139 (0.0681)	accu 1.000 (0.976)	
Train Epoch-27  Iter-375/706	loss 0.1176 (0.0678)	accu 1.000 (0.976)	
Train Epoch-27  Iter-400/706	loss 0.0173 (0.0672)	accu 1.000 (0.976)	
Train Epoch-27  Iter-425/706	loss 0.0011 (0.0705)	accu 1.000 (0.975)	
Train Epoch-27  Iter-450/706	loss 0.0045 (0.0723)	accu 1.000 (0.974)	
Train Epoch-27  Iter-475/706	loss 0.1936 (0.0723)	accu 0.875 (0.974)	
Train Epoch-27  Iter-500/706	loss 0.0281 (0.0716)	accu 1.000 (0.974)	
Train Epoch-27  Iter-525/706	loss 0.0758 (0.0699)	accu 1.000 (0.975)	
Train Epoch-27  Iter-550/706	loss 0.0015 (0.0699)	accu 1.000 (0.975)	
Train Epoch-27  Iter-575/706	loss 0.0029 (0.0687)	accu 1.000 (0.975)	
Train Epoch-27  Iter-600/706	loss 0.0310 (0.0673)	accu 1.000 (0.976)	
Train Epoch-27  Iter-625/706	loss 0.0051 (0.0662)	accu 1.000 (0.976)	
Train Epoch-27  Iter-650/706	loss 0.0253 (0.0652)	accu 1.000 (0.977)	
Train Epoch-27  Iter-675/706	loss 0.0040 (0.0664)	accu 1.000 (0.977)	
Train Epoch-27  Iter-700/706	loss 0.0182 (0.0661)	accu 1.000 (0.976)	
Eval Epoch-27  Iter-0  /52 	loss 0.8895 (0.8895)	accu 0.750 (0.750)	
Eval Epoch-27  Iter-25 /52 	loss 0.0100 (0.5983)	accu 1.000 (0.793)	
Eval Epoch-27  Iter-50 /52 	loss 0.6936 (1.1372)	accu 0.875 (0.735)	
Epoch-27  Train: loss 0.0679	accu 0.9761	Eval: loss 1.1562	accu 0.7332
Train Epoch-28  Iter-0  /706	loss 0.0132 (0.0132)	accu 1.000 (1.000)	
Train Epoch-28  Iter-25 /706	loss 0.0391 (0.0741)	accu 1.000 (0.976)	
Train Epoch-28  Iter-50 /706	loss 0.0003 (0.0696)	accu 1.000 (0.975)	
Train Epoch-28  Iter-75 /706	loss 0.0797 (0.0697)	accu 1.000 (0.977)	
Train Epoch-28  Iter-100/706	loss 0.0420 (0.0737)	accu 1.000 (0.974)	
Train Epoch-28  Iter-125/706	loss 0.0127 (0.0697)	accu 1.000 (0.976)	
Train Epoch-28  Iter-150/706	loss 0.0032 (0.0691)	accu 1.000 (0.976)	
Train Epoch-28  Iter-175/706	loss 0.4658 (0.0675)	accu 0.875 (0.977)	
Train Epoch-28  Iter-200/706	loss 0.2329 (0.0670)	accu 0.875 (0.977)	
Train Epoch-28  Iter-225/706	loss 0.0086 (0.0695)	accu 1.000 (0.976)	
Train Epoch-28  Iter-250/706	loss 0.0100 (0.0701)	accu 1.000 (0.976)	
Train Epoch-28  Iter-275/706	loss 0.0189 (0.0683)	accu 1.000 (0.976)	
Train Epoch-28  Iter-300/706	loss 0.0402 (0.0676)	accu 1.000 (0.976)	
Train Epoch-28  Iter-325/706	loss 0.0191 (0.0674)	accu 1.000 (0.977)	
Train Epoch-28  Iter-350/706	loss 0.0010 (0.0662)	accu 1.000 (0.978)	
Train Epoch-28  Iter-375/706	loss 0.0052 (0.0658)	accu 1.000 (0.978)	
Train Epoch-28  Iter-400/706	loss 0.0232 (0.0636)	accu 1.000 (0.978)	
Train Epoch-28  Iter-425/706	loss 0.0066 (0.0618)	accu 1.000 (0.979)	
Train Epoch-28  Iter-450/706	loss 0.0136 (0.0619)	accu 1.000 (0.979)	
Train Epoch-28  Iter-475/706	loss 0.0096 (0.0615)	accu 1.000 (0.979)	
Train Epoch-28  Iter-500/706	loss 0.0068 (0.0617)	accu 1.000 (0.979)	
Train Epoch-28  Iter-525/706	loss 0.0256 (0.0623)	accu 1.000 (0.979)	
Train Epoch-28  Iter-550/706	loss 0.0123 (0.0626)	accu 1.000 (0.978)	
Train Epoch-28  Iter-575/706	loss 0.0168 (0.0630)	accu 1.000 (0.979)	
Train Epoch-28  Iter-600/706	loss 0.0342 (0.0638)	accu 1.000 (0.978)	
Train Epoch-28  Iter-625/706	loss 0.0102 (0.0638)	accu 1.000 (0.978)	
Train Epoch-28  Iter-650/706	loss 0.0018 (0.0643)	accu 1.000 (0.977)	
Train Epoch-28  Iter-675/706	loss 0.0102 (0.0641)	accu 1.000 (0.978)	
Train Epoch-28  Iter-700/706	loss 0.0890 (0.0634)	accu 0.875 (0.978)	
Eval Epoch-28  Iter-0  /52 	loss 0.8903 (0.8903)	accu 0.750 (0.750)	
Eval Epoch-28  Iter-25 /52 	loss 0.0100 (0.5989)	accu 1.000 (0.793)	
Eval Epoch-28  Iter-50 /52 	loss 0.6922 (1.1372)	accu 0.875 (0.735)	
Epoch-28  Train: loss 0.0635	accu 0.9775	Eval: loss 1.1562	accu 0.7332
Train Epoch-29  Iter-0  /706	loss 0.1476 (0.1476)	accu 0.875 (0.875)	
Train Epoch-29  Iter-25 /706	loss 0.0201 (0.1055)	accu 1.000 (0.952)	
Train Epoch-29  Iter-50 /706	loss 0.0030 (0.0887)	accu 1.000 (0.956)	
Train Epoch-29  Iter-75 /706	loss 0.0697 (0.0893)	accu 1.000 (0.959)	
Train Epoch-29  Iter-100/706	loss 0.0125 (0.0864)	accu 1.000 (0.964)	
Train Epoch-29  Iter-125/706	loss 0.1699 (0.0835)	accu 0.875 (0.963)	
Train Epoch-29  Iter-150/706	loss 0.0016 (0.0779)	accu 1.000 (0.967)	
Train Epoch-29  Iter-175/706	loss 0.0006 (0.0802)	accu 1.000 (0.965)	
Train Epoch-29  Iter-200/706	loss 0.0158 (0.0780)	accu 1.000 (0.966)	
Train Epoch-29  Iter-225/706	loss 0.0005 (0.0783)	accu 1.000 (0.965)	
Train Epoch-29  Iter-250/706	loss 0.0006 (0.0755)	accu 1.000 (0.967)	
Train Epoch-29  Iter-275/706	loss 0.0034 (0.0774)	accu 1.000 (0.967)	
Train Epoch-29  Iter-300/706	loss 0.0026 (0.0747)	accu 1.000 (0.969)	
Train Epoch-29  Iter-325/706	loss 0.0559 (0.0728)	accu 1.000 (0.970)	
Train Epoch-29  Iter-350/706	loss 0.2099 (0.0714)	accu 0.875 (0.971)	
Train Epoch-29  Iter-375/706	loss 0.0003 (0.0695)	accu 1.000 (0.972)	
Train Epoch-29  Iter-400/706	loss 0.0167 (0.0673)	accu 1.000 (0.973)	
Train Epoch-29  Iter-425/706	loss 0.0038 (0.0654)	accu 1.000 (0.974)	
Train Epoch-29  Iter-450/706	loss 0.0004 (0.0645)	accu 1.000 (0.974)	
Train Epoch-29  Iter-475/706	loss 0.0896 (0.0629)	accu 1.000 (0.975)	
Train Epoch-29  Iter-500/706	loss 0.0609 (0.0624)	accu 1.000 (0.976)	
Train Epoch-29  Iter-525/706	loss 0.0006 (0.0623)	accu 1.000 (0.976)	
Train Epoch-29  Iter-550/706	loss 0.0026 (0.0623)	accu 1.000 (0.976)	
Train Epoch-29  Iter-575/706	loss 0.1716 (0.0621)	accu 0.875 (0.976)	
Train Epoch-29  Iter-600/706	loss 0.0004 (0.0623)	accu 1.000 (0.976)	
Train Epoch-29  Iter-625/706	loss 0.0625 (0.0632)	accu 1.000 (0.976)	
Train Epoch-29  Iter-650/706	loss 0.2819 (0.0628)	accu 0.875 (0.976)	
Train Epoch-29  Iter-675/706	loss 0.0370 (0.0621)	accu 1.000 (0.976)	
Train Epoch-29  Iter-700/706	loss 0.5445 (0.0640)	accu 0.875 (0.975)	
Eval Epoch-29  Iter-0  /52 	loss 0.8909 (0.8909)	accu 0.750 (0.750)	
Eval Epoch-29  Iter-25 /52 	loss 0.0100 (0.5992)	accu 1.000 (0.793)	
Eval Epoch-29  Iter-50 /52 	loss 0.6924 (1.1374)	accu 0.875 (0.735)	
Epoch-29  Train: loss 0.0639	accu 0.9752	Eval: loss 1.1564	accu 0.7332
Eval Epoch-0   Iter-0  /52 	loss 1.0183 (1.0183)	accu 0.750 (0.750)	
Eval Epoch-0   Iter-25 /52 	loss 0.1297 (0.3453)	accu 1.000 (0.885)	
Eval Epoch-0   Iter-50 /52 	loss 0.9271 (0.6343)	accu 0.625 (0.735)	
Eval: loss 0.6462	accu 0.7260
Test Epoch-0   Iter-0  /59 	loss 0.1211 (0.1211)	accu 1.000 (1.000)	
Test Epoch-0   Iter-25 /59 	loss 0.1094 (0.5989)	accu 1.000 (0.808)	
Test Epoch-0   Iter-50 /59 	loss 0.8510 (0.6383)	accu 0.625 (0.748)	
Test: loss 0.7156	accu 0.6949
wandb: Waiting for W&B process to finish... (success).
wandb: 
wandb: Run history:
wandb:   Eval Acc █▁▃▆▄▆██▇▇▇▇██████████████████
wandb:  Eval Loss ▁▆█▄▇▅▅▅▅▅▆▆▇▇▇▇▆▇▇▇▇▇▇▇▇▇▇▇▇▇
wandb:  Train Acc ▁▅▆▆▆▆▆▇▇█████████████████████
wandb: Train Loss █▅▄▃▄▃▃▂▂▁▁▁▁▁▁▁▁▁▁▁▁▁▁▁▁▁▁▁▁▁
wandb: 
wandb: Run summary:
wandb:   Eval Acc 0.73317
wandb:  Eval Loss 1.15644
wandb:  Train Acc 0.97521
wandb: Train Loss 0.06389
wandb: 
wandb: 🚀 View run distinctive-wood-259 at: https://wandb.ai/is_project/vision_models/runs/fwarondo
wandb: Synced 6 W&B file(s), 0 media file(s), 0 artifact file(s) and 0 other file(s)
wandb: Find logs at: ./wandb/run-20230612_181347-fwarondo/logs
