Namespace(add_comment=True, add_description=True, add_other_comments=False, add_title=True, add_transcription=True, add_video=False, batch_size=8, clip_embeedings_path='data/CLIP_embeddings', debug=False, desc_keyphrase_extract=True, desc_token_count=100, freeze_lf_layers=23, gpu='0', lr=0.0003, max_epochs=30, max_len=512, metadata_path='data/extra_data_trans.csv', model='bert-large-cased', multitask=False, num_workers=0, other_comments_path='data/extra_data_other_comments.csv', other_comments_token_count=300, pad_metadata=True, remove_none=False, test_question_file='data/with_aug_ttv/test.csv', title_token_count=50, train_question_file='data/with_aug_ttv/train.csv', transcript_keyphrase_extract=True, transcript_token_count=512, validation_question_file='data/with_aug_ttv/eval.csv', video_path='data/videos/', work_dir='model_comment/')
wandb: Currently logged in as: shrey2809 (is_project). Use `wandb login --relogin` to force relogin
wandb: Tracking run with wandb version 0.15.4
wandb: Run data is saved locally in /scratch/AzureNfsServer_INPUT1/vc_data/users/gmanish/multiModalHate/IS-Hate-Speech/wandb/run-20230612_181636-orb4kgew
wandb: Run `wandb offline` to turn off syncing.
wandb: Syncing run olive-shape-262
wandb: ⭐️ View project at https://wandb.ai/is_project/vision_models
wandb: 🚀 View run at https://wandb.ai/is_project/vision_models/runs/orb4kgew
number of available devices: 1
obtained dataloaders
Some weights of the model checkpoint at bert-large-cased were not used when initializing BertModel: ['cls.predictions.bias', 'cls.predictions.transform.dense.bias', 'cls.seq_relationship.weight', 'cls.predictions.transform.dense.weight', 'cls.predictions.transform.LayerNorm.weight', 'cls.predictions.transform.LayerNorm.bias', 'cls.predictions.decoder.weight', 'cls.seq_relationship.bias']
- This IS expected if you are initializing BertModel from the checkpoint of a model trained on another task or with another architecture (e.g. initializing a BertForSequenceClassification model from a BertForPreTraining model).
- This IS NOT expected if you are initializing BertModel from the checkpoint of a model that you expect to be exactly identical (initializing a BertForSequenceClassification model from a BertForSequenceClassification model).
loaded models
Train Epoch-0   Iter-0  /706	loss 0.8505 (0.8505)	accu 0.375 (0.375)	
Train Epoch-0   Iter-25 /706	loss 0.6585 (0.7044)	accu 0.625 (0.510)	
Train Epoch-0   Iter-50 /706	loss 0.6448 (0.6913)	accu 0.625 (0.534)	
Train Epoch-0   Iter-75 /706	loss 1.0867 (0.6981)	accu 0.125 (0.523)	
Train Epoch-0   Iter-100/706	loss 0.6102 (0.6763)	accu 0.625 (0.558)	
Train Epoch-0   Iter-125/706	loss 0.4754 (0.6372)	accu 0.750 (0.597)	
Train Epoch-0   Iter-150/706	loss 0.2384 (0.6002)	accu 0.875 (0.637)	
Train Epoch-0   Iter-175/706	loss 0.4892 (0.5572)	accu 0.750 (0.670)	
Train Epoch-0   Iter-200/706	loss 0.1381 (0.5305)	accu 1.000 (0.696)	
Train Epoch-0   Iter-225/706	loss 0.3511 (0.5069)	accu 0.875 (0.716)	
Train Epoch-0   Iter-250/706	loss 0.6322 (0.4870)	accu 0.750 (0.731)	
Train Epoch-0   Iter-275/706	loss 0.0387 (0.4630)	accu 1.000 (0.745)	
Train Epoch-0   Iter-300/706	loss 1.0531 (0.4573)	accu 0.875 (0.756)	
Train Epoch-0   Iter-325/706	loss 0.6161 (0.4550)	accu 0.750 (0.763)	
Train Epoch-0   Iter-350/706	loss 0.5538 (0.4510)	accu 0.750 (0.767)	
Train Epoch-0   Iter-375/706	loss 0.1447 (0.4432)	accu 0.875 (0.774)	
Train Epoch-0   Iter-400/706	loss 0.2772 (0.4344)	accu 0.875 (0.782)	
Train Epoch-0   Iter-425/706	loss 0.0347 (0.4293)	accu 1.000 (0.787)	
Train Epoch-0   Iter-450/706	loss 0.1223 (0.4147)	accu 1.000 (0.796)	
Train Epoch-0   Iter-475/706	loss 1.0767 (0.4082)	accu 0.625 (0.802)	
Train Epoch-0   Iter-500/706	loss 0.0515 (0.3987)	accu 1.000 (0.808)	
Train Epoch-0   Iter-525/706	loss 0.3050 (0.3928)	accu 0.875 (0.813)	
Train Epoch-0   Iter-550/706	loss 0.2873 (0.3850)	accu 0.875 (0.819)	
Train Epoch-0   Iter-575/706	loss 0.1042 (0.3795)	accu 1.000 (0.823)	
Train Epoch-0   Iter-600/706	loss 0.2813 (0.3731)	accu 0.875 (0.828)	
Train Epoch-0   Iter-625/706	loss 0.0541 (0.3660)	accu 1.000 (0.833)	
Train Epoch-0   Iter-650/706	loss 1.0839 (0.3622)	accu 0.625 (0.836)	
Train Epoch-0   Iter-675/706	loss 0.2548 (0.3573)	accu 0.875 (0.839)	
Train Epoch-0   Iter-700/706	loss 0.4821 (0.3572)	accu 0.625 (0.841)	
Eval Epoch-0   Iter-0  /52 	loss 0.9304 (0.9304)	accu 0.625 (0.625)	
Eval Epoch-0   Iter-25 /52 	loss 0.0692 (0.3456)	accu 1.000 (0.812)	
Eval Epoch-0   Iter-50 /52 	loss 1.7013 (0.5375)	accu 0.375 (0.767)	
Epoch-0   Train: loss 0.3561	accu 0.8415	Eval: loss 0.5560	accu 0.7620
Train Epoch-1   Iter-0  /706	loss 0.0758 (0.0758)	accu 1.000 (1.000)	
Train Epoch-1   Iter-25 /706	loss 0.0270 (0.1621)	accu 1.000 (0.942)	
Train Epoch-1   Iter-50 /706	loss 0.1402 (0.1754)	accu 1.000 (0.949)	
Train Epoch-1   Iter-75 /706	loss 0.1906 (0.2146)	accu 0.875 (0.933)	
Train Epoch-1   Iter-100/706	loss 0.6402 (0.2018)	accu 0.875 (0.938)	
Train Epoch-1   Iter-125/706	loss 0.1871 (0.2253)	accu 0.875 (0.931)	
Train Epoch-1   Iter-150/706	loss 0.0499 (0.2213)	accu 1.000 (0.931)	
Train Epoch-1   Iter-175/706	loss 0.0712 (0.2247)	accu 1.000 (0.927)	
Train Epoch-1   Iter-200/706	loss 0.0843 (0.2286)	accu 1.000 (0.925)	
Train Epoch-1   Iter-225/706	loss 0.1205 (0.2297)	accu 1.000 (0.925)	
Train Epoch-1   Iter-250/706	loss 0.3431 (0.2301)	accu 0.750 (0.926)	
Train Epoch-1   Iter-275/706	loss 0.2506 (0.2233)	accu 0.875 (0.929)	
Train Epoch-1   Iter-300/706	loss 0.5766 (0.2230)	accu 0.750 (0.927)	
Train Epoch-1   Iter-325/706	loss 1.1609 (0.2251)	accu 0.500 (0.926)	
Train Epoch-1   Iter-350/706	loss 0.0879 (0.2254)	accu 1.000 (0.926)	
Train Epoch-1   Iter-375/706	loss 0.0120 (0.2180)	accu 1.000 (0.928)	
Train Epoch-1   Iter-400/706	loss 0.1366 (0.2122)	accu 1.000 (0.930)	
Train Epoch-1   Iter-425/706	loss 0.2063 (0.2095)	accu 0.875 (0.931)	
Train Epoch-1   Iter-450/706	loss 0.5863 (0.2076)	accu 0.750 (0.931)	
Train Epoch-1   Iter-475/706	loss 0.0765 (0.2064)	accu 1.000 (0.931)	
Train Epoch-1   Iter-500/706	loss 0.2579 (0.2100)	accu 0.875 (0.930)	
Train Epoch-1   Iter-525/706	loss 0.0178 (0.2081)	accu 1.000 (0.930)	
Train Epoch-1   Iter-550/706	loss 0.0392 (0.2068)	accu 1.000 (0.930)	
Train Epoch-1   Iter-575/706	loss 0.0456 (0.2053)	accu 1.000 (0.931)	
Train Epoch-1   Iter-600/706	loss 0.4976 (0.2048)	accu 0.875 (0.931)	
Train Epoch-1   Iter-625/706	loss 0.1753 (0.2057)	accu 0.875 (0.931)	
Train Epoch-1   Iter-650/706	loss 0.0267 (0.2024)	accu 1.000 (0.932)	
Train Epoch-1   Iter-675/706	loss 0.1590 (0.2022)	accu 0.875 (0.933)	
Train Epoch-1   Iter-700/706	loss 0.2852 (0.2022)	accu 0.875 (0.932)	
Eval Epoch-1   Iter-0  /52 	loss 0.9355 (0.9355)	accu 0.750 (0.750)	
Eval Epoch-1   Iter-25 /52 	loss 0.0343 (0.4639)	accu 1.000 (0.798)	
Eval Epoch-1   Iter-50 /52 	loss 1.8600 (0.5214)	accu 0.500 (0.792)	
Epoch-1   Train: loss 0.2021	accu 0.9322	Eval: loss 0.5348	accu 0.7861
Train Epoch-2   Iter-0  /706	loss 0.0199 (0.0199)	accu 1.000 (1.000)	
Train Epoch-2   Iter-25 /706	loss 0.5614 (0.2744)	accu 0.875 (0.913)	
Train Epoch-2   Iter-50 /706	loss 0.1433 (0.2610)	accu 0.875 (0.912)	
Train Epoch-2   Iter-75 /706	loss 0.0973 (0.2412)	accu 1.000 (0.916)	
Train Epoch-2   Iter-100/706	loss 0.0092 (0.2166)	accu 1.000 (0.922)	
Train Epoch-2   Iter-125/706	loss 0.1529 (0.2100)	accu 0.875 (0.928)	
Train Epoch-2   Iter-150/706	loss 0.0150 (0.2040)	accu 1.000 (0.927)	
Train Epoch-2   Iter-175/706	loss 0.0033 (0.1924)	accu 1.000 (0.931)	
Train Epoch-2   Iter-200/706	loss 0.0130 (0.1885)	accu 1.000 (0.931)	
Train Epoch-2   Iter-225/706	loss 0.0066 (0.1758)	accu 1.000 (0.935)	
Train Epoch-2   Iter-250/706	loss 0.1958 (0.1742)	accu 0.875 (0.936)	
Train Epoch-2   Iter-275/706	loss 0.0761 (0.1715)	accu 1.000 (0.937)	
Train Epoch-2   Iter-300/706	loss 0.0427 (0.1713)	accu 1.000 (0.937)	
Train Epoch-2   Iter-325/706	loss 0.0740 (0.1657)	accu 1.000 (0.939)	
Train Epoch-2   Iter-350/706	loss 0.2792 (0.1661)	accu 0.875 (0.941)	
Train Epoch-2   Iter-375/706	loss 0.1001 (0.1654)	accu 0.875 (0.941)	
Train Epoch-2   Iter-400/706	loss 0.0767 (0.1635)	accu 1.000 (0.942)	
Train Epoch-2   Iter-425/706	loss 0.0113 (0.1644)	accu 1.000 (0.942)	
Train Epoch-2   Iter-450/706	loss 0.0452 (0.1635)	accu 1.000 (0.942)	
Train Epoch-2   Iter-475/706	loss 0.0170 (0.1622)	accu 1.000 (0.942)	
Train Epoch-2   Iter-500/706	loss 0.0201 (0.1617)	accu 1.000 (0.943)	
Train Epoch-2   Iter-525/706	loss 0.3761 (0.1635)	accu 0.875 (0.942)	
Train Epoch-2   Iter-550/706	loss 0.0009 (0.1617)	accu 1.000 (0.942)	
Train Epoch-2   Iter-575/706	loss 0.3632 (0.1655)	accu 0.875 (0.941)	
Train Epoch-2   Iter-600/706	loss 0.1020 (0.1678)	accu 1.000 (0.941)	
Train Epoch-2   Iter-625/706	loss 0.0616 (0.1705)	accu 1.000 (0.940)	
Train Epoch-2   Iter-650/706	loss 0.0913 (0.1705)	accu 1.000 (0.940)	
Train Epoch-2   Iter-675/706	loss 0.1210 (0.1714)	accu 1.000 (0.940)	
Train Epoch-2   Iter-700/706	loss 0.5071 (0.1723)	accu 0.750 (0.940)	
Eval Epoch-2   Iter-0  /52 	loss 1.3116 (1.3116)	accu 0.500 (0.500)	
Eval Epoch-2   Iter-25 /52 	loss 0.7695 (1.2553)	accu 0.500 (0.385)	
Eval Epoch-2   Iter-50 /52 	loss 1.7751 (0.9762)	accu 0.500 (0.551)	
Epoch-2   Train: loss 0.1724	accu 0.9393	Eval: loss 0.9669	accu 0.5529
Train Epoch-3   Iter-0  /706	loss 0.2286 (0.2286)	accu 0.875 (0.875)	
Train Epoch-3   Iter-25 /706	loss 0.0450 (0.1122)	accu 1.000 (0.957)	
Train Epoch-3   Iter-50 /706	loss 0.4329 (0.1543)	accu 0.750 (0.941)	
Train Epoch-3   Iter-75 /706	loss 0.0036 (0.1358)	accu 1.000 (0.952)	
Train Epoch-3   Iter-100/706	loss 0.6102 (0.1438)	accu 0.750 (0.948)	
Train Epoch-3   Iter-125/706	loss 0.2408 (0.1466)	accu 0.875 (0.943)	
Train Epoch-3   Iter-150/706	loss 0.1507 (0.1391)	accu 0.875 (0.944)	
Train Epoch-3   Iter-175/706	loss 0.0580 (0.1440)	accu 1.000 (0.945)	
Train Epoch-3   Iter-200/706	loss 0.1158 (0.1418)	accu 1.000 (0.946)	
Train Epoch-3   Iter-225/706	loss 0.0428 (0.1461)	accu 1.000 (0.946)	
Train Epoch-3   Iter-250/706	loss 0.2490 (0.1545)	accu 0.875 (0.944)	
Train Epoch-3   Iter-275/706	loss 0.3530 (0.1568)	accu 0.875 (0.942)	
Train Epoch-3   Iter-300/706	loss 0.0258 (0.1601)	accu 1.000 (0.941)	
Train Epoch-3   Iter-325/706	loss 0.0124 (0.1581)	accu 1.000 (0.942)	
Train Epoch-3   Iter-350/706	loss 0.0175 (0.1563)	accu 1.000 (0.943)	
Train Epoch-3   Iter-375/706	loss 0.1507 (0.1549)	accu 0.875 (0.943)	
Train Epoch-3   Iter-400/706	loss 0.4335 (0.1560)	accu 0.875 (0.942)	
Train Epoch-3   Iter-425/706	loss 0.0650 (0.1575)	accu 1.000 (0.942)	
Train Epoch-3   Iter-450/706	loss 0.9762 (0.1600)	accu 0.750 (0.942)	
Train Epoch-3   Iter-475/706	loss 0.2809 (0.1643)	accu 0.875 (0.941)	
Train Epoch-3   Iter-500/706	loss 0.0045 (0.1626)	accu 1.000 (0.941)	
Train Epoch-3   Iter-525/706	loss 0.0094 (0.1622)	accu 1.000 (0.942)	
Train Epoch-3   Iter-550/706	loss 0.0148 (0.1606)	accu 1.000 (0.943)	
Train Epoch-3   Iter-575/706	loss 0.3425 (0.1599)	accu 0.875 (0.943)	
Train Epoch-3   Iter-600/706	loss 0.0716 (0.1601)	accu 1.000 (0.943)	
Train Epoch-3   Iter-625/706	loss 0.0376 (0.1597)	accu 1.000 (0.943)	
Train Epoch-3   Iter-650/706	loss 0.0184 (0.1601)	accu 1.000 (0.944)	
Train Epoch-3   Iter-675/706	loss 0.4243 (0.1607)	accu 0.875 (0.944)	
Train Epoch-3   Iter-700/706	loss 0.0200 (0.1622)	accu 1.000 (0.943)	
Eval Epoch-3   Iter-0  /52 	loss 1.0314 (1.0314)	accu 0.625 (0.625)	
Eval Epoch-3   Iter-25 /52 	loss 0.3371 (0.6895)	accu 1.000 (0.635)	
Eval Epoch-3   Iter-50 /52 	loss 0.6914 (0.5526)	accu 0.500 (0.711)	
Epoch-3   Train: loss 0.1626	accu 0.9421	Eval: loss 0.5492	accu 0.7115
Train Epoch-4   Iter-0  /706	loss 0.0952 (0.0952)	accu 1.000 (1.000)	
Train Epoch-4   Iter-25 /706	loss 0.8904 (0.1614)	accu 0.625 (0.947)	
Train Epoch-4   Iter-50 /706	loss 0.3160 (0.1601)	accu 0.750 (0.949)	
Train Epoch-4   Iter-75 /706	loss 0.0446 (0.1603)	accu 1.000 (0.947)	
Train Epoch-4   Iter-100/706	loss 0.0172 (0.1464)	accu 1.000 (0.949)	
Train Epoch-4   Iter-125/706	loss 0.0262 (0.1443)	accu 1.000 (0.950)	
Train Epoch-4   Iter-150/706	loss 0.0163 (0.1374)	accu 1.000 (0.953)	
Train Epoch-4   Iter-175/706	loss 0.0903 (0.1378)	accu 1.000 (0.953)	
Train Epoch-4   Iter-200/706	loss 0.3192 (0.1366)	accu 0.875 (0.953)	
Train Epoch-4   Iter-225/706	loss 0.0096 (0.1407)	accu 1.000 (0.950)	
Train Epoch-4   Iter-250/706	loss 0.7059 (0.1430)	accu 0.750 (0.947)	
Train Epoch-4   Iter-275/706	loss 0.0517 (0.1438)	accu 1.000 (0.947)	
Train Epoch-4   Iter-300/706	loss 0.7455 (0.1446)	accu 0.625 (0.947)	
Train Epoch-4   Iter-325/706	loss 0.2832 (0.1480)	accu 0.875 (0.946)	
Train Epoch-4   Iter-350/706	loss 0.5917 (0.1484)	accu 0.750 (0.947)	
Train Epoch-4   Iter-375/706	loss 0.0749 (0.1502)	accu 1.000 (0.946)	
Train Epoch-4   Iter-400/706	loss 0.2588 (0.1498)	accu 0.875 (0.947)	
Train Epoch-4   Iter-425/706	loss 0.1697 (0.1495)	accu 0.875 (0.947)	
Train Epoch-4   Iter-450/706	loss 0.0090 (0.1471)	accu 1.000 (0.948)	
Train Epoch-4   Iter-475/706	loss 0.0258 (0.1450)	accu 1.000 (0.949)	
Train Epoch-4   Iter-500/706	loss 0.0093 (0.1456)	accu 1.000 (0.948)	
Train Epoch-4   Iter-525/706	loss 0.3366 (0.1471)	accu 0.875 (0.947)	
Train Epoch-4   Iter-550/706	loss 0.0183 (0.1445)	accu 1.000 (0.949)	
Train Epoch-4   Iter-575/706	loss 0.0088 (0.1419)	accu 1.000 (0.950)	
Train Epoch-4   Iter-600/706	loss 0.0742 (0.1435)	accu 1.000 (0.949)	
Train Epoch-4   Iter-625/706	loss 0.1123 (0.1432)	accu 1.000 (0.949)	
Train Epoch-4   Iter-650/706	loss 0.0179 (0.1444)	accu 1.000 (0.950)	
Train Epoch-4   Iter-675/706	loss 0.0135 (0.1437)	accu 1.000 (0.950)	
Train Epoch-4   Iter-700/706	loss 0.0132 (0.1469)	accu 1.000 (0.949)	
Eval Epoch-4   Iter-0  /52 	loss 0.7354 (0.7354)	accu 0.750 (0.750)	
Eval Epoch-4   Iter-25 /52 	loss 0.2283 (0.6606)	accu 0.875 (0.707)	
Eval Epoch-4   Iter-50 /52 	loss 0.7911 (0.6420)	accu 0.750 (0.730)	
Epoch-4   Train: loss 0.1470	accu 0.9490	Eval: loss 0.6449	accu 0.7284
Train Epoch-5   Iter-0  /706	loss 0.0502 (0.0502)	accu 1.000 (1.000)	
Train Epoch-5   Iter-25 /706	loss 0.0383 (0.1092)	accu 1.000 (0.962)	
Train Epoch-5   Iter-50 /706	loss 0.0565 (0.1517)	accu 1.000 (0.949)	
Train Epoch-5   Iter-75 /706	loss 0.1263 (0.1575)	accu 0.875 (0.944)	
Train Epoch-5   Iter-100/706	loss 0.1823 (0.2136)	accu 0.875 (0.923)	
Train Epoch-5   Iter-125/706	loss 0.0334 (0.1955)	accu 1.000 (0.930)	
Train Epoch-5   Iter-150/706	loss 0.0097 (0.1807)	accu 1.000 (0.933)	
Train Epoch-5   Iter-175/706	loss 0.0266 (0.1689)	accu 1.000 (0.937)	
Train Epoch-5   Iter-200/706	loss 0.1401 (0.1743)	accu 0.875 (0.936)	
Train Epoch-5   Iter-225/706	loss 0.0773 (0.1689)	accu 1.000 (0.940)	
Train Epoch-5   Iter-250/706	loss 0.0223 (0.1672)	accu 1.000 (0.941)	
Train Epoch-5   Iter-275/706	loss 0.0844 (0.1715)	accu 1.000 (0.940)	
Train Epoch-5   Iter-300/706	loss 0.0585 (0.1684)	accu 1.000 (0.940)	
Train Epoch-5   Iter-325/706	loss 0.0035 (0.1665)	accu 1.000 (0.941)	
Train Epoch-5   Iter-350/706	loss 0.0633 (0.1645)	accu 1.000 (0.942)	
Train Epoch-5   Iter-375/706	loss 0.0682 (0.1599)	accu 1.000 (0.944)	
Train Epoch-5   Iter-400/706	loss 0.0018 (0.1535)	accu 1.000 (0.947)	
Train Epoch-5   Iter-425/706	loss 0.0187 (0.1542)	accu 1.000 (0.947)	
Train Epoch-5   Iter-450/706	loss 0.0280 (0.1515)	accu 1.000 (0.949)	
Train Epoch-5   Iter-475/706	loss 0.0227 (0.1498)	accu 1.000 (0.949)	
Train Epoch-5   Iter-500/706	loss 0.0395 (0.1506)	accu 1.000 (0.948)	
Train Epoch-5   Iter-525/706	loss 0.0687 (0.1498)	accu 1.000 (0.949)	
Train Epoch-5   Iter-550/706	loss 0.0100 (0.1507)	accu 1.000 (0.947)	
Train Epoch-5   Iter-575/706	loss 0.0968 (0.1486)	accu 0.875 (0.948)	
Train Epoch-5   Iter-600/706	loss 0.0090 (0.1457)	accu 1.000 (0.949)	
Train Epoch-5   Iter-625/706	loss 0.1385 (0.1467)	accu 1.000 (0.948)	
Train Epoch-5   Iter-650/706	loss 0.1964 (0.1465)	accu 0.875 (0.949)	
Train Epoch-5   Iter-675/706	loss 0.0300 (0.1451)	accu 1.000 (0.949)	
Train Epoch-5   Iter-700/706	loss 0.0968 (0.1453)	accu 0.875 (0.949)	
Eval Epoch-5   Iter-0  /52 	loss 1.0834 (1.0834)	accu 0.625 (0.625)	
Eval Epoch-5   Iter-25 /52 	loss 0.0613 (0.7472)	accu 1.000 (0.702)	
Eval Epoch-5   Iter-50 /52 	loss 0.6388 (0.6485)	accu 0.625 (0.730)	
Epoch-5   Train: loss 0.1452	accu 0.9489	Eval: loss 0.6715	accu 0.7260
Train Epoch-6   Iter-0  /706	loss 0.0941 (0.0941)	accu 1.000 (1.000)	
Train Epoch-6   Iter-25 /706	loss 0.6877 (0.0980)	accu 0.875 (0.971)	
Train Epoch-6   Iter-50 /706	loss 0.0175 (0.1066)	accu 1.000 (0.968)	
Train Epoch-6   Iter-75 /706	loss 0.1934 (0.1142)	accu 0.875 (0.967)	
Train Epoch-6   Iter-100/706	loss 0.0560 (0.1208)	accu 1.000 (0.963)	
Train Epoch-6   Iter-125/706	loss 0.0921 (0.1210)	accu 1.000 (0.958)	
Train Epoch-6   Iter-150/706	loss 0.2888 (0.1155)	accu 0.875 (0.960)	
Train Epoch-6   Iter-175/706	loss 0.0596 (0.1105)	accu 1.000 (0.962)	
Train Epoch-6   Iter-200/706	loss 0.5241 (0.1092)	accu 0.750 (0.963)	
Train Epoch-6   Iter-225/706	loss 0.0273 (0.1075)	accu 1.000 (0.962)	
Train Epoch-6   Iter-250/706	loss 0.1589 (0.1101)	accu 0.875 (0.961)	
Train Epoch-6   Iter-275/706	loss 0.0438 (0.1096)	accu 1.000 (0.961)	
Train Epoch-6   Iter-300/706	loss 0.0336 (0.1090)	accu 1.000 (0.961)	
Train Epoch-6   Iter-325/706	loss 0.2569 (0.1130)	accu 0.875 (0.960)	
Train Epoch-6   Iter-350/706	loss 0.0104 (0.1153)	accu 1.000 (0.959)	
Train Epoch-6   Iter-375/706	loss 0.0124 (0.1146)	accu 1.000 (0.959)	
Train Epoch-6   Iter-400/706	loss 0.0347 (0.1194)	accu 1.000 (0.958)	
Train Epoch-6   Iter-425/706	loss 0.0250 (0.1184)	accu 1.000 (0.958)	
Train Epoch-6   Iter-450/706	loss 0.5815 (0.1232)	accu 0.875 (0.956)	
Train Epoch-6   Iter-475/706	loss 0.3968 (0.1214)	accu 0.750 (0.957)	
Train Epoch-6   Iter-500/706	loss 0.1121 (0.1253)	accu 0.875 (0.957)	
Train Epoch-6   Iter-525/706	loss 0.2552 (0.1243)	accu 0.875 (0.957)	
Train Epoch-6   Iter-550/706	loss 0.1832 (0.1236)	accu 0.875 (0.957)	
Train Epoch-6   Iter-575/706	loss 0.1974 (0.1240)	accu 0.750 (0.956)	
Train Epoch-6   Iter-600/706	loss 0.0023 (0.1208)	accu 1.000 (0.957)	
Train Epoch-6   Iter-625/706	loss 0.0018 (0.1203)	accu 1.000 (0.957)	
Train Epoch-6   Iter-650/706	loss 0.0660 (0.1186)	accu 1.000 (0.958)	
Train Epoch-6   Iter-675/706	loss 0.0185 (0.1195)	accu 1.000 (0.958)	
Train Epoch-6   Iter-700/706	loss 0.2964 (0.1196)	accu 0.875 (0.958)	
Eval Epoch-6   Iter-0  /52 	loss 1.1937 (1.1937)	accu 0.625 (0.625)	
Eval Epoch-6   Iter-25 /52 	loss 0.0379 (0.9348)	accu 1.000 (0.635)	
Eval Epoch-6   Iter-50 /52 	loss 0.1384 (0.6990)	accu 1.000 (0.725)	
Epoch-6   Train: loss 0.1194	accu 0.9580	Eval: loss 0.7144	accu 0.7212
Train Epoch-7   Iter-0  /706	loss 0.0225 (0.0225)	accu 1.000 (1.000)	
Train Epoch-7   Iter-25 /706	loss 0.1040 (0.1074)	accu 1.000 (0.947)	
Train Epoch-7   Iter-50 /706	loss 0.1485 (0.1205)	accu 0.875 (0.944)	
Train Epoch-7   Iter-75 /706	loss 0.1646 (0.1221)	accu 0.875 (0.946)	
Train Epoch-7   Iter-100/706	loss 0.2497 (0.1172)	accu 0.875 (0.954)	
Train Epoch-7   Iter-125/706	loss 0.0839 (0.1149)	accu 1.000 (0.957)	
Train Epoch-7   Iter-150/706	loss 0.0688 (0.1129)	accu 1.000 (0.959)	
Train Epoch-7   Iter-175/706	loss 0.0106 (0.1125)	accu 1.000 (0.960)	
Train Epoch-7   Iter-200/706	loss 0.0092 (0.1065)	accu 1.000 (0.961)	
Train Epoch-7   Iter-225/706	loss 0.0161 (0.1056)	accu 1.000 (0.962)	
Train Epoch-7   Iter-250/706	loss 0.0639 (0.1035)	accu 1.000 (0.963)	
Train Epoch-7   Iter-275/706	loss 0.0038 (0.1003)	accu 1.000 (0.963)	
Train Epoch-7   Iter-300/706	loss 0.1908 (0.1005)	accu 0.875 (0.963)	
Train Epoch-7   Iter-325/706	loss 0.0653 (0.1035)	accu 1.000 (0.961)	
Train Epoch-7   Iter-350/706	loss 0.0872 (0.1058)	accu 1.000 (0.961)	
Train Epoch-7   Iter-375/706	loss 0.2209 (0.1103)	accu 0.750 (0.959)	
Train Epoch-7   Iter-400/706	loss 0.0126 (0.1085)	accu 1.000 (0.961)	
Train Epoch-7   Iter-425/706	loss 0.1141 (0.1118)	accu 0.875 (0.960)	
Train Epoch-7   Iter-450/706	loss 0.0179 (0.1109)	accu 1.000 (0.960)	
Train Epoch-7   Iter-475/706	loss 0.4369 (0.1102)	accu 0.875 (0.960)	
Train Epoch-7   Iter-500/706	loss 0.0032 (0.1072)	accu 1.000 (0.961)	
Train Epoch-7   Iter-525/706	loss 0.4359 (0.1090)	accu 0.875 (0.960)	
Train Epoch-7   Iter-550/706	loss 0.0149 (0.1122)	accu 1.000 (0.959)	
Train Epoch-7   Iter-575/706	loss 0.2135 (0.1137)	accu 0.875 (0.959)	
Train Epoch-7   Iter-600/706	loss 0.0757 (0.1167)	accu 1.000 (0.957)	
Train Epoch-7   Iter-625/706	loss 0.0539 (0.1146)	accu 1.000 (0.958)	
Train Epoch-7   Iter-650/706	loss 0.1708 (0.1144)	accu 0.875 (0.959)	
Train Epoch-7   Iter-675/706	loss 0.0114 (0.1155)	accu 1.000 (0.958)	
Train Epoch-7   Iter-700/706	loss 0.3425 (0.1130)	accu 0.875 (0.959)	
Eval Epoch-7   Iter-0  /52 	loss 2.0067 (2.0067)	accu 0.500 (0.500)	
Eval Epoch-7   Iter-25 /52 	loss 0.0006 (0.9227)	accu 1.000 (0.740)	
Eval Epoch-7   Iter-50 /52 	loss 0.8983 (1.0203)	accu 0.750 (0.748)	
Epoch-7   Train: loss 0.1125	accu 0.9595	Eval: loss 1.0732	accu 0.7428
Epoch     8: reducing learning rate of group 0 to 3.0000e-05.
Train Epoch-8   Iter-0  /706	loss 0.0038 (0.0038)	accu 1.000 (1.000)	
Train Epoch-8   Iter-25 /706	loss 0.0252 (0.0770)	accu 1.000 (0.976)	
Train Epoch-8   Iter-50 /706	loss 0.6326 (0.1176)	accu 0.875 (0.968)	
Train Epoch-8   Iter-75 /706	loss 0.3233 (0.1023)	accu 0.875 (0.969)	
Train Epoch-8   Iter-100/706	loss 0.0045 (0.1076)	accu 1.000 (0.969)	
Train Epoch-8   Iter-125/706	loss 0.3194 (0.1016)	accu 0.875 (0.970)	
Train Epoch-8   Iter-150/706	loss 0.2989 (0.0943)	accu 0.750 (0.971)	
Train Epoch-8   Iter-175/706	loss 0.0035 (0.0941)	accu 1.000 (0.972)	
Train Epoch-8   Iter-200/706	loss 0.0106 (0.0941)	accu 1.000 (0.972)	
Train Epoch-8   Iter-225/706	loss 0.0340 (0.0949)	accu 1.000 (0.972)	
Train Epoch-8   Iter-250/706	loss 0.0925 (0.0997)	accu 0.875 (0.970)	
Train Epoch-8   Iter-275/706	loss 0.0179 (0.0987)	accu 1.000 (0.968)	
Train Epoch-8   Iter-300/706	loss 0.0264 (0.0960)	accu 1.000 (0.969)	
Train Epoch-8   Iter-325/706	loss 0.0944 (0.0945)	accu 0.875 (0.969)	
Train Epoch-8   Iter-350/706	loss 0.0160 (0.0926)	accu 1.000 (0.969)	
Train Epoch-8   Iter-375/706	loss 0.0052 (0.0943)	accu 1.000 (0.968)	
Train Epoch-8   Iter-400/706	loss 0.0045 (0.0948)	accu 1.000 (0.968)	
Train Epoch-8   Iter-425/706	loss 0.0390 (0.0935)	accu 1.000 (0.968)	
Train Epoch-8   Iter-450/706	loss 0.0556 (0.0924)	accu 1.000 (0.968)	
Train Epoch-8   Iter-475/706	loss 0.4512 (0.0919)	accu 0.875 (0.969)	
Train Epoch-8   Iter-500/706	loss 0.0038 (0.0903)	accu 1.000 (0.970)	
Train Epoch-8   Iter-525/706	loss 0.0084 (0.0907)	accu 1.000 (0.970)	
Train Epoch-8   Iter-550/706	loss 0.0054 (0.0891)	accu 1.000 (0.971)	
Train Epoch-8   Iter-575/706	loss 0.7490 (0.0893)	accu 0.750 (0.971)	
Train Epoch-8   Iter-600/706	loss 0.2692 (0.0891)	accu 0.875 (0.971)	
Train Epoch-8   Iter-625/706	loss 0.0051 (0.0874)	accu 1.000 (0.971)	
Train Epoch-8   Iter-650/706	loss 0.2984 (0.0888)	accu 0.750 (0.971)	
Train Epoch-8   Iter-675/706	loss 0.0163 (0.0867)	accu 1.000 (0.972)	
Train Epoch-8   Iter-700/706	loss 0.0090 (0.0862)	accu 1.000 (0.972)	
Eval Epoch-8   Iter-0  /52 	loss 1.9351 (1.9351)	accu 0.500 (0.500)	
Eval Epoch-8   Iter-25 /52 	loss 0.0121 (1.0185)	accu 1.000 (0.678)	
Eval Epoch-8   Iter-50 /52 	loss 0.1262 (0.8863)	accu 1.000 (0.725)	
Epoch-8   Train: loss 0.0859	accu 0.9717	Eval: loss 0.9289	accu 0.7212
Train Epoch-9   Iter-0  /706	loss 0.0297 (0.0297)	accu 1.000 (1.000)	
Train Epoch-9   Iter-25 /706	loss 0.0095 (0.0545)	accu 1.000 (0.981)	
Train Epoch-9   Iter-50 /706	loss 0.6787 (0.0743)	accu 0.875 (0.978)	
Train Epoch-9   Iter-75 /706	loss 0.0178 (0.0662)	accu 1.000 (0.980)	
Train Epoch-9   Iter-100/706	loss 0.0162 (0.0652)	accu 1.000 (0.978)	
Train Epoch-9   Iter-125/706	loss 0.0023 (0.0755)	accu 1.000 (0.975)	
Train Epoch-9   Iter-150/706	loss 0.0387 (0.0800)	accu 1.000 (0.972)	
Train Epoch-9   Iter-175/706	loss 0.0191 (0.0750)	accu 1.000 (0.974)	
Train Epoch-9   Iter-200/706	loss 0.0078 (0.0723)	accu 1.000 (0.973)	
Train Epoch-9   Iter-225/706	loss 0.0295 (0.0682)	accu 1.000 (0.975)	
Train Epoch-9   Iter-250/706	loss 0.0330 (0.0632)	accu 1.000 (0.977)	
Train Epoch-9   Iter-275/706	loss 0.5425 (0.0650)	accu 0.875 (0.977)	
Train Epoch-9   Iter-300/706	loss 0.0106 (0.0673)	accu 1.000 (0.976)	
Train Epoch-9   Iter-325/706	loss 0.0067 (0.0708)	accu 1.000 (0.976)	
Train Epoch-9   Iter-350/706	loss 0.0032 (0.0702)	accu 1.000 (0.976)	
Train Epoch-9   Iter-375/706	loss 0.0101 (0.0699)	accu 1.000 (0.976)	
Train Epoch-9   Iter-400/706	loss 0.1684 (0.0708)	accu 0.875 (0.976)	
Train Epoch-9   Iter-425/706	loss 0.0053 (0.0697)	accu 1.000 (0.976)	
Train Epoch-9   Iter-450/706	loss 0.6414 (0.0701)	accu 0.875 (0.976)	
Train Epoch-9   Iter-475/706	loss 0.0046 (0.0731)	accu 1.000 (0.975)	
Train Epoch-9   Iter-500/706	loss 0.0246 (0.0733)	accu 1.000 (0.975)	
Train Epoch-9   Iter-525/706	loss 0.0176 (0.0729)	accu 1.000 (0.975)	
Train Epoch-9   Iter-550/706	loss 0.0040 (0.0734)	accu 1.000 (0.975)	
Train Epoch-9   Iter-575/706	loss 0.0166 (0.0724)	accu 1.000 (0.975)	
Train Epoch-9   Iter-600/706	loss 0.0119 (0.0728)	accu 1.000 (0.975)	
Train Epoch-9   Iter-625/706	loss 0.0164 (0.0725)	accu 1.000 (0.975)	
Train Epoch-9   Iter-650/706	loss 0.1111 (0.0743)	accu 0.875 (0.974)	
Train Epoch-9   Iter-675/706	loss 0.0099 (0.0769)	accu 1.000 (0.973)	
Train Epoch-9   Iter-700/706	loss 0.0570 (0.0783)	accu 1.000 (0.973)	
Eval Epoch-9   Iter-0  /52 	loss 1.6142 (1.6142)	accu 0.500 (0.500)	
Eval Epoch-9   Iter-25 /52 	loss 0.0394 (0.8500)	accu 1.000 (0.678)	
Eval Epoch-9   Iter-50 /52 	loss 0.1812 (0.7253)	accu 0.875 (0.723)	
Epoch-9   Train: loss 0.0780	accu 0.9734	Eval: loss 0.7573	accu 0.7188
Train Epoch-10  Iter-0  /706	loss 0.0202 (0.0202)	accu 1.000 (1.000)	
Train Epoch-10  Iter-25 /706	loss 0.0063 (0.0715)	accu 1.000 (0.981)	
Train Epoch-10  Iter-50 /706	loss 0.0425 (0.0776)	accu 1.000 (0.978)	
Train Epoch-10  Iter-75 /706	loss 0.0705 (0.0734)	accu 1.000 (0.977)	
Train Epoch-10  Iter-100/706	loss 0.0066 (0.0749)	accu 1.000 (0.978)	
Train Epoch-10  Iter-125/706	loss 0.0022 (0.0763)	accu 1.000 (0.979)	
Train Epoch-10  Iter-150/706	loss 0.0037 (0.0738)	accu 1.000 (0.979)	
Train Epoch-10  Iter-175/706	loss 0.2137 (0.0731)	accu 0.875 (0.978)	
Train Epoch-10  Iter-200/706	loss 0.1223 (0.0792)	accu 1.000 (0.975)	
Train Epoch-10  Iter-225/706	loss 0.1143 (0.0779)	accu 1.000 (0.976)	
Train Epoch-10  Iter-250/706	loss 0.0307 (0.0792)	accu 1.000 (0.976)	
Train Epoch-10  Iter-275/706	loss 0.1618 (0.0750)	accu 0.875 (0.977)	
Train Epoch-10  Iter-300/706	loss 0.0042 (0.0760)	accu 1.000 (0.977)	
Train Epoch-10  Iter-325/706	loss 0.0145 (0.0791)	accu 1.000 (0.975)	
Train Epoch-10  Iter-350/706	loss 0.0953 (0.0794)	accu 1.000 (0.975)	
Train Epoch-10  Iter-375/706	loss 0.0022 (0.0793)	accu 1.000 (0.975)	
Train Epoch-10  Iter-400/706	loss 0.0035 (0.0769)	accu 1.000 (0.976)	
Train Epoch-10  Iter-425/706	loss 0.0126 (0.0759)	accu 1.000 (0.976)	
Train Epoch-10  Iter-450/706	loss 0.0644 (0.0738)	accu 1.000 (0.976)	
Train Epoch-10  Iter-475/706	loss 0.0316 (0.0711)	accu 1.000 (0.977)	
Train Epoch-10  Iter-500/706	loss 0.6274 (0.0736)	accu 0.875 (0.976)	
Train Epoch-10  Iter-525/706	loss 0.0016 (0.0719)	accu 1.000 (0.977)	
Train Epoch-10  Iter-550/706	loss 0.0411 (0.0695)	accu 1.000 (0.978)	
Train Epoch-10  Iter-575/706	loss 0.0027 (0.0702)	accu 1.000 (0.978)	
Train Epoch-10  Iter-600/706	loss 0.0441 (0.0696)	accu 1.000 (0.978)	
Train Epoch-10  Iter-625/706	loss 0.0042 (0.0702)	accu 1.000 (0.977)	
Train Epoch-10  Iter-650/706	loss 0.0142 (0.0690)	accu 1.000 (0.978)	
Train Epoch-10  Iter-675/706	loss 0.0157 (0.0685)	accu 1.000 (0.978)	
Train Epoch-10  Iter-700/706	loss 0.0037 (0.0678)	accu 1.000 (0.978)	
Eval Epoch-10  Iter-0  /52 	loss 1.8223 (1.8223)	accu 0.500 (0.500)	
Eval Epoch-10  Iter-25 /52 	loss 0.0108 (1.0424)	accu 1.000 (0.692)	
Eval Epoch-10  Iter-50 /52 	loss 0.2110 (0.8969)	accu 0.875 (0.725)	
Epoch-10  Train: loss 0.0675	accu 0.9784	Eval: loss 0.9396	accu 0.7212
Train Epoch-11  Iter-0  /706	loss 0.0050 (0.0050)	accu 1.000 (1.000)	
Train Epoch-11  Iter-25 /706	loss 0.0141 (0.0374)	accu 1.000 (0.990)	
Train Epoch-11  Iter-50 /706	loss 0.0306 (0.0424)	accu 1.000 (0.985)	
Train Epoch-11  Iter-75 /706	loss 0.0030 (0.0361)	accu 1.000 (0.988)	
Train Epoch-11  Iter-100/706	loss 0.0194 (0.0609)	accu 1.000 (0.983)	
Train Epoch-11  Iter-125/706	loss 0.0112 (0.0681)	accu 1.000 (0.978)	
Train Epoch-11  Iter-150/706	loss 0.0180 (0.0670)	accu 1.000 (0.977)	
Train Epoch-11  Iter-175/706	loss 0.0142 (0.0664)	accu 1.000 (0.977)	
Train Epoch-11  Iter-200/706	loss 0.0113 (0.0633)	accu 1.000 (0.978)	
Train Epoch-11  Iter-225/706	loss 0.0093 (0.0631)	accu 1.000 (0.978)	
Train Epoch-11  Iter-250/706	loss 0.5559 (0.0664)	accu 0.875 (0.976)	
Train Epoch-11  Iter-275/706	loss 0.0197 (0.0689)	accu 1.000 (0.974)	
Train Epoch-11  Iter-300/706	loss 0.0861 (0.0672)	accu 1.000 (0.975)	
Train Epoch-11  Iter-325/706	loss 0.0733 (0.0691)	accu 1.000 (0.975)	
Train Epoch-11  Iter-350/706	loss 0.0075 (0.0680)	accu 1.000 (0.974)	
Train Epoch-11  Iter-375/706	loss 0.0073 (0.0645)	accu 1.000 (0.976)	
Train Epoch-11  Iter-400/706	loss 0.0077 (0.0647)	accu 1.000 (0.976)	
Train Epoch-11  Iter-425/706	loss 0.0120 (0.0677)	accu 1.000 (0.974)	
Train Epoch-11  Iter-450/706	loss 0.0440 (0.0712)	accu 1.000 (0.973)	
Train Epoch-11  Iter-475/706	loss 0.0050 (0.0724)	accu 1.000 (0.973)	
Train Epoch-11  Iter-500/706	loss 0.3571 (0.0713)	accu 0.750 (0.973)	
Train Epoch-11  Iter-525/706	loss 0.0131 (0.0698)	accu 1.000 (0.974)	
Train Epoch-11  Iter-550/706	loss 0.0132 (0.0696)	accu 1.000 (0.974)	
Train Epoch-11  Iter-575/706	loss 0.0087 (0.0682)	accu 1.000 (0.975)	
Train Epoch-11  Iter-600/706	loss 0.1261 (0.0700)	accu 0.875 (0.974)	
Train Epoch-11  Iter-625/706	loss 0.0044 (0.0695)	accu 1.000 (0.974)	
Train Epoch-11  Iter-650/706	loss 0.0026 (0.0705)	accu 1.000 (0.974)	
Train Epoch-11  Iter-675/706	loss 0.0152 (0.0689)	accu 1.000 (0.975)	
Train Epoch-11  Iter-700/706	loss 0.0169 (0.0690)	accu 1.000 (0.975)	
Eval Epoch-11  Iter-0  /52 	loss 1.7879 (1.7879)	accu 0.500 (0.500)	
Eval Epoch-11  Iter-25 /52 	loss 0.0244 (0.9790)	accu 1.000 (0.692)	
Eval Epoch-11  Iter-50 /52 	loss 0.2579 (0.8259)	accu 0.750 (0.733)	
Epoch-11  Train: loss 0.0687	accu 0.9756	Eval: loss 0.8694	accu 0.7284
Train Epoch-12  Iter-0  /706	loss 0.0017 (0.0017)	accu 1.000 (1.000)	
Train Epoch-12  Iter-25 /706	loss 0.0427 (0.0203)	accu 1.000 (0.995)	
Train Epoch-12  Iter-50 /706	loss 0.0014 (0.0450)	accu 1.000 (0.988)	
Train Epoch-12  Iter-75 /706	loss 0.0124 (0.0368)	accu 1.000 (0.990)	
Train Epoch-12  Iter-100/706	loss 0.0137 (0.0411)	accu 1.000 (0.986)	
Train Epoch-12  Iter-125/706	loss 0.0549 (0.0400)	accu 1.000 (0.987)	
Train Epoch-12  Iter-150/706	loss 0.0079 (0.0434)	accu 1.000 (0.985)	
Train Epoch-12  Iter-175/706	loss 0.2413 (0.0445)	accu 0.875 (0.985)	
Train Epoch-12  Iter-200/706	loss 0.0017 (0.0464)	accu 1.000 (0.983)	
Train Epoch-12  Iter-225/706	loss 0.0205 (0.0492)	accu 1.000 (0.982)	
Train Epoch-12  Iter-250/706	loss 0.0019 (0.0487)	accu 1.000 (0.981)	
Train Epoch-12  Iter-275/706	loss 0.0243 (0.0521)	accu 1.000 (0.981)	
Train Epoch-12  Iter-300/706	loss 0.0041 (0.0520)	accu 1.000 (0.981)	
Train Epoch-12  Iter-325/706	loss 0.0036 (0.0535)	accu 1.000 (0.980)	
Train Epoch-12  Iter-350/706	loss 0.0082 (0.0547)	accu 1.000 (0.980)	
Train Epoch-12  Iter-375/706	loss 0.1629 (0.0543)	accu 0.875 (0.979)	
Train Epoch-12  Iter-400/706	loss 0.0020 (0.0555)	accu 1.000 (0.979)	
Train Epoch-12  Iter-425/706	loss 1.0656 (0.0588)	accu 0.875 (0.978)	
Train Epoch-12  Iter-450/706	loss 0.2320 (0.0582)	accu 0.875 (0.979)	
Train Epoch-12  Iter-475/706	loss 0.0113 (0.0606)	accu 1.000 (0.978)	
Train Epoch-12  Iter-500/706	loss 0.0065 (0.0597)	accu 1.000 (0.978)	
Train Epoch-12  Iter-525/706	loss 0.0579 (0.0599)	accu 1.000 (0.978)	
Train Epoch-12  Iter-550/706	loss 0.0010 (0.0587)	accu 1.000 (0.978)	
Train Epoch-12  Iter-575/706	loss 0.0329 (0.0577)	accu 1.000 (0.979)	
Train Epoch-12  Iter-600/706	loss 0.0309 (0.0582)	accu 1.000 (0.979)	
Train Epoch-12  Iter-625/706	loss 0.0166 (0.0578)	accu 1.000 (0.979)	
Train Epoch-12  Iter-650/706	loss 0.0651 (0.0598)	accu 1.000 (0.979)	
Train Epoch-12  Iter-675/706	loss 0.0259 (0.0602)	accu 1.000 (0.979)	
Train Epoch-12  Iter-700/706	loss 0.0133 (0.0593)	accu 1.000 (0.979)	
Eval Epoch-12  Iter-0  /52 	loss 1.9430 (1.9430)	accu 0.500 (0.500)	
Eval Epoch-12  Iter-25 /52 	loss 0.0348 (1.0383)	accu 1.000 (0.688)	
Eval Epoch-12  Iter-50 /52 	loss 0.1585 (0.8626)	accu 0.875 (0.725)	
Epoch-12  Train: loss 0.0590	accu 0.9791	Eval: loss 0.9098	accu 0.7212
Train Epoch-13  Iter-0  /706	loss 0.0059 (0.0059)	accu 1.000 (1.000)	
Train Epoch-13  Iter-25 /706	loss 0.7075 (0.0861)	accu 0.875 (0.976)	
Train Epoch-13  Iter-50 /706	loss 0.0012 (0.0604)	accu 1.000 (0.983)	
Train Epoch-13  Iter-75 /706	loss 0.0029 (0.0605)	accu 1.000 (0.982)	
Train Epoch-13  Iter-100/706	loss 0.0030 (0.0629)	accu 1.000 (0.979)	
Train Epoch-13  Iter-125/706	loss 0.0135 (0.0636)	accu 1.000 (0.980)	
Train Epoch-13  Iter-150/706	loss 0.1193 (0.0600)	accu 0.875 (0.980)	
Train Epoch-13  Iter-175/706	loss 0.0015 (0.0600)	accu 1.000 (0.980)	
Train Epoch-13  Iter-200/706	loss 0.0012 (0.0604)	accu 1.000 (0.980)	
Train Epoch-13  Iter-225/706	loss 0.0019 (0.0580)	accu 1.000 (0.981)	
Train Epoch-13  Iter-250/706	loss 0.0560 (0.0573)	accu 1.000 (0.982)	
Train Epoch-13  Iter-275/706	loss 0.0109 (0.0551)	accu 1.000 (0.983)	
Train Epoch-13  Iter-300/706	loss 0.0024 (0.0549)	accu 1.000 (0.983)	
Train Epoch-13  Iter-325/706	loss 0.0003 (0.0539)	accu 1.000 (0.983)	
Train Epoch-13  Iter-350/706	loss 0.0022 (0.0529)	accu 1.000 (0.983)	
Train Epoch-13  Iter-375/706	loss 0.0070 (0.0551)	accu 1.000 (0.983)	
Train Epoch-13  Iter-400/706	loss 0.0381 (0.0549)	accu 1.000 (0.983)	
Train Epoch-13  Iter-425/706	loss 0.2082 (0.0571)	accu 0.875 (0.982)	
Train Epoch-13  Iter-450/706	loss 0.1056 (0.0594)	accu 0.875 (0.980)	
Train Epoch-13  Iter-475/706	loss 0.0981 (0.0575)	accu 0.875 (0.981)	
Train Epoch-13  Iter-500/706	loss 0.0047 (0.0566)	accu 1.000 (0.981)	
Train Epoch-13  Iter-525/706	loss 0.0182 (0.0550)	accu 1.000 (0.982)	
Train Epoch-13  Iter-550/706	loss 0.0013 (0.0568)	accu 1.000 (0.981)	
Train Epoch-13  Iter-575/706	loss 0.0030 (0.0579)	accu 1.000 (0.981)	
Train Epoch-13  Iter-600/706	loss 0.0051 (0.0566)	accu 1.000 (0.982)	
Train Epoch-13  Iter-625/706	loss 0.0036 (0.0559)	accu 1.000 (0.982)	
Train Epoch-13  Iter-650/706	loss 0.0619 (0.0565)	accu 1.000 (0.982)	
Train Epoch-13  Iter-675/706	loss 0.0039 (0.0562)	accu 1.000 (0.982)	
Train Epoch-13  Iter-700/706	loss 0.0463 (0.0560)	accu 1.000 (0.981)	
Eval Epoch-13  Iter-0  /52 	loss 1.8664 (1.8664)	accu 0.625 (0.625)	
Eval Epoch-13  Iter-25 /52 	loss 0.0285 (1.0613)	accu 1.000 (0.731)	
Eval Epoch-13  Iter-50 /52 	loss 0.1617 (0.8894)	accu 0.875 (0.752)	
Epoch-13  Train: loss 0.0566	accu 0.9811	Eval: loss 0.9378	accu 0.7476
Epoch    14: reducing learning rate of group 0 to 3.0000e-06.
Train Epoch-14  Iter-0  /706	loss 0.0238 (0.0238)	accu 1.000 (1.000)	
Train Epoch-14  Iter-25 /706	loss 0.0046 (0.0341)	accu 1.000 (0.981)	
Train Epoch-14  Iter-50 /706	loss 0.0121 (0.0332)	accu 1.000 (0.985)	
Train Epoch-14  Iter-75 /706	loss 0.0165 (0.0442)	accu 1.000 (0.984)	
Train Epoch-14  Iter-100/706	loss 0.0005 (0.0510)	accu 1.000 (0.981)	
Train Epoch-14  Iter-125/706	loss 0.0177 (0.0498)	accu 1.000 (0.982)	
Train Epoch-14  Iter-150/706	loss 0.0129 (0.0572)	accu 1.000 (0.981)	
Train Epoch-14  Iter-175/706	loss 0.1069 (0.0569)	accu 1.000 (0.981)	
Train Epoch-14  Iter-200/706	loss 0.0008 (0.0536)	accu 1.000 (0.982)	
Train Epoch-14  Iter-225/706	loss 0.0004 (0.0516)	accu 1.000 (0.983)	
Train Epoch-14  Iter-250/706	loss 0.0009 (0.0538)	accu 1.000 (0.982)	
Train Epoch-14  Iter-275/706	loss 0.0044 (0.0535)	accu 1.000 (0.981)	
Train Epoch-14  Iter-300/706	loss 0.0114 (0.0508)	accu 1.000 (0.982)	
Train Epoch-14  Iter-325/706	loss 0.0432 (0.0496)	accu 1.000 (0.982)	
Train Epoch-14  Iter-350/706	loss 0.0016 (0.0517)	accu 1.000 (0.982)	
Train Epoch-14  Iter-375/706	loss 0.4571 (0.0544)	accu 0.750 (0.980)	
Train Epoch-14  Iter-400/706	loss 0.0045 (0.0534)	accu 1.000 (0.981)	
Train Epoch-14  Iter-425/706	loss 0.0047 (0.0535)	accu 1.000 (0.981)	
Train Epoch-14  Iter-450/706	loss 0.0031 (0.0523)	accu 1.000 (0.981)	
Train Epoch-14  Iter-475/706	loss 0.0024 (0.0520)	accu 1.000 (0.981)	
Train Epoch-14  Iter-500/706	loss 0.0118 (0.0528)	accu 1.000 (0.981)	
Train Epoch-14  Iter-525/706	loss 0.0110 (0.0518)	accu 1.000 (0.981)	
Train Epoch-14  Iter-550/706	loss 0.0111 (0.0527)	accu 1.000 (0.981)	
Train Epoch-14  Iter-575/706	loss 0.0511 (0.0515)	accu 1.000 (0.981)	
Train Epoch-14  Iter-600/706	loss 0.0075 (0.0512)	accu 1.000 (0.981)	
Train Epoch-14  Iter-625/706	loss 0.3950 (0.0524)	accu 0.875 (0.981)	
Train Epoch-14  Iter-650/706	loss 0.0156 (0.0528)	accu 1.000 (0.981)	
Train Epoch-14  Iter-675/706	loss 0.0016 (0.0542)	accu 1.000 (0.980)	
Train Epoch-14  Iter-700/706	loss 0.0757 (0.0541)	accu 1.000 (0.980)	
Eval Epoch-14  Iter-0  /52 	loss 1.8079 (1.8079)	accu 0.625 (0.625)	
Eval Epoch-14  Iter-25 /52 	loss 0.0320 (1.0421)	accu 1.000 (0.731)	
Eval Epoch-14  Iter-50 /52 	loss 0.1700 (0.8752)	accu 0.875 (0.752)	
Epoch-14  Train: loss 0.0539	accu 0.9803	Eval: loss 0.9240	accu 0.7476
Train Epoch-15  Iter-0  /706	loss 0.2215 (0.2215)	accu 0.875 (0.875)	
Train Epoch-15  Iter-25 /706	loss 0.0014 (0.0831)	accu 1.000 (0.976)	
Train Epoch-15  Iter-50 /706	loss 0.0487 (0.0540)	accu 1.000 (0.985)	
Train Epoch-15  Iter-75 /706	loss 0.0020 (0.0557)	accu 1.000 (0.985)	
Train Epoch-15  Iter-100/706	loss 0.1025 (0.0489)	accu 0.875 (0.985)	
Train Epoch-15  Iter-125/706	loss 0.0009 (0.0497)	accu 1.000 (0.985)	
Train Epoch-15  Iter-150/706	loss 0.0095 (0.0442)	accu 1.000 (0.987)	
Train Epoch-15  Iter-175/706	loss 0.0015 (0.0483)	accu 1.000 (0.986)	
Train Epoch-15  Iter-200/706	loss 0.0158 (0.0498)	accu 1.000 (0.984)	
Train Epoch-15  Iter-225/706	loss 0.1550 (0.0498)	accu 0.875 (0.982)	
Train Epoch-15  Iter-250/706	loss 0.1695 (0.0509)	accu 0.875 (0.982)	
Train Epoch-15  Iter-275/706	loss 0.0162 (0.0525)	accu 1.000 (0.982)	
Train Epoch-15  Iter-300/706	loss 0.0006 (0.0507)	accu 1.000 (0.983)	
Train Epoch-15  Iter-325/706	loss 0.2644 (0.0516)	accu 0.875 (0.982)	
Train Epoch-15  Iter-350/706	loss 0.0107 (0.0541)	accu 1.000 (0.981)	
Train Epoch-15  Iter-375/706	loss 0.0081 (0.0532)	accu 1.000 (0.981)	
Train Epoch-15  Iter-400/706	loss 0.0699 (0.0526)	accu 1.000 (0.982)	
Train Epoch-15  Iter-425/706	loss 0.0349 (0.0509)	accu 1.000 (0.983)	
Train Epoch-15  Iter-450/706	loss 0.0022 (0.0527)	accu 1.000 (0.982)	
Train Epoch-15  Iter-475/706	loss 0.0015 (0.0525)	accu 1.000 (0.982)	
Train Epoch-15  Iter-500/706	loss 0.0005 (0.0531)	accu 1.000 (0.982)	
Train Epoch-15  Iter-525/706	loss 0.1476 (0.0532)	accu 0.875 (0.982)	
Train Epoch-15  Iter-550/706	loss 0.0083 (0.0526)	accu 1.000 (0.982)	
Train Epoch-15  Iter-575/706	loss 0.0215 (0.0518)	accu 1.000 (0.982)	
Train Epoch-15  Iter-600/706	loss 0.0011 (0.0515)	accu 1.000 (0.982)	
Train Epoch-15  Iter-625/706	loss 0.0128 (0.0508)	accu 1.000 (0.982)	
Train Epoch-15  Iter-650/706	loss 0.0028 (0.0501)	accu 1.000 (0.983)	
Train Epoch-15  Iter-675/706	loss 0.0727 (0.0491)	accu 1.000 (0.983)	
Train Epoch-15  Iter-700/706	loss 0.0221 (0.0497)	accu 1.000 (0.983)	
Eval Epoch-15  Iter-0  /52 	loss 1.7678 (1.7678)	accu 0.625 (0.625)	
Eval Epoch-15  Iter-25 /52 	loss 0.0243 (1.0099)	accu 1.000 (0.740)	
Eval Epoch-15  Iter-50 /52 	loss 0.1796 (0.8736)	accu 0.875 (0.760)	
Epoch-15  Train: loss 0.0495	accu 0.9830	Eval: loss 0.9247	accu 0.7548
Train Epoch-16  Iter-0  /706	loss 0.0039 (0.0039)	accu 1.000 (1.000)	
Train Epoch-16  Iter-25 /706	loss 0.0095 (0.0527)	accu 1.000 (0.981)	
Train Epoch-16  Iter-50 /706	loss 0.0022 (0.0470)	accu 1.000 (0.983)	
Train Epoch-16  Iter-75 /706	loss 0.0060 (0.0559)	accu 1.000 (0.977)	
Train Epoch-16  Iter-100/706	loss 0.0015 (0.0554)	accu 1.000 (0.976)	
Train Epoch-16  Iter-125/706	loss 0.0325 (0.0500)	accu 1.000 (0.980)	
Train Epoch-16  Iter-150/706	loss 0.0204 (0.0488)	accu 1.000 (0.981)	
Train Epoch-16  Iter-175/706	loss 0.0015 (0.0548)	accu 1.000 (0.979)	
Train Epoch-16  Iter-200/706	loss 0.0966 (0.0552)	accu 0.875 (0.978)	
Train Epoch-16  Iter-225/706	loss 0.0008 (0.0542)	accu 1.000 (0.979)	
Train Epoch-16  Iter-250/706	loss 0.0972 (0.0521)	accu 0.875 (0.980)	
Train Epoch-16  Iter-275/706	loss 0.0013 (0.0510)	accu 1.000 (0.980)	
Train Epoch-16  Iter-300/706	loss 0.3392 (0.0514)	accu 0.875 (0.980)	
Train Epoch-16  Iter-325/706	loss 0.0131 (0.0526)	accu 1.000 (0.980)	
Train Epoch-16  Iter-350/706	loss 0.1133 (0.0542)	accu 0.875 (0.979)	
Train Epoch-16  Iter-375/706	loss 0.0008 (0.0523)	accu 1.000 (0.980)	
Train Epoch-16  Iter-400/706	loss 0.0051 (0.0546)	accu 1.000 (0.979)	
Train Epoch-16  Iter-425/706	loss 0.0333 (0.0536)	accu 1.000 (0.979)	
Train Epoch-16  Iter-450/706	loss 0.0105 (0.0525)	accu 1.000 (0.979)	
Train Epoch-16  Iter-475/706	loss 0.0022 (0.0519)	accu 1.000 (0.980)	
Train Epoch-16  Iter-500/706	loss 0.0021 (0.0505)	accu 1.000 (0.980)	
Train Epoch-16  Iter-525/706	loss 0.0979 (0.0513)	accu 0.875 (0.980)	
Train Epoch-16  Iter-550/706	loss 0.0021 (0.0498)	accu 1.000 (0.980)	
Train Epoch-16  Iter-575/706	loss 0.0508 (0.0492)	accu 1.000 (0.980)	
Train Epoch-16  Iter-600/706	loss 0.0026 (0.0482)	accu 1.000 (0.980)	
Train Epoch-16  Iter-625/706	loss 0.7022 (0.0493)	accu 0.875 (0.980)	
Train Epoch-16  Iter-650/706	loss 0.0417 (0.0501)	accu 1.000 (0.980)	
Train Epoch-16  Iter-675/706	loss 0.0003 (0.0493)	accu 1.000 (0.980)	
Train Epoch-16  Iter-700/706	loss 0.0025 (0.0518)	accu 1.000 (0.980)	
Eval Epoch-16  Iter-0  /52 	loss 1.8495 (1.8495)	accu 0.625 (0.625)	
Eval Epoch-16  Iter-25 /52 	loss 0.0266 (1.0555)	accu 1.000 (0.726)	
Eval Epoch-16  Iter-50 /52 	loss 0.1479 (0.8968)	accu 0.875 (0.752)	
Epoch-16  Train: loss 0.0516	accu 0.9803	Eval: loss 0.9480	accu 0.7476
Train Epoch-17  Iter-0  /706	loss 0.0132 (0.0132)	accu 1.000 (1.000)	
Train Epoch-17  Iter-25 /706	loss 0.0079 (0.0540)	accu 1.000 (0.986)	
Train Epoch-17  Iter-50 /706	loss 0.0316 (0.0525)	accu 1.000 (0.985)	
Train Epoch-17  Iter-75 /706	loss 0.0426 (0.0664)	accu 1.000 (0.982)	
Train Epoch-17  Iter-100/706	loss 0.0368 (0.0595)	accu 1.000 (0.984)	
Train Epoch-17  Iter-125/706	loss 0.0017 (0.0568)	accu 1.000 (0.985)	
Train Epoch-17  Iter-150/706	loss 0.0522 (0.0632)	accu 1.000 (0.982)	
Train Epoch-17  Iter-175/706	loss 0.0035 (0.0617)	accu 1.000 (0.982)	
Train Epoch-17  Iter-200/706	loss 0.0071 (0.0617)	accu 1.000 (0.981)	
Train Epoch-17  Iter-225/706	loss 0.0098 (0.0576)	accu 1.000 (0.982)	
Train Epoch-17  Iter-250/706	loss 0.0810 (0.0587)	accu 1.000 (0.982)	
Train Epoch-17  Iter-275/706	loss 0.0012 (0.0576)	accu 1.000 (0.982)	
Train Epoch-17  Iter-300/706	loss 0.0083 (0.0566)	accu 1.000 (0.983)	
Train Epoch-17  Iter-325/706	loss 0.0208 (0.0562)	accu 1.000 (0.983)	
Train Epoch-17  Iter-350/706	loss 0.0784 (0.0563)	accu 1.000 (0.983)	
Train Epoch-17  Iter-375/706	loss 0.0011 (0.0543)	accu 1.000 (0.983)	
Train Epoch-17  Iter-400/706	loss 0.0085 (0.0566)	accu 1.000 (0.982)	
Train Epoch-17  Iter-425/706	loss 0.0004 (0.0565)	accu 1.000 (0.982)	
Train Epoch-17  Iter-450/706	loss 0.0040 (0.0555)	accu 1.000 (0.983)	
Train Epoch-17  Iter-475/706	loss 0.0028 (0.0550)	accu 1.000 (0.982)	
Train Epoch-17  Iter-500/706	loss 0.3356 (0.0562)	accu 0.875 (0.982)	
Train Epoch-17  Iter-525/706	loss 0.0187 (0.0581)	accu 1.000 (0.981)	
Train Epoch-17  Iter-550/706	loss 0.0005 (0.0578)	accu 1.000 (0.980)	
Train Epoch-17  Iter-575/706	loss 0.0461 (0.0567)	accu 1.000 (0.980)	
Train Epoch-17  Iter-600/706	loss 0.0030 (0.0565)	accu 1.000 (0.980)	
Train Epoch-17  Iter-625/706	loss 0.0213 (0.0550)	accu 1.000 (0.981)	
Train Epoch-17  Iter-650/706	loss 0.0095 (0.0552)	accu 1.000 (0.981)	
Train Epoch-17  Iter-675/706	loss 0.0018 (0.0543)	accu 1.000 (0.981)	
Train Epoch-17  Iter-700/706	loss 0.0013 (0.0545)	accu 1.000 (0.981)	
Eval Epoch-17  Iter-0  /52 	loss 1.9308 (1.9308)	accu 0.625 (0.625)	
Eval Epoch-17  Iter-25 /52 	loss 0.0358 (1.0924)	accu 1.000 (0.721)	
Eval Epoch-17  Iter-50 /52 	loss 0.1222 (0.9108)	accu 0.875 (0.755)	
Epoch-17  Train: loss 0.0555	accu 0.9806	Eval: loss 0.9609	accu 0.7500
Train Epoch-18  Iter-0  /706	loss 0.5810 (0.5810)	accu 0.875 (0.875)	
Train Epoch-18  Iter-25 /706	loss 0.0123 (0.0496)	accu 1.000 (0.981)	
Train Epoch-18  Iter-50 /706	loss 0.0022 (0.0581)	accu 1.000 (0.985)	
Train Epoch-18  Iter-75 /706	loss 0.0552 (0.0593)	accu 1.000 (0.984)	
Train Epoch-18  Iter-100/706	loss 0.0457 (0.0579)	accu 1.000 (0.981)	
Train Epoch-18  Iter-125/706	loss 0.0588 (0.0559)	accu 1.000 (0.982)	
Train Epoch-18  Iter-150/706	loss 0.0054 (0.0531)	accu 1.000 (0.982)	
Train Epoch-18  Iter-175/706	loss 0.0091 (0.0544)	accu 1.000 (0.980)	
Train Epoch-18  Iter-200/706	loss 0.0016 (0.0510)	accu 1.000 (0.982)	
Train Epoch-18  Iter-225/706	loss 0.0100 (0.0534)	accu 1.000 (0.980)	
Train Epoch-18  Iter-250/706	loss 0.0089 (0.0500)	accu 1.000 (0.982)	
Train Epoch-18  Iter-275/706	loss 0.0021 (0.0498)	accu 1.000 (0.982)	
Train Epoch-18  Iter-300/706	loss 0.0073 (0.0510)	accu 1.000 (0.982)	
Train Epoch-18  Iter-325/706	loss 0.0390 (0.0546)	accu 1.000 (0.981)	
Train Epoch-18  Iter-350/706	loss 0.0159 (0.0539)	accu 1.000 (0.981)	
Train Epoch-18  Iter-375/706	loss 0.0006 (0.0544)	accu 1.000 (0.981)	
Train Epoch-18  Iter-400/706	loss 0.0094 (0.0521)	accu 1.000 (0.982)	
Train Epoch-18  Iter-425/706	loss 0.0268 (0.0520)	accu 1.000 (0.982)	
Train Epoch-18  Iter-450/706	loss 0.0058 (0.0509)	accu 1.000 (0.982)	
Train Epoch-18  Iter-475/706	loss 0.0923 (0.0518)	accu 0.875 (0.982)	
Train Epoch-18  Iter-500/706	loss 0.0029 (0.0502)	accu 1.000 (0.982)	
Train Epoch-18  Iter-525/706	loss 0.0071 (0.0486)	accu 1.000 (0.983)	
Train Epoch-18  Iter-550/706	loss 0.0006 (0.0500)	accu 1.000 (0.982)	
Train Epoch-18  Iter-575/706	loss 0.0051 (0.0506)	accu 1.000 (0.982)	
Train Epoch-18  Iter-600/706	loss 0.0192 (0.0516)	accu 1.000 (0.982)	
Train Epoch-18  Iter-625/706	loss 0.0008 (0.0516)	accu 1.000 (0.982)	
Train Epoch-18  Iter-650/706	loss 0.2471 (0.0511)	accu 0.875 (0.982)	
Train Epoch-18  Iter-675/706	loss 0.0873 (0.0508)	accu 1.000 (0.982)	
Train Epoch-18  Iter-700/706	loss 0.0048 (0.0502)	accu 1.000 (0.982)	
Eval Epoch-18  Iter-0  /52 	loss 1.8650 (1.8650)	accu 0.625 (0.625)	
Eval Epoch-18  Iter-25 /52 	loss 0.0310 (1.0634)	accu 1.000 (0.731)	
Eval Epoch-18  Iter-50 /52 	loss 0.1531 (0.9015)	accu 0.875 (0.755)	
Epoch-18  Train: loss 0.0503	accu 0.9820	Eval: loss 0.9526	accu 0.7500
Train Epoch-19  Iter-0  /706	loss 0.0292 (0.0292)	accu 1.000 (1.000)	
Train Epoch-19  Iter-25 /706	loss 0.0023 (0.0901)	accu 1.000 (0.976)	
Train Epoch-19  Iter-50 /706	loss 0.0036 (0.0609)	accu 1.000 (0.985)	
Train Epoch-19  Iter-75 /706	loss 0.0364 (0.0549)	accu 1.000 (0.985)	
Train Epoch-19  Iter-100/706	loss 0.0011 (0.0494)	accu 1.000 (0.985)	
Train Epoch-19  Iter-125/706	loss 0.0011 (0.0432)	accu 1.000 (0.987)	
Train Epoch-19  Iter-150/706	loss 0.0048 (0.0424)	accu 1.000 (0.987)	
Train Epoch-19  Iter-175/706	loss 0.0109 (0.0402)	accu 1.000 (0.987)	
Train Epoch-19  Iter-200/706	loss 0.0006 (0.0436)	accu 1.000 (0.986)	
Train Epoch-19  Iter-225/706	loss 0.0008 (0.0478)	accu 1.000 (0.985)	
Train Epoch-19  Iter-250/706	loss 0.0114 (0.0513)	accu 1.000 (0.984)	
Train Epoch-19  Iter-275/706	loss 0.0039 (0.0536)	accu 1.000 (0.982)	
Train Epoch-19  Iter-300/706	loss 0.0426 (0.0567)	accu 1.000 (0.981)	
Train Epoch-19  Iter-325/706	loss 0.0224 (0.0543)	accu 1.000 (0.982)	
Train Epoch-19  Iter-350/706	loss 0.0026 (0.0529)	accu 1.000 (0.983)	
Train Epoch-19  Iter-375/706	loss 0.0181 (0.0539)	accu 1.000 (0.982)	
Train Epoch-19  Iter-400/706	loss 0.1079 (0.0543)	accu 1.000 (0.982)	
Train Epoch-19  Iter-425/706	loss 0.0012 (0.0565)	accu 1.000 (0.981)	
Train Epoch-19  Iter-450/706	loss 0.0073 (0.0552)	accu 1.000 (0.981)	
Train Epoch-19  Iter-475/706	loss 0.0059 (0.0543)	accu 1.000 (0.981)	
Train Epoch-19  Iter-500/706	loss 0.0126 (0.0527)	accu 1.000 (0.982)	
Train Epoch-19  Iter-525/706	loss 0.0921 (0.0528)	accu 1.000 (0.982)	
Train Epoch-19  Iter-550/706	loss 0.0095 (0.0526)	accu 1.000 (0.982)	
Train Epoch-19  Iter-575/706	loss 0.0224 (0.0542)	accu 1.000 (0.981)	
Train Epoch-19  Iter-600/706	loss 0.0130 (0.0551)	accu 1.000 (0.981)	
Train Epoch-19  Iter-625/706	loss 0.0398 (0.0538)	accu 1.000 (0.981)	
Train Epoch-19  Iter-650/706	loss 0.0102 (0.0526)	accu 1.000 (0.982)	
Train Epoch-19  Iter-675/706	loss 0.0012 (0.0526)	accu 1.000 (0.982)	
Train Epoch-19  Iter-700/706	loss 0.1564 (0.0521)	accu 0.875 (0.982)	
Eval Epoch-19  Iter-0  /52 	loss 1.8160 (1.8160)	accu 0.625 (0.625)	
Eval Epoch-19  Iter-25 /52 	loss 0.0259 (1.0357)	accu 1.000 (0.740)	
Eval Epoch-19  Iter-50 /52 	loss 0.1762 (0.8949)	accu 0.875 (0.762)	
Epoch-19  Train: loss 0.0520	accu 0.9814	Eval: loss 0.9479	accu 0.7572
Epoch    20: reducing learning rate of group 0 to 3.0000e-07.
Train Epoch-20  Iter-0  /706	loss 0.0158 (0.0158)	accu 1.000 (1.000)	
Train Epoch-20  Iter-25 /706	loss 0.0007 (0.0565)	accu 1.000 (0.976)	
Train Epoch-20  Iter-50 /706	loss 0.0077 (0.0683)	accu 1.000 (0.975)	
Train Epoch-20  Iter-75 /706	loss 0.0310 (0.0639)	accu 1.000 (0.979)	
Train Epoch-20  Iter-100/706	loss 0.0322 (0.0656)	accu 1.000 (0.978)	
Train Epoch-20  Iter-125/706	loss 0.0036 (0.0556)	accu 1.000 (0.981)	
Train Epoch-20  Iter-150/706	loss 0.0010 (0.0539)	accu 1.000 (0.983)	
Train Epoch-20  Iter-175/706	loss 0.8868 (0.0597)	accu 0.750 (0.980)	
Train Epoch-20  Iter-200/706	loss 0.0079 (0.0634)	accu 1.000 (0.978)	
Train Epoch-20  Iter-225/706	loss 0.1000 (0.0596)	accu 0.875 (0.980)	
Train Epoch-20  Iter-250/706	loss 0.0076 (0.0610)	accu 1.000 (0.980)	
Train Epoch-20  Iter-275/706	loss 0.1461 (0.0606)	accu 0.875 (0.980)	
Train Epoch-20  Iter-300/706	loss 0.0018 (0.0602)	accu 1.000 (0.981)	
Train Epoch-20  Iter-325/706	loss 0.0145 (0.0583)	accu 1.000 (0.982)	
Train Epoch-20  Iter-350/706	loss 0.1482 (0.0582)	accu 0.875 (0.981)	
Train Epoch-20  Iter-375/706	loss 0.0103 (0.0598)	accu 1.000 (0.981)	
Train Epoch-20  Iter-400/706	loss 0.0130 (0.0590)	accu 1.000 (0.981)	
Train Epoch-20  Iter-425/706	loss 0.0246 (0.0573)	accu 1.000 (0.982)	
Train Epoch-20  Iter-450/706	loss 0.0034 (0.0552)	accu 1.000 (0.982)	
Train Epoch-20  Iter-475/706	loss 0.1186 (0.0558)	accu 0.875 (0.982)	
Train Epoch-20  Iter-500/706	loss 0.0034 (0.0538)	accu 1.000 (0.982)	
Train Epoch-20  Iter-525/706	loss 0.0079 (0.0546)	accu 1.000 (0.982)	
Train Epoch-20  Iter-550/706	loss 0.0074 (0.0555)	accu 1.000 (0.982)	
Train Epoch-20  Iter-575/706	loss 0.0060 (0.0544)	accu 1.000 (0.982)	
Train Epoch-20  Iter-600/706	loss 0.0079 (0.0534)	accu 1.000 (0.983)	
Train Epoch-20  Iter-625/706	loss 0.4066 (0.0533)	accu 0.875 (0.983)	
Train Epoch-20  Iter-650/706	loss 0.0561 (0.0534)	accu 1.000 (0.983)	
Train Epoch-20  Iter-675/706	loss 0.0176 (0.0533)	accu 1.000 (0.983)	
Train Epoch-20  Iter-700/706	loss 0.0733 (0.0525)	accu 1.000 (0.983)	
Eval Epoch-20  Iter-0  /52 	loss 1.8304 (1.8304)	accu 0.625 (0.625)	
Eval Epoch-20  Iter-25 /52 	loss 0.0275 (1.0449)	accu 1.000 (0.736)	
Eval Epoch-20  Iter-50 /52 	loss 0.1668 (0.8973)	accu 0.875 (0.760)	
Epoch-20  Train: loss 0.0521	accu 0.9830	Eval: loss 0.9501	accu 0.7548
Train Epoch-21  Iter-0  /706	loss 0.0025 (0.0025)	accu 1.000 (1.000)	
Train Epoch-21  Iter-25 /706	loss 0.0022 (0.0750)	accu 1.000 (0.981)	
Train Epoch-21  Iter-50 /706	loss 0.0017 (0.0697)	accu 1.000 (0.983)	
Train Epoch-21  Iter-75 /706	loss 0.1451 (0.0559)	accu 0.875 (0.985)	
Train Epoch-21  Iter-100/706	loss 0.0086 (0.0610)	accu 1.000 (0.981)	
Train Epoch-21  Iter-125/706	loss 0.1014 (0.0568)	accu 1.000 (0.981)	
Train Epoch-21  Iter-150/706	loss 0.0191 (0.0527)	accu 1.000 (0.983)	
Train Epoch-21  Iter-175/706	loss 0.0154 (0.0549)	accu 1.000 (0.983)	
Train Epoch-21  Iter-200/706	loss 0.3573 (0.0542)	accu 0.875 (0.983)	
Train Epoch-21  Iter-225/706	loss 0.0091 (0.0533)	accu 1.000 (0.983)	
Train Epoch-21  Iter-250/706	loss 0.0031 (0.0544)	accu 1.000 (0.983)	
Train Epoch-21  Iter-275/706	loss 0.2226 (0.0551)	accu 0.875 (0.982)	
Train Epoch-21  Iter-300/706	loss 0.0050 (0.0565)	accu 1.000 (0.981)	
Train Epoch-21  Iter-325/706	loss 0.0221 (0.0551)	accu 1.000 (0.982)	
Train Epoch-21  Iter-350/706	loss 0.0060 (0.0539)	accu 1.000 (0.983)	
Train Epoch-21  Iter-375/706	loss 0.0016 (0.0518)	accu 1.000 (0.983)	
Train Epoch-21  Iter-400/706	loss 0.1707 (0.0505)	accu 0.875 (0.983)	
Train Epoch-21  Iter-425/706	loss 0.0052 (0.0521)	accu 1.000 (0.982)	
Train Epoch-21  Iter-450/706	loss 0.0457 (0.0502)	accu 1.000 (0.983)	
Train Epoch-21  Iter-475/706	loss 0.0059 (0.0480)	accu 1.000 (0.984)	
Train Epoch-21  Iter-500/706	loss 0.0235 (0.0472)	accu 1.000 (0.984)	
Train Epoch-21  Iter-525/706	loss 0.0418 (0.0482)	accu 1.000 (0.984)	
Train Epoch-21  Iter-550/706	loss 0.0046 (0.0478)	accu 1.000 (0.984)	
Train Epoch-21  Iter-575/706	loss 0.2441 (0.0490)	accu 0.875 (0.984)	
Train Epoch-21  Iter-600/706	loss 0.0452 (0.0485)	accu 1.000 (0.984)	
Train Epoch-21  Iter-625/706	loss 0.0016 (0.0469)	accu 1.000 (0.984)	
Train Epoch-21  Iter-650/706	loss 0.0311 (0.0466)	accu 1.000 (0.985)	
Train Epoch-21  Iter-675/706	loss 0.3253 (0.0479)	accu 0.875 (0.984)	
Train Epoch-21  Iter-700/706	loss 0.0091 (0.0479)	accu 1.000 (0.984)	
Eval Epoch-21  Iter-0  /52 	loss 1.8465 (1.8465)	accu 0.625 (0.625)	
Eval Epoch-21  Iter-25 /52 	loss 0.0293 (1.0546)	accu 1.000 (0.731)	
Eval Epoch-21  Iter-50 /52 	loss 0.1578 (0.8998)	accu 0.875 (0.760)	
Epoch-21  Train: loss 0.0482	accu 0.9837	Eval: loss 0.9523	accu 0.7548
Train Epoch-22  Iter-0  /706	loss 0.0020 (0.0020)	accu 1.000 (1.000)	
Train Epoch-22  Iter-25 /706	loss 0.0131 (0.0603)	accu 1.000 (0.990)	
Train Epoch-22  Iter-50 /706	loss 0.0136 (0.0587)	accu 1.000 (0.978)	
Train Epoch-22  Iter-75 /706	loss 0.0051 (0.0509)	accu 1.000 (0.982)	
Train Epoch-22  Iter-100/706	loss 0.0098 (0.0491)	accu 1.000 (0.981)	
Train Epoch-22  Iter-125/706	loss 0.0207 (0.0431)	accu 1.000 (0.984)	
Train Epoch-22  Iter-150/706	loss 0.0040 (0.0380)	accu 1.000 (0.987)	
Train Epoch-22  Iter-175/706	loss 0.0067 (0.0437)	accu 1.000 (0.986)	
Train Epoch-22  Iter-200/706	loss 0.0032 (0.0446)	accu 1.000 (0.984)	
Train Epoch-22  Iter-225/706	loss 0.0017 (0.0438)	accu 1.000 (0.985)	
Train Epoch-22  Iter-250/706	loss 0.0116 (0.0438)	accu 1.000 (0.985)	
Train Epoch-22  Iter-275/706	loss 0.0005 (0.0443)	accu 1.000 (0.985)	
Train Epoch-22  Iter-300/706	loss 0.0007 (0.0445)	accu 1.000 (0.985)	
Train Epoch-22  Iter-325/706	loss 0.0002 (0.0437)	accu 1.000 (0.985)	
Train Epoch-22  Iter-350/706	loss 0.0056 (0.0460)	accu 1.000 (0.984)	
Train Epoch-22  Iter-375/706	loss 0.0055 (0.0440)	accu 1.000 (0.985)	
Train Epoch-22  Iter-400/706	loss 0.0876 (0.0434)	accu 1.000 (0.986)	
Train Epoch-22  Iter-425/706	loss 0.3336 (0.0449)	accu 0.750 (0.985)	
Train Epoch-22  Iter-450/706	loss 0.0134 (0.0460)	accu 1.000 (0.984)	
Train Epoch-22  Iter-475/706	loss 0.0162 (0.0453)	accu 1.000 (0.985)	
Train Epoch-22  Iter-500/706	loss 0.3329 (0.0467)	accu 0.875 (0.984)	
Train Epoch-22  Iter-525/706	loss 0.0032 (0.0460)	accu 1.000 (0.984)	
Train Epoch-22  Iter-550/706	loss 0.0012 (0.0457)	accu 1.000 (0.984)	
Train Epoch-22  Iter-575/706	loss 0.0143 (0.0455)	accu 1.000 (0.985)	
Train Epoch-22  Iter-600/706	loss 0.0011 (0.0449)	accu 1.000 (0.985)	
Train Epoch-22  Iter-625/706	loss 0.0018 (0.0469)	accu 1.000 (0.985)	
Train Epoch-22  Iter-650/706	loss 0.0102 (0.0475)	accu 1.000 (0.985)	
Train Epoch-22  Iter-675/706	loss 0.0710 (0.0495)	accu 1.000 (0.984)	
Train Epoch-22  Iter-700/706	loss 0.3383 (0.0511)	accu 0.875 (0.984)	
Eval Epoch-22  Iter-0  /52 	loss 1.8279 (1.8279)	accu 0.625 (0.625)	
Eval Epoch-22  Iter-25 /52 	loss 0.0278 (1.0458)	accu 1.000 (0.736)	
Eval Epoch-22  Iter-50 /52 	loss 0.1653 (0.8976)	accu 0.875 (0.760)	
Epoch-22  Train: loss 0.0510	accu 0.9835	Eval: loss 0.9505	accu 0.7548
Train Epoch-23  Iter-0  /706	loss 0.0010 (0.0010)	accu 1.000 (1.000)	
Train Epoch-23  Iter-25 /706	loss 0.0041 (0.0430)	accu 1.000 (0.990)	
Train Epoch-23  Iter-50 /706	loss 0.0050 (0.0548)	accu 1.000 (0.980)	
Train Epoch-23  Iter-75 /706	loss 0.1368 (0.0752)	accu 1.000 (0.975)	
Train Epoch-23  Iter-100/706	loss 0.0109 (0.0660)	accu 1.000 (0.976)	
Train Epoch-23  Iter-125/706	loss 0.5938 (0.0670)	accu 0.875 (0.975)	
Train Epoch-23  Iter-150/706	loss 0.0015 (0.0592)	accu 1.000 (0.978)	
Train Epoch-23  Iter-175/706	loss 0.0200 (0.0557)	accu 1.000 (0.980)	
Train Epoch-23  Iter-200/706	loss 0.0002 (0.0569)	accu 1.000 (0.980)	
Train Epoch-23  Iter-225/706	loss 0.0008 (0.0564)	accu 1.000 (0.981)	
Train Epoch-23  Iter-250/706	loss 0.0060 (0.0553)	accu 1.000 (0.982)	
Train Epoch-23  Iter-275/706	loss 0.0029 (0.0561)	accu 1.000 (0.981)	
Train Epoch-23  Iter-300/706	loss 0.0029 (0.0559)	accu 1.000 (0.981)	
Train Epoch-23  Iter-325/706	loss 0.0226 (0.0548)	accu 1.000 (0.981)	
Train Epoch-23  Iter-350/706	loss 0.0095 (0.0544)	accu 1.000 (0.980)	
Train Epoch-23  Iter-375/706	loss 0.0024 (0.0570)	accu 1.000 (0.980)	
Train Epoch-23  Iter-400/706	loss 0.0014 (0.0551)	accu 1.000 (0.980)	
Train Epoch-23  Iter-425/706	loss 0.0030 (0.0528)	accu 1.000 (0.982)	
Train Epoch-23  Iter-450/706	loss 0.0014 (0.0527)	accu 1.000 (0.982)	
Train Epoch-23  Iter-475/706	loss 0.0153 (0.0524)	accu 1.000 (0.982)	
Train Epoch-23  Iter-500/706	loss 0.0021 (0.0519)	accu 1.000 (0.982)	
Train Epoch-23  Iter-525/706	loss 0.0427 (0.0524)	accu 1.000 (0.982)	
Train Epoch-23  Iter-550/706	loss 0.2235 (0.0535)	accu 0.875 (0.982)	
Train Epoch-23  Iter-575/706	loss 0.0040 (0.0529)	accu 1.000 (0.982)	
Train Epoch-23  Iter-600/706	loss 0.0208 (0.0521)	accu 1.000 (0.983)	
Train Epoch-23  Iter-625/706	loss 0.0021 (0.0518)	accu 1.000 (0.982)	
Train Epoch-23  Iter-650/706	loss 0.0016 (0.0506)	accu 1.000 (0.983)	
Train Epoch-23  Iter-675/706	loss 0.0013 (0.0509)	accu 1.000 (0.983)	
Train Epoch-23  Iter-700/706	loss 0.0004 (0.0501)	accu 1.000 (0.983)	
Eval Epoch-23  Iter-0  /52 	loss 1.8303 (1.8303)	accu 0.625 (0.625)	
Eval Epoch-23  Iter-25 /52 	loss 0.0286 (1.0477)	accu 1.000 (0.731)	
Eval Epoch-23  Iter-50 /52 	loss 0.1619 (0.8975)	accu 0.875 (0.757)	
Epoch-23  Train: loss 0.0498	accu 0.9832	Eval: loss 0.9502	accu 0.7524
Train Epoch-24  Iter-0  /706	loss 0.0013 (0.0013)	accu 1.000 (1.000)	
Train Epoch-24  Iter-25 /706	loss 0.0009 (0.0574)	accu 1.000 (0.986)	
Train Epoch-24  Iter-50 /706	loss 0.0095 (0.0755)	accu 1.000 (0.975)	
Train Epoch-24  Iter-75 /706	loss 0.0011 (0.0784)	accu 1.000 (0.975)	
Train Epoch-24  Iter-100/706	loss 0.0013 (0.0699)	accu 1.000 (0.979)	
Train Epoch-24  Iter-125/706	loss 0.0183 (0.0582)	accu 1.000 (0.983)	
Train Epoch-24  Iter-150/706	loss 0.0036 (0.0639)	accu 1.000 (0.982)	
Train Epoch-24  Iter-175/706	loss 0.0012 (0.0642)	accu 1.000 (0.981)	
Train Epoch-24  Iter-200/706	loss 0.0033 (0.0602)	accu 1.000 (0.981)	
Train Epoch-24  Iter-225/706	loss 0.0013 (0.0580)	accu 1.000 (0.982)	
Train Epoch-24  Iter-250/706	loss 0.0199 (0.0624)	accu 1.000 (0.981)	
Train Epoch-24  Iter-275/706	loss 0.0021 (0.0628)	accu 1.000 (0.980)	
Train Epoch-24  Iter-300/706	loss 0.0119 (0.0612)	accu 1.000 (0.980)	
Train Epoch-24  Iter-325/706	loss 0.0020 (0.0592)	accu 1.000 (0.981)	
Train Epoch-24  Iter-350/706	loss 0.0094 (0.0591)	accu 1.000 (0.981)	
Train Epoch-24  Iter-375/706	loss 0.0008 (0.0585)	accu 1.000 (0.981)	
Train Epoch-24  Iter-400/706	loss 0.0130 (0.0566)	accu 1.000 (0.982)	
Train Epoch-24  Iter-425/706	loss 0.0036 (0.0556)	accu 1.000 (0.982)	
Train Epoch-24  Iter-450/706	loss 0.0033 (0.0541)	accu 1.000 (0.983)	
Train Epoch-24  Iter-475/706	loss 0.1099 (0.0537)	accu 0.875 (0.982)	
Train Epoch-24  Iter-500/706	loss 0.0133 (0.0539)	accu 1.000 (0.982)	
Train Epoch-24  Iter-525/706	loss 0.0071 (0.0536)	accu 1.000 (0.982)	
Train Epoch-24  Iter-550/706	loss 0.0245 (0.0531)	accu 1.000 (0.983)	
Train Epoch-24  Iter-575/706	loss 0.0012 (0.0520)	accu 1.000 (0.983)	
Train Epoch-24  Iter-600/706	loss 0.0817 (0.0519)	accu 1.000 (0.983)	
Train Epoch-24  Iter-625/706	loss 0.0252 (0.0515)	accu 1.000 (0.983)	
Train Epoch-24  Iter-650/706	loss 0.1285 (0.0519)	accu 0.875 (0.983)	
Train Epoch-24  Iter-675/706	loss 0.0173 (0.0516)	accu 1.000 (0.983)	
Train Epoch-24  Iter-700/706	loss 0.0048 (0.0509)	accu 1.000 (0.983)	
Eval Epoch-24  Iter-0  /52 	loss 1.8381 (1.8381)	accu 0.625 (0.625)	
Eval Epoch-24  Iter-25 /52 	loss 0.0302 (1.0548)	accu 1.000 (0.731)	
Eval Epoch-24  Iter-50 /52 	loss 0.1558 (0.8989)	accu 0.875 (0.760)	
Epoch-24  Train: loss 0.0508	accu 0.9832	Eval: loss 0.9515	accu 0.7548
Train Epoch-25  Iter-0  /706	loss 0.1927 (0.1927)	accu 0.875 (0.875)	
Train Epoch-25  Iter-25 /706	loss 0.4803 (0.0398)	accu 0.750 (0.981)	
Train Epoch-25  Iter-50 /706	loss 0.0275 (0.0500)	accu 1.000 (0.983)	
Train Epoch-25  Iter-75 /706	loss 0.0038 (0.0565)	accu 1.000 (0.980)	
Train Epoch-25  Iter-100/706	loss 0.0016 (0.0503)	accu 1.000 (0.983)	
Train Epoch-25  Iter-125/706	loss 0.0007 (0.0476)	accu 1.000 (0.985)	
Train Epoch-25  Iter-150/706	loss 0.0067 (0.0451)	accu 1.000 (0.986)	
Train Epoch-25  Iter-175/706	loss 0.0096 (0.0483)	accu 1.000 (0.985)	
Train Epoch-25  Iter-200/706	loss 0.0369 (0.0473)	accu 1.000 (0.986)	
Train Epoch-25  Iter-225/706	loss 0.0019 (0.0491)	accu 1.000 (0.986)	
Train Epoch-25  Iter-250/706	loss 0.0176 (0.0479)	accu 1.000 (0.986)	
Train Epoch-25  Iter-275/706	loss 0.1515 (0.0479)	accu 0.875 (0.986)	
Train Epoch-25  Iter-300/706	loss 0.0019 (0.0507)	accu 1.000 (0.984)	
Train Epoch-25  Iter-325/706	loss 0.0282 (0.0494)	accu 1.000 (0.984)	
Train Epoch-25  Iter-350/706	loss 0.0136 (0.0499)	accu 1.000 (0.984)	
Train Epoch-25  Iter-375/706	loss 0.0019 (0.0485)	accu 1.000 (0.985)	
Train Epoch-25  Iter-400/706	loss 0.1212 (0.0494)	accu 1.000 (0.985)	
Train Epoch-25  Iter-425/706	loss 0.0002 (0.0497)	accu 1.000 (0.984)	
Train Epoch-25  Iter-450/706	loss 0.0035 (0.0491)	accu 1.000 (0.985)	
Train Epoch-25  Iter-475/706	loss 0.0076 (0.0513)	accu 1.000 (0.984)	
Train Epoch-25  Iter-500/706	loss 0.0098 (0.0501)	accu 1.000 (0.984)	
Train Epoch-25  Iter-525/706	loss 0.3346 (0.0515)	accu 0.875 (0.984)	
Train Epoch-25  Iter-550/706	loss 0.0004 (0.0526)	accu 1.000 (0.983)	
Train Epoch-25  Iter-575/706	loss 0.0050 (0.0522)	accu 1.000 (0.983)	
Train Epoch-25  Iter-600/706	loss 0.0004 (0.0533)	accu 1.000 (0.983)	
Train Epoch-25  Iter-625/706	loss 0.0766 (0.0525)	accu 1.000 (0.984)	
Train Epoch-25  Iter-650/706	loss 0.0209 (0.0511)	accu 1.000 (0.984)	
Train Epoch-25  Iter-675/706	loss 0.0910 (0.0502)	accu 1.000 (0.984)	
Train Epoch-25  Iter-700/706	loss 0.0154 (0.0493)	accu 1.000 (0.985)	
Eval Epoch-25  Iter-0  /52 	loss 1.8395 (1.8395)	accu 0.625 (0.625)	
Eval Epoch-25  Iter-25 /52 	loss 0.0312 (1.0580)	accu 1.000 (0.731)	
Eval Epoch-25  Iter-50 /52 	loss 0.1508 (0.8995)	accu 0.875 (0.760)	
Epoch-25  Train: loss 0.0498	accu 0.9844	Eval: loss 0.9520	accu 0.7548
Epoch    26: reducing learning rate of group 0 to 3.0000e-08.
Train Epoch-26  Iter-0  /706	loss 0.0144 (0.0144)	accu 1.000 (1.000)	
Train Epoch-26  Iter-25 /706	loss 0.0049 (0.0507)	accu 1.000 (0.986)	
Train Epoch-26  Iter-50 /706	loss 0.0003 (0.0593)	accu 1.000 (0.983)	
Train Epoch-26  Iter-75 /706	loss 0.0087 (0.0494)	accu 1.000 (0.987)	
Train Epoch-26  Iter-100/706	loss 0.0022 (0.0494)	accu 1.000 (0.986)	
Train Epoch-26  Iter-125/706	loss 0.0014 (0.0515)	accu 1.000 (0.986)	
Train Epoch-26  Iter-150/706	loss 0.0011 (0.0494)	accu 1.000 (0.985)	
Train Epoch-26  Iter-175/706	loss 0.0030 (0.0593)	accu 1.000 (0.981)	
Train Epoch-26  Iter-200/706	loss 0.0471 (0.0590)	accu 1.000 (0.981)	
Train Epoch-26  Iter-225/706	loss 0.0149 (0.0572)	accu 1.000 (0.982)	
Train Epoch-26  Iter-250/706	loss 0.0138 (0.0545)	accu 1.000 (0.983)	
Train Epoch-26  Iter-275/706	loss 0.0039 (0.0545)	accu 1.000 (0.982)	
Train Epoch-26  Iter-300/706	loss 0.0277 (0.0560)	accu 1.000 (0.982)	
Train Epoch-26  Iter-325/706	loss 0.0039 (0.0536)	accu 1.000 (0.983)	
Train Epoch-26  Iter-350/706	loss 0.0118 (0.0524)	accu 1.000 (0.983)	
Train Epoch-26  Iter-375/706	loss 0.0055 (0.0514)	accu 1.000 (0.983)	
Train Epoch-26  Iter-400/706	loss 0.0080 (0.0503)	accu 1.000 (0.984)	
Train Epoch-26  Iter-425/706	loss 0.0072 (0.0486)	accu 1.000 (0.984)	
Train Epoch-26  Iter-450/706	loss 0.0044 (0.0473)	accu 1.000 (0.985)	
Train Epoch-26  Iter-475/706	loss 0.0026 (0.0470)	accu 1.000 (0.985)	
Train Epoch-26  Iter-500/706	loss 0.0183 (0.0474)	accu 1.000 (0.985)	
Train Epoch-26  Iter-525/706	loss 0.0055 (0.0471)	accu 1.000 (0.985)	
Train Epoch-26  Iter-550/706	loss 0.0093 (0.0464)	accu 1.000 (0.985)	
Train Epoch-26  Iter-575/706	loss 0.0205 (0.0455)	accu 1.000 (0.985)	
Train Epoch-26  Iter-600/706	loss 0.0015 (0.0465)	accu 1.000 (0.984)	
Train Epoch-26  Iter-625/706	loss 0.0083 (0.0493)	accu 1.000 (0.983)	
Train Epoch-26  Iter-650/706	loss 0.0020 (0.0480)	accu 1.000 (0.984)	
Train Epoch-26  Iter-675/706	loss 0.0177 (0.0476)	accu 1.000 (0.984)	
Train Epoch-26  Iter-700/706	loss 0.0178 (0.0488)	accu 1.000 (0.984)	
Eval Epoch-26  Iter-0  /52 	loss 1.8395 (1.8395)	accu 0.625 (0.625)	
Eval Epoch-26  Iter-25 /52 	loss 0.0312 (1.0579)	accu 1.000 (0.731)	
Eval Epoch-26  Iter-50 /52 	loss 0.1508 (0.8995)	accu 0.875 (0.760)	
Epoch-26  Train: loss 0.0486	accu 0.9839	Eval: loss 0.9521	accu 0.7548
Train Epoch-27  Iter-0  /706	loss 0.0537 (0.0537)	accu 1.000 (1.000)	
Train Epoch-27  Iter-25 /706	loss 0.0187 (0.0302)	accu 1.000 (0.995)	
Train Epoch-27  Iter-50 /706	loss 0.0027 (0.0478)	accu 1.000 (0.983)	
Train Epoch-27  Iter-75 /706	loss 0.1739 (0.0409)	accu 0.875 (0.982)	
Train Epoch-27  Iter-100/706	loss 0.0004 (0.0428)	accu 1.000 (0.983)	
Train Epoch-27  Iter-125/706	loss 0.0016 (0.0489)	accu 1.000 (0.983)	
Train Epoch-27  Iter-150/706	loss 0.0008 (0.0464)	accu 1.000 (0.983)	
Train Epoch-27  Iter-175/706	loss 0.2152 (0.0533)	accu 0.875 (0.981)	
Train Epoch-27  Iter-200/706	loss 0.0852 (0.0575)	accu 1.000 (0.979)	
Train Epoch-27  Iter-225/706	loss 0.0032 (0.0564)	accu 1.000 (0.979)	
Train Epoch-27  Iter-250/706	loss 0.0062 (0.0541)	accu 1.000 (0.980)	
Train Epoch-27  Iter-275/706	loss 0.0204 (0.0521)	accu 1.000 (0.981)	
Train Epoch-27  Iter-300/706	loss 0.0004 (0.0538)	accu 1.000 (0.981)	
Train Epoch-27  Iter-325/706	loss 0.0848 (0.0543)	accu 1.000 (0.981)	
Train Epoch-27  Iter-350/706	loss 0.2982 (0.0529)	accu 0.875 (0.982)	
Train Epoch-27  Iter-375/706	loss 0.0467 (0.0531)	accu 1.000 (0.982)	
Train Epoch-27  Iter-400/706	loss 0.0039 (0.0508)	accu 1.000 (0.983)	
Train Epoch-27  Iter-425/706	loss 0.0043 (0.0493)	accu 1.000 (0.983)	
Train Epoch-27  Iter-450/706	loss 0.0054 (0.0523)	accu 1.000 (0.983)	
Train Epoch-27  Iter-475/706	loss 0.0030 (0.0535)	accu 1.000 (0.982)	
Train Epoch-27  Iter-500/706	loss 0.0057 (0.0523)	accu 1.000 (0.983)	
Train Epoch-27  Iter-525/706	loss 0.1363 (0.0546)	accu 0.875 (0.982)	
Train Epoch-27  Iter-550/706	loss 0.4195 (0.0559)	accu 0.875 (0.982)	
Train Epoch-27  Iter-575/706	loss 0.0145 (0.0560)	accu 1.000 (0.982)	
Train Epoch-27  Iter-600/706	loss 0.0035 (0.0557)	accu 1.000 (0.982)	
Train Epoch-27  Iter-625/706	loss 0.0010 (0.0545)	accu 1.000 (0.982)	
Train Epoch-27  Iter-650/706	loss 0.0003 (0.0539)	accu 1.000 (0.983)	
Train Epoch-27  Iter-675/706	loss 0.1875 (0.0529)	accu 0.875 (0.983)	
Train Epoch-27  Iter-700/706	loss 0.0025 (0.0530)	accu 1.000 (0.983)	
Eval Epoch-27  Iter-0  /52 	loss 1.8390 (1.8390)	accu 0.625 (0.625)	
Eval Epoch-27  Iter-25 /52 	loss 0.0312 (1.0578)	accu 1.000 (0.731)	
Eval Epoch-27  Iter-50 /52 	loss 0.1506 (0.8994)	accu 0.875 (0.760)	
Epoch-27  Train: loss 0.0527	accu 0.9830	Eval: loss 0.9520	accu 0.7548
Train Epoch-28  Iter-0  /706	loss 0.0003 (0.0003)	accu 1.000 (1.000)	
Train Epoch-28  Iter-25 /706	loss 0.0003 (0.0582)	accu 1.000 (0.976)	
Train Epoch-28  Iter-50 /706	loss 0.0004 (0.0504)	accu 1.000 (0.983)	
Train Epoch-28  Iter-75 /706	loss 0.3276 (0.0617)	accu 0.875 (0.980)	
Train Epoch-28  Iter-100/706	loss 0.0018 (0.0591)	accu 1.000 (0.981)	
Train Epoch-28  Iter-125/706	loss 0.4041 (0.0583)	accu 0.875 (0.980)	
Train Epoch-28  Iter-150/706	loss 0.0008 (0.0618)	accu 1.000 (0.980)	
Train Epoch-28  Iter-175/706	loss 0.0174 (0.0554)	accu 1.000 (0.982)	
Train Epoch-28  Iter-200/706	loss 0.0081 (0.0511)	accu 1.000 (0.984)	
Train Epoch-28  Iter-225/706	loss 0.0030 (0.0551)	accu 1.000 (0.982)	
Train Epoch-28  Iter-250/706	loss 0.0963 (0.0598)	accu 0.875 (0.981)	
Train Epoch-28  Iter-275/706	loss 0.0021 (0.0589)	accu 1.000 (0.981)	
Train Epoch-28  Iter-300/706	loss 0.0202 (0.0619)	accu 1.000 (0.979)	
Train Epoch-28  Iter-325/706	loss 0.3417 (0.0599)	accu 0.875 (0.980)	
Train Epoch-28  Iter-350/706	loss 0.0007 (0.0581)	accu 1.000 (0.981)	
Train Epoch-28  Iter-375/706	loss 0.0015 (0.0568)	accu 1.000 (0.981)	
Train Epoch-28  Iter-400/706	loss 0.1888 (0.0575)	accu 0.875 (0.980)	
Train Epoch-28  Iter-425/706	loss 0.0013 (0.0560)	accu 1.000 (0.981)	
Train Epoch-28  Iter-450/706	loss 0.0048 (0.0576)	accu 1.000 (0.980)	
Train Epoch-28  Iter-475/706	loss 0.0001 (0.0578)	accu 1.000 (0.980)	
Train Epoch-28  Iter-500/706	loss 0.0016 (0.0563)	accu 1.000 (0.980)	
Train Epoch-28  Iter-525/706	loss 0.0014 (0.0547)	accu 1.000 (0.981)	
Train Epoch-28  Iter-550/706	loss 0.0004 (0.0561)	accu 1.000 (0.981)	
Train Epoch-28  Iter-575/706	loss 0.0002 (0.0558)	accu 1.000 (0.981)	
Train Epoch-28  Iter-600/706	loss 0.0001 (0.0552)	accu 1.000 (0.981)	
Train Epoch-28  Iter-625/706	loss 0.0014 (0.0558)	accu 1.000 (0.981)	
Train Epoch-28  Iter-650/706	loss 0.0062 (0.0562)	accu 1.000 (0.981)	
Train Epoch-28  Iter-675/706	loss 0.0450 (0.0567)	accu 1.000 (0.981)	
Train Epoch-28  Iter-700/706	loss 0.0057 (0.0567)	accu 1.000 (0.981)	
Eval Epoch-28  Iter-0  /52 	loss 1.8386 (1.8386)	accu 0.625 (0.625)	
Eval Epoch-28  Iter-25 /52 	loss 0.0313 (1.0577)	accu 1.000 (0.731)	
Eval Epoch-28  Iter-50 /52 	loss 0.1501 (0.8992)	accu 0.875 (0.762)	
Epoch-28  Train: loss 0.0564	accu 0.9811	Eval: loss 0.9518	accu 0.7572
Train Epoch-29  Iter-0  /706	loss 0.0068 (0.0068)	accu 1.000 (1.000)	
Train Epoch-29  Iter-25 /706	loss 0.0007 (0.0144)	accu 1.000 (0.995)	
Train Epoch-29  Iter-50 /706	loss 0.0042 (0.0450)	accu 1.000 (0.985)	
Train Epoch-29  Iter-75 /706	loss 0.1378 (0.0499)	accu 0.875 (0.980)	
Train Epoch-29  Iter-100/706	loss 0.3529 (0.0623)	accu 0.875 (0.974)	
Train Epoch-29  Iter-125/706	loss 0.0140 (0.0561)	accu 1.000 (0.977)	
Train Epoch-29  Iter-150/706	loss 0.0007 (0.0613)	accu 1.000 (0.977)	
Train Epoch-29  Iter-175/706	loss 0.0005 (0.0581)	accu 1.000 (0.978)	
Train Epoch-29  Iter-200/706	loss 0.0052 (0.0541)	accu 1.000 (0.979)	
Train Epoch-29  Iter-225/706	loss 0.0020 (0.0537)	accu 1.000 (0.981)	
Train Epoch-29  Iter-250/706	loss 0.0012 (0.0534)	accu 1.000 (0.980)	
Train Epoch-29  Iter-275/706	loss 0.0130 (0.0547)	accu 1.000 (0.980)	
Train Epoch-29  Iter-300/706	loss 0.2825 (0.0600)	accu 0.875 (0.978)	
Train Epoch-29  Iter-325/706	loss 0.0789 (0.0573)	accu 1.000 (0.979)	
Train Epoch-29  Iter-350/706	loss 0.0014 (0.0547)	accu 1.000 (0.980)	
Train Epoch-29  Iter-375/706	loss 0.2525 (0.0553)	accu 0.875 (0.980)	
Train Epoch-29  Iter-400/706	loss 0.0113 (0.0537)	accu 1.000 (0.980)	
Train Epoch-29  Iter-425/706	loss 0.0114 (0.0524)	accu 1.000 (0.981)	
Train Epoch-29  Iter-450/706	loss 0.0249 (0.0529)	accu 1.000 (0.980)	
Train Epoch-29  Iter-475/706	loss 0.0108 (0.0514)	accu 1.000 (0.981)	
Train Epoch-29  Iter-500/706	loss 0.0102 (0.0530)	accu 1.000 (0.981)	
Train Epoch-29  Iter-525/706	loss 0.0028 (0.0522)	accu 1.000 (0.981)	
Train Epoch-29  Iter-550/706	loss 0.0080 (0.0515)	accu 1.000 (0.981)	
Train Epoch-29  Iter-575/706	loss 0.0228 (0.0513)	accu 1.000 (0.982)	
Train Epoch-29  Iter-600/706	loss 0.0023 (0.0506)	accu 1.000 (0.982)	
Train Epoch-29  Iter-625/706	loss 0.2146 (0.0515)	accu 0.875 (0.981)	
Train Epoch-29  Iter-650/706	loss 0.3349 (0.0525)	accu 0.875 (0.981)	
Train Epoch-29  Iter-675/706	loss 0.0012 (0.0515)	accu 1.000 (0.982)	
Train Epoch-29  Iter-700/706	loss 0.0184 (0.0512)	accu 1.000 (0.982)	
Eval Epoch-29  Iter-0  /52 	loss 1.8370 (1.8370)	accu 0.625 (0.625)	
Eval Epoch-29  Iter-25 /52 	loss 0.0312 (1.0570)	accu 1.000 (0.731)	
Eval Epoch-29  Iter-50 /52 	loss 0.1504 (0.8990)	accu 0.875 (0.762)	
Epoch-29  Train: loss 0.0514	accu 0.9819	Eval: loss 0.9516	accu 0.7572
Eval Epoch-0   Iter-0  /52 	loss 0.9355 (0.9355)	accu 0.750 (0.750)	
Eval Epoch-0   Iter-25 /52 	loss 0.0343 (0.4639)	accu 1.000 (0.798)	
Eval Epoch-0   Iter-50 /52 	loss 1.8600 (0.5214)	accu 0.500 (0.792)	
Eval: loss 0.5348	accu 0.7861
Test Epoch-0   Iter-0  /59 	loss 0.7223 (0.7223)	accu 0.500 (0.500)	
Test Epoch-0   Iter-25 /59 	loss 0.0219 (0.4636)	accu 1.000 (0.798)	
Test Epoch-0   Iter-50 /59 	loss 0.6380 (0.5720)	accu 0.625 (0.760)	
Test: loss 0.6397	accu 0.7331
wandb: Waiting for W&B process to finish... (success).
wandb: 
wandb: Run history:
wandb:   Eval Acc ▇█▁▆▆▆▆▇▆▆▆▆▆▇▇▇▇▇▇▇▇▇▇▇▇▇▇▇▇▇
wandb:  Eval Loss ▁▁▇▁▂▃▃█▆▄▆▅▆▆▆▆▆▇▆▆▆▆▆▆▆▆▆▆▆▆
wandb:  Train Acc ▁▅▆▆▆▆▇▇▇▇████████████████████
wandb: Train Loss █▄▄▄▃▃▃▂▂▂▁▁▁▁▁▁▁▁▁▁▁▁▁▁▁▁▁▁▁▁
wandb: 
wandb: Run summary:
wandb:   Eval Acc 0.75721
wandb:  Eval Loss 0.95158
wandb:  Train Acc 0.98194
wandb: Train Loss 0.05138
wandb: 
wandb: 🚀 View run olive-shape-262 at: https://wandb.ai/is_project/vision_models/runs/orb4kgew
wandb: Synced 6 W&B file(s), 0 media file(s), 0 artifact file(s) and 0 other file(s)
wandb: Find logs at: ./wandb/run-20230612_181636-orb4kgew/logs
