Namespace(add_comment=True, add_description=True, add_other_comments=False, add_title=True, add_transcription=False, add_video=True, batch_size=8, clip_embeedings_path='data/CLIP_embeddings', debug=False, desc_keyphrase_extract=True, desc_token_count=512, freeze_lf_layers=23, gpu='7', lr=0.0003, max_epochs=30, max_len=512, metadata_path='data/extra_data_trans.csv', model='bert-large-cased', multitask=False, num_workers=0, other_comments_path='data/extra_data_other_comments.csv', other_comments_token_count=300, pad_metadata=True, remove_none=False, test_question_file='data/with_aug_ttv/test.csv', title_token_count=50, train_question_file='data/with_aug_ttv/train.csv', transcript_keyphrase_extract=False, transcript_token_count=300, validation_question_file='data/with_aug_ttv/eval.csv', video_path='data/videos/', work_dir='model_comment/')
wandb: Currently logged in as: shrey2809 (is_project). Use `wandb login --relogin` to force relogin
wandb: Tracking run with wandb version 0.15.4
wandb: Run data is saved locally in /scratch/AzureNfsServer_INPUT1/vc_data/users/gmanish/multiModalHate/IS-Hate-Speech/wandb/run-20230612_181319-sun5tsvb
wandb: Run `wandb offline` to turn off syncing.
wandb: Syncing run driven-wildflower-253
wandb: ⭐️ View project at https://wandb.ai/is_project/vision_models
wandb: 🚀 View run at https://wandb.ai/is_project/vision_models/runs/sun5tsvb
number of available devices: 1
obtained dataloaders
Some weights of the model checkpoint at bert-large-cased were not used when initializing BertModel: ['cls.predictions.transform.dense.bias', 'cls.seq_relationship.weight', 'cls.predictions.bias', 'cls.seq_relationship.bias', 'cls.predictions.decoder.weight', 'cls.predictions.transform.dense.weight', 'cls.predictions.transform.LayerNorm.weight', 'cls.predictions.transform.LayerNorm.bias']
- This IS expected if you are initializing BertModel from the checkpoint of a model trained on another task or with another architecture (e.g. initializing a BertForSequenceClassification model from a BertForPreTraining model).
- This IS NOT expected if you are initializing BertModel from the checkpoint of a model that you expect to be exactly identical (initializing a BertForSequenceClassification model from a BertForSequenceClassification model).
loaded models
Train Epoch-0   Iter-0  /706	loss 0.7343 (0.7343)	accu 0.500 (0.500)	
Train Epoch-0   Iter-25 /706	loss 0.6560 (0.6917)	accu 0.625 (0.567)	
Train Epoch-0   Iter-50 /706	loss 0.7127 (0.6914)	accu 0.500 (0.566)	
Train Epoch-0   Iter-75 /706	loss 0.8158 (0.6791)	accu 0.500 (0.602)	
Train Epoch-0   Iter-100/706	loss 0.7918 (0.6506)	accu 0.625 (0.629)	
Train Epoch-0   Iter-125/706	loss 0.4048 (0.6212)	accu 0.750 (0.658)	
Train Epoch-0   Iter-150/706	loss 0.3345 (0.5916)	accu 1.000 (0.683)	
Train Epoch-0   Iter-175/706	loss 0.4085 (0.5729)	accu 0.875 (0.700)	
Train Epoch-0   Iter-200/706	loss 0.6242 (0.5485)	accu 0.750 (0.718)	
Train Epoch-0   Iter-225/706	loss 1.0677 (0.5305)	accu 0.625 (0.733)	
Train Epoch-0   Iter-250/706	loss 0.5734 (0.5230)	accu 0.750 (0.740)	
Train Epoch-0   Iter-275/706	loss 0.0809 (0.5003)	accu 1.000 (0.755)	
Train Epoch-0   Iter-300/706	loss 0.4738 (0.4985)	accu 0.750 (0.757)	
Train Epoch-0   Iter-325/706	loss 0.5256 (0.4853)	accu 0.875 (0.766)	
Train Epoch-0   Iter-350/706	loss 0.1256 (0.4593)	accu 0.875 (0.780)	
Train Epoch-0   Iter-375/706	loss 0.0331 (0.4408)	accu 1.000 (0.791)	
Train Epoch-0   Iter-400/706	loss 0.3864 (0.4355)	accu 0.750 (0.796)	
Train Epoch-0   Iter-425/706	loss 0.7862 (0.4259)	accu 0.625 (0.802)	
Train Epoch-0   Iter-450/706	loss 0.2331 (0.4174)	accu 0.875 (0.807)	
Train Epoch-0   Iter-475/706	loss 0.0271 (0.4059)	accu 1.000 (0.814)	
Train Epoch-0   Iter-500/706	loss 0.3603 (0.4004)	accu 0.750 (0.818)	
Train Epoch-0   Iter-525/706	loss 0.4489 (0.3941)	accu 0.875 (0.821)	
Train Epoch-0   Iter-550/706	loss 0.0805 (0.3866)	accu 1.000 (0.826)	
Train Epoch-0   Iter-575/706	loss 0.3280 (0.3781)	accu 0.750 (0.830)	
Train Epoch-0   Iter-600/706	loss 0.6500 (0.3746)	accu 0.625 (0.833)	
Train Epoch-0   Iter-625/706	loss 0.1724 (0.3703)	accu 1.000 (0.836)	
Train Epoch-0   Iter-650/706	loss 0.7185 (0.3649)	accu 0.750 (0.839)	
Train Epoch-0   Iter-675/706	loss 0.5680 (0.3578)	accu 0.875 (0.843)	
Train Epoch-0   Iter-700/706	loss 0.2118 (0.3526)	accu 0.875 (0.846)	
Eval Epoch-0   Iter-0  /52 	loss 0.2816 (0.2816)	accu 0.875 (0.875)	
Eval Epoch-0   Iter-25 /52 	loss 0.8949 (0.5023)	accu 0.500 (0.707)	
Eval Epoch-0   Iter-50 /52 	loss 1.7051 (0.5622)	accu 0.500 (0.755)	
Epoch-0   Train: loss 0.3526	accu 0.8463	Eval: loss 0.5655	accu 0.7572
Train Epoch-1   Iter-0  /706	loss 0.1882 (0.1882)	accu 0.875 (0.875)	
Train Epoch-1   Iter-25 /706	loss 0.0316 (0.1860)	accu 1.000 (0.938)	
Train Epoch-1   Iter-50 /706	loss 0.2878 (0.2171)	accu 0.875 (0.922)	
Train Epoch-1   Iter-75 /706	loss 0.0652 (0.2165)	accu 1.000 (0.923)	
Train Epoch-1   Iter-100/706	loss 0.0331 (0.2253)	accu 1.000 (0.918)	
Train Epoch-1   Iter-125/706	loss 0.1011 (0.2213)	accu 1.000 (0.920)	
Train Epoch-1   Iter-150/706	loss 0.1670 (0.2201)	accu 0.875 (0.921)	
Train Epoch-1   Iter-175/706	loss 0.7628 (0.2295)	accu 0.500 (0.915)	
Train Epoch-1   Iter-200/706	loss 0.6777 (0.2289)	accu 0.750 (0.915)	
Train Epoch-1   Iter-225/706	loss 0.5730 (0.2289)	accu 0.875 (0.915)	
Train Epoch-1   Iter-250/706	loss 0.0538 (0.2191)	accu 1.000 (0.918)	
Train Epoch-1   Iter-275/706	loss 0.4030 (0.2192)	accu 0.750 (0.916)	
Train Epoch-1   Iter-300/706	loss 0.8678 (0.2168)	accu 0.750 (0.917)	
Train Epoch-1   Iter-325/706	loss 0.0588 (0.2224)	accu 1.000 (0.916)	
Train Epoch-1   Iter-350/706	loss 0.3161 (0.2213)	accu 0.875 (0.917)	
Train Epoch-1   Iter-375/706	loss 0.0231 (0.2183)	accu 1.000 (0.920)	
Train Epoch-1   Iter-400/706	loss 0.1757 (0.2161)	accu 0.875 (0.920)	
Train Epoch-1   Iter-425/706	loss 0.0262 (0.2126)	accu 1.000 (0.921)	
Train Epoch-1   Iter-450/706	loss 0.0371 (0.2111)	accu 1.000 (0.922)	
Train Epoch-1   Iter-475/706	loss 0.0624 (0.2081)	accu 1.000 (0.923)	
Train Epoch-1   Iter-500/706	loss 0.3179 (0.2113)	accu 0.875 (0.922)	
Train Epoch-1   Iter-525/706	loss 0.0352 (0.2099)	accu 1.000 (0.923)	
Train Epoch-1   Iter-550/706	loss 0.1105 (0.2087)	accu 1.000 (0.924)	
Train Epoch-1   Iter-575/706	loss 0.2937 (0.2118)	accu 0.875 (0.922)	
Train Epoch-1   Iter-600/706	loss 0.0472 (0.2116)	accu 1.000 (0.922)	
Train Epoch-1   Iter-625/706	loss 0.0421 (0.2134)	accu 1.000 (0.920)	
Train Epoch-1   Iter-650/706	loss 0.4132 (0.2144)	accu 0.875 (0.920)	
Train Epoch-1   Iter-675/706	loss 0.1043 (0.2146)	accu 1.000 (0.920)	
Train Epoch-1   Iter-700/706	loss 0.0274 (0.2126)	accu 1.000 (0.920)	
Eval Epoch-1   Iter-0  /52 	loss 0.7295 (0.7295)	accu 0.750 (0.750)	
Eval Epoch-1   Iter-25 /52 	loss 0.9495 (0.6945)	accu 0.625 (0.707)	
Eval Epoch-1   Iter-50 /52 	loss 1.2470 (0.6171)	accu 0.625 (0.765)	
Epoch-1   Train: loss 0.2119	accu 0.9201	Eval: loss 0.6515	accu 0.7596
Train Epoch-2   Iter-0  /706	loss 0.1254 (0.1254)	accu 0.875 (0.875)	
Train Epoch-2   Iter-25 /706	loss 0.0128 (0.1461)	accu 1.000 (0.923)	
Train Epoch-2   Iter-50 /706	loss 0.0698 (0.1550)	accu 1.000 (0.926)	
Train Epoch-2   Iter-75 /706	loss 0.0661 (0.1622)	accu 1.000 (0.931)	
Train Epoch-2   Iter-100/706	loss 0.2236 (0.1615)	accu 0.875 (0.934)	
Train Epoch-2   Iter-125/706	loss 0.5016 (0.1697)	accu 0.875 (0.935)	
Train Epoch-2   Iter-150/706	loss 0.2360 (0.1654)	accu 0.875 (0.937)	
Train Epoch-2   Iter-175/706	loss 0.0096 (0.1564)	accu 1.000 (0.940)	
Train Epoch-2   Iter-200/706	loss 0.2568 (0.1536)	accu 0.875 (0.943)	
Train Epoch-2   Iter-225/706	loss 0.7251 (0.1567)	accu 0.750 (0.941)	
Train Epoch-2   Iter-250/706	loss 0.0305 (0.1477)	accu 1.000 (0.944)	
Train Epoch-2   Iter-275/706	loss 0.0198 (0.1420)	accu 1.000 (0.947)	
Train Epoch-2   Iter-300/706	loss 0.0556 (0.1383)	accu 1.000 (0.949)	
Train Epoch-2   Iter-325/706	loss 0.0070 (0.1365)	accu 1.000 (0.950)	
Train Epoch-2   Iter-350/706	loss 0.0336 (0.1432)	accu 1.000 (0.948)	
Train Epoch-2   Iter-375/706	loss 0.0403 (0.1425)	accu 1.000 (0.949)	
Train Epoch-2   Iter-400/706	loss 0.5390 (0.1440)	accu 0.875 (0.949)	
Train Epoch-2   Iter-425/706	loss 0.2299 (0.1447)	accu 0.875 (0.949)	
Train Epoch-2   Iter-450/706	loss 0.0746 (0.1449)	accu 1.000 (0.949)	
Train Epoch-2   Iter-475/706	loss 0.6017 (0.1471)	accu 0.875 (0.948)	
Train Epoch-2   Iter-500/706	loss 0.1328 (0.1482)	accu 1.000 (0.947)	
Train Epoch-2   Iter-525/706	loss 0.0904 (0.1480)	accu 1.000 (0.947)	
Train Epoch-2   Iter-550/706	loss 0.3837 (0.1487)	accu 0.875 (0.947)	
Train Epoch-2   Iter-575/706	loss 0.2468 (0.1515)	accu 1.000 (0.946)	
Train Epoch-2   Iter-600/706	loss 0.0724 (0.1496)	accu 1.000 (0.947)	
Train Epoch-2   Iter-625/706	loss 0.0425 (0.1496)	accu 1.000 (0.946)	
Train Epoch-2   Iter-650/706	loss 0.1844 (0.1475)	accu 0.875 (0.947)	
Train Epoch-2   Iter-675/706	loss 0.1276 (0.1467)	accu 1.000 (0.947)	
Train Epoch-2   Iter-700/706	loss 0.0753 (0.1484)	accu 1.000 (0.946)	
Eval Epoch-2   Iter-0  /52 	loss 1.3792 (1.3792)	accu 0.500 (0.500)	
Eval Epoch-2   Iter-25 /52 	loss 2.8622 (1.3719)	accu 0.000 (0.481)	
Eval Epoch-2   Iter-50 /52 	loss 0.1353 (0.9464)	accu 0.875 (0.654)	
Epoch-2   Train: loss 0.1478	accu 0.9464	Eval: loss 0.9527	accu 0.6562
Train Epoch-3   Iter-0  /706	loss 0.0153 (0.0153)	accu 1.000 (1.000)	
Train Epoch-3   Iter-25 /706	loss 0.6189 (0.1371)	accu 0.875 (0.952)	
Train Epoch-3   Iter-50 /706	loss 0.5672 (0.1496)	accu 0.750 (0.941)	
Train Epoch-3   Iter-75 /706	loss 0.0686 (0.1693)	accu 1.000 (0.938)	
Train Epoch-3   Iter-100/706	loss 0.4711 (0.1835)	accu 0.750 (0.929)	
Train Epoch-3   Iter-125/706	loss 0.1537 (0.1838)	accu 0.875 (0.933)	
Train Epoch-3   Iter-150/706	loss 0.2096 (0.1885)	accu 0.875 (0.930)	
Train Epoch-3   Iter-175/706	loss 0.1023 (0.1762)	accu 1.000 (0.936)	
Train Epoch-3   Iter-200/706	loss 0.4076 (0.1672)	accu 0.750 (0.940)	
Train Epoch-3   Iter-225/706	loss 0.0865 (0.1702)	accu 1.000 (0.940)	
Train Epoch-3   Iter-250/706	loss 0.6530 (0.1743)	accu 0.875 (0.940)	
Train Epoch-3   Iter-275/706	loss 0.2868 (0.1715)	accu 0.750 (0.939)	
Train Epoch-3   Iter-300/706	loss 0.0409 (0.1658)	accu 1.000 (0.941)	
Train Epoch-3   Iter-325/706	loss 0.2279 (0.1691)	accu 0.875 (0.941)	
Train Epoch-3   Iter-350/706	loss 0.0217 (0.1655)	accu 1.000 (0.943)	
Train Epoch-3   Iter-375/706	loss 0.0153 (0.1659)	accu 1.000 (0.943)	
Train Epoch-3   Iter-400/706	loss 0.2895 (0.1683)	accu 0.875 (0.942)	
Train Epoch-3   Iter-425/706	loss 0.0738 (0.1700)	accu 1.000 (0.940)	
Train Epoch-3   Iter-450/706	loss 0.3668 (0.1708)	accu 0.875 (0.941)	
Train Epoch-3   Iter-475/706	loss 0.3769 (0.1716)	accu 0.875 (0.940)	
Train Epoch-3   Iter-500/706	loss 0.2615 (0.1714)	accu 0.875 (0.940)	
Train Epoch-3   Iter-525/706	loss 0.0058 (0.1704)	accu 1.000 (0.940)	
Train Epoch-3   Iter-550/706	loss 0.0746 (0.1704)	accu 1.000 (0.940)	
Train Epoch-3   Iter-575/706	loss 0.0592 (0.1702)	accu 1.000 (0.940)	
Train Epoch-3   Iter-600/706	loss 0.6051 (0.1685)	accu 0.875 (0.941)	
Train Epoch-3   Iter-625/706	loss 0.0489 (0.1687)	accu 1.000 (0.940)	
Train Epoch-3   Iter-650/706	loss 0.1577 (0.1691)	accu 0.875 (0.940)	
Train Epoch-3   Iter-675/706	loss 0.3663 (0.1691)	accu 0.875 (0.941)	
Train Epoch-3   Iter-700/706	loss 0.0774 (0.1676)	accu 1.000 (0.942)	
Eval Epoch-3   Iter-0  /52 	loss 0.7268 (0.7268)	accu 0.750 (0.750)	
Eval Epoch-3   Iter-25 /52 	loss 0.9059 (0.8161)	accu 0.625 (0.688)	
Eval Epoch-3   Iter-50 /52 	loss 1.7184 (0.7913)	accu 0.625 (0.718)	
Epoch-3   Train: loss 0.1683	accu 0.9413	Eval: loss 0.8014	accu 0.7139
Train Epoch-4   Iter-0  /706	loss 0.0296 (0.0296)	accu 1.000 (1.000)	
Train Epoch-4   Iter-25 /706	loss 0.0137 (0.1704)	accu 1.000 (0.938)	
Train Epoch-4   Iter-50 /706	loss 0.1335 (0.1697)	accu 0.875 (0.931)	
Train Epoch-4   Iter-75 /706	loss 0.0150 (0.1537)	accu 1.000 (0.946)	
Train Epoch-4   Iter-100/706	loss 0.0271 (0.1576)	accu 1.000 (0.946)	
Train Epoch-4   Iter-125/706	loss 0.0709 (0.1581)	accu 1.000 (0.946)	
Train Epoch-4   Iter-150/706	loss 0.2730 (0.1680)	accu 0.875 (0.944)	
Train Epoch-4   Iter-175/706	loss 0.0994 (0.1646)	accu 1.000 (0.942)	
Train Epoch-4   Iter-200/706	loss 0.1219 (0.1615)	accu 1.000 (0.946)	
Train Epoch-4   Iter-225/706	loss 0.0457 (0.1631)	accu 1.000 (0.945)	
Train Epoch-4   Iter-250/706	loss 0.4060 (0.1556)	accu 0.875 (0.948)	
Train Epoch-4   Iter-275/706	loss 0.2245 (0.1565)	accu 0.875 (0.947)	
Train Epoch-4   Iter-300/706	loss 0.0473 (0.1547)	accu 1.000 (0.947)	
Train Epoch-4   Iter-325/706	loss 0.5099 (0.1747)	accu 0.625 (0.939)	
Train Epoch-4   Iter-350/706	loss 0.0226 (0.1763)	accu 1.000 (0.938)	
Train Epoch-4   Iter-375/706	loss 0.0242 (0.1785)	accu 1.000 (0.937)	
Train Epoch-4   Iter-400/706	loss 0.0167 (0.1734)	accu 1.000 (0.939)	
Train Epoch-4   Iter-425/706	loss 0.2652 (0.1732)	accu 0.875 (0.940)	
Train Epoch-4   Iter-450/706	loss 0.0597 (0.1722)	accu 1.000 (0.940)	
Train Epoch-4   Iter-475/706	loss 0.0868 (0.1700)	accu 1.000 (0.942)	
Train Epoch-4   Iter-500/706	loss 0.5148 (0.1727)	accu 0.750 (0.941)	
Train Epoch-4   Iter-525/706	loss 0.0503 (0.1733)	accu 1.000 (0.941)	
Train Epoch-4   Iter-550/706	loss 0.4366 (0.1703)	accu 0.875 (0.941)	
Train Epoch-4   Iter-575/706	loss 0.0068 (0.1670)	accu 1.000 (0.943)	
Train Epoch-4   Iter-600/706	loss 0.0377 (0.1671)	accu 1.000 (0.943)	
Train Epoch-4   Iter-625/706	loss 0.3225 (0.1666)	accu 0.875 (0.943)	
Train Epoch-4   Iter-650/706	loss 0.0913 (0.1656)	accu 1.000 (0.944)	
Train Epoch-4   Iter-675/706	loss 0.0318 (0.1649)	accu 1.000 (0.944)	
Train Epoch-4   Iter-700/706	loss 0.0197 (0.1658)	accu 1.000 (0.944)	
Eval Epoch-4   Iter-0  /52 	loss 1.2092 (1.2092)	accu 0.500 (0.500)	
Eval Epoch-4   Iter-25 /52 	loss 0.7958 (0.9054)	accu 0.625 (0.582)	
Eval Epoch-4   Iter-50 /52 	loss 1.0585 (0.7116)	accu 0.625 (0.676)	
Epoch-4   Train: loss 0.1658	accu 0.9441	Eval: loss 0.7215	accu 0.6731
Train Epoch-5   Iter-0  /706	loss 0.3205 (0.3205)	accu 0.875 (0.875)	
Train Epoch-5   Iter-25 /706	loss 0.0217 (0.1355)	accu 1.000 (0.962)	
Train Epoch-5   Iter-50 /706	loss 0.0146 (0.1085)	accu 1.000 (0.968)	
Train Epoch-5   Iter-75 /706	loss 0.0180 (0.0985)	accu 1.000 (0.972)	
Train Epoch-5   Iter-100/706	loss 0.3610 (0.1600)	accu 1.000 (0.949)	
Train Epoch-5   Iter-125/706	loss 0.0376 (0.1779)	accu 1.000 (0.941)	
Train Epoch-5   Iter-150/706	loss 0.0374 (0.1852)	accu 1.000 (0.940)	
Train Epoch-5   Iter-175/706	loss 0.0609 (0.1939)	accu 1.000 (0.938)	
Train Epoch-5   Iter-200/706	loss 0.2779 (0.1946)	accu 0.875 (0.937)	
Train Epoch-5   Iter-225/706	loss 0.3394 (0.1985)	accu 0.875 (0.937)	
Train Epoch-5   Iter-250/706	loss 0.0206 (0.1943)	accu 1.000 (0.940)	
Train Epoch-5   Iter-275/706	loss 0.1335 (0.1932)	accu 0.875 (0.939)	
Train Epoch-5   Iter-300/706	loss 0.0177 (0.1859)	accu 1.000 (0.942)	
Train Epoch-5   Iter-325/706	loss 0.0288 (0.1848)	accu 1.000 (0.942)	
Train Epoch-5   Iter-350/706	loss 0.3518 (0.1825)	accu 0.875 (0.944)	
Train Epoch-5   Iter-375/706	loss 0.0801 (0.1854)	accu 1.000 (0.942)	
Train Epoch-5   Iter-400/706	loss 0.3606 (0.1865)	accu 0.875 (0.943)	
Train Epoch-5   Iter-425/706	loss 0.2015 (0.1894)	accu 0.750 (0.940)	
Train Epoch-5   Iter-450/706	loss 0.5394 (0.1892)	accu 0.875 (0.940)	
Train Epoch-5   Iter-475/706	loss 0.4520 (0.1868)	accu 0.750 (0.941)	
Train Epoch-5   Iter-500/706	loss 0.0882 (0.1906)	accu 1.000 (0.939)	
Train Epoch-5   Iter-525/706	loss 0.2340 (0.1875)	accu 0.875 (0.941)	
Train Epoch-5   Iter-550/706	loss 0.0758 (0.1883)	accu 1.000 (0.941)	
Train Epoch-5   Iter-575/706	loss 0.2476 (0.1864)	accu 0.875 (0.942)	
Train Epoch-5   Iter-600/706	loss 0.0606 (0.1887)	accu 1.000 (0.941)	
Train Epoch-5   Iter-625/706	loss 0.0419 (0.1880)	accu 1.000 (0.940)	
Train Epoch-5   Iter-650/706	loss 0.0558 (0.1883)	accu 1.000 (0.940)	
Train Epoch-5   Iter-675/706	loss 0.5680 (0.1891)	accu 0.875 (0.940)	
Train Epoch-5   Iter-700/706	loss 0.0174 (0.1877)	accu 1.000 (0.940)	
Eval Epoch-5   Iter-0  /52 	loss 0.3338 (0.3338)	accu 0.875 (0.875)	
Eval Epoch-5   Iter-25 /52 	loss 0.2149 (0.2900)	accu 1.000 (0.918)	
Eval Epoch-5   Iter-50 /52 	loss 1.9789 (0.6009)	accu 0.375 (0.782)	
Epoch-5   Train: loss 0.1875	accu 0.9399	Eval: loss 0.6322	accu 0.7716
Train Epoch-6   Iter-0  /706	loss 0.1213 (0.1213)	accu 0.875 (0.875)	
Train Epoch-6   Iter-25 /706	loss 0.0585 (0.1459)	accu 1.000 (0.947)	
Train Epoch-6   Iter-50 /706	loss 0.1052 (0.1455)	accu 0.875 (0.949)	
Train Epoch-6   Iter-75 /706	loss 0.1458 (0.1319)	accu 0.875 (0.957)	
Train Epoch-6   Iter-100/706	loss 0.0262 (0.1273)	accu 1.000 (0.962)	
Train Epoch-6   Iter-125/706	loss 0.0348 (0.1390)	accu 1.000 (0.958)	
Train Epoch-6   Iter-150/706	loss 0.0288 (0.1311)	accu 1.000 (0.959)	
Train Epoch-6   Iter-175/706	loss 0.0207 (0.1442)	accu 1.000 (0.956)	
Train Epoch-6   Iter-200/706	loss 0.1446 (0.1464)	accu 0.875 (0.955)	
Train Epoch-6   Iter-225/706	loss 0.0996 (0.1481)	accu 1.000 (0.952)	
Train Epoch-6   Iter-250/706	loss 0.0617 (0.1432)	accu 1.000 (0.955)	
Train Epoch-6   Iter-275/706	loss 0.0445 (0.1432)	accu 1.000 (0.955)	
Train Epoch-6   Iter-300/706	loss 0.0131 (0.1381)	accu 1.000 (0.956)	
Train Epoch-6   Iter-325/706	loss 0.4956 (0.1350)	accu 0.750 (0.957)	
Train Epoch-6   Iter-350/706	loss 0.0205 (0.1353)	accu 1.000 (0.958)	
Train Epoch-6   Iter-375/706	loss 0.0197 (0.1378)	accu 1.000 (0.957)	
Train Epoch-6   Iter-400/706	loss 0.0253 (0.1356)	accu 1.000 (0.957)	
Train Epoch-6   Iter-425/706	loss 0.0106 (0.1383)	accu 1.000 (0.957)	
Train Epoch-6   Iter-450/706	loss 0.0194 (0.1377)	accu 1.000 (0.956)	
Train Epoch-6   Iter-475/706	loss 0.6772 (0.1384)	accu 0.875 (0.956)	
Train Epoch-6   Iter-500/706	loss 0.0666 (0.1392)	accu 1.000 (0.956)	
Train Epoch-6   Iter-525/706	loss 0.0126 (0.1401)	accu 1.000 (0.955)	
Train Epoch-6   Iter-550/706	loss 0.0276 (0.1423)	accu 1.000 (0.955)	
Train Epoch-6   Iter-575/706	loss 0.1876 (0.1437)	accu 0.875 (0.954)	
Train Epoch-6   Iter-600/706	loss 0.5463 (0.1458)	accu 0.875 (0.954)	
Train Epoch-6   Iter-625/706	loss 0.0139 (0.1449)	accu 1.000 (0.954)	
Train Epoch-6   Iter-650/706	loss 0.0100 (0.1450)	accu 1.000 (0.954)	
Train Epoch-6   Iter-675/706	loss 0.1247 (0.1479)	accu 1.000 (0.954)	
Train Epoch-6   Iter-700/706	loss 0.1225 (0.1460)	accu 1.000 (0.955)	
Eval Epoch-6   Iter-0  /52 	loss 0.5346 (0.5346)	accu 0.875 (0.875)	
Eval Epoch-6   Iter-25 /52 	loss 0.3239 (0.6409)	accu 0.875 (0.837)	
Eval Epoch-6   Iter-50 /52 	loss 2.1045 (0.6467)	accu 0.500 (0.806)	
Epoch-6   Train: loss 0.1457	accu 0.9546	Eval: loss 0.6798	accu 0.7981
Epoch     7: reducing learning rate of group 0 to 3.0000e-05.
Train Epoch-7   Iter-0  /706	loss 0.0125 (0.0125)	accu 1.000 (1.000)	
Train Epoch-7   Iter-25 /706	loss 0.0427 (0.1462)	accu 1.000 (0.957)	
Train Epoch-7   Iter-50 /706	loss 0.0122 (0.1610)	accu 1.000 (0.949)	
Train Epoch-7   Iter-75 /706	loss 0.0096 (0.1520)	accu 1.000 (0.952)	
Train Epoch-7   Iter-100/706	loss 0.1470 (0.1354)	accu 0.875 (0.955)	
Train Epoch-7   Iter-125/706	loss 0.0102 (0.1256)	accu 1.000 (0.960)	
Train Epoch-7   Iter-150/706	loss 0.4119 (0.1256)	accu 0.875 (0.962)	
Train Epoch-7   Iter-175/706	loss 0.3549 (0.1245)	accu 0.875 (0.962)	
Train Epoch-7   Iter-200/706	loss 0.4145 (0.1381)	accu 0.875 (0.957)	
Train Epoch-7   Iter-225/706	loss 0.0143 (0.1364)	accu 1.000 (0.957)	
Train Epoch-7   Iter-250/706	loss 0.0594 (0.1330)	accu 1.000 (0.958)	
Train Epoch-7   Iter-275/706	loss 0.0686 (0.1325)	accu 1.000 (0.958)	
Train Epoch-7   Iter-300/706	loss 0.1510 (0.1318)	accu 0.875 (0.958)	
Train Epoch-7   Iter-325/706	loss 0.0126 (0.1300)	accu 1.000 (0.959)	
Train Epoch-7   Iter-350/706	loss 0.1812 (0.1293)	accu 0.875 (0.958)	
Train Epoch-7   Iter-375/706	loss 0.0607 (0.1304)	accu 1.000 (0.956)	
Train Epoch-7   Iter-400/706	loss 0.0156 (0.1313)	accu 1.000 (0.955)	
Train Epoch-7   Iter-425/706	loss 0.0287 (0.1279)	accu 1.000 (0.957)	
Train Epoch-7   Iter-450/706	loss 0.6246 (0.1268)	accu 0.750 (0.957)	
Train Epoch-7   Iter-475/706	loss 0.0237 (0.1269)	accu 1.000 (0.957)	
Train Epoch-7   Iter-500/706	loss 0.0379 (0.1247)	accu 1.000 (0.957)	
Train Epoch-7   Iter-525/706	loss 0.1138 (0.1232)	accu 1.000 (0.957)	
Train Epoch-7   Iter-550/706	loss 0.4857 (0.1220)	accu 0.875 (0.958)	
Train Epoch-7   Iter-575/706	loss 0.0829 (0.1229)	accu 1.000 (0.957)	
Train Epoch-7   Iter-600/706	loss 0.0163 (0.1217)	accu 1.000 (0.958)	
Train Epoch-7   Iter-625/706	loss 0.1539 (0.1230)	accu 0.875 (0.957)	
Train Epoch-7   Iter-650/706	loss 0.0204 (0.1252)	accu 1.000 (0.956)	
Train Epoch-7   Iter-675/706	loss 0.3543 (0.1262)	accu 0.875 (0.955)	
Train Epoch-7   Iter-700/706	loss 0.0216 (0.1241)	accu 1.000 (0.956)	
Eval Epoch-7   Iter-0  /52 	loss 0.5787 (0.5787)	accu 0.750 (0.750)	
Eval Epoch-7   Iter-25 /52 	loss 0.3302 (0.5933)	accu 0.875 (0.779)	
Eval Epoch-7   Iter-50 /52 	loss 1.4034 (0.5734)	accu 0.500 (0.792)	
Epoch-7   Train: loss 0.1237	accu 0.9566	Eval: loss 0.6028	accu 0.7861
Train Epoch-8   Iter-0  /706	loss 0.0153 (0.0153)	accu 1.000 (1.000)	
Train Epoch-8   Iter-25 /706	loss 0.5551 (0.1084)	accu 0.875 (0.942)	
Train Epoch-8   Iter-50 /706	loss 0.0177 (0.0978)	accu 1.000 (0.953)	
Train Epoch-8   Iter-75 /706	loss 0.5110 (0.1045)	accu 0.875 (0.952)	
Train Epoch-8   Iter-100/706	loss 0.0191 (0.1026)	accu 1.000 (0.955)	
Train Epoch-8   Iter-125/706	loss 0.1531 (0.1027)	accu 0.875 (0.957)	
Train Epoch-8   Iter-150/706	loss 0.0184 (0.1114)	accu 1.000 (0.959)	
Train Epoch-8   Iter-175/706	loss 0.0800 (0.1141)	accu 1.000 (0.957)	
Train Epoch-8   Iter-200/706	loss 0.2775 (0.1223)	accu 0.875 (0.956)	
Train Epoch-8   Iter-225/706	loss 0.0389 (0.1240)	accu 1.000 (0.955)	
Train Epoch-8   Iter-250/706	loss 0.0666 (0.1251)	accu 1.000 (0.954)	
Train Epoch-8   Iter-275/706	loss 0.0101 (0.1198)	accu 1.000 (0.957)	
Train Epoch-8   Iter-300/706	loss 0.2988 (0.1209)	accu 0.875 (0.956)	
Train Epoch-8   Iter-325/706	loss 0.0625 (0.1166)	accu 1.000 (0.958)	
Train Epoch-8   Iter-350/706	loss 0.5615 (0.1173)	accu 0.875 (0.958)	
Train Epoch-8   Iter-375/706	loss 0.0162 (0.1127)	accu 1.000 (0.959)	
Train Epoch-8   Iter-400/706	loss 0.8471 (0.1139)	accu 0.750 (0.960)	
Train Epoch-8   Iter-425/706	loss 0.0679 (0.1141)	accu 1.000 (0.961)	
Train Epoch-8   Iter-450/706	loss 0.0115 (0.1125)	accu 1.000 (0.962)	
Train Epoch-8   Iter-475/706	loss 0.0165 (0.1123)	accu 1.000 (0.962)	
Train Epoch-8   Iter-500/706	loss 0.0153 (0.1171)	accu 1.000 (0.961)	
Train Epoch-8   Iter-525/706	loss 0.0427 (0.1153)	accu 1.000 (0.962)	
Train Epoch-8   Iter-550/706	loss 0.1133 (0.1141)	accu 0.875 (0.962)	
Train Epoch-8   Iter-575/706	loss 0.0194 (0.1143)	accu 1.000 (0.962)	
Train Epoch-8   Iter-600/706	loss 0.0216 (0.1115)	accu 1.000 (0.963)	
Train Epoch-8   Iter-625/706	loss 0.0343 (0.1107)	accu 1.000 (0.963)	
Train Epoch-8   Iter-650/706	loss 0.0896 (0.1103)	accu 1.000 (0.963)	
Train Epoch-8   Iter-675/706	loss 0.0296 (0.1095)	accu 1.000 (0.964)	
Train Epoch-8   Iter-700/706	loss 0.0985 (0.1090)	accu 1.000 (0.964)	
Eval Epoch-8   Iter-0  /52 	loss 0.5135 (0.5135)	accu 0.875 (0.875)	
Eval Epoch-8   Iter-25 /52 	loss 0.2900 (0.5650)	accu 0.875 (0.793)	
Eval Epoch-8   Iter-50 /52 	loss 1.7854 (0.5923)	accu 0.500 (0.806)	
Epoch-8   Train: loss 0.1098	accu 0.9637	Eval: loss 0.6309	accu 0.8005
Train Epoch-9   Iter-0  /706	loss 0.0102 (0.0102)	accu 1.000 (1.000)	
Train Epoch-9   Iter-25 /706	loss 0.0220 (0.0892)	accu 1.000 (0.976)	
Train Epoch-9   Iter-50 /706	loss 0.0606 (0.0995)	accu 1.000 (0.968)	
Train Epoch-9   Iter-75 /706	loss 0.0580 (0.0908)	accu 1.000 (0.970)	
Train Epoch-9   Iter-100/706	loss 0.0237 (0.1105)	accu 1.000 (0.962)	
Train Epoch-9   Iter-125/706	loss 0.2098 (0.1133)	accu 0.875 (0.960)	
Train Epoch-9   Iter-150/706	loss 0.1781 (0.1131)	accu 0.875 (0.960)	
Train Epoch-9   Iter-175/706	loss 0.0137 (0.1144)	accu 1.000 (0.962)	
Train Epoch-9   Iter-200/706	loss 0.0591 (0.1091)	accu 1.000 (0.963)	
Train Epoch-9   Iter-225/706	loss 0.0444 (0.1099)	accu 1.000 (0.962)	
Train Epoch-9   Iter-250/706	loss 0.6816 (0.1122)	accu 0.875 (0.961)	
Train Epoch-9   Iter-275/706	loss 0.0128 (0.1070)	accu 1.000 (0.964)	
Train Epoch-9   Iter-300/706	loss 0.0115 (0.1043)	accu 1.000 (0.964)	
Train Epoch-9   Iter-325/706	loss 0.0278 (0.1018)	accu 1.000 (0.965)	
Train Epoch-9   Iter-350/706	loss 0.0089 (0.1061)	accu 1.000 (0.964)	
Train Epoch-9   Iter-375/706	loss 0.6264 (0.1033)	accu 0.875 (0.965)	
Train Epoch-9   Iter-400/706	loss 0.1892 (0.1040)	accu 0.875 (0.965)	
Train Epoch-9   Iter-425/706	loss 0.0062 (0.1035)	accu 1.000 (0.965)	
Train Epoch-9   Iter-450/706	loss 0.1226 (0.1024)	accu 0.875 (0.965)	
Train Epoch-9   Iter-475/706	loss 0.2790 (0.1022)	accu 0.875 (0.966)	
Train Epoch-9   Iter-500/706	loss 0.3194 (0.1009)	accu 0.875 (0.966)	
Train Epoch-9   Iter-525/706	loss 0.0266 (0.1003)	accu 1.000 (0.966)	
Train Epoch-9   Iter-550/706	loss 0.0677 (0.0990)	accu 1.000 (0.966)	
Train Epoch-9   Iter-575/706	loss 0.4720 (0.0984)	accu 0.875 (0.967)	
Train Epoch-9   Iter-600/706	loss 0.2870 (0.0971)	accu 0.875 (0.967)	
Train Epoch-9   Iter-625/706	loss 0.0853 (0.0976)	accu 1.000 (0.967)	
Train Epoch-9   Iter-650/706	loss 0.0306 (0.0978)	accu 1.000 (0.967)	
Train Epoch-9   Iter-675/706	loss 0.0129 (0.0979)	accu 1.000 (0.967)	
Train Epoch-9   Iter-700/706	loss 0.0277 (0.0978)	accu 1.000 (0.967)	
Eval Epoch-9   Iter-0  /52 	loss 0.5764 (0.5764)	accu 0.875 (0.875)	
Eval Epoch-9   Iter-25 /52 	loss 0.1746 (0.4965)	accu 0.875 (0.837)	
Eval Epoch-9   Iter-50 /52 	loss 2.0163 (0.5753)	accu 0.500 (0.824)	
Epoch-9   Train: loss 0.0973	accu 0.9672	Eval: loss 0.6172	accu 0.8173
Train Epoch-10  Iter-0  /706	loss 0.2014 (0.2014)	accu 0.875 (0.875)	
Train Epoch-10  Iter-25 /706	loss 0.0183 (0.1025)	accu 1.000 (0.966)	
Train Epoch-10  Iter-50 /706	loss 0.0177 (0.0992)	accu 1.000 (0.966)	
Train Epoch-10  Iter-75 /706	loss 0.0897 (0.1060)	accu 1.000 (0.961)	
Train Epoch-10  Iter-100/706	loss 0.5680 (0.1202)	accu 0.875 (0.955)	
Train Epoch-10  Iter-125/706	loss 0.0565 (0.1127)	accu 1.000 (0.958)	
Train Epoch-10  Iter-150/706	loss 0.0252 (0.1032)	accu 1.000 (0.962)	
Train Epoch-10  Iter-175/706	loss 0.0682 (0.1038)	accu 1.000 (0.962)	
Train Epoch-10  Iter-200/706	loss 0.0342 (0.0971)	accu 1.000 (0.965)	
Train Epoch-10  Iter-225/706	loss 0.0814 (0.0928)	accu 1.000 (0.968)	
Train Epoch-10  Iter-250/706	loss 0.0055 (0.0886)	accu 1.000 (0.970)	
Train Epoch-10  Iter-275/706	loss 0.0162 (0.0922)	accu 1.000 (0.968)	
Train Epoch-10  Iter-300/706	loss 0.0394 (0.0932)	accu 1.000 (0.968)	
Train Epoch-10  Iter-325/706	loss 0.0829 (0.0933)	accu 1.000 (0.967)	
Train Epoch-10  Iter-350/706	loss 0.5854 (0.0945)	accu 0.750 (0.967)	
Train Epoch-10  Iter-375/706	loss 0.0125 (0.0926)	accu 1.000 (0.967)	
Train Epoch-10  Iter-400/706	loss 0.0252 (0.0923)	accu 1.000 (0.967)	
Train Epoch-10  Iter-425/706	loss 0.0059 (0.0903)	accu 1.000 (0.968)	
Train Epoch-10  Iter-450/706	loss 0.2359 (0.0892)	accu 0.875 (0.969)	
Train Epoch-10  Iter-475/706	loss 0.1396 (0.0880)	accu 1.000 (0.969)	
Train Epoch-10  Iter-500/706	loss 0.0070 (0.0861)	accu 1.000 (0.970)	
Train Epoch-10  Iter-525/706	loss 0.0172 (0.0844)	accu 1.000 (0.970)	
Train Epoch-10  Iter-550/706	loss 0.0659 (0.0858)	accu 1.000 (0.970)	
Train Epoch-10  Iter-575/706	loss 0.0065 (0.0851)	accu 1.000 (0.970)	
Train Epoch-10  Iter-600/706	loss 0.0177 (0.0845)	accu 1.000 (0.970)	
Train Epoch-10  Iter-625/706	loss 0.0062 (0.0855)	accu 1.000 (0.970)	
Train Epoch-10  Iter-650/706	loss 0.0579 (0.0858)	accu 1.000 (0.970)	
Train Epoch-10  Iter-675/706	loss 0.0059 (0.0865)	accu 1.000 (0.969)	
Train Epoch-10  Iter-700/706	loss 0.0058 (0.0883)	accu 1.000 (0.969)	
Eval Epoch-10  Iter-0  /52 	loss 0.5216 (0.5216)	accu 0.875 (0.875)	
Eval Epoch-10  Iter-25 /52 	loss 0.2609 (0.5244)	accu 0.875 (0.798)	
Eval Epoch-10  Iter-50 /52 	loss 1.6207 (0.5741)	accu 0.625 (0.809)	
Epoch-10  Train: loss 0.0879	accu 0.9688	Eval: loss 0.6110	accu 0.8029
Train Epoch-11  Iter-0  /706	loss 0.3501 (0.3501)	accu 0.875 (0.875)	
Train Epoch-11  Iter-25 /706	loss 0.0245 (0.1025)	accu 1.000 (0.957)	
Train Epoch-11  Iter-50 /706	loss 0.0249 (0.0885)	accu 1.000 (0.961)	
Train Epoch-11  Iter-75 /706	loss 0.1893 (0.0926)	accu 0.875 (0.959)	
Train Epoch-11  Iter-100/706	loss 0.0149 (0.0922)	accu 1.000 (0.960)	
Train Epoch-11  Iter-125/706	loss 0.0390 (0.0939)	accu 1.000 (0.963)	
Train Epoch-11  Iter-150/706	loss 0.0047 (0.0888)	accu 1.000 (0.965)	
Train Epoch-11  Iter-175/706	loss 0.0078 (0.0886)	accu 1.000 (0.967)	
Train Epoch-11  Iter-200/706	loss 0.6326 (0.0868)	accu 0.750 (0.968)	
Train Epoch-11  Iter-225/706	loss 0.5941 (0.0875)	accu 0.875 (0.967)	
Train Epoch-11  Iter-250/706	loss 0.2746 (0.0842)	accu 0.875 (0.968)	
Train Epoch-11  Iter-275/706	loss 0.0076 (0.0866)	accu 1.000 (0.968)	
Train Epoch-11  Iter-300/706	loss 0.0419 (0.0869)	accu 1.000 (0.968)	
Train Epoch-11  Iter-325/706	loss 0.0272 (0.0847)	accu 1.000 (0.970)	
Train Epoch-11  Iter-350/706	loss 0.0032 (0.0829)	accu 1.000 (0.970)	
Train Epoch-11  Iter-375/706	loss 0.0134 (0.0818)	accu 1.000 (0.970)	
Train Epoch-11  Iter-400/706	loss 0.0090 (0.0819)	accu 1.000 (0.969)	
Train Epoch-11  Iter-425/706	loss 0.0983 (0.0856)	accu 1.000 (0.969)	
Train Epoch-11  Iter-450/706	loss 0.0042 (0.0851)	accu 1.000 (0.970)	
Train Epoch-11  Iter-475/706	loss 0.4852 (0.0863)	accu 0.750 (0.969)	
Train Epoch-11  Iter-500/706	loss 0.1253 (0.0874)	accu 0.875 (0.969)	
Train Epoch-11  Iter-525/706	loss 0.0327 (0.0885)	accu 1.000 (0.968)	
Train Epoch-11  Iter-550/706	loss 0.0566 (0.0898)	accu 1.000 (0.968)	
Train Epoch-11  Iter-575/706	loss 0.0112 (0.0898)	accu 1.000 (0.967)	
Train Epoch-11  Iter-600/706	loss 0.0242 (0.0886)	accu 1.000 (0.968)	
Train Epoch-11  Iter-625/706	loss 0.0235 (0.0892)	accu 1.000 (0.968)	
Train Epoch-11  Iter-650/706	loss 0.5078 (0.0894)	accu 0.875 (0.968)	
Train Epoch-11  Iter-675/706	loss 0.0504 (0.0884)	accu 1.000 (0.969)	
Train Epoch-11  Iter-700/706	loss 0.6386 (0.0880)	accu 0.750 (0.969)	
Eval Epoch-11  Iter-0  /52 	loss 0.5607 (0.5607)	accu 0.875 (0.875)	
Eval Epoch-11  Iter-25 /52 	loss 0.2446 (0.5735)	accu 0.875 (0.812)	
Eval Epoch-11  Iter-50 /52 	loss 1.5294 (0.6072)	accu 0.625 (0.811)	
Epoch-11  Train: loss 0.0882	accu 0.9690	Eval: loss 0.6473	accu 0.8053
Train Epoch-12  Iter-0  /706	loss 0.0774 (0.0774)	accu 1.000 (1.000)	
Train Epoch-12  Iter-25 /706	loss 0.0170 (0.1339)	accu 1.000 (0.952)	
Train Epoch-12  Iter-50 /706	loss 0.0088 (0.1007)	accu 1.000 (0.966)	
Train Epoch-12  Iter-75 /706	loss 0.3011 (0.0897)	accu 0.875 (0.970)	
Train Epoch-12  Iter-100/706	loss 0.5612 (0.0845)	accu 0.875 (0.973)	
Train Epoch-12  Iter-125/706	loss 0.0172 (0.0798)	accu 1.000 (0.973)	
Train Epoch-12  Iter-150/706	loss 0.0230 (0.0835)	accu 1.000 (0.971)	
Train Epoch-12  Iter-175/706	loss 0.0396 (0.0842)	accu 1.000 (0.971)	
Train Epoch-12  Iter-200/706	loss 0.0390 (0.0829)	accu 1.000 (0.972)	
Train Epoch-12  Iter-225/706	loss 0.0186 (0.0818)	accu 1.000 (0.972)	
Train Epoch-12  Iter-250/706	loss 0.1872 (0.0829)	accu 0.875 (0.972)	
Train Epoch-12  Iter-275/706	loss 0.0033 (0.0815)	accu 1.000 (0.973)	
Train Epoch-12  Iter-300/706	loss 0.0131 (0.0819)	accu 1.000 (0.973)	
Train Epoch-12  Iter-325/706	loss 0.3106 (0.0826)	accu 0.875 (0.972)	
Train Epoch-12  Iter-350/706	loss 0.0660 (0.0808)	accu 1.000 (0.973)	
Train Epoch-12  Iter-375/706	loss 0.0683 (0.0831)	accu 1.000 (0.973)	
Train Epoch-12  Iter-400/706	loss 0.0363 (0.0830)	accu 1.000 (0.973)	
Train Epoch-12  Iter-425/706	loss 0.1356 (0.0830)	accu 0.875 (0.972)	
Train Epoch-12  Iter-450/706	loss 0.0220 (0.0812)	accu 1.000 (0.973)	
Train Epoch-12  Iter-475/706	loss 0.0158 (0.0823)	accu 1.000 (0.972)	
Train Epoch-12  Iter-500/706	loss 0.0148 (0.0815)	accu 1.000 (0.972)	
Train Epoch-12  Iter-525/706	loss 0.0331 (0.0835)	accu 1.000 (0.971)	
Train Epoch-12  Iter-550/706	loss 0.0233 (0.0854)	accu 1.000 (0.971)	
Train Epoch-12  Iter-575/706	loss 0.2362 (0.0861)	accu 0.875 (0.970)	
Train Epoch-12  Iter-600/706	loss 0.0207 (0.0865)	accu 1.000 (0.970)	
Train Epoch-12  Iter-625/706	loss 0.0332 (0.0858)	accu 1.000 (0.971)	
Train Epoch-12  Iter-650/706	loss 0.0168 (0.0854)	accu 1.000 (0.971)	
Train Epoch-12  Iter-675/706	loss 0.0139 (0.0837)	accu 1.000 (0.972)	
Train Epoch-12  Iter-700/706	loss 0.2516 (0.0827)	accu 0.875 (0.972)	
Eval Epoch-12  Iter-0  /52 	loss 0.7288 (0.7288)	accu 0.875 (0.875)	
Eval Epoch-12  Iter-25 /52 	loss 0.3617 (0.6895)	accu 0.875 (0.779)	
Eval Epoch-12  Iter-50 /52 	loss 1.3293 (0.6657)	accu 0.625 (0.794)	
Epoch-12  Train: loss 0.0826	accu 0.9718	Eval: loss 0.7022	accu 0.7885
Epoch    13: reducing learning rate of group 0 to 3.0000e-06.
Train Epoch-13  Iter-0  /706	loss 0.0024 (0.0024)	accu 1.000 (1.000)	
Train Epoch-13  Iter-25 /706	loss 0.1163 (0.0766)	accu 0.875 (0.971)	
Train Epoch-13  Iter-50 /706	loss 0.0237 (0.0825)	accu 1.000 (0.968)	
Train Epoch-13  Iter-75 /706	loss 0.0174 (0.0827)	accu 1.000 (0.970)	
Train Epoch-13  Iter-100/706	loss 0.0147 (0.0867)	accu 1.000 (0.972)	
Train Epoch-13  Iter-125/706	loss 0.0367 (0.0908)	accu 1.000 (0.970)	
Train Epoch-13  Iter-150/706	loss 0.0155 (0.0851)	accu 1.000 (0.972)	
Train Epoch-13  Iter-175/706	loss 0.0023 (0.0815)	accu 1.000 (0.973)	
Train Epoch-13  Iter-200/706	loss 0.0053 (0.0776)	accu 1.000 (0.975)	
Train Epoch-13  Iter-225/706	loss 0.0480 (0.0748)	accu 1.000 (0.974)	
Train Epoch-13  Iter-250/706	loss 0.2288 (0.0773)	accu 0.875 (0.973)	
Train Epoch-13  Iter-275/706	loss 0.3756 (0.0785)	accu 0.875 (0.971)	
Train Epoch-13  Iter-300/706	loss 0.0421 (0.0790)	accu 1.000 (0.971)	
Train Epoch-13  Iter-325/706	loss 0.0038 (0.0743)	accu 1.000 (0.973)	
Train Epoch-13  Iter-350/706	loss 0.0063 (0.0787)	accu 1.000 (0.971)	
Train Epoch-13  Iter-375/706	loss 0.2367 (0.0777)	accu 0.875 (0.971)	
Train Epoch-13  Iter-400/706	loss 0.0447 (0.0771)	accu 1.000 (0.971)	
Train Epoch-13  Iter-425/706	loss 0.0205 (0.0790)	accu 1.000 (0.971)	
Train Epoch-13  Iter-450/706	loss 0.0049 (0.0781)	accu 1.000 (0.971)	
Train Epoch-13  Iter-475/706	loss 0.2039 (0.0818)	accu 0.875 (0.971)	
Train Epoch-13  Iter-500/706	loss 0.0167 (0.0811)	accu 1.000 (0.971)	
Train Epoch-13  Iter-525/706	loss 0.0042 (0.0786)	accu 1.000 (0.972)	
Train Epoch-13  Iter-550/706	loss 0.0168 (0.0773)	accu 1.000 (0.973)	
Train Epoch-13  Iter-575/706	loss 0.0856 (0.0781)	accu 1.000 (0.972)	
Train Epoch-13  Iter-600/706	loss 0.0164 (0.0780)	accu 1.000 (0.973)	
Train Epoch-13  Iter-625/706	loss 0.0024 (0.0773)	accu 1.000 (0.973)	
Train Epoch-13  Iter-650/706	loss 0.0128 (0.0773)	accu 1.000 (0.973)	
Train Epoch-13  Iter-675/706	loss 0.0138 (0.0776)	accu 1.000 (0.973)	
Train Epoch-13  Iter-700/706	loss 0.0224 (0.0790)	accu 1.000 (0.973)	
Eval Epoch-13  Iter-0  /52 	loss 0.5872 (0.5872)	accu 0.875 (0.875)	
Eval Epoch-13  Iter-25 /52 	loss 0.2436 (0.5184)	accu 0.875 (0.837)	
Eval Epoch-13  Iter-50 /52 	loss 1.4436 (0.5879)	accu 0.625 (0.824)	
Epoch-13  Train: loss 0.0786	accu 0.9731	Eval: loss 0.6299	accu 0.8173
Train Epoch-14  Iter-0  /706	loss 0.0285 (0.0285)	accu 1.000 (1.000)	
Train Epoch-14  Iter-25 /706	loss 0.0362 (0.0534)	accu 1.000 (0.986)	
Train Epoch-14  Iter-50 /706	loss 0.4137 (0.0595)	accu 0.875 (0.983)	
Train Epoch-14  Iter-75 /706	loss 0.0137 (0.0626)	accu 1.000 (0.980)	
Train Epoch-14  Iter-100/706	loss 0.0537 (0.0731)	accu 1.000 (0.975)	
Train Epoch-14  Iter-125/706	loss 0.0042 (0.0742)	accu 1.000 (0.973)	
Train Epoch-14  Iter-150/706	loss 0.0222 (0.0760)	accu 1.000 (0.974)	
Train Epoch-14  Iter-175/706	loss 0.0109 (0.0733)	accu 1.000 (0.974)	
Train Epoch-14  Iter-200/706	loss 0.2569 (0.0735)	accu 0.875 (0.975)	
Train Epoch-14  Iter-225/706	loss 0.0048 (0.0744)	accu 1.000 (0.975)	
Train Epoch-14  Iter-250/706	loss 0.0056 (0.0756)	accu 1.000 (0.975)	
Train Epoch-14  Iter-275/706	loss 0.0379 (0.0743)	accu 1.000 (0.975)	
Train Epoch-14  Iter-300/706	loss 0.0026 (0.0730)	accu 1.000 (0.975)	
Train Epoch-14  Iter-325/706	loss 0.0063 (0.0759)	accu 1.000 (0.973)	
Train Epoch-14  Iter-350/706	loss 0.0345 (0.0757)	accu 1.000 (0.973)	
Train Epoch-14  Iter-375/706	loss 0.0023 (0.0758)	accu 1.000 (0.973)	
Train Epoch-14  Iter-400/706	loss 0.0025 (0.0733)	accu 1.000 (0.974)	
Train Epoch-14  Iter-425/706	loss 0.2546 (0.0718)	accu 0.875 (0.975)	
Train Epoch-14  Iter-450/706	loss 0.0049 (0.0726)	accu 1.000 (0.975)	
Train Epoch-14  Iter-475/706	loss 0.0894 (0.0733)	accu 1.000 (0.975)	
Train Epoch-14  Iter-500/706	loss 0.3832 (0.0750)	accu 0.750 (0.974)	
Train Epoch-14  Iter-525/706	loss 0.0025 (0.0742)	accu 1.000 (0.974)	
Train Epoch-14  Iter-550/706	loss 0.0284 (0.0759)	accu 1.000 (0.973)	
Train Epoch-14  Iter-575/706	loss 0.1955 (0.0749)	accu 0.875 (0.973)	
Train Epoch-14  Iter-600/706	loss 0.0082 (0.0752)	accu 1.000 (0.973)	
Train Epoch-14  Iter-625/706	loss 0.0212 (0.0759)	accu 1.000 (0.972)	
Train Epoch-14  Iter-650/706	loss 0.0844 (0.0752)	accu 1.000 (0.973)	
Train Epoch-14  Iter-675/706	loss 0.0379 (0.0743)	accu 1.000 (0.973)	
Train Epoch-14  Iter-700/706	loss 0.2441 (0.0748)	accu 0.875 (0.973)	
Eval Epoch-14  Iter-0  /52 	loss 0.6193 (0.6193)	accu 0.875 (0.875)	
Eval Epoch-14  Iter-25 /52 	loss 0.2770 (0.5792)	accu 0.875 (0.812)	
Eval Epoch-14  Iter-50 /52 	loss 1.3216 (0.6107)	accu 0.625 (0.811)	
Epoch-14  Train: loss 0.0743	accu 0.9736	Eval: loss 0.6500	accu 0.8053
Train Epoch-15  Iter-0  /706	loss 0.0138 (0.0138)	accu 1.000 (1.000)	
Train Epoch-15  Iter-25 /706	loss 0.0119 (0.0833)	accu 1.000 (0.971)	
Train Epoch-15  Iter-50 /706	loss 0.0035 (0.0848)	accu 1.000 (0.973)	
Train Epoch-15  Iter-75 /706	loss 0.0249 (0.0864)	accu 1.000 (0.974)	
Train Epoch-15  Iter-100/706	loss 0.0057 (0.0846)	accu 1.000 (0.973)	
Train Epoch-15  Iter-125/706	loss 0.0044 (0.0841)	accu 1.000 (0.972)	
Train Epoch-15  Iter-150/706	loss 0.0178 (0.0822)	accu 1.000 (0.972)	
Train Epoch-15  Iter-175/706	loss 0.0355 (0.0831)	accu 1.000 (0.971)	
Train Epoch-15  Iter-200/706	loss 0.0207 (0.0798)	accu 1.000 (0.971)	
Train Epoch-15  Iter-225/706	loss 0.2254 (0.0781)	accu 0.875 (0.972)	
Train Epoch-15  Iter-250/706	loss 0.0026 (0.0808)	accu 1.000 (0.973)	
Train Epoch-15  Iter-275/706	loss 0.0031 (0.0771)	accu 1.000 (0.975)	
Train Epoch-15  Iter-300/706	loss 0.0214 (0.0770)	accu 1.000 (0.975)	
Train Epoch-15  Iter-325/706	loss 0.0097 (0.0770)	accu 1.000 (0.974)	
Train Epoch-15  Iter-350/706	loss 0.0344 (0.0762)	accu 1.000 (0.975)	
Train Epoch-15  Iter-375/706	loss 0.0158 (0.0757)	accu 1.000 (0.974)	
Train Epoch-15  Iter-400/706	loss 0.0078 (0.0768)	accu 1.000 (0.973)	
Train Epoch-15  Iter-425/706	loss 0.0285 (0.0768)	accu 1.000 (0.973)	
Train Epoch-15  Iter-450/706	loss 0.1116 (0.0769)	accu 0.875 (0.973)	
Train Epoch-15  Iter-475/706	loss 0.0195 (0.0784)	accu 1.000 (0.972)	
Train Epoch-15  Iter-500/706	loss 0.1827 (0.0769)	accu 0.875 (0.972)	
Train Epoch-15  Iter-525/706	loss 0.0047 (0.0754)	accu 1.000 (0.973)	
Train Epoch-15  Iter-550/706	loss 0.8481 (0.0780)	accu 0.750 (0.972)	
Train Epoch-15  Iter-575/706	loss 0.0042 (0.0790)	accu 1.000 (0.972)	
Train Epoch-15  Iter-600/706	loss 0.0024 (0.0782)	accu 1.000 (0.972)	
Train Epoch-15  Iter-625/706	loss 0.0238 (0.0808)	accu 1.000 (0.971)	
Train Epoch-15  Iter-650/706	loss 0.3646 (0.0801)	accu 0.875 (0.972)	
Train Epoch-15  Iter-675/706	loss 0.0210 (0.0799)	accu 1.000 (0.972)	
Train Epoch-15  Iter-700/706	loss 0.0088 (0.0787)	accu 1.000 (0.972)	
Eval Epoch-15  Iter-0  /52 	loss 0.6034 (0.6034)	accu 0.875 (0.875)	
Eval Epoch-15  Iter-25 /52 	loss 0.2656 (0.5613)	accu 0.875 (0.812)	
Eval Epoch-15  Iter-50 /52 	loss 1.3119 (0.6037)	accu 0.625 (0.811)	
Epoch-15  Train: loss 0.0786	accu 0.9722	Eval: loss 0.6446	accu 0.8053
Train Epoch-16  Iter-0  /706	loss 0.0146 (0.0146)	accu 1.000 (1.000)	
Train Epoch-16  Iter-25 /706	loss 0.0206 (0.0918)	accu 1.000 (0.966)	
Train Epoch-16  Iter-50 /706	loss 0.0101 (0.0645)	accu 1.000 (0.980)	
Train Epoch-16  Iter-75 /706	loss 0.0126 (0.0666)	accu 1.000 (0.977)	
Train Epoch-16  Iter-100/706	loss 0.2445 (0.0624)	accu 0.875 (0.979)	
Train Epoch-16  Iter-125/706	loss 0.0093 (0.0687)	accu 1.000 (0.976)	
Train Epoch-16  Iter-150/706	loss 0.0031 (0.0714)	accu 1.000 (0.974)	
Train Epoch-16  Iter-175/706	loss 0.0758 (0.0754)	accu 1.000 (0.973)	
Train Epoch-16  Iter-200/706	loss 0.0091 (0.0743)	accu 1.000 (0.973)	
Train Epoch-16  Iter-225/706	loss 0.0134 (0.0717)	accu 1.000 (0.975)	
Train Epoch-16  Iter-250/706	loss 0.0389 (0.0711)	accu 1.000 (0.974)	
Train Epoch-16  Iter-275/706	loss 0.2077 (0.0707)	accu 0.875 (0.974)	
Train Epoch-16  Iter-300/706	loss 0.0595 (0.0699)	accu 1.000 (0.974)	
Train Epoch-16  Iter-325/706	loss 0.0251 (0.0758)	accu 1.000 (0.972)	
Train Epoch-16  Iter-350/706	loss 0.1670 (0.0764)	accu 0.875 (0.972)	
Train Epoch-16  Iter-375/706	loss 0.1167 (0.0763)	accu 1.000 (0.972)	
Train Epoch-16  Iter-400/706	loss 0.3273 (0.0772)	accu 0.875 (0.972)	
Train Epoch-16  Iter-425/706	loss 0.0549 (0.0767)	accu 1.000 (0.972)	
Train Epoch-16  Iter-450/706	loss 0.0075 (0.0765)	accu 1.000 (0.972)	
Train Epoch-16  Iter-475/706	loss 0.0444 (0.0762)	accu 1.000 (0.972)	
Train Epoch-16  Iter-500/706	loss 0.0106 (0.0765)	accu 1.000 (0.972)	
Train Epoch-16  Iter-525/706	loss 0.0019 (0.0777)	accu 1.000 (0.972)	
Train Epoch-16  Iter-550/706	loss 0.0039 (0.0764)	accu 1.000 (0.973)	
Train Epoch-16  Iter-575/706	loss 0.3302 (0.0755)	accu 0.875 (0.973)	
Train Epoch-16  Iter-600/706	loss 0.0478 (0.0749)	accu 1.000 (0.974)	
Train Epoch-16  Iter-625/706	loss 0.0115 (0.0738)	accu 1.000 (0.974)	
Train Epoch-16  Iter-650/706	loss 0.0030 (0.0747)	accu 1.000 (0.974)	
Train Epoch-16  Iter-675/706	loss 0.0057 (0.0742)	accu 1.000 (0.974)	
Train Epoch-16  Iter-700/706	loss 0.0041 (0.0742)	accu 1.000 (0.974)	
Eval Epoch-16  Iter-0  /52 	loss 0.6196 (0.6196)	accu 0.875 (0.875)	
Eval Epoch-16  Iter-25 /52 	loss 0.2802 (0.5911)	accu 0.875 (0.803)	
Eval Epoch-16  Iter-50 /52 	loss 1.2573 (0.6178)	accu 0.625 (0.806)	
Epoch-16  Train: loss 0.0741	accu 0.9740	Eval: loss 0.6573	accu 0.8005
Train Epoch-17  Iter-0  /706	loss 0.0027 (0.0027)	accu 1.000 (1.000)	
Train Epoch-17  Iter-25 /706	loss 0.0777 (0.0659)	accu 1.000 (0.976)	
Train Epoch-17  Iter-50 /706	loss 0.0021 (0.0897)	accu 1.000 (0.971)	
Train Epoch-17  Iter-75 /706	loss 0.0026 (0.0732)	accu 1.000 (0.977)	
Train Epoch-17  Iter-100/706	loss 0.0082 (0.0720)	accu 1.000 (0.976)	
Train Epoch-17  Iter-125/706	loss 0.0332 (0.0763)	accu 1.000 (0.974)	
Train Epoch-17  Iter-150/706	loss 0.0608 (0.0773)	accu 1.000 (0.974)	
Train Epoch-17  Iter-175/706	loss 0.0147 (0.0776)	accu 1.000 (0.974)	
Train Epoch-17  Iter-200/706	loss 0.0040 (0.0718)	accu 1.000 (0.976)	
Train Epoch-17  Iter-225/706	loss 0.0260 (0.0698)	accu 1.000 (0.976)	
Train Epoch-17  Iter-250/706	loss 0.0171 (0.0719)	accu 1.000 (0.975)	
Train Epoch-17  Iter-275/706	loss 0.0551 (0.0752)	accu 1.000 (0.974)	
Train Epoch-17  Iter-300/706	loss 0.0479 (0.0734)	accu 1.000 (0.975)	
Train Epoch-17  Iter-325/706	loss 0.0040 (0.0717)	accu 1.000 (0.975)	
Train Epoch-17  Iter-350/706	loss 0.0023 (0.0730)	accu 1.000 (0.973)	
Train Epoch-17  Iter-375/706	loss 0.4186 (0.0736)	accu 0.875 (0.972)	
Train Epoch-17  Iter-400/706	loss 0.0255 (0.0748)	accu 1.000 (0.972)	
Train Epoch-17  Iter-425/706	loss 0.0068 (0.0743)	accu 1.000 (0.972)	
Train Epoch-17  Iter-450/706	loss 0.0242 (0.0727)	accu 1.000 (0.973)	
Train Epoch-17  Iter-475/706	loss 0.0069 (0.0734)	accu 1.000 (0.972)	
Train Epoch-17  Iter-500/706	loss 0.0117 (0.0739)	accu 1.000 (0.972)	
Train Epoch-17  Iter-525/706	loss 0.0048 (0.0745)	accu 1.000 (0.972)	
Train Epoch-17  Iter-550/706	loss 0.0370 (0.0751)	accu 1.000 (0.972)	
Train Epoch-17  Iter-575/706	loss 0.0257 (0.0770)	accu 1.000 (0.971)	
Train Epoch-17  Iter-600/706	loss 0.0115 (0.0777)	accu 1.000 (0.971)	
Train Epoch-17  Iter-625/706	loss 0.6638 (0.0784)	accu 0.875 (0.971)	
Train Epoch-17  Iter-650/706	loss 0.0027 (0.0771)	accu 1.000 (0.972)	
Train Epoch-17  Iter-675/706	loss 0.0577 (0.0772)	accu 1.000 (0.972)	
Train Epoch-17  Iter-700/706	loss 0.0056 (0.0776)	accu 1.000 (0.971)	
Eval Epoch-17  Iter-0  /52 	loss 0.6131 (0.6131)	accu 0.875 (0.875)	
Eval Epoch-17  Iter-25 /52 	loss 0.2657 (0.5646)	accu 0.875 (0.808)	
Eval Epoch-17  Iter-50 /52 	loss 1.3037 (0.6018)	accu 0.625 (0.809)	
Epoch-17  Train: loss 0.0772	accu 0.9713	Eval: loss 0.6408	accu 0.8029
Train Epoch-18  Iter-0  /706	loss 0.0347 (0.0347)	accu 1.000 (1.000)	
Train Epoch-18  Iter-25 /706	loss 0.0171 (0.0981)	accu 1.000 (0.971)	
Train Epoch-18  Iter-50 /706	loss 0.0526 (0.0982)	accu 1.000 (0.961)	
Train Epoch-18  Iter-75 /706	loss 0.0102 (0.0946)	accu 1.000 (0.962)	
Train Epoch-18  Iter-100/706	loss 0.0199 (0.0854)	accu 1.000 (0.965)	
Train Epoch-18  Iter-125/706	loss 0.0127 (0.0808)	accu 1.000 (0.968)	
Train Epoch-18  Iter-150/706	loss 0.0225 (0.0764)	accu 1.000 (0.970)	
Train Epoch-18  Iter-175/706	loss 0.4976 (0.0848)	accu 0.875 (0.968)	
Train Epoch-18  Iter-200/706	loss 0.0310 (0.0768)	accu 1.000 (0.971)	
Train Epoch-18  Iter-225/706	loss 0.0050 (0.0756)	accu 1.000 (0.972)	
Train Epoch-18  Iter-250/706	loss 0.6529 (0.0761)	accu 0.750 (0.972)	
Train Epoch-18  Iter-275/706	loss 0.0692 (0.0772)	accu 1.000 (0.971)	
Train Epoch-18  Iter-300/706	loss 0.0364 (0.0761)	accu 1.000 (0.972)	
Train Epoch-18  Iter-325/706	loss 0.0457 (0.0795)	accu 1.000 (0.971)	
Train Epoch-18  Iter-350/706	loss 0.0132 (0.0769)	accu 1.000 (0.972)	
Train Epoch-18  Iter-375/706	loss 0.0096 (0.0768)	accu 1.000 (0.971)	
Train Epoch-18  Iter-400/706	loss 0.0024 (0.0758)	accu 1.000 (0.972)	
Train Epoch-18  Iter-425/706	loss 0.0032 (0.0739)	accu 1.000 (0.973)	
Train Epoch-18  Iter-450/706	loss 0.0443 (0.0751)	accu 1.000 (0.973)	
Train Epoch-18  Iter-475/706	loss 0.0024 (0.0726)	accu 1.000 (0.974)	
Train Epoch-18  Iter-500/706	loss 0.0093 (0.0752)	accu 1.000 (0.973)	
Train Epoch-18  Iter-525/706	loss 0.2982 (0.0758)	accu 0.875 (0.973)	
Train Epoch-18  Iter-550/706	loss 0.0026 (0.0751)	accu 1.000 (0.973)	
Train Epoch-18  Iter-575/706	loss 0.0023 (0.0743)	accu 1.000 (0.973)	
Train Epoch-18  Iter-600/706	loss 0.1260 (0.0737)	accu 0.875 (0.973)	
Train Epoch-18  Iter-625/706	loss 0.0126 (0.0753)	accu 1.000 (0.973)	
Train Epoch-18  Iter-650/706	loss 0.2407 (0.0747)	accu 0.875 (0.973)	
Train Epoch-18  Iter-675/706	loss 0.0329 (0.0744)	accu 1.000 (0.973)	
Train Epoch-18  Iter-700/706	loss 0.0246 (0.0744)	accu 1.000 (0.973)	
Eval Epoch-18  Iter-0  /52 	loss 0.6277 (0.6277)	accu 0.875 (0.875)	
Eval Epoch-18  Iter-25 /52 	loss 0.2658 (0.5795)	accu 0.875 (0.808)	
Eval Epoch-18  Iter-50 /52 	loss 1.2929 (0.6094)	accu 0.625 (0.809)	
Epoch-18  Train: loss 0.0739	accu 0.9731	Eval: loss 0.6491	accu 0.8029
Epoch    19: reducing learning rate of group 0 to 3.0000e-07.
Train Epoch-19  Iter-0  /706	loss 0.0031 (0.0031)	accu 1.000 (1.000)	
Train Epoch-19  Iter-25 /706	loss 0.0026 (0.0541)	accu 1.000 (0.981)	
Train Epoch-19  Iter-50 /706	loss 0.2433 (0.0685)	accu 0.875 (0.973)	
Train Epoch-19  Iter-75 /706	loss 0.1918 (0.0747)	accu 0.875 (0.969)	
Train Epoch-19  Iter-100/706	loss 0.5262 (0.0801)	accu 0.875 (0.970)	
Train Epoch-19  Iter-125/706	loss 0.0034 (0.0828)	accu 1.000 (0.967)	
Train Epoch-19  Iter-150/706	loss 0.0579 (0.0785)	accu 1.000 (0.969)	
Train Epoch-19  Iter-175/706	loss 0.0272 (0.0800)	accu 1.000 (0.968)	
Train Epoch-19  Iter-200/706	loss 0.0054 (0.0805)	accu 1.000 (0.968)	
Train Epoch-19  Iter-225/706	loss 0.0084 (0.0816)	accu 1.000 (0.968)	
Train Epoch-19  Iter-250/706	loss 0.1553 (0.0811)	accu 0.875 (0.967)	
Train Epoch-19  Iter-275/706	loss 0.0024 (0.0803)	accu 1.000 (0.967)	
Train Epoch-19  Iter-300/706	loss 0.0180 (0.0808)	accu 1.000 (0.968)	
Train Epoch-19  Iter-325/706	loss 0.0733 (0.0812)	accu 1.000 (0.968)	
Train Epoch-19  Iter-350/706	loss 0.0060 (0.0798)	accu 1.000 (0.969)	
Train Epoch-19  Iter-375/706	loss 0.0521 (0.0798)	accu 1.000 (0.968)	
Train Epoch-19  Iter-400/706	loss 0.0024 (0.0786)	accu 1.000 (0.968)	
Train Epoch-19  Iter-425/706	loss 0.0046 (0.0757)	accu 1.000 (0.970)	
Train Epoch-19  Iter-450/706	loss 0.0336 (0.0762)	accu 1.000 (0.970)	
Train Epoch-19  Iter-475/706	loss 0.6844 (0.0762)	accu 0.875 (0.971)	
Train Epoch-19  Iter-500/706	loss 0.0019 (0.0763)	accu 1.000 (0.971)	
Train Epoch-19  Iter-525/706	loss 0.0349 (0.0753)	accu 1.000 (0.971)	
Train Epoch-19  Iter-550/706	loss 0.0188 (0.0751)	accu 1.000 (0.971)	
Train Epoch-19  Iter-575/706	loss 0.0050 (0.0753)	accu 1.000 (0.971)	
Train Epoch-19  Iter-600/706	loss 0.0743 (0.0752)	accu 1.000 (0.971)	
Train Epoch-19  Iter-625/706	loss 0.0196 (0.0765)	accu 1.000 (0.971)	
Train Epoch-19  Iter-650/706	loss 0.0105 (0.0758)	accu 1.000 (0.971)	
Train Epoch-19  Iter-675/706	loss 0.0212 (0.0746)	accu 1.000 (0.972)	
Train Epoch-19  Iter-700/706	loss 0.0911 (0.0734)	accu 1.000 (0.972)	
Eval Epoch-19  Iter-0  /52 	loss 0.6268 (0.6268)	accu 0.875 (0.875)	
Eval Epoch-19  Iter-25 /52 	loss 0.2641 (0.5777)	accu 0.875 (0.808)	
Eval Epoch-19  Iter-50 /52 	loss 1.2946 (0.6088)	accu 0.625 (0.809)	
Epoch-19  Train: loss 0.0729	accu 0.9726	Eval: loss 0.6487	accu 0.8029
Train Epoch-20  Iter-0  /706	loss 0.0734 (0.0734)	accu 1.000 (1.000)	
Train Epoch-20  Iter-25 /706	loss 0.0135 (0.0625)	accu 1.000 (0.971)	
Train Epoch-20  Iter-50 /706	loss 0.0051 (0.0592)	accu 1.000 (0.978)	
Train Epoch-20  Iter-75 /706	loss 0.0076 (0.0714)	accu 1.000 (0.972)	
Train Epoch-20  Iter-100/706	loss 0.0132 (0.0736)	accu 1.000 (0.972)	
Train Epoch-20  Iter-125/706	loss 0.0049 (0.0733)	accu 1.000 (0.972)	
Train Epoch-20  Iter-150/706	loss 0.0061 (0.0665)	accu 1.000 (0.975)	
Train Epoch-20  Iter-175/706	loss 0.0182 (0.0641)	accu 1.000 (0.976)	
Train Epoch-20  Iter-200/706	loss 0.0925 (0.0644)	accu 0.875 (0.975)	
Train Epoch-20  Iter-225/706	loss 0.0035 (0.0648)	accu 1.000 (0.975)	
Train Epoch-20  Iter-250/706	loss 0.2305 (0.0646)	accu 0.875 (0.975)	
Train Epoch-20  Iter-275/706	loss 0.0071 (0.0660)	accu 1.000 (0.976)	
Train Epoch-20  Iter-300/706	loss 0.0039 (0.0661)	accu 1.000 (0.976)	
Train Epoch-20  Iter-325/706	loss 0.0082 (0.0660)	accu 1.000 (0.976)	
Train Epoch-20  Iter-350/706	loss 0.0212 (0.0670)	accu 1.000 (0.975)	
Train Epoch-20  Iter-375/706	loss 0.5926 (0.0689)	accu 0.750 (0.974)	
Train Epoch-20  Iter-400/706	loss 0.0473 (0.0710)	accu 1.000 (0.974)	
Train Epoch-20  Iter-425/706	loss 0.0110 (0.0708)	accu 1.000 (0.974)	
Train Epoch-20  Iter-450/706	loss 0.0289 (0.0714)	accu 1.000 (0.974)	
Train Epoch-20  Iter-475/706	loss 0.0548 (0.0733)	accu 1.000 (0.973)	
Train Epoch-20  Iter-500/706	loss 0.2074 (0.0734)	accu 0.875 (0.972)	
Train Epoch-20  Iter-525/706	loss 0.0092 (0.0735)	accu 1.000 (0.972)	
Train Epoch-20  Iter-550/706	loss 0.0225 (0.0754)	accu 1.000 (0.972)	
Train Epoch-20  Iter-575/706	loss 0.0028 (0.0741)	accu 1.000 (0.972)	
Train Epoch-20  Iter-600/706	loss 0.2566 (0.0738)	accu 0.875 (0.973)	
Train Epoch-20  Iter-625/706	loss 0.0255 (0.0734)	accu 1.000 (0.973)	
Train Epoch-20  Iter-650/706	loss 0.0491 (0.0741)	accu 1.000 (0.973)	
Train Epoch-20  Iter-675/706	loss 0.3081 (0.0740)	accu 0.875 (0.973)	
Train Epoch-20  Iter-700/706	loss 0.0062 (0.0744)	accu 1.000 (0.973)	
Eval Epoch-20  Iter-0  /52 	loss 0.6186 (0.6186)	accu 0.875 (0.875)	
Eval Epoch-20  Iter-25 /52 	loss 0.2559 (0.5667)	accu 0.875 (0.812)	
Eval Epoch-20  Iter-50 /52 	loss 1.3135 (0.6046)	accu 0.625 (0.811)	
Epoch-20  Train: loss 0.0740	accu 0.9729	Eval: loss 0.6450	accu 0.8053
Train Epoch-21  Iter-0  /706	loss 0.1157 (0.1157)	accu 0.875 (0.875)	
Train Epoch-21  Iter-25 /706	loss 0.0427 (0.0602)	accu 1.000 (0.971)	
Train Epoch-21  Iter-50 /706	loss 0.0614 (0.0841)	accu 1.000 (0.961)	
Train Epoch-21  Iter-75 /706	loss 0.0045 (0.0791)	accu 1.000 (0.967)	
Train Epoch-21  Iter-100/706	loss 0.0298 (0.0887)	accu 1.000 (0.959)	
Train Epoch-21  Iter-125/706	loss 0.0024 (0.0847)	accu 1.000 (0.963)	
Train Epoch-21  Iter-150/706	loss 0.0423 (0.0915)	accu 1.000 (0.962)	
Train Epoch-21  Iter-175/706	loss 0.0105 (0.0898)	accu 1.000 (0.964)	
Train Epoch-21  Iter-200/706	loss 0.0735 (0.0880)	accu 1.000 (0.966)	
Train Epoch-21  Iter-225/706	loss 0.0055 (0.0921)	accu 1.000 (0.964)	
Train Epoch-21  Iter-250/706	loss 0.0805 (0.0899)	accu 1.000 (0.965)	
Train Epoch-21  Iter-275/706	loss 0.0024 (0.0891)	accu 1.000 (0.966)	
Train Epoch-21  Iter-300/706	loss 0.0996 (0.0879)	accu 0.875 (0.966)	
Train Epoch-21  Iter-325/706	loss 0.0026 (0.0842)	accu 1.000 (0.968)	
Train Epoch-21  Iter-350/706	loss 0.0059 (0.0837)	accu 1.000 (0.968)	
Train Epoch-21  Iter-375/706	loss 0.0103 (0.0817)	accu 1.000 (0.969)	
Train Epoch-21  Iter-400/706	loss 0.4145 (0.0818)	accu 0.875 (0.970)	
Train Epoch-21  Iter-425/706	loss 0.0098 (0.0804)	accu 1.000 (0.971)	
Train Epoch-21  Iter-450/706	loss 0.0152 (0.0807)	accu 1.000 (0.970)	
Train Epoch-21  Iter-475/706	loss 0.0317 (0.0819)	accu 1.000 (0.970)	
Train Epoch-21  Iter-500/706	loss 0.0058 (0.0799)	accu 1.000 (0.970)	
Train Epoch-21  Iter-525/706	loss 0.0031 (0.0788)	accu 1.000 (0.971)	
Train Epoch-21  Iter-550/706	loss 0.0086 (0.0770)	accu 1.000 (0.972)	
Train Epoch-21  Iter-575/706	loss 0.0061 (0.0755)	accu 1.000 (0.972)	
Train Epoch-21  Iter-600/706	loss 0.0821 (0.0762)	accu 1.000 (0.972)	
Train Epoch-21  Iter-625/706	loss 0.0024 (0.0753)	accu 1.000 (0.972)	
Train Epoch-21  Iter-650/706	loss 0.0264 (0.0745)	accu 1.000 (0.973)	
Train Epoch-21  Iter-675/706	loss 0.2692 (0.0732)	accu 0.875 (0.973)	
Train Epoch-21  Iter-700/706	loss 0.0376 (0.0729)	accu 1.000 (0.973)	
Eval Epoch-21  Iter-0  /52 	loss 0.6202 (0.6202)	accu 0.875 (0.875)	
Eval Epoch-21  Iter-25 /52 	loss 0.2552 (0.5676)	accu 0.875 (0.812)	
Eval Epoch-21  Iter-50 /52 	loss 1.3003 (0.6048)	accu 0.625 (0.811)	
Epoch-21  Train: loss 0.0731	accu 0.9733	Eval: loss 0.6453	accu 0.8053
Train Epoch-22  Iter-0  /706	loss 0.0083 (0.0083)	accu 1.000 (1.000)	
Train Epoch-22  Iter-25 /706	loss 0.0605 (0.0939)	accu 1.000 (0.966)	
Train Epoch-22  Iter-50 /706	loss 0.0060 (0.0841)	accu 1.000 (0.973)	
Train Epoch-22  Iter-75 /706	loss 0.0101 (0.0790)	accu 1.000 (0.972)	
Train Epoch-22  Iter-100/706	loss 0.1302 (0.0850)	accu 0.875 (0.969)	
Train Epoch-22  Iter-125/706	loss 0.0119 (0.0771)	accu 1.000 (0.973)	
Train Epoch-22  Iter-150/706	loss 0.0068 (0.0681)	accu 1.000 (0.978)	
Train Epoch-22  Iter-175/706	loss 0.1615 (0.0633)	accu 0.875 (0.979)	
Train Epoch-22  Iter-200/706	loss 0.0672 (0.0618)	accu 1.000 (0.979)	
Train Epoch-22  Iter-225/706	loss 0.0067 (0.0611)	accu 1.000 (0.979)	
Train Epoch-22  Iter-250/706	loss 0.0827 (0.0622)	accu 1.000 (0.979)	
Train Epoch-22  Iter-275/706	loss 0.0062 (0.0646)	accu 1.000 (0.978)	
Train Epoch-22  Iter-300/706	loss 0.0390 (0.0665)	accu 1.000 (0.976)	
Train Epoch-22  Iter-325/706	loss 0.0520 (0.0653)	accu 1.000 (0.977)	
Train Epoch-22  Iter-350/706	loss 0.0150 (0.0645)	accu 1.000 (0.977)	
Train Epoch-22  Iter-375/706	loss 0.0022 (0.0655)	accu 1.000 (0.977)	
Train Epoch-22  Iter-400/706	loss 0.0236 (0.0667)	accu 1.000 (0.976)	
Train Epoch-22  Iter-425/706	loss 0.1653 (0.0679)	accu 1.000 (0.976)	
Train Epoch-22  Iter-450/706	loss 0.2214 (0.0678)	accu 0.875 (0.975)	
Train Epoch-22  Iter-475/706	loss 0.0268 (0.0677)	accu 1.000 (0.975)	
Train Epoch-22  Iter-500/706	loss 0.0185 (0.0677)	accu 1.000 (0.975)	
Train Epoch-22  Iter-525/706	loss 0.4225 (0.0700)	accu 0.875 (0.975)	
Train Epoch-22  Iter-550/706	loss 0.0318 (0.0694)	accu 1.000 (0.975)	
Train Epoch-22  Iter-575/706	loss 0.0039 (0.0681)	accu 1.000 (0.975)	
Train Epoch-22  Iter-600/706	loss 0.0612 (0.0681)	accu 1.000 (0.975)	
Train Epoch-22  Iter-625/706	loss 0.0036 (0.0693)	accu 1.000 (0.975)	
Train Epoch-22  Iter-650/706	loss 0.0057 (0.0721)	accu 1.000 (0.974)	
Train Epoch-22  Iter-675/706	loss 0.3248 (0.0732)	accu 0.875 (0.974)	
Train Epoch-22  Iter-700/706	loss 0.0520 (0.0733)	accu 1.000 (0.974)	
Eval Epoch-22  Iter-0  /52 	loss 0.6217 (0.6217)	accu 0.875 (0.875)	
Eval Epoch-22  Iter-25 /52 	loss 0.2558 (0.5692)	accu 0.875 (0.812)	
Eval Epoch-22  Iter-50 /52 	loss 1.2890 (0.6056)	accu 0.625 (0.811)	
Epoch-22  Train: loss 0.0731	accu 0.9743	Eval: loss 0.6460	accu 0.8053
Train Epoch-23  Iter-0  /706	loss 0.0092 (0.0092)	accu 1.000 (1.000)	
Train Epoch-23  Iter-25 /706	loss 0.3242 (0.0568)	accu 0.875 (0.981)	
Train Epoch-23  Iter-50 /706	loss 0.3655 (0.0561)	accu 0.875 (0.980)	
Train Epoch-23  Iter-75 /706	loss 0.0154 (0.0542)	accu 1.000 (0.980)	
Train Epoch-23  Iter-100/706	loss 0.1621 (0.0552)	accu 0.875 (0.979)	
Train Epoch-23  Iter-125/706	loss 0.0061 (0.0539)	accu 1.000 (0.980)	
Train Epoch-23  Iter-150/706	loss 0.0023 (0.0545)	accu 1.000 (0.980)	
Train Epoch-23  Iter-175/706	loss 0.3929 (0.0572)	accu 0.875 (0.980)	
Train Epoch-23  Iter-200/706	loss 0.0110 (0.0638)	accu 1.000 (0.978)	
Train Epoch-23  Iter-225/706	loss 0.0642 (0.0645)	accu 1.000 (0.978)	
Train Epoch-23  Iter-250/706	loss 0.3530 (0.0684)	accu 0.875 (0.978)	
Train Epoch-23  Iter-275/706	loss 0.0370 (0.0675)	accu 1.000 (0.977)	
Train Epoch-23  Iter-300/706	loss 0.0101 (0.0682)	accu 1.000 (0.977)	
Train Epoch-23  Iter-325/706	loss 0.1133 (0.0676)	accu 0.875 (0.977)	
Train Epoch-23  Iter-350/706	loss 0.0714 (0.0678)	accu 1.000 (0.976)	
Train Epoch-23  Iter-375/706	loss 0.2467 (0.0689)	accu 0.875 (0.975)	
Train Epoch-23  Iter-400/706	loss 0.0896 (0.0737)	accu 1.000 (0.974)	
Train Epoch-23  Iter-425/706	loss 0.0139 (0.0744)	accu 1.000 (0.974)	
Train Epoch-23  Iter-450/706	loss 0.0679 (0.0730)	accu 1.000 (0.974)	
Train Epoch-23  Iter-475/706	loss 0.0103 (0.0728)	accu 1.000 (0.974)	
Train Epoch-23  Iter-500/706	loss 0.1081 (0.0723)	accu 0.875 (0.974)	
Train Epoch-23  Iter-525/706	loss 0.0285 (0.0726)	accu 1.000 (0.974)	
Train Epoch-23  Iter-550/706	loss 0.0058 (0.0727)	accu 1.000 (0.974)	
Train Epoch-23  Iter-575/706	loss 0.2097 (0.0720)	accu 0.875 (0.974)	
Train Epoch-23  Iter-600/706	loss 0.0144 (0.0732)	accu 1.000 (0.974)	
Train Epoch-23  Iter-625/706	loss 0.0031 (0.0725)	accu 1.000 (0.974)	
Train Epoch-23  Iter-650/706	loss 0.0058 (0.0726)	accu 1.000 (0.974)	
Train Epoch-23  Iter-675/706	loss 0.6974 (0.0733)	accu 0.875 (0.974)	
Train Epoch-23  Iter-700/706	loss 0.0030 (0.0736)	accu 1.000 (0.974)	
Eval Epoch-23  Iter-0  /52 	loss 0.6212 (0.6212)	accu 0.875 (0.875)	
Eval Epoch-23  Iter-25 /52 	loss 0.2560 (0.5698)	accu 0.875 (0.812)	
Eval Epoch-23  Iter-50 /52 	loss 1.2965 (0.6058)	accu 0.625 (0.811)	
Epoch-23  Train: loss 0.0738	accu 0.9738	Eval: loss 0.6464	accu 0.8053
Train Epoch-24  Iter-0  /706	loss 0.0196 (0.0196)	accu 1.000 (1.000)	
Train Epoch-24  Iter-25 /706	loss 0.0083 (0.0599)	accu 1.000 (0.971)	
Train Epoch-24  Iter-50 /706	loss 0.1076 (0.0650)	accu 0.875 (0.971)	
Train Epoch-24  Iter-75 /706	loss 0.1012 (0.0562)	accu 0.875 (0.977)	
Train Epoch-24  Iter-100/706	loss 0.0166 (0.0506)	accu 1.000 (0.981)	
Train Epoch-24  Iter-125/706	loss 0.1036 (0.0465)	accu 0.875 (0.983)	
Train Epoch-24  Iter-150/706	loss 0.2836 (0.0543)	accu 0.875 (0.979)	
Train Epoch-24  Iter-175/706	loss 0.0055 (0.0566)	accu 1.000 (0.979)	
Train Epoch-24  Iter-200/706	loss 0.0747 (0.0547)	accu 1.000 (0.980)	
Train Epoch-24  Iter-225/706	loss 0.0045 (0.0587)	accu 1.000 (0.978)	
Train Epoch-24  Iter-250/706	loss 0.0601 (0.0624)	accu 1.000 (0.977)	
Train Epoch-24  Iter-275/706	loss 0.0199 (0.0662)	accu 1.000 (0.976)	
Train Epoch-24  Iter-300/706	loss 0.0245 (0.0658)	accu 1.000 (0.977)	
Train Epoch-24  Iter-325/706	loss 0.1425 (0.0641)	accu 0.875 (0.977)	
Train Epoch-24  Iter-350/706	loss 0.0120 (0.0660)	accu 1.000 (0.977)	
Train Epoch-24  Iter-375/706	loss 0.0593 (0.0674)	accu 1.000 (0.976)	
Train Epoch-24  Iter-400/706	loss 0.0453 (0.0657)	accu 1.000 (0.977)	
Train Epoch-24  Iter-425/706	loss 0.0099 (0.0651)	accu 1.000 (0.977)	
Train Epoch-24  Iter-450/706	loss 0.0128 (0.0655)	accu 1.000 (0.977)	
Train Epoch-24  Iter-475/706	loss 0.2078 (0.0670)	accu 0.875 (0.976)	
Train Epoch-24  Iter-500/706	loss 0.0080 (0.0671)	accu 1.000 (0.977)	
Train Epoch-24  Iter-525/706	loss 0.0679 (0.0663)	accu 1.000 (0.977)	
Train Epoch-24  Iter-550/706	loss 0.0260 (0.0676)	accu 1.000 (0.976)	
Train Epoch-24  Iter-575/706	loss 0.0943 (0.0669)	accu 1.000 (0.977)	
Train Epoch-24  Iter-600/706	loss 0.0099 (0.0685)	accu 1.000 (0.976)	
Train Epoch-24  Iter-625/706	loss 0.0662 (0.0681)	accu 1.000 (0.977)	
Train Epoch-24  Iter-650/706	loss 0.0095 (0.0676)	accu 1.000 (0.977)	
Train Epoch-24  Iter-675/706	loss 0.2207 (0.0685)	accu 0.875 (0.976)	
Train Epoch-24  Iter-700/706	loss 0.0083 (0.0681)	accu 1.000 (0.976)	
Eval Epoch-24  Iter-0  /52 	loss 0.6268 (0.6268)	accu 0.875 (0.875)	
Eval Epoch-24  Iter-25 /52 	loss 0.2569 (0.5754)	accu 0.875 (0.812)	
Eval Epoch-24  Iter-50 /52 	loss 1.2938 (0.6091)	accu 0.625 (0.811)	
Epoch-24  Train: loss 0.0685	accu 0.9757	Eval: loss 0.6496	accu 0.8053
Epoch    25: reducing learning rate of group 0 to 3.0000e-08.
Train Epoch-25  Iter-0  /706	loss 0.0021 (0.0021)	accu 1.000 (1.000)	
Train Epoch-25  Iter-25 /706	loss 0.3431 (0.0661)	accu 0.875 (0.971)	
Train Epoch-25  Iter-50 /706	loss 0.0129 (0.0680)	accu 1.000 (0.973)	
Train Epoch-25  Iter-75 /706	loss 0.2227 (0.0686)	accu 0.875 (0.975)	
Train Epoch-25  Iter-100/706	loss 0.0052 (0.0700)	accu 1.000 (0.976)	
Train Epoch-25  Iter-125/706	loss 0.0053 (0.0680)	accu 1.000 (0.976)	
Train Epoch-25  Iter-150/706	loss 0.0114 (0.0704)	accu 1.000 (0.975)	
Train Epoch-25  Iter-175/706	loss 0.0296 (0.0693)	accu 1.000 (0.976)	
Train Epoch-25  Iter-200/706	loss 0.2731 (0.0713)	accu 0.875 (0.974)	
Train Epoch-25  Iter-225/706	loss 0.0782 (0.0738)	accu 1.000 (0.973)	
Train Epoch-25  Iter-250/706	loss 0.0031 (0.0716)	accu 1.000 (0.973)	
Train Epoch-25  Iter-275/706	loss 0.0621 (0.0708)	accu 1.000 (0.973)	
Train Epoch-25  Iter-300/706	loss 0.0909 (0.0686)	accu 0.875 (0.974)	
Train Epoch-25  Iter-325/706	loss 0.0081 (0.0684)	accu 1.000 (0.974)	
Train Epoch-25  Iter-350/706	loss 0.0107 (0.0706)	accu 1.000 (0.972)	
Train Epoch-25  Iter-375/706	loss 0.0312 (0.0706)	accu 1.000 (0.972)	
Train Epoch-25  Iter-400/706	loss 0.0090 (0.0694)	accu 1.000 (0.973)	
Train Epoch-25  Iter-425/706	loss 0.0559 (0.0686)	accu 1.000 (0.973)	
Train Epoch-25  Iter-450/706	loss 0.0045 (0.0712)	accu 1.000 (0.972)	
Train Epoch-25  Iter-475/706	loss 0.0390 (0.0718)	accu 1.000 (0.972)	
Train Epoch-25  Iter-500/706	loss 0.1131 (0.0742)	accu 0.875 (0.971)	
Train Epoch-25  Iter-525/706	loss 0.0426 (0.0753)	accu 1.000 (0.971)	
Train Epoch-25  Iter-550/706	loss 0.3938 (0.0752)	accu 0.875 (0.971)	
Train Epoch-25  Iter-575/706	loss 0.4556 (0.0751)	accu 0.875 (0.971)	
Train Epoch-25  Iter-600/706	loss 0.0119 (0.0736)	accu 1.000 (0.972)	
Train Epoch-25  Iter-625/706	loss 0.0236 (0.0724)	accu 1.000 (0.972)	
Train Epoch-25  Iter-650/706	loss 0.0925 (0.0710)	accu 1.000 (0.973)	
Train Epoch-25  Iter-675/706	loss 0.0303 (0.0699)	accu 1.000 (0.974)	
Train Epoch-25  Iter-700/706	loss 0.0029 (0.0699)	accu 1.000 (0.973)	
Eval Epoch-25  Iter-0  /52 	loss 0.6269 (0.6269)	accu 0.875 (0.875)	
Eval Epoch-25  Iter-25 /52 	loss 0.2565 (0.5752)	accu 0.875 (0.812)	
Eval Epoch-25  Iter-50 /52 	loss 1.2952 (0.6091)	accu 0.625 (0.811)	
Epoch-25  Train: loss 0.0695	accu 0.9736	Eval: loss 0.6496	accu 0.8053
Train Epoch-26  Iter-0  /706	loss 0.4610 (0.4610)	accu 0.875 (0.875)	
Train Epoch-26  Iter-25 /706	loss 0.1120 (0.0981)	accu 1.000 (0.971)	
Train Epoch-26  Iter-50 /706	loss 0.0579 (0.1057)	accu 1.000 (0.966)	
Train Epoch-26  Iter-75 /706	loss 0.1059 (0.0984)	accu 1.000 (0.967)	
Train Epoch-26  Iter-100/706	loss 0.0661 (0.0862)	accu 1.000 (0.972)	
Train Epoch-26  Iter-125/706	loss 0.0029 (0.0787)	accu 1.000 (0.973)	
Train Epoch-26  Iter-150/706	loss 0.0760 (0.0812)	accu 1.000 (0.972)	
Train Epoch-26  Iter-175/706	loss 0.3853 (0.0859)	accu 0.750 (0.968)	
Train Epoch-26  Iter-200/706	loss 0.0553 (0.0804)	accu 1.000 (0.971)	
Train Epoch-26  Iter-225/706	loss 0.0514 (0.0786)	accu 1.000 (0.971)	
Train Epoch-26  Iter-250/706	loss 0.0099 (0.0787)	accu 1.000 (0.971)	
Train Epoch-26  Iter-275/706	loss 0.0044 (0.0769)	accu 1.000 (0.971)	
Train Epoch-26  Iter-300/706	loss 0.0449 (0.0752)	accu 1.000 (0.972)	
Train Epoch-26  Iter-325/706	loss 0.0179 (0.0727)	accu 1.000 (0.973)	
Train Epoch-26  Iter-350/706	loss 0.0162 (0.0715)	accu 1.000 (0.973)	
Train Epoch-26  Iter-375/706	loss 0.0147 (0.0713)	accu 1.000 (0.974)	
Train Epoch-26  Iter-400/706	loss 0.0076 (0.0728)	accu 1.000 (0.973)	
Train Epoch-26  Iter-425/706	loss 0.0312 (0.0715)	accu 1.000 (0.974)	
Train Epoch-26  Iter-450/706	loss 0.0774 (0.0726)	accu 1.000 (0.973)	
Train Epoch-26  Iter-475/706	loss 0.1166 (0.0700)	accu 0.875 (0.974)	
Train Epoch-26  Iter-500/706	loss 0.0041 (0.0715)	accu 1.000 (0.973)	
Train Epoch-26  Iter-525/706	loss 0.0289 (0.0720)	accu 1.000 (0.973)	
Train Epoch-26  Iter-550/706	loss 0.0109 (0.0716)	accu 1.000 (0.973)	
Train Epoch-26  Iter-575/706	loss 0.1048 (0.0714)	accu 0.875 (0.974)	
Train Epoch-26  Iter-600/706	loss 0.0253 (0.0699)	accu 1.000 (0.974)	
Train Epoch-26  Iter-625/706	loss 0.0051 (0.0700)	accu 1.000 (0.974)	
Train Epoch-26  Iter-650/706	loss 0.0030 (0.0712)	accu 1.000 (0.974)	
Train Epoch-26  Iter-675/706	loss 0.0523 (0.0729)	accu 1.000 (0.974)	
Train Epoch-26  Iter-700/706	loss 0.0079 (0.0742)	accu 1.000 (0.974)	
Eval Epoch-26  Iter-0  /52 	loss 0.6266 (0.6266)	accu 0.875 (0.875)	
Eval Epoch-26  Iter-25 /52 	loss 0.2562 (0.5747)	accu 0.875 (0.812)	
Eval Epoch-26  Iter-50 /52 	loss 1.2967 (0.6089)	accu 0.625 (0.811)	
Epoch-26  Train: loss 0.0738	accu 0.9738	Eval: loss 0.6494	accu 0.8053
Train Epoch-27  Iter-0  /706	loss 0.2127 (0.2127)	accu 0.875 (0.875)	
Train Epoch-27  Iter-25 /706	loss 0.2225 (0.0814)	accu 0.875 (0.966)	
Train Epoch-27  Iter-50 /706	loss 0.0305 (0.0877)	accu 1.000 (0.966)	
Train Epoch-27  Iter-75 /706	loss 0.0086 (0.0889)	accu 1.000 (0.969)	
Train Epoch-27  Iter-100/706	loss 0.0383 (0.0855)	accu 1.000 (0.972)	
Train Epoch-27  Iter-125/706	loss 0.0648 (0.0790)	accu 1.000 (0.975)	
Train Epoch-27  Iter-150/706	loss 0.0583 (0.0723)	accu 1.000 (0.977)	
Train Epoch-27  Iter-175/706	loss 0.0630 (0.0716)	accu 1.000 (0.977)	
Train Epoch-27  Iter-200/706	loss 0.0317 (0.0763)	accu 1.000 (0.974)	
Train Epoch-27  Iter-225/706	loss 0.0075 (0.0793)	accu 1.000 (0.972)	
Train Epoch-27  Iter-250/706	loss 0.0174 (0.0778)	accu 1.000 (0.972)	
Train Epoch-27  Iter-275/706	loss 0.0823 (0.0815)	accu 1.000 (0.971)	
Train Epoch-27  Iter-300/706	loss 0.0160 (0.0789)	accu 1.000 (0.972)	
Train Epoch-27  Iter-325/706	loss 0.3648 (0.0848)	accu 0.875 (0.970)	
Train Epoch-27  Iter-350/706	loss 0.0023 (0.0855)	accu 1.000 (0.970)	
Train Epoch-27  Iter-375/706	loss 0.0178 (0.0884)	accu 1.000 (0.969)	
Train Epoch-27  Iter-400/706	loss 0.0025 (0.0863)	accu 1.000 (0.970)	
Train Epoch-27  Iter-425/706	loss 0.0019 (0.0847)	accu 1.000 (0.970)	
Train Epoch-27  Iter-450/706	loss 0.0029 (0.0819)	accu 1.000 (0.971)	
Train Epoch-27  Iter-475/706	loss 0.0092 (0.0805)	accu 1.000 (0.972)	
Train Epoch-27  Iter-500/706	loss 0.0029 (0.0779)	accu 1.000 (0.973)	
Train Epoch-27  Iter-525/706	loss 0.2377 (0.0778)	accu 0.875 (0.973)	
Train Epoch-27  Iter-550/706	loss 0.0153 (0.0773)	accu 1.000 (0.973)	
Train Epoch-27  Iter-575/706	loss 0.0540 (0.0795)	accu 1.000 (0.973)	
Train Epoch-27  Iter-600/706	loss 0.0121 (0.0781)	accu 1.000 (0.973)	
Train Epoch-27  Iter-625/706	loss 0.0525 (0.0765)	accu 1.000 (0.974)	
Train Epoch-27  Iter-650/706	loss 0.0044 (0.0754)	accu 1.000 (0.974)	
Train Epoch-27  Iter-675/706	loss 0.0262 (0.0751)	accu 1.000 (0.975)	
Train Epoch-27  Iter-700/706	loss 0.0633 (0.0759)	accu 1.000 (0.974)	
Eval Epoch-27  Iter-0  /52 	loss 0.6256 (0.6256)	accu 0.875 (0.875)	
Eval Epoch-27  Iter-25 /52 	loss 0.2554 (0.5736)	accu 0.875 (0.812)	
Eval Epoch-27  Iter-50 /52 	loss 1.2993 (0.6084)	accu 0.625 (0.811)	
Epoch-27  Train: loss 0.0759	accu 0.9742	Eval: loss 0.6490	accu 0.8053
Train Epoch-28  Iter-0  /706	loss 0.0104 (0.0104)	accu 1.000 (1.000)	
Train Epoch-28  Iter-25 /706	loss 0.3269 (0.1164)	accu 0.875 (0.962)	
Train Epoch-28  Iter-50 /706	loss 0.0040 (0.0830)	accu 1.000 (0.975)	
Train Epoch-28  Iter-75 /706	loss 0.0026 (0.0835)	accu 1.000 (0.974)	
Train Epoch-28  Iter-100/706	loss 0.2689 (0.0752)	accu 0.875 (0.976)	
Train Epoch-28  Iter-125/706	loss 0.4996 (0.0774)	accu 0.875 (0.976)	
Train Epoch-28  Iter-150/706	loss 0.0068 (0.0762)	accu 1.000 (0.976)	
Train Epoch-28  Iter-175/706	loss 0.0281 (0.0735)	accu 1.000 (0.977)	
Train Epoch-28  Iter-200/706	loss 0.0092 (0.0739)	accu 1.000 (0.975)	
Train Epoch-28  Iter-225/706	loss 0.0143 (0.0715)	accu 1.000 (0.976)	
Train Epoch-28  Iter-250/706	loss 0.0302 (0.0746)	accu 1.000 (0.974)	
Train Epoch-28  Iter-275/706	loss 0.0047 (0.0741)	accu 1.000 (0.974)	
Train Epoch-28  Iter-300/706	loss 0.0028 (0.0746)	accu 1.000 (0.973)	
Train Epoch-28  Iter-325/706	loss 0.0317 (0.0768)	accu 1.000 (0.972)	
Train Epoch-28  Iter-350/706	loss 0.4230 (0.0789)	accu 0.750 (0.971)	
Train Epoch-28  Iter-375/706	loss 0.0470 (0.0800)	accu 1.000 (0.970)	
Train Epoch-28  Iter-400/706	loss 0.0075 (0.0781)	accu 1.000 (0.971)	
Train Epoch-28  Iter-425/706	loss 0.0726 (0.0763)	accu 1.000 (0.972)	
Train Epoch-28  Iter-450/706	loss 0.0183 (0.0773)	accu 1.000 (0.972)	
Train Epoch-28  Iter-475/706	loss 0.0059 (0.0772)	accu 1.000 (0.972)	
Train Epoch-28  Iter-500/706	loss 0.0110 (0.0765)	accu 1.000 (0.972)	
Train Epoch-28  Iter-525/706	loss 0.2905 (0.0753)	accu 0.875 (0.973)	
Train Epoch-28  Iter-550/706	loss 0.0843 (0.0752)	accu 1.000 (0.973)	
Train Epoch-28  Iter-575/706	loss 0.0082 (0.0756)	accu 1.000 (0.973)	
Train Epoch-28  Iter-600/706	loss 0.0031 (0.0748)	accu 1.000 (0.973)	
Train Epoch-28  Iter-625/706	loss 0.3232 (0.0759)	accu 0.875 (0.973)	
Train Epoch-28  Iter-650/706	loss 0.2317 (0.0756)	accu 0.875 (0.973)	
Train Epoch-28  Iter-675/706	loss 0.1962 (0.0766)	accu 0.875 (0.972)	
Train Epoch-28  Iter-700/706	loss 0.0242 (0.0764)	accu 1.000 (0.972)	
Eval Epoch-28  Iter-0  /52 	loss 0.6253 (0.6253)	accu 0.875 (0.875)	
Eval Epoch-28  Iter-25 /52 	loss 0.2551 (0.5731)	accu 0.875 (0.812)	
Eval Epoch-28  Iter-50 /52 	loss 1.2980 (0.6082)	accu 0.625 (0.811)	
Epoch-28  Train: loss 0.0760	accu 0.9724	Eval: loss 0.6488	accu 0.8053
Train Epoch-29  Iter-0  /706	loss 0.0081 (0.0081)	accu 1.000 (1.000)	
Train Epoch-29  Iter-25 /706	loss 0.0102 (0.0946)	accu 1.000 (0.966)	
Train Epoch-29  Iter-50 /706	loss 0.0116 (0.0567)	accu 1.000 (0.980)	
Train Epoch-29  Iter-75 /706	loss 0.0079 (0.0570)	accu 1.000 (0.980)	
Train Epoch-29  Iter-100/706	loss 0.0060 (0.0554)	accu 1.000 (0.980)	
Train Epoch-29  Iter-125/706	loss 0.0135 (0.0580)	accu 1.000 (0.978)	
Train Epoch-29  Iter-150/706	loss 0.1140 (0.0590)	accu 0.875 (0.978)	
Train Epoch-29  Iter-175/706	loss 0.0082 (0.0566)	accu 1.000 (0.979)	
Train Epoch-29  Iter-200/706	loss 0.0252 (0.0536)	accu 1.000 (0.981)	
Train Epoch-29  Iter-225/706	loss 0.3482 (0.0568)	accu 0.875 (0.978)	
Train Epoch-29  Iter-250/706	loss 0.0033 (0.0586)	accu 1.000 (0.978)	
Train Epoch-29  Iter-275/706	loss 0.0040 (0.0568)	accu 1.000 (0.979)	
Train Epoch-29  Iter-300/706	loss 0.0049 (0.0557)	accu 1.000 (0.980)	
Train Epoch-29  Iter-325/706	loss 0.0020 (0.0543)	accu 1.000 (0.981)	
Train Epoch-29  Iter-350/706	loss 0.0061 (0.0572)	accu 1.000 (0.980)	
Train Epoch-29  Iter-375/706	loss 0.1096 (0.0577)	accu 1.000 (0.980)	
Train Epoch-29  Iter-400/706	loss 0.0151 (0.0593)	accu 1.000 (0.979)	
Train Epoch-29  Iter-425/706	loss 0.0122 (0.0610)	accu 1.000 (0.979)	
Train Epoch-29  Iter-450/706	loss 0.2092 (0.0620)	accu 0.875 (0.978)	
Train Epoch-29  Iter-475/706	loss 0.2512 (0.0641)	accu 0.875 (0.977)	
Train Epoch-29  Iter-500/706	loss 0.0189 (0.0643)	accu 1.000 (0.977)	
Train Epoch-29  Iter-525/706	loss 0.0212 (0.0666)	accu 1.000 (0.976)	
Train Epoch-29  Iter-550/706	loss 0.0565 (0.0671)	accu 1.000 (0.976)	
Train Epoch-29  Iter-575/706	loss 0.0795 (0.0671)	accu 1.000 (0.976)	
Train Epoch-29  Iter-600/706	loss 0.0110 (0.0671)	accu 1.000 (0.976)	
Train Epoch-29  Iter-625/706	loss 0.0201 (0.0669)	accu 1.000 (0.976)	
Train Epoch-29  Iter-650/706	loss 0.0671 (0.0661)	accu 1.000 (0.976)	
Train Epoch-29  Iter-675/706	loss 0.4154 (0.0668)	accu 0.875 (0.976)	
Train Epoch-29  Iter-700/706	loss 0.1997 (0.0671)	accu 0.875 (0.976)	
Eval Epoch-29  Iter-0  /52 	loss 0.6258 (0.6258)	accu 0.875 (0.875)	
Eval Epoch-29  Iter-25 /52 	loss 0.2551 (0.5735)	accu 0.875 (0.812)	
Eval Epoch-29  Iter-50 /52 	loss 1.2984 (0.6084)	accu 0.625 (0.811)	
Epoch-29  Train: loss 0.0667	accu 0.9757	Eval: loss 0.6491	accu 0.8053
Eval Epoch-0   Iter-0  /52 	loss 0.2816 (0.2816)	accu 0.875 (0.875)	
Eval Epoch-0   Iter-25 /52 	loss 0.8949 (0.5023)	accu 0.500 (0.707)	
Eval Epoch-0   Iter-50 /52 	loss 1.7051 (0.5622)	accu 0.500 (0.755)	
Eval: loss 0.5655	accu 0.7572
Test Epoch-0   Iter-0  /59 	loss 0.8311 (0.8311)	accu 0.625 (0.625)	
Test Epoch-0   Iter-25 /59 	loss 0.5564 (0.5115)	accu 0.750 (0.726)	
Test Epoch-0   Iter-50 /59 	loss 1.1236 (0.5070)	accu 0.625 (0.770)	
Test: loss 0.5445	accu 0.7627
wandb: Waiting for W&B process to finish... (success).
wandb: 
wandb: Run history:
wandb:   Eval Acc ▅▅▁▄▂▆▇▇▇█▇▇▇█▇▇▇▇▇▇▇▇▇▇▇▇▇▇▇▇
wandb:  Eval Loss ▁▃█▅▄▂▃▂▂▂▂▂▃▂▃▂▃▂▃▃▂▂▂▂▃▃▃▃▃▃
wandb:  Train Acc ▁▅▆▆▆▆▇▇▇█████████████████████
wandb: Train Loss █▅▃▃▃▄▃▂▂▂▂▂▁▁▁▁▁▁▁▁▁▁▁▁▁▁▁▁▁▁
wandb: 
wandb: Run summary:
wandb:   Eval Acc 0.80529
wandb:  Eval Loss 0.64907
wandb:  Train Acc 0.97574
wandb: Train Loss 0.06675
wandb: 
wandb: 🚀 View run driven-wildflower-253 at: https://wandb.ai/is_project/vision_models/runs/sun5tsvb
wandb: Synced 6 W&B file(s), 0 media file(s), 2 artifact file(s) and 0 other file(s)
wandb: Find logs at: ./wandb/run-20230612_181319-sun5tsvb/logs
