wandb: Currently logged in as: shrey2809 (is_project). Use `wandb login --relogin` to force relogin
wandb: Tracking run with wandb version 0.15.4
wandb: Run data is saved locally in /scratch/AzureNfsServer_INPUT1/vc_data/users/gmanish/multiModalHate/IS-Hate-Speech/wandb/run-20230611_185557-d9xa2rke
wandb: Run `wandb offline` to turn off syncing.
wandb: Syncing run gallant-water-232
wandb: ⭐️ View project at https://wandb.ai/is_project/vision_models
wandb: 🚀 View run at https://wandb.ai/is_project/vision_models/runs/d9xa2rke
number of available devices: 1
obtained dataloaders
Some weights of the model checkpoint at bert-large-cased were not used when initializing BertModel: ['cls.predictions.transform.LayerNorm.bias', 'cls.seq_relationship.weight', 'cls.predictions.bias', 'cls.predictions.transform.dense.bias', 'cls.seq_relationship.bias', 'cls.predictions.transform.LayerNorm.weight', 'cls.predictions.decoder.weight', 'cls.predictions.transform.dense.weight']
- This IS expected if you are initializing BertModel from the checkpoint of a model trained on another task or with another architecture (e.g. initializing a BertForSequenceClassification model from a BertForPreTraining model).
- This IS NOT expected if you are initializing BertModel from the checkpoint of a model that you expect to be exactly identical (initializing a BertForSequenceClassification model from a BertForSequenceClassification model).
loaded models
Train Epoch-0   Iter-0  /706	loss 1.5977 (1.5977)	accu 0.500 (0.500)	
Train Epoch-0   Iter-25 /706	loss 1.9433 (1.9630)	accu 0.375 (0.486)	
Train Epoch-0   Iter-50 /706	loss 2.1526 (1.9244)	accu 0.625 (0.510)	
Train Epoch-0   Iter-75 /706	loss 1.6244 (1.9262)	accu 0.750 (0.536)	
Train Epoch-0   Iter-100/706	loss 2.0370 (1.8672)	accu 0.750 (0.563)	
Train Epoch-0   Iter-125/706	loss 1.6726 (1.8555)	accu 0.875 (0.590)	
Train Epoch-0   Iter-150/706	loss 1.4362 (1.7945)	accu 0.625 (0.611)	
Train Epoch-0   Iter-175/706	loss 1.2159 (1.7619)	accu 0.875 (0.631)	
Train Epoch-0   Iter-200/706	loss 1.6180 (1.7429)	accu 0.875 (0.648)	
Train Epoch-0   Iter-225/706	loss 1.6826 (1.7394)	accu 0.750 (0.657)	
Train Epoch-0   Iter-250/706	loss 1.4238 (1.7227)	accu 0.750 (0.664)	
Train Epoch-0   Iter-275/706	loss 1.1720 (1.6912)	accu 0.875 (0.678)	
Train Epoch-0   Iter-300/706	loss 1.3296 (1.6734)	accu 0.750 (0.684)	
Train Epoch-0   Iter-325/706	loss 1.0140 (1.6386)	accu 0.875 (0.695)	
Train Epoch-0   Iter-350/706	loss 0.6025 (1.5993)	accu 1.000 (0.708)	
Train Epoch-0   Iter-375/706	loss 1.1960 (1.5839)	accu 0.875 (0.718)	
Train Epoch-0   Iter-400/706	loss 0.5361 (1.5580)	accu 1.000 (0.727)	
Train Epoch-0   Iter-425/706	loss 0.8709 (1.5529)	accu 1.000 (0.732)	
Train Epoch-0   Iter-450/706	loss 2.9167 (1.5378)	accu 0.625 (0.739)	
Train Epoch-0   Iter-475/706	loss 1.0296 (1.5269)	accu 0.875 (0.742)	
Train Epoch-0   Iter-500/706	loss 1.0033 (1.5166)	accu 0.875 (0.747)	
Train Epoch-0   Iter-525/706	loss 1.1066 (1.5006)	accu 0.750 (0.752)	
Train Epoch-0   Iter-550/706	loss 0.9655 (1.4792)	accu 0.875 (0.758)	
Train Epoch-0   Iter-575/706	loss 1.1168 (1.4661)	accu 0.750 (0.763)	
Train Epoch-0   Iter-600/706	loss 0.8694 (1.4426)	accu 1.000 (0.768)	
Train Epoch-0   Iter-625/706	loss 1.2041 (1.4322)	accu 0.750 (0.771)	
Train Epoch-0   Iter-650/706	loss 1.3083 (1.4168)	accu 0.875 (0.775)	
Train Epoch-0   Iter-675/706	loss 0.6348 (1.4027)	accu 0.875 (0.780)	
Train Epoch-0   Iter-700/706	loss 1.1869 (1.3863)	accu 0.875 (0.785)	
Eval Epoch-0   Iter-0  /52 	loss 1.5806 (1.5806)	accu 0.875 (0.875)	
Eval Epoch-0   Iter-25 /52 	loss 2.1491 (2.1073)	accu 0.750 (0.707)	
Eval Epoch-0   Iter-50 /52 	loss 1.0970 (1.6109)	accu 0.750 (0.750)	
Epoch-0   Train: loss 1.3827	accu 0.7858	Eval: loss 1.6180	accu 0.7476
Train Epoch-1   Iter-0  /706	loss 1.3868 (1.3868)	accu 0.750 (0.750)	
Train Epoch-1   Iter-25 /706	loss 1.2116 (1.0843)	accu 1.000 (0.832)	
Train Epoch-1   Iter-50 /706	loss 0.8230 (1.0778)	accu 0.875 (0.860)	
Train Epoch-1   Iter-75 /706	loss 0.8302 (1.0589)	accu 0.750 (0.868)	
Train Epoch-1   Iter-100/706	loss 0.8111 (1.0283)	accu 0.875 (0.870)	
Train Epoch-1   Iter-125/706	loss 0.6555 (1.0036)	accu 1.000 (0.881)	
Train Epoch-1   Iter-150/706	loss 0.2073 (0.9910)	accu 1.000 (0.880)	
Train Epoch-1   Iter-175/706	loss 1.0561 (0.9811)	accu 0.875 (0.881)	
Train Epoch-1   Iter-200/706	loss 0.6247 (0.9785)	accu 1.000 (0.885)	
Train Epoch-1   Iter-225/706	loss 0.4242 (0.9922)	accu 1.000 (0.882)	
Train Epoch-1   Iter-250/706	loss 0.9526 (1.0028)	accu 0.875 (0.884)	
Train Epoch-1   Iter-275/706	loss 1.1422 (1.0084)	accu 0.875 (0.880)	
Train Epoch-1   Iter-300/706	loss 1.5296 (0.9825)	accu 0.875 (0.887)	
Train Epoch-1   Iter-325/706	loss 0.4415 (0.9825)	accu 0.875 (0.887)	
Train Epoch-1   Iter-350/706	loss 0.2020 (0.9668)	accu 1.000 (0.888)	
Train Epoch-1   Iter-375/706	loss 0.9090 (0.9636)	accu 1.000 (0.888)	
Train Epoch-1   Iter-400/706	loss 0.7864 (0.9658)	accu 0.875 (0.891)	
Train Epoch-1   Iter-425/706	loss 1.6183 (0.9567)	accu 0.750 (0.891)	
Train Epoch-1   Iter-450/706	loss 0.5580 (0.9526)	accu 0.875 (0.893)	
Train Epoch-1   Iter-475/706	loss 0.9887 (0.9426)	accu 1.000 (0.897)	
Train Epoch-1   Iter-500/706	loss 0.6138 (0.9474)	accu 1.000 (0.896)	
Train Epoch-1   Iter-525/706	loss 0.7025 (0.9413)	accu 0.875 (0.897)	
Train Epoch-1   Iter-550/706	loss 0.7439 (0.9358)	accu 1.000 (0.898)	
Train Epoch-1   Iter-575/706	loss 1.0317 (0.9408)	accu 0.875 (0.898)	
Train Epoch-1   Iter-600/706	loss 0.3396 (0.9354)	accu 1.000 (0.899)	
Train Epoch-1   Iter-625/706	loss 0.8831 (0.9334)	accu 0.875 (0.899)	
Train Epoch-1   Iter-650/706	loss 0.4274 (0.9264)	accu 1.000 (0.899)	
Train Epoch-1   Iter-675/706	loss 0.0269 (0.9208)	accu 1.000 (0.900)	
Train Epoch-1   Iter-700/706	loss 0.4511 (0.9196)	accu 1.000 (0.901)	
Eval Epoch-1   Iter-0  /52 	loss 1.2304 (1.2304)	accu 1.000 (1.000)	
Eval Epoch-1   Iter-25 /52 	loss 1.1054 (2.2894)	accu 1.000 (0.755)	
Eval Epoch-1   Iter-50 /52 	loss 1.0186 (1.8411)	accu 0.625 (0.750)	
Epoch-1   Train: loss 0.9195	accu 0.9012	Eval: loss 1.8778	accu 0.7452
Train Epoch-2   Iter-0  /706	loss 1.6328 (1.6328)	accu 0.750 (0.750)	
Train Epoch-2   Iter-25 /706	loss 0.7996 (0.7946)	accu 0.875 (0.889)	
Train Epoch-2   Iter-50 /706	loss 0.2549 (0.8319)	accu 1.000 (0.907)	
Train Epoch-2   Iter-75 /706	loss 1.0554 (0.8354)	accu 0.750 (0.905)	
Train Epoch-2   Iter-100/706	loss 0.7605 (0.8445)	accu 1.000 (0.907)	
Train Epoch-2   Iter-125/706	loss 0.7970 (0.8568)	accu 1.000 (0.904)	
Train Epoch-2   Iter-150/706	loss 0.1787 (0.8260)	accu 1.000 (0.912)	
Train Epoch-2   Iter-175/706	loss 1.2385 (0.8399)	accu 0.875 (0.914)	
Train Epoch-2   Iter-200/706	loss 0.2367 (0.8204)	accu 1.000 (0.917)	
Train Epoch-2   Iter-225/706	loss 0.3143 (0.8045)	accu 1.000 (0.919)	
Train Epoch-2   Iter-250/706	loss 0.3855 (0.7990)	accu 1.000 (0.918)	
Train Epoch-2   Iter-275/706	loss 1.2979 (0.7869)	accu 0.750 (0.918)	
Train Epoch-2   Iter-300/706	loss 0.4145 (0.7792)	accu 1.000 (0.918)	
Train Epoch-2   Iter-325/706	loss 0.3179 (0.7607)	accu 1.000 (0.919)	
Train Epoch-2   Iter-350/706	loss 0.0213 (0.7518)	accu 1.000 (0.921)	
Train Epoch-2   Iter-375/706	loss 0.4710 (0.7570)	accu 1.000 (0.922)	
Train Epoch-2   Iter-400/706	loss 1.2987 (0.7542)	accu 0.875 (0.922)	
Train Epoch-2   Iter-425/706	loss 2.2476 (0.7658)	accu 0.875 (0.922)	
Train Epoch-2   Iter-450/706	loss 1.0235 (0.7703)	accu 0.875 (0.922)	
Train Epoch-2   Iter-475/706	loss 1.5047 (0.7639)	accu 0.750 (0.923)	
Train Epoch-2   Iter-500/706	loss 0.4638 (0.7585)	accu 1.000 (0.924)	
Train Epoch-2   Iter-525/706	loss 0.6931 (0.7531)	accu 1.000 (0.924)	
Train Epoch-2   Iter-550/706	loss 0.2313 (0.7511)	accu 1.000 (0.924)	
Train Epoch-2   Iter-575/706	loss 0.7466 (0.7483)	accu 0.875 (0.925)	
Train Epoch-2   Iter-600/706	loss 0.2963 (0.7451)	accu 1.000 (0.925)	
Train Epoch-2   Iter-625/706	loss 1.3462 (0.7396)	accu 0.750 (0.927)	
Train Epoch-2   Iter-650/706	loss 0.3135 (0.7348)	accu 1.000 (0.926)	
Train Epoch-2   Iter-675/706	loss 1.3316 (0.7323)	accu 0.875 (0.928)	
Train Epoch-2   Iter-700/706	loss 0.8102 (0.7291)	accu 1.000 (0.928)	
Eval Epoch-2   Iter-0  /52 	loss 3.7065 (3.7065)	accu 0.750 (0.750)	
Eval Epoch-2   Iter-25 /52 	loss 0.9989 (2.6735)	accu 1.000 (0.712)	
Eval Epoch-2   Iter-50 /52 	loss 1.5696 (2.0700)	accu 0.750 (0.730)	
Epoch-2   Train: loss 0.7274	accu 0.9279	Eval: loss 2.0959	accu 0.7260
Train Epoch-3   Iter-0  /706	loss 1.0559 (1.0559)	accu 1.000 (1.000)	
Train Epoch-3   Iter-25 /706	loss 0.2227 (0.6059)	accu 1.000 (0.962)	
Train Epoch-3   Iter-50 /706	loss 0.7216 (0.6480)	accu 0.875 (0.941)	
Train Epoch-3   Iter-75 /706	loss 0.4339 (0.6397)	accu 1.000 (0.946)	
Train Epoch-3   Iter-100/706	loss 0.1235 (0.5987)	accu 1.000 (0.952)	
Train Epoch-3   Iter-125/706	loss 0.3442 (0.5758)	accu 1.000 (0.950)	
Train Epoch-3   Iter-150/706	loss 0.6626 (0.5975)	accu 0.875 (0.950)	
Train Epoch-3   Iter-175/706	loss 0.1143 (0.5794)	accu 1.000 (0.950)	
Train Epoch-3   Iter-200/706	loss 1.4521 (0.5902)	accu 0.875 (0.948)	
Train Epoch-3   Iter-225/706	loss 0.4290 (0.6182)	accu 0.875 (0.944)	
Train Epoch-3   Iter-250/706	loss 0.4532 (0.6439)	accu 1.000 (0.942)	
Train Epoch-3   Iter-275/706	loss 0.2877 (0.6493)	accu 1.000 (0.938)	
Train Epoch-3   Iter-300/706	loss 1.5305 (0.6613)	accu 0.750 (0.935)	
Train Epoch-3   Iter-325/706	loss 0.3968 (0.6630)	accu 1.000 (0.934)	
Train Epoch-3   Iter-350/706	loss 0.2081 (0.6482)	accu 1.000 (0.936)	
Train Epoch-3   Iter-375/706	loss 1.4936 (0.6521)	accu 0.875 (0.936)	
Train Epoch-3   Iter-400/706	loss 0.3303 (0.6475)	accu 1.000 (0.935)	
Train Epoch-3   Iter-425/706	loss 1.1494 (0.6409)	accu 0.875 (0.934)	
Train Epoch-3   Iter-450/706	loss 0.6736 (0.6440)	accu 1.000 (0.934)	
Train Epoch-3   Iter-475/706	loss 0.8789 (0.6589)	accu 0.875 (0.933)	
Train Epoch-3   Iter-500/706	loss 0.1728 (0.6598)	accu 1.000 (0.933)	
Train Epoch-3   Iter-525/706	loss 0.3893 (0.6598)	accu 0.875 (0.932)	
Train Epoch-3   Iter-550/706	loss 0.4621 (0.6595)	accu 1.000 (0.932)	
Train Epoch-3   Iter-575/706	loss 0.0469 (0.6529)	accu 1.000 (0.932)	
Train Epoch-3   Iter-600/706	loss 0.9799 (0.6480)	accu 1.000 (0.932)	
Train Epoch-3   Iter-625/706	loss 0.6256 (0.6471)	accu 1.000 (0.932)	
Train Epoch-3   Iter-650/706	loss 0.3413 (0.6552)	accu 0.875 (0.931)	
Train Epoch-3   Iter-675/706	loss 0.9981 (0.6507)	accu 1.000 (0.932)	
Train Epoch-3   Iter-700/706	loss 0.2324 (0.6487)	accu 1.000 (0.932)	
Eval Epoch-3   Iter-0  /52 	loss 2.6016 (2.6016)	accu 0.750 (0.750)	
Eval Epoch-3   Iter-25 /52 	loss 0.9161 (2.4473)	accu 1.000 (0.740)	
Eval Epoch-3   Iter-50 /52 	loss 0.2497 (2.1087)	accu 1.000 (0.745)	
Epoch-3   Train: loss 0.6450	accu 0.9329	Eval: loss 2.1420	accu 0.7428
Train Epoch-4   Iter-0  /706	loss 0.6784 (0.6784)	accu 1.000 (1.000)	
Train Epoch-4   Iter-25 /706	loss 0.1504 (0.6376)	accu 1.000 (0.933)	
Train Epoch-4   Iter-50 /706	loss 0.3019 (0.5131)	accu 1.000 (0.953)	
Train Epoch-4   Iter-75 /706	loss 0.6200 (0.4713)	accu 0.875 (0.956)	
Train Epoch-4   Iter-100/706	loss 1.5443 (0.5058)	accu 1.000 (0.954)	
Train Epoch-4   Iter-125/706	loss 0.0684 (0.5191)	accu 1.000 (0.955)	
Train Epoch-4   Iter-150/706	loss 0.5989 (0.5062)	accu 0.750 (0.952)	
Train Epoch-4   Iter-175/706	loss 1.1601 (0.5093)	accu 0.875 (0.950)	
Train Epoch-4   Iter-200/706	loss 0.4655 (0.4922)	accu 0.875 (0.951)	
Train Epoch-4   Iter-225/706	loss 0.6169 (0.4795)	accu 0.875 (0.951)	
Train Epoch-4   Iter-250/706	loss 0.6555 (0.4974)	accu 1.000 (0.947)	
Train Epoch-4   Iter-275/706	loss 0.0660 (0.5030)	accu 1.000 (0.946)	
Train Epoch-4   Iter-300/706	loss 0.1028 (0.5189)	accu 1.000 (0.944)	
Train Epoch-4   Iter-325/706	loss 0.2650 (0.5322)	accu 1.000 (0.942)	
Train Epoch-4   Iter-350/706	loss 0.5259 (0.5315)	accu 0.875 (0.942)	
Train Epoch-4   Iter-375/706	loss 0.4753 (0.5492)	accu 0.875 (0.939)	
Train Epoch-4   Iter-400/706	loss 0.7637 (0.5404)	accu 0.875 (0.941)	
Train Epoch-4   Iter-425/706	loss 0.2442 (0.5302)	accu 1.000 (0.941)	
Train Epoch-4   Iter-450/706	loss 0.2596 (0.5414)	accu 1.000 (0.941)	
Train Epoch-4   Iter-475/706	loss 0.9465 (0.5443)	accu 0.875 (0.941)	
Train Epoch-4   Iter-500/706	loss 0.4548 (0.5498)	accu 0.875 (0.941)	
Train Epoch-4   Iter-525/706	loss 0.2700 (0.5409)	accu 1.000 (0.942)	
Train Epoch-4   Iter-550/706	loss 0.1908 (0.5327)	accu 1.000 (0.942)	
Train Epoch-4   Iter-575/706	loss 0.9878 (0.5385)	accu 1.000 (0.941)	
Train Epoch-4   Iter-600/706	loss 0.7318 (0.5316)	accu 0.875 (0.943)	
Train Epoch-4   Iter-625/706	loss 1.0644 (0.5365)	accu 0.750 (0.941)	
Train Epoch-4   Iter-650/706	loss 0.0300 (0.5341)	accu 1.000 (0.942)	
Train Epoch-4   Iter-675/706	loss 0.1345 (0.5320)	accu 1.000 (0.942)	
Train Epoch-4   Iter-700/706	loss 0.0234 (0.5280)	accu 1.000 (0.943)	
Eval Epoch-4   Iter-0  /52 	loss 1.1095 (1.1095)	accu 0.875 (0.875)	
Eval Epoch-4   Iter-25 /52 	loss 1.3626 (2.6657)	accu 0.875 (0.760)	
Eval Epoch-4   Iter-50 /52 	loss 2.2870 (2.4324)	accu 0.750 (0.760)	
Epoch-4   Train: loss 0.5272	accu 0.9433	Eval: loss 2.5137	accu 0.7548
Train Epoch-5   Iter-0  /706	loss 0.3049 (0.3049)	accu 1.000 (1.000)	
Train Epoch-5   Iter-25 /706	loss 0.3036 (0.5053)	accu 1.000 (0.947)	
Train Epoch-5   Iter-50 /706	loss -0.0231 (0.6242)	accu 1.000 (0.936)	
Train Epoch-5   Iter-75 /706	loss 1.2894 (0.5852)	accu 0.875 (0.939)	
Train Epoch-5   Iter-100/706	loss 0.3730 (0.5711)	accu 1.000 (0.941)	
Train Epoch-5   Iter-125/706	loss 0.1735 (0.5693)	accu 1.000 (0.941)	
Train Epoch-5   Iter-150/706	loss 0.4317 (0.5407)	accu 0.875 (0.945)	
Train Epoch-5   Iter-175/706	loss 0.2307 (0.5738)	accu 1.000 (0.939)	
Train Epoch-5   Iter-200/706	loss 0.2967 (0.5783)	accu 1.000 (0.936)	
Train Epoch-5   Iter-225/706	loss 1.3451 (0.5686)	accu 1.000 (0.935)	
Train Epoch-5   Iter-250/706	loss 0.0574 (0.5525)	accu 1.000 (0.936)	
Train Epoch-5   Iter-275/706	loss 0.6574 (0.5445)	accu 1.000 (0.935)	
Train Epoch-5   Iter-300/706	loss 0.8876 (0.5491)	accu 0.875 (0.934)	
Train Epoch-5   Iter-325/706	loss -0.0076 (0.5426)	accu 1.000 (0.937)	
Train Epoch-5   Iter-350/706	loss 1.1208 (0.5471)	accu 0.875 (0.937)	
Train Epoch-5   Iter-375/706	loss -0.0750 (0.5430)	accu 1.000 (0.938)	
Train Epoch-5   Iter-400/706	loss 0.0393 (0.5292)	accu 1.000 (0.939)	
Train Epoch-5   Iter-425/706	loss 0.7142 (0.5173)	accu 0.875 (0.941)	
Train Epoch-5   Iter-450/706	loss 0.5442 (0.5289)	accu 1.000 (0.940)	
Train Epoch-5   Iter-475/706	loss 0.2741 (0.5200)	accu 0.875 (0.941)	
Train Epoch-5   Iter-500/706	loss 0.1893 (0.5124)	accu 1.000 (0.943)	
Train Epoch-5   Iter-525/706	loss -0.0667 (0.5041)	accu 1.000 (0.944)	
Train Epoch-5   Iter-550/706	loss -0.0539 (0.5097)	accu 1.000 (0.944)	
Train Epoch-5   Iter-575/706	loss -0.0625 (0.5035)	accu 1.000 (0.944)	
Train Epoch-5   Iter-600/706	loss -0.0278 (0.5126)	accu 1.000 (0.944)	
Train Epoch-5   Iter-625/706	loss -0.1374 (0.5076)	accu 1.000 (0.944)	
Train Epoch-5   Iter-650/706	loss 0.3570 (0.5008)	accu 0.875 (0.945)	
Train Epoch-5   Iter-675/706	loss -0.0773 (0.5046)	accu 1.000 (0.945)	
Train Epoch-5   Iter-700/706	loss 0.6952 (0.5096)	accu 1.000 (0.945)	
Eval Epoch-5   Iter-0  /52 	loss 1.6150 (1.6150)	accu 0.750 (0.750)	
Eval Epoch-5   Iter-25 /52 	loss 1.3612 (2.6227)	accu 0.875 (0.702)	
Eval Epoch-5   Iter-50 /52 	loss 0.2305 (2.4212)	accu 1.000 (0.728)	
Epoch-5   Train: loss 0.5115	accu 0.9438	Eval: loss 2.4938	accu 0.7236
Train Epoch-6   Iter-0  /706	loss 0.6370 (0.6370)	accu 1.000 (1.000)	
Train Epoch-6   Iter-25 /706	loss 1.5538 (0.3731)	accu 0.875 (0.976)	
Train Epoch-6   Iter-50 /706	loss -0.1639 (0.4038)	accu 1.000 (0.971)	
Train Epoch-6   Iter-75 /706	loss 0.0506 (0.4372)	accu 1.000 (0.961)	
Train Epoch-6   Iter-100/706	loss 1.2346 (0.4434)	accu 0.875 (0.958)	
Train Epoch-6   Iter-125/706	loss -0.2488 (0.4503)	accu 1.000 (0.958)	
Train Epoch-6   Iter-150/706	loss -0.0551 (0.4237)	accu 1.000 (0.960)	
Train Epoch-6   Iter-175/706	loss 0.1592 (0.4070)	accu 1.000 (0.959)	
Train Epoch-6   Iter-200/706	loss 0.8570 (0.3905)	accu 0.875 (0.959)	
Train Epoch-6   Iter-225/706	loss -0.0331 (0.3635)	accu 1.000 (0.962)	
Train Epoch-6   Iter-250/706	loss 0.0626 (0.3928)	accu 1.000 (0.960)	
Train Epoch-6   Iter-275/706	loss 0.1175 (0.3999)	accu 1.000 (0.958)	
Train Epoch-6   Iter-300/706	loss -0.0169 (0.3923)	accu 1.000 (0.959)	
Train Epoch-6   Iter-325/706	loss 0.3085 (0.4044)	accu 1.000 (0.957)	
Train Epoch-6   Iter-350/706	loss -0.2146 (0.3939)	accu 1.000 (0.958)	
Train Epoch-6   Iter-375/706	loss -0.0104 (0.3835)	accu 1.000 (0.959)	
Train Epoch-6   Iter-400/706	loss 0.0883 (0.3886)	accu 1.000 (0.957)	
Train Epoch-6   Iter-425/706	loss 0.0644 (0.3844)	accu 1.000 (0.956)	
Train Epoch-6   Iter-450/706	loss 1.2966 (0.3899)	accu 0.750 (0.954)	
Train Epoch-6   Iter-475/706	loss 0.1760 (0.4000)	accu 1.000 (0.953)	
Train Epoch-6   Iter-500/706	loss 0.0756 (0.3914)	accu 1.000 (0.954)	
Train Epoch-6   Iter-525/706	loss -0.1246 (0.3915)	accu 1.000 (0.955)	
Train Epoch-6   Iter-550/706	loss 0.0850 (0.3867)	accu 1.000 (0.955)	
Train Epoch-6   Iter-575/706	loss 0.0122 (0.3842)	accu 1.000 (0.955)	
Train Epoch-6   Iter-600/706	loss 0.4991 (0.3843)	accu 0.875 (0.955)	
Train Epoch-6   Iter-625/706	loss -0.0925 (0.3867)	accu 1.000 (0.955)	
Train Epoch-6   Iter-650/706	loss -0.0424 (0.3873)	accu 1.000 (0.955)	
Train Epoch-6   Iter-675/706	loss 0.2643 (0.3823)	accu 0.875 (0.954)	
Train Epoch-6   Iter-700/706	loss 0.9304 (0.3840)	accu 0.875 (0.954)	
Eval Epoch-6   Iter-0  /52 	loss 1.5723 (1.5723)	accu 0.750 (0.750)	
Eval Epoch-6   Iter-25 /52 	loss 4.5738 (4.1819)	accu 0.625 (0.577)	
Eval Epoch-6   Iter-50 /52 	loss -0.2779 (2.9859)	accu 1.000 (0.689)	
Epoch-6   Train: loss 0.3885	accu 0.9533	Eval: loss 2.9930	accu 0.6875
Epoch     7: reducing learning rate of group 0 to 3.0000e-05.
Train Epoch-7   Iter-0  /706	loss 0.4365 (0.4365)	accu 0.875 (0.875)	
Train Epoch-7   Iter-25 /706	loss 0.1787 (0.2446)	accu 1.000 (0.962)	
Train Epoch-7   Iter-50 /706	loss 0.0145 (0.1728)	accu 1.000 (0.978)	
Train Epoch-7   Iter-75 /706	loss 1.4363 (0.2872)	accu 0.875 (0.974)	
Train Epoch-7   Iter-100/706	loss 1.3108 (0.2839)	accu 0.875 (0.968)	
Train Epoch-7   Iter-125/706	loss -0.2528 (0.2649)	accu 1.000 (0.969)	
Train Epoch-7   Iter-150/706	loss -0.0693 (0.3089)	accu 1.000 (0.967)	
Train Epoch-7   Iter-175/706	loss 0.1190 (0.2888)	accu 1.000 (0.969)	
Train Epoch-7   Iter-200/706	loss 1.0537 (0.2730)	accu 0.875 (0.968)	
Train Epoch-7   Iter-225/706	loss 0.6160 (0.2964)	accu 0.875 (0.962)	
Train Epoch-7   Iter-250/706	loss 0.1425 (0.2816)	accu 1.000 (0.964)	
Train Epoch-7   Iter-275/706	loss 0.0803 (0.2637)	accu 0.875 (0.964)	
Train Epoch-7   Iter-300/706	loss -0.1746 (0.2720)	accu 1.000 (0.962)	
Train Epoch-7   Iter-325/706	loss -0.1612 (0.2592)	accu 1.000 (0.963)	
Train Epoch-7   Iter-350/706	loss -0.1576 (0.2633)	accu 1.000 (0.964)	
Train Epoch-7   Iter-375/706	loss -0.0628 (0.2660)	accu 1.000 (0.963)	
Train Epoch-7   Iter-400/706	loss 0.7269 (0.2576)	accu 0.875 (0.964)	
Train Epoch-7   Iter-425/706	loss -0.1134 (0.2435)	accu 1.000 (0.965)	
Train Epoch-7   Iter-450/706	loss -0.3038 (0.2554)	accu 1.000 (0.965)	
Train Epoch-7   Iter-475/706	loss -0.0482 (0.2545)	accu 1.000 (0.965)	
Train Epoch-7   Iter-500/706	loss 0.3197 (0.2575)	accu 0.875 (0.965)	
Train Epoch-7   Iter-525/706	loss 0.2178 (0.2538)	accu 0.875 (0.965)	
Train Epoch-7   Iter-550/706	loss 0.0144 (0.2545)	accu 1.000 (0.964)	
Train Epoch-7   Iter-575/706	loss 0.0220 (0.2510)	accu 1.000 (0.965)	
Train Epoch-7   Iter-600/706	loss -0.1637 (0.2553)	accu 1.000 (0.964)	
Train Epoch-7   Iter-625/706	loss 0.0789 (0.2527)	accu 1.000 (0.964)	
Train Epoch-7   Iter-650/706	loss -0.0511 (0.2480)	accu 1.000 (0.964)	
Train Epoch-7   Iter-675/706	loss 0.4456 (0.2459)	accu 0.875 (0.964)	
Train Epoch-7   Iter-700/706	loss 0.0302 (0.2419)	accu 1.000 (0.964)	
Eval Epoch-7   Iter-0  /52 	loss 0.9016 (0.9016)	accu 0.875 (0.875)	
Eval Epoch-7   Iter-25 /52 	loss 2.2969 (2.9044)	accu 0.875 (0.760)	
Eval Epoch-7   Iter-50 /52 	loss -0.1994 (2.4123)	accu 1.000 (0.767)	
Epoch-7   Train: loss 0.2473	accu 0.9641	Eval: loss 2.4690	accu 0.7620
Train Epoch-8   Iter-0  /706	loss 1.4896 (1.4896)	accu 0.875 (0.875)	
Train Epoch-8   Iter-25 /706	loss 0.7971 (0.3229)	accu 0.875 (0.976)	
Train Epoch-8   Iter-50 /706	loss 0.1587 (0.2228)	accu 1.000 (0.968)	
Train Epoch-8   Iter-75 /706	loss -0.1390 (0.2001)	accu 1.000 (0.975)	
Train Epoch-8   Iter-100/706	loss 0.7807 (0.2084)	accu 0.875 (0.975)	
Train Epoch-8   Iter-125/706	loss 0.0398 (0.2386)	accu 1.000 (0.972)	
Train Epoch-8   Iter-150/706	loss 0.2743 (0.2390)	accu 1.000 (0.969)	
Train Epoch-8   Iter-175/706	loss 0.3413 (0.2185)	accu 1.000 (0.971)	
Train Epoch-8   Iter-200/706	loss -0.0815 (0.2019)	accu 1.000 (0.973)	
Train Epoch-8   Iter-225/706	loss 0.7607 (0.1952)	accu 0.875 (0.972)	
Train Epoch-8   Iter-250/706	loss 0.2381 (0.1989)	accu 1.000 (0.972)	
Train Epoch-8   Iter-275/706	loss -0.1428 (0.1981)	accu 1.000 (0.971)	
Train Epoch-8   Iter-300/706	loss 0.0220 (0.2005)	accu 1.000 (0.971)	
Train Epoch-8   Iter-325/706	loss -0.0741 (0.1851)	accu 1.000 (0.972)	
Train Epoch-8   Iter-350/706	loss -0.0872 (0.1767)	accu 1.000 (0.972)	
Train Epoch-8   Iter-375/706	loss -0.1547 (0.1737)	accu 1.000 (0.971)	
Train Epoch-8   Iter-400/706	loss -0.1159 (0.1948)	accu 1.000 (0.970)	
Train Epoch-8   Iter-425/706	loss 0.7865 (0.1927)	accu 0.875 (0.970)	
Train Epoch-8   Iter-450/706	loss -0.1731 (0.1910)	accu 1.000 (0.970)	
Train Epoch-8   Iter-475/706	loss 0.1589 (0.1827)	accu 1.000 (0.972)	
Train Epoch-8   Iter-500/706	loss 0.3166 (0.1816)	accu 1.000 (0.971)	
Train Epoch-8   Iter-525/706	loss 0.1201 (0.1850)	accu 1.000 (0.971)	
Train Epoch-8   Iter-550/706	loss -0.0830 (0.1843)	accu 1.000 (0.971)	
Train Epoch-8   Iter-575/706	loss 0.2632 (0.1840)	accu 1.000 (0.971)	
Train Epoch-8   Iter-600/706	loss -0.1208 (0.1823)	accu 1.000 (0.971)	
Train Epoch-8   Iter-625/706	loss 0.9529 (0.1819)	accu 1.000 (0.971)	
Train Epoch-8   Iter-650/706	loss -0.2814 (0.1769)	accu 1.000 (0.971)	
Train Epoch-8   Iter-675/706	loss -0.0174 (0.1786)	accu 1.000 (0.971)	
Train Epoch-8   Iter-700/706	loss -0.0654 (0.1759)	accu 1.000 (0.971)	
Eval Epoch-8   Iter-0  /52 	loss 0.8672 (0.8672)	accu 0.875 (0.875)	
Eval Epoch-8   Iter-25 /52 	loss 2.2803 (2.7763)	accu 0.875 (0.779)	
Eval Epoch-8   Iter-50 /52 	loss -0.2807 (2.4124)	accu 1.000 (0.765)	
Epoch-8   Train: loss 0.1758	accu 0.9717	Eval: loss 2.4813	accu 0.7596
Train Epoch-9   Iter-0  /706	loss -0.0163 (-0.0163)	accu 1.000 (1.000)	
Train Epoch-9   Iter-25 /706	loss 0.9352 (0.0116)	accu 0.875 (0.976)	
Train Epoch-9   Iter-50 /706	loss 0.0676 (0.0486)	accu 1.000 (0.971)	
Train Epoch-9   Iter-75 /706	loss -0.2832 (0.1411)	accu 1.000 (0.965)	
Train Epoch-9   Iter-100/706	loss -0.0504 (0.1878)	accu 1.000 (0.965)	
Train Epoch-9   Iter-125/706	loss -0.1076 (0.2154)	accu 1.000 (0.967)	
Train Epoch-9   Iter-150/706	loss 0.3300 (0.1923)	accu 0.875 (0.969)	
Train Epoch-9   Iter-175/706	loss -0.2177 (0.2118)	accu 1.000 (0.967)	
Train Epoch-9   Iter-200/706	loss 0.0114 (0.2152)	accu 1.000 (0.966)	
Train Epoch-9   Iter-225/706	loss 0.0693 (0.2046)	accu 1.000 (0.968)	
Train Epoch-9   Iter-250/706	loss -0.1849 (0.1840)	accu 1.000 (0.971)	
Train Epoch-9   Iter-275/706	loss -0.2691 (0.1797)	accu 1.000 (0.971)	
Train Epoch-9   Iter-300/706	loss 1.3717 (0.1829)	accu 0.875 (0.971)	
Train Epoch-9   Iter-325/706	loss 0.1243 (0.1753)	accu 1.000 (0.970)	
Train Epoch-9   Iter-350/706	loss -0.2931 (0.1868)	accu 1.000 (0.969)	
Train Epoch-9   Iter-375/706	loss 0.0817 (0.1855)	accu 1.000 (0.969)	
Train Epoch-9   Iter-400/706	loss 0.3869 (0.1837)	accu 0.875 (0.969)	
Train Epoch-9   Iter-425/706	loss -0.1675 (0.1708)	accu 1.000 (0.970)	
Train Epoch-9   Iter-450/706	loss 0.1053 (0.1812)	accu 1.000 (0.969)	
Train Epoch-9   Iter-475/706	loss -0.2283 (0.1815)	accu 1.000 (0.969)	
Train Epoch-9   Iter-500/706	loss -0.1302 (0.1785)	accu 1.000 (0.969)	
Train Epoch-9   Iter-525/706	loss 0.1023 (0.1849)	accu 1.000 (0.969)	
Train Epoch-9   Iter-550/706	loss 0.0894 (0.1756)	accu 1.000 (0.970)	
Train Epoch-9   Iter-575/706	loss -0.2150 (0.1676)	accu 1.000 (0.971)	
Train Epoch-9   Iter-600/706	loss -0.2452 (0.1599)	accu 1.000 (0.972)	
Train Epoch-9   Iter-625/706	loss 0.1412 (0.1666)	accu 1.000 (0.971)	
Train Epoch-9   Iter-650/706	loss -0.0967 (0.1668)	accu 1.000 (0.971)	
Train Epoch-9   Iter-675/706	loss 0.0458 (0.1656)	accu 1.000 (0.971)	
Train Epoch-9   Iter-700/706	loss 0.1049 (0.1608)	accu 1.000 (0.971)	
Eval Epoch-9   Iter-0  /52 	loss 1.3972 (1.3972)	accu 0.750 (0.750)	
Eval Epoch-9   Iter-25 /52 	loss 2.5082 (3.2140)	accu 0.875 (0.731)	
Eval Epoch-9   Iter-50 /52 	loss -0.2997 (2.6198)	accu 1.000 (0.752)	
Epoch-9   Train: loss 0.1595	accu 0.9710	Eval: loss 2.6802	accu 0.7500
Train Epoch-10  Iter-0  /706	loss 0.1568 (0.1568)	accu 0.875 (0.875)	
Train Epoch-10  Iter-25 /706	loss 0.3088 (0.2281)	accu 0.875 (0.966)	
Train Epoch-10  Iter-50 /706	loss 1.1300 (0.2289)	accu 0.750 (0.966)	
Train Epoch-10  Iter-75 /706	loss -0.0792 (0.2046)	accu 1.000 (0.967)	
Train Epoch-10  Iter-100/706	loss 0.8584 (0.1754)	accu 0.875 (0.970)	
Train Epoch-10  Iter-125/706	loss 0.0815 (0.1605)	accu 0.875 (0.969)	
Train Epoch-10  Iter-150/706	loss -0.1592 (0.1668)	accu 1.000 (0.969)	
Train Epoch-10  Iter-175/706	loss 0.3758 (0.1495)	accu 1.000 (0.971)	
Train Epoch-10  Iter-200/706	loss -0.1792 (0.1449)	accu 1.000 (0.970)	
Train Epoch-10  Iter-225/706	loss 0.0583 (0.1318)	accu 1.000 (0.970)	
Train Epoch-10  Iter-250/706	loss 0.6710 (0.1405)	accu 0.875 (0.970)	
Train Epoch-10  Iter-275/706	loss 1.0499 (0.1376)	accu 1.000 (0.971)	
Train Epoch-10  Iter-300/706	loss -0.0188 (0.1444)	accu 1.000 (0.970)	
Train Epoch-10  Iter-325/706	loss -0.2402 (0.1363)	accu 1.000 (0.971)	
Train Epoch-10  Iter-350/706	loss -0.1163 (0.1341)	accu 1.000 (0.972)	
Train Epoch-10  Iter-375/706	loss -0.0354 (0.1322)	accu 1.000 (0.972)	
Train Epoch-10  Iter-400/706	loss -0.0547 (0.1387)	accu 1.000 (0.972)	
Train Epoch-10  Iter-425/706	loss 0.3005 (0.1317)	accu 1.000 (0.972)	
Train Epoch-10  Iter-450/706	loss -0.1839 (0.1317)	accu 1.000 (0.972)	
Train Epoch-10  Iter-475/706	loss -0.1526 (0.1369)	accu 1.000 (0.971)	
Train Epoch-10  Iter-500/706	loss 0.0994 (0.1337)	accu 0.875 (0.972)	
Train Epoch-10  Iter-525/706	loss 0.4217 (0.1284)	accu 0.875 (0.972)	
Train Epoch-10  Iter-550/706	loss 0.0864 (0.1244)	accu 1.000 (0.972)	
Train Epoch-10  Iter-575/706	loss -0.2397 (0.1323)	accu 1.000 (0.972)	
Train Epoch-10  Iter-600/706	loss 0.2391 (0.1323)	accu 1.000 (0.972)	
Train Epoch-10  Iter-625/706	loss -0.0472 (0.1262)	accu 1.000 (0.973)	
Train Epoch-10  Iter-650/706	loss -0.1500 (0.1255)	accu 1.000 (0.973)	
Train Epoch-10  Iter-675/706	loss -0.0033 (0.1237)	accu 1.000 (0.973)	
Train Epoch-10  Iter-700/706	loss 1.3432 (0.1224)	accu 0.875 (0.974)	
Eval Epoch-10  Iter-0  /52 	loss 1.1752 (1.1752)	accu 0.875 (0.875)	
Eval Epoch-10  Iter-25 /52 	loss 2.0485 (2.9336)	accu 0.875 (0.769)	
Eval Epoch-10  Iter-50 /52 	loss -0.1869 (2.5266)	accu 1.000 (0.765)	
Epoch-10  Train: loss 0.1220	accu 0.9736	Eval: loss 2.6054	accu 0.7596
Train Epoch-11  Iter-0  /706	loss -0.3066 (-0.3066)	accu 1.000 (1.000)	
Train Epoch-11  Iter-25 /706	loss -0.1190 (0.1983)	accu 1.000 (0.966)	
Train Epoch-11  Iter-50 /706	loss 0.6335 (0.1853)	accu 0.875 (0.966)	
Train Epoch-11  Iter-75 /706	loss 0.1154 (0.1194)	accu 1.000 (0.972)	
Train Epoch-11  Iter-100/706	loss -0.2145 (0.0883)	accu 1.000 (0.975)	
Train Epoch-11  Iter-125/706	loss -0.1778 (0.0996)	accu 1.000 (0.976)	
Train Epoch-11  Iter-150/706	loss -0.2810 (0.0981)	accu 1.000 (0.974)	
Train Epoch-11  Iter-175/706	loss 0.1198 (0.0967)	accu 1.000 (0.973)	
Train Epoch-11  Iter-200/706	loss -0.3497 (0.0944)	accu 1.000 (0.972)	
Train Epoch-11  Iter-225/706	loss 0.5739 (0.0835)	accu 0.875 (0.972)	
Train Epoch-11  Iter-250/706	loss 0.4703 (0.0931)	accu 0.875 (0.972)	
Train Epoch-11  Iter-275/706	loss 0.3432 (0.0871)	accu 0.875 (0.972)	
Train Epoch-11  Iter-300/706	loss 0.0348 (0.0772)	accu 1.000 (0.974)	
Train Epoch-11  Iter-325/706	loss 0.0817 (0.0708)	accu 1.000 (0.975)	
Train Epoch-11  Iter-350/706	loss -0.2046 (0.0966)	accu 1.000 (0.973)	
Train Epoch-11  Iter-375/706	loss 0.2667 (0.1013)	accu 0.875 (0.971)	
Train Epoch-11  Iter-400/706	loss 0.2829 (0.1020)	accu 0.875 (0.971)	
Train Epoch-11  Iter-425/706	loss -0.1978 (0.1039)	accu 1.000 (0.971)	
Train Epoch-11  Iter-450/706	loss -0.3606 (0.1044)	accu 1.000 (0.971)	
Train Epoch-11  Iter-475/706	loss -0.0096 (0.1057)	accu 1.000 (0.971)	
Train Epoch-11  Iter-500/706	loss -0.1672 (0.1073)	accu 1.000 (0.971)	
Train Epoch-11  Iter-525/706	loss -0.0128 (0.1150)	accu 1.000 (0.971)	
Train Epoch-11  Iter-550/706	loss 0.1308 (0.1137)	accu 1.000 (0.971)	
Train Epoch-11  Iter-575/706	loss -0.2438 (0.1045)	accu 1.000 (0.972)	
Train Epoch-11  Iter-600/706	loss -0.0145 (0.1017)	accu 0.875 (0.972)	
Train Epoch-11  Iter-625/706	loss 0.9245 (0.1044)	accu 0.875 (0.972)	
Train Epoch-11  Iter-650/706	loss -0.1175 (0.1018)	accu 1.000 (0.972)	
Train Epoch-11  Iter-675/706	loss -0.1926 (0.0973)	accu 1.000 (0.972)	
Train Epoch-11  Iter-700/706	loss -0.2288 (0.0953)	accu 1.000 (0.973)	
Eval Epoch-11  Iter-0  /52 	loss 0.8690 (0.8690)	accu 0.875 (0.875)	
Eval Epoch-11  Iter-25 /52 	loss 2.0191 (2.7969)	accu 0.875 (0.812)	
Eval Epoch-11  Iter-50 /52 	loss -0.3067 (2.5111)	accu 1.000 (0.794)	
Epoch-11  Train: loss 0.0940	accu 0.9734	Eval: loss 2.5967	accu 0.7885
Train Epoch-12  Iter-0  /706	loss -0.2819 (-0.2819)	accu 1.000 (1.000)	
Train Epoch-12  Iter-25 /706	loss 1.4769 (0.1752)	accu 0.750 (0.971)	
Train Epoch-12  Iter-50 /706	loss 0.1590 (0.1090)	accu 1.000 (0.978)	
Train Epoch-12  Iter-75 /706	loss -0.1140 (0.0794)	accu 1.000 (0.982)	
Train Epoch-12  Iter-100/706	loss 0.0342 (0.0674)	accu 1.000 (0.981)	
Train Epoch-12  Iter-125/706	loss 1.6399 (0.0757)	accu 0.875 (0.980)	
Train Epoch-12  Iter-150/706	loss -0.2912 (0.0712)	accu 1.000 (0.978)	
Train Epoch-12  Iter-175/706	loss -0.1914 (0.0652)	accu 1.000 (0.980)	
Train Epoch-12  Iter-200/706	loss -0.2658 (0.0902)	accu 1.000 (0.978)	
Train Epoch-12  Iter-225/706	loss 0.1242 (0.0849)	accu 1.000 (0.977)	
Train Epoch-12  Iter-250/706	loss 0.1455 (0.0804)	accu 1.000 (0.978)	
Train Epoch-12  Iter-275/706	loss 0.9791 (0.0744)	accu 0.750 (0.978)	
Train Epoch-12  Iter-300/706	loss 0.0194 (0.0924)	accu 1.000 (0.977)	
Train Epoch-12  Iter-325/706	loss -0.2037 (0.0977)	accu 1.000 (0.977)	
Train Epoch-12  Iter-350/706	loss -0.0647 (0.1036)	accu 1.000 (0.974)	
Train Epoch-12  Iter-375/706	loss 0.4543 (0.0986)	accu 1.000 (0.975)	
Train Epoch-12  Iter-400/706	loss -0.1195 (0.0945)	accu 1.000 (0.975)	
Train Epoch-12  Iter-425/706	loss -0.3146 (0.0884)	accu 1.000 (0.976)	
Train Epoch-12  Iter-450/706	loss 1.3667 (0.0864)	accu 0.875 (0.976)	
Train Epoch-12  Iter-475/706	loss -0.3028 (0.0866)	accu 1.000 (0.976)	
Train Epoch-12  Iter-500/706	loss 0.4863 (0.0840)	accu 0.875 (0.976)	
Train Epoch-12  Iter-525/706	loss 1.0791 (0.0915)	accu 0.875 (0.975)	
Train Epoch-12  Iter-550/706	loss -0.3571 (0.0815)	accu 1.000 (0.975)	
Train Epoch-12  Iter-575/706	loss 0.5065 (0.0765)	accu 1.000 (0.976)	
Train Epoch-12  Iter-600/706	loss -0.1791 (0.0701)	accu 1.000 (0.977)	
Train Epoch-12  Iter-625/706	loss -0.2989 (0.0683)	accu 1.000 (0.976)	
Train Epoch-12  Iter-650/706	loss 0.0466 (0.0639)	accu 1.000 (0.976)	
Train Epoch-12  Iter-675/706	loss -0.0938 (0.0657)	accu 1.000 (0.977)	
Train Epoch-12  Iter-700/706	loss -0.3019 (0.0635)	accu 1.000 (0.977)	
Eval Epoch-12  Iter-0  /52 	loss 0.3616 (0.3616)	accu 1.000 (1.000)	
Eval Epoch-12  Iter-25 /52 	loss 2.2155 (2.9150)	accu 0.875 (0.798)	
Eval Epoch-12  Iter-50 /52 	loss -0.3894 (2.6483)	accu 1.000 (0.792)	
Epoch-12  Train: loss 0.0662	accu 0.9766	Eval: loss 2.7332	accu 0.7861
Epoch    13: reducing learning rate of group 0 to 3.0000e-06.
Train Epoch-13  Iter-0  /706	loss 0.0768 (0.0768)	accu 1.000 (1.000)	
Train Epoch-13  Iter-25 /706	loss -0.1959 (0.1651)	accu 1.000 (0.976)	
Train Epoch-13  Iter-50 /706	loss -0.1505 (0.0588)	accu 1.000 (0.980)	
Train Epoch-13  Iter-75 /706	loss -0.1314 (0.1036)	accu 1.000 (0.977)	
Train Epoch-13  Iter-100/706	loss -0.0531 (0.0710)	accu 1.000 (0.980)	
Train Epoch-13  Iter-125/706	loss -0.1735 (0.0566)	accu 1.000 (0.982)	
Train Epoch-13  Iter-150/706	loss -0.2930 (0.0690)	accu 1.000 (0.979)	
Train Epoch-13  Iter-175/706	loss 0.2299 (0.0622)	accu 0.875 (0.978)	
Train Epoch-13  Iter-200/706	loss -0.2625 (0.0789)	accu 1.000 (0.977)	
Train Epoch-13  Iter-225/706	loss 0.1708 (0.0635)	accu 0.875 (0.978)	
Train Epoch-13  Iter-250/706	loss -0.0577 (0.0539)	accu 1.000 (0.978)	
Train Epoch-13  Iter-275/706	loss 0.1376 (0.0506)	accu 1.000 (0.979)	
Train Epoch-13  Iter-300/706	loss 2.1084 (0.0473)	accu 0.875 (0.978)	
Train Epoch-13  Iter-325/706	loss -0.0125 (0.0478)	accu 1.000 (0.978)	
Train Epoch-13  Iter-350/706	loss -0.1846 (0.0302)	accu 1.000 (0.979)	
Train Epoch-13  Iter-375/706	loss 0.0231 (0.0346)	accu 1.000 (0.979)	
Train Epoch-13  Iter-400/706	loss 0.0825 (0.0417)	accu 1.000 (0.979)	
Train Epoch-13  Iter-425/706	loss -0.1951 (0.0538)	accu 1.000 (0.978)	
Train Epoch-13  Iter-450/706	loss -0.0693 (0.0502)	accu 1.000 (0.978)	
Train Epoch-13  Iter-475/706	loss -0.0875 (0.0568)	accu 1.000 (0.978)	
Train Epoch-13  Iter-500/706	loss -0.1994 (0.0534)	accu 1.000 (0.978)	
Train Epoch-13  Iter-525/706	loss -0.2142 (0.0553)	accu 1.000 (0.977)	
Train Epoch-13  Iter-550/706	loss 0.5527 (0.0516)	accu 0.875 (0.978)	
Train Epoch-13  Iter-575/706	loss -0.3264 (0.0467)	accu 1.000 (0.978)	
Train Epoch-13  Iter-600/706	loss -0.1066 (0.0519)	accu 1.000 (0.977)	
Train Epoch-13  Iter-625/706	loss -0.2046 (0.0452)	accu 1.000 (0.978)	
Train Epoch-13  Iter-650/706	loss 0.1636 (0.0442)	accu 1.000 (0.978)	
Train Epoch-13  Iter-675/706	loss -0.1273 (0.0428)	accu 1.000 (0.977)	
Train Epoch-13  Iter-700/706	loss -0.3830 (0.0382)	accu 1.000 (0.978)	
Eval Epoch-13  Iter-0  /52 	loss 0.4090 (0.4090)	accu 1.000 (1.000)	
Eval Epoch-13  Iter-25 /52 	loss 2.4402 (3.0091)	accu 0.875 (0.803)	
Eval Epoch-13  Iter-50 /52 	loss -0.3865 (2.6555)	accu 1.000 (0.794)	
Epoch-13  Train: loss 0.0367	accu 0.9779	Eval: loss 2.7299	accu 0.7909
Train Epoch-14  Iter-0  /706	loss -0.3825 (-0.3825)	accu 1.000 (1.000)	
Train Epoch-14  Iter-25 /706	loss -0.2221 (0.0237)	accu 1.000 (0.971)	
Train Epoch-14  Iter-50 /706	loss -0.2248 (0.1994)	accu 1.000 (0.963)	
Train Epoch-14  Iter-75 /706	loss 0.1329 (0.1198)	accu 0.875 (0.969)	
Train Epoch-14  Iter-100/706	loss -0.3772 (0.1072)	accu 1.000 (0.968)	
Train Epoch-14  Iter-125/706	loss -0.0825 (0.0830)	accu 1.000 (0.970)	
Train Epoch-14  Iter-150/706	loss -0.1064 (0.0760)	accu 1.000 (0.972)	
Train Epoch-14  Iter-175/706	loss -0.0107 (0.0642)	accu 1.000 (0.972)	
Train Epoch-14  Iter-200/706	loss -0.1319 (0.0461)	accu 1.000 (0.973)	
Train Epoch-14  Iter-225/706	loss -0.1054 (0.0374)	accu 1.000 (0.975)	
Train Epoch-14  Iter-250/706	loss 0.0846 (0.0313)	accu 1.000 (0.975)	
Train Epoch-14  Iter-275/706	loss 0.0973 (0.0400)	accu 1.000 (0.974)	
Train Epoch-14  Iter-300/706	loss -0.3225 (0.0393)	accu 1.000 (0.975)	
Train Epoch-14  Iter-325/706	loss -0.2609 (0.0473)	accu 1.000 (0.974)	
Train Epoch-14  Iter-350/706	loss -0.1786 (0.0598)	accu 1.000 (0.974)	
Train Epoch-14  Iter-375/706	loss -0.2638 (0.0605)	accu 1.000 (0.974)	
Train Epoch-14  Iter-400/706	loss 0.2730 (0.0526)	accu 0.875 (0.975)	
Train Epoch-14  Iter-425/706	loss -0.2083 (0.0456)	accu 1.000 (0.975)	
Train Epoch-14  Iter-450/706	loss -0.1761 (0.0610)	accu 1.000 (0.975)	
Train Epoch-14  Iter-475/706	loss -0.0014 (0.0563)	accu 1.000 (0.976)	
Train Epoch-14  Iter-500/706	loss -0.0666 (0.0606)	accu 1.000 (0.975)	
Train Epoch-14  Iter-525/706	loss -0.2942 (0.0579)	accu 1.000 (0.975)	
Train Epoch-14  Iter-550/706	loss -0.0966 (0.0581)	accu 1.000 (0.975)	
Train Epoch-14  Iter-575/706	loss -0.3568 (0.0538)	accu 1.000 (0.975)	
Train Epoch-14  Iter-600/706	loss -0.2625 (0.0542)	accu 1.000 (0.976)	
Train Epoch-14  Iter-625/706	loss -0.1324 (0.0505)	accu 1.000 (0.976)	
Train Epoch-14  Iter-650/706	loss -0.1327 (0.0531)	accu 1.000 (0.976)	
Train Epoch-14  Iter-675/706	loss -0.1503 (0.0525)	accu 1.000 (0.976)	
Train Epoch-14  Iter-700/706	loss -0.2293 (0.0517)	accu 1.000 (0.976)	
Eval Epoch-14  Iter-0  /52 	loss 0.4180 (0.4180)	accu 1.000 (1.000)	
Eval Epoch-14  Iter-25 /52 	loss 2.3608 (3.0100)	accu 0.875 (0.798)	
Eval Epoch-14  Iter-50 /52 	loss -0.3826 (2.6398)	accu 1.000 (0.792)	
Epoch-14  Train: loss 0.0507	accu 0.9766	Eval: loss 2.7147	accu 0.7885
Train Epoch-15  Iter-0  /706	loss 0.0057 (0.0057)	accu 1.000 (1.000)	
Train Epoch-15  Iter-25 /706	loss 1.2554 (0.1164)	accu 0.875 (0.976)	
Train Epoch-15  Iter-50 /706	loss -0.0628 (0.0412)	accu 1.000 (0.975)	
Train Epoch-15  Iter-75 /706	loss 0.0064 (0.0172)	accu 1.000 (0.979)	
Train Epoch-15  Iter-100/706	loss -0.0204 (0.0424)	accu 1.000 (0.975)	
Train Epoch-15  Iter-125/706	loss -0.2807 (0.0406)	accu 1.000 (0.978)	
Train Epoch-15  Iter-150/706	loss 0.5540 (0.0336)	accu 1.000 (0.977)	
Train Epoch-15  Iter-175/706	loss -0.3752 (0.0454)	accu 1.000 (0.975)	
Train Epoch-15  Iter-200/706	loss 0.1236 (0.0414)	accu 1.000 (0.976)	
Train Epoch-15  Iter-225/706	loss -0.1726 (0.0328)	accu 1.000 (0.977)	
Train Epoch-15  Iter-250/706	loss -0.1334 (0.0222)	accu 1.000 (0.980)	
Train Epoch-15  Iter-275/706	loss -0.1819 (0.0190)	accu 1.000 (0.979)	
Train Epoch-15  Iter-300/706	loss -0.4131 (0.0112)	accu 1.000 (0.980)	
Train Epoch-15  Iter-325/706	loss -0.1235 (0.0058)	accu 1.000 (0.980)	
Train Epoch-15  Iter-350/706	loss -0.2679 (0.0012)	accu 1.000 (0.980)	
Train Epoch-15  Iter-375/706	loss -0.1801 (-0.0077)	accu 1.000 (0.980)	
Train Epoch-15  Iter-400/706	loss -0.2985 (-0.0062)	accu 1.000 (0.981)	
Train Epoch-15  Iter-425/706	loss -0.0192 (0.0068)	accu 1.000 (0.980)	
Train Epoch-15  Iter-450/706	loss -0.1907 (-0.0008)	accu 1.000 (0.981)	
Train Epoch-15  Iter-475/706	loss 0.4331 (-0.0027)	accu 1.000 (0.981)	
Train Epoch-15  Iter-500/706	loss -0.1779 (-0.0057)	accu 1.000 (0.981)	
Train Epoch-15  Iter-525/706	loss 1.9176 (0.0106)	accu 0.875 (0.980)	
Train Epoch-15  Iter-550/706	loss -0.1094 (0.0149)	accu 1.000 (0.979)	
Train Epoch-15  Iter-575/706	loss -0.1803 (0.0125)	accu 1.000 (0.980)	
Train Epoch-15  Iter-600/706	loss 0.7656 (0.0151)	accu 0.875 (0.979)	
Train Epoch-15  Iter-625/706	loss -0.4039 (0.0126)	accu 1.000 (0.979)	
Train Epoch-15  Iter-650/706	loss 0.2559 (0.0260)	accu 1.000 (0.979)	
Train Epoch-15  Iter-675/706	loss 1.7440 (0.0316)	accu 0.875 (0.979)	
Train Epoch-15  Iter-700/706	loss -0.1901 (0.0323)	accu 1.000 (0.978)	
Eval Epoch-15  Iter-0  /52 	loss 0.3966 (0.3966)	accu 1.000 (1.000)	
Eval Epoch-15  Iter-25 /52 	loss 2.2778 (2.9316)	accu 0.875 (0.803)	
Eval Epoch-15  Iter-50 /52 	loss -0.3770 (2.5984)	accu 1.000 (0.792)	
Epoch-15  Train: loss 0.0308	accu 0.9786	Eval: loss 2.6748	accu 0.7885
Train Epoch-16  Iter-0  /706	loss -0.1200 (-0.1200)	accu 1.000 (1.000)	
Train Epoch-16  Iter-25 /706	loss 0.0038 (0.0779)	accu 1.000 (0.976)	
Train Epoch-16  Iter-50 /706	loss -0.3512 (-0.0156)	accu 1.000 (0.988)	
Train Epoch-16  Iter-75 /706	loss -0.3490 (-0.0084)	accu 1.000 (0.985)	
Train Epoch-16  Iter-100/706	loss 0.7455 (-0.0085)	accu 0.875 (0.983)	
Train Epoch-16  Iter-125/706	loss 0.2289 (-0.0031)	accu 1.000 (0.979)	
Train Epoch-16  Iter-150/706	loss -0.1594 (-0.0087)	accu 1.000 (0.980)	
Train Epoch-16  Iter-175/706	loss 0.3222 (0.0069)	accu 1.000 (0.980)	
Train Epoch-16  Iter-200/706	loss 0.0184 (0.0094)	accu 1.000 (0.980)	
Train Epoch-16  Iter-225/706	loss 0.3106 (0.0159)	accu 1.000 (0.979)	
Train Epoch-16  Iter-250/706	loss -0.2038 (0.0097)	accu 1.000 (0.979)	
Train Epoch-16  Iter-275/706	loss 0.0135 (0.0207)	accu 1.000 (0.976)	
Train Epoch-16  Iter-300/706	loss -0.2817 (0.0131)	accu 1.000 (0.978)	
Train Epoch-16  Iter-325/706	loss -0.1495 (0.0238)	accu 1.000 (0.977)	
Train Epoch-16  Iter-350/706	loss -0.2528 (0.0234)	accu 1.000 (0.977)	
Train Epoch-16  Iter-375/706	loss -0.0861 (0.0255)	accu 1.000 (0.977)	
Train Epoch-16  Iter-400/706	loss -0.1996 (0.0244)	accu 1.000 (0.978)	
Train Epoch-16  Iter-425/706	loss -0.3179 (0.0215)	accu 1.000 (0.978)	
Train Epoch-16  Iter-450/706	loss -0.2887 (0.0227)	accu 1.000 (0.977)	
Train Epoch-16  Iter-475/706	loss 0.1703 (0.0175)	accu 1.000 (0.978)	
Train Epoch-16  Iter-500/706	loss 0.3278 (0.0122)	accu 1.000 (0.978)	
Train Epoch-16  Iter-525/706	loss 1.6550 (0.0229)	accu 0.875 (0.978)	
Train Epoch-16  Iter-550/706	loss -0.3768 (0.0198)	accu 1.000 (0.978)	
Train Epoch-16  Iter-575/706	loss -0.0886 (0.0210)	accu 1.000 (0.978)	
Train Epoch-16  Iter-600/706	loss -0.2491 (0.0317)	accu 1.000 (0.976)	
Train Epoch-16  Iter-625/706	loss 0.1295 (0.0312)	accu 1.000 (0.976)	
Train Epoch-16  Iter-650/706	loss 1.8006 (0.0362)	accu 0.875 (0.976)	
Train Epoch-16  Iter-675/706	loss -0.2618 (0.0384)	accu 1.000 (0.976)	
Train Epoch-16  Iter-700/706	loss -0.1643 (0.0349)	accu 1.000 (0.977)	
Eval Epoch-16  Iter-0  /52 	loss 0.5537 (0.5537)	accu 0.875 (0.875)	
Eval Epoch-16  Iter-25 /52 	loss 2.4727 (3.0898)	accu 0.875 (0.769)	
Eval Epoch-16  Iter-50 /52 	loss -0.3802 (2.6574)	accu 1.000 (0.779)	
Epoch-16  Train: loss 0.0342	accu 0.9770	Eval: loss 2.7297	accu 0.7764
Train Epoch-17  Iter-0  /706	loss -0.3103 (-0.3103)	accu 1.000 (1.000)	
Train Epoch-17  Iter-25 /706	loss -0.0490 (-0.0707)	accu 1.000 (0.986)	
Train Epoch-17  Iter-50 /706	loss -0.3819 (-0.0632)	accu 1.000 (0.988)	
Train Epoch-17  Iter-75 /706	loss 1.1114 (0.0155)	accu 0.750 (0.980)	
Train Epoch-17  Iter-100/706	loss -0.1054 (0.0303)	accu 1.000 (0.979)	
Train Epoch-17  Iter-125/706	loss -0.2143 (0.0339)	accu 1.000 (0.979)	
Train Epoch-17  Iter-150/706	loss -0.2897 (0.0697)	accu 1.000 (0.976)	
Train Epoch-17  Iter-175/706	loss -0.3667 (0.0659)	accu 1.000 (0.976)	
Train Epoch-17  Iter-200/706	loss -0.2548 (0.0737)	accu 1.000 (0.975)	
Train Epoch-17  Iter-225/706	loss -0.0146 (0.0568)	accu 1.000 (0.976)	
Train Epoch-17  Iter-250/706	loss -0.1174 (0.0520)	accu 1.000 (0.977)	
Train Epoch-17  Iter-275/706	loss 0.2133 (0.0476)	accu 1.000 (0.977)	
Train Epoch-17  Iter-300/706	loss 0.1785 (0.0434)	accu 1.000 (0.978)	
Train Epoch-17  Iter-325/706	loss -0.0053 (0.0365)	accu 1.000 (0.977)	
Train Epoch-17  Iter-350/706	loss -0.1090 (0.0318)	accu 1.000 (0.977)	
Train Epoch-17  Iter-375/706	loss 0.3638 (0.0348)	accu 0.875 (0.976)	
Train Epoch-17  Iter-400/706	loss -0.1106 (0.0270)	accu 1.000 (0.977)	
Train Epoch-17  Iter-425/706	loss 1.8338 (0.0314)	accu 0.875 (0.977)	
Train Epoch-17  Iter-450/706	loss -0.0276 (0.0307)	accu 1.000 (0.977)	
Train Epoch-17  Iter-475/706	loss 0.1963 (0.0325)	accu 1.000 (0.977)	
Train Epoch-17  Iter-500/706	loss -0.2325 (0.0343)	accu 1.000 (0.977)	
Train Epoch-17  Iter-525/706	loss -0.2079 (0.0295)	accu 1.000 (0.978)	
Train Epoch-17  Iter-550/706	loss -0.2055 (0.0259)	accu 1.000 (0.978)	
Train Epoch-17  Iter-575/706	loss 0.2056 (0.0292)	accu 1.000 (0.978)	
Train Epoch-17  Iter-600/706	loss 1.1896 (0.0245)	accu 1.000 (0.979)	
Train Epoch-17  Iter-625/706	loss -0.1585 (0.0205)	accu 1.000 (0.980)	
Train Epoch-17  Iter-650/706	loss 1.0941 (0.0212)	accu 0.875 (0.979)	
Train Epoch-17  Iter-675/706	loss 0.3859 (0.0328)	accu 0.875 (0.979)	
Train Epoch-17  Iter-700/706	loss -0.1634 (0.0325)	accu 1.000 (0.979)	
Eval Epoch-17  Iter-0  /52 	loss 0.4757 (0.4757)	accu 1.000 (1.000)	
Eval Epoch-17  Iter-25 /52 	loss 2.2867 (2.9569)	accu 0.875 (0.798)	
Eval Epoch-17  Iter-50 /52 	loss -0.3806 (2.6035)	accu 1.000 (0.792)	
Epoch-17  Train: loss 0.0311	accu 0.9791	Eval: loss 2.6793	accu 0.7885
Train Epoch-18  Iter-0  /706	loss 0.6828 (0.6828)	accu 0.875 (0.875)	
Train Epoch-18  Iter-25 /706	loss -0.1730 (0.0916)	accu 1.000 (0.971)	
Train Epoch-18  Iter-50 /706	loss -0.0459 (0.0336)	accu 1.000 (0.978)	
Train Epoch-18  Iter-75 /706	loss 0.9129 (0.0198)	accu 0.875 (0.979)	
Train Epoch-18  Iter-100/706	loss 0.3681 (-0.0090)	accu 1.000 (0.980)	
Train Epoch-18  Iter-125/706	loss -0.2730 (-0.0144)	accu 1.000 (0.983)	
Train Epoch-18  Iter-150/706	loss -0.3031 (0.0145)	accu 1.000 (0.979)	
Train Epoch-18  Iter-175/706	loss 0.2663 (0.0086)	accu 0.875 (0.979)	
Train Epoch-18  Iter-200/706	loss 0.2354 (-0.0001)	accu 1.000 (0.981)	
Train Epoch-18  Iter-225/706	loss -0.0181 (0.0074)	accu 1.000 (0.980)	
Train Epoch-18  Iter-250/706	loss 0.0028 (0.0085)	accu 1.000 (0.979)	
Train Epoch-18  Iter-275/706	loss 0.1821 (0.0087)	accu 1.000 (0.979)	
Train Epoch-18  Iter-300/706	loss -0.3360 (0.0134)	accu 1.000 (0.980)	
Train Epoch-18  Iter-325/706	loss -0.1381 (0.0105)	accu 1.000 (0.980)	
Train Epoch-18  Iter-350/706	loss 0.3273 (0.0210)	accu 0.875 (0.980)	
Train Epoch-18  Iter-375/706	loss -0.3465 (0.0099)	accu 1.000 (0.981)	
Train Epoch-18  Iter-400/706	loss -0.1689 (0.0082)	accu 1.000 (0.982)	
Train Epoch-18  Iter-425/706	loss -0.0398 (0.0127)	accu 1.000 (0.982)	
Train Epoch-18  Iter-450/706	loss -0.0758 (0.0125)	accu 1.000 (0.981)	
Train Epoch-18  Iter-475/706	loss -0.2418 (0.0226)	accu 1.000 (0.980)	
Train Epoch-18  Iter-500/706	loss -0.1303 (0.0210)	accu 1.000 (0.980)	
Train Epoch-18  Iter-525/706	loss 0.2944 (0.0246)	accu 0.875 (0.979)	
Train Epoch-18  Iter-550/706	loss 3.0882 (0.0370)	accu 0.625 (0.978)	
Train Epoch-18  Iter-575/706	loss -0.0709 (0.0358)	accu 1.000 (0.978)	
Train Epoch-18  Iter-600/706	loss -0.2847 (0.0435)	accu 1.000 (0.977)	
Train Epoch-18  Iter-625/706	loss 0.0823 (0.0375)	accu 1.000 (0.978)	
Train Epoch-18  Iter-650/706	loss -0.0188 (0.0374)	accu 1.000 (0.978)	
Train Epoch-18  Iter-675/706	loss 0.1660 (0.0364)	accu 1.000 (0.978)	
Train Epoch-18  Iter-700/706	loss 0.2607 (0.0356)	accu 0.875 (0.978)	
Eval Epoch-18  Iter-0  /52 	loss 0.6328 (0.6328)	accu 1.000 (1.000)	
Eval Epoch-18  Iter-25 /52 	loss 2.5255 (3.0791)	accu 0.875 (0.788)	
Eval Epoch-18  Iter-50 /52 	loss -0.3814 (2.6486)	accu 1.000 (0.784)	
Epoch-18  Train: loss 0.0339	accu 0.9782	Eval: loss 2.7227	accu 0.7812
Epoch    19: reducing learning rate of group 0 to 3.0000e-07.
Train Epoch-19  Iter-0  /706	loss -0.2486 (-0.2486)	accu 1.000 (1.000)	
Train Epoch-19  Iter-25 /706	loss -0.3028 (-0.1004)	accu 1.000 (0.981)	
Train Epoch-19  Iter-50 /706	loss -0.3851 (-0.1206)	accu 1.000 (0.980)	
Train Epoch-19  Iter-75 /706	loss -0.2594 (-0.0934)	accu 1.000 (0.980)	
Train Epoch-19  Iter-100/706	loss -0.0248 (-0.0663)	accu 1.000 (0.979)	
Train Epoch-19  Iter-125/706	loss 0.5898 (-0.0654)	accu 0.875 (0.978)	
Train Epoch-19  Iter-150/706	loss -0.3058 (-0.0452)	accu 1.000 (0.980)	
Train Epoch-19  Iter-175/706	loss -0.1729 (-0.0364)	accu 1.000 (0.981)	
Train Epoch-19  Iter-200/706	loss -0.0626 (-0.0193)	accu 1.000 (0.981)	
Train Epoch-19  Iter-225/706	loss -0.1968 (-0.0188)	accu 1.000 (0.980)	
Train Epoch-19  Iter-250/706	loss -0.1712 (0.0062)	accu 1.000 (0.977)	
Train Epoch-19  Iter-275/706	loss 0.3046 (0.0110)	accu 0.875 (0.977)	
Train Epoch-19  Iter-300/706	loss 0.4440 (0.0148)	accu 0.875 (0.978)	
Train Epoch-19  Iter-325/706	loss -0.3854 (0.0218)	accu 1.000 (0.977)	
Train Epoch-19  Iter-350/706	loss 0.9182 (0.0198)	accu 1.000 (0.977)	
Train Epoch-19  Iter-375/706	loss -0.1954 (0.0191)	accu 1.000 (0.977)	
Train Epoch-19  Iter-400/706	loss -0.0803 (0.0122)	accu 1.000 (0.978)	
Train Epoch-19  Iter-425/706	loss -0.2717 (0.0053)	accu 1.000 (0.978)	
Train Epoch-19  Iter-450/706	loss -0.4195 (0.0067)	accu 1.000 (0.979)	
Train Epoch-19  Iter-475/706	loss -0.3042 (0.0089)	accu 1.000 (0.978)	
Train Epoch-19  Iter-500/706	loss -0.1287 (0.0153)	accu 1.000 (0.978)	
Train Epoch-19  Iter-525/706	loss -0.3659 (0.0164)	accu 1.000 (0.978)	
Train Epoch-19  Iter-550/706	loss -0.2895 (0.0233)	accu 1.000 (0.977)	
Train Epoch-19  Iter-575/706	loss 0.4204 (0.0213)	accu 0.875 (0.977)	
Train Epoch-19  Iter-600/706	loss 0.6671 (0.0227)	accu 0.875 (0.977)	
Train Epoch-19  Iter-625/706	loss 0.0728 (0.0215)	accu 1.000 (0.978)	
Train Epoch-19  Iter-650/706	loss -0.0143 (0.0255)	accu 1.000 (0.978)	
Train Epoch-19  Iter-675/706	loss -0.1121 (0.0226)	accu 1.000 (0.978)	
Train Epoch-19  Iter-700/706	loss 0.4492 (0.0223)	accu 0.875 (0.978)	
Eval Epoch-19  Iter-0  /52 	loss 0.6115 (0.6115)	accu 1.000 (1.000)	
Eval Epoch-19  Iter-25 /52 	loss 2.4763 (3.0474)	accu 0.875 (0.798)	
Eval Epoch-19  Iter-50 /52 	loss -0.3797 (2.6356)	accu 1.000 (0.789)	
Epoch-19  Train: loss 0.0237	accu 0.9774	Eval: loss 2.7105	accu 0.7861
Train Epoch-20  Iter-0  /706	loss 0.1969 (0.1969)	accu 1.000 (1.000)	
Train Epoch-20  Iter-25 /706	loss -0.2251 (-0.0374)	accu 1.000 (0.981)	
Train Epoch-20  Iter-50 /706	loss 0.0900 (0.0218)	accu 1.000 (0.983)	
Train Epoch-20  Iter-75 /706	loss 0.1720 (0.0282)	accu 1.000 (0.979)	
Train Epoch-20  Iter-100/706	loss -0.1445 (0.0093)	accu 1.000 (0.980)	
Train Epoch-20  Iter-125/706	loss -0.0845 (0.0225)	accu 1.000 (0.978)	
Train Epoch-20  Iter-150/706	loss 0.5637 (0.0279)	accu 1.000 (0.978)	
Train Epoch-20  Iter-175/706	loss 0.3146 (0.0339)	accu 1.000 (0.979)	
Train Epoch-20  Iter-200/706	loss -0.3604 (0.0314)	accu 1.000 (0.979)	
Train Epoch-20  Iter-225/706	loss -0.1193 (0.0255)	accu 1.000 (0.978)	
Train Epoch-20  Iter-250/706	loss -0.2941 (0.0134)	accu 1.000 (0.977)	
Train Epoch-20  Iter-275/706	loss -0.1497 (0.0051)	accu 1.000 (0.978)	
Train Epoch-20  Iter-300/706	loss -0.1610 (0.0015)	accu 1.000 (0.978)	
Train Epoch-20  Iter-325/706	loss -0.1673 (-0.0010)	accu 1.000 (0.979)	
Train Epoch-20  Iter-350/706	loss 0.3215 (-0.0039)	accu 0.875 (0.979)	
Train Epoch-20  Iter-375/706	loss -0.3636 (-0.0043)	accu 1.000 (0.979)	
Train Epoch-20  Iter-400/706	loss -0.3795 (-0.0009)	accu 1.000 (0.978)	
Train Epoch-20  Iter-425/706	loss -0.1299 (0.0001)	accu 1.000 (0.979)	
Train Epoch-20  Iter-450/706	loss -0.2492 (-0.0013)	accu 1.000 (0.979)	
Train Epoch-20  Iter-475/706	loss -0.2189 (0.0044)	accu 1.000 (0.978)	
Train Epoch-20  Iter-500/706	loss 0.1257 (0.0003)	accu 1.000 (0.980)	
Train Epoch-20  Iter-525/706	loss -0.2756 (0.0018)	accu 1.000 (0.979)	
Train Epoch-20  Iter-550/706	loss 0.9990 (0.0048)	accu 0.875 (0.978)	
Train Epoch-20  Iter-575/706	loss -0.4104 (0.0048)	accu 1.000 (0.977)	
Train Epoch-20  Iter-600/706	loss -0.3507 (-0.0001)	accu 1.000 (0.978)	
Train Epoch-20  Iter-625/706	loss -0.2619 (0.0014)	accu 1.000 (0.978)	
Train Epoch-20  Iter-650/706	loss -0.2419 (0.0090)	accu 1.000 (0.978)	
Train Epoch-20  Iter-675/706	loss 1.5656 (0.0109)	accu 0.875 (0.978)	
Train Epoch-20  Iter-700/706	loss -0.2624 (0.0163)	accu 1.000 (0.978)	
Eval Epoch-20  Iter-0  /52 	loss 0.6038 (0.6038)	accu 1.000 (1.000)	
Eval Epoch-20  Iter-25 /52 	loss 2.4494 (3.0351)	accu 0.875 (0.798)	
Eval Epoch-20  Iter-50 /52 	loss -0.3795 (2.6317)	accu 1.000 (0.789)	
Epoch-20  Train: loss 0.0163	accu 0.9772	Eval: loss 2.7070	accu 0.7861
Train Epoch-21  Iter-0  /706	loss 0.4343 (0.4343)	accu 0.875 (0.875)	
Train Epoch-21  Iter-25 /706	loss 0.0704 (0.0320)	accu 1.000 (0.986)	
Train Epoch-21  Iter-50 /706	loss -0.2297 (0.0100)	accu 1.000 (0.983)	
Train Epoch-21  Iter-75 /706	loss 0.0725 (-0.0184)	accu 1.000 (0.985)	
Train Epoch-21  Iter-100/706	loss -0.2696 (-0.0092)	accu 1.000 (0.980)	
Train Epoch-21  Iter-125/706	loss 1.0813 (0.0054)	accu 0.875 (0.978)	
Train Epoch-21  Iter-150/706	loss 0.2114 (0.0165)	accu 1.000 (0.980)	
Train Epoch-21  Iter-175/706	loss -0.3342 (0.0003)	accu 1.000 (0.979)	
Train Epoch-21  Iter-200/706	loss -0.2483 (-0.0030)	accu 1.000 (0.978)	
Train Epoch-21  Iter-225/706	loss -0.0708 (-0.0008)	accu 1.000 (0.980)	
Train Epoch-21  Iter-250/706	loss -0.1059 (-0.0037)	accu 1.000 (0.980)	
Train Epoch-21  Iter-275/706	loss -0.0081 (-0.0038)	accu 1.000 (0.981)	
Train Epoch-21  Iter-300/706	loss 0.1408 (0.0026)	accu 0.875 (0.980)	
Train Epoch-21  Iter-325/706	loss -0.2752 (-0.0022)	accu 1.000 (0.981)	
Train Epoch-21  Iter-350/706	loss -0.0742 (-0.0099)	accu 1.000 (0.981)	
Train Epoch-21  Iter-375/706	loss 0.0701 (-0.0110)	accu 1.000 (0.981)	
Train Epoch-21  Iter-400/706	loss -0.3813 (-0.0115)	accu 1.000 (0.982)	
Train Epoch-21  Iter-425/706	loss 0.0786 (-0.0110)	accu 1.000 (0.982)	
Train Epoch-21  Iter-450/706	loss 0.4898 (-0.0075)	accu 0.875 (0.981)	
Train Epoch-21  Iter-475/706	loss -0.2969 (-0.0037)	accu 1.000 (0.981)	
Train Epoch-21  Iter-500/706	loss -0.2818 (-0.0043)	accu 1.000 (0.981)	
Train Epoch-21  Iter-525/706	loss -0.0283 (-0.0072)	accu 1.000 (0.981)	
Train Epoch-21  Iter-550/706	loss -0.0419 (-0.0061)	accu 1.000 (0.982)	
Train Epoch-21  Iter-575/706	loss -0.2468 (0.0022)	accu 1.000 (0.981)	
Train Epoch-21  Iter-600/706	loss -0.3874 (0.0045)	accu 1.000 (0.981)	
Train Epoch-21  Iter-625/706	loss -0.3375 (0.0054)	accu 1.000 (0.980)	
Train Epoch-21  Iter-650/706	loss -0.0020 (0.0083)	accu 1.000 (0.980)	
Train Epoch-21  Iter-675/706	loss -0.1121 (0.0059)	accu 1.000 (0.981)	
Train Epoch-21  Iter-700/706	loss -0.2867 (0.0096)	accu 1.000 (0.980)	
Eval Epoch-21  Iter-0  /52 	loss 0.5786 (0.5786)	accu 1.000 (1.000)	
Eval Epoch-21  Iter-25 /52 	loss 2.4078 (3.0026)	accu 0.875 (0.798)	
Eval Epoch-21  Iter-50 /52 	loss -0.3787 (2.6202)	accu 1.000 (0.789)	
Epoch-21  Train: loss 0.0084	accu 0.9798	Eval: loss 2.6964	accu 0.7861
Train Epoch-22  Iter-0  /706	loss 0.8748 (0.8748)	accu 0.875 (0.875)	
Train Epoch-22  Iter-25 /706	loss 0.5865 (0.0885)	accu 1.000 (0.971)	
Train Epoch-22  Iter-50 /706	loss -0.3024 (0.0514)	accu 1.000 (0.983)	
Train Epoch-22  Iter-75 /706	loss 0.0919 (0.0699)	accu 0.875 (0.980)	
Train Epoch-22  Iter-100/706	loss 0.1558 (0.0239)	accu 0.875 (0.981)	
Train Epoch-22  Iter-125/706	loss 0.0547 (0.0222)	accu 1.000 (0.981)	
Train Epoch-22  Iter-150/706	loss -0.3891 (0.0031)	accu 1.000 (0.983)	
Train Epoch-22  Iter-175/706	loss 0.1129 (0.0186)	accu 0.875 (0.981)	
Train Epoch-22  Iter-200/706	loss 1.8818 (0.0397)	accu 0.875 (0.979)	
Train Epoch-22  Iter-225/706	loss 0.2535 (0.0384)	accu 1.000 (0.978)	
Train Epoch-22  Iter-250/706	loss 0.5207 (0.0318)	accu 0.875 (0.979)	
Train Epoch-22  Iter-275/706	loss -0.1491 (0.0182)	accu 1.000 (0.981)	
Train Epoch-22  Iter-300/706	loss 2.4668 (0.0241)	accu 0.750 (0.980)	
Train Epoch-22  Iter-325/706	loss -0.3848 (0.0241)	accu 1.000 (0.980)	
Train Epoch-22  Iter-350/706	loss -0.0487 (0.0187)	accu 1.000 (0.981)	
Train Epoch-22  Iter-375/706	loss -0.2558 (0.0218)	accu 1.000 (0.981)	
Train Epoch-22  Iter-400/706	loss -0.1944 (0.0283)	accu 1.000 (0.980)	
Train Epoch-22  Iter-425/706	loss -0.2292 (0.0238)	accu 1.000 (0.980)	
Train Epoch-22  Iter-450/706	loss -0.0654 (0.0185)	accu 1.000 (0.980)	
Train Epoch-22  Iter-475/706	loss -0.3789 (0.0231)	accu 1.000 (0.979)	
Train Epoch-22  Iter-500/706	loss -0.2309 (0.0212)	accu 1.000 (0.979)	
Train Epoch-22  Iter-525/706	loss -0.0206 (0.0279)	accu 1.000 (0.979)	
Train Epoch-22  Iter-550/706	loss -0.3264 (0.0280)	accu 1.000 (0.979)	
Train Epoch-22  Iter-575/706	loss 0.3186 (0.0247)	accu 0.875 (0.979)	
Train Epoch-22  Iter-600/706	loss -0.1777 (0.0247)	accu 1.000 (0.979)	
Train Epoch-22  Iter-625/706	loss -0.1719 (0.0263)	accu 1.000 (0.979)	
Train Epoch-22  Iter-650/706	loss -0.2607 (0.0252)	accu 1.000 (0.978)	
Train Epoch-22  Iter-675/706	loss -0.3424 (0.0241)	accu 1.000 (0.978)	
Train Epoch-22  Iter-700/706	loss 0.5622 (0.0205)	accu 0.875 (0.978)	
Eval Epoch-22  Iter-0  /52 	loss 0.5683 (0.5683)	accu 1.000 (1.000)	
Eval Epoch-22  Iter-25 /52 	loss 2.3704 (2.9961)	accu 0.875 (0.798)	
Eval Epoch-22  Iter-50 /52 	loss -0.3787 (2.6205)	accu 1.000 (0.789)	
Epoch-22  Train: loss 0.0220	accu 0.9784	Eval: loss 2.6970	accu 0.7861
Train Epoch-23  Iter-0  /706	loss -0.0395 (-0.0395)	accu 1.000 (1.000)	
Train Epoch-23  Iter-25 /706	loss -0.0795 (0.0128)	accu 1.000 (0.981)	
Train Epoch-23  Iter-50 /706	loss 0.2350 (0.0299)	accu 1.000 (0.980)	
Train Epoch-23  Iter-75 /706	loss 0.2367 (0.0993)	accu 0.875 (0.977)	
Train Epoch-23  Iter-100/706	loss -0.1868 (0.0744)	accu 1.000 (0.976)	
Train Epoch-23  Iter-125/706	loss 0.1277 (0.0560)	accu 1.000 (0.978)	
Train Epoch-23  Iter-150/706	loss 0.0662 (0.0324)	accu 0.875 (0.979)	
Train Epoch-23  Iter-175/706	loss -0.2996 (0.0324)	accu 1.000 (0.978)	
Train Epoch-23  Iter-200/706	loss -0.1515 (0.0216)	accu 1.000 (0.978)	
Train Epoch-23  Iter-225/706	loss -0.1335 (0.0136)	accu 1.000 (0.978)	
Train Epoch-23  Iter-250/706	loss -0.0723 (0.0157)	accu 1.000 (0.979)	
Train Epoch-23  Iter-275/706	loss -0.3103 (0.0099)	accu 1.000 (0.978)	
Train Epoch-23  Iter-300/706	loss -0.1673 (0.0112)	accu 1.000 (0.978)	
Train Epoch-23  Iter-325/706	loss -0.1316 (0.0094)	accu 1.000 (0.979)	
Train Epoch-23  Iter-350/706	loss -0.2556 (0.0083)	accu 1.000 (0.979)	
Train Epoch-23  Iter-375/706	loss 0.2951 (-0.0027)	accu 1.000 (0.980)	
Train Epoch-23  Iter-400/706	loss -0.2209 (0.0010)	accu 1.000 (0.980)	
Train Epoch-23  Iter-425/706	loss 0.3077 (-0.0025)	accu 0.875 (0.980)	
Train Epoch-23  Iter-450/706	loss 0.3577 (-0.0081)	accu 1.000 (0.981)	
Train Epoch-23  Iter-475/706	loss -0.3410 (-0.0076)	accu 1.000 (0.982)	
Train Epoch-23  Iter-500/706	loss -0.2797 (-0.0126)	accu 1.000 (0.982)	
Train Epoch-23  Iter-525/706	loss 0.2227 (-0.0087)	accu 1.000 (0.981)	
Train Epoch-23  Iter-550/706	loss 0.0627 (-0.0047)	accu 1.000 (0.981)	
Train Epoch-23  Iter-575/706	loss -0.2126 (-0.0019)	accu 1.000 (0.981)	
Train Epoch-23  Iter-600/706	loss -0.1566 (-0.0012)	accu 1.000 (0.981)	
Train Epoch-23  Iter-625/706	loss -0.2886 (0.0014)	accu 1.000 (0.980)	
Train Epoch-23  Iter-650/706	loss -0.2324 (-0.0030)	accu 1.000 (0.980)	
Train Epoch-23  Iter-675/706	loss 0.1371 (-0.0034)	accu 1.000 (0.980)	
Train Epoch-23  Iter-700/706	loss -0.2727 (-0.0015)	accu 1.000 (0.980)	
Eval Epoch-23  Iter-0  /52 	loss 0.5620 (0.5620)	accu 1.000 (1.000)	
Eval Epoch-23  Iter-25 /52 	loss 2.3557 (2.9866)	accu 0.875 (0.803)	
Eval Epoch-23  Iter-50 /52 	loss -0.3792 (2.6186)	accu 1.000 (0.792)	
Epoch-23  Train: loss 0.0004	accu 0.9796	Eval: loss 2.6955	accu 0.7885
Train Epoch-24  Iter-0  /706	loss -0.0857 (-0.0857)	accu 1.000 (1.000)	
Train Epoch-24  Iter-25 /706	loss -0.1313 (0.0314)	accu 1.000 (0.981)	
Train Epoch-24  Iter-50 /706	loss -0.2577 (0.0586)	accu 1.000 (0.973)	
Train Epoch-24  Iter-75 /706	loss -0.1731 (0.0607)	accu 1.000 (0.975)	
Train Epoch-24  Iter-100/706	loss -0.1555 (0.0549)	accu 1.000 (0.978)	
Train Epoch-24  Iter-125/706	loss 0.4952 (0.0735)	accu 0.875 (0.978)	
Train Epoch-24  Iter-150/706	loss -0.3774 (0.0570)	accu 1.000 (0.979)	
Train Epoch-24  Iter-175/706	loss 0.1471 (0.0649)	accu 0.875 (0.978)	
Train Epoch-24  Iter-200/706	loss -0.4270 (0.0450)	accu 1.000 (0.978)	
Train Epoch-24  Iter-225/706	loss 0.0461 (0.0388)	accu 1.000 (0.978)	
Train Epoch-24  Iter-250/706	loss -0.1722 (0.0383)	accu 1.000 (0.979)	
Train Epoch-24  Iter-275/706	loss 0.0046 (0.0223)	accu 1.000 (0.981)	
Train Epoch-24  Iter-300/706	loss -0.2856 (0.0260)	accu 1.000 (0.981)	
Train Epoch-24  Iter-325/706	loss -0.3014 (0.0209)	accu 1.000 (0.981)	
Train Epoch-24  Iter-350/706	loss 0.0550 (0.0188)	accu 1.000 (0.981)	
Train Epoch-24  Iter-375/706	loss -0.0952 (0.0095)	accu 1.000 (0.981)	
Train Epoch-24  Iter-400/706	loss -0.0995 (0.0106)	accu 1.000 (0.981)	
Train Epoch-24  Iter-425/706	loss -0.1818 (0.0022)	accu 1.000 (0.982)	
Train Epoch-24  Iter-450/706	loss -0.0760 (0.0115)	accu 1.000 (0.982)	
Train Epoch-24  Iter-475/706	loss -0.3406 (0.0187)	accu 1.000 (0.981)	
Train Epoch-24  Iter-500/706	loss 0.1443 (0.0120)	accu 1.000 (0.982)	
Train Epoch-24  Iter-525/706	loss -0.3686 (0.0132)	accu 1.000 (0.981)	
Train Epoch-24  Iter-550/706	loss -0.2449 (0.0131)	accu 1.000 (0.981)	
Train Epoch-24  Iter-575/706	loss -0.1566 (0.0133)	accu 1.000 (0.981)	
Train Epoch-24  Iter-600/706	loss -0.1474 (0.0099)	accu 1.000 (0.981)	
Train Epoch-24  Iter-625/706	loss -0.1112 (0.0075)	accu 1.000 (0.981)	
Train Epoch-24  Iter-650/706	loss -0.2237 (0.0029)	accu 1.000 (0.981)	
Train Epoch-24  Iter-675/706	loss 0.4120 (0.0036)	accu 1.000 (0.981)	
Train Epoch-24  Iter-700/706	loss -0.1676 (0.0086)	accu 1.000 (0.980)	
Eval Epoch-24  Iter-0  /52 	loss 0.5655 (0.5655)	accu 1.000 (1.000)	
Eval Epoch-24  Iter-25 /52 	loss 2.3601 (2.9919)	accu 0.875 (0.803)	
Eval Epoch-24  Iter-50 /52 	loss -0.3796 (2.6223)	accu 1.000 (0.792)	
Epoch-24  Train: loss 0.0119	accu 0.9802	Eval: loss 2.6991	accu 0.7885
Epoch    25: reducing learning rate of group 0 to 3.0000e-08.
Train Epoch-25  Iter-0  /706	loss -0.1077 (-0.1077)	accu 1.000 (1.000)	
Train Epoch-25  Iter-25 /706	loss -0.1235 (0.1718)	accu 1.000 (0.966)	
Train Epoch-25  Iter-50 /706	loss 0.0936 (0.1031)	accu 1.000 (0.971)	
Train Epoch-25  Iter-75 /706	loss -0.0621 (0.0495)	accu 1.000 (0.974)	
Train Epoch-25  Iter-100/706	loss 0.0612 (0.0242)	accu 1.000 (0.976)	
