Namespace(add_comment=True, add_description=True, add_other_comments=False, add_title=True, add_transcription=True, add_video=False, batch_size=8, clip_embeedings_path='data/CLIP_embeddings', debug=False, desc_keyphrase_extract=False, desc_token_count=100, freeze_lf_layers=23, gpu='4', lr=0.0003, max_epochs=30, max_len=512, metadata_path='data/extra_data_trans.csv', model='bert-large-cased', multitask=False, num_workers=0, other_comments_path='data/extra_data_other_comments.csv', other_comments_token_count=300, pad_metadata=True, remove_none=False, test_question_file='data/with_aug_ttv/test.csv', title_token_count=50, train_question_file='data/with_aug_ttv/train.csv', transcript_keyphrase_extract=True, transcript_token_count=512, validation_question_file='data/with_aug_ttv/eval.csv', video_path='data/videos/', work_dir='model_comment/')
wandb: Currently logged in as: shrey2809 (is_project). Use `wandb login --relogin` to force relogin
wandb: Tracking run with wandb version 0.15.4
wandb: Run data is saved locally in /scratch/AzureNfsServer_INPUT1/vc_data/users/gmanish/multiModalHate/IS-Hate-Speech/wandb/run-20230612_181637-1wlfta4h
wandb: Run `wandb offline` to turn off syncing.
wandb: Syncing run charmed-durian-272
wandb: ⭐️ View project at https://wandb.ai/is_project/vision_models
wandb: 🚀 View run at https://wandb.ai/is_project/vision_models/runs/1wlfta4h
number of available devices: 1
obtained dataloaders
Some weights of the model checkpoint at bert-large-cased were not used when initializing BertModel: ['cls.seq_relationship.weight', 'cls.predictions.bias', 'cls.seq_relationship.bias', 'cls.predictions.transform.dense.weight', 'cls.predictions.transform.LayerNorm.weight', 'cls.predictions.transform.LayerNorm.bias', 'cls.predictions.transform.dense.bias', 'cls.predictions.decoder.weight']
- This IS expected if you are initializing BertModel from the checkpoint of a model trained on another task or with another architecture (e.g. initializing a BertForSequenceClassification model from a BertForPreTraining model).
- This IS NOT expected if you are initializing BertModel from the checkpoint of a model that you expect to be exactly identical (initializing a BertForSequenceClassification model from a BertForSequenceClassification model).
loaded models
Train Epoch-0   Iter-0  /706	loss 0.6726 (0.6726)	accu 0.625 (0.625)	
Train Epoch-0   Iter-25 /706	loss 0.5724 (0.6767)	accu 0.625 (0.591)	
Train Epoch-0   Iter-50 /706	loss 0.5169 (0.6408)	accu 0.750 (0.642)	
Train Epoch-0   Iter-75 /706	loss 0.7357 (0.6155)	accu 0.625 (0.671)	
Train Epoch-0   Iter-100/706	loss 0.3804 (0.5938)	accu 0.875 (0.692)	
Train Epoch-0   Iter-125/706	loss 0.3833 (0.5661)	accu 0.750 (0.716)	
Train Epoch-0   Iter-150/706	loss 0.2399 (0.5482)	accu 0.875 (0.731)	
Train Epoch-0   Iter-175/706	loss 0.3096 (0.5268)	accu 0.875 (0.749)	
Train Epoch-0   Iter-200/706	loss 0.2638 (0.5129)	accu 0.875 (0.764)	
Train Epoch-0   Iter-225/706	loss 0.1377 (0.5187)	accu 1.000 (0.764)	
Train Epoch-0   Iter-250/706	loss 0.2445 (0.4996)	accu 1.000 (0.775)	
Train Epoch-0   Iter-275/706	loss 0.8109 (0.4740)	accu 0.875 (0.789)	
Train Epoch-0   Iter-300/706	loss 0.1622 (0.4625)	accu 0.875 (0.799)	
Train Epoch-0   Iter-325/706	loss 0.8875 (0.4546)	accu 0.625 (0.803)	
Train Epoch-0   Iter-350/706	loss 0.4386 (0.4466)	accu 0.875 (0.807)	
Train Epoch-0   Iter-375/706	loss 0.1963 (0.4308)	accu 0.875 (0.815)	
Train Epoch-0   Iter-400/706	loss 0.1227 (0.4164)	accu 0.875 (0.822)	
Train Epoch-0   Iter-425/706	loss 0.3938 (0.4075)	accu 0.875 (0.827)	
Train Epoch-0   Iter-450/706	loss 0.2705 (0.4021)	accu 0.875 (0.831)	
Train Epoch-0   Iter-475/706	loss 0.2988 (0.3922)	accu 0.875 (0.836)	
Train Epoch-0   Iter-500/706	loss 0.5368 (0.3836)	accu 0.875 (0.840)	
Train Epoch-0   Iter-525/706	loss 0.0910 (0.3753)	accu 1.000 (0.843)	
Train Epoch-0   Iter-550/706	loss 0.1411 (0.3722)	accu 1.000 (0.846)	
Train Epoch-0   Iter-575/706	loss 0.0493 (0.3663)	accu 1.000 (0.849)	
Train Epoch-0   Iter-600/706	loss 0.0206 (0.3571)	accu 1.000 (0.854)	
Train Epoch-0   Iter-625/706	loss 0.0386 (0.3499)	accu 1.000 (0.857)	
Train Epoch-0   Iter-650/706	loss 0.0161 (0.3423)	accu 1.000 (0.861)	
Train Epoch-0   Iter-675/706	loss 0.2140 (0.3365)	accu 0.875 (0.864)	
Train Epoch-0   Iter-700/706	loss 0.3224 (0.3343)	accu 0.750 (0.866)	
Eval Epoch-0   Iter-0  /52 	loss 0.4103 (0.4103)	accu 0.625 (0.625)	
Eval Epoch-0   Iter-25 /52 	loss 0.0214 (0.7540)	accu 1.000 (0.663)	
Eval Epoch-0   Iter-50 /52 	loss 0.8542 (0.6230)	accu 0.500 (0.745)	
Epoch-0   Train: loss 0.3333	accu 0.8661	Eval: loss 0.6238	accu 0.7428
Train Epoch-1   Iter-0  /706	loss 0.0589 (0.0589)	accu 1.000 (1.000)	
Train Epoch-1   Iter-25 /706	loss 0.5769 (0.1555)	accu 0.875 (0.962)	
Train Epoch-1   Iter-50 /706	loss 0.3717 (0.1949)	accu 0.875 (0.939)	
Train Epoch-1   Iter-75 /706	loss 0.0189 (0.1644)	accu 1.000 (0.949)	
Train Epoch-1   Iter-100/706	loss 0.2491 (0.1632)	accu 0.875 (0.950)	
Train Epoch-1   Iter-125/706	loss 0.3398 (0.1818)	accu 0.875 (0.945)	
Train Epoch-1   Iter-150/706	loss 0.0720 (0.1796)	accu 1.000 (0.947)	
Train Epoch-1   Iter-175/706	loss 0.0716 (0.1757)	accu 1.000 (0.947)	
Train Epoch-1   Iter-200/706	loss 0.8852 (0.1788)	accu 0.750 (0.947)	
Train Epoch-1   Iter-225/706	loss 0.1541 (0.1948)	accu 1.000 (0.942)	
Train Epoch-1   Iter-250/706	loss 0.1313 (0.1925)	accu 0.875 (0.943)	
Train Epoch-1   Iter-275/706	loss 0.6437 (0.1919)	accu 0.875 (0.943)	
Train Epoch-1   Iter-300/706	loss 0.0668 (0.1885)	accu 1.000 (0.944)	
Train Epoch-1   Iter-325/706	loss 0.0203 (0.1916)	accu 1.000 (0.941)	
Train Epoch-1   Iter-350/706	loss 0.1768 (0.1952)	accu 0.875 (0.937)	
Train Epoch-1   Iter-375/706	loss 0.5189 (0.1902)	accu 0.625 (0.938)	
Train Epoch-1   Iter-400/706	loss 0.6295 (0.1925)	accu 0.750 (0.937)	
Train Epoch-1   Iter-425/706	loss 0.0345 (0.1920)	accu 1.000 (0.937)	
Train Epoch-1   Iter-450/706	loss 0.2752 (0.1902)	accu 0.875 (0.938)	
Train Epoch-1   Iter-475/706	loss 0.2236 (0.1915)	accu 0.875 (0.937)	
Train Epoch-1   Iter-500/706	loss 0.0228 (0.1895)	accu 1.000 (0.937)	
Train Epoch-1   Iter-525/706	loss 0.0115 (0.1863)	accu 1.000 (0.938)	
Train Epoch-1   Iter-550/706	loss 0.0386 (0.1838)	accu 1.000 (0.939)	
Train Epoch-1   Iter-575/706	loss 0.0535 (0.1842)	accu 1.000 (0.940)	
Train Epoch-1   Iter-600/706	loss 0.2403 (0.1841)	accu 0.750 (0.939)	
Train Epoch-1   Iter-625/706	loss 0.7486 (0.1826)	accu 0.875 (0.940)	
Train Epoch-1   Iter-650/706	loss 0.0238 (0.1845)	accu 1.000 (0.940)	
Train Epoch-1   Iter-675/706	loss 0.1766 (0.1896)	accu 0.875 (0.937)	
Train Epoch-1   Iter-700/706	loss 0.2508 (0.1945)	accu 0.875 (0.935)	
Eval Epoch-1   Iter-0  /52 	loss 0.2061 (0.2061)	accu 0.875 (0.875)	
Eval Epoch-1   Iter-25 /52 	loss 0.0310 (0.5324)	accu 1.000 (0.731)	
Eval Epoch-1   Iter-50 /52 	loss 0.9107 (0.5552)	accu 0.625 (0.740)	
Epoch-1   Train: loss 0.1939	accu 0.9352	Eval: loss 0.5729	accu 0.7356
Train Epoch-2   Iter-0  /706	loss 0.3250 (0.3250)	accu 0.750 (0.750)	
Train Epoch-2   Iter-25 /706	loss 0.3101 (0.2243)	accu 0.875 (0.913)	
Train Epoch-2   Iter-50 /706	loss 0.0144 (0.1824)	accu 1.000 (0.939)	
Train Epoch-2   Iter-75 /706	loss 0.0546 (0.1734)	accu 1.000 (0.942)	
Train Epoch-2   Iter-100/706	loss 0.0364 (0.1816)	accu 1.000 (0.942)	
Train Epoch-2   Iter-125/706	loss 0.1921 (0.1809)	accu 0.875 (0.939)	
Train Epoch-2   Iter-150/706	loss 0.8387 (0.1791)	accu 0.750 (0.936)	
Train Epoch-2   Iter-175/706	loss 0.0073 (0.1663)	accu 1.000 (0.939)	
Train Epoch-2   Iter-200/706	loss 0.0466 (0.1640)	accu 1.000 (0.939)	
Train Epoch-2   Iter-225/706	loss 0.0051 (0.1575)	accu 1.000 (0.943)	
Train Epoch-2   Iter-250/706	loss 0.0541 (0.1561)	accu 1.000 (0.943)	
Train Epoch-2   Iter-275/706	loss 0.4576 (0.1653)	accu 0.875 (0.941)	
Train Epoch-2   Iter-300/706	loss 0.0547 (0.1751)	accu 1.000 (0.939)	
Train Epoch-2   Iter-325/706	loss 0.0198 (0.1755)	accu 1.000 (0.940)	
Train Epoch-2   Iter-350/706	loss 0.3449 (0.1743)	accu 0.875 (0.941)	
Train Epoch-2   Iter-375/706	loss 0.0919 (0.1786)	accu 1.000 (0.939)	
Train Epoch-2   Iter-400/706	loss 0.4760 (0.1759)	accu 0.875 (0.940)	
Train Epoch-2   Iter-425/706	loss 0.0298 (0.1741)	accu 1.000 (0.942)	
Train Epoch-2   Iter-450/706	loss 0.5726 (0.1713)	accu 0.875 (0.943)	
Train Epoch-2   Iter-475/706	loss 0.0446 (0.1682)	accu 1.000 (0.944)	
Train Epoch-2   Iter-500/706	loss 0.3960 (0.1650)	accu 0.875 (0.945)	
Train Epoch-2   Iter-525/706	loss 0.0177 (0.1630)	accu 1.000 (0.947)	
Train Epoch-2   Iter-550/706	loss 0.0114 (0.1595)	accu 1.000 (0.948)	
Train Epoch-2   Iter-575/706	loss 0.0578 (0.1586)	accu 1.000 (0.948)	
Train Epoch-2   Iter-600/706	loss 0.0819 (0.1594)	accu 1.000 (0.948)	
Train Epoch-2   Iter-625/706	loss 0.0228 (0.1592)	accu 1.000 (0.948)	
Train Epoch-2   Iter-650/706	loss 0.0579 (0.1604)	accu 1.000 (0.948)	
Train Epoch-2   Iter-675/706	loss 0.0498 (0.1573)	accu 1.000 (0.949)	
Train Epoch-2   Iter-700/706	loss 0.0138 (0.1540)	accu 1.000 (0.950)	
Eval Epoch-2   Iter-0  /52 	loss 2.3134 (2.3134)	accu 0.500 (0.500)	
Eval Epoch-2   Iter-25 /52 	loss 0.0469 (1.9277)	accu 1.000 (0.505)	
Eval Epoch-2   Iter-50 /52 	loss 0.0160 (1.2629)	accu 1.000 (0.664)	
Epoch-2   Train: loss 0.1538	accu 0.9501	Eval: loss 1.2411	accu 0.6683
Train Epoch-3   Iter-0  /706	loss 0.0347 (0.0347)	accu 1.000 (1.000)	
Train Epoch-3   Iter-25 /706	loss 0.0203 (0.1522)	accu 1.000 (0.947)	
Train Epoch-3   Iter-50 /706	loss 0.0084 (0.1295)	accu 1.000 (0.958)	
Train Epoch-3   Iter-75 /706	loss 0.1376 (0.1280)	accu 0.875 (0.957)	
Train Epoch-3   Iter-100/706	loss 0.0257 (0.1354)	accu 1.000 (0.953)	
Train Epoch-3   Iter-125/706	loss 0.0322 (0.1297)	accu 1.000 (0.954)	
Train Epoch-3   Iter-150/706	loss 0.0872 (0.1214)	accu 1.000 (0.957)	
Train Epoch-3   Iter-175/706	loss 0.0053 (0.1099)	accu 1.000 (0.962)	
Train Epoch-3   Iter-200/706	loss 0.0159 (0.1092)	accu 1.000 (0.962)	
Train Epoch-3   Iter-225/706	loss 0.2112 (0.1169)	accu 0.750 (0.959)	
Train Epoch-3   Iter-250/706	loss 0.0664 (0.1255)	accu 1.000 (0.955)	
Train Epoch-3   Iter-275/706	loss 0.0200 (0.1307)	accu 1.000 (0.952)	
Train Epoch-3   Iter-300/706	loss 0.4683 (0.1343)	accu 0.875 (0.952)	
Train Epoch-3   Iter-325/706	loss 0.0468 (0.1292)	accu 1.000 (0.955)	
Train Epoch-3   Iter-350/706	loss 0.1052 (0.1299)	accu 1.000 (0.955)	
Train Epoch-3   Iter-375/706	loss 0.2188 (0.1317)	accu 0.875 (0.955)	
Train Epoch-3   Iter-400/706	loss 0.0607 (0.1279)	accu 1.000 (0.956)	
Train Epoch-3   Iter-425/706	loss 0.0498 (0.1293)	accu 1.000 (0.956)	
Train Epoch-3   Iter-450/706	loss 0.3392 (0.1319)	accu 0.875 (0.955)	
Train Epoch-3   Iter-475/706	loss 0.0247 (0.1297)	accu 1.000 (0.956)	
Train Epoch-3   Iter-500/706	loss 0.0076 (0.1305)	accu 1.000 (0.956)	
Train Epoch-3   Iter-525/706	loss 0.0544 (0.1316)	accu 1.000 (0.955)	
Train Epoch-3   Iter-550/706	loss 0.1184 (0.1286)	accu 0.875 (0.955)	
Train Epoch-3   Iter-575/706	loss 1.1826 (0.1286)	accu 0.750 (0.956)	
Train Epoch-3   Iter-600/706	loss 0.0548 (0.1285)	accu 1.000 (0.955)	
Train Epoch-3   Iter-625/706	loss 0.3014 (0.1301)	accu 0.750 (0.954)	
Train Epoch-3   Iter-650/706	loss 0.0099 (0.1301)	accu 1.000 (0.954)	
Train Epoch-3   Iter-675/706	loss 0.1596 (0.1312)	accu 0.875 (0.953)	
Train Epoch-3   Iter-700/706	loss 0.0642 (0.1318)	accu 1.000 (0.953)	
Eval Epoch-3   Iter-0  /52 	loss 0.9619 (0.9619)	accu 0.625 (0.625)	
Eval Epoch-3   Iter-25 /52 	loss 0.0107 (1.0358)	accu 1.000 (0.620)	
Eval Epoch-3   Iter-50 /52 	loss 0.3147 (0.7330)	accu 0.875 (0.738)	
Epoch-3   Train: loss 0.1310	accu 0.9534	Eval: loss 0.7230	accu 0.7428
Train Epoch-4   Iter-0  /706	loss 0.3880 (0.3880)	accu 0.875 (0.875)	
Train Epoch-4   Iter-25 /706	loss 0.0215 (0.1094)	accu 1.000 (0.957)	
Train Epoch-4   Iter-50 /706	loss 0.1534 (0.0917)	accu 0.875 (0.958)	
Train Epoch-4   Iter-75 /706	loss 0.0022 (0.1008)	accu 1.000 (0.956)	
Train Epoch-4   Iter-100/706	loss 0.5375 (0.1053)	accu 0.875 (0.955)	
Train Epoch-4   Iter-125/706	loss 0.0208 (0.1079)	accu 1.000 (0.956)	
Train Epoch-4   Iter-150/706	loss 0.0749 (0.1068)	accu 1.000 (0.958)	
Train Epoch-4   Iter-175/706	loss 0.1950 (0.1126)	accu 0.875 (0.959)	
Train Epoch-4   Iter-200/706	loss 0.0154 (0.1112)	accu 1.000 (0.960)	
Train Epoch-4   Iter-225/706	loss 0.0344 (0.1113)	accu 1.000 (0.961)	
Train Epoch-4   Iter-250/706	loss 0.0238 (0.1145)	accu 1.000 (0.960)	
Train Epoch-4   Iter-275/706	loss 0.2866 (0.1166)	accu 0.875 (0.960)	
Train Epoch-4   Iter-300/706	loss 0.4108 (0.1180)	accu 0.750 (0.958)	
Train Epoch-4   Iter-325/706	loss 0.0920 (0.1171)	accu 1.000 (0.959)	
Train Epoch-4   Iter-350/706	loss 0.1686 (0.1157)	accu 0.875 (0.960)	
Train Epoch-4   Iter-375/706	loss 0.1593 (0.1186)	accu 0.875 (0.959)	
Train Epoch-4   Iter-400/706	loss 0.0657 (0.1200)	accu 1.000 (0.958)	
Train Epoch-4   Iter-425/706	loss 0.1718 (0.1172)	accu 0.875 (0.959)	
Train Epoch-4   Iter-450/706	loss 0.2587 (0.1155)	accu 0.875 (0.960)	
Train Epoch-4   Iter-475/706	loss 0.1439 (0.1137)	accu 0.875 (0.960)	
Train Epoch-4   Iter-500/706	loss 0.0737 (0.1150)	accu 1.000 (0.960)	
Train Epoch-4   Iter-525/706	loss 0.0177 (0.1165)	accu 1.000 (0.960)	
Train Epoch-4   Iter-550/706	loss 0.0451 (0.1186)	accu 1.000 (0.960)	
Train Epoch-4   Iter-575/706	loss 0.0171 (0.1182)	accu 1.000 (0.960)	
Train Epoch-4   Iter-600/706	loss 0.0047 (0.1167)	accu 1.000 (0.960)	
Train Epoch-4   Iter-625/706	loss 0.0059 (0.1166)	accu 1.000 (0.960)	
Train Epoch-4   Iter-650/706	loss 0.0273 (0.1161)	accu 1.000 (0.960)	
Train Epoch-4   Iter-675/706	loss 0.0136 (0.1139)	accu 1.000 (0.961)	
Train Epoch-4   Iter-700/706	loss 0.4115 (0.1154)	accu 0.875 (0.961)	
Eval Epoch-4   Iter-0  /52 	loss 1.2503 (1.2503)	accu 0.625 (0.625)	
Eval Epoch-4   Iter-25 /52 	loss 0.0305 (1.4369)	accu 1.000 (0.558)	
Eval Epoch-4   Iter-50 /52 	loss 0.5970 (0.9670)	accu 0.625 (0.699)	
Epoch-4   Train: loss 0.1158	accu 0.9605	Eval: loss 0.9546	accu 0.6995
Train Epoch-5   Iter-0  /706	loss 0.0165 (0.0165)	accu 1.000 (1.000)	
Train Epoch-5   Iter-25 /706	loss 0.0033 (0.0981)	accu 1.000 (0.971)	
Train Epoch-5   Iter-50 /706	loss 0.0609 (0.1239)	accu 1.000 (0.958)	
Train Epoch-5   Iter-75 /706	loss 0.0126 (0.1141)	accu 1.000 (0.964)	
Train Epoch-5   Iter-100/706	loss 0.1573 (0.1199)	accu 0.875 (0.963)	
Train Epoch-5   Iter-125/706	loss 0.0183 (0.1140)	accu 1.000 (0.964)	
Train Epoch-5   Iter-150/706	loss 0.3145 (0.1135)	accu 0.875 (0.961)	
Train Epoch-5   Iter-175/706	loss 0.0114 (0.1103)	accu 1.000 (0.962)	
Train Epoch-5   Iter-200/706	loss 0.1010 (0.1119)	accu 0.875 (0.961)	
Train Epoch-5   Iter-225/706	loss 0.1016 (0.1090)	accu 0.875 (0.962)	
Train Epoch-5   Iter-250/706	loss 0.0028 (0.1034)	accu 1.000 (0.965)	
Train Epoch-5   Iter-275/706	loss 0.0218 (0.0998)	accu 1.000 (0.966)	
Train Epoch-5   Iter-300/706	loss 0.0097 (0.1008)	accu 1.000 (0.966)	
Train Epoch-5   Iter-325/706	loss 0.2022 (0.1108)	accu 0.875 (0.963)	
Train Epoch-5   Iter-350/706	loss 0.0040 (0.1129)	accu 1.000 (0.963)	
Train Epoch-5   Iter-375/706	loss 0.0071 (0.1087)	accu 1.000 (0.965)	
Train Epoch-5   Iter-400/706	loss 0.2294 (0.1096)	accu 0.875 (0.965)	
Train Epoch-5   Iter-425/706	loss 0.5749 (0.1094)	accu 0.875 (0.964)	
Train Epoch-5   Iter-450/706	loss 0.0314 (0.1075)	accu 1.000 (0.965)	
Train Epoch-5   Iter-475/706	loss 0.0099 (0.1126)	accu 1.000 (0.962)	
Train Epoch-5   Iter-500/706	loss 0.0242 (0.1122)	accu 1.000 (0.963)	
Train Epoch-5   Iter-525/706	loss 0.0350 (0.1132)	accu 1.000 (0.962)	
Train Epoch-5   Iter-550/706	loss 0.0116 (0.1128)	accu 1.000 (0.963)	
Train Epoch-5   Iter-575/706	loss 0.0116 (0.1126)	accu 1.000 (0.963)	
Train Epoch-5   Iter-600/706	loss 0.4306 (0.1154)	accu 0.750 (0.962)	
Train Epoch-5   Iter-625/706	loss 0.0280 (0.1132)	accu 1.000 (0.962)	
Train Epoch-5   Iter-650/706	loss 0.0029 (0.1116)	accu 1.000 (0.963)	
Train Epoch-5   Iter-675/706	loss 0.0319 (0.1118)	accu 1.000 (0.962)	
Train Epoch-5   Iter-700/706	loss 0.0024 (0.1119)	accu 1.000 (0.962)	
Eval Epoch-5   Iter-0  /52 	loss 1.3622 (1.3622)	accu 0.750 (0.750)	
Eval Epoch-5   Iter-25 /52 	loss 0.0006 (0.9903)	accu 1.000 (0.755)	
Eval Epoch-5   Iter-50 /52 	loss 0.2686 (0.7679)	accu 0.875 (0.775)	
Epoch-5   Train: loss 0.1118	accu 0.9618	Eval: loss 0.7601	accu 0.7716
Train Epoch-6   Iter-0  /706	loss 0.0272 (0.0272)	accu 1.000 (1.000)	
Train Epoch-6   Iter-25 /706	loss 0.0234 (0.1196)	accu 1.000 (0.957)	
Train Epoch-6   Iter-50 /706	loss 0.0213 (0.1214)	accu 1.000 (0.958)	
Train Epoch-6   Iter-75 /706	loss 0.5154 (0.1107)	accu 0.750 (0.961)	
Train Epoch-6   Iter-100/706	loss 0.2186 (0.1070)	accu 0.875 (0.960)	
Train Epoch-6   Iter-125/706	loss 0.0369 (0.1085)	accu 1.000 (0.963)	
Train Epoch-6   Iter-150/706	loss 0.0217 (0.1014)	accu 1.000 (0.965)	
Train Epoch-6   Iter-175/706	loss 0.2647 (0.0990)	accu 0.875 (0.966)	
Train Epoch-6   Iter-200/706	loss 0.0191 (0.1001)	accu 1.000 (0.968)	
Train Epoch-6   Iter-225/706	loss 0.0137 (0.0998)	accu 1.000 (0.968)	
Train Epoch-6   Iter-250/706	loss 0.0473 (0.0983)	accu 1.000 (0.969)	
Train Epoch-6   Iter-275/706	loss 0.0639 (0.1006)	accu 1.000 (0.968)	
Train Epoch-6   Iter-300/706	loss 0.0055 (0.0999)	accu 1.000 (0.968)	
Train Epoch-6   Iter-325/706	loss 0.0326 (0.0994)	accu 1.000 (0.968)	
Train Epoch-6   Iter-350/706	loss 0.0153 (0.0987)	accu 1.000 (0.968)	
Train Epoch-6   Iter-375/706	loss 0.7958 (0.1037)	accu 0.750 (0.966)	
Train Epoch-6   Iter-400/706	loss 0.0039 (0.1025)	accu 1.000 (0.967)	
Train Epoch-6   Iter-425/706	loss 0.0357 (0.1048)	accu 1.000 (0.966)	
Train Epoch-6   Iter-450/706	loss 0.0066 (0.1034)	accu 1.000 (0.966)	
Train Epoch-6   Iter-475/706	loss 0.0121 (0.1029)	accu 1.000 (0.966)	
Train Epoch-6   Iter-500/706	loss 0.5041 (0.1060)	accu 0.875 (0.966)	
Train Epoch-6   Iter-525/706	loss 0.5020 (0.1056)	accu 0.875 (0.966)	
Train Epoch-6   Iter-550/706	loss 0.0227 (0.1076)	accu 1.000 (0.966)	
Train Epoch-6   Iter-575/706	loss 0.0197 (0.1066)	accu 1.000 (0.965)	
Train Epoch-6   Iter-600/706	loss 0.3860 (0.1063)	accu 0.750 (0.965)	
Train Epoch-6   Iter-625/706	loss 0.1296 (0.1064)	accu 0.875 (0.965)	
Train Epoch-6   Iter-650/706	loss 0.5263 (0.1071)	accu 0.875 (0.965)	
Train Epoch-6   Iter-675/706	loss 0.1297 (0.1060)	accu 0.875 (0.966)	
Train Epoch-6   Iter-700/706	loss 0.1637 (0.1064)	accu 0.875 (0.966)	
Eval Epoch-6   Iter-0  /52 	loss 0.9368 (0.9368)	accu 0.750 (0.750)	
Eval Epoch-6   Iter-25 /52 	loss 0.0013 (0.4244)	accu 1.000 (0.788)	
Eval Epoch-6   Iter-50 /52 	loss 0.6826 (0.5331)	accu 0.875 (0.787)	
Epoch-6   Train: loss 0.1068	accu 0.9653	Eval: loss 0.5411	accu 0.7837
Train Epoch-7   Iter-0  /706	loss 0.0143 (0.0143)	accu 1.000 (1.000)	
Train Epoch-7   Iter-25 /706	loss 0.0042 (0.0793)	accu 1.000 (0.966)	
Train Epoch-7   Iter-50 /706	loss 0.0196 (0.1064)	accu 1.000 (0.963)	
Train Epoch-7   Iter-75 /706	loss 0.0034 (0.0845)	accu 1.000 (0.970)	
Train Epoch-7   Iter-100/706	loss 0.0269 (0.0999)	accu 1.000 (0.964)	
Train Epoch-7   Iter-125/706	loss 0.0049 (0.0940)	accu 1.000 (0.965)	
Train Epoch-7   Iter-150/706	loss 0.0046 (0.0974)	accu 1.000 (0.964)	
Train Epoch-7   Iter-175/706	loss 0.2551 (0.1148)	accu 1.000 (0.957)	
Train Epoch-7   Iter-200/706	loss 0.2590 (0.1205)	accu 0.875 (0.955)	
Train Epoch-7   Iter-225/706	loss 0.1391 (0.1234)	accu 1.000 (0.953)	
Train Epoch-7   Iter-250/706	loss 0.0036 (0.1196)	accu 1.000 (0.955)	
Train Epoch-7   Iter-275/706	loss 0.0980 (0.1200)	accu 1.000 (0.956)	
Train Epoch-7   Iter-300/706	loss 0.1317 (0.1268)	accu 1.000 (0.953)	
Train Epoch-7   Iter-325/706	loss 0.0253 (0.1254)	accu 1.000 (0.954)	
Train Epoch-7   Iter-350/706	loss 0.0698 (0.1260)	accu 1.000 (0.954)	
Train Epoch-7   Iter-375/706	loss 0.2575 (0.1266)	accu 0.875 (0.953)	
Train Epoch-7   Iter-400/706	loss 0.2330 (0.1233)	accu 0.875 (0.954)	
Train Epoch-7   Iter-425/706	loss 0.3853 (0.1210)	accu 0.875 (0.955)	
Train Epoch-7   Iter-450/706	loss 0.2760 (0.1212)	accu 0.875 (0.955)	
Train Epoch-7   Iter-475/706	loss 0.0564 (0.1179)	accu 1.000 (0.956)	
Train Epoch-7   Iter-500/706	loss 0.0164 (0.1189)	accu 1.000 (0.956)	
Train Epoch-7   Iter-525/706	loss 0.0499 (0.1184)	accu 1.000 (0.956)	
Train Epoch-7   Iter-550/706	loss 0.0480 (0.1182)	accu 1.000 (0.956)	
Train Epoch-7   Iter-575/706	loss 0.2478 (0.1188)	accu 0.875 (0.956)	
Train Epoch-7   Iter-600/706	loss 0.3403 (0.1164)	accu 0.875 (0.957)	
Train Epoch-7   Iter-625/706	loss 0.0720 (0.1149)	accu 1.000 (0.958)	
Train Epoch-7   Iter-650/706	loss 0.0019 (0.1131)	accu 1.000 (0.959)	
Train Epoch-7   Iter-675/706	loss 0.0467 (0.1138)	accu 1.000 (0.958)	
Train Epoch-7   Iter-700/706	loss 0.4379 (0.1147)	accu 0.750 (0.958)	
Eval Epoch-7   Iter-0  /52 	loss 0.2661 (0.2661)	accu 0.750 (0.750)	
Eval Epoch-7   Iter-25 /52 	loss 0.0041 (0.3755)	accu 1.000 (0.798)	
Eval Epoch-7   Iter-50 /52 	loss 1.6054 (0.5474)	accu 0.625 (0.755)	
Epoch-7   Train: loss 0.1146	accu 0.9580	Eval: loss 0.5780	accu 0.7500
Train Epoch-8   Iter-0  /706	loss 0.0237 (0.0237)	accu 1.000 (1.000)	
Train Epoch-8   Iter-25 /706	loss 0.0008 (0.0670)	accu 1.000 (0.976)	
Train Epoch-8   Iter-50 /706	loss 0.0913 (0.0968)	accu 1.000 (0.961)	
Train Epoch-8   Iter-75 /706	loss 0.0732 (0.1292)	accu 1.000 (0.956)	
Train Epoch-8   Iter-100/706	loss 0.0068 (0.1281)	accu 1.000 (0.954)	
Train Epoch-8   Iter-125/706	loss 0.0351 (0.1385)	accu 1.000 (0.950)	
Train Epoch-8   Iter-150/706	loss 0.1976 (0.1309)	accu 0.875 (0.955)	
Train Epoch-8   Iter-175/706	loss 0.0030 (0.1214)	accu 1.000 (0.958)	
Train Epoch-8   Iter-200/706	loss 0.5202 (0.1222)	accu 0.875 (0.958)	
Train Epoch-8   Iter-225/706	loss 0.0026 (0.1209)	accu 1.000 (0.960)	
Train Epoch-8   Iter-250/706	loss 0.0129 (0.1183)	accu 1.000 (0.960)	
Train Epoch-8   Iter-275/706	loss 0.4220 (0.1147)	accu 0.875 (0.962)	
Train Epoch-8   Iter-300/706	loss 0.7444 (0.1112)	accu 0.875 (0.964)	
Train Epoch-8   Iter-325/706	loss 0.0392 (0.1099)	accu 1.000 (0.964)	
Train Epoch-8   Iter-350/706	loss 0.0336 (0.1072)	accu 1.000 (0.965)	
Train Epoch-8   Iter-375/706	loss 0.0002 (0.1025)	accu 1.000 (0.966)	
Train Epoch-8   Iter-400/706	loss 0.0186 (0.1040)	accu 1.000 (0.966)	
Train Epoch-8   Iter-425/706	loss 0.5087 (0.1049)	accu 0.875 (0.967)	
Train Epoch-8   Iter-450/706	loss 0.0137 (0.1035)	accu 1.000 (0.967)	
Train Epoch-8   Iter-475/706	loss 0.5643 (0.1051)	accu 0.875 (0.966)	
Train Epoch-8   Iter-500/706	loss 0.0459 (0.1059)	accu 1.000 (0.966)	
Train Epoch-8   Iter-525/706	loss 0.2068 (0.1054)	accu 0.875 (0.966)	
Train Epoch-8   Iter-550/706	loss 0.0173 (0.1048)	accu 1.000 (0.967)	
Train Epoch-8   Iter-575/706	loss 0.1309 (0.1067)	accu 0.875 (0.965)	
Train Epoch-8   Iter-600/706	loss 0.0061 (0.1060)	accu 1.000 (0.965)	
Train Epoch-8   Iter-625/706	loss 0.0029 (0.1040)	accu 1.000 (0.965)	
Train Epoch-8   Iter-650/706	loss 0.1305 (0.1040)	accu 1.000 (0.965)	
Train Epoch-8   Iter-675/706	loss 0.0008 (0.1033)	accu 1.000 (0.966)	
Train Epoch-8   Iter-700/706	loss 0.3094 (0.1056)	accu 0.875 (0.965)	
Eval Epoch-8   Iter-0  /52 	loss 0.3392 (0.3392)	accu 0.750 (0.750)	
Eval Epoch-8   Iter-25 /52 	loss 0.0012 (0.5065)	accu 1.000 (0.779)	
Eval Epoch-8   Iter-50 /52 	loss 0.4608 (0.4894)	accu 0.625 (0.770)	
Epoch-8   Train: loss 0.1055	accu 0.9650	Eval: loss 0.5064	accu 0.7644
Train Epoch-9   Iter-0  /706	loss 0.0455 (0.0455)	accu 1.000 (1.000)	
Train Epoch-9   Iter-25 /706	loss 0.0523 (0.0553)	accu 1.000 (0.981)	
Train Epoch-9   Iter-50 /706	loss 0.0021 (0.0749)	accu 1.000 (0.978)	
Train Epoch-9   Iter-75 /706	loss 0.0023 (0.0652)	accu 1.000 (0.977)	
Train Epoch-9   Iter-100/706	loss 0.0769 (0.0938)	accu 1.000 (0.969)	
Train Epoch-9   Iter-125/706	loss 0.2334 (0.1000)	accu 0.750 (0.964)	
Train Epoch-9   Iter-150/706	loss 0.0642 (0.0987)	accu 1.000 (0.963)	
Train Epoch-9   Iter-175/706	loss 0.6441 (0.1016)	accu 0.875 (0.962)	
Train Epoch-9   Iter-200/706	loss 0.0015 (0.0979)	accu 1.000 (0.965)	
Train Epoch-9   Iter-225/706	loss 0.0346 (0.0929)	accu 1.000 (0.967)	
Train Epoch-9   Iter-250/706	loss 0.0010 (0.0887)	accu 1.000 (0.969)	
Train Epoch-9   Iter-275/706	loss 0.0009 (0.0945)	accu 1.000 (0.968)	
Train Epoch-9   Iter-300/706	loss 0.2505 (0.0956)	accu 0.875 (0.967)	
Train Epoch-9   Iter-325/706	loss 0.0134 (0.0946)	accu 1.000 (0.968)	
Train Epoch-9   Iter-350/706	loss 0.0511 (0.0975)	accu 1.000 (0.967)	
Train Epoch-9   Iter-375/706	loss 0.0046 (0.0946)	accu 1.000 (0.967)	
Train Epoch-9   Iter-400/706	loss 0.0031 (0.0920)	accu 1.000 (0.968)	
Train Epoch-9   Iter-425/706	loss 0.6954 (0.0924)	accu 0.875 (0.968)	
Train Epoch-9   Iter-450/706	loss 0.0713 (0.0956)	accu 1.000 (0.968)	
Train Epoch-9   Iter-475/706	loss 0.2185 (0.1008)	accu 0.875 (0.966)	
Train Epoch-9   Iter-500/706	loss 0.5728 (0.1031)	accu 0.750 (0.965)	
Train Epoch-9   Iter-525/706	loss 0.2955 (0.1041)	accu 0.750 (0.964)	
Train Epoch-9   Iter-550/706	loss 0.0645 (0.1049)	accu 1.000 (0.964)	
Train Epoch-9   Iter-575/706	loss 0.0093 (0.1044)	accu 1.000 (0.964)	
Train Epoch-9   Iter-600/706	loss 0.0024 (0.1047)	accu 1.000 (0.964)	
Train Epoch-9   Iter-625/706	loss 0.0116 (0.1049)	accu 1.000 (0.964)	
Train Epoch-9   Iter-650/706	loss 0.0119 (0.1060)	accu 1.000 (0.964)	
Train Epoch-9   Iter-675/706	loss 0.2306 (0.1040)	accu 0.875 (0.965)	
Train Epoch-9   Iter-700/706	loss 0.0281 (0.1024)	accu 1.000 (0.965)	
Eval Epoch-9   Iter-0  /52 	loss 1.0008 (1.0008)	accu 0.625 (0.625)	
Eval Epoch-9   Iter-25 /52 	loss 0.0035 (1.1910)	accu 1.000 (0.678)	
Eval Epoch-9   Iter-50 /52 	loss 0.8019 (0.8824)	accu 0.625 (0.745)	
Epoch-9   Train: loss 0.1021	accu 0.9648	Eval: loss 0.8935	accu 0.7404
Train Epoch-10  Iter-0  /706	loss 0.0402 (0.0402)	accu 1.000 (1.000)	
Train Epoch-10  Iter-25 /706	loss 0.0027 (0.1352)	accu 1.000 (0.966)	
Train Epoch-10  Iter-50 /706	loss 0.0227 (0.1120)	accu 1.000 (0.971)	
Train Epoch-10  Iter-75 /706	loss 0.0016 (0.0962)	accu 1.000 (0.972)	
Train Epoch-10  Iter-100/706	loss 0.0070 (0.0800)	accu 1.000 (0.976)	
Train Epoch-10  Iter-125/706	loss 0.3668 (0.0879)	accu 0.875 (0.975)	
Train Epoch-10  Iter-150/706	loss 0.0264 (0.0844)	accu 1.000 (0.974)	
Train Epoch-10  Iter-175/706	loss 0.2373 (0.0859)	accu 0.875 (0.972)	
Train Epoch-10  Iter-200/706	loss 0.1552 (0.0799)	accu 0.875 (0.974)	
Train Epoch-10  Iter-225/706	loss 0.2295 (0.0856)	accu 0.875 (0.973)	
Train Epoch-10  Iter-250/706	loss 0.5333 (0.0853)	accu 0.875 (0.975)	
Train Epoch-10  Iter-275/706	loss 0.0174 (0.0909)	accu 1.000 (0.970)	
Train Epoch-10  Iter-300/706	loss 0.0136 (0.0892)	accu 1.000 (0.971)	
Train Epoch-10  Iter-325/706	loss 0.9137 (0.0959)	accu 0.625 (0.969)	
Train Epoch-10  Iter-350/706	loss 0.0192 (0.0986)	accu 1.000 (0.967)	
Train Epoch-10  Iter-375/706	loss 0.0283 (0.1036)	accu 1.000 (0.966)	
Train Epoch-10  Iter-400/706	loss 0.0111 (0.1022)	accu 1.000 (0.967)	
Train Epoch-10  Iter-425/706	loss 0.4921 (0.1020)	accu 0.875 (0.968)	
Train Epoch-10  Iter-450/706	loss 0.0148 (0.1013)	accu 1.000 (0.967)	
Train Epoch-10  Iter-475/706	loss 0.0389 (0.1029)	accu 1.000 (0.967)	
Train Epoch-10  Iter-500/706	loss 0.0039 (0.1002)	accu 1.000 (0.968)	
Train Epoch-10  Iter-525/706	loss 0.0041 (0.0975)	accu 1.000 (0.969)	
Train Epoch-10  Iter-550/706	loss 0.0451 (0.0971)	accu 1.000 (0.969)	
Train Epoch-10  Iter-575/706	loss 0.0531 (0.0961)	accu 1.000 (0.969)	
Train Epoch-10  Iter-600/706	loss 0.0603 (0.0960)	accu 1.000 (0.969)	
Train Epoch-10  Iter-625/706	loss 0.0088 (0.0951)	accu 1.000 (0.969)	
Train Epoch-10  Iter-650/706	loss 0.0312 (0.0952)	accu 1.000 (0.970)	
Train Epoch-10  Iter-675/706	loss 0.2846 (0.0950)	accu 0.875 (0.970)	
Train Epoch-10  Iter-700/706	loss 0.5836 (0.0951)	accu 0.875 (0.970)	
Eval Epoch-10  Iter-0  /52 	loss 1.4296 (1.4296)	accu 0.625 (0.625)	
Eval Epoch-10  Iter-25 /52 	loss 0.0262 (1.0327)	accu 1.000 (0.712)	
Eval Epoch-10  Iter-50 /52 	loss 0.6526 (0.7470)	accu 0.625 (0.777)	
Epoch-10  Train: loss 0.0945	accu 0.9699	Eval: loss 0.7526	accu 0.7716
Train Epoch-11  Iter-0  /706	loss 0.1317 (0.1317)	accu 0.875 (0.875)	
Train Epoch-11  Iter-25 /706	loss 0.1922 (0.0823)	accu 0.750 (0.957)	
Train Epoch-11  Iter-50 /706	loss 0.0067 (0.0571)	accu 1.000 (0.971)	
Train Epoch-11  Iter-75 /706	loss 0.2993 (0.0711)	accu 0.875 (0.970)	
Train Epoch-11  Iter-100/706	loss 0.0184 (0.0790)	accu 1.000 (0.967)	
Train Epoch-11  Iter-125/706	loss 0.0062 (0.0879)	accu 1.000 (0.962)	
Train Epoch-11  Iter-150/706	loss 0.0364 (0.0818)	accu 1.000 (0.966)	
Train Epoch-11  Iter-175/706	loss 0.0913 (0.0856)	accu 0.875 (0.965)	
Train Epoch-11  Iter-200/706	loss 0.0042 (0.0838)	accu 1.000 (0.967)	
Train Epoch-11  Iter-225/706	loss 0.0050 (0.0899)	accu 1.000 (0.966)	
Train Epoch-11  Iter-250/706	loss 0.1369 (0.0915)	accu 0.875 (0.966)	
Train Epoch-11  Iter-275/706	loss 0.1669 (0.0884)	accu 0.875 (0.967)	
Train Epoch-11  Iter-300/706	loss 0.9178 (0.0907)	accu 0.750 (0.967)	
Train Epoch-11  Iter-325/706	loss 0.0046 (0.0873)	accu 1.000 (0.968)	
Train Epoch-11  Iter-350/706	loss 0.0039 (0.0824)	accu 1.000 (0.970)	
Train Epoch-11  Iter-375/706	loss 0.0141 (0.0830)	accu 1.000 (0.970)	
Train Epoch-11  Iter-400/706	loss 0.0504 (0.0830)	accu 1.000 (0.969)	
Train Epoch-11  Iter-425/706	loss 0.0180 (0.0812)	accu 1.000 (0.970)	
Train Epoch-11  Iter-450/706	loss 0.0161 (0.0796)	accu 1.000 (0.971)	
Train Epoch-11  Iter-475/706	loss 0.4293 (0.0802)	accu 0.875 (0.971)	
Train Epoch-11  Iter-500/706	loss 0.1282 (0.0818)	accu 1.000 (0.970)	
Train Epoch-11  Iter-525/706	loss 0.0035 (0.0816)	accu 1.000 (0.971)	
Train Epoch-11  Iter-550/706	loss 0.2586 (0.0839)	accu 0.875 (0.971)	
Train Epoch-11  Iter-575/706	loss 0.0096 (0.0836)	accu 1.000 (0.971)	
Train Epoch-11  Iter-600/706	loss 0.0171 (0.0844)	accu 1.000 (0.970)	
Train Epoch-11  Iter-625/706	loss 0.0950 (0.0852)	accu 1.000 (0.969)	
Train Epoch-11  Iter-650/706	loss 0.0009 (0.0837)	accu 1.000 (0.970)	
Train Epoch-11  Iter-675/706	loss 0.0019 (0.0844)	accu 1.000 (0.969)	
Train Epoch-11  Iter-700/706	loss 0.0056 (0.0839)	accu 1.000 (0.969)	
Eval Epoch-11  Iter-0  /52 	loss 2.0585 (2.0585)	accu 0.625 (0.625)	
Eval Epoch-11  Iter-25 /52 	loss 0.0078 (1.5917)	accu 1.000 (0.567)	
Eval Epoch-11  Iter-50 /52 	loss 0.2915 (1.0596)	accu 0.750 (0.689)	
Epoch-11  Train: loss 0.0833	accu 0.9694	Eval: loss 1.0527	accu 0.6923
Train Epoch-12  Iter-0  /706	loss 0.0012 (0.0012)	accu 1.000 (1.000)	
Train Epoch-12  Iter-25 /706	loss 0.2166 (0.0865)	accu 0.875 (0.966)	
Train Epoch-12  Iter-50 /706	loss 0.0001 (0.0694)	accu 1.000 (0.975)	
Train Epoch-12  Iter-75 /706	loss 0.1973 (0.0867)	accu 0.875 (0.969)	
Train Epoch-12  Iter-100/706	loss 0.0147 (0.0834)	accu 1.000 (0.969)	
Train Epoch-12  Iter-125/706	loss 0.1820 (0.0935)	accu 0.875 (0.966)	
Train Epoch-12  Iter-150/706	loss 0.0051 (0.0938)	accu 1.000 (0.967)	
Train Epoch-12  Iter-175/706	loss 0.0128 (0.0932)	accu 1.000 (0.968)	
Train Epoch-12  Iter-200/706	loss 0.0056 (0.0839)	accu 1.000 (0.971)	
Train Epoch-12  Iter-225/706	loss 0.0016 (0.0821)	accu 1.000 (0.972)	
Train Epoch-12  Iter-250/706	loss 0.1768 (0.0822)	accu 0.875 (0.972)	
Train Epoch-12  Iter-275/706	loss 0.0033 (0.0800)	accu 1.000 (0.971)	
Train Epoch-12  Iter-300/706	loss 0.1589 (0.0781)	accu 0.875 (0.972)	
Train Epoch-12  Iter-325/706	loss 0.0071 (0.0819)	accu 1.000 (0.972)	
Train Epoch-12  Iter-350/706	loss 0.0154 (0.0819)	accu 1.000 (0.972)	
Train Epoch-12  Iter-375/706	loss 0.0029 (0.0821)	accu 1.000 (0.971)	
Train Epoch-12  Iter-400/706	loss 0.0646 (0.0799)	accu 1.000 (0.972)	
Train Epoch-12  Iter-425/706	loss 0.0601 (0.0833)	accu 1.000 (0.971)	
Train Epoch-12  Iter-450/706	loss 0.1344 (0.0819)	accu 0.875 (0.971)	
Train Epoch-12  Iter-475/706	loss 0.0107 (0.0847)	accu 1.000 (0.971)	
Train Epoch-12  Iter-500/706	loss 0.1688 (0.0861)	accu 0.875 (0.970)	
Train Epoch-12  Iter-525/706	loss 0.0251 (0.0856)	accu 1.000 (0.971)	
Train Epoch-12  Iter-550/706	loss 0.0252 (0.0843)	accu 1.000 (0.972)	
Train Epoch-12  Iter-575/706	loss 0.0301 (0.0848)	accu 1.000 (0.971)	
Train Epoch-12  Iter-600/706	loss 0.0307 (0.0856)	accu 1.000 (0.971)	
Train Epoch-12  Iter-625/706	loss 0.0097 (0.0851)	accu 1.000 (0.971)	
Train Epoch-12  Iter-650/706	loss 0.0064 (0.0852)	accu 1.000 (0.971)	
Train Epoch-12  Iter-675/706	loss 0.0024 (0.0843)	accu 1.000 (0.971)	
Train Epoch-12  Iter-700/706	loss 0.1582 (0.0827)	accu 1.000 (0.971)	
Eval Epoch-12  Iter-0  /52 	loss 1.3742 (1.3742)	accu 0.625 (0.625)	
Eval Epoch-12  Iter-25 /52 	loss 0.0005 (0.6410)	accu 1.000 (0.827)	
Eval Epoch-12  Iter-50 /52 	loss 0.9799 (0.6242)	accu 0.625 (0.838)	
Epoch-12  Train: loss 0.0825	accu 0.9711	Eval: loss 0.6764	accu 0.8317
Train Epoch-13  Iter-0  /706	loss 0.4179 (0.4179)	accu 0.875 (0.875)	
Train Epoch-13  Iter-25 /706	loss 0.0018 (0.1049)	accu 1.000 (0.966)	
Train Epoch-13  Iter-50 /706	loss 0.0008 (0.0739)	accu 1.000 (0.975)	
Train Epoch-13  Iter-75 /706	loss 0.0976 (0.0770)	accu 0.875 (0.972)	
Train Epoch-13  Iter-100/706	loss 0.0022 (0.0728)	accu 1.000 (0.973)	
Train Epoch-13  Iter-125/706	loss 0.3402 (0.0764)	accu 0.750 (0.969)	
Train Epoch-13  Iter-150/706	loss 0.0042 (0.0730)	accu 1.000 (0.973)	
Train Epoch-13  Iter-175/706	loss 0.0244 (0.0745)	accu 1.000 (0.973)	
Train Epoch-13  Iter-200/706	loss 0.0703 (0.0787)	accu 1.000 (0.973)	
Train Epoch-13  Iter-225/706	loss 0.2114 (0.0915)	accu 0.875 (0.969)	
Train Epoch-13  Iter-250/706	loss 0.3025 (0.0912)	accu 0.875 (0.968)	
Train Epoch-13  Iter-275/706	loss 0.4578 (0.0921)	accu 0.875 (0.968)	
Train Epoch-13  Iter-300/706	loss 0.0076 (0.0966)	accu 1.000 (0.966)	
Train Epoch-13  Iter-325/706	loss 0.0111 (0.0953)	accu 1.000 (0.967)	
Train Epoch-13  Iter-350/706	loss 0.5110 (0.0981)	accu 0.875 (0.968)	
Train Epoch-13  Iter-375/706	loss 0.0086 (0.0945)	accu 1.000 (0.968)	
Train Epoch-13  Iter-400/706	loss 0.0079 (0.0929)	accu 1.000 (0.968)	
Train Epoch-13  Iter-425/706	loss 0.0027 (0.0905)	accu 1.000 (0.969)	
Train Epoch-13  Iter-450/706	loss 0.3618 (0.0923)	accu 0.875 (0.969)	
Train Epoch-13  Iter-475/706	loss 0.0270 (0.0946)	accu 1.000 (0.968)	
Train Epoch-13  Iter-500/706	loss 0.1731 (0.0926)	accu 0.875 (0.968)	
Train Epoch-13  Iter-525/706	loss 0.0652 (0.0897)	accu 1.000 (0.969)	
Train Epoch-13  Iter-550/706	loss 0.0054 (0.0918)	accu 1.000 (0.970)	
Train Epoch-13  Iter-575/706	loss 0.1660 (0.0920)	accu 0.875 (0.969)	
Train Epoch-13  Iter-600/706	loss 0.4312 (0.0909)	accu 0.875 (0.969)	
Train Epoch-13  Iter-625/706	loss 0.2034 (0.0898)	accu 0.875 (0.970)	
Train Epoch-13  Iter-650/706	loss 0.0286 (0.0879)	accu 1.000 (0.970)	
Train Epoch-13  Iter-675/706	loss 0.0944 (0.0886)	accu 1.000 (0.970)	
Train Epoch-13  Iter-700/706	loss 0.0523 (0.0885)	accu 1.000 (0.970)	
Eval Epoch-13  Iter-0  /52 	loss 1.4313 (1.4313)	accu 0.750 (0.750)	
Eval Epoch-13  Iter-25 /52 	loss 0.0104 (1.9188)	accu 1.000 (0.572)	
Eval Epoch-13  Iter-50 /52 	loss 0.4736 (1.3281)	accu 0.875 (0.701)	
Epoch-13  Train: loss 0.0883	accu 0.9700	Eval: loss 1.3588	accu 0.6971
Train Epoch-14  Iter-0  /706	loss 0.0025 (0.0025)	accu 1.000 (1.000)	
Train Epoch-14  Iter-25 /706	loss 0.1633 (0.0638)	accu 0.875 (0.976)	
Train Epoch-14  Iter-50 /706	loss 0.4342 (0.0695)	accu 0.750 (0.973)	
Train Epoch-14  Iter-75 /706	loss 0.0051 (0.0517)	accu 1.000 (0.982)	
Train Epoch-14  Iter-100/706	loss 0.0721 (0.0710)	accu 1.000 (0.974)	
Train Epoch-14  Iter-125/706	loss 0.3684 (0.0735)	accu 0.875 (0.974)	
Train Epoch-14  Iter-150/706	loss 0.0213 (0.0771)	accu 1.000 (0.972)	
Train Epoch-14  Iter-175/706	loss 0.2190 (0.0803)	accu 0.875 (0.972)	
Train Epoch-14  Iter-200/706	loss 0.0096 (0.0839)	accu 1.000 (0.971)	
Train Epoch-14  Iter-225/706	loss 0.0192 (0.0840)	accu 1.000 (0.969)	
Train Epoch-14  Iter-250/706	loss 0.0099 (0.0861)	accu 1.000 (0.967)	
Train Epoch-14  Iter-275/706	loss 0.0048 (0.0867)	accu 1.000 (0.968)	
Train Epoch-14  Iter-300/706	loss 0.3287 (0.0894)	accu 0.875 (0.967)	
Train Epoch-14  Iter-325/706	loss 0.0999 (0.0870)	accu 0.875 (0.968)	
Train Epoch-14  Iter-350/706	loss 0.0013 (0.0856)	accu 1.000 (0.969)	
Train Epoch-14  Iter-375/706	loss 0.0307 (0.0862)	accu 1.000 (0.968)	
Train Epoch-14  Iter-400/706	loss 0.0061 (0.0842)	accu 1.000 (0.969)	
Train Epoch-14  Iter-425/706	loss 0.2006 (0.0841)	accu 0.875 (0.969)	
Train Epoch-14  Iter-450/706	loss 0.0037 (0.0815)	accu 1.000 (0.970)	
Train Epoch-14  Iter-475/706	loss 0.0017 (0.0804)	accu 1.000 (0.971)	
Train Epoch-14  Iter-500/706	loss 0.0049 (0.0821)	accu 1.000 (0.970)	
Train Epoch-14  Iter-525/706	loss 0.0004 (0.0815)	accu 1.000 (0.971)	
Train Epoch-14  Iter-550/706	loss 0.0026 (0.0801)	accu 1.000 (0.971)	
Train Epoch-14  Iter-575/706	loss 0.0121 (0.0797)	accu 1.000 (0.972)	
Train Epoch-14  Iter-600/706	loss 0.0330 (0.0805)	accu 1.000 (0.971)	
Train Epoch-14  Iter-625/706	loss 0.0281 (0.0800)	accu 1.000 (0.971)	
Train Epoch-14  Iter-650/706	loss 0.1063 (0.0786)	accu 1.000 (0.971)	
Train Epoch-14  Iter-675/706	loss 0.2363 (0.0785)	accu 0.875 (0.972)	
Train Epoch-14  Iter-700/706	loss 0.1403 (0.0794)	accu 1.000 (0.971)	
Eval Epoch-14  Iter-0  /52 	loss 0.3721 (0.3721)	accu 0.750 (0.750)	
Eval Epoch-14  Iter-25 /52 	loss 0.0005 (0.4194)	accu 1.000 (0.812)	
Eval Epoch-14  Iter-50 /52 	loss 0.7099 (0.6111)	accu 0.625 (0.792)	
Epoch-14  Train: loss 0.0791	accu 0.9715	Eval: loss 0.6674	accu 0.7837
Epoch    15: reducing learning rate of group 0 to 3.0000e-05.
Train Epoch-15  Iter-0  /706	loss 0.0605 (0.0605)	accu 1.000 (1.000)	
Train Epoch-15  Iter-25 /706	loss 0.0433 (0.0632)	accu 1.000 (0.990)	
Train Epoch-15  Iter-50 /706	loss 0.0445 (0.0624)	accu 1.000 (0.983)	
Train Epoch-15  Iter-75 /706	loss 0.0002 (0.0605)	accu 1.000 (0.982)	
Train Epoch-15  Iter-100/706	loss 0.0116 (0.0608)	accu 1.000 (0.980)	
Train Epoch-15  Iter-125/706	loss 0.0016 (0.0604)	accu 1.000 (0.980)	
Train Epoch-15  Iter-150/706	loss 0.1904 (0.0588)	accu 0.875 (0.981)	
Train Epoch-15  Iter-175/706	loss 0.0094 (0.0577)	accu 1.000 (0.981)	
Train Epoch-15  Iter-200/706	loss 0.0139 (0.0591)	accu 1.000 (0.981)	
Train Epoch-15  Iter-225/706	loss 0.1633 (0.0642)	accu 0.875 (0.978)	
Train Epoch-15  Iter-250/706	loss 0.0002 (0.0615)	accu 1.000 (0.978)	
Train Epoch-15  Iter-275/706	loss 0.0340 (0.0617)	accu 1.000 (0.978)	
Train Epoch-15  Iter-300/706	loss 0.0230 (0.0625)	accu 1.000 (0.977)	
Train Epoch-15  Iter-325/706	loss 0.1282 (0.0645)	accu 0.875 (0.975)	
Train Epoch-15  Iter-350/706	loss 0.0051 (0.0655)	accu 1.000 (0.975)	
Train Epoch-15  Iter-375/706	loss 0.0228 (0.0674)	accu 1.000 (0.975)	
Train Epoch-15  Iter-400/706	loss 0.0012 (0.0655)	accu 1.000 (0.975)	
Train Epoch-15  Iter-425/706	loss 0.0011 (0.0633)	accu 1.000 (0.977)	
Train Epoch-15  Iter-450/706	loss 0.0445 (0.0618)	accu 1.000 (0.977)	
Train Epoch-15  Iter-475/706	loss 0.0002 (0.0628)	accu 1.000 (0.977)	
Train Epoch-15  Iter-500/706	loss 0.0271 (0.0638)	accu 1.000 (0.976)	
Train Epoch-15  Iter-525/706	loss 0.0123 (0.0636)	accu 1.000 (0.977)	
Train Epoch-15  Iter-550/706	loss 0.1686 (0.0644)	accu 0.875 (0.976)	
Train Epoch-15  Iter-575/706	loss 0.0006 (0.0640)	accu 1.000 (0.976)	
Train Epoch-15  Iter-600/706	loss 0.0027 (0.0648)	accu 1.000 (0.975)	
Train Epoch-15  Iter-625/706	loss 0.2019 (0.0654)	accu 0.875 (0.975)	
Train Epoch-15  Iter-650/706	loss 0.0007 (0.0641)	accu 1.000 (0.976)	
Train Epoch-15  Iter-675/706	loss 0.0037 (0.0625)	accu 1.000 (0.977)	
Train Epoch-15  Iter-700/706	loss 0.0165 (0.0632)	accu 1.000 (0.977)	
Eval Epoch-15  Iter-0  /52 	loss 0.9034 (0.9034)	accu 0.625 (0.625)	
Eval Epoch-15  Iter-25 /52 	loss 0.0003 (0.9991)	accu 1.000 (0.745)	
Eval Epoch-15  Iter-50 /52 	loss 0.5438 (0.8248)	accu 0.625 (0.777)	
Epoch-15  Train: loss 0.0629	accu 0.9768	Eval: loss 0.8807	accu 0.7716
Train Epoch-16  Iter-0  /706	loss 0.0387 (0.0387)	accu 1.000 (1.000)	
Train Epoch-16  Iter-25 /706	loss 0.0002 (0.0271)	accu 1.000 (0.995)	
Train Epoch-16  Iter-50 /706	loss 0.0502 (0.0538)	accu 1.000 (0.988)	
Train Epoch-16  Iter-75 /706	loss 0.0004 (0.0478)	accu 1.000 (0.988)	
Train Epoch-16  Iter-100/706	loss 0.0013 (0.0448)	accu 1.000 (0.988)	
Train Epoch-16  Iter-125/706	loss 0.0240 (0.0446)	accu 1.000 (0.985)	
Train Epoch-16  Iter-150/706	loss 0.0019 (0.0479)	accu 1.000 (0.986)	
Train Epoch-16  Iter-175/706	loss 0.0119 (0.0559)	accu 1.000 (0.982)	
Train Epoch-16  Iter-200/706	loss 0.0161 (0.0567)	accu 1.000 (0.981)	
Train Epoch-16  Iter-225/706	loss 0.0170 (0.0554)	accu 1.000 (0.981)	
Train Epoch-16  Iter-250/706	loss 0.0047 (0.0540)	accu 1.000 (0.982)	
Train Epoch-16  Iter-275/706	loss 0.0002 (0.0533)	accu 1.000 (0.983)	
Train Epoch-16  Iter-300/706	loss 0.0004 (0.0536)	accu 1.000 (0.983)	
Train Epoch-16  Iter-325/706	loss 0.0298 (0.0539)	accu 1.000 (0.983)	
Train Epoch-16  Iter-350/706	loss 0.0074 (0.0563)	accu 1.000 (0.982)	
Train Epoch-16  Iter-375/706	loss 0.0736 (0.0556)	accu 1.000 (0.982)	
Train Epoch-16  Iter-400/706	loss 0.0331 (0.0543)	accu 1.000 (0.983)	
Train Epoch-16  Iter-425/706	loss 0.0115 (0.0533)	accu 1.000 (0.983)	
Train Epoch-16  Iter-450/706	loss 0.0160 (0.0528)	accu 1.000 (0.983)	
Train Epoch-16  Iter-475/706	loss 0.0068 (0.0510)	accu 1.000 (0.984)	
Train Epoch-16  Iter-500/706	loss 0.0040 (0.0511)	accu 1.000 (0.984)	
Train Epoch-16  Iter-525/706	loss 0.0097 (0.0496)	accu 1.000 (0.984)	
Train Epoch-16  Iter-550/706	loss 0.1566 (0.0505)	accu 0.875 (0.984)	
Train Epoch-16  Iter-575/706	loss 0.1718 (0.0530)	accu 0.875 (0.983)	
Train Epoch-16  Iter-600/706	loss 0.0002 (0.0532)	accu 1.000 (0.983)	
Train Epoch-16  Iter-625/706	loss 0.2069 (0.0541)	accu 0.875 (0.983)	
Train Epoch-16  Iter-650/706	loss 0.0023 (0.0530)	accu 1.000 (0.983)	
Train Epoch-16  Iter-675/706	loss 0.0207 (0.0547)	accu 1.000 (0.983)	
Train Epoch-16  Iter-700/706	loss 0.0003 (0.0549)	accu 1.000 (0.983)	
Eval Epoch-16  Iter-0  /52 	loss 0.9033 (0.9033)	accu 0.625 (0.625)	
Eval Epoch-16  Iter-25 /52 	loss 0.0003 (1.0353)	accu 1.000 (0.697)	
Eval Epoch-16  Iter-50 /52 	loss 0.5594 (0.8521)	accu 0.625 (0.750)	
Epoch-16  Train: loss 0.0547	accu 0.9828	Eval: loss 0.9092	accu 0.7452
Train Epoch-17  Iter-0  /706	loss 0.7851 (0.7851)	accu 0.750 (0.750)	
Train Epoch-17  Iter-25 /706	loss 0.0025 (0.0746)	accu 1.000 (0.971)	
Train Epoch-17  Iter-50 /706	loss 0.0002 (0.0647)	accu 1.000 (0.978)	
Train Epoch-17  Iter-75 /706	loss 0.0004 (0.0584)	accu 1.000 (0.980)	
Train Epoch-17  Iter-100/706	loss 0.0149 (0.0588)	accu 1.000 (0.980)	
Train Epoch-17  Iter-125/706	loss 0.0248 (0.0646)	accu 1.000 (0.976)	
Train Epoch-17  Iter-150/706	loss 0.3064 (0.0639)	accu 0.875 (0.976)	
Train Epoch-17  Iter-175/706	loss 0.0092 (0.0604)	accu 1.000 (0.978)	
Train Epoch-17  Iter-200/706	loss 0.0264 (0.0610)	accu 1.000 (0.978)	
Train Epoch-17  Iter-225/706	loss 0.0043 (0.0564)	accu 1.000 (0.980)	
Train Epoch-17  Iter-250/706	loss 0.0956 (0.0572)	accu 1.000 (0.980)	
Train Epoch-17  Iter-275/706	loss 0.0013 (0.0552)	accu 1.000 (0.981)	
Train Epoch-17  Iter-300/706	loss 0.0493 (0.0522)	accu 1.000 (0.982)	
Train Epoch-17  Iter-325/706	loss 0.0045 (0.0530)	accu 1.000 (0.982)	
Train Epoch-17  Iter-350/706	loss 0.0008 (0.0529)	accu 1.000 (0.982)	
Train Epoch-17  Iter-375/706	loss 0.0515 (0.0559)	accu 1.000 (0.981)	
Train Epoch-17  Iter-400/706	loss 0.0041 (0.0542)	accu 1.000 (0.982)	
Train Epoch-17  Iter-425/706	loss 0.0301 (0.0528)	accu 1.000 (0.982)	
Train Epoch-17  Iter-450/706	loss 0.0015 (0.0522)	accu 1.000 (0.982)	
Train Epoch-17  Iter-475/706	loss 0.0003 (0.0513)	accu 1.000 (0.982)	
Train Epoch-17  Iter-500/706	loss 0.0030 (0.0496)	accu 1.000 (0.983)	
Train Epoch-17  Iter-525/706	loss 0.0053 (0.0498)	accu 1.000 (0.983)	
Train Epoch-17  Iter-550/706	loss 0.0445 (0.0490)	accu 1.000 (0.983)	
Train Epoch-17  Iter-575/706	loss 0.0173 (0.0495)	accu 1.000 (0.983)	
Train Epoch-17  Iter-600/706	loss 0.0037 (0.0496)	accu 1.000 (0.983)	
Train Epoch-17  Iter-625/706	loss 0.0250 (0.0483)	accu 1.000 (0.983)	
Train Epoch-17  Iter-650/706	loss 0.0059 (0.0486)	accu 1.000 (0.983)	
Train Epoch-17  Iter-675/706	loss 0.0242 (0.0484)	accu 1.000 (0.983)	
Train Epoch-17  Iter-700/706	loss 0.2423 (0.0478)	accu 0.875 (0.983)	
Eval Epoch-17  Iter-0  /52 	loss 1.1946 (1.1946)	accu 0.625 (0.625)	
Eval Epoch-17  Iter-25 /52 	loss 0.0003 (1.1468)	accu 1.000 (0.731)	
Eval Epoch-17  Iter-50 /52 	loss 0.5471 (0.9311)	accu 0.625 (0.770)	
Epoch-17  Train: loss 0.0479	accu 0.9830	Eval: loss 0.9899	accu 0.7644
Train Epoch-18  Iter-0  /706	loss 0.0016 (0.0016)	accu 1.000 (1.000)	
Train Epoch-18  Iter-25 /706	loss 0.0182 (0.0643)	accu 1.000 (0.981)	
Train Epoch-18  Iter-50 /706	loss 0.0646 (0.0843)	accu 1.000 (0.973)	
Train Epoch-18  Iter-75 /706	loss 0.0066 (0.0658)	accu 1.000 (0.977)	
Train Epoch-18  Iter-100/706	loss 0.0148 (0.0650)	accu 1.000 (0.975)	
Train Epoch-18  Iter-125/706	loss 0.3292 (0.0597)	accu 0.875 (0.977)	
Train Epoch-18  Iter-150/706	loss 0.0298 (0.0669)	accu 1.000 (0.974)	
Train Epoch-18  Iter-175/706	loss 0.0266 (0.0641)	accu 1.000 (0.976)	
Train Epoch-18  Iter-200/706	loss 0.0114 (0.0593)	accu 1.000 (0.978)	
Train Epoch-18  Iter-225/706	loss 0.0783 (0.0575)	accu 1.000 (0.978)	
Train Epoch-18  Iter-250/706	loss 0.0002 (0.0550)	accu 1.000 (0.979)	
Train Epoch-18  Iter-275/706	loss 0.0055 (0.0537)	accu 1.000 (0.980)	
Train Epoch-18  Iter-300/706	loss 0.0172 (0.0530)	accu 1.000 (0.980)	
Train Epoch-18  Iter-325/706	loss 0.0004 (0.0514)	accu 1.000 (0.981)	
Train Epoch-18  Iter-350/706	loss 0.2948 (0.0524)	accu 0.875 (0.980)	
Train Epoch-18  Iter-375/706	loss 0.5126 (0.0550)	accu 0.750 (0.979)	
Train Epoch-18  Iter-400/706	loss 0.3534 (0.0552)	accu 0.875 (0.979)	
Train Epoch-18  Iter-425/706	loss 0.0071 (0.0544)	accu 1.000 (0.979)	
Train Epoch-18  Iter-450/706	loss 0.0673 (0.0540)	accu 1.000 (0.979)	
Train Epoch-18  Iter-475/706	loss 0.0085 (0.0546)	accu 1.000 (0.979)	
Train Epoch-18  Iter-500/706	loss 0.0003 (0.0532)	accu 1.000 (0.980)	
Train Epoch-18  Iter-525/706	loss 0.0156 (0.0513)	accu 1.000 (0.980)	
Train Epoch-18  Iter-550/706	loss 0.0430 (0.0499)	accu 1.000 (0.981)	
Train Epoch-18  Iter-575/706	loss 0.0017 (0.0492)	accu 1.000 (0.981)	
Train Epoch-18  Iter-600/706	loss 0.0001 (0.0485)	accu 1.000 (0.982)	
Train Epoch-18  Iter-625/706	loss 0.0093 (0.0505)	accu 1.000 (0.981)	
Train Epoch-18  Iter-650/706	loss 0.0109 (0.0498)	accu 1.000 (0.982)	
Train Epoch-18  Iter-675/706	loss 0.0831 (0.0506)	accu 1.000 (0.982)	
Train Epoch-18  Iter-700/706	loss 0.0019 (0.0496)	accu 1.000 (0.982)	
Eval Epoch-18  Iter-0  /52 	loss 1.3317 (1.3317)	accu 0.625 (0.625)	
Eval Epoch-18  Iter-25 /52 	loss 0.0003 (1.2291)	accu 1.000 (0.683)	
Eval Epoch-18  Iter-50 /52 	loss 0.4614 (0.9203)	accu 0.750 (0.765)	
Epoch-18  Train: loss 0.0493	accu 0.9825	Eval: loss 0.9849	accu 0.7596
Train Epoch-19  Iter-0  /706	loss 0.0026 (0.0026)	accu 1.000 (1.000)	
Train Epoch-19  Iter-25 /706	loss 0.0059 (0.0121)	accu 1.000 (0.995)	
Train Epoch-19  Iter-50 /706	loss 0.0142 (0.0417)	accu 1.000 (0.988)	
Train Epoch-19  Iter-75 /706	loss 0.0045 (0.0491)	accu 1.000 (0.980)	
Train Epoch-19  Iter-100/706	loss 0.0005 (0.0434)	accu 1.000 (0.983)	
Train Epoch-19  Iter-125/706	loss 0.1645 (0.0473)	accu 0.875 (0.981)	
Train Epoch-19  Iter-150/706	loss 0.0080 (0.0448)	accu 1.000 (0.982)	
Train Epoch-19  Iter-175/706	loss 0.0253 (0.0429)	accu 1.000 (0.983)	
Train Epoch-19  Iter-200/706	loss 0.0199 (0.0395)	accu 1.000 (0.984)	
Train Epoch-19  Iter-225/706	loss 0.0001 (0.0450)	accu 1.000 (0.983)	
Train Epoch-19  Iter-250/706	loss 0.0019 (0.0436)	accu 1.000 (0.984)	
Train Epoch-19  Iter-275/706	loss 0.1166 (0.0492)	accu 0.875 (0.981)	
Train Epoch-19  Iter-300/706	loss 0.0064 (0.0506)	accu 1.000 (0.980)	
Train Epoch-19  Iter-325/706	loss 0.2053 (0.0512)	accu 0.875 (0.980)	
Train Epoch-19  Iter-350/706	loss 0.0067 (0.0499)	accu 1.000 (0.981)	
Train Epoch-19  Iter-375/706	loss 0.0088 (0.0479)	accu 1.000 (0.982)	
Train Epoch-19  Iter-400/706	loss 0.0236 (0.0470)	accu 1.000 (0.983)	
Train Epoch-19  Iter-425/706	loss 0.0223 (0.0476)	accu 1.000 (0.983)	
Train Epoch-19  Iter-450/706	loss 0.0004 (0.0465)	accu 1.000 (0.983)	
Train Epoch-19  Iter-475/706	loss 0.0035 (0.0471)	accu 1.000 (0.983)	
Train Epoch-19  Iter-500/706	loss 0.1714 (0.0467)	accu 0.875 (0.983)	
Train Epoch-19  Iter-525/706	loss 0.0043 (0.0473)	accu 1.000 (0.983)	
Train Epoch-19  Iter-550/706	loss 0.3053 (0.0466)	accu 0.875 (0.983)	
Train Epoch-19  Iter-575/706	loss 0.0005 (0.0465)	accu 1.000 (0.983)	
Train Epoch-19  Iter-600/706	loss 0.0057 (0.0458)	accu 1.000 (0.984)	
Train Epoch-19  Iter-625/706	loss 0.0138 (0.0456)	accu 1.000 (0.984)	
Train Epoch-19  Iter-650/706	loss 0.0595 (0.0456)	accu 1.000 (0.984)	
Train Epoch-19  Iter-675/706	loss 0.0161 (0.0446)	accu 1.000 (0.984)	
Train Epoch-19  Iter-700/706	loss 0.0425 (0.0439)	accu 1.000 (0.985)	
Eval Epoch-19  Iter-0  /52 	loss 1.7111 (1.7111)	accu 0.625 (0.625)	
Eval Epoch-19  Iter-25 /52 	loss 0.0002 (1.4115)	accu 1.000 (0.731)	
Eval Epoch-19  Iter-50 /52 	loss 0.5322 (1.0364)	accu 0.625 (0.789)	
Epoch-19  Train: loss 0.0437	accu 0.9848	Eval: loss 1.1026	accu 0.7837
Train Epoch-20  Iter-0  /706	loss 0.0112 (0.0112)	accu 1.000 (1.000)	
Train Epoch-20  Iter-25 /706	loss 0.0002 (0.0395)	accu 1.000 (0.986)	
Train Epoch-20  Iter-50 /706	loss 0.0067 (0.0393)	accu 1.000 (0.985)	
Train Epoch-20  Iter-75 /706	loss 0.0003 (0.0391)	accu 1.000 (0.987)	
Train Epoch-20  Iter-100/706	loss 0.0024 (0.0359)	accu 1.000 (0.989)	
Train Epoch-20  Iter-125/706	loss 0.0003 (0.0334)	accu 1.000 (0.990)	
Train Epoch-20  Iter-150/706	loss 0.0014 (0.0346)	accu 1.000 (0.989)	
Train Epoch-20  Iter-175/706	loss 0.0013 (0.0330)	accu 1.000 (0.989)	
Train Epoch-20  Iter-200/706	loss 0.0316 (0.0314)	accu 1.000 (0.990)	
Train Epoch-20  Iter-225/706	loss 0.2760 (0.0337)	accu 0.875 (0.989)	
Train Epoch-20  Iter-250/706	loss 0.2336 (0.0353)	accu 0.875 (0.988)	
Train Epoch-20  Iter-275/706	loss 0.0140 (0.0378)	accu 1.000 (0.987)	
Train Epoch-20  Iter-300/706	loss 0.0005 (0.0355)	accu 1.000 (0.988)	
Train Epoch-20  Iter-325/706	loss 0.0074 (0.0380)	accu 1.000 (0.987)	
Train Epoch-20  Iter-350/706	loss 0.0006 (0.0364)	accu 1.000 (0.987)	
Train Epoch-20  Iter-375/706	loss 0.1902 (0.0363)	accu 0.875 (0.987)	
Train Epoch-20  Iter-400/706	loss 0.0731 (0.0363)	accu 1.000 (0.987)	
Train Epoch-20  Iter-425/706	loss 0.0632 (0.0366)	accu 1.000 (0.987)	
Train Epoch-20  Iter-450/706	loss 0.2014 (0.0392)	accu 0.875 (0.985)	
Train Epoch-20  Iter-475/706	loss 0.0716 (0.0399)	accu 1.000 (0.985)	
Train Epoch-20  Iter-500/706	loss 0.0021 (0.0402)	accu 1.000 (0.985)	
Train Epoch-20  Iter-525/706	loss 0.0004 (0.0392)	accu 1.000 (0.985)	
Train Epoch-20  Iter-550/706	loss 0.0487 (0.0404)	accu 1.000 (0.985)	
Train Epoch-20  Iter-575/706	loss 0.5976 (0.0406)	accu 0.875 (0.985)	
Train Epoch-20  Iter-600/706	loss 0.0438 (0.0419)	accu 1.000 (0.985)	
Train Epoch-20  Iter-625/706	loss 0.0020 (0.0420)	accu 1.000 (0.984)	
Train Epoch-20  Iter-650/706	loss 0.0051 (0.0416)	accu 1.000 (0.985)	
Train Epoch-20  Iter-675/706	loss 0.0272 (0.0426)	accu 1.000 (0.984)	
Train Epoch-20  Iter-700/706	loss 0.0014 (0.0423)	accu 1.000 (0.985)	
Eval Epoch-20  Iter-0  /52 	loss 1.2268 (1.2268)	accu 0.625 (0.625)	
Eval Epoch-20  Iter-25 /52 	loss 0.0003 (1.3287)	accu 1.000 (0.683)	
Eval Epoch-20  Iter-50 /52 	loss 0.3596 (0.9561)	accu 0.875 (0.770)	
Epoch-20  Train: loss 0.0420	accu 0.9848	Eval: loss 1.0208	accu 0.7644
Epoch    21: reducing learning rate of group 0 to 3.0000e-06.
Train Epoch-21  Iter-0  /706	loss 0.0005 (0.0005)	accu 1.000 (1.000)	
Train Epoch-21  Iter-25 /706	loss 0.0067 (0.0387)	accu 1.000 (0.986)	
Train Epoch-21  Iter-50 /706	loss 0.0048 (0.0302)	accu 1.000 (0.988)	
Train Epoch-21  Iter-75 /706	loss 0.0727 (0.0270)	accu 1.000 (0.990)	
Train Epoch-21  Iter-100/706	loss 0.0077 (0.0288)	accu 1.000 (0.988)	
Train Epoch-21  Iter-125/706	loss 0.0375 (0.0315)	accu 1.000 (0.987)	
Train Epoch-21  Iter-150/706	loss 0.0043 (0.0317)	accu 1.000 (0.988)	
Train Epoch-21  Iter-175/706	loss 0.0591 (0.0349)	accu 1.000 (0.986)	
Train Epoch-21  Iter-200/706	loss 0.1171 (0.0324)	accu 0.875 (0.987)	
Train Epoch-21  Iter-225/706	loss 0.0282 (0.0318)	accu 1.000 (0.987)	
Train Epoch-21  Iter-250/706	loss 0.0071 (0.0325)	accu 1.000 (0.987)	
Train Epoch-21  Iter-275/706	loss 0.0019 (0.0334)	accu 1.000 (0.987)	
Train Epoch-21  Iter-300/706	loss 0.1878 (0.0327)	accu 0.875 (0.987)	
Train Epoch-21  Iter-325/706	loss 0.0256 (0.0328)	accu 1.000 (0.987)	
Train Epoch-21  Iter-350/706	loss 0.0702 (0.0318)	accu 1.000 (0.987)	
Train Epoch-21  Iter-375/706	loss 0.0005 (0.0345)	accu 1.000 (0.986)	
Train Epoch-21  Iter-400/706	loss 0.0164 (0.0367)	accu 1.000 (0.985)	
Train Epoch-21  Iter-425/706	loss 0.0045 (0.0387)	accu 1.000 (0.985)	
Train Epoch-21  Iter-450/706	loss 0.0001 (0.0373)	accu 1.000 (0.986)	
Train Epoch-21  Iter-475/706	loss 0.0061 (0.0384)	accu 1.000 (0.985)	
Train Epoch-21  Iter-500/706	loss 0.3448 (0.0395)	accu 0.875 (0.985)	
Train Epoch-21  Iter-525/706	loss 0.0003 (0.0398)	accu 1.000 (0.985)	
Train Epoch-21  Iter-550/706	loss 0.0668 (0.0405)	accu 1.000 (0.985)	
Train Epoch-21  Iter-575/706	loss 0.0076 (0.0408)	accu 1.000 (0.985)	
Train Epoch-21  Iter-600/706	loss 0.0056 (0.0406)	accu 1.000 (0.985)	
Train Epoch-21  Iter-625/706	loss 0.0144 (0.0395)	accu 1.000 (0.985)	
Train Epoch-21  Iter-650/706	loss 0.0008 (0.0395)	accu 1.000 (0.985)	
Train Epoch-21  Iter-675/706	loss 0.0245 (0.0391)	accu 1.000 (0.985)	
Train Epoch-21  Iter-700/706	loss 0.0189 (0.0395)	accu 1.000 (0.985)	
Eval Epoch-21  Iter-0  /52 	loss 1.1105 (1.1105)	accu 0.625 (0.625)	
Eval Epoch-21  Iter-25 /52 	loss 0.0002 (1.2443)	accu 1.000 (0.683)	
Eval Epoch-21  Iter-50 /52 	loss 0.4798 (0.9304)	accu 0.625 (0.760)	
Epoch-21  Train: loss 0.0392	accu 0.9851	Eval: loss 0.9978	accu 0.7548
Train Epoch-22  Iter-0  /706	loss 0.0043 (0.0043)	accu 1.000 (1.000)	
Train Epoch-22  Iter-25 /706	loss 0.0155 (0.0399)	accu 1.000 (0.986)	
Train Epoch-22  Iter-50 /706	loss 0.0002 (0.0266)	accu 1.000 (0.990)	
Train Epoch-22  Iter-75 /706	loss 0.0906 (0.0502)	accu 1.000 (0.979)	
Train Epoch-22  Iter-100/706	loss 0.0052 (0.0578)	accu 1.000 (0.978)	
Train Epoch-22  Iter-125/706	loss 0.0444 (0.0571)	accu 1.000 (0.978)	
Train Epoch-22  Iter-150/706	loss 0.1268 (0.0539)	accu 0.875 (0.980)	
Train Epoch-22  Iter-175/706	loss 0.0002 (0.0565)	accu 1.000 (0.980)	
Train Epoch-22  Iter-200/706	loss 0.0171 (0.0516)	accu 1.000 (0.982)	
Train Epoch-22  Iter-225/706	loss 0.0250 (0.0508)	accu 1.000 (0.982)	
Train Epoch-22  Iter-250/706	loss 0.0012 (0.0479)	accu 1.000 (0.983)	
Train Epoch-22  Iter-275/706	loss 0.0001 (0.0457)	accu 1.000 (0.984)	
Train Epoch-22  Iter-300/706	loss 0.0162 (0.0450)	accu 1.000 (0.984)	
Train Epoch-22  Iter-325/706	loss 0.0002 (0.0431)	accu 1.000 (0.985)	
Train Epoch-22  Iter-350/706	loss 0.0135 (0.0434)	accu 1.000 (0.984)	
Train Epoch-22  Iter-375/706	loss 0.0176 (0.0431)	accu 1.000 (0.984)	
Train Epoch-22  Iter-400/706	loss 0.0202 (0.0419)	accu 1.000 (0.985)	
Train Epoch-22  Iter-425/706	loss 0.0121 (0.0410)	accu 1.000 (0.985)	
Train Epoch-22  Iter-450/706	loss 0.0074 (0.0416)	accu 1.000 (0.985)	
Train Epoch-22  Iter-475/706	loss 0.0132 (0.0417)	accu 1.000 (0.985)	
Train Epoch-22  Iter-500/706	loss 0.0021 (0.0413)	accu 1.000 (0.984)	
Train Epoch-22  Iter-525/706	loss 0.2299 (0.0410)	accu 0.875 (0.984)	
Train Epoch-22  Iter-550/706	loss 0.0089 (0.0407)	accu 1.000 (0.984)	
Train Epoch-22  Iter-575/706	loss 0.0001 (0.0405)	accu 1.000 (0.984)	
Train Epoch-22  Iter-600/706	loss 0.0001 (0.0395)	accu 1.000 (0.985)	
Train Epoch-22  Iter-625/706	loss 0.0026 (0.0403)	accu 1.000 (0.984)	
Train Epoch-22  Iter-650/706	loss 0.0108 (0.0393)	accu 1.000 (0.985)	
Train Epoch-22  Iter-675/706	loss 0.0004 (0.0393)	accu 1.000 (0.985)	
Train Epoch-22  Iter-700/706	loss 0.0124 (0.0390)	accu 1.000 (0.986)	
Eval Epoch-22  Iter-0  /52 	loss 1.1300 (1.1300)	accu 0.625 (0.625)	
Eval Epoch-22  Iter-25 /52 	loss 0.0002 (1.2470)	accu 1.000 (0.697)	
Eval Epoch-22  Iter-50 /52 	loss 0.5095 (0.9382)	accu 0.625 (0.765)	
Epoch-22  Train: loss 0.0387	accu 0.9857	Eval: loss 1.0064	accu 0.7596
Train Epoch-23  Iter-0  /706	loss 0.0456 (0.0456)	accu 1.000 (1.000)	
Train Epoch-23  Iter-25 /706	loss 0.0004 (0.0413)	accu 1.000 (0.981)	
Train Epoch-23  Iter-50 /706	loss 0.0001 (0.0376)	accu 1.000 (0.985)	
Train Epoch-23  Iter-75 /706	loss 0.0246 (0.0474)	accu 1.000 (0.982)	
Train Epoch-23  Iter-100/706	loss 0.0139 (0.0412)	accu 1.000 (0.985)	
Train Epoch-23  Iter-125/706	loss 0.0018 (0.0435)	accu 1.000 (0.985)	
Train Epoch-23  Iter-150/706	loss 0.0002 (0.0389)	accu 1.000 (0.988)	
Train Epoch-23  Iter-175/706	loss 0.0001 (0.0413)	accu 1.000 (0.987)	
Train Epoch-23  Iter-200/706	loss 0.0116 (0.0472)	accu 1.000 (0.984)	
Train Epoch-23  Iter-225/706	loss 0.0058 (0.0523)	accu 1.000 (0.982)	
Train Epoch-23  Iter-250/706	loss 0.0143 (0.0523)	accu 1.000 (0.982)	
Train Epoch-23  Iter-275/706	loss 0.0041 (0.0504)	accu 1.000 (0.982)	
Train Epoch-23  Iter-300/706	loss 0.0135 (0.0491)	accu 1.000 (0.983)	
Train Epoch-23  Iter-325/706	loss 0.0002 (0.0470)	accu 1.000 (0.984)	
Train Epoch-23  Iter-350/706	loss 0.0001 (0.0451)	accu 1.000 (0.984)	
Train Epoch-23  Iter-375/706	loss 0.0098 (0.0446)	accu 1.000 (0.985)	
Train Epoch-23  Iter-400/706	loss 0.0002 (0.0434)	accu 1.000 (0.985)	
Train Epoch-23  Iter-425/706	loss 0.0163 (0.0454)	accu 1.000 (0.985)	
Train Epoch-23  Iter-450/706	loss 0.0121 (0.0454)	accu 1.000 (0.985)	
Train Epoch-23  Iter-475/706	loss 0.0029 (0.0437)	accu 1.000 (0.985)	
Train Epoch-23  Iter-500/706	loss 0.0009 (0.0433)	accu 1.000 (0.985)	
Train Epoch-23  Iter-525/706	loss 0.3234 (0.0423)	accu 0.875 (0.986)	
Train Epoch-23  Iter-550/706	loss 0.0078 (0.0414)	accu 1.000 (0.986)	
Train Epoch-23  Iter-575/706	loss 0.0203 (0.0411)	accu 1.000 (0.986)	
Train Epoch-23  Iter-600/706	loss 0.0001 (0.0403)	accu 1.000 (0.986)	
Train Epoch-23  Iter-625/706	loss 0.0194 (0.0412)	accu 1.000 (0.986)	
Train Epoch-23  Iter-650/706	loss 0.0002 (0.0412)	accu 1.000 (0.986)	
Train Epoch-23  Iter-675/706	loss 0.0001 (0.0406)	accu 1.000 (0.986)	
Train Epoch-23  Iter-700/706	loss 0.0090 (0.0407)	accu 1.000 (0.986)	
Eval Epoch-23  Iter-0  /52 	loss 1.0764 (1.0764)	accu 0.625 (0.625)	
Eval Epoch-23  Iter-25 /52 	loss 0.0002 (1.2211)	accu 1.000 (0.707)	
Eval Epoch-23  Iter-50 /52 	loss 0.5368 (0.9293)	accu 0.625 (0.770)	
Epoch-23  Train: loss 0.0410	accu 0.9857	Eval: loss 0.9980	accu 0.7644
Train Epoch-24  Iter-0  /706	loss 0.0029 (0.0029)	accu 1.000 (1.000)	
Train Epoch-24  Iter-25 /706	loss 0.3061 (0.0465)	accu 0.875 (0.990)	
Train Epoch-24  Iter-50 /706	loss 0.0661 (0.0364)	accu 1.000 (0.988)	
Train Epoch-24  Iter-75 /706	loss 0.0002 (0.0393)	accu 1.000 (0.984)	
Train Epoch-24  Iter-100/706	loss 0.0145 (0.0376)	accu 1.000 (0.985)	
Train Epoch-24  Iter-125/706	loss 0.0283 (0.0362)	accu 1.000 (0.986)	
Train Epoch-24  Iter-150/706	loss 0.0002 (0.0396)	accu 1.000 (0.985)	
Train Epoch-24  Iter-175/706	loss 0.0017 (0.0403)	accu 1.000 (0.986)	
Train Epoch-24  Iter-200/706	loss 0.0023 (0.0418)	accu 1.000 (0.984)	
Train Epoch-24  Iter-225/706	loss 0.0006 (0.0395)	accu 1.000 (0.986)	
Train Epoch-24  Iter-250/706	loss 0.0016 (0.0413)	accu 1.000 (0.985)	
Train Epoch-24  Iter-275/706	loss 0.0137 (0.0425)	accu 1.000 (0.984)	
Train Epoch-24  Iter-300/706	loss 0.0031 (0.0403)	accu 1.000 (0.985)	
Train Epoch-24  Iter-325/706	loss 0.0088 (0.0417)	accu 1.000 (0.985)	
Train Epoch-24  Iter-350/706	loss 0.0038 (0.0430)	accu 1.000 (0.984)	
Train Epoch-24  Iter-375/706	loss 0.0089 (0.0410)	accu 1.000 (0.985)	
Train Epoch-24  Iter-400/706	loss 0.0006 (0.0399)	accu 1.000 (0.986)	
Train Epoch-24  Iter-425/706	loss 0.0205 (0.0418)	accu 1.000 (0.985)	
Train Epoch-24  Iter-450/706	loss 0.0142 (0.0405)	accu 1.000 (0.986)	
Train Epoch-24  Iter-475/706	loss 0.0190 (0.0422)	accu 1.000 (0.986)	
Train Epoch-24  Iter-500/706	loss 0.0356 (0.0408)	accu 1.000 (0.986)	
Train Epoch-24  Iter-525/706	loss 0.0006 (0.0408)	accu 1.000 (0.986)	
Train Epoch-24  Iter-550/706	loss 0.0092 (0.0397)	accu 1.000 (0.987)	
Train Epoch-24  Iter-575/706	loss 0.0039 (0.0401)	accu 1.000 (0.986)	
Train Epoch-24  Iter-600/706	loss 0.0051 (0.0403)	accu 1.000 (0.986)	
Train Epoch-24  Iter-625/706	loss 0.0016 (0.0407)	accu 1.000 (0.986)	
Train Epoch-24  Iter-650/706	loss 0.1732 (0.0410)	accu 0.875 (0.985)	
Train Epoch-24  Iter-675/706	loss 0.0666 (0.0401)	accu 1.000 (0.986)	
Train Epoch-24  Iter-700/706	loss 0.0015 (0.0398)	accu 1.000 (0.986)	
Eval Epoch-24  Iter-0  /52 	loss 1.1899 (1.1899)	accu 0.625 (0.625)	
Eval Epoch-24  Iter-25 /52 	loss 0.0002 (1.2746)	accu 1.000 (0.692)	
Eval Epoch-24  Iter-50 /52 	loss 0.5335 (0.9583)	accu 0.625 (0.765)	
Epoch-24  Train: loss 0.0397	accu 0.9860	Eval: loss 1.0272	accu 0.7596
Train Epoch-25  Iter-0  /706	loss 0.0073 (0.0073)	accu 1.000 (1.000)	
Train Epoch-25  Iter-25 /706	loss 0.0049 (0.0317)	accu 1.000 (0.990)	
Train Epoch-25  Iter-50 /706	loss 0.0032 (0.0218)	accu 1.000 (0.995)	
Train Epoch-25  Iter-75 /706	loss 0.0001 (0.0189)	accu 1.000 (0.997)	
Train Epoch-25  Iter-100/706	loss 0.0132 (0.0254)	accu 1.000 (0.994)	
Train Epoch-25  Iter-125/706	loss 0.0143 (0.0264)	accu 1.000 (0.993)	
Train Epoch-25  Iter-150/706	loss 0.0828 (0.0315)	accu 1.000 (0.990)	
Train Epoch-25  Iter-175/706	loss 0.0087 (0.0304)	accu 1.000 (0.991)	
Train Epoch-25  Iter-200/706	loss 0.0015 (0.0362)	accu 1.000 (0.989)	
Train Epoch-25  Iter-225/706	loss 0.0010 (0.0334)	accu 1.000 (0.989)	
Train Epoch-25  Iter-250/706	loss 0.0412 (0.0358)	accu 1.000 (0.989)	
Train Epoch-25  Iter-275/706	loss 0.3292 (0.0376)	accu 0.750 (0.987)	
Train Epoch-25  Iter-300/706	loss 0.0029 (0.0380)	accu 1.000 (0.987)	
Train Epoch-25  Iter-325/706	loss 0.3724 (0.0381)	accu 0.875 (0.987)	
Train Epoch-25  Iter-350/706	loss 0.0010 (0.0372)	accu 1.000 (0.988)	
Train Epoch-25  Iter-375/706	loss 0.0126 (0.0373)	accu 1.000 (0.987)	
Train Epoch-25  Iter-400/706	loss 0.0008 (0.0387)	accu 1.000 (0.986)	
Train Epoch-25  Iter-425/706	loss 0.0109 (0.0390)	accu 1.000 (0.986)	
Train Epoch-25  Iter-450/706	loss 0.0003 (0.0394)	accu 1.000 (0.986)	
Train Epoch-25  Iter-475/706	loss 0.0169 (0.0392)	accu 1.000 (0.986)	
Train Epoch-25  Iter-500/706	loss 0.0199 (0.0387)	accu 1.000 (0.986)	
Train Epoch-25  Iter-525/706	loss 0.0109 (0.0389)	accu 1.000 (0.986)	
Train Epoch-25  Iter-550/706	loss 0.0881 (0.0381)	accu 1.000 (0.987)	
Train Epoch-25  Iter-575/706	loss 0.0013 (0.0375)	accu 1.000 (0.987)	
Train Epoch-25  Iter-600/706	loss 0.0032 (0.0366)	accu 1.000 (0.987)	
Train Epoch-25  Iter-625/706	loss 0.0344 (0.0361)	accu 1.000 (0.988)	
Train Epoch-25  Iter-650/706	loss 0.0036 (0.0355)	accu 1.000 (0.988)	
Train Epoch-25  Iter-675/706	loss 0.2929 (0.0367)	accu 0.875 (0.987)	
Train Epoch-25  Iter-700/706	loss 0.0222 (0.0357)	accu 1.000 (0.988)	
Eval Epoch-25  Iter-0  /52 	loss 1.3108 (1.3108)	accu 0.625 (0.625)	
Eval Epoch-25  Iter-25 /52 	loss 0.0002 (1.3313)	accu 1.000 (0.692)	
Eval Epoch-25  Iter-50 /52 	loss 0.5415 (0.9931)	accu 0.625 (0.765)	
Epoch-25  Train: loss 0.0356	accu 0.9878	Eval: loss 1.0620	accu 0.7596
Train Epoch-26  Iter-0  /706	loss 0.3092 (0.3092)	accu 0.875 (0.875)	
Train Epoch-26  Iter-25 /706	loss 0.0018 (0.0632)	accu 1.000 (0.966)	
Train Epoch-26  Iter-50 /706	loss 0.0016 (0.0484)	accu 1.000 (0.978)	
Train Epoch-26  Iter-75 /706	loss 0.0089 (0.0408)	accu 1.000 (0.982)	
Train Epoch-26  Iter-100/706	loss 0.0169 (0.0333)	accu 1.000 (0.986)	
Train Epoch-26  Iter-125/706	loss 0.5836 (0.0368)	accu 0.875 (0.986)	
Train Epoch-26  Iter-150/706	loss 0.0708 (0.0363)	accu 1.000 (0.987)	
Train Epoch-26  Iter-175/706	loss 0.2429 (0.0404)	accu 0.875 (0.984)	
Train Epoch-26  Iter-200/706	loss 0.0168 (0.0394)	accu 1.000 (0.984)	
Train Epoch-26  Iter-225/706	loss 0.0022 (0.0374)	accu 1.000 (0.985)	
Train Epoch-26  Iter-250/706	loss 0.0070 (0.0378)	accu 1.000 (0.985)	
Train Epoch-26  Iter-275/706	loss 0.0021 (0.0366)	accu 1.000 (0.986)	
Train Epoch-26  Iter-300/706	loss 0.0094 (0.0357)	accu 1.000 (0.986)	
Train Epoch-26  Iter-325/706	loss 0.0876 (0.0362)	accu 0.875 (0.986)	
Train Epoch-26  Iter-350/706	loss 0.0015 (0.0344)	accu 1.000 (0.987)	
Train Epoch-26  Iter-375/706	loss 0.1029 (0.0357)	accu 0.875 (0.986)	
Train Epoch-26  Iter-400/706	loss 0.0051 (0.0363)	accu 1.000 (0.986)	
Train Epoch-26  Iter-425/706	loss 0.0076 (0.0370)	accu 1.000 (0.986)	
Train Epoch-26  Iter-450/706	loss 0.0013 (0.0365)	accu 1.000 (0.987)	
Train Epoch-26  Iter-475/706	loss 0.0016 (0.0359)	accu 1.000 (0.987)	
Train Epoch-26  Iter-500/706	loss 0.0091 (0.0364)	accu 1.000 (0.987)	
Train Epoch-26  Iter-525/706	loss 0.3016 (0.0367)	accu 0.875 (0.986)	
Train Epoch-26  Iter-550/706	loss 0.0001 (0.0360)	accu 1.000 (0.987)	
Train Epoch-26  Iter-575/706	loss 0.0366 (0.0363)	accu 1.000 (0.987)	
Train Epoch-26  Iter-600/706	loss 0.0062 (0.0361)	accu 1.000 (0.987)	
Train Epoch-26  Iter-625/706	loss 0.0001 (0.0357)	accu 1.000 (0.987)	
Train Epoch-26  Iter-650/706	loss 0.0001 (0.0362)	accu 1.000 (0.987)	
Train Epoch-26  Iter-675/706	loss 0.0053 (0.0358)	accu 1.000 (0.987)	
Train Epoch-26  Iter-700/706	loss 0.0181 (0.0364)	accu 1.000 (0.987)	
Eval Epoch-26  Iter-0  /52 	loss 1.3569 (1.3569)	accu 0.625 (0.625)	
Eval Epoch-26  Iter-25 /52 	loss 0.0001 (1.3565)	accu 1.000 (0.692)	
Eval Epoch-26  Iter-50 /52 	loss 0.5538 (1.0120)	accu 0.625 (0.765)	
Epoch-26  Train: loss 0.0362	accu 0.9873	Eval: loss 1.0811	accu 0.7596
Epoch    27: reducing learning rate of group 0 to 3.0000e-07.
Train Epoch-27  Iter-0  /706	loss 0.0001 (0.0001)	accu 1.000 (1.000)	
Train Epoch-27  Iter-25 /706	loss 0.0026 (0.0165)	accu 1.000 (0.995)	
Train Epoch-27  Iter-50 /706	loss 0.0163 (0.0220)	accu 1.000 (0.993)	
Train Epoch-27  Iter-75 /706	loss 0.0034 (0.0204)	accu 1.000 (0.992)	
Train Epoch-27  Iter-100/706	loss 0.0659 (0.0249)	accu 1.000 (0.990)	
Train Epoch-27  Iter-125/706	loss 0.2723 (0.0271)	accu 0.875 (0.989)	
Train Epoch-27  Iter-150/706	loss 0.0001 (0.0322)	accu 1.000 (0.987)	
Train Epoch-27  Iter-175/706	loss 0.0001 (0.0378)	accu 1.000 (0.984)	
Train Epoch-27  Iter-200/706	loss 0.1189 (0.0415)	accu 0.875 (0.984)	
Train Epoch-27  Iter-225/706	loss 0.0016 (0.0426)	accu 1.000 (0.984)	
Train Epoch-27  Iter-250/706	loss 0.0129 (0.0414)	accu 1.000 (0.984)	
Train Epoch-27  Iter-275/706	loss 0.0114 (0.0391)	accu 1.000 (0.986)	
Train Epoch-27  Iter-300/706	loss 0.0118 (0.0398)	accu 1.000 (0.985)	
Train Epoch-27  Iter-325/706	loss 0.0010 (0.0387)	accu 1.000 (0.985)	
Train Epoch-27  Iter-350/706	loss 0.0004 (0.0384)	accu 1.000 (0.985)	
Train Epoch-27  Iter-375/706	loss 0.1104 (0.0375)	accu 0.875 (0.985)	
Train Epoch-27  Iter-400/706	loss 0.0176 (0.0367)	accu 1.000 (0.986)	
Train Epoch-27  Iter-425/706	loss 0.0018 (0.0371)	accu 1.000 (0.985)	
Train Epoch-27  Iter-450/706	loss 0.0001 (0.0360)	accu 1.000 (0.986)	
Train Epoch-27  Iter-475/706	loss 0.0022 (0.0356)	accu 1.000 (0.986)	
Train Epoch-27  Iter-500/706	loss 0.0734 (0.0370)	accu 1.000 (0.986)	
Train Epoch-27  Iter-525/706	loss 0.0115 (0.0369)	accu 1.000 (0.986)	
Train Epoch-27  Iter-550/706	loss 0.0388 (0.0360)	accu 1.000 (0.986)	
Train Epoch-27  Iter-575/706	loss 0.0085 (0.0354)	accu 1.000 (0.987)	
Train Epoch-27  Iter-600/706	loss 0.0001 (0.0348)	accu 1.000 (0.987)	
Train Epoch-27  Iter-625/706	loss 0.0001 (0.0363)	accu 1.000 (0.986)	
Train Epoch-27  Iter-650/706	loss 0.0134 (0.0375)	accu 1.000 (0.986)	
Train Epoch-27  Iter-675/706	loss 0.0776 (0.0379)	accu 1.000 (0.986)	
Train Epoch-27  Iter-700/706	loss 0.0042 (0.0388)	accu 1.000 (0.985)	
Eval Epoch-27  Iter-0  /52 	loss 1.3453 (1.3453)	accu 0.625 (0.625)	
Eval Epoch-27  Iter-25 /52 	loss 0.0001 (1.3500)	accu 1.000 (0.692)	
Eval Epoch-27  Iter-50 /52 	loss 0.5554 (1.0086)	accu 0.625 (0.765)	
Epoch-27  Train: loss 0.0387	accu 0.9855	Eval: loss 1.0779	accu 0.7596
Train Epoch-28  Iter-0  /706	loss 0.0224 (0.0224)	accu 1.000 (1.000)	
Train Epoch-28  Iter-25 /706	loss 0.0047 (0.0336)	accu 1.000 (0.990)	
Train Epoch-28  Iter-50 /706	loss 0.0243 (0.0465)	accu 1.000 (0.988)	
Train Epoch-28  Iter-75 /706	loss 0.0002 (0.0418)	accu 1.000 (0.988)	
Train Epoch-28  Iter-100/706	loss 0.0063 (0.0406)	accu 1.000 (0.989)	
Train Epoch-28  Iter-125/706	loss 0.0017 (0.0372)	accu 1.000 (0.990)	
Train Epoch-28  Iter-150/706	loss 0.0054 (0.0372)	accu 1.000 (0.988)	
Train Epoch-28  Iter-175/706	loss 0.0280 (0.0330)	accu 1.000 (0.990)	
Train Epoch-28  Iter-200/706	loss 0.0004 (0.0334)	accu 1.000 (0.990)	
Train Epoch-28  Iter-225/706	loss 0.3503 (0.0342)	accu 0.875 (0.990)	
Train Epoch-28  Iter-250/706	loss 0.0022 (0.0369)	accu 1.000 (0.989)	
Train Epoch-28  Iter-275/706	loss 0.0044 (0.0370)	accu 1.000 (0.989)	
Train Epoch-28  Iter-300/706	loss 0.0001 (0.0367)	accu 1.000 (0.989)	
Train Epoch-28  Iter-325/706	loss 0.0001 (0.0363)	accu 1.000 (0.989)	
Train Epoch-28  Iter-350/706	loss 0.0001 (0.0376)	accu 1.000 (0.989)	
Train Epoch-28  Iter-375/706	loss 0.0001 (0.0371)	accu 1.000 (0.989)	
Train Epoch-28  Iter-400/706	loss 0.0016 (0.0363)	accu 1.000 (0.989)	
Train Epoch-28  Iter-425/706	loss 0.0040 (0.0367)	accu 1.000 (0.989)	
Train Epoch-28  Iter-450/706	loss 0.7528 (0.0443)	accu 0.875 (0.986)	
Train Epoch-28  Iter-475/706	loss 0.0003 (0.0434)	accu 1.000 (0.987)	
Train Epoch-28  Iter-500/706	loss 0.1314 (0.0427)	accu 0.875 (0.987)	
Train Epoch-28  Iter-525/706	loss 0.0008 (0.0421)	accu 1.000 (0.987)	
Train Epoch-28  Iter-550/706	loss 0.0001 (0.0425)	accu 1.000 (0.987)	
Train Epoch-28  Iter-575/706	loss 0.0270 (0.0424)	accu 1.000 (0.987)	
Train Epoch-28  Iter-600/706	loss 0.0229 (0.0417)	accu 1.000 (0.987)	
Train Epoch-28  Iter-625/706	loss 0.0282 (0.0422)	accu 1.000 (0.987)	
Train Epoch-28  Iter-650/706	loss 0.4289 (0.0427)	accu 0.875 (0.987)	
Train Epoch-28  Iter-675/706	loss 0.0024 (0.0416)	accu 1.000 (0.987)	
Train Epoch-28  Iter-700/706	loss 0.0139 (0.0410)	accu 1.000 (0.987)	
Eval Epoch-28  Iter-0  /52 	loss 1.3275 (1.3275)	accu 0.625 (0.625)	
Eval Epoch-28  Iter-25 /52 	loss 0.0001 (1.3385)	accu 1.000 (0.692)	
Eval Epoch-28  Iter-50 /52 	loss 0.5588 (1.0027)	accu 0.625 (0.765)	
Epoch-28  Train: loss 0.0416	accu 0.9871	Eval: loss 1.0720	accu 0.7596
Train Epoch-29  Iter-0  /706	loss 0.0062 (0.0062)	accu 1.000 (1.000)	
Train Epoch-29  Iter-25 /706	loss 0.0121 (0.0264)	accu 1.000 (0.995)	
Train Epoch-29  Iter-50 /706	loss 0.0001 (0.0302)	accu 1.000 (0.990)	
Train Epoch-29  Iter-75 /706	loss 0.0022 (0.0361)	accu 1.000 (0.990)	
Train Epoch-29  Iter-100/706	loss 0.0016 (0.0345)	accu 1.000 (0.990)	
Train Epoch-29  Iter-125/706	loss 0.0075 (0.0337)	accu 1.000 (0.990)	
Train Epoch-29  Iter-150/706	loss 0.0007 (0.0349)	accu 1.000 (0.989)	
Train Epoch-29  Iter-175/706	loss 0.0571 (0.0330)	accu 1.000 (0.990)	
Train Epoch-29  Iter-200/706	loss 0.0023 (0.0335)	accu 1.000 (0.989)	
Train Epoch-29  Iter-225/706	loss 0.0002 (0.0324)	accu 1.000 (0.989)	
Train Epoch-29  Iter-250/706	loss 0.0162 (0.0357)	accu 1.000 (0.989)	
Train Epoch-29  Iter-275/706	loss 0.0006 (0.0379)	accu 1.000 (0.988)	
Train Epoch-29  Iter-300/706	loss 0.0001 (0.0362)	accu 1.000 (0.988)	
Train Epoch-29  Iter-325/706	loss 0.3484 (0.0353)	accu 0.875 (0.989)	
Train Epoch-29  Iter-350/706	loss 0.0001 (0.0364)	accu 1.000 (0.988)	
Train Epoch-29  Iter-375/706	loss 0.0043 (0.0362)	accu 1.000 (0.987)	
Train Epoch-29  Iter-400/706	loss 0.0013 (0.0369)	accu 1.000 (0.987)	
Train Epoch-29  Iter-425/706	loss 0.0036 (0.0372)	accu 1.000 (0.987)	
Train Epoch-29  Iter-450/706	loss 0.4368 (0.0379)	accu 0.875 (0.987)	
Train Epoch-29  Iter-475/706	loss 0.1820 (0.0370)	accu 0.875 (0.987)	
Train Epoch-29  Iter-500/706	loss 0.0035 (0.0372)	accu 1.000 (0.987)	
Train Epoch-29  Iter-525/706	loss 0.0299 (0.0378)	accu 1.000 (0.987)	
Train Epoch-29  Iter-550/706	loss 0.0415 (0.0371)	accu 1.000 (0.987)	
Train Epoch-29  Iter-575/706	loss 0.0001 (0.0373)	accu 1.000 (0.987)	
Train Epoch-29  Iter-600/706	loss 0.0001 (0.0372)	accu 1.000 (0.987)	
Train Epoch-29  Iter-625/706	loss 0.0001 (0.0377)	accu 1.000 (0.986)	
Train Epoch-29  Iter-650/706	loss 0.0002 (0.0376)	accu 1.000 (0.986)	
Train Epoch-29  Iter-675/706	loss 0.0986 (0.0373)	accu 1.000 (0.987)	
Train Epoch-29  Iter-700/706	loss 0.0122 (0.0373)	accu 1.000 (0.986)	
Eval Epoch-29  Iter-0  /52 	loss 1.3272 (1.3272)	accu 0.625 (0.625)	
Eval Epoch-29  Iter-25 /52 	loss 0.0001 (1.3381)	accu 1.000 (0.692)	
Eval Epoch-29  Iter-50 /52 	loss 0.5602 (1.0027)	accu 0.625 (0.765)	
Epoch-29  Train: loss 0.0371	accu 0.9864	Eval: loss 1.0721	accu 0.7596
Eval Epoch-0   Iter-0  /52 	loss 0.3392 (0.3392)	accu 0.750 (0.750)	
Eval Epoch-0   Iter-25 /52 	loss 0.0012 (0.5065)	accu 1.000 (0.779)	
Eval Epoch-0   Iter-50 /52 	loss 0.4608 (0.4894)	accu 0.625 (0.770)	
Eval: loss 0.5064	accu 0.7644
Test Epoch-0   Iter-0  /59 	loss 0.4157 (0.4157)	accu 0.875 (0.875)	
Test Epoch-0   Iter-25 /59 	loss 0.1092 (0.7423)	accu 1.000 (0.692)	
Test Epoch-0   Iter-50 /59 	loss 0.4592 (0.5983)	accu 0.750 (0.748)	
Test: loss 0.6184	accu 0.7458
wandb: Waiting for W&B process to finish... (success).
wandb: 
wandb: Run history:
wandb:   Eval Acc ▄▄▁▄▂▅▆▅▅▄▅▂█▂▆▅▄▅▅▆▅▅▅▅▅▅▅▅▅▅
wandb:  Eval Loss ▂▂▇▃▅▃▁▂▁▄▃▅▂█▂▄▄▅▅▆▅▅▅▅▅▆▆▆▆▆
wandb:  Train Acc ▁▅▆▆▆▇▇▆▇▇▇▇▇▇▇▇██████████████
wandb: Train Loss █▅▄▃▃▃▃▃▃▃▂▂▂▂▂▂▁▁▁▁▁▁▁▁▁▁▁▁▁▁
wandb: 
wandb: Run summary:
wandb:   Eval Acc 0.75962
wandb:  Eval Loss 1.07214
wandb:  Train Acc 0.98637
wandb: Train Loss 0.03713
wandb: 
wandb: 🚀 View run charmed-durian-272 at: https://wandb.ai/is_project/vision_models/runs/1wlfta4h
wandb: Synced 6 W&B file(s), 0 media file(s), 0 artifact file(s) and 0 other file(s)
wandb: Find logs at: ./wandb/run-20230612_181637-1wlfta4h/logs
