Namespace(add_comment=True, add_description=False, add_other_comments=True, add_title=False, add_transcription=False, add_video=True, batch_size=8, clip_embeedings_path='data/CLIP_embeddings', debug=False, desc_keyphrase_extract=False, desc_token_count=100, freeze_lf_layers=23, gpu='6', lr=0.0003, max_epochs=30, max_len=512, metadata_path='data/extra_data_trans.csv', model='bert-large-cased', multitask=False, num_workers=0, other_comments_path='data/extra_data_other_comments.csv', other_comments_token_count=512, pad_metadata=True, remove_none=False, test_question_file='data/with_aug_ttv/test.csv', title_token_count=50, train_question_file='data/with_aug_ttv/train.csv', transcript_keyphrase_extract=False, transcript_token_count=300, validation_question_file='data/with_aug_ttv/eval.csv', video_path='data/videos/', work_dir='model_comment/')
wandb: Currently logged in as: shrey2809 (is_project). Use `wandb login --relogin` to force relogin
wandb: Tracking run with wandb version 0.15.4
wandb: Run data is saved locally in /scratch/AzureNfsServer_INPUT1/vc_data/users/gmanish/multiModalHate/IS-Hate-Speech/wandb/run-20230612_180849-g1bdtiks
wandb: Run `wandb offline` to turn off syncing.
wandb: Syncing run easy-breeze-252
wandb: ⭐️ View project at https://wandb.ai/is_project/vision_models
wandb: 🚀 View run at https://wandb.ai/is_project/vision_models/runs/g1bdtiks
number of available devices: 1
obtained dataloaders
Some weights of the model checkpoint at bert-large-cased were not used when initializing BertModel: ['cls.predictions.bias', 'cls.predictions.transform.dense.weight', 'cls.predictions.transform.LayerNorm.bias', 'cls.predictions.transform.LayerNorm.weight', 'cls.predictions.decoder.weight', 'cls.predictions.transform.dense.bias', 'cls.seq_relationship.weight', 'cls.seq_relationship.bias']
- This IS expected if you are initializing BertModel from the checkpoint of a model trained on another task or with another architecture (e.g. initializing a BertForSequenceClassification model from a BertForPreTraining model).
- This IS NOT expected if you are initializing BertModel from the checkpoint of a model that you expect to be exactly identical (initializing a BertForSequenceClassification model from a BertForSequenceClassification model).
loaded models
Train Epoch-0   Iter-0  /706	loss 0.7686 (0.7686)	accu 0.375 (0.375)	
Train Epoch-0   Iter-25 /706	loss 0.7163 (0.6818)	accu 0.375 (0.567)	
Train Epoch-0   Iter-50 /706	loss 0.5920 (0.6867)	accu 0.750 (0.547)	
Train Epoch-0   Iter-75 /706	loss 0.7042 (0.6983)	accu 0.500 (0.518)	
Train Epoch-0   Iter-100/706	loss 0.7457 (0.6941)	accu 0.500 (0.524)	
Train Epoch-0   Iter-125/706	loss 0.8968 (0.6922)	accu 0.250 (0.529)	
Train Epoch-0   Iter-150/706	loss 0.5488 (0.6862)	accu 0.750 (0.545)	
Train Epoch-0   Iter-175/706	loss 0.6309 (0.6842)	accu 0.625 (0.551)	
Train Epoch-0   Iter-200/706	loss 0.6271 (0.6849)	accu 0.625 (0.552)	
Train Epoch-0   Iter-225/706	loss 0.5719 (0.6811)	accu 0.875 (0.561)	
Train Epoch-0   Iter-250/706	loss 0.5932 (0.6772)	accu 0.750 (0.566)	
Train Epoch-0   Iter-275/706	loss 0.3004 (0.6718)	accu 1.000 (0.575)	
Train Epoch-0   Iter-300/706	loss 0.6028 (0.6693)	accu 0.625 (0.581)	
Train Epoch-0   Iter-325/706	loss 0.6570 (0.6675)	accu 0.625 (0.582)	
Train Epoch-0   Iter-350/706	loss 0.5674 (0.6670)	accu 0.750 (0.584)	
Train Epoch-0   Iter-375/706	loss 0.4131 (0.6630)	accu 0.875 (0.586)	
Train Epoch-0   Iter-400/706	loss 0.3992 (0.6562)	accu 0.875 (0.594)	
Train Epoch-0   Iter-425/706	loss 0.4554 (0.6485)	accu 0.625 (0.603)	
Train Epoch-0   Iter-450/706	loss 0.6873 (0.6442)	accu 0.500 (0.609)	
Train Epoch-0   Iter-475/706	loss 0.4506 (0.6408)	accu 0.875 (0.616)	
Train Epoch-0   Iter-500/706	loss 0.4266 (0.6384)	accu 0.750 (0.620)	
Train Epoch-0   Iter-525/706	loss 0.5145 (0.6356)	accu 0.750 (0.623)	
Train Epoch-0   Iter-550/706	loss 0.4747 (0.6354)	accu 0.875 (0.624)	
Train Epoch-0   Iter-575/706	loss 0.3251 (0.6300)	accu 1.000 (0.630)	
Train Epoch-0   Iter-600/706	loss 0.6325 (0.6259)	accu 0.500 (0.634)	
Train Epoch-0   Iter-625/706	loss 0.7585 (0.6256)	accu 0.500 (0.634)	
Train Epoch-0   Iter-650/706	loss 0.5245 (0.6235)	accu 0.625 (0.636)	
Train Epoch-0   Iter-675/706	loss 0.6868 (0.6204)	accu 0.750 (0.641)	
Train Epoch-0   Iter-700/706	loss 0.9226 (0.6187)	accu 0.375 (0.644)	
Eval Epoch-0   Iter-0  /52 	loss 0.1415 (0.1415)	accu 1.000 (1.000)	
Eval Epoch-0   Iter-25 /52 	loss 0.5127 (0.5762)	accu 0.625 (0.615)	
Eval Epoch-0   Iter-50 /52 	loss 0.4402 (0.5879)	accu 0.750 (0.662)	
Epoch-0   Train: loss 0.6176	accu 0.6448	Eval: loss 0.6027	accu 0.6587
Train Epoch-1   Iter-0  /706	loss 0.3733 (0.3733)	accu 0.875 (0.875)	
Train Epoch-1   Iter-25 /706	loss 0.3755 (0.5327)	accu 0.750 (0.755)	
Train Epoch-1   Iter-50 /706	loss 0.6455 (0.5265)	accu 0.625 (0.755)	
Train Epoch-1   Iter-75 /706	loss 0.7917 (0.5317)	accu 0.500 (0.747)	
Train Epoch-1   Iter-100/706	loss 0.9740 (0.5367)	accu 0.125 (0.733)	
Train Epoch-1   Iter-125/706	loss 0.7812 (0.5450)	accu 0.500 (0.733)	
Train Epoch-1   Iter-150/706	loss 0.5001 (0.5539)	accu 0.875 (0.728)	
Train Epoch-1   Iter-175/706	loss 0.5146 (0.5528)	accu 0.750 (0.729)	
Train Epoch-1   Iter-200/706	loss 0.5015 (0.5427)	accu 0.625 (0.734)	
Train Epoch-1   Iter-225/706	loss 0.7457 (0.5450)	accu 0.750 (0.732)	
Train Epoch-1   Iter-250/706	loss 0.4646 (0.5455)	accu 0.875 (0.729)	
Train Epoch-1   Iter-275/706	loss 0.5874 (0.5458)	accu 0.625 (0.728)	
Train Epoch-1   Iter-300/706	loss 0.3088 (0.5426)	accu 1.000 (0.730)	
Train Epoch-1   Iter-325/706	loss 0.3715 (0.5439)	accu 0.875 (0.728)	
Train Epoch-1   Iter-350/706	loss 0.2286 (0.5418)	accu 0.875 (0.728)	
Train Epoch-1   Iter-375/706	loss 0.3881 (0.5433)	accu 0.750 (0.727)	
Train Epoch-1   Iter-400/706	loss 0.6197 (0.5433)	accu 0.625 (0.724)	
Train Epoch-1   Iter-425/706	loss 0.9289 (0.5409)	accu 0.500 (0.726)	
Train Epoch-1   Iter-450/706	loss 0.4592 (0.5400)	accu 0.875 (0.728)	
Train Epoch-1   Iter-475/706	loss 0.2157 (0.5360)	accu 1.000 (0.734)	
Train Epoch-1   Iter-500/706	loss 0.4819 (0.5381)	accu 0.750 (0.732)	
Train Epoch-1   Iter-525/706	loss 0.2963 (0.5374)	accu 1.000 (0.732)	
Train Epoch-1   Iter-550/706	loss 0.4086 (0.5355)	accu 0.750 (0.733)	
Train Epoch-1   Iter-575/706	loss 0.4265 (0.5334)	accu 0.750 (0.735)	
Train Epoch-1   Iter-600/706	loss 0.2740 (0.5333)	accu 1.000 (0.735)	
Train Epoch-1   Iter-625/706	loss 0.1953 (0.5318)	accu 1.000 (0.737)	
Train Epoch-1   Iter-650/706	loss 0.5625 (0.5314)	accu 0.625 (0.736)	
Train Epoch-1   Iter-675/706	loss 0.5186 (0.5284)	accu 0.875 (0.739)	
Train Epoch-1   Iter-700/706	loss 0.4291 (0.5278)	accu 0.875 (0.741)	
Eval Epoch-1   Iter-0  /52 	loss 0.1862 (0.1862)	accu 0.875 (0.875)	
Eval Epoch-1   Iter-25 /52 	loss 0.5654 (0.5504)	accu 0.875 (0.740)	
Eval Epoch-1   Iter-50 /52 	loss 0.2420 (0.5477)	accu 0.875 (0.733)	
Epoch-1   Train: loss 0.5280	accu 0.7401	Eval: loss 0.5536	accu 0.7284
Train Epoch-2   Iter-0  /706	loss 0.3308 (0.3308)	accu 1.000 (1.000)	
Train Epoch-2   Iter-25 /706	loss 0.4268 (0.5211)	accu 0.875 (0.764)	
Train Epoch-2   Iter-50 /706	loss 0.5332 (0.5206)	accu 0.750 (0.762)	
Train Epoch-2   Iter-75 /706	loss 0.6497 (0.5411)	accu 0.750 (0.734)	
Train Epoch-2   Iter-100/706	loss 0.6236 (0.5509)	accu 0.750 (0.731)	
Train Epoch-2   Iter-125/706	loss 0.5445 (0.5516)	accu 0.750 (0.722)	
Train Epoch-2   Iter-150/706	loss 0.5613 (0.5427)	accu 0.750 (0.734)	
Train Epoch-2   Iter-175/706	loss 0.8937 (0.5221)	accu 0.500 (0.749)	
Train Epoch-2   Iter-200/706	loss 0.4035 (0.5208)	accu 0.750 (0.747)	
Train Epoch-2   Iter-225/706	loss 0.8034 (0.5244)	accu 0.625 (0.746)	
Train Epoch-2   Iter-250/706	loss 0.2579 (0.5261)	accu 1.000 (0.746)	
Train Epoch-2   Iter-275/706	loss 0.5865 (0.5237)	accu 0.750 (0.745)	
Train Epoch-2   Iter-300/706	loss 0.5083 (0.5214)	accu 0.750 (0.748)	
Train Epoch-2   Iter-325/706	loss 0.3727 (0.5186)	accu 0.875 (0.751)	
Train Epoch-2   Iter-350/706	loss 0.5663 (0.5173)	accu 0.750 (0.749)	
Train Epoch-2   Iter-375/706	loss 0.5697 (0.5147)	accu 0.625 (0.752)	
Train Epoch-2   Iter-400/706	loss 0.4659 (0.5104)	accu 0.750 (0.754)	
Train Epoch-2   Iter-425/706	loss 0.3740 (0.5110)	accu 0.875 (0.754)	
Train Epoch-2   Iter-450/706	loss 0.4085 (0.5102)	accu 0.875 (0.755)	
Train Epoch-2   Iter-475/706	loss 0.3375 (0.5124)	accu 0.875 (0.754)	
Train Epoch-2   Iter-500/706	loss 0.9303 (0.5161)	accu 0.500 (0.751)	
Train Epoch-2   Iter-525/706	loss 0.3928 (0.5162)	accu 1.000 (0.750)	
Train Epoch-2   Iter-550/706	loss 0.7880 (0.5132)	accu 0.625 (0.751)	
Train Epoch-2   Iter-575/706	loss 0.5415 (0.5145)	accu 0.750 (0.750)	
Train Epoch-2   Iter-600/706	loss 0.2927 (0.5141)	accu 0.875 (0.751)	
Train Epoch-2   Iter-625/706	loss 0.2578 (0.5139)	accu 1.000 (0.751)	
Train Epoch-2   Iter-650/706	loss 0.5395 (0.5104)	accu 0.625 (0.753)	
Train Epoch-2   Iter-675/706	loss 0.5438 (0.5103)	accu 0.750 (0.754)	
Train Epoch-2   Iter-700/706	loss 0.4752 (0.5113)	accu 0.625 (0.752)	
Eval Epoch-2   Iter-0  /52 	loss 0.3058 (0.3058)	accu 0.875 (0.875)	
Eval Epoch-2   Iter-25 /52 	loss 1.0033 (1.0207)	accu 0.375 (0.351)	
Eval Epoch-2   Iter-50 /52 	loss 0.1150 (0.7509)	accu 1.000 (0.551)	
Epoch-2   Train: loss 0.5125	accu 0.7505	Eval: loss 0.7553	accu 0.5505
Train Epoch-3   Iter-0  /706	loss 0.3909 (0.3909)	accu 0.875 (0.875)	
Train Epoch-3   Iter-25 /706	loss 0.5713 (0.4519)	accu 0.750 (0.803)	
Train Epoch-3   Iter-50 /706	loss 0.7792 (0.4327)	accu 0.500 (0.806)	
Train Epoch-3   Iter-75 /706	loss 0.6262 (0.4514)	accu 0.375 (0.786)	
Train Epoch-3   Iter-100/706	loss 0.4023 (0.4566)	accu 0.750 (0.792)	
Train Epoch-3   Iter-125/706	loss 0.6707 (0.4639)	accu 0.625 (0.785)	
Train Epoch-3   Iter-150/706	loss 0.6420 (0.4565)	accu 0.500 (0.788)	
Train Epoch-3   Iter-175/706	loss 0.1317 (0.4577)	accu 1.000 (0.784)	
Train Epoch-3   Iter-200/706	loss 0.5252 (0.4587)	accu 0.625 (0.782)	
Train Epoch-3   Iter-225/706	loss 0.7543 (0.4616)	accu 0.625 (0.780)	
Train Epoch-3   Iter-250/706	loss 0.4609 (0.4593)	accu 0.750 (0.783)	
Train Epoch-3   Iter-275/706	loss 0.4928 (0.4617)	accu 0.750 (0.779)	
Train Epoch-3   Iter-300/706	loss 0.8604 (0.4633)	accu 0.625 (0.781)	
Train Epoch-3   Iter-325/706	loss 0.1945 (0.4622)	accu 1.000 (0.784)	
Train Epoch-3   Iter-350/706	loss 0.2912 (0.4611)	accu 0.875 (0.786)	
Train Epoch-3   Iter-375/706	loss 0.7301 (0.4553)	accu 0.625 (0.790)	
Train Epoch-3   Iter-400/706	loss 0.3270 (0.4565)	accu 0.875 (0.789)	
Train Epoch-3   Iter-425/706	loss 0.4369 (0.4545)	accu 0.875 (0.790)	
Train Epoch-3   Iter-450/706	loss 0.3813 (0.4542)	accu 0.750 (0.790)	
Train Epoch-3   Iter-475/706	loss 0.3700 (0.4539)	accu 0.875 (0.790)	
Train Epoch-3   Iter-500/706	loss 0.6522 (0.4522)	accu 0.625 (0.791)	
Train Epoch-3   Iter-525/706	loss 0.3767 (0.4491)	accu 0.875 (0.793)	
Train Epoch-3   Iter-550/706	loss 0.2904 (0.4459)	accu 1.000 (0.795)	
Train Epoch-3   Iter-575/706	loss 0.3736 (0.4478)	accu 0.875 (0.792)	
Train Epoch-3   Iter-600/706	loss 0.6762 (0.4481)	accu 0.625 (0.792)	
Train Epoch-3   Iter-625/706	loss 0.4873 (0.4471)	accu 0.750 (0.793)	
Train Epoch-3   Iter-650/706	loss 0.6483 (0.4457)	accu 0.750 (0.795)	
Train Epoch-3   Iter-675/706	loss 0.2470 (0.4448)	accu 0.875 (0.796)	
Train Epoch-3   Iter-700/706	loss 0.4454 (0.4456)	accu 0.750 (0.794)	
Eval Epoch-3   Iter-0  /52 	loss 0.1087 (0.1087)	accu 1.000 (1.000)	
Eval Epoch-3   Iter-25 /52 	loss 0.4764 (0.5409)	accu 0.625 (0.697)	
Eval Epoch-3   Iter-50 /52 	loss 0.2910 (0.4989)	accu 0.875 (0.748)	
Epoch-3   Train: loss 0.4452	accu 0.7945	Eval: loss 0.5152	accu 0.7428
Train Epoch-4   Iter-0  /706	loss 0.5060 (0.5060)	accu 0.750 (0.750)	
Train Epoch-4   Iter-25 /706	loss 0.1541 (0.3704)	accu 0.875 (0.822)	
Train Epoch-4   Iter-50 /706	loss 0.4819 (0.4024)	accu 0.750 (0.821)	
Train Epoch-4   Iter-75 /706	loss 0.4286 (0.3910)	accu 0.875 (0.829)	
Train Epoch-4   Iter-100/706	loss 0.3801 (0.3790)	accu 0.875 (0.833)	
Train Epoch-4   Iter-125/706	loss 0.1653 (0.3836)	accu 1.000 (0.828)	
Train Epoch-4   Iter-150/706	loss 0.5448 (0.3839)	accu 0.750 (0.829)	
Train Epoch-4   Iter-175/706	loss 0.4387 (0.3891)	accu 0.750 (0.827)	
Train Epoch-4   Iter-200/706	loss 0.5993 (0.3951)	accu 0.625 (0.826)	
Train Epoch-4   Iter-225/706	loss 0.5752 (0.3933)	accu 0.625 (0.826)	
Train Epoch-4   Iter-250/706	loss 0.8587 (0.4003)	accu 0.375 (0.822)	
Train Epoch-4   Iter-275/706	loss 0.2389 (0.3984)	accu 0.875 (0.824)	
Train Epoch-4   Iter-300/706	loss 0.1562 (0.4002)	accu 1.000 (0.821)	
Train Epoch-4   Iter-325/706	loss 0.3297 (0.3968)	accu 0.875 (0.824)	
Train Epoch-4   Iter-350/706	loss 0.8527 (0.3961)	accu 0.500 (0.824)	
Train Epoch-4   Iter-375/706	loss 0.1684 (0.3967)	accu 0.875 (0.824)	
Train Epoch-4   Iter-400/706	loss 0.4183 (0.4001)	accu 0.750 (0.822)	
Train Epoch-4   Iter-425/706	loss 0.2380 (0.4002)	accu 1.000 (0.822)	
Train Epoch-4   Iter-450/706	loss 0.4072 (0.4005)	accu 0.750 (0.822)	
Train Epoch-4   Iter-475/706	loss 0.1409 (0.3981)	accu 1.000 (0.825)	
Train Epoch-4   Iter-500/706	loss 0.2541 (0.4008)	accu 1.000 (0.823)	
Train Epoch-4   Iter-525/706	loss 0.4058 (0.4010)	accu 0.875 (0.822)	
Train Epoch-4   Iter-550/706	loss 0.4373 (0.4001)	accu 0.750 (0.822)	
Train Epoch-4   Iter-575/706	loss 0.3082 (0.4006)	accu 0.875 (0.822)	
Train Epoch-4   Iter-600/706	loss 0.4530 (0.3995)	accu 0.625 (0.821)	
Train Epoch-4   Iter-625/706	loss 0.2626 (0.3966)	accu 0.875 (0.822)	
Train Epoch-4   Iter-650/706	loss 0.1828 (0.3961)	accu 1.000 (0.821)	
Train Epoch-4   Iter-675/706	loss 0.3309 (0.3960)	accu 0.875 (0.822)	
Train Epoch-4   Iter-700/706	loss 0.4483 (0.3968)	accu 0.750 (0.822)	
Eval Epoch-4   Iter-0  /52 	loss 0.1939 (0.1939)	accu 0.875 (0.875)	
Eval Epoch-4   Iter-25 /52 	loss 0.6041 (0.7571)	accu 0.500 (0.572)	
Eval Epoch-4   Iter-50 /52 	loss 0.2357 (0.5800)	accu 0.875 (0.679)	
Epoch-4   Train: loss 0.3973	accu 0.8211	Eval: loss 0.5934	accu 0.6755
Train Epoch-5   Iter-0  /706	loss 0.2289 (0.2289)	accu 0.875 (0.875)	
Train Epoch-5   Iter-25 /706	loss 0.0796 (0.3636)	accu 1.000 (0.827)	
Train Epoch-5   Iter-50 /706	loss 0.4148 (0.3480)	accu 0.750 (0.848)	
Train Epoch-5   Iter-75 /706	loss 0.3720 (0.3719)	accu 0.875 (0.834)	
Train Epoch-5   Iter-100/706	loss 0.4171 (0.3858)	accu 0.750 (0.825)	
Train Epoch-5   Iter-125/706	loss 0.6820 (0.3906)	accu 0.750 (0.822)	
Train Epoch-5   Iter-150/706	loss 0.6630 (0.3953)	accu 0.625 (0.822)	
Train Epoch-5   Iter-175/706	loss 0.3992 (0.3966)	accu 0.875 (0.821)	
Train Epoch-5   Iter-200/706	loss 0.1512 (0.3906)	accu 1.000 (0.823)	
Train Epoch-5   Iter-225/706	loss 0.4697 (0.3909)	accu 0.875 (0.821)	
Train Epoch-5   Iter-250/706	loss 0.3702 (0.3889)	accu 0.875 (0.825)	
Train Epoch-5   Iter-275/706	loss 0.3988 (0.3793)	accu 0.875 (0.832)	
Train Epoch-5   Iter-300/706	loss 0.0987 (0.3724)	accu 1.000 (0.834)	
Train Epoch-5   Iter-325/706	loss 0.4887 (0.3761)	accu 0.875 (0.832)	
Train Epoch-5   Iter-350/706	loss 0.2989 (0.3742)	accu 0.875 (0.834)	
Train Epoch-5   Iter-375/706	loss 0.1588 (0.3709)	accu 1.000 (0.837)	
Train Epoch-5   Iter-400/706	loss 0.3860 (0.3689)	accu 0.750 (0.838)	
Train Epoch-5   Iter-425/706	loss 0.2139 (0.3685)	accu 0.875 (0.839)	
Train Epoch-5   Iter-450/706	loss 0.3903 (0.3674)	accu 0.750 (0.839)	
Train Epoch-5   Iter-475/706	loss 0.5497 (0.3646)	accu 0.625 (0.840)	
Train Epoch-5   Iter-500/706	loss 0.5162 (0.3645)	accu 0.875 (0.839)	
Train Epoch-5   Iter-525/706	loss 0.2403 (0.3657)	accu 1.000 (0.840)	
Train Epoch-5   Iter-550/706	loss 0.5997 (0.3656)	accu 0.750 (0.841)	
Train Epoch-5   Iter-575/706	loss 0.8061 (0.3671)	accu 0.625 (0.840)	
Train Epoch-5   Iter-600/706	loss 0.5448 (0.3655)	accu 0.750 (0.841)	
Train Epoch-5   Iter-625/706	loss 0.4570 (0.3662)	accu 0.750 (0.840)	
Train Epoch-5   Iter-650/706	loss 0.2800 (0.3671)	accu 0.875 (0.840)	
Train Epoch-5   Iter-675/706	loss 0.4774 (0.3685)	accu 0.750 (0.839)	
Train Epoch-5   Iter-700/706	loss 0.3801 (0.3674)	accu 0.875 (0.840)	
Eval Epoch-5   Iter-0  /52 	loss 0.0671 (0.0671)	accu 1.000 (1.000)	
Eval Epoch-5   Iter-25 /52 	loss 0.6403 (0.7323)	accu 0.625 (0.615)	
Eval Epoch-5   Iter-50 /52 	loss 0.0915 (0.5884)	accu 1.000 (0.723)	
Epoch-5   Train: loss 0.3665	accu 0.8405	Eval: loss 0.6113	accu 0.7188
Train Epoch-6   Iter-0  /706	loss 0.2487 (0.2487)	accu 0.875 (0.875)	
Train Epoch-6   Iter-25 /706	loss 0.0941 (0.2652)	accu 1.000 (0.894)	
Train Epoch-6   Iter-50 /706	loss 0.2669 (0.3327)	accu 0.875 (0.858)	
Train Epoch-6   Iter-75 /706	loss 0.3932 (0.3511)	accu 0.875 (0.845)	
Train Epoch-6   Iter-100/706	loss 0.4743 (0.3620)	accu 0.750 (0.845)	
Train Epoch-6   Iter-125/706	loss 0.2414 (0.3529)	accu 0.875 (0.846)	
Train Epoch-6   Iter-150/706	loss 0.2357 (0.3469)	accu 1.000 (0.847)	
Train Epoch-6   Iter-175/706	loss 0.1143 (0.3500)	accu 1.000 (0.844)	
Train Epoch-6   Iter-200/706	loss 0.2494 (0.3470)	accu 1.000 (0.847)	
Train Epoch-6   Iter-225/706	loss 0.1740 (0.3466)	accu 1.000 (0.850)	
Train Epoch-6   Iter-250/706	loss 0.6555 (0.3428)	accu 0.625 (0.852)	
Train Epoch-6   Iter-275/706	loss 0.3369 (0.3433)	accu 0.750 (0.849)	
Train Epoch-6   Iter-300/706	loss 0.0922 (0.3407)	accu 1.000 (0.853)	
Train Epoch-6   Iter-325/706	loss 0.2477 (0.3410)	accu 0.875 (0.851)	
Train Epoch-6   Iter-350/706	loss 0.2771 (0.3436)	accu 0.875 (0.850)	
Train Epoch-6   Iter-375/706	loss 0.4027 (0.3454)	accu 0.875 (0.849)	
Train Epoch-6   Iter-400/706	loss 0.1465 (0.3409)	accu 1.000 (0.851)	
Train Epoch-6   Iter-425/706	loss 0.2563 (0.3426)	accu 0.875 (0.849)	
Train Epoch-6   Iter-450/706	loss 0.3671 (0.3432)	accu 0.750 (0.848)	
Train Epoch-6   Iter-475/706	loss 0.2001 (0.3440)	accu 0.875 (0.848)	
Train Epoch-6   Iter-500/706	loss 0.1781 (0.3425)	accu 1.000 (0.849)	
Train Epoch-6   Iter-525/706	loss 0.3958 (0.3413)	accu 0.750 (0.850)	
Train Epoch-6   Iter-550/706	loss 0.3734 (0.3414)	accu 0.875 (0.851)	
Train Epoch-6   Iter-575/706	loss 0.2134 (0.3399)	accu 0.875 (0.852)	
Train Epoch-6   Iter-600/706	loss 0.2635 (0.3401)	accu 1.000 (0.852)	
Train Epoch-6   Iter-625/706	loss 0.2884 (0.3384)	accu 0.875 (0.853)	
Train Epoch-6   Iter-650/706	loss 0.2094 (0.3396)	accu 1.000 (0.851)	
Train Epoch-6   Iter-675/706	loss 0.1738 (0.3406)	accu 1.000 (0.853)	
Train Epoch-6   Iter-700/706	loss 0.5728 (0.3417)	accu 0.750 (0.854)	
Eval Epoch-6   Iter-0  /52 	loss 0.3205 (0.3205)	accu 0.875 (0.875)	
Eval Epoch-6   Iter-25 /52 	loss 0.5832 (0.7868)	accu 0.625 (0.591)	
Eval Epoch-6   Iter-50 /52 	loss 0.1525 (0.5988)	accu 1.000 (0.696)	
Epoch-6   Train: loss 0.3433	accu 0.8523	Eval: loss 0.6177	accu 0.6923
Train Epoch-7   Iter-0  /706	loss 0.2433 (0.2433)	accu 1.000 (1.000)	
Train Epoch-7   Iter-25 /706	loss 0.3167 (0.3087)	accu 1.000 (0.899)	
Train Epoch-7   Iter-50 /706	loss 0.0502 (0.3283)	accu 1.000 (0.863)	
Train Epoch-7   Iter-75 /706	loss 0.2089 (0.3468)	accu 0.875 (0.855)	
Train Epoch-7   Iter-100/706	loss 0.1037 (0.3435)	accu 1.000 (0.854)	
Train Epoch-7   Iter-125/706	loss 0.2321 (0.3258)	accu 0.875 (0.865)	
Train Epoch-7   Iter-150/706	loss 0.4787 (0.3349)	accu 0.750 (0.857)	
Train Epoch-7   Iter-175/706	loss 0.3715 (0.3321)	accu 0.875 (0.859)	
Train Epoch-7   Iter-200/706	loss 0.2441 (0.3282)	accu 1.000 (0.859)	
Train Epoch-7   Iter-225/706	loss 0.1203 (0.3322)	accu 1.000 (0.853)	
Train Epoch-7   Iter-250/706	loss 0.3811 (0.3310)	accu 0.875 (0.856)	
Train Epoch-7   Iter-275/706	loss 0.2211 (0.3305)	accu 1.000 (0.858)	
Train Epoch-7   Iter-300/706	loss 0.4107 (0.3330)	accu 0.875 (0.858)	
Train Epoch-7   Iter-325/706	loss 0.6500 (0.3332)	accu 0.625 (0.856)	
Train Epoch-7   Iter-350/706	loss 0.3258 (0.3321)	accu 0.875 (0.858)	
Train Epoch-7   Iter-375/706	loss 0.3234 (0.3365)	accu 0.875 (0.858)	
Train Epoch-7   Iter-400/706	loss 0.1765 (0.3326)	accu 1.000 (0.861)	
Train Epoch-7   Iter-425/706	loss 0.1322 (0.3332)	accu 1.000 (0.859)	
Train Epoch-7   Iter-450/706	loss 0.1440 (0.3379)	accu 1.000 (0.859)	
Train Epoch-7   Iter-475/706	loss 0.3417 (0.3440)	accu 1.000 (0.855)	
Train Epoch-7   Iter-500/706	loss 0.4576 (0.3457)	accu 0.750 (0.855)	
Train Epoch-7   Iter-525/706	loss 0.2474 (0.3444)	accu 0.875 (0.856)	
Train Epoch-7   Iter-550/706	loss 0.0870 (0.3451)	accu 1.000 (0.857)	
Train Epoch-7   Iter-575/706	loss 1.0075 (0.3450)	accu 0.500 (0.857)	
Train Epoch-7   Iter-600/706	loss 0.1718 (0.3451)	accu 0.875 (0.856)	
Train Epoch-7   Iter-625/706	loss 0.1031 (0.3457)	accu 1.000 (0.855)	
Train Epoch-7   Iter-650/706	loss 0.0550 (0.3445)	accu 1.000 (0.855)	
Train Epoch-7   Iter-675/706	loss 0.2569 (0.3449)	accu 1.000 (0.855)	
Train Epoch-7   Iter-700/706	loss 0.4070 (0.3432)	accu 0.750 (0.855)	
Eval Epoch-7   Iter-0  /52 	loss 0.1701 (0.1701)	accu 0.875 (0.875)	
Eval Epoch-7   Iter-25 /52 	loss 0.3930 (0.5116)	accu 0.625 (0.726)	
Eval Epoch-7   Iter-50 /52 	loss 0.2997 (0.4743)	accu 0.875 (0.765)	
Epoch-7   Train: loss 0.3429	accu 0.8552	Eval: loss 0.4902	accu 0.7596
Train Epoch-8   Iter-0  /706	loss 0.4422 (0.4422)	accu 0.750 (0.750)	
Train Epoch-8   Iter-25 /706	loss 0.1425 (0.3126)	accu 1.000 (0.880)	
Train Epoch-8   Iter-50 /706	loss 0.0471 (0.2747)	accu 1.000 (0.904)	
Train Epoch-8   Iter-75 /706	loss 0.6385 (0.2943)	accu 0.625 (0.891)	
Train Epoch-8   Iter-100/706	loss 0.1075 (0.2887)	accu 1.000 (0.894)	
Train Epoch-8   Iter-125/706	loss 0.1830 (0.2927)	accu 1.000 (0.885)	
Train Epoch-8   Iter-150/706	loss 0.1971 (0.3030)	accu 1.000 (0.877)	
Train Epoch-8   Iter-175/706	loss 0.1800 (0.2974)	accu 0.875 (0.881)	
Train Epoch-8   Iter-200/706	loss 0.5939 (0.3054)	accu 0.875 (0.873)	
Train Epoch-8   Iter-225/706	loss 0.3399 (0.3073)	accu 0.875 (0.874)	
Train Epoch-8   Iter-250/706	loss 0.3055 (0.3110)	accu 0.875 (0.873)	
Train Epoch-8   Iter-275/706	loss 0.2494 (0.3124)	accu 1.000 (0.873)	
Train Epoch-8   Iter-300/706	loss 0.2876 (0.3146)	accu 0.875 (0.872)	
Train Epoch-8   Iter-325/706	loss 0.2856 (0.3144)	accu 1.000 (0.873)	
Train Epoch-8   Iter-350/706	loss 0.5613 (0.3184)	accu 0.750 (0.870)	
Train Epoch-8   Iter-375/706	loss 0.3975 (0.3207)	accu 0.625 (0.869)	
Train Epoch-8   Iter-400/706	loss 0.2229 (0.3234)	accu 0.875 (0.867)	
Train Epoch-8   Iter-425/706	loss 0.2266 (0.3265)	accu 0.875 (0.865)	
Train Epoch-8   Iter-450/706	loss 0.1927 (0.3230)	accu 0.875 (0.866)	
Train Epoch-8   Iter-475/706	loss 0.3448 (0.3243)	accu 0.875 (0.865)	
Train Epoch-8   Iter-500/706	loss 0.1308 (0.3217)	accu 1.000 (0.865)	
Train Epoch-8   Iter-525/706	loss 0.4202 (0.3264)	accu 0.750 (0.864)	
Train Epoch-8   Iter-550/706	loss 0.5154 (0.3258)	accu 0.750 (0.864)	
Train Epoch-8   Iter-575/706	loss 0.1385 (0.3266)	accu 1.000 (0.864)	
Train Epoch-8   Iter-600/706	loss 0.3481 (0.3248)	accu 0.875 (0.865)	
Train Epoch-8   Iter-625/706	loss 0.4676 (0.3220)	accu 0.750 (0.867)	
Train Epoch-8   Iter-650/706	loss 0.4108 (0.3212)	accu 0.875 (0.867)	
Train Epoch-8   Iter-675/706	loss 0.1444 (0.3192)	accu 1.000 (0.869)	
Train Epoch-8   Iter-700/706	loss 0.2994 (0.3195)	accu 0.750 (0.868)	
Eval Epoch-8   Iter-0  /52 	loss 0.0428 (0.0428)	accu 1.000 (1.000)	
Eval Epoch-8   Iter-25 /52 	loss 0.2856 (0.3962)	accu 0.875 (0.832)	
Eval Epoch-8   Iter-50 /52 	loss 0.4459 (0.4701)	accu 0.875 (0.782)	
Epoch-8   Train: loss 0.3195	accu 0.8680	Eval: loss 0.5020	accu 0.7764
Train Epoch-9   Iter-0  /706	loss 0.4680 (0.4680)	accu 0.625 (0.625)	
Train Epoch-9   Iter-25 /706	loss 0.1619 (0.3309)	accu 0.875 (0.856)	
Train Epoch-9   Iter-50 /706	loss 0.1922 (0.3126)	accu 0.875 (0.870)	
Train Epoch-9   Iter-75 /706	loss 0.2923 (0.3040)	accu 0.875 (0.873)	
Train Epoch-9   Iter-100/706	loss 0.8096 (0.2988)	accu 0.750 (0.880)	
Train Epoch-9   Iter-125/706	loss 0.4906 (0.3067)	accu 0.875 (0.873)	
Train Epoch-9   Iter-150/706	loss 0.1861 (0.3061)	accu 1.000 (0.870)	
Train Epoch-9   Iter-175/706	loss 0.5354 (0.3080)	accu 0.750 (0.869)	
Train Epoch-9   Iter-200/706	loss 1.1708 (0.3089)	accu 0.375 (0.868)	
Train Epoch-9   Iter-225/706	loss 0.2780 (0.3093)	accu 0.875 (0.866)	
Train Epoch-9   Iter-250/706	loss 0.3907 (0.3057)	accu 0.875 (0.869)	
Train Epoch-9   Iter-275/706	loss 0.2174 (0.3103)	accu 0.875 (0.868)	
Train Epoch-9   Iter-300/706	loss 0.2961 (0.3156)	accu 0.875 (0.866)	
Train Epoch-9   Iter-325/706	loss 0.5407 (0.3164)	accu 0.625 (0.864)	
Train Epoch-9   Iter-350/706	loss 0.0860 (0.3149)	accu 1.000 (0.865)	
Train Epoch-9   Iter-375/706	loss 0.1755 (0.3104)	accu 1.000 (0.867)	
Train Epoch-9   Iter-400/706	loss 0.2050 (0.3132)	accu 0.875 (0.865)	
Train Epoch-9   Iter-425/706	loss 0.3999 (0.3096)	accu 0.875 (0.867)	
Train Epoch-9   Iter-450/706	loss 0.1907 (0.3097)	accu 1.000 (0.869)	
Train Epoch-9   Iter-475/706	loss 0.5457 (0.3115)	accu 0.750 (0.867)	
Train Epoch-9   Iter-500/706	loss 0.2027 (0.3114)	accu 0.875 (0.867)	
Train Epoch-9   Iter-525/706	loss 0.4021 (0.3117)	accu 0.875 (0.866)	
Train Epoch-9   Iter-550/706	loss 0.0761 (0.3113)	accu 1.000 (0.867)	
Train Epoch-9   Iter-575/706	loss 0.1711 (0.3119)	accu 0.875 (0.865)	
Train Epoch-9   Iter-600/706	loss 0.0144 (0.3080)	accu 1.000 (0.867)	
Train Epoch-9   Iter-625/706	loss 0.3729 (0.3111)	accu 0.875 (0.866)	
Train Epoch-9   Iter-650/706	loss 0.1144 (0.3122)	accu 1.000 (0.865)	
Train Epoch-9   Iter-675/706	loss 0.3464 (0.3128)	accu 0.750 (0.865)	
Train Epoch-9   Iter-700/706	loss 0.2745 (0.3138)	accu 0.875 (0.865)	
Eval Epoch-9   Iter-0  /52 	loss 0.1465 (0.1465)	accu 1.000 (1.000)	
Eval Epoch-9   Iter-25 /52 	loss 0.3977 (0.4831)	accu 0.750 (0.779)	
Eval Epoch-9   Iter-50 /52 	loss 0.2348 (0.4597)	accu 0.875 (0.775)	
Epoch-9   Train: loss 0.3138	accu 0.8656	Eval: loss 0.4765	accu 0.7692
Train Epoch-10  Iter-0  /706	loss 0.3839 (0.3839)	accu 0.750 (0.750)	
Train Epoch-10  Iter-25 /706	loss 0.1702 (0.2397)	accu 1.000 (0.913)	
Train Epoch-10  Iter-50 /706	loss 0.3097 (0.2676)	accu 0.875 (0.892)	
Train Epoch-10  Iter-75 /706	loss 0.6451 (0.2879)	accu 0.500 (0.880)	
Train Epoch-10  Iter-100/706	loss 0.0830 (0.2686)	accu 1.000 (0.892)	
Train Epoch-10  Iter-125/706	loss 0.6204 (0.2756)	accu 0.750 (0.884)	
Train Epoch-10  Iter-150/706	loss 0.4496 (0.2788)	accu 0.500 (0.880)	
Train Epoch-10  Iter-175/706	loss 0.3028 (0.2819)	accu 0.875 (0.882)	
Train Epoch-10  Iter-200/706	loss 0.1447 (0.2812)	accu 1.000 (0.883)	
Train Epoch-10  Iter-225/706	loss 0.3712 (0.2781)	accu 0.750 (0.883)	
Train Epoch-10  Iter-250/706	loss 0.0636 (0.2800)	accu 1.000 (0.881)	
Train Epoch-10  Iter-275/706	loss 0.2853 (0.2850)	accu 0.875 (0.878)	
Train Epoch-10  Iter-300/706	loss 0.2678 (0.2816)	accu 0.875 (0.880)	
Train Epoch-10  Iter-325/706	loss 0.1923 (0.2791)	accu 1.000 (0.882)	
Train Epoch-10  Iter-350/706	loss 0.7955 (0.2782)	accu 0.875 (0.882)	
Train Epoch-10  Iter-375/706	loss 0.2701 (0.2849)	accu 0.750 (0.877)	
Train Epoch-10  Iter-400/706	loss 0.1107 (0.2851)	accu 1.000 (0.877)	
Train Epoch-10  Iter-425/706	loss 0.1848 (0.2857)	accu 1.000 (0.877)	
Train Epoch-10  Iter-450/706	loss 0.6254 (0.2859)	accu 0.750 (0.878)	
Train Epoch-10  Iter-475/706	loss 0.0428 (0.2821)	accu 1.000 (0.880)	
Train Epoch-10  Iter-500/706	loss 0.3481 (0.2873)	accu 0.750 (0.877)	
Train Epoch-10  Iter-525/706	loss 0.4433 (0.2921)	accu 0.750 (0.874)	
Train Epoch-10  Iter-550/706	loss 0.2268 (0.2968)	accu 1.000 (0.871)	
Train Epoch-10  Iter-575/706	loss 0.2050 (0.2933)	accu 0.875 (0.874)	
Train Epoch-10  Iter-600/706	loss 0.5185 (0.2950)	accu 0.500 (0.873)	
Train Epoch-10  Iter-625/706	loss 0.1888 (0.2975)	accu 1.000 (0.872)	
Train Epoch-10  Iter-650/706	loss 0.1717 (0.2959)	accu 1.000 (0.873)	
Train Epoch-10  Iter-675/706	loss 0.3952 (0.2969)	accu 0.750 (0.872)	
Train Epoch-10  Iter-700/706	loss 0.1960 (0.2979)	accu 0.875 (0.872)	
Eval Epoch-10  Iter-0  /52 	loss 0.0803 (0.0803)	accu 1.000 (1.000)	
Eval Epoch-10  Iter-25 /52 	loss 0.5178 (0.6148)	accu 0.500 (0.692)	
Eval Epoch-10  Iter-50 /52 	loss 0.1003 (0.5151)	accu 1.000 (0.760)	
Epoch-10  Train: loss 0.2980	accu 0.8715	Eval: loss 0.5342	accu 0.7548
Train Epoch-11  Iter-0  /706	loss 0.3007 (0.3007)	accu 0.875 (0.875)	
Train Epoch-11  Iter-25 /706	loss 0.1549 (0.2661)	accu 1.000 (0.913)	
Train Epoch-11  Iter-50 /706	loss 0.2423 (0.2765)	accu 0.875 (0.897)	
Train Epoch-11  Iter-75 /706	loss 0.1487 (0.2804)	accu 1.000 (0.900)	
Train Epoch-11  Iter-100/706	loss 0.1024 (0.2795)	accu 1.000 (0.894)	
Train Epoch-11  Iter-125/706	loss 0.4188 (0.2805)	accu 0.750 (0.888)	
Train Epoch-11  Iter-150/706	loss 0.2125 (0.2799)	accu 0.875 (0.887)	
Train Epoch-11  Iter-175/706	loss 0.1702 (0.2760)	accu 0.875 (0.892)	
Train Epoch-11  Iter-200/706	loss 0.4035 (0.2793)	accu 0.750 (0.888)	
Train Epoch-11  Iter-225/706	loss 0.7176 (0.2798)	accu 0.625 (0.887)	
Train Epoch-11  Iter-250/706	loss 0.2122 (0.2761)	accu 0.875 (0.889)	
Train Epoch-11  Iter-275/706	loss 0.2664 (0.2708)	accu 0.875 (0.892)	
Train Epoch-11  Iter-300/706	loss 0.4717 (0.2697)	accu 0.750 (0.891)	
Train Epoch-11  Iter-325/706	loss 0.4419 (0.2679)	accu 0.875 (0.891)	
Train Epoch-11  Iter-350/706	loss 0.2077 (0.2637)	accu 0.875 (0.894)	
Train Epoch-11  Iter-375/706	loss 0.2911 (0.2696)	accu 0.875 (0.891)	
Train Epoch-11  Iter-400/706	loss 0.0606 (0.2686)	accu 1.000 (0.890)	
Train Epoch-11  Iter-425/706	loss 0.1556 (0.2696)	accu 1.000 (0.890)	
Train Epoch-11  Iter-450/706	loss 0.2129 (0.2691)	accu 1.000 (0.890)	
Train Epoch-11  Iter-475/706	loss 0.1014 (0.2661)	accu 1.000 (0.892)	
Train Epoch-11  Iter-500/706	loss 0.1907 (0.2665)	accu 0.875 (0.891)	
Train Epoch-11  Iter-525/706	loss 0.0843 (0.2685)	accu 1.000 (0.890)	
Train Epoch-11  Iter-550/706	loss 0.1882 (0.2671)	accu 0.875 (0.890)	
Train Epoch-11  Iter-575/706	loss 0.0781 (0.2674)	accu 1.000 (0.890)	
Train Epoch-11  Iter-600/706	loss 0.1963 (0.2678)	accu 0.875 (0.890)	
Train Epoch-11  Iter-625/706	loss 0.4823 (0.2692)	accu 0.875 (0.889)	
Train Epoch-11  Iter-650/706	loss 0.3361 (0.2717)	accu 0.875 (0.887)	
Train Epoch-11  Iter-675/706	loss 0.1843 (0.2725)	accu 0.875 (0.886)	
Train Epoch-11  Iter-700/706	loss 0.4620 (0.2725)	accu 0.875 (0.886)	
Eval Epoch-11  Iter-0  /52 	loss 0.0991 (0.0991)	accu 1.000 (1.000)	
Eval Epoch-11  Iter-25 /52 	loss 0.7996 (0.8998)	accu 0.500 (0.620)	
Eval Epoch-11  Iter-50 /52 	loss 0.0440 (0.6928)	accu 1.000 (0.725)	
Epoch-11  Train: loss 0.2730	accu 0.8860	Eval: loss 0.7198	accu 0.7212
Train Epoch-12  Iter-0  /706	loss 0.0040 (0.0040)	accu 1.000 (1.000)	
Train Epoch-12  Iter-25 /706	loss 0.5167 (0.3450)	accu 0.875 (0.870)	
Train Epoch-12  Iter-50 /706	loss 0.4431 (0.2931)	accu 0.750 (0.892)	
Train Epoch-12  Iter-75 /706	loss 0.1394 (0.2696)	accu 1.000 (0.898)	
Train Epoch-12  Iter-100/706	loss 0.4894 (0.2873)	accu 0.625 (0.895)	
Train Epoch-12  Iter-125/706	loss 0.2407 (0.2841)	accu 0.875 (0.894)	
Train Epoch-12  Iter-150/706	loss 0.0479 (0.2698)	accu 1.000 (0.896)	
Train Epoch-12  Iter-175/706	loss 0.4147 (0.2770)	accu 0.875 (0.891)	
Train Epoch-12  Iter-200/706	loss 0.2394 (0.2737)	accu 0.875 (0.892)	
Train Epoch-12  Iter-225/706	loss 0.3363 (0.2741)	accu 0.875 (0.893)	
Train Epoch-12  Iter-250/706	loss 0.1102 (0.2732)	accu 0.875 (0.890)	
Train Epoch-12  Iter-275/706	loss 0.5681 (0.2698)	accu 0.875 (0.892)	
Train Epoch-12  Iter-300/706	loss 0.2144 (0.2678)	accu 0.875 (0.891)	
Train Epoch-12  Iter-325/706	loss 0.0930 (0.2690)	accu 1.000 (0.891)	
Train Epoch-12  Iter-350/706	loss 0.1043 (0.2669)	accu 1.000 (0.891)	
Train Epoch-12  Iter-375/706	loss 0.1452 (0.2662)	accu 0.875 (0.892)	
Train Epoch-12  Iter-400/706	loss 0.3027 (0.2659)	accu 0.875 (0.892)	
Train Epoch-12  Iter-425/706	loss 0.1443 (0.2616)	accu 0.875 (0.893)	
Train Epoch-12  Iter-450/706	loss 0.0087 (0.2597)	accu 1.000 (0.894)	
Train Epoch-12  Iter-475/706	loss 0.2699 (0.2546)	accu 0.875 (0.896)	
Train Epoch-12  Iter-500/706	loss 0.2458 (0.2537)	accu 0.875 (0.896)	
Train Epoch-12  Iter-525/706	loss 0.4047 (0.2555)	accu 0.750 (0.895)	
Train Epoch-12  Iter-550/706	loss 0.2456 (0.2564)	accu 0.875 (0.896)	
Train Epoch-12  Iter-575/706	loss 0.2014 (0.2590)	accu 1.000 (0.895)	
Train Epoch-12  Iter-600/706	loss 0.5415 (0.2603)	accu 0.625 (0.892)	
Train Epoch-12  Iter-625/706	loss 0.3908 (0.2620)	accu 0.750 (0.893)	
Train Epoch-12  Iter-650/706	loss 0.2116 (0.2627)	accu 1.000 (0.892)	
Train Epoch-12  Iter-675/706	loss 0.4112 (0.2628)	accu 0.875 (0.892)	
Train Epoch-12  Iter-700/706	loss 0.3949 (0.2632)	accu 0.875 (0.892)	
Eval Epoch-12  Iter-0  /52 	loss 0.0726 (0.0726)	accu 1.000 (1.000)	
Eval Epoch-12  Iter-25 /52 	loss 0.4598 (0.5539)	accu 0.625 (0.726)	
Eval Epoch-12  Iter-50 /52 	loss 0.1773 (0.5019)	accu 1.000 (0.767)	
Epoch-12  Train: loss 0.2630	accu 0.8915	Eval: loss 0.5367	accu 0.7620
Train Epoch-13  Iter-0  /706	loss 0.1841 (0.1841)	accu 1.000 (1.000)	
Train Epoch-13  Iter-25 /706	loss 0.3442 (0.2096)	accu 0.875 (0.923)	
Train Epoch-13  Iter-50 /706	loss 0.1374 (0.2285)	accu 1.000 (0.917)	
Train Epoch-13  Iter-75 /706	loss 0.3332 (0.2418)	accu 0.875 (0.906)	
Train Epoch-13  Iter-100/706	loss 0.2975 (0.2527)	accu 0.875 (0.895)	
Train Epoch-13  Iter-125/706	loss 0.1149 (0.2449)	accu 1.000 (0.905)	
Train Epoch-13  Iter-150/706	loss 0.1656 (0.2459)	accu 1.000 (0.901)	
Train Epoch-13  Iter-175/706	loss 0.0585 (0.2402)	accu 1.000 (0.902)	
Train Epoch-13  Iter-200/706	loss 0.2236 (0.2476)	accu 0.875 (0.897)	
Train Epoch-13  Iter-225/706	loss 0.1019 (0.2422)	accu 1.000 (0.900)	
Train Epoch-13  Iter-250/706	loss 0.1673 (0.2437)	accu 0.875 (0.902)	
Train Epoch-13  Iter-275/706	loss 0.1209 (0.2507)	accu 1.000 (0.899)	
Train Epoch-13  Iter-300/706	loss 0.2266 (0.2464)	accu 0.875 (0.900)	
Train Epoch-13  Iter-325/706	loss 0.2237 (0.2460)	accu 0.875 (0.900)	
Train Epoch-13  Iter-350/706	loss 0.1217 (0.2439)	accu 0.875 (0.900)	
Train Epoch-13  Iter-375/706	loss 0.1182 (0.2489)	accu 0.875 (0.897)	
Train Epoch-13  Iter-400/706	loss 0.4839 (0.2519)	accu 0.875 (0.897)	
Train Epoch-13  Iter-425/706	loss 0.3552 (0.2511)	accu 0.875 (0.898)	
Train Epoch-13  Iter-450/706	loss 0.0999 (0.2494)	accu 1.000 (0.899)	
Train Epoch-13  Iter-475/706	loss 0.2390 (0.2538)	accu 0.875 (0.896)	
Train Epoch-13  Iter-500/706	loss 0.4205 (0.2563)	accu 0.750 (0.894)	
Train Epoch-13  Iter-525/706	loss 0.0474 (0.2542)	accu 1.000 (0.896)	
Train Epoch-13  Iter-550/706	loss 0.2200 (0.2531)	accu 0.875 (0.896)	
Train Epoch-13  Iter-575/706	loss 0.4544 (0.2552)	accu 0.750 (0.895)	
Train Epoch-13  Iter-600/706	loss 0.3827 (0.2583)	accu 0.750 (0.893)	
Train Epoch-13  Iter-625/706	loss 0.3489 (0.2565)	accu 0.875 (0.893)	
Train Epoch-13  Iter-650/706	loss 0.0688 (0.2557)	accu 1.000 (0.893)	
Train Epoch-13  Iter-675/706	loss 0.0553 (0.2535)	accu 1.000 (0.894)	
Train Epoch-13  Iter-700/706	loss 0.0932 (0.2535)	accu 1.000 (0.894)	
Eval Epoch-13  Iter-0  /52 	loss 0.0763 (0.0763)	accu 1.000 (1.000)	
Eval Epoch-13  Iter-25 /52 	loss 1.3025 (1.1082)	accu 0.500 (0.562)	
Eval Epoch-13  Iter-50 /52 	loss 0.0113 (0.8093)	accu 1.000 (0.679)	
Epoch-13  Train: loss 0.2525	accu 0.8948	Eval: loss 0.8143	accu 0.6803
Train Epoch-14  Iter-0  /706	loss 0.2295 (0.2295)	accu 0.875 (0.875)	
Train Epoch-14  Iter-25 /706	loss 0.1685 (0.2377)	accu 1.000 (0.909)	
Train Epoch-14  Iter-50 /706	loss 0.5557 (0.2308)	accu 0.750 (0.914)	
Train Epoch-14  Iter-75 /706	loss 0.2188 (0.2405)	accu 0.875 (0.901)	
Train Epoch-14  Iter-100/706	loss 0.4661 (0.2394)	accu 0.750 (0.900)	
Train Epoch-14  Iter-125/706	loss 0.2486 (0.2437)	accu 0.875 (0.899)	
Train Epoch-14  Iter-150/706	loss 0.0091 (0.2373)	accu 1.000 (0.901)	
Train Epoch-14  Iter-175/706	loss 0.0232 (0.2262)	accu 1.000 (0.904)	
Train Epoch-14  Iter-200/706	loss 0.2675 (0.2333)	accu 0.875 (0.902)	
Train Epoch-14  Iter-225/706	loss 0.1178 (0.2377)	accu 1.000 (0.899)	
Train Epoch-14  Iter-250/706	loss 0.0700 (0.2358)	accu 1.000 (0.898)	
Train Epoch-14  Iter-275/706	loss 0.1153 (0.2375)	accu 1.000 (0.898)	
Train Epoch-14  Iter-300/706	loss 0.2917 (0.2377)	accu 0.875 (0.899)	
Train Epoch-14  Iter-325/706	loss 0.2219 (0.2361)	accu 0.875 (0.901)	
Train Epoch-14  Iter-350/706	loss 0.0974 (0.2326)	accu 1.000 (0.903)	
Train Epoch-14  Iter-375/706	loss 0.1209 (0.2320)	accu 1.000 (0.904)	
Train Epoch-14  Iter-400/706	loss 0.1134 (0.2314)	accu 1.000 (0.905)	
Train Epoch-14  Iter-425/706	loss 0.2948 (0.2334)	accu 0.750 (0.903)	
Train Epoch-14  Iter-450/706	loss 0.2867 (0.2351)	accu 0.875 (0.902)	
Train Epoch-14  Iter-475/706	loss 0.3130 (0.2337)	accu 0.750 (0.903)	
Train Epoch-14  Iter-500/706	loss 0.1914 (0.2388)	accu 0.875 (0.901)	
Train Epoch-14  Iter-525/706	loss 0.1488 (0.2412)	accu 1.000 (0.901)	
Train Epoch-14  Iter-550/706	loss 0.4997 (0.2411)	accu 0.750 (0.902)	
Train Epoch-14  Iter-575/706	loss 0.2322 (0.2447)	accu 1.000 (0.899)	
Train Epoch-14  Iter-600/706	loss 0.1648 (0.2430)	accu 1.000 (0.900)	
Train Epoch-14  Iter-625/706	loss 0.3751 (0.2415)	accu 0.750 (0.901)	
Train Epoch-14  Iter-650/706	loss 0.1644 (0.2411)	accu 0.875 (0.901)	
Train Epoch-14  Iter-675/706	loss 0.1046 (0.2432)	accu 1.000 (0.900)	
Train Epoch-14  Iter-700/706	loss 0.4757 (0.2417)	accu 0.875 (0.900)	
Eval Epoch-14  Iter-0  /52 	loss 0.1276 (0.1276)	accu 0.875 (0.875)	
Eval Epoch-14  Iter-25 /52 	loss 1.1651 (0.8117)	accu 0.500 (0.692)	
Eval Epoch-14  Iter-50 /52 	loss 0.0114 (0.6433)	accu 1.000 (0.755)	
Epoch-14  Train: loss 0.2410	accu 0.8998	Eval: loss 0.6577	accu 0.7524
Train Epoch-15  Iter-0  /706	loss 0.2718 (0.2718)	accu 0.875 (0.875)	
Train Epoch-15  Iter-25 /706	loss 0.1200 (0.2404)	accu 1.000 (0.894)	
Train Epoch-15  Iter-50 /706	loss 0.1040 (0.2185)	accu 1.000 (0.912)	
Train Epoch-15  Iter-75 /706	loss 0.1539 (0.2433)	accu 0.875 (0.901)	
Train Epoch-15  Iter-100/706	loss 0.1970 (0.2195)	accu 1.000 (0.916)	
Train Epoch-15  Iter-125/706	loss 0.2358 (0.2191)	accu 0.875 (0.915)	
Train Epoch-15  Iter-150/706	loss 0.0454 (0.2181)	accu 1.000 (0.912)	
Train Epoch-15  Iter-175/706	loss 0.1255 (0.2169)	accu 1.000 (0.913)	
Train Epoch-15  Iter-200/706	loss 0.3320 (0.2231)	accu 0.750 (0.909)	
Train Epoch-15  Iter-225/706	loss 0.0222 (0.2204)	accu 1.000 (0.910)	
Train Epoch-15  Iter-250/706	loss 0.2712 (0.2341)	accu 0.750 (0.903)	
Train Epoch-15  Iter-275/706	loss 0.2277 (0.2321)	accu 0.875 (0.906)	
Train Epoch-15  Iter-300/706	loss 0.1045 (0.2330)	accu 1.000 (0.904)	
Train Epoch-15  Iter-325/706	loss 0.1613 (0.2320)	accu 0.875 (0.904)	
Train Epoch-15  Iter-350/706	loss 0.1808 (0.2322)	accu 1.000 (0.903)	
Train Epoch-15  Iter-375/706	loss 0.0728 (0.2358)	accu 1.000 (0.902)	
Train Epoch-15  Iter-400/706	loss 0.0677 (0.2344)	accu 1.000 (0.902)	
Train Epoch-15  Iter-425/706	loss 0.2182 (0.2348)	accu 0.875 (0.903)	
Train Epoch-15  Iter-450/706	loss 0.2203 (0.2346)	accu 0.875 (0.903)	
Train Epoch-15  Iter-475/706	loss 0.1918 (0.2332)	accu 0.875 (0.903)	
Train Epoch-15  Iter-500/706	loss 0.5149 (0.2324)	accu 0.625 (0.903)	
Train Epoch-15  Iter-525/706	loss 0.0107 (0.2315)	accu 1.000 (0.905)	
Train Epoch-15  Iter-550/706	loss 0.6986 (0.2287)	accu 0.750 (0.906)	
Train Epoch-15  Iter-575/706	loss 0.5103 (0.2302)	accu 0.750 (0.905)	
Train Epoch-15  Iter-600/706	loss 0.1647 (0.2304)	accu 1.000 (0.906)	
Train Epoch-15  Iter-625/706	loss 0.2837 (0.2344)	accu 0.750 (0.902)	
Train Epoch-15  Iter-650/706	loss 0.3470 (0.2365)	accu 0.750 (0.902)	
Train Epoch-15  Iter-675/706	loss 0.0734 (0.2367)	accu 1.000 (0.902)	
Train Epoch-15  Iter-700/706	loss 0.2438 (0.2377)	accu 0.875 (0.901)	
Eval Epoch-15  Iter-0  /52 	loss 0.3741 (0.3741)	accu 0.750 (0.750)	
Eval Epoch-15  Iter-25 /52 	loss 1.0680 (0.8869)	accu 0.500 (0.577)	
Eval Epoch-15  Iter-50 /52 	loss 0.0539 (0.6557)	accu 1.000 (0.689)	
Epoch-15  Train: loss 0.2373	accu 0.9012	Eval: loss 0.6608	accu 0.6875
Epoch    16: reducing learning rate of group 0 to 3.0000e-05.
Train Epoch-16  Iter-0  /706	loss 0.6307 (0.6307)	accu 0.625 (0.625)	
Train Epoch-16  Iter-25 /706	loss 0.0802 (0.2632)	accu 1.000 (0.899)	
Train Epoch-16  Iter-50 /706	loss 0.0975 (0.2564)	accu 1.000 (0.895)	
Train Epoch-16  Iter-75 /706	loss 0.3240 (0.2404)	accu 0.750 (0.910)	
Train Epoch-16  Iter-100/706	loss 0.2225 (0.2334)	accu 0.875 (0.907)	
Train Epoch-16  Iter-125/706	loss 0.0441 (0.2303)	accu 1.000 (0.908)	
Train Epoch-16  Iter-150/706	loss 0.0799 (0.2296)	accu 1.000 (0.906)	
Train Epoch-16  Iter-175/706	loss 0.3748 (0.2365)	accu 0.875 (0.901)	
Train Epoch-16  Iter-200/706	loss 0.1597 (0.2352)	accu 1.000 (0.902)	
Train Epoch-16  Iter-225/706	loss 0.1079 (0.2381)	accu 1.000 (0.903)	
Train Epoch-16  Iter-250/706	loss 0.2213 (0.2355)	accu 0.875 (0.903)	
Train Epoch-16  Iter-275/706	loss 0.0358 (0.2306)	accu 1.000 (0.906)	
Train Epoch-16  Iter-300/706	loss 0.2788 (0.2277)	accu 0.875 (0.905)	
Train Epoch-16  Iter-325/706	loss 0.0796 (0.2244)	accu 1.000 (0.906)	
Train Epoch-16  Iter-350/706	loss 0.1183 (0.2223)	accu 0.875 (0.907)	
Train Epoch-16  Iter-375/706	loss 0.2114 (0.2180)	accu 0.875 (0.909)	
Train Epoch-16  Iter-400/706	loss 0.1079 (0.2178)	accu 1.000 (0.911)	
Train Epoch-16  Iter-425/706	loss 0.1782 (0.2174)	accu 1.000 (0.911)	
Train Epoch-16  Iter-450/706	loss 0.2619 (0.2171)	accu 0.875 (0.911)	
Train Epoch-16  Iter-475/706	loss 0.2053 (0.2152)	accu 0.875 (0.912)	
Train Epoch-16  Iter-500/706	loss 0.1414 (0.2162)	accu 0.875 (0.911)	
Train Epoch-16  Iter-525/706	loss 0.1044 (0.2169)	accu 0.875 (0.910)	
Train Epoch-16  Iter-550/706	loss 0.3930 (0.2165)	accu 0.750 (0.910)	
Train Epoch-16  Iter-575/706	loss 0.2338 (0.2156)	accu 0.875 (0.911)	
Train Epoch-16  Iter-600/706	loss 0.0633 (0.2155)	accu 1.000 (0.910)	
Train Epoch-16  Iter-625/706	loss 0.2797 (0.2169)	accu 0.875 (0.909)	
Train Epoch-16  Iter-650/706	loss 0.2991 (0.2173)	accu 0.875 (0.909)	
Train Epoch-16  Iter-675/706	loss 0.1905 (0.2169)	accu 0.875 (0.909)	
Train Epoch-16  Iter-700/706	loss 0.0592 (0.2156)	accu 1.000 (0.910)	
Eval Epoch-16  Iter-0  /52 	loss 0.0996 (0.0996)	accu 1.000 (1.000)	
Eval Epoch-16  Iter-25 /52 	loss 0.7289 (0.5915)	accu 0.625 (0.726)	
Eval Epoch-16  Iter-50 /52 	loss 0.0629 (0.5294)	accu 1.000 (0.765)	
Epoch-16  Train: loss 0.2154	accu 0.9102	Eval: loss 0.5492	accu 0.7596
Train Epoch-17  Iter-0  /706	loss 0.4433 (0.4433)	accu 0.750 (0.750)	
Train Epoch-17  Iter-25 /706	loss 0.0189 (0.2540)	accu 1.000 (0.904)	
Train Epoch-17  Iter-50 /706	loss 0.1754 (0.2306)	accu 1.000 (0.907)	
Train Epoch-17  Iter-75 /706	loss 0.0457 (0.2196)	accu 1.000 (0.910)	
Train Epoch-17  Iter-100/706	loss 0.2078 (0.2100)	accu 0.875 (0.911)	
Train Epoch-17  Iter-125/706	loss 0.2965 (0.2093)	accu 0.750 (0.915)	
Train Epoch-17  Iter-150/706	loss 0.0788 (0.2026)	accu 1.000 (0.915)	
Train Epoch-17  Iter-175/706	loss 0.0134 (0.1975)	accu 1.000 (0.915)	
Train Epoch-17  Iter-200/706	loss 0.3673 (0.2018)	accu 0.875 (0.912)	
Train Epoch-17  Iter-225/706	loss 0.0277 (0.1935)	accu 1.000 (0.918)	
Train Epoch-17  Iter-250/706	loss 0.1590 (0.1984)	accu 0.875 (0.916)	
Train Epoch-17  Iter-275/706	loss 0.2045 (0.2015)	accu 1.000 (0.918)	
Train Epoch-17  Iter-300/706	loss 0.0628 (0.1995)	accu 1.000 (0.918)	
Train Epoch-17  Iter-325/706	loss 0.1325 (0.2027)	accu 1.000 (0.915)	
Train Epoch-17  Iter-350/706	loss 0.3111 (0.1998)	accu 0.875 (0.918)	
Train Epoch-17  Iter-375/706	loss 0.0842 (0.2019)	accu 1.000 (0.918)	
Train Epoch-17  Iter-400/706	loss 0.1476 (0.2031)	accu 0.875 (0.918)	
Train Epoch-17  Iter-425/706	loss 0.1146 (0.2052)	accu 1.000 (0.917)	
Train Epoch-17  Iter-450/706	loss 0.1384 (0.2075)	accu 1.000 (0.916)	
Train Epoch-17  Iter-475/706	loss 0.1586 (0.2056)	accu 0.875 (0.917)	
Train Epoch-17  Iter-500/706	loss 0.0769 (0.2045)	accu 1.000 (0.918)	
Train Epoch-17  Iter-525/706	loss 0.1672 (0.2036)	accu 0.875 (0.918)	
Train Epoch-17  Iter-550/706	loss 0.4374 (0.2031)	accu 0.875 (0.920)	
Train Epoch-17  Iter-575/706	loss 0.0235 (0.2046)	accu 1.000 (0.919)	
Train Epoch-17  Iter-600/706	loss 0.0382 (0.2033)	accu 1.000 (0.920)	
Train Epoch-17  Iter-625/706	loss 0.7383 (0.2045)	accu 0.625 (0.919)	
Train Epoch-17  Iter-650/706	loss 0.3246 (0.2039)	accu 0.750 (0.919)	
Train Epoch-17  Iter-675/706	loss 0.0944 (0.2018)	accu 1.000 (0.920)	
Train Epoch-17  Iter-700/706	loss 0.1848 (0.2019)	accu 0.875 (0.920)	
Eval Epoch-17  Iter-0  /52 	loss 0.0953 (0.0953)	accu 1.000 (1.000)	
Eval Epoch-17  Iter-25 /52 	loss 0.8528 (0.7113)	accu 0.625 (0.716)	
Eval Epoch-17  Iter-50 /52 	loss 0.0406 (0.6017)	accu 1.000 (0.757)	
Epoch-17  Train: loss 0.2018	accu 0.9201	Eval: loss 0.6197	accu 0.7524
Train Epoch-18  Iter-0  /706	loss 0.0756 (0.0756)	accu 1.000 (1.000)	
Train Epoch-18  Iter-25 /706	loss 0.1477 (0.1943)	accu 0.875 (0.918)	
Train Epoch-18  Iter-50 /706	loss 0.0846 (0.1765)	accu 1.000 (0.931)	
Train Epoch-18  Iter-75 /706	loss 0.1787 (0.1940)	accu 1.000 (0.924)	
Train Epoch-18  Iter-100/706	loss 0.1237 (0.1944)	accu 0.875 (0.925)	
Train Epoch-18  Iter-125/706	loss 0.1406 (0.2022)	accu 1.000 (0.924)	
Train Epoch-18  Iter-150/706	loss 0.0617 (0.1915)	accu 1.000 (0.930)	
Train Epoch-18  Iter-175/706	loss 0.0751 (0.2003)	accu 1.000 (0.923)	
Train Epoch-18  Iter-200/706	loss 0.4517 (0.2089)	accu 0.750 (0.919)	
Train Epoch-18  Iter-225/706	loss 0.2223 (0.2092)	accu 1.000 (0.919)	
Train Epoch-18  Iter-250/706	loss 0.0694 (0.2057)	accu 1.000 (0.918)	
Train Epoch-18  Iter-275/706	loss 0.5045 (0.2084)	accu 0.625 (0.915)	
Train Epoch-18  Iter-300/706	loss 0.1362 (0.2066)	accu 1.000 (0.917)	
Train Epoch-18  Iter-325/706	loss 0.2059 (0.2076)	accu 0.875 (0.918)	
Train Epoch-18  Iter-350/706	loss 0.1399 (0.2072)	accu 1.000 (0.917)	
Train Epoch-18  Iter-375/706	loss 0.3340 (0.2094)	accu 0.875 (0.916)	
Train Epoch-18  Iter-400/706	loss 0.3382 (0.2064)	accu 0.750 (0.917)	
Train Epoch-18  Iter-425/706	loss 0.1764 (0.2075)	accu 0.875 (0.917)	
Train Epoch-18  Iter-450/706	loss 0.1359 (0.2062)	accu 1.000 (0.917)	
Train Epoch-18  Iter-475/706	loss 0.0553 (0.2063)	accu 1.000 (0.918)	
Train Epoch-18  Iter-500/706	loss 0.3205 (0.2049)	accu 0.875 (0.918)	
Train Epoch-18  Iter-525/706	loss 0.1241 (0.2055)	accu 1.000 (0.918)	
Train Epoch-18  Iter-550/706	loss 0.1141 (0.2059)	accu 1.000 (0.918)	
Train Epoch-18  Iter-575/706	loss 0.1237 (0.2042)	accu 1.000 (0.919)	
Train Epoch-18  Iter-600/706	loss 0.0194 (0.2040)	accu 1.000 (0.919)	
Train Epoch-18  Iter-625/706	loss 0.0693 (0.2037)	accu 1.000 (0.919)	
Train Epoch-18  Iter-650/706	loss 0.2050 (0.2042)	accu 0.875 (0.918)	
Train Epoch-18  Iter-675/706	loss 0.0741 (0.2033)	accu 1.000 (0.920)	
Train Epoch-18  Iter-700/706	loss 0.1072 (0.2036)	accu 1.000 (0.919)	
Eval Epoch-18  Iter-0  /52 	loss 0.1021 (0.1021)	accu 1.000 (1.000)	
Eval Epoch-18  Iter-25 /52 	loss 0.8648 (0.7030)	accu 0.625 (0.707)	
Eval Epoch-18  Iter-50 /52 	loss 0.0352 (0.5894)	accu 1.000 (0.757)	
Epoch-18  Train: loss 0.2041	accu 0.9190	Eval: loss 0.6089	accu 0.7524
Train Epoch-19  Iter-0  /706	loss 0.1039 (0.1039)	accu 1.000 (1.000)	
Train Epoch-19  Iter-25 /706	loss 0.2819 (0.1801)	accu 1.000 (0.952)	
Train Epoch-19  Iter-50 /706	loss 0.1440 (0.1825)	accu 1.000 (0.949)	
Train Epoch-19  Iter-75 /706	loss 0.2497 (0.1813)	accu 0.875 (0.938)	
Train Epoch-19  Iter-100/706	loss 0.1808 (0.1787)	accu 0.875 (0.934)	
Train Epoch-19  Iter-125/706	loss 0.2468 (0.1783)	accu 0.750 (0.932)	
Train Epoch-19  Iter-150/706	loss 0.4479 (0.1781)	accu 0.750 (0.929)	
Train Epoch-19  Iter-175/706	loss 0.0613 (0.1718)	accu 1.000 (0.933)	
Train Epoch-19  Iter-200/706	loss 0.1923 (0.1715)	accu 0.875 (0.933)	
Train Epoch-19  Iter-225/706	loss 0.3801 (0.1668)	accu 0.875 (0.935)	
Train Epoch-19  Iter-250/706	loss 0.0507 (0.1673)	accu 1.000 (0.935)	
Train Epoch-19  Iter-275/706	loss 0.2158 (0.1693)	accu 0.875 (0.933)	
Train Epoch-19  Iter-300/706	loss 0.1550 (0.1707)	accu 1.000 (0.934)	
Train Epoch-19  Iter-325/706	loss 0.0145 (0.1716)	accu 1.000 (0.934)	
Train Epoch-19  Iter-350/706	loss 0.0455 (0.1694)	accu 1.000 (0.934)	
Train Epoch-19  Iter-375/706	loss 0.7150 (0.1707)	accu 0.875 (0.934)	
Train Epoch-19  Iter-400/706	loss 0.2860 (0.1689)	accu 0.875 (0.935)	
Train Epoch-19  Iter-425/706	loss 0.0359 (0.1694)	accu 1.000 (0.935)	
Train Epoch-19  Iter-450/706	loss 0.1460 (0.1710)	accu 1.000 (0.932)	
Train Epoch-19  Iter-475/706	loss 0.2649 (0.1743)	accu 0.750 (0.931)	
Train Epoch-19  Iter-500/706	loss 0.1817 (0.1753)	accu 0.875 (0.930)	
Train Epoch-19  Iter-525/706	loss 0.1848 (0.1767)	accu 1.000 (0.929)	
Train Epoch-19  Iter-550/706	loss 0.1864 (0.1781)	accu 0.875 (0.928)	
Train Epoch-19  Iter-575/706	loss 0.1495 (0.1782)	accu 0.875 (0.928)	
Train Epoch-19  Iter-600/706	loss 0.1000 (0.1803)	accu 1.000 (0.927)	
Train Epoch-19  Iter-625/706	loss 0.3570 (0.1814)	accu 0.875 (0.927)	
Train Epoch-19  Iter-650/706	loss 0.2276 (0.1824)	accu 1.000 (0.927)	
Train Epoch-19  Iter-675/706	loss 0.0336 (0.1821)	accu 1.000 (0.927)	
Train Epoch-19  Iter-700/706	loss 0.1055 (0.1840)	accu 1.000 (0.927)	
Eval Epoch-19  Iter-0  /52 	loss 0.0620 (0.0620)	accu 1.000 (1.000)	
Eval Epoch-19  Iter-25 /52 	loss 0.8562 (0.6333)	accu 0.625 (0.731)	
Eval Epoch-19  Iter-50 /52 	loss 0.0426 (0.5651)	accu 1.000 (0.757)	
Epoch-19  Train: loss 0.1835	accu 0.9271	Eval: loss 0.5878	accu 0.7524
Train Epoch-20  Iter-0  /706	loss 0.2752 (0.2752)	accu 0.750 (0.750)	
Train Epoch-20  Iter-25 /706	loss 0.1107 (0.1822)	accu 1.000 (0.952)	
Train Epoch-20  Iter-50 /706	loss 0.1235 (0.1817)	accu 1.000 (0.939)	
Train Epoch-20  Iter-75 /706	loss 0.8129 (0.2000)	accu 0.625 (0.928)	
Train Epoch-20  Iter-100/706	loss 0.0565 (0.1940)	accu 1.000 (0.927)	
Train Epoch-20  Iter-125/706	loss 0.2401 (0.1935)	accu 0.875 (0.925)	
Train Epoch-20  Iter-150/706	loss 0.1490 (0.1890)	accu 0.875 (0.927)	
Train Epoch-20  Iter-175/706	loss 0.2395 (0.1832)	accu 0.875 (0.930)	
Train Epoch-20  Iter-200/706	loss 0.2800 (0.1866)	accu 0.750 (0.927)	
Train Epoch-20  Iter-225/706	loss 0.0910 (0.1874)	accu 1.000 (0.928)	
Train Epoch-20  Iter-250/706	loss 0.2013 (0.1857)	accu 0.875 (0.930)	
Train Epoch-20  Iter-275/706	loss 0.0586 (0.1846)	accu 1.000 (0.928)	
Train Epoch-20  Iter-300/706	loss 0.1709 (0.1880)	accu 1.000 (0.928)	
Train Epoch-20  Iter-325/706	loss 0.3805 (0.1860)	accu 0.750 (0.928)	
Train Epoch-20  Iter-350/706	loss 0.4393 (0.1867)	accu 0.750 (0.927)	
Train Epoch-20  Iter-375/706	loss 0.1024 (0.1857)	accu 1.000 (0.929)	
Train Epoch-20  Iter-400/706	loss 0.6603 (0.1892)	accu 0.875 (0.927)	
Train Epoch-20  Iter-425/706	loss 0.1270 (0.1892)	accu 1.000 (0.927)	
Train Epoch-20  Iter-450/706	loss 0.1276 (0.1876)	accu 1.000 (0.928)	
Train Epoch-20  Iter-475/706	loss 0.5409 (0.1888)	accu 0.750 (0.927)	
Train Epoch-20  Iter-500/706	loss 0.3885 (0.1883)	accu 0.875 (0.928)	
Train Epoch-20  Iter-525/706	loss 0.0854 (0.1893)	accu 1.000 (0.927)	
Train Epoch-20  Iter-550/706	loss 0.3296 (0.1888)	accu 0.875 (0.928)	
Train Epoch-20  Iter-575/706	loss 0.1148 (0.1882)	accu 1.000 (0.929)	
Train Epoch-20  Iter-600/706	loss 0.2424 (0.1878)	accu 0.875 (0.928)	
Train Epoch-20  Iter-625/706	loss 0.1099 (0.1884)	accu 1.000 (0.927)	
Train Epoch-20  Iter-650/706	loss 0.0220 (0.1873)	accu 1.000 (0.929)	
Train Epoch-20  Iter-675/706	loss 0.1468 (0.1859)	accu 1.000 (0.929)	
Train Epoch-20  Iter-700/706	loss 0.2958 (0.1845)	accu 0.875 (0.929)	
Eval Epoch-20  Iter-0  /52 	loss 0.0496 (0.0496)	accu 1.000 (1.000)	
Eval Epoch-20  Iter-25 /52 	loss 0.9546 (0.7025)	accu 0.625 (0.745)	
Eval Epoch-20  Iter-50 /52 	loss 0.0194 (0.6064)	accu 1.000 (0.772)	
Epoch-20  Train: loss 0.1853	accu 0.9286	Eval: loss 0.6287	accu 0.7668
Train Epoch-21  Iter-0  /706	loss 0.1251 (0.1251)	accu 1.000 (1.000)	
Train Epoch-21  Iter-25 /706	loss 0.1244 (0.1775)	accu 1.000 (0.942)	
Train Epoch-21  Iter-50 /706	loss 0.2465 (0.1971)	accu 0.875 (0.924)	
Train Epoch-21  Iter-75 /706	loss 0.0748 (0.1769)	accu 1.000 (0.931)	
Train Epoch-21  Iter-100/706	loss 0.1525 (0.1860)	accu 0.875 (0.927)	
Train Epoch-21  Iter-125/706	loss 0.1395 (0.1859)	accu 1.000 (0.924)	
Train Epoch-21  Iter-150/706	loss 0.0545 (0.1846)	accu 1.000 (0.924)	
Train Epoch-21  Iter-175/706	loss 0.2235 (0.1807)	accu 1.000 (0.929)	
Train Epoch-21  Iter-200/706	loss 0.1878 (0.1855)	accu 0.875 (0.927)	
Train Epoch-21  Iter-225/706	loss 0.0253 (0.1793)	accu 1.000 (0.931)	
Train Epoch-21  Iter-250/706	loss 0.0586 (0.1775)	accu 1.000 (0.931)	
Train Epoch-21  Iter-275/706	loss 0.1422 (0.1756)	accu 0.875 (0.933)	
Train Epoch-21  Iter-300/706	loss 0.2746 (0.1801)	accu 0.875 (0.930)	
Train Epoch-21  Iter-325/706	loss 0.0632 (0.1830)	accu 1.000 (0.928)	
Train Epoch-21  Iter-350/706	loss 0.5689 (0.1828)	accu 0.750 (0.928)	
Train Epoch-21  Iter-375/706	loss 0.0653 (0.1849)	accu 1.000 (0.927)	
Train Epoch-21  Iter-400/706	loss 0.2921 (0.1833)	accu 0.875 (0.928)	
Train Epoch-21  Iter-425/706	loss 0.1563 (0.1814)	accu 1.000 (0.930)	
Train Epoch-21  Iter-450/706	loss 0.2504 (0.1807)	accu 0.875 (0.929)	
Train Epoch-21  Iter-475/706	loss 0.0082 (0.1800)	accu 1.000 (0.929)	
Train Epoch-21  Iter-500/706	loss 0.1692 (0.1773)	accu 1.000 (0.931)	
Train Epoch-21  Iter-525/706	loss 0.0481 (0.1765)	accu 1.000 (0.931)	
Train Epoch-21  Iter-550/706	loss 0.0152 (0.1779)	accu 1.000 (0.930)	
Train Epoch-21  Iter-575/706	loss 0.0264 (0.1781)	accu 1.000 (0.930)	
Train Epoch-21  Iter-600/706	loss 0.1107 (0.1771)	accu 1.000 (0.931)	
Train Epoch-21  Iter-625/706	loss 0.2774 (0.1800)	accu 1.000 (0.929)	
Train Epoch-21  Iter-650/706	loss 0.2506 (0.1799)	accu 0.875 (0.929)	
Train Epoch-21  Iter-675/706	loss 0.3712 (0.1814)	accu 0.875 (0.928)	
Train Epoch-21  Iter-700/706	loss 0.1148 (0.1823)	accu 0.875 (0.927)	
Eval Epoch-21  Iter-0  /52 	loss 0.0437 (0.0437)	accu 1.000 (1.000)	
Eval Epoch-21  Iter-25 /52 	loss 0.9308 (0.6691)	accu 0.625 (0.755)	
Eval Epoch-21  Iter-50 /52 	loss 0.0206 (0.6079)	accu 1.000 (0.777)	
Epoch-21  Train: loss 0.1823	accu 0.9271	Eval: loss 0.6369	accu 0.7716
Epoch    22: reducing learning rate of group 0 to 3.0000e-06.
Train Epoch-22  Iter-0  /706	loss 0.0993 (0.0993)	accu 1.000 (1.000)	
Train Epoch-22  Iter-25 /706	loss 0.0773 (0.1553)	accu 1.000 (0.947)	
Train Epoch-22  Iter-50 /706	loss 0.1880 (0.1785)	accu 0.875 (0.931)	
Train Epoch-22  Iter-75 /706	loss 0.5160 (0.1674)	accu 0.875 (0.936)	
Train Epoch-22  Iter-100/706	loss 0.2061 (0.1792)	accu 0.875 (0.929)	
Train Epoch-22  Iter-125/706	loss 0.0572 (0.1887)	accu 1.000 (0.924)	
Train Epoch-22  Iter-150/706	loss 0.0634 (0.1897)	accu 1.000 (0.921)	
Train Epoch-22  Iter-175/706	loss 0.8354 (0.1858)	accu 0.625 (0.924)	
Train Epoch-22  Iter-200/706	loss 0.1272 (0.1847)	accu 1.000 (0.925)	
Train Epoch-22  Iter-225/706	loss 0.0625 (0.1848)	accu 1.000 (0.925)	
Train Epoch-22  Iter-250/706	loss 0.0880 (0.1852)	accu 1.000 (0.925)	
Train Epoch-22  Iter-275/706	loss 0.0848 (0.1893)	accu 1.000 (0.925)	
Train Epoch-22  Iter-300/706	loss 0.3388 (0.1884)	accu 0.875 (0.925)	
Train Epoch-22  Iter-325/706	loss 0.3238 (0.1847)	accu 0.750 (0.926)	
Train Epoch-22  Iter-350/706	loss 0.1038 (0.1815)	accu 1.000 (0.928)	
Train Epoch-22  Iter-375/706	loss 0.1459 (0.1809)	accu 1.000 (0.928)	
Train Epoch-22  Iter-400/706	loss 0.1031 (0.1759)	accu 1.000 (0.931)	
Train Epoch-22  Iter-425/706	loss 0.0339 (0.1774)	accu 1.000 (0.930)	
Train Epoch-22  Iter-450/706	loss 0.1142 (0.1774)	accu 0.875 (0.930)	
Train Epoch-22  Iter-475/706	loss 0.0129 (0.1757)	accu 1.000 (0.931)	
Train Epoch-22  Iter-500/706	loss 0.1117 (0.1789)	accu 1.000 (0.929)	
Train Epoch-22  Iter-525/706	loss 0.0163 (0.1771)	accu 1.000 (0.930)	
Train Epoch-22  Iter-550/706	loss 0.2227 (0.1754)	accu 1.000 (0.931)	
Train Epoch-22  Iter-575/706	loss 0.0602 (0.1744)	accu 1.000 (0.931)	
Train Epoch-22  Iter-600/706	loss 0.0582 (0.1752)	accu 1.000 (0.931)	
Train Epoch-22  Iter-625/706	loss 0.0696 (0.1765)	accu 1.000 (0.930)	
Train Epoch-22  Iter-650/706	loss 0.0294 (0.1753)	accu 1.000 (0.931)	
Train Epoch-22  Iter-675/706	loss 0.0469 (0.1739)	accu 1.000 (0.932)	
Train Epoch-22  Iter-700/706	loss 0.3510 (0.1730)	accu 0.875 (0.932)	
Eval Epoch-22  Iter-0  /52 	loss 0.0420 (0.0420)	accu 1.000 (1.000)	
Eval Epoch-22  Iter-25 /52 	loss 0.9332 (0.6737)	accu 0.625 (0.760)	
Eval Epoch-22  Iter-50 /52 	loss 0.0197 (0.6083)	accu 1.000 (0.777)	
Epoch-22  Train: loss 0.1731	accu 0.9315	Eval: loss 0.6359	accu 0.7716
Train Epoch-23  Iter-0  /706	loss 0.3209 (0.3209)	accu 0.875 (0.875)	
Train Epoch-23  Iter-25 /706	loss 0.2025 (0.1693)	accu 0.875 (0.947)	
Train Epoch-23  Iter-50 /706	loss 0.1536 (0.1925)	accu 0.875 (0.936)	
Train Epoch-23  Iter-75 /706	loss 0.0621 (0.1879)	accu 1.000 (0.939)	
Train Epoch-23  Iter-100/706	loss 0.0430 (0.1929)	accu 1.000 (0.932)	
Train Epoch-23  Iter-125/706	loss 0.0892 (0.1874)	accu 1.000 (0.933)	
Train Epoch-23  Iter-150/706	loss 0.1580 (0.1818)	accu 1.000 (0.935)	
Train Epoch-23  Iter-175/706	loss 0.0707 (0.1795)	accu 1.000 (0.935)	
Train Epoch-23  Iter-200/706	loss 0.2575 (0.1782)	accu 0.875 (0.935)	
Train Epoch-23  Iter-225/706	loss 0.0066 (0.1822)	accu 1.000 (0.934)	
Train Epoch-23  Iter-250/706	loss 0.0396 (0.1779)	accu 1.000 (0.936)	
Train Epoch-23  Iter-275/706	loss 0.3478 (0.1783)	accu 0.875 (0.937)	
Train Epoch-23  Iter-300/706	loss 0.2007 (0.1759)	accu 1.000 (0.939)	
Train Epoch-23  Iter-325/706	loss 0.2158 (0.1772)	accu 0.875 (0.938)	
Train Epoch-23  Iter-350/706	loss 0.2073 (0.1787)	accu 0.875 (0.937)	
Train Epoch-23  Iter-375/706	loss 0.0649 (0.1806)	accu 1.000 (0.934)	
Train Epoch-23  Iter-400/706	loss 0.1217 (0.1792)	accu 1.000 (0.935)	
Train Epoch-23  Iter-425/706	loss 0.1885 (0.1821)	accu 0.875 (0.934)	
Train Epoch-23  Iter-450/706	loss 0.0679 (0.1827)	accu 1.000 (0.932)	
Train Epoch-23  Iter-475/706	loss 0.0309 (0.1857)	accu 1.000 (0.930)	
Train Epoch-23  Iter-500/706	loss 0.2871 (0.1846)	accu 0.875 (0.931)	
Train Epoch-23  Iter-525/706	loss 0.1175 (0.1837)	accu 0.875 (0.931)	
Train Epoch-23  Iter-550/706	loss 0.5908 (0.1842)	accu 0.750 (0.930)	
Train Epoch-23  Iter-575/706	loss 0.1182 (0.1840)	accu 0.875 (0.930)	
Train Epoch-23  Iter-600/706	loss 0.2426 (0.1828)	accu 0.875 (0.931)	
Train Epoch-23  Iter-625/706	loss 0.1611 (0.1832)	accu 0.875 (0.932)	
Train Epoch-23  Iter-650/706	loss 0.0327 (0.1824)	accu 1.000 (0.932)	
Train Epoch-23  Iter-675/706	loss 0.3141 (0.1817)	accu 0.875 (0.932)	
Train Epoch-23  Iter-700/706	loss 0.0768 (0.1798)	accu 1.000 (0.933)	
Eval Epoch-23  Iter-0  /52 	loss 0.0490 (0.0490)	accu 1.000 (1.000)	
Eval Epoch-23  Iter-25 /52 	loss 0.9773 (0.7282)	accu 0.625 (0.731)	
Eval Epoch-23  Iter-50 /52 	loss 0.0169 (0.6281)	accu 1.000 (0.762)	
Epoch-23  Train: loss 0.1794	accu 0.9329	Eval: loss 0.6515	accu 0.7572
Train Epoch-24  Iter-0  /706	loss 0.6251 (0.6251)	accu 0.625 (0.625)	
Train Epoch-24  Iter-25 /706	loss 0.0643 (0.2107)	accu 1.000 (0.894)	
Train Epoch-24  Iter-50 /706	loss 0.0274 (0.1726)	accu 1.000 (0.922)	
Train Epoch-24  Iter-75 /706	loss 0.1644 (0.1737)	accu 0.875 (0.928)	
Train Epoch-24  Iter-100/706	loss 0.2158 (0.1783)	accu 0.875 (0.929)	
Train Epoch-24  Iter-125/706	loss 0.1548 (0.1914)	accu 0.875 (0.929)	
Train Epoch-24  Iter-150/706	loss 0.1112 (0.1844)	accu 1.000 (0.930)	
Train Epoch-24  Iter-175/706	loss 0.1492 (0.1892)	accu 1.000 (0.927)	
Train Epoch-24  Iter-200/706	loss 0.0231 (0.1859)	accu 1.000 (0.927)	
Train Epoch-24  Iter-225/706	loss 0.0461 (0.1835)	accu 1.000 (0.926)	
Train Epoch-24  Iter-250/706	loss 0.0479 (0.1894)	accu 1.000 (0.926)	
Train Epoch-24  Iter-275/706	loss 0.1325 (0.1868)	accu 1.000 (0.926)	
Train Epoch-24  Iter-300/706	loss 0.1287 (0.1846)	accu 1.000 (0.927)	
Train Epoch-24  Iter-325/706	loss 0.3968 (0.1859)	accu 0.875 (0.926)	
Train Epoch-24  Iter-350/706	loss 0.2735 (0.1851)	accu 0.875 (0.926)	
Train Epoch-24  Iter-375/706	loss 0.0159 (0.1835)	accu 1.000 (0.926)	
Train Epoch-24  Iter-400/706	loss 0.0866 (0.1823)	accu 1.000 (0.927)	
Train Epoch-24  Iter-425/706	loss 0.1684 (0.1792)	accu 0.875 (0.928)	
Train Epoch-24  Iter-450/706	loss 0.0311 (0.1785)	accu 1.000 (0.929)	
Train Epoch-24  Iter-475/706	loss 0.2734 (0.1799)	accu 0.875 (0.928)	
Train Epoch-24  Iter-500/706	loss 0.1384 (0.1799)	accu 1.000 (0.928)	
Train Epoch-24  Iter-525/706	loss 0.2006 (0.1801)	accu 0.875 (0.928)	
Train Epoch-24  Iter-550/706	loss 0.0974 (0.1814)	accu 1.000 (0.928)	
Train Epoch-24  Iter-575/706	loss 0.0202 (0.1811)	accu 1.000 (0.929)	
Train Epoch-24  Iter-600/706	loss 0.0204 (0.1803)	accu 1.000 (0.929)	
Train Epoch-24  Iter-625/706	loss 0.0571 (0.1802)	accu 1.000 (0.929)	
Train Epoch-24  Iter-650/706	loss 0.3349 (0.1798)	accu 0.875 (0.930)	
Train Epoch-24  Iter-675/706	loss 0.4117 (0.1793)	accu 0.750 (0.930)	
Train Epoch-24  Iter-700/706	loss 0.1558 (0.1802)	accu 0.875 (0.929)	
Eval Epoch-24  Iter-0  /52 	loss 0.0469 (0.0469)	accu 1.000 (1.000)	
Eval Epoch-24  Iter-25 /52 	loss 0.9447 (0.6908)	accu 0.625 (0.750)	
Eval Epoch-24  Iter-50 /52 	loss 0.0191 (0.6094)	accu 1.000 (0.772)	
Epoch-24  Train: loss 0.1799	accu 0.9290	Eval: loss 0.6334	accu 0.7668
Train Epoch-25  Iter-0  /706	loss 0.4569 (0.4569)	accu 0.750 (0.750)	
Train Epoch-25  Iter-25 /706	loss 0.0462 (0.1802)	accu 1.000 (0.909)	
Train Epoch-25  Iter-50 /706	loss 0.2890 (0.1747)	accu 0.875 (0.922)	
Train Epoch-25  Iter-75 /706	loss 0.2496 (0.1693)	accu 0.875 (0.928)	
Train Epoch-25  Iter-100/706	loss 0.0548 (0.1728)	accu 1.000 (0.929)	
Train Epoch-25  Iter-125/706	loss 0.0515 (0.1729)	accu 1.000 (0.929)	
Train Epoch-25  Iter-150/706	loss 0.1676 (0.1682)	accu 1.000 (0.932)	
Train Epoch-25  Iter-175/706	loss 0.0363 (0.1657)	accu 1.000 (0.935)	
Train Epoch-25  Iter-200/706	loss 0.0628 (0.1635)	accu 1.000 (0.937)	
Train Epoch-25  Iter-225/706	loss 0.0958 (0.1619)	accu 1.000 (0.936)	
Train Epoch-25  Iter-250/706	loss 0.0212 (0.1669)	accu 1.000 (0.934)	
Train Epoch-25  Iter-275/706	loss 0.0545 (0.1657)	accu 1.000 (0.935)	
Train Epoch-25  Iter-300/706	loss 0.1074 (0.1645)	accu 1.000 (0.936)	
Train Epoch-25  Iter-325/706	loss 0.1479 (0.1641)	accu 1.000 (0.937)	
Train Epoch-25  Iter-350/706	loss 0.3251 (0.1639)	accu 0.875 (0.937)	
Train Epoch-25  Iter-375/706	loss 0.0894 (0.1676)	accu 1.000 (0.936)	
Train Epoch-25  Iter-400/706	loss 0.1692 (0.1670)	accu 0.875 (0.937)	
Train Epoch-25  Iter-425/706	loss 0.3970 (0.1667)	accu 0.875 (0.937)	
Train Epoch-25  Iter-450/706	loss 0.1554 (0.1653)	accu 1.000 (0.937)	
Train Epoch-25  Iter-475/706	loss 0.2678 (0.1666)	accu 0.875 (0.936)	
Train Epoch-25  Iter-500/706	loss 0.1070 (0.1687)	accu 1.000 (0.935)	
Train Epoch-25  Iter-525/706	loss 0.7253 (0.1718)	accu 0.750 (0.935)	
Train Epoch-25  Iter-550/706	loss 0.2294 (0.1730)	accu 0.875 (0.934)	
Train Epoch-25  Iter-575/706	loss 0.1010 (0.1744)	accu 1.000 (0.934)	
Train Epoch-25  Iter-600/706	loss 0.0940 (0.1730)	accu 1.000 (0.935)	
Train Epoch-25  Iter-625/706	loss 0.1036 (0.1736)	accu 1.000 (0.935)	
Train Epoch-25  Iter-650/706	loss 0.3390 (0.1757)	accu 0.875 (0.933)	
Train Epoch-25  Iter-675/706	loss 0.1360 (0.1751)	accu 1.000 (0.933)	
Train Epoch-25  Iter-700/706	loss 0.4933 (0.1761)	accu 0.875 (0.932)	
Eval Epoch-25  Iter-0  /52 	loss 0.0464 (0.0464)	accu 1.000 (1.000)	
Eval Epoch-25  Iter-25 /52 	loss 0.9684 (0.7049)	accu 0.625 (0.745)	
Eval Epoch-25  Iter-50 /52 	loss 0.0181 (0.6154)	accu 1.000 (0.770)	
Epoch-25  Train: loss 0.1760	accu 0.9320	Eval: loss 0.6391	accu 0.7644
Train Epoch-26  Iter-0  /706	loss 0.0683 (0.0683)	accu 1.000 (1.000)	
Train Epoch-26  Iter-25 /706	loss 0.2088 (0.1579)	accu 0.875 (0.928)	
Train Epoch-26  Iter-50 /706	loss 0.0242 (0.1668)	accu 1.000 (0.919)	
Train Epoch-26  Iter-75 /706	loss 0.1069 (0.1804)	accu 1.000 (0.924)	
Train Epoch-26  Iter-100/706	loss 0.1199 (0.1854)	accu 1.000 (0.927)	
Train Epoch-26  Iter-125/706	loss 0.0566 (0.1838)	accu 1.000 (0.925)	
Train Epoch-26  Iter-150/706	loss 0.2198 (0.1822)	accu 1.000 (0.925)	
Train Epoch-26  Iter-175/706	loss 0.5486 (0.1923)	accu 0.875 (0.921)	
Train Epoch-26  Iter-200/706	loss 0.1595 (0.1847)	accu 1.000 (0.927)	
Train Epoch-26  Iter-225/706	loss 0.0275 (0.1829)	accu 1.000 (0.929)	
Train Epoch-26  Iter-250/706	loss 0.2235 (0.1810)	accu 0.875 (0.930)	
Train Epoch-26  Iter-275/706	loss 0.1297 (0.1782)	accu 1.000 (0.931)	
Train Epoch-26  Iter-300/706	loss 0.5051 (0.1782)	accu 0.875 (0.930)	
Train Epoch-26  Iter-325/706	loss 0.0187 (0.1744)	accu 1.000 (0.931)	
Train Epoch-26  Iter-350/706	loss 0.0321 (0.1733)	accu 1.000 (0.932)	
Train Epoch-26  Iter-375/706	loss 0.2527 (0.1759)	accu 0.875 (0.931)	
Train Epoch-26  Iter-400/706	loss 0.1142 (0.1740)	accu 1.000 (0.932)	
Train Epoch-26  Iter-425/706	loss 0.2740 (0.1757)	accu 0.875 (0.930)	
Train Epoch-26  Iter-450/706	loss 0.3125 (0.1753)	accu 0.875 (0.931)	
Train Epoch-26  Iter-475/706	loss 0.0601 (0.1762)	accu 1.000 (0.930)	
Train Epoch-26  Iter-500/706	loss 0.0790 (0.1779)	accu 1.000 (0.930)	
Train Epoch-26  Iter-525/706	loss 0.1410 (0.1792)	accu 1.000 (0.930)	
Train Epoch-26  Iter-550/706	loss 0.2244 (0.1782)	accu 0.875 (0.931)	
Train Epoch-26  Iter-575/706	loss 0.1604 (0.1801)	accu 1.000 (0.930)	
Train Epoch-26  Iter-600/706	loss 0.1285 (0.1783)	accu 0.875 (0.931)	
Train Epoch-26  Iter-625/706	loss 0.4045 (0.1787)	accu 0.875 (0.930)	
Train Epoch-26  Iter-650/706	loss 0.0406 (0.1795)	accu 1.000 (0.930)	
Train Epoch-26  Iter-675/706	loss 0.0109 (0.1796)	accu 1.000 (0.930)	
Train Epoch-26  Iter-700/706	loss 0.1195 (0.1798)	accu 0.875 (0.929)	
Eval Epoch-26  Iter-0  /52 	loss 0.0466 (0.0466)	accu 1.000 (1.000)	
Eval Epoch-26  Iter-25 /52 	loss 0.9675 (0.7125)	accu 0.625 (0.750)	
Eval Epoch-26  Iter-50 /52 	loss 0.0176 (0.6155)	accu 1.000 (0.772)	
Epoch-26  Train: loss 0.1801	accu 0.9285	Eval: loss 0.6384	accu 0.7668
Train Epoch-27  Iter-0  /706	loss 0.1203 (0.1203)	accu 1.000 (1.000)	
Train Epoch-27  Iter-25 /706	loss 0.1698 (0.1638)	accu 1.000 (0.947)	
Train Epoch-27  Iter-50 /706	loss 0.4391 (0.1716)	accu 0.750 (0.941)	
Train Epoch-27  Iter-75 /706	loss 0.1920 (0.1706)	accu 0.875 (0.941)	
Train Epoch-27  Iter-100/706	loss 0.0089 (0.1642)	accu 1.000 (0.943)	
Train Epoch-27  Iter-125/706	loss 0.0743 (0.1592)	accu 1.000 (0.946)	
Train Epoch-27  Iter-150/706	loss 0.3303 (0.1596)	accu 0.625 (0.943)	
Train Epoch-27  Iter-175/706	loss 0.0955 (0.1581)	accu 1.000 (0.946)	
Train Epoch-27  Iter-200/706	loss 0.1177 (0.1558)	accu 1.000 (0.945)	
Train Epoch-27  Iter-225/706	loss 0.0354 (0.1546)	accu 1.000 (0.944)	
Train Epoch-27  Iter-250/706	loss 0.2002 (0.1594)	accu 0.875 (0.940)	
Train Epoch-27  Iter-275/706	loss 0.0178 (0.1576)	accu 1.000 (0.941)	
Train Epoch-27  Iter-300/706	loss 0.8079 (0.1579)	accu 0.625 (0.941)	
Train Epoch-27  Iter-325/706	loss 0.2348 (0.1570)	accu 0.875 (0.940)	
Train Epoch-27  Iter-350/706	loss 0.2055 (0.1638)	accu 1.000 (0.938)	
Train Epoch-27  Iter-375/706	loss 0.1854 (0.1653)	accu 0.875 (0.937)	
Train Epoch-27  Iter-400/706	loss 0.1585 (0.1728)	accu 0.875 (0.934)	
Train Epoch-27  Iter-425/706	loss 0.3662 (0.1744)	accu 0.875 (0.933)	
Train Epoch-27  Iter-450/706	loss 0.1926 (0.1735)	accu 1.000 (0.934)	
Train Epoch-27  Iter-475/706	loss 0.1751 (0.1727)	accu 1.000 (0.935)	
Train Epoch-27  Iter-500/706	loss 0.0308 (0.1738)	accu 1.000 (0.934)	
Train Epoch-27  Iter-525/706	loss 0.5623 (0.1756)	accu 0.875 (0.934)	
Train Epoch-27  Iter-550/706	loss 0.1516 (0.1757)	accu 0.875 (0.934)	
Train Epoch-27  Iter-575/706	loss 0.1711 (0.1761)	accu 0.875 (0.934)	
Train Epoch-27  Iter-600/706	loss 0.0812 (0.1781)	accu 1.000 (0.932)	
Train Epoch-27  Iter-625/706	loss 0.5765 (0.1792)	accu 0.500 (0.932)	
Train Epoch-27  Iter-650/706	loss 0.1106 (0.1819)	accu 1.000 (0.930)	
Train Epoch-27  Iter-675/706	loss 0.0408 (0.1834)	accu 1.000 (0.929)	
Train Epoch-27  Iter-700/706	loss 0.3130 (0.1842)	accu 0.875 (0.928)	
Eval Epoch-27  Iter-0  /52 	loss 0.0466 (0.0466)	accu 1.000 (1.000)	
Eval Epoch-27  Iter-25 /52 	loss 0.9309 (0.6865)	accu 0.625 (0.755)	
Eval Epoch-27  Iter-50 /52 	loss 0.0206 (0.6008)	accu 1.000 (0.775)	
Epoch-27  Train: loss 0.1844	accu 0.9281	Eval: loss 0.6237	accu 0.7692
Epoch    28: reducing learning rate of group 0 to 3.0000e-07.
Train Epoch-28  Iter-0  /706	loss 0.0431 (0.0431)	accu 1.000 (1.000)	
Train Epoch-28  Iter-25 /706	loss 0.0175 (0.1554)	accu 1.000 (0.928)	
Train Epoch-28  Iter-50 /706	loss 0.0912 (0.1658)	accu 1.000 (0.926)	
Train Epoch-28  Iter-75 /706	loss 0.2331 (0.1508)	accu 0.875 (0.938)	
Train Epoch-28  Iter-100/706	loss 0.2009 (0.1553)	accu 0.875 (0.941)	
Train Epoch-28  Iter-125/706	loss 0.4866 (0.1658)	accu 0.750 (0.932)	
Train Epoch-28  Iter-150/706	loss 0.2590 (0.1669)	accu 0.875 (0.933)	
Train Epoch-28  Iter-175/706	loss 0.3920 (0.1699)	accu 0.875 (0.933)	
Train Epoch-28  Iter-200/706	loss 0.0372 (0.1667)	accu 1.000 (0.935)	
Train Epoch-28  Iter-225/706	loss 0.3195 (0.1692)	accu 0.875 (0.935)	
Train Epoch-28  Iter-250/706	loss 0.0885 (0.1692)	accu 1.000 (0.935)	
Train Epoch-28  Iter-275/706	loss 0.1923 (0.1706)	accu 0.875 (0.934)	
Train Epoch-28  Iter-300/706	loss 0.3518 (0.1730)	accu 0.750 (0.934)	
Train Epoch-28  Iter-325/706	loss 0.1480 (0.1717)	accu 1.000 (0.934)	
Train Epoch-28  Iter-350/706	loss 0.3668 (0.1704)	accu 0.750 (0.936)	
Train Epoch-28  Iter-375/706	loss 0.3488 (0.1718)	accu 0.750 (0.934)	
Train Epoch-28  Iter-400/706	loss 0.3292 (0.1736)	accu 0.875 (0.932)	
Train Epoch-28  Iter-425/706	loss 0.0890 (0.1725)	accu 1.000 (0.933)	
Train Epoch-28  Iter-450/706	loss 0.1480 (0.1731)	accu 1.000 (0.932)	
Train Epoch-28  Iter-475/706	loss 0.0457 (0.1771)	accu 1.000 (0.931)	
Train Epoch-28  Iter-500/706	loss 0.0902 (0.1775)	accu 1.000 (0.931)	
Train Epoch-28  Iter-525/706	loss 0.3678 (0.1780)	accu 0.750 (0.932)	
Train Epoch-28  Iter-550/706	loss 0.2250 (0.1757)	accu 0.875 (0.933)	
Train Epoch-28  Iter-575/706	loss 0.1235 (0.1768)	accu 1.000 (0.933)	
Train Epoch-28  Iter-600/706	loss 0.2974 (0.1760)	accu 0.875 (0.934)	
Train Epoch-28  Iter-625/706	loss 0.0468 (0.1782)	accu 1.000 (0.933)	
Train Epoch-28  Iter-650/706	loss 0.1082 (0.1784)	accu 1.000 (0.934)	
Train Epoch-28  Iter-675/706	loss 0.0656 (0.1780)	accu 1.000 (0.934)	
Train Epoch-28  Iter-700/706	loss 0.1852 (0.1772)	accu 0.875 (0.934)	
Eval Epoch-28  Iter-0  /52 	loss 0.0466 (0.0466)	accu 1.000 (1.000)	
Eval Epoch-28  Iter-25 /52 	loss 0.9358 (0.6899)	accu 0.625 (0.755)	
Eval Epoch-28  Iter-50 /52 	loss 0.0203 (0.6026)	accu 1.000 (0.775)	
Epoch-28  Train: loss 0.1769	accu 0.9341	Eval: loss 0.6254	accu 0.7692
Train Epoch-29  Iter-0  /706	loss 0.1652 (0.1652)	accu 0.875 (0.875)	
Train Epoch-29  Iter-25 /706	loss 0.6359 (0.1924)	accu 0.750 (0.918)	
Train Epoch-29  Iter-50 /706	loss 0.4096 (0.1899)	accu 0.750 (0.929)	
Train Epoch-29  Iter-75 /706	loss 0.0243 (0.1767)	accu 1.000 (0.934)	
Train Epoch-29  Iter-100/706	loss 0.3883 (0.1811)	accu 0.625 (0.927)	
Train Epoch-29  Iter-125/706	loss 0.3807 (0.1830)	accu 0.750 (0.926)	
Train Epoch-29  Iter-150/706	loss 0.0550 (0.1805)	accu 1.000 (0.927)	
Train Epoch-29  Iter-175/706	loss 0.0430 (0.1815)	accu 1.000 (0.925)	
Train Epoch-29  Iter-200/706	loss 0.2440 (0.1809)	accu 0.750 (0.925)	
Train Epoch-29  Iter-225/706	loss 0.4325 (0.1815)	accu 0.625 (0.923)	
Train Epoch-29  Iter-250/706	loss 0.0871 (0.1783)	accu 1.000 (0.924)	
Train Epoch-29  Iter-275/706	loss 0.1083 (0.1754)	accu 1.000 (0.925)	
Train Epoch-29  Iter-300/706	loss 0.1396 (0.1711)	accu 0.875 (0.927)	
Train Epoch-29  Iter-325/706	loss 0.2844 (0.1724)	accu 0.875 (0.927)	
Train Epoch-29  Iter-350/706	loss 0.0199 (0.1754)	accu 1.000 (0.926)	
Train Epoch-29  Iter-375/706	loss 0.0529 (0.1734)	accu 1.000 (0.927)	
Train Epoch-29  Iter-400/706	loss 0.3621 (0.1739)	accu 0.875 (0.926)	
Train Epoch-29  Iter-425/706	loss 0.0672 (0.1735)	accu 1.000 (0.928)	
Train Epoch-29  Iter-450/706	loss 0.1265 (0.1745)	accu 1.000 (0.928)	
Train Epoch-29  Iter-475/706	loss 0.1381 (0.1773)	accu 1.000 (0.928)	
Train Epoch-29  Iter-500/706	loss 0.0697 (0.1761)	accu 1.000 (0.929)	
Train Epoch-29  Iter-525/706	loss 0.1678 (0.1749)	accu 1.000 (0.930)	
Train Epoch-29  Iter-550/706	loss 0.1626 (0.1758)	accu 1.000 (0.928)	
Train Epoch-29  Iter-575/706	loss 0.0654 (0.1764)	accu 1.000 (0.928)	
Train Epoch-29  Iter-600/706	loss 0.3938 (0.1772)	accu 0.875 (0.928)	
Train Epoch-29  Iter-625/706	loss 0.0284 (0.1756)	accu 1.000 (0.929)	
Train Epoch-29  Iter-650/706	loss 0.1391 (0.1753)	accu 0.875 (0.929)	
Train Epoch-29  Iter-675/706	loss 0.4430 (0.1755)	accu 0.750 (0.929)	
Train Epoch-29  Iter-700/706	loss 0.0484 (0.1756)	accu 1.000 (0.930)	
Eval Epoch-29  Iter-0  /52 	loss 0.0466 (0.0466)	accu 1.000 (1.000)	
Eval Epoch-29  Iter-25 /52 	loss 0.9409 (0.6934)	accu 0.625 (0.755)	
Eval Epoch-29  Iter-50 /52 	loss 0.0199 (0.6047)	accu 1.000 (0.775)	
Epoch-29  Train: loss 0.1753	accu 0.9297	Eval: loss 0.6276	accu 0.7692
Eval Epoch-0   Iter-0  /52 	loss 0.1465 (0.1465)	accu 1.000 (1.000)	
Eval Epoch-0   Iter-25 /52 	loss 0.3977 (0.4831)	accu 0.750 (0.779)	
Eval Epoch-0   Iter-50 /52 	loss 0.2348 (0.4597)	accu 0.875 (0.775)	
Eval: loss 0.4765	accu 0.7692
Test Epoch-0   Iter-0  /59 	loss 0.1370 (0.1370)	accu 1.000 (1.000)	
Test Epoch-0   Iter-25 /59 	loss 0.3416 (0.5206)	accu 0.875 (0.769)	
Test Epoch-0   Iter-50 /59 	loss 0.3951 (0.4589)	accu 0.750 (0.806)	
Test: loss 0.4650	accu 0.7945
wandb: Waiting for W&B process to finish... (success).
wandb: 
wandb: Run history:
wandb:   Eval Acc ▄▇▁▇▅▆▅▇██▇▆█▅▇▅▇▇▇▇███▇██████
wandb:  Eval Loss ▄▃▇▂▃▄▄▁▂▁▂▆▂█▅▅▃▄▄▃▄▄▄▅▄▄▄▄▄▄
wandb:  Train Acc ▁▃▄▅▅▆▆▆▆▆▆▇▇▇▇▇▇█████████████
wandb: Train Loss █▇▆▅▅▄▄▄▃▃▃▃▂▂▂▂▂▁▁▁▁▁▁▁▁▁▁▁▁▁
wandb: 
wandb: Run summary:
wandb:   Eval Acc 0.76923
wandb:  Eval Loss 0.62761
wandb:  Train Acc 0.92971
wandb: Train Loss 0.17531
wandb: 
wandb: 🚀 View run easy-breeze-252 at: https://wandb.ai/is_project/vision_models/runs/g1bdtiks
wandb: Synced 6 W&B file(s), 0 media file(s), 2 artifact file(s) and 0 other file(s)
wandb: Find logs at: ./wandb/run-20230612_180849-g1bdtiks/logs
