Namespace(add_comment=True, add_description=True, add_other_comments=True, add_title=False, add_transcription=True, add_video=True, batch_size=8, clip_embeedings_path='data/CLIP_embeddings', debug=False, desc_keyphrase_extract=True, desc_token_count=80, freeze_lf_layers=23, gpu='3', lr=0.0003, max_epochs=30, max_len=512, metadata_path='data/extra_data_trans.csv', model='bert-large-cased', multitask=False, num_workers=0, other_comments_path='data/extra_data_other_comments.csv', other_comments_token_count=512, pad_metadata=True, remove_none=False, test_question_file='data/with_aug_ttv/test.csv', title_token_count=50, train_question_file='data/with_aug_ttv/train.csv', transcript_keyphrase_extract=True, transcript_token_count=200, validation_question_file='data/with_aug_ttv/eval.csv', video_path='data/videos/', work_dir='model_comment/')
wandb: Currently logged in as: shrey2809 (is_project). Use `wandb login --relogin` to force relogin
wandb: Tracking run with wandb version 0.15.4
wandb: Run data is saved locally in /scratch/AzureNfsServer_INPUT1/vc_data/users/gmanish/multiModalHate/IS-Hate-Speech/wandb/run-20230612_181340-vqrghc7t
wandb: Run `wandb offline` to turn off syncing.
wandb: Syncing run morning-waterfall-256
wandb: ⭐️ View project at https://wandb.ai/is_project/vision_models
wandb: 🚀 View run at https://wandb.ai/is_project/vision_models/runs/vqrghc7t
number of available devices: 1
obtained dataloaders
Some weights of the model checkpoint at bert-large-cased were not used when initializing BertModel: ['cls.seq_relationship.weight', 'cls.predictions.decoder.weight', 'cls.predictions.bias', 'cls.seq_relationship.bias', 'cls.predictions.transform.dense.weight', 'cls.predictions.transform.LayerNorm.bias', 'cls.predictions.transform.LayerNorm.weight', 'cls.predictions.transform.dense.bias']
- This IS expected if you are initializing BertModel from the checkpoint of a model trained on another task or with another architecture (e.g. initializing a BertForSequenceClassification model from a BertForPreTraining model).
- This IS NOT expected if you are initializing BertModel from the checkpoint of a model that you expect to be exactly identical (initializing a BertForSequenceClassification model from a BertForSequenceClassification model).
loaded models
Train Epoch-0   Iter-0  /706	loss 0.6808 (0.6808)	accu 0.625 (0.625)	
Train Epoch-0   Iter-25 /706	loss 0.8512 (0.7446)	accu 0.250 (0.553)	
Train Epoch-0   Iter-50 /706	loss 0.5898 (0.6981)	accu 0.750 (0.588)	
Train Epoch-0   Iter-75 /706	loss 0.8124 (0.6683)	accu 0.500 (0.630)	
Train Epoch-0   Iter-100/706	loss 0.6709 (0.6551)	accu 0.750 (0.655)	
Train Epoch-0   Iter-125/706	loss 0.8373 (0.6449)	accu 0.625 (0.665)	
Train Epoch-0   Iter-150/706	loss 0.3595 (0.6176)	accu 0.875 (0.688)	
Train Epoch-0   Iter-175/706	loss 0.2124 (0.5898)	accu 1.000 (0.710)	
Train Epoch-0   Iter-200/706	loss 0.3523 (0.5729)	accu 0.875 (0.721)	
Train Epoch-0   Iter-225/706	loss 0.2860 (0.5501)	accu 0.875 (0.733)	
Train Epoch-0   Iter-250/706	loss 0.2769 (0.5358)	accu 0.875 (0.743)	
Train Epoch-0   Iter-275/706	loss 0.4005 (0.5259)	accu 0.750 (0.750)	
Train Epoch-0   Iter-300/706	loss 0.5104 (0.5202)	accu 0.500 (0.752)	
Train Epoch-0   Iter-325/706	loss 0.1871 (0.5046)	accu 1.000 (0.762)	
Train Epoch-0   Iter-350/706	loss 0.3400 (0.4985)	accu 0.875 (0.766)	
Train Epoch-0   Iter-375/706	loss 0.2518 (0.4930)	accu 0.875 (0.771)	
Train Epoch-0   Iter-400/706	loss 0.1783 (0.4924)	accu 1.000 (0.772)	
Train Epoch-0   Iter-425/706	loss 0.2904 (0.4869)	accu 0.750 (0.775)	
Train Epoch-0   Iter-450/706	loss 0.6127 (0.4810)	accu 0.750 (0.779)	
Train Epoch-0   Iter-475/706	loss 0.2098 (0.4731)	accu 0.875 (0.782)	
Train Epoch-0   Iter-500/706	loss 0.2273 (0.4716)	accu 0.875 (0.783)	
Train Epoch-0   Iter-525/706	loss 0.1347 (0.4659)	accu 1.000 (0.786)	
Train Epoch-0   Iter-550/706	loss 0.1322 (0.4602)	accu 1.000 (0.790)	
Train Epoch-0   Iter-575/706	loss 0.5803 (0.4588)	accu 0.625 (0.792)	
Train Epoch-0   Iter-600/706	loss 0.0785 (0.4532)	accu 1.000 (0.794)	
Train Epoch-0   Iter-625/706	loss 0.4215 (0.4473)	accu 0.875 (0.797)	
Train Epoch-0   Iter-650/706	loss 0.4172 (0.4430)	accu 0.625 (0.799)	
Train Epoch-0   Iter-675/706	loss 0.3657 (0.4352)	accu 0.750 (0.803)	
Train Epoch-0   Iter-700/706	loss 0.3768 (0.4288)	accu 0.875 (0.807)	
Eval Epoch-0   Iter-0  /52 	loss 0.1529 (0.1529)	accu 0.875 (0.875)	
Eval Epoch-0   Iter-25 /52 	loss 0.0558 (0.2956)	accu 1.000 (0.841)	
Eval Epoch-0   Iter-50 /52 	loss 0.5475 (0.4661)	accu 0.500 (0.789)	
Epoch-0   Train: loss 0.4271	accu 0.8079	Eval: loss 0.4863	accu 0.7812
Train Epoch-1   Iter-0  /706	loss 0.0754 (0.0754)	accu 1.000 (1.000)	
Train Epoch-1   Iter-25 /706	loss 0.1517 (0.2530)	accu 0.875 (0.894)	
Train Epoch-1   Iter-50 /706	loss 0.0666 (0.2406)	accu 1.000 (0.909)	
Train Epoch-1   Iter-75 /706	loss 0.6126 (0.2287)	accu 0.750 (0.914)	
Train Epoch-1   Iter-100/706	loss 0.1529 (0.2666)	accu 1.000 (0.903)	
Train Epoch-1   Iter-125/706	loss 0.1539 (0.2748)	accu 0.875 (0.899)	
Train Epoch-1   Iter-150/706	loss 0.2379 (0.2837)	accu 0.875 (0.897)	
Train Epoch-1   Iter-175/706	loss 0.2384 (0.2862)	accu 0.875 (0.895)	
Train Epoch-1   Iter-200/706	loss 0.4357 (0.2890)	accu 0.750 (0.894)	
Train Epoch-1   Iter-225/706	loss 0.2803 (0.2871)	accu 0.875 (0.894)	
Train Epoch-1   Iter-250/706	loss 0.2979 (0.2869)	accu 0.875 (0.895)	
Train Epoch-1   Iter-275/706	loss 0.0887 (0.2894)	accu 1.000 (0.892)	
Train Epoch-1   Iter-300/706	loss 0.5169 (0.2904)	accu 0.875 (0.891)	
Train Epoch-1   Iter-325/706	loss 0.0474 (0.2854)	accu 1.000 (0.894)	
Train Epoch-1   Iter-350/706	loss 0.2416 (0.2829)	accu 0.875 (0.895)	
Train Epoch-1   Iter-375/706	loss 0.0962 (0.2815)	accu 1.000 (0.895)	
Train Epoch-1   Iter-400/706	loss 0.8179 (0.2833)	accu 0.750 (0.893)	
Train Epoch-1   Iter-425/706	loss 0.1049 (0.2861)	accu 1.000 (0.891)	
Train Epoch-1   Iter-450/706	loss 0.3534 (0.2860)	accu 0.875 (0.892)	
Train Epoch-1   Iter-475/706	loss 0.2025 (0.2864)	accu 0.875 (0.892)	
Train Epoch-1   Iter-500/706	loss 0.4274 (0.2925)	accu 0.750 (0.887)	
Train Epoch-1   Iter-525/706	loss 0.3835 (0.2910)	accu 0.875 (0.886)	
Train Epoch-1   Iter-550/706	loss 0.0725 (0.2917)	accu 1.000 (0.886)	
Train Epoch-1   Iter-575/706	loss 0.3310 (0.2901)	accu 0.750 (0.887)	
Train Epoch-1   Iter-600/706	loss 0.0686 (0.2870)	accu 1.000 (0.888)	
Train Epoch-1   Iter-625/706	loss 0.5180 (0.2873)	accu 0.750 (0.888)	
Train Epoch-1   Iter-650/706	loss 0.0569 (0.2862)	accu 1.000 (0.889)	
Train Epoch-1   Iter-675/706	loss 0.1993 (0.2845)	accu 1.000 (0.890)	
Train Epoch-1   Iter-700/706	loss 0.5701 (0.2838)	accu 0.750 (0.890)	
Eval Epoch-1   Iter-0  /52 	loss 0.0916 (0.0916)	accu 1.000 (1.000)	
Eval Epoch-1   Iter-25 /52 	loss 0.1068 (0.3018)	accu 1.000 (0.851)	
Eval Epoch-1   Iter-50 /52 	loss 1.4669 (0.5450)	accu 0.375 (0.728)	
Epoch-1   Train: loss 0.2827	accu 0.8908	Eval: loss 0.5772	accu 0.7236
Train Epoch-2   Iter-0  /706	loss 0.2793 (0.2793)	accu 0.875 (0.875)	
Train Epoch-2   Iter-25 /706	loss 0.3170 (0.2836)	accu 0.875 (0.880)	
Train Epoch-2   Iter-50 /706	loss 0.1455 (0.2871)	accu 0.875 (0.882)	
Train Epoch-2   Iter-75 /706	loss 0.4579 (0.2926)	accu 0.875 (0.880)	
Train Epoch-2   Iter-100/706	loss 0.0908 (0.2898)	accu 1.000 (0.885)	
Train Epoch-2   Iter-125/706	loss 0.1452 (0.2914)	accu 1.000 (0.885)	
Train Epoch-2   Iter-150/706	loss 0.0957 (0.2824)	accu 1.000 (0.891)	
Train Epoch-2   Iter-175/706	loss 0.7212 (0.2817)	accu 0.750 (0.894)	
Train Epoch-2   Iter-200/706	loss 0.0617 (0.2705)	accu 1.000 (0.900)	
Train Epoch-2   Iter-225/706	loss 0.1917 (0.2602)	accu 0.875 (0.904)	
Train Epoch-2   Iter-250/706	loss 0.0320 (0.2449)	accu 1.000 (0.911)	
Train Epoch-2   Iter-275/706	loss 0.3393 (0.2412)	accu 0.875 (0.912)	
Train Epoch-2   Iter-300/706	loss 0.0562 (0.2364)	accu 1.000 (0.912)	
Train Epoch-2   Iter-325/706	loss 0.8922 (0.2371)	accu 0.750 (0.911)	
Train Epoch-2   Iter-350/706	loss 0.0345 (0.2326)	accu 1.000 (0.913)	
Train Epoch-2   Iter-375/706	loss 0.6032 (0.2324)	accu 0.750 (0.914)	
Train Epoch-2   Iter-400/706	loss 0.0671 (0.2370)	accu 1.000 (0.914)	
Train Epoch-2   Iter-425/706	loss 0.0697 (0.2414)	accu 1.000 (0.912)	
Train Epoch-2   Iter-450/706	loss 0.0370 (0.2386)	accu 1.000 (0.913)	
Train Epoch-2   Iter-475/706	loss 0.1044 (0.2424)	accu 1.000 (0.912)	
Train Epoch-2   Iter-500/706	loss 0.3661 (0.2443)	accu 0.875 (0.911)	
Train Epoch-2   Iter-525/706	loss 0.1485 (0.2423)	accu 0.875 (0.912)	
Train Epoch-2   Iter-550/706	loss 0.0753 (0.2388)	accu 1.000 (0.914)	
Train Epoch-2   Iter-575/706	loss 0.0504 (0.2398)	accu 1.000 (0.914)	
Train Epoch-2   Iter-600/706	loss 0.0737 (0.2359)	accu 1.000 (0.915)	
Train Epoch-2   Iter-625/706	loss 0.2706 (0.2346)	accu 0.875 (0.916)	
Train Epoch-2   Iter-650/706	loss 0.0664 (0.2311)	accu 1.000 (0.918)	
Train Epoch-2   Iter-675/706	loss 0.1530 (0.2302)	accu 0.875 (0.918)	
Train Epoch-2   Iter-700/706	loss 0.3619 (0.2291)	accu 0.875 (0.918)	
Eval Epoch-2   Iter-0  /52 	loss 0.2977 (0.2977)	accu 0.875 (0.875)	
Eval Epoch-2   Iter-25 /52 	loss 0.0624 (0.7113)	accu 1.000 (0.702)	
Eval Epoch-2   Iter-50 /52 	loss 0.2723 (0.5925)	accu 0.875 (0.752)	
Epoch-2   Train: loss 0.2287	accu 0.9182	Eval: loss 0.5908	accu 0.7476
Train Epoch-3   Iter-0  /706	loss 0.1790 (0.1790)	accu 0.875 (0.875)	
Train Epoch-3   Iter-25 /706	loss 0.1943 (0.1621)	accu 0.875 (0.947)	
Train Epoch-3   Iter-50 /706	loss 0.0240 (0.1713)	accu 1.000 (0.929)	
Train Epoch-3   Iter-75 /706	loss 0.5637 (0.1615)	accu 0.875 (0.936)	
Train Epoch-3   Iter-100/706	loss 0.0372 (0.1666)	accu 1.000 (0.937)	
Train Epoch-3   Iter-125/706	loss 0.2328 (0.1773)	accu 0.875 (0.936)	
Train Epoch-3   Iter-150/706	loss 0.0185 (0.1739)	accu 1.000 (0.937)	
Train Epoch-3   Iter-175/706	loss 0.3486 (0.1753)	accu 0.875 (0.939)	
Train Epoch-3   Iter-200/706	loss 0.0450 (0.1812)	accu 1.000 (0.939)	
Train Epoch-3   Iter-225/706	loss 0.1354 (0.1835)	accu 0.875 (0.938)	
Train Epoch-3   Iter-250/706	loss 0.0388 (0.1882)	accu 1.000 (0.934)	
Train Epoch-3   Iter-275/706	loss 0.5382 (0.1812)	accu 0.875 (0.938)	
Train Epoch-3   Iter-300/706	loss 0.1122 (0.1844)	accu 1.000 (0.937)	
Train Epoch-3   Iter-325/706	loss 0.0426 (0.1880)	accu 1.000 (0.936)	
Train Epoch-3   Iter-350/706	loss 0.7096 (0.1889)	accu 0.750 (0.935)	
Train Epoch-3   Iter-375/706	loss 0.2768 (0.1914)	accu 0.875 (0.935)	
Train Epoch-3   Iter-400/706	loss 0.0190 (0.1917)	accu 1.000 (0.935)	
Train Epoch-3   Iter-425/706	loss 0.1079 (0.1966)	accu 1.000 (0.935)	
Train Epoch-3   Iter-450/706	loss 0.0348 (0.1961)	accu 1.000 (0.935)	
Train Epoch-3   Iter-475/706	loss 0.3633 (0.2009)	accu 0.875 (0.933)	
Train Epoch-3   Iter-500/706	loss 0.0461 (0.2025)	accu 1.000 (0.932)	
Train Epoch-3   Iter-525/706	loss 0.0954 (0.2024)	accu 1.000 (0.933)	
Train Epoch-3   Iter-550/706	loss 0.0356 (0.2031)	accu 1.000 (0.933)	
Train Epoch-3   Iter-575/706	loss 0.0976 (0.2052)	accu 1.000 (0.932)	
Train Epoch-3   Iter-600/706	loss 0.1936 (0.2065)	accu 0.875 (0.932)	
Train Epoch-3   Iter-625/706	loss 0.1498 (0.2070)	accu 0.875 (0.931)	
Train Epoch-3   Iter-650/706	loss 0.2155 (0.2070)	accu 0.875 (0.931)	
Train Epoch-3   Iter-675/706	loss 0.0183 (0.2054)	accu 1.000 (0.931)	
Train Epoch-3   Iter-700/706	loss 0.0907 (0.2042)	accu 1.000 (0.931)	
Eval Epoch-3   Iter-0  /52 	loss 0.6571 (0.6571)	accu 0.750 (0.750)	
Eval Epoch-3   Iter-25 /52 	loss 0.1204 (0.9110)	accu 1.000 (0.606)	
Eval Epoch-3   Iter-50 /52 	loss 0.9812 (0.7640)	accu 0.625 (0.672)	
Epoch-3   Train: loss 0.2040	accu 0.9311	Eval: loss 0.7576	accu 0.6755
Train Epoch-4   Iter-0  /706	loss 0.0228 (0.0228)	accu 1.000 (1.000)	
Train Epoch-4   Iter-25 /706	loss 0.0376 (0.2032)	accu 1.000 (0.938)	
Train Epoch-4   Iter-50 /706	loss 0.2902 (0.2464)	accu 0.750 (0.904)	
Train Epoch-4   Iter-75 /706	loss 0.1190 (0.2199)	accu 1.000 (0.918)	
Train Epoch-4   Iter-100/706	loss 0.1138 (0.2198)	accu 1.000 (0.922)	
Train Epoch-4   Iter-125/706	loss 0.3833 (0.2267)	accu 0.875 (0.922)	
Train Epoch-4   Iter-150/706	loss 0.3221 (0.2246)	accu 0.875 (0.921)	
Train Epoch-4   Iter-175/706	loss 0.0763 (0.2138)	accu 1.000 (0.928)	
Train Epoch-4   Iter-200/706	loss 0.0378 (0.2092)	accu 1.000 (0.928)	
Train Epoch-4   Iter-225/706	loss 0.0868 (0.1992)	accu 1.000 (0.930)	
Train Epoch-4   Iter-250/706	loss 0.0542 (0.1946)	accu 1.000 (0.931)	
Train Epoch-4   Iter-275/706	loss 0.1347 (0.2012)	accu 1.000 (0.929)	
Train Epoch-4   Iter-300/706	loss 0.0676 (0.2061)	accu 1.000 (0.928)	
Train Epoch-4   Iter-325/706	loss 0.0754 (0.2059)	accu 1.000 (0.929)	
Train Epoch-4   Iter-350/706	loss 0.4776 (0.2033)	accu 0.875 (0.930)	
Train Epoch-4   Iter-375/706	loss 0.1111 (0.2042)	accu 1.000 (0.930)	
Train Epoch-4   Iter-400/706	loss 0.1236 (0.1989)	accu 0.875 (0.931)	
Train Epoch-4   Iter-425/706	loss 0.2130 (0.1979)	accu 0.875 (0.933)	
Train Epoch-4   Iter-450/706	loss 0.0430 (0.1955)	accu 1.000 (0.934)	
Train Epoch-4   Iter-475/706	loss 0.0636 (0.1944)	accu 1.000 (0.935)	
Train Epoch-4   Iter-500/706	loss 0.4510 (0.1951)	accu 0.875 (0.935)	
Train Epoch-4   Iter-525/706	loss 0.1241 (0.1928)	accu 0.875 (0.936)	
Train Epoch-4   Iter-550/706	loss 0.3332 (0.1915)	accu 0.875 (0.936)	
Train Epoch-4   Iter-575/706	loss 0.3832 (0.1878)	accu 0.875 (0.938)	
Train Epoch-4   Iter-600/706	loss 0.0194 (0.1856)	accu 1.000 (0.939)	
Train Epoch-4   Iter-625/706	loss 0.5045 (0.1849)	accu 0.750 (0.939)	
Train Epoch-4   Iter-650/706	loss 0.6003 (0.1842)	accu 0.750 (0.940)	
Train Epoch-4   Iter-675/706	loss 0.0152 (0.1809)	accu 1.000 (0.941)	
Train Epoch-4   Iter-700/706	loss 0.1759 (0.1830)	accu 0.875 (0.940)	
Eval Epoch-4   Iter-0  /52 	loss 0.7608 (0.7608)	accu 0.750 (0.750)	
Eval Epoch-4   Iter-25 /52 	loss 0.0962 (0.7340)	accu 1.000 (0.673)	
Eval Epoch-4   Iter-50 /52 	loss 1.2868 (0.6862)	accu 0.500 (0.708)	
Epoch-4   Train: loss 0.1826	accu 0.9405	Eval: loss 0.6863	accu 0.7091
Train Epoch-5   Iter-0  /706	loss 0.1467 (0.1467)	accu 1.000 (1.000)	
Train Epoch-5   Iter-25 /706	loss 0.0155 (0.0863)	accu 1.000 (0.976)	
Train Epoch-5   Iter-50 /706	loss 0.0343 (0.1029)	accu 1.000 (0.966)	
Train Epoch-5   Iter-75 /706	loss 0.1933 (0.1451)	accu 0.875 (0.951)	
Train Epoch-5   Iter-100/706	loss 0.2770 (0.1660)	accu 0.875 (0.943)	
Train Epoch-5   Iter-125/706	loss 0.2505 (0.1575)	accu 0.875 (0.947)	
Train Epoch-5   Iter-150/706	loss 0.3176 (0.1700)	accu 0.875 (0.941)	
Train Epoch-5   Iter-175/706	loss 0.0103 (0.1638)	accu 1.000 (0.944)	
Train Epoch-5   Iter-200/706	loss 0.3111 (0.1614)	accu 0.875 (0.942)	
Train Epoch-5   Iter-225/706	loss 0.4522 (0.1649)	accu 0.875 (0.942)	
Train Epoch-5   Iter-250/706	loss 0.3287 (0.1709)	accu 0.875 (0.941)	
Train Epoch-5   Iter-275/706	loss 0.1437 (0.1755)	accu 1.000 (0.940)	
Train Epoch-5   Iter-300/706	loss 0.4002 (0.1733)	accu 0.875 (0.940)	
Train Epoch-5   Iter-325/706	loss 0.0767 (0.1708)	accu 1.000 (0.941)	
Train Epoch-5   Iter-350/706	loss 0.0232 (0.1710)	accu 1.000 (0.941)	
Train Epoch-5   Iter-375/706	loss 0.7104 (0.1699)	accu 0.750 (0.941)	
Train Epoch-5   Iter-400/706	loss 0.2319 (0.1643)	accu 0.875 (0.943)	
Train Epoch-5   Iter-425/706	loss 0.4903 (0.1663)	accu 0.875 (0.942)	
Train Epoch-5   Iter-450/706	loss 0.0084 (0.1598)	accu 1.000 (0.944)	
Train Epoch-5   Iter-475/706	loss 0.0617 (0.1644)	accu 1.000 (0.944)	
Train Epoch-5   Iter-500/706	loss 0.1920 (0.1604)	accu 0.875 (0.946)	
Train Epoch-5   Iter-525/706	loss 0.0583 (0.1602)	accu 1.000 (0.946)	
Train Epoch-5   Iter-550/706	loss 0.0594 (0.1596)	accu 1.000 (0.946)	
Train Epoch-5   Iter-575/706	loss 0.0338 (0.1584)	accu 1.000 (0.947)	
Train Epoch-5   Iter-600/706	loss 0.1037 (0.1570)	accu 1.000 (0.947)	
Train Epoch-5   Iter-625/706	loss 0.0077 (0.1545)	accu 1.000 (0.948)	
Train Epoch-5   Iter-650/706	loss 0.0079 (0.1553)	accu 1.000 (0.948)	
Train Epoch-5   Iter-675/706	loss 0.1017 (0.1552)	accu 1.000 (0.949)	
Train Epoch-5   Iter-700/706	loss 0.2703 (0.1608)	accu 0.875 (0.947)	
Eval Epoch-5   Iter-0  /52 	loss 0.6309 (0.6309)	accu 0.750 (0.750)	
Eval Epoch-5   Iter-25 /52 	loss 0.0455 (0.6612)	accu 1.000 (0.736)	
Eval Epoch-5   Iter-50 /52 	loss 0.8257 (0.5873)	accu 0.625 (0.752)	
Epoch-5   Train: loss 0.1608	accu 0.9464	Eval: loss 0.6013	accu 0.7476
Train Epoch-6   Iter-0  /706	loss 0.1508 (0.1508)	accu 0.875 (0.875)	
Train Epoch-6   Iter-25 /706	loss 0.0221 (0.1860)	accu 1.000 (0.938)	
Train Epoch-6   Iter-50 /706	loss 0.0296 (0.1728)	accu 1.000 (0.944)	
Train Epoch-6   Iter-75 /706	loss 0.6131 (0.1881)	accu 0.625 (0.942)	
Train Epoch-6   Iter-100/706	loss 0.0852 (0.1865)	accu 1.000 (0.941)	
Train Epoch-6   Iter-125/706	loss 0.0127 (0.1724)	accu 1.000 (0.945)	
Train Epoch-6   Iter-150/706	loss 0.0312 (0.1755)	accu 1.000 (0.947)	
Train Epoch-6   Iter-175/706	loss 0.0192 (0.1671)	accu 1.000 (0.948)	
Train Epoch-6   Iter-200/706	loss 0.0468 (0.1709)	accu 1.000 (0.945)	
Train Epoch-6   Iter-225/706	loss 0.0408 (0.1697)	accu 1.000 (0.944)	
Train Epoch-6   Iter-250/706	loss 0.0468 (0.1664)	accu 1.000 (0.945)	
Train Epoch-6   Iter-275/706	loss 0.0281 (0.1647)	accu 1.000 (0.946)	
Train Epoch-6   Iter-300/706	loss 0.2542 (0.1590)	accu 0.750 (0.947)	
Train Epoch-6   Iter-325/706	loss 0.0088 (0.1538)	accu 1.000 (0.950)	
Train Epoch-6   Iter-350/706	loss 0.0415 (0.1555)	accu 1.000 (0.950)	
Train Epoch-6   Iter-375/706	loss 0.0158 (0.1538)	accu 1.000 (0.950)	
Train Epoch-6   Iter-400/706	loss 0.1067 (0.1577)	accu 1.000 (0.950)	
Train Epoch-6   Iter-425/706	loss 0.0227 (0.1563)	accu 1.000 (0.950)	
Train Epoch-6   Iter-450/706	loss 0.5380 (0.1536)	accu 0.875 (0.950)	
Train Epoch-6   Iter-475/706	loss 0.0281 (0.1513)	accu 1.000 (0.951)	
Train Epoch-6   Iter-500/706	loss 0.0978 (0.1497)	accu 0.875 (0.951)	
Train Epoch-6   Iter-525/706	loss 0.1157 (0.1490)	accu 1.000 (0.952)	
Train Epoch-6   Iter-550/706	loss 0.3668 (0.1471)	accu 0.875 (0.952)	
Train Epoch-6   Iter-575/706	loss 0.0396 (0.1465)	accu 1.000 (0.953)	
Train Epoch-6   Iter-600/706	loss 0.1218 (0.1454)	accu 1.000 (0.953)	
Train Epoch-6   Iter-625/706	loss 0.2889 (0.1457)	accu 0.875 (0.953)	
Train Epoch-6   Iter-650/706	loss 0.1712 (0.1442)	accu 0.875 (0.954)	
Train Epoch-6   Iter-675/706	loss 0.0378 (0.1441)	accu 1.000 (0.954)	
Train Epoch-6   Iter-700/706	loss 0.1601 (0.1437)	accu 1.000 (0.954)	
Eval Epoch-6   Iter-0  /52 	loss 0.1288 (0.1288)	accu 1.000 (1.000)	
Eval Epoch-6   Iter-25 /52 	loss 0.0104 (0.5303)	accu 1.000 (0.803)	
Eval Epoch-6   Iter-50 /52 	loss 0.9219 (0.5201)	accu 0.625 (0.794)	
Epoch-6   Train: loss 0.1442	accu 0.9535	Eval: loss 0.5315	accu 0.7909
Epoch     7: reducing learning rate of group 0 to 3.0000e-05.
Train Epoch-7   Iter-0  /706	loss 0.0128 (0.0128)	accu 1.000 (1.000)	
Train Epoch-7   Iter-25 /706	loss 0.0227 (0.0958)	accu 1.000 (0.976)	
Train Epoch-7   Iter-50 /706	loss 0.0684 (0.0946)	accu 1.000 (0.975)	
Train Epoch-7   Iter-75 /706	loss 0.0135 (0.1003)	accu 1.000 (0.974)	
Train Epoch-7   Iter-100/706	loss 0.1672 (0.1164)	accu 0.875 (0.964)	
Train Epoch-7   Iter-125/706	loss 0.0266 (0.1166)	accu 1.000 (0.963)	
Train Epoch-7   Iter-150/706	loss 0.0112 (0.1168)	accu 1.000 (0.962)	
Train Epoch-7   Iter-175/706	loss 0.0123 (0.1216)	accu 1.000 (0.959)	
Train Epoch-7   Iter-200/706	loss 0.5195 (0.1218)	accu 0.750 (0.959)	
Train Epoch-7   Iter-225/706	loss 0.0140 (0.1192)	accu 1.000 (0.960)	
Train Epoch-7   Iter-250/706	loss 0.1611 (0.1185)	accu 0.875 (0.961)	
Train Epoch-7   Iter-275/706	loss 0.4979 (0.1204)	accu 0.750 (0.960)	
Train Epoch-7   Iter-300/706	loss 0.0245 (0.1181)	accu 1.000 (0.961)	
Train Epoch-7   Iter-325/706	loss 0.0227 (0.1211)	accu 1.000 (0.961)	
Train Epoch-7   Iter-350/706	loss 0.3651 (0.1215)	accu 0.875 (0.960)	
Train Epoch-7   Iter-375/706	loss 0.0138 (0.1226)	accu 1.000 (0.960)	
Train Epoch-7   Iter-400/706	loss 0.0226 (0.1215)	accu 1.000 (0.960)	
Train Epoch-7   Iter-425/706	loss 0.0271 (0.1235)	accu 1.000 (0.959)	
Train Epoch-7   Iter-450/706	loss 0.3344 (0.1259)	accu 0.875 (0.958)	
Train Epoch-7   Iter-475/706	loss 0.0625 (0.1236)	accu 1.000 (0.959)	
Train Epoch-7   Iter-500/706	loss 0.0386 (0.1252)	accu 1.000 (0.959)	
Train Epoch-7   Iter-525/706	loss 0.0111 (0.1251)	accu 1.000 (0.959)	
Train Epoch-7   Iter-550/706	loss 0.0437 (0.1234)	accu 1.000 (0.959)	
Train Epoch-7   Iter-575/706	loss 0.4287 (0.1261)	accu 0.875 (0.959)	
Train Epoch-7   Iter-600/706	loss 0.3109 (0.1260)	accu 0.875 (0.958)	
Train Epoch-7   Iter-625/706	loss 0.0447 (0.1257)	accu 1.000 (0.958)	
Train Epoch-7   Iter-650/706	loss 0.0313 (0.1254)	accu 1.000 (0.958)	
Train Epoch-7   Iter-675/706	loss 0.1691 (0.1251)	accu 1.000 (0.958)	
Train Epoch-7   Iter-700/706	loss 0.0123 (0.1234)	accu 1.000 (0.959)	
Eval Epoch-7   Iter-0  /52 	loss 0.3356 (0.3356)	accu 0.750 (0.750)	
Eval Epoch-7   Iter-25 /52 	loss 0.0068 (0.5835)	accu 1.000 (0.736)	
Eval Epoch-7   Iter-50 /52 	loss 0.7068 (0.5433)	accu 0.625 (0.767)	
Epoch-7   Train: loss 0.1243	accu 0.9589	Eval: loss 0.5451	accu 0.7644
Train Epoch-8   Iter-0  /706	loss 0.1407 (0.1407)	accu 0.875 (0.875)	
Train Epoch-8   Iter-25 /706	loss 0.4039 (0.0954)	accu 0.875 (0.976)	
Train Epoch-8   Iter-50 /706	loss 0.1170 (0.0790)	accu 1.000 (0.978)	
Train Epoch-8   Iter-75 /706	loss 0.2430 (0.0947)	accu 0.875 (0.972)	
Train Epoch-8   Iter-100/706	loss 0.0136 (0.0974)	accu 1.000 (0.968)	
Train Epoch-8   Iter-125/706	loss 0.0428 (0.1094)	accu 1.000 (0.963)	
Train Epoch-8   Iter-150/706	loss 0.0371 (0.1038)	accu 1.000 (0.966)	
Train Epoch-8   Iter-175/706	loss 0.1150 (0.1046)	accu 0.875 (0.965)	
Train Epoch-8   Iter-200/706	loss 0.2138 (0.1022)	accu 0.875 (0.965)	
Train Epoch-8   Iter-225/706	loss 0.0466 (0.1062)	accu 1.000 (0.964)	
Train Epoch-8   Iter-250/706	loss 0.0080 (0.1060)	accu 1.000 (0.964)	
Train Epoch-8   Iter-275/706	loss 0.0188 (0.1069)	accu 1.000 (0.963)	
Train Epoch-8   Iter-300/706	loss 0.3856 (0.1063)	accu 0.750 (0.963)	
Train Epoch-8   Iter-325/706	loss 0.5052 (0.1048)	accu 0.875 (0.964)	
Train Epoch-8   Iter-350/706	loss 0.9684 (0.1068)	accu 0.875 (0.964)	
Train Epoch-8   Iter-375/706	loss 0.4541 (0.1083)	accu 0.875 (0.964)	
Train Epoch-8   Iter-400/706	loss 0.0299 (0.1080)	accu 1.000 (0.963)	
Train Epoch-8   Iter-425/706	loss 0.0521 (0.1109)	accu 1.000 (0.962)	
Train Epoch-8   Iter-450/706	loss 0.0140 (0.1087)	accu 1.000 (0.963)	
Train Epoch-8   Iter-475/706	loss 0.1116 (0.1119)	accu 1.000 (0.962)	
Train Epoch-8   Iter-500/706	loss 0.0306 (0.1114)	accu 1.000 (0.963)	
Train Epoch-8   Iter-525/706	loss 0.0127 (0.1124)	accu 1.000 (0.963)	
Train Epoch-8   Iter-550/706	loss 0.4190 (0.1152)	accu 0.875 (0.961)	
Train Epoch-8   Iter-575/706	loss 0.2372 (0.1142)	accu 0.875 (0.962)	
Train Epoch-8   Iter-600/706	loss 0.1158 (0.1139)	accu 0.875 (0.962)	
Train Epoch-8   Iter-625/706	loss 0.0498 (0.1126)	accu 1.000 (0.962)	
Train Epoch-8   Iter-650/706	loss 0.5542 (0.1118)	accu 0.750 (0.963)	
Train Epoch-8   Iter-675/706	loss 0.5562 (0.1125)	accu 0.875 (0.963)	
Train Epoch-8   Iter-700/706	loss 0.0968 (0.1114)	accu 0.875 (0.963)	
Eval Epoch-8   Iter-0  /52 	loss 0.2129 (0.2129)	accu 0.875 (0.875)	
Eval Epoch-8   Iter-25 /52 	loss 0.0017 (0.5360)	accu 1.000 (0.764)	
Eval Epoch-8   Iter-50 /52 	loss 1.0423 (0.5617)	accu 0.625 (0.775)	
Epoch-8   Train: loss 0.1108	accu 0.9632	Eval: loss 0.5680	accu 0.7716
Train Epoch-9   Iter-0  /706	loss 0.0159 (0.0159)	accu 1.000 (1.000)	
Train Epoch-9   Iter-25 /706	loss 0.0025 (0.0788)	accu 1.000 (0.962)	
Train Epoch-9   Iter-50 /706	loss 0.0797 (0.1040)	accu 1.000 (0.961)	
Train Epoch-9   Iter-75 /706	loss 0.1028 (0.0915)	accu 0.875 (0.967)	
Train Epoch-9   Iter-100/706	loss 0.0088 (0.1166)	accu 1.000 (0.963)	
Train Epoch-9   Iter-125/706	loss 0.0185 (0.1221)	accu 1.000 (0.959)	
Train Epoch-9   Iter-150/706	loss 0.0305 (0.1196)	accu 1.000 (0.959)	
Train Epoch-9   Iter-175/706	loss 0.0174 (0.1155)	accu 1.000 (0.962)	
Train Epoch-9   Iter-200/706	loss 0.0904 (0.1096)	accu 1.000 (0.963)	
Train Epoch-9   Iter-225/706	loss 0.1992 (0.1129)	accu 0.875 (0.962)	
Train Epoch-9   Iter-250/706	loss 0.0115 (0.1071)	accu 1.000 (0.965)	
Train Epoch-9   Iter-275/706	loss 0.1059 (0.1060)	accu 0.875 (0.965)	
Train Epoch-9   Iter-300/706	loss 0.2788 (0.1070)	accu 0.875 (0.964)	
Train Epoch-9   Iter-325/706	loss 0.2529 (0.1072)	accu 0.875 (0.964)	
Train Epoch-9   Iter-350/706	loss 0.1299 (0.1037)	accu 0.875 (0.964)	
Train Epoch-9   Iter-375/706	loss 0.0149 (0.1049)	accu 1.000 (0.964)	
Train Epoch-9   Iter-400/706	loss 0.0133 (0.1052)	accu 1.000 (0.964)	
Train Epoch-9   Iter-425/706	loss 0.0200 (0.1060)	accu 1.000 (0.964)	
Train Epoch-9   Iter-450/706	loss 0.1564 (0.1077)	accu 0.875 (0.964)	
Train Epoch-9   Iter-475/706	loss 0.0198 (0.1063)	accu 1.000 (0.964)	
Train Epoch-9   Iter-500/706	loss 0.0369 (0.1077)	accu 1.000 (0.963)	
Train Epoch-9   Iter-525/706	loss 0.0148 (0.1067)	accu 1.000 (0.964)	
Train Epoch-9   Iter-550/706	loss 0.0130 (0.1051)	accu 1.000 (0.964)	
Train Epoch-9   Iter-575/706	loss 0.4046 (0.1051)	accu 0.875 (0.964)	
Train Epoch-9   Iter-600/706	loss 0.0234 (0.1041)	accu 1.000 (0.964)	
Train Epoch-9   Iter-625/706	loss 0.0212 (0.1039)	accu 1.000 (0.965)	
Train Epoch-9   Iter-650/706	loss 0.0168 (0.1036)	accu 1.000 (0.965)	
Train Epoch-9   Iter-675/706	loss 0.0362 (0.1046)	accu 1.000 (0.965)	
Train Epoch-9   Iter-700/706	loss 0.0555 (0.1038)	accu 1.000 (0.964)	
Eval Epoch-9   Iter-0  /52 	loss 0.2459 (0.2459)	accu 0.750 (0.750)	
Eval Epoch-9   Iter-25 /52 	loss 0.0015 (0.5653)	accu 1.000 (0.764)	
Eval Epoch-9   Iter-50 /52 	loss 1.1302 (0.5821)	accu 0.625 (0.779)	
Epoch-9   Train: loss 0.1032	accu 0.9646	Eval: loss 0.5900	accu 0.7764
Train Epoch-10  Iter-0  /706	loss 0.3480 (0.3480)	accu 0.875 (0.875)	
Train Epoch-10  Iter-25 /706	loss 0.4332 (0.0860)	accu 0.875 (0.976)	
Train Epoch-10  Iter-50 /706	loss 0.0543 (0.1069)	accu 1.000 (0.971)	
Train Epoch-10  Iter-75 /706	loss 0.0470 (0.0954)	accu 1.000 (0.974)	
Train Epoch-10  Iter-100/706	loss 0.1031 (0.0898)	accu 1.000 (0.974)	
Train Epoch-10  Iter-125/706	loss 0.0322 (0.1014)	accu 1.000 (0.968)	
Train Epoch-10  Iter-150/706	loss 0.0407 (0.1024)	accu 1.000 (0.968)	
Train Epoch-10  Iter-175/706	loss 0.0141 (0.0946)	accu 1.000 (0.970)	
Train Epoch-10  Iter-200/706	loss 0.0094 (0.0864)	accu 1.000 (0.973)	
Train Epoch-10  Iter-225/706	loss 0.0091 (0.0916)	accu 1.000 (0.971)	
Train Epoch-10  Iter-250/706	loss 0.0079 (0.0879)	accu 1.000 (0.971)	
Train Epoch-10  Iter-275/706	loss 0.0101 (0.0881)	accu 1.000 (0.971)	
Train Epoch-10  Iter-300/706	loss 0.3989 (0.0885)	accu 0.875 (0.971)	
Train Epoch-10  Iter-325/706	loss 0.0336 (0.0911)	accu 1.000 (0.969)	
Train Epoch-10  Iter-350/706	loss 0.0026 (0.0905)	accu 1.000 (0.969)	
Train Epoch-10  Iter-375/706	loss 0.1221 (0.0917)	accu 1.000 (0.969)	
Train Epoch-10  Iter-400/706	loss 0.1438 (0.0924)	accu 0.875 (0.969)	
Train Epoch-10  Iter-425/706	loss 0.0700 (0.0943)	accu 1.000 (0.968)	
Train Epoch-10  Iter-450/706	loss 0.0131 (0.0965)	accu 1.000 (0.968)	
Train Epoch-10  Iter-475/706	loss 0.0872 (0.0963)	accu 1.000 (0.968)	
Train Epoch-10  Iter-500/706	loss 0.1160 (0.0971)	accu 1.000 (0.968)	
Train Epoch-10  Iter-525/706	loss 0.0035 (0.0954)	accu 1.000 (0.968)	
Train Epoch-10  Iter-550/706	loss 0.0121 (0.0961)	accu 1.000 (0.968)	
Train Epoch-10  Iter-575/706	loss 0.0893 (0.0951)	accu 1.000 (0.968)	
Train Epoch-10  Iter-600/706	loss 0.3702 (0.0969)	accu 0.875 (0.968)	
Train Epoch-10  Iter-625/706	loss 0.0226 (0.0991)	accu 1.000 (0.967)	
Train Epoch-10  Iter-650/706	loss 0.0235 (0.0981)	accu 1.000 (0.968)	
Train Epoch-10  Iter-675/706	loss 0.9232 (0.0982)	accu 0.875 (0.968)	
Train Epoch-10  Iter-700/706	loss 0.0240 (0.0975)	accu 1.000 (0.968)	
Eval Epoch-10  Iter-0  /52 	loss 0.2832 (0.2832)	accu 0.875 (0.875)	
Eval Epoch-10  Iter-25 /52 	loss 0.0022 (0.5882)	accu 1.000 (0.774)	
Eval Epoch-10  Iter-50 /52 	loss 0.8886 (0.5545)	accu 0.750 (0.799)	
Epoch-10  Train: loss 0.0983	accu 0.9675	Eval: loss 0.5620	accu 0.7957
Train Epoch-11  Iter-0  /706	loss 0.0125 (0.0125)	accu 1.000 (1.000)	
Train Epoch-11  Iter-25 /706	loss 0.0182 (0.1113)	accu 1.000 (0.957)	
Train Epoch-11  Iter-50 /706	loss 0.7370 (0.1140)	accu 0.750 (0.956)	
Train Epoch-11  Iter-75 /706	loss 0.2025 (0.0994)	accu 0.875 (0.964)	
Train Epoch-11  Iter-100/706	loss 0.0145 (0.0933)	accu 1.000 (0.968)	
Train Epoch-11  Iter-125/706	loss 0.0093 (0.0917)	accu 1.000 (0.968)	
Train Epoch-11  Iter-150/706	loss 0.0072 (0.0864)	accu 1.000 (0.969)	
Train Epoch-11  Iter-175/706	loss 0.0173 (0.0953)	accu 1.000 (0.967)	
Train Epoch-11  Iter-200/706	loss 0.3071 (0.0963)	accu 0.875 (0.966)	
Train Epoch-11  Iter-225/706	loss 0.0394 (0.0936)	accu 1.000 (0.968)	
Train Epoch-11  Iter-250/706	loss 0.0847 (0.0919)	accu 1.000 (0.968)	
Train Epoch-11  Iter-275/706	loss 0.0076 (0.0954)	accu 1.000 (0.967)	
Train Epoch-11  Iter-300/706	loss 0.2402 (0.0948)	accu 0.875 (0.967)	
Train Epoch-11  Iter-325/706	loss 0.0063 (0.0921)	accu 1.000 (0.968)	
Train Epoch-11  Iter-350/706	loss 0.0130 (0.0885)	accu 1.000 (0.970)	
Train Epoch-11  Iter-375/706	loss 0.3966 (0.0867)	accu 0.875 (0.970)	
Train Epoch-11  Iter-400/706	loss 0.4016 (0.0892)	accu 0.875 (0.970)	
Train Epoch-11  Iter-425/706	loss 0.4625 (0.0894)	accu 0.875 (0.970)	
Train Epoch-11  Iter-450/706	loss 0.0338 (0.0938)	accu 1.000 (0.968)	
Train Epoch-11  Iter-475/706	loss 0.0240 (0.0941)	accu 1.000 (0.967)	
Train Epoch-11  Iter-500/706	loss 0.0230 (0.0947)	accu 1.000 (0.967)	
Train Epoch-11  Iter-525/706	loss 0.0513 (0.0955)	accu 1.000 (0.966)	
Train Epoch-11  Iter-550/706	loss 0.0068 (0.0973)	accu 1.000 (0.966)	
Train Epoch-11  Iter-575/706	loss 0.0184 (0.0982)	accu 1.000 (0.965)	
Train Epoch-11  Iter-600/706	loss 0.0181 (0.0989)	accu 1.000 (0.965)	
Train Epoch-11  Iter-625/706	loss 0.0097 (0.0993)	accu 1.000 (0.964)	
Train Epoch-11  Iter-650/706	loss 0.0139 (0.0999)	accu 1.000 (0.964)	
Train Epoch-11  Iter-675/706	loss 0.3167 (0.1006)	accu 0.875 (0.964)	
Train Epoch-11  Iter-700/706	loss 0.0339 (0.0994)	accu 1.000 (0.964)	
Eval Epoch-11  Iter-0  /52 	loss 0.2989 (0.2989)	accu 0.750 (0.750)	
Eval Epoch-11  Iter-25 /52 	loss 0.0017 (0.5141)	accu 1.000 (0.745)	
Eval Epoch-11  Iter-50 /52 	loss 0.9069 (0.5251)	accu 0.750 (0.772)	
Epoch-11  Train: loss 0.0993	accu 0.9641	Eval: loss 0.5287	accu 0.7692
Train Epoch-12  Iter-0  /706	loss 0.0235 (0.0235)	accu 1.000 (1.000)	
Train Epoch-12  Iter-25 /706	loss 0.0125 (0.1375)	accu 1.000 (0.942)	
Train Epoch-12  Iter-50 /706	loss 0.0442 (0.1139)	accu 1.000 (0.963)	
Train Epoch-12  Iter-75 /706	loss 0.0342 (0.1009)	accu 1.000 (0.970)	
Train Epoch-12  Iter-100/706	loss 0.0406 (0.0942)	accu 1.000 (0.972)	
Train Epoch-12  Iter-125/706	loss 0.0412 (0.1014)	accu 1.000 (0.967)	
Train Epoch-12  Iter-150/706	loss 0.0283 (0.0919)	accu 1.000 (0.971)	
Train Epoch-12  Iter-175/706	loss 0.0438 (0.0911)	accu 1.000 (0.972)	
Train Epoch-12  Iter-200/706	loss 0.0063 (0.0935)	accu 1.000 (0.971)	
Train Epoch-12  Iter-225/706	loss 0.0076 (0.0973)	accu 1.000 (0.969)	
Train Epoch-12  Iter-250/706	loss 0.0242 (0.0956)	accu 1.000 (0.968)	
Train Epoch-12  Iter-275/706	loss 0.0639 (0.0983)	accu 1.000 (0.969)	
Train Epoch-12  Iter-300/706	loss 0.0067 (0.0949)	accu 1.000 (0.970)	
Train Epoch-12  Iter-325/706	loss 0.0486 (0.0914)	accu 1.000 (0.971)	
Train Epoch-12  Iter-350/706	loss 0.0191 (0.0921)	accu 1.000 (0.970)	
Train Epoch-12  Iter-375/706	loss 0.0109 (0.0929)	accu 1.000 (0.970)	
Train Epoch-12  Iter-400/706	loss 0.0530 (0.0932)	accu 1.000 (0.970)	
Train Epoch-12  Iter-425/706	loss 0.0058 (0.0924)	accu 1.000 (0.970)	
Train Epoch-12  Iter-450/706	loss 0.1197 (0.0934)	accu 1.000 (0.969)	
Train Epoch-12  Iter-475/706	loss 0.5486 (0.0935)	accu 0.875 (0.969)	
Train Epoch-12  Iter-500/706	loss 0.0412 (0.0917)	accu 1.000 (0.970)	
Train Epoch-12  Iter-525/706	loss 0.0121 (0.0934)	accu 1.000 (0.969)	
Train Epoch-12  Iter-550/706	loss 0.0110 (0.0939)	accu 1.000 (0.969)	
Train Epoch-12  Iter-575/706	loss 0.0309 (0.0925)	accu 1.000 (0.969)	
Train Epoch-12  Iter-600/706	loss 0.0101 (0.0934)	accu 1.000 (0.968)	
Train Epoch-12  Iter-625/706	loss 0.0449 (0.0947)	accu 1.000 (0.968)	
Train Epoch-12  Iter-650/706	loss 0.0214 (0.0976)	accu 1.000 (0.966)	
Train Epoch-12  Iter-675/706	loss 0.0878 (0.0961)	accu 1.000 (0.967)	
Train Epoch-12  Iter-700/706	loss 0.0327 (0.0951)	accu 1.000 (0.968)	
Eval Epoch-12  Iter-0  /52 	loss 0.3347 (0.3347)	accu 0.750 (0.750)	
Eval Epoch-12  Iter-25 /52 	loss 0.0028 (0.5467)	accu 1.000 (0.750)	
Eval Epoch-12  Iter-50 /52 	loss 0.7759 (0.5481)	accu 0.750 (0.772)	
Epoch-12  Train: loss 0.0947	accu 0.9676	Eval: loss 0.5494	accu 0.7692
Epoch    13: reducing learning rate of group 0 to 3.0000e-06.
Train Epoch-13  Iter-0  /706	loss 0.0138 (0.0138)	accu 1.000 (1.000)	
Train Epoch-13  Iter-25 /706	loss 0.0288 (0.0517)	accu 1.000 (0.990)	
Train Epoch-13  Iter-50 /706	loss 0.0301 (0.0794)	accu 1.000 (0.978)	
Train Epoch-13  Iter-75 /706	loss 0.0249 (0.0931)	accu 1.000 (0.970)	
Train Epoch-13  Iter-100/706	loss 0.0177 (0.0889)	accu 1.000 (0.970)	
Train Epoch-13  Iter-125/706	loss 0.2041 (0.0926)	accu 0.875 (0.968)	
Train Epoch-13  Iter-150/706	loss 0.0325 (0.0925)	accu 1.000 (0.969)	
Train Epoch-13  Iter-175/706	loss 0.0162 (0.0916)	accu 1.000 (0.969)	
Train Epoch-13  Iter-200/706	loss 0.0284 (0.0923)	accu 1.000 (0.968)	
Train Epoch-13  Iter-225/706	loss 0.0254 (0.0932)	accu 1.000 (0.968)	
Train Epoch-13  Iter-250/706	loss 0.0159 (0.0901)	accu 1.000 (0.969)	
Train Epoch-13  Iter-275/706	loss 0.0052 (0.0934)	accu 1.000 (0.968)	
Train Epoch-13  Iter-300/706	loss 0.0437 (0.0919)	accu 1.000 (0.969)	
Train Epoch-13  Iter-325/706	loss 0.0142 (0.0900)	accu 1.000 (0.970)	
Train Epoch-13  Iter-350/706	loss 0.2189 (0.0914)	accu 0.875 (0.969)	
Train Epoch-13  Iter-375/706	loss 0.4577 (0.0931)	accu 0.750 (0.967)	
Train Epoch-13  Iter-400/706	loss 0.0050 (0.0926)	accu 1.000 (0.968)	
Train Epoch-13  Iter-425/706	loss 0.0426 (0.0927)	accu 1.000 (0.968)	
Train Epoch-13  Iter-450/706	loss 0.0422 (0.0912)	accu 1.000 (0.968)	
Train Epoch-13  Iter-475/706	loss 0.0155 (0.0887)	accu 1.000 (0.969)	
Train Epoch-13  Iter-500/706	loss 0.0945 (0.0880)	accu 0.875 (0.969)	
Train Epoch-13  Iter-525/706	loss 0.0209 (0.0863)	accu 1.000 (0.969)	
Train Epoch-13  Iter-550/706	loss 0.1205 (0.0891)	accu 0.875 (0.968)	
Train Epoch-13  Iter-575/706	loss 0.1437 (0.0885)	accu 0.875 (0.969)	
Train Epoch-13  Iter-600/706	loss 0.3450 (0.0879)	accu 0.750 (0.969)	
Train Epoch-13  Iter-625/706	loss 0.0227 (0.0898)	accu 1.000 (0.968)	
Train Epoch-13  Iter-650/706	loss 0.0095 (0.0895)	accu 1.000 (0.969)	
Train Epoch-13  Iter-675/706	loss 0.0084 (0.0892)	accu 1.000 (0.969)	
Train Epoch-13  Iter-700/706	loss 0.4204 (0.0889)	accu 0.875 (0.970)	
Eval Epoch-13  Iter-0  /52 	loss 0.3116 (0.3116)	accu 0.750 (0.750)	
Eval Epoch-13  Iter-25 /52 	loss 0.0022 (0.5097)	accu 1.000 (0.755)	
Eval Epoch-13  Iter-50 /52 	loss 0.9202 (0.5369)	accu 0.750 (0.772)	
Epoch-13  Train: loss 0.0886	accu 0.9697	Eval: loss 0.5397	accu 0.7692
Train Epoch-14  Iter-0  /706	loss 0.2233 (0.2233)	accu 0.875 (0.875)	
Train Epoch-14  Iter-25 /706	loss 0.0030 (0.1467)	accu 1.000 (0.942)	
Train Epoch-14  Iter-50 /706	loss 0.4386 (0.1182)	accu 0.750 (0.956)	
Train Epoch-14  Iter-75 /706	loss 0.0090 (0.1088)	accu 1.000 (0.959)	
Train Epoch-14  Iter-100/706	loss 0.0303 (0.1035)	accu 1.000 (0.962)	
Train Epoch-14  Iter-125/706	loss 0.1405 (0.1027)	accu 0.875 (0.961)	
Train Epoch-14  Iter-150/706	loss 0.0569 (0.0950)	accu 1.000 (0.964)	
Train Epoch-14  Iter-175/706	loss 0.3085 (0.0930)	accu 0.750 (0.966)	
Train Epoch-14  Iter-200/706	loss 0.2719 (0.0924)	accu 0.875 (0.966)	
Train Epoch-14  Iter-225/706	loss 0.0343 (0.0896)	accu 1.000 (0.968)	
Train Epoch-14  Iter-250/706	loss 0.0217 (0.0866)	accu 1.000 (0.970)	
Train Epoch-14  Iter-275/706	loss 0.0250 (0.0855)	accu 1.000 (0.970)	
Train Epoch-14  Iter-300/706	loss 0.0082 (0.0869)	accu 1.000 (0.969)	
Train Epoch-14  Iter-325/706	loss 0.0516 (0.0880)	accu 1.000 (0.968)	
Train Epoch-14  Iter-350/706	loss 0.0107 (0.0871)	accu 1.000 (0.969)	
Train Epoch-14  Iter-375/706	loss 0.1934 (0.0871)	accu 0.875 (0.969)	
Train Epoch-14  Iter-400/706	loss 0.0254 (0.0878)	accu 1.000 (0.969)	
Train Epoch-14  Iter-425/706	loss 0.0171 (0.0893)	accu 1.000 (0.969)	
Train Epoch-14  Iter-450/706	loss 0.1018 (0.0921)	accu 0.875 (0.968)	
Train Epoch-14  Iter-475/706	loss 0.0217 (0.0932)	accu 1.000 (0.968)	
Train Epoch-14  Iter-500/706	loss 0.0641 (0.0925)	accu 1.000 (0.969)	
Train Epoch-14  Iter-525/706	loss 0.0292 (0.0917)	accu 1.000 (0.969)	
Train Epoch-14  Iter-550/706	loss 0.0390 (0.0921)	accu 1.000 (0.969)	
Train Epoch-14  Iter-575/706	loss 0.0320 (0.0911)	accu 1.000 (0.969)	
Train Epoch-14  Iter-600/706	loss 0.0084 (0.0906)	accu 1.000 (0.969)	
Train Epoch-14  Iter-625/706	loss 0.0065 (0.0901)	accu 1.000 (0.969)	
Train Epoch-14  Iter-650/706	loss 0.0045 (0.0913)	accu 1.000 (0.969)	
Train Epoch-14  Iter-675/706	loss 0.0317 (0.0901)	accu 1.000 (0.970)	
Train Epoch-14  Iter-700/706	loss 0.0251 (0.0893)	accu 1.000 (0.970)	
Eval Epoch-14  Iter-0  /52 	loss 0.3136 (0.3136)	accu 0.750 (0.750)	
Eval Epoch-14  Iter-25 /52 	loss 0.0026 (0.5198)	accu 1.000 (0.750)	
Eval Epoch-14  Iter-50 /52 	loss 0.8994 (0.5392)	accu 0.750 (0.770)	
Epoch-14  Train: loss 0.0890	accu 0.9703	Eval: loss 0.5423	accu 0.7668
Train Epoch-15  Iter-0  /706	loss 0.4497 (0.4497)	accu 0.875 (0.875)	
Train Epoch-15  Iter-25 /706	loss 0.0084 (0.0747)	accu 1.000 (0.976)	
Train Epoch-15  Iter-50 /706	loss 0.0070 (0.1195)	accu 1.000 (0.966)	
Train Epoch-15  Iter-75 /706	loss 0.6102 (0.1107)	accu 0.875 (0.967)	
Train Epoch-15  Iter-100/706	loss 0.0361 (0.1067)	accu 1.000 (0.968)	
Train Epoch-15  Iter-125/706	loss 0.0193 (0.0984)	accu 1.000 (0.971)	
Train Epoch-15  Iter-150/706	loss 0.0066 (0.1024)	accu 1.000 (0.969)	
Train Epoch-15  Iter-175/706	loss 0.1034 (0.0990)	accu 0.875 (0.969)	
Train Epoch-15  Iter-200/706	loss 0.0284 (0.0930)	accu 1.000 (0.971)	
Train Epoch-15  Iter-225/706	loss 0.0301 (0.0893)	accu 1.000 (0.972)	
Train Epoch-15  Iter-250/706	loss 0.0201 (0.0868)	accu 1.000 (0.973)	
Train Epoch-15  Iter-275/706	loss 0.0362 (0.0844)	accu 1.000 (0.973)	
Train Epoch-15  Iter-300/706	loss 0.0303 (0.0854)	accu 1.000 (0.973)	
Train Epoch-15  Iter-325/706	loss 0.0067 (0.0859)	accu 1.000 (0.972)	
Train Epoch-15  Iter-350/706	loss 0.2019 (0.0858)	accu 0.875 (0.972)	
Train Epoch-15  Iter-375/706	loss 0.2002 (0.0844)	accu 0.875 (0.972)	
Train Epoch-15  Iter-400/706	loss 0.0310 (0.0823)	accu 1.000 (0.973)	
Train Epoch-15  Iter-425/706	loss 0.2269 (0.0811)	accu 0.875 (0.973)	
Train Epoch-15  Iter-450/706	loss 0.3260 (0.0805)	accu 0.750 (0.973)	
Train Epoch-15  Iter-475/706	loss 0.0120 (0.0782)	accu 1.000 (0.975)	
Train Epoch-15  Iter-500/706	loss 0.0237 (0.0784)	accu 1.000 (0.974)	
Train Epoch-15  Iter-525/706	loss 0.0364 (0.0798)	accu 1.000 (0.973)	
Train Epoch-15  Iter-550/706	loss 0.0209 (0.0809)	accu 1.000 (0.973)	
Train Epoch-15  Iter-575/706	loss 0.0306 (0.0806)	accu 1.000 (0.973)	
Train Epoch-15  Iter-600/706	loss 0.0272 (0.0814)	accu 1.000 (0.973)	
Train Epoch-15  Iter-625/706	loss 0.1329 (0.0813)	accu 1.000 (0.973)	
Train Epoch-15  Iter-650/706	loss 0.0193 (0.0819)	accu 1.000 (0.973)	
Train Epoch-15  Iter-675/706	loss 0.5193 (0.0837)	accu 0.875 (0.972)	
Train Epoch-15  Iter-700/706	loss 0.0029 (0.0830)	accu 1.000 (0.972)	
Eval Epoch-15  Iter-0  /52 	loss 0.2965 (0.2965)	accu 0.875 (0.875)	
Eval Epoch-15  Iter-25 /52 	loss 0.0016 (0.5020)	accu 1.000 (0.774)	
Eval Epoch-15  Iter-50 /52 	loss 1.0289 (0.5422)	accu 0.750 (0.784)	
Epoch-15  Train: loss 0.0827	accu 0.9726	Eval: loss 0.5471	accu 0.7812
Train Epoch-16  Iter-0  /706	loss 0.0037 (0.0037)	accu 1.000 (1.000)	
Train Epoch-16  Iter-25 /706	loss 0.2261 (0.1125)	accu 0.875 (0.966)	
Train Epoch-16  Iter-50 /706	loss 0.0134 (0.0952)	accu 1.000 (0.966)	
Train Epoch-16  Iter-75 /706	loss 0.0085 (0.0925)	accu 1.000 (0.969)	
Train Epoch-16  Iter-100/706	loss 0.0993 (0.0875)	accu 0.875 (0.965)	
Train Epoch-16  Iter-125/706	loss 0.0100 (0.0796)	accu 1.000 (0.968)	
Train Epoch-16  Iter-150/706	loss 0.2404 (0.0753)	accu 0.875 (0.970)	
Train Epoch-16  Iter-175/706	loss 0.0051 (0.0850)	accu 1.000 (0.967)	
Train Epoch-16  Iter-200/706	loss 0.0504 (0.0870)	accu 1.000 (0.969)	
Train Epoch-16  Iter-225/706	loss 0.0201 (0.0838)	accu 1.000 (0.971)	
Train Epoch-16  Iter-250/706	loss 0.0258 (0.0832)	accu 1.000 (0.972)	
Train Epoch-16  Iter-275/706	loss 0.0353 (0.0843)	accu 1.000 (0.971)	
Train Epoch-16  Iter-300/706	loss 0.0484 (0.0820)	accu 1.000 (0.972)	
Train Epoch-16  Iter-325/706	loss 0.0118 (0.0856)	accu 1.000 (0.971)	
Train Epoch-16  Iter-350/706	loss 0.0063 (0.0891)	accu 1.000 (0.970)	
Train Epoch-16  Iter-375/706	loss 0.0279 (0.0903)	accu 1.000 (0.969)	
Train Epoch-16  Iter-400/706	loss 0.0125 (0.0879)	accu 1.000 (0.970)	
Train Epoch-16  Iter-425/706	loss 0.4722 (0.0884)	accu 0.875 (0.969)	
Train Epoch-16  Iter-450/706	loss 0.0101 (0.0868)	accu 1.000 (0.970)	
Train Epoch-16  Iter-475/706	loss 0.0041 (0.0877)	accu 1.000 (0.969)	
Train Epoch-16  Iter-500/706	loss 0.6334 (0.0871)	accu 0.875 (0.969)	
Train Epoch-16  Iter-525/706	loss 0.0110 (0.0880)	accu 1.000 (0.969)	
Train Epoch-16  Iter-550/706	loss 0.0207 (0.0865)	accu 1.000 (0.969)	
Train Epoch-16  Iter-575/706	loss 0.0252 (0.0859)	accu 1.000 (0.970)	
Train Epoch-16  Iter-600/706	loss 0.0140 (0.0860)	accu 1.000 (0.970)	
Train Epoch-16  Iter-625/706	loss 0.0030 (0.0877)	accu 1.000 (0.969)	
Train Epoch-16  Iter-650/706	loss 0.0070 (0.0870)	accu 1.000 (0.969)	
Train Epoch-16  Iter-675/706	loss 0.1110 (0.0869)	accu 0.875 (0.969)	
Train Epoch-16  Iter-700/706	loss 0.7367 (0.0866)	accu 0.750 (0.969)	
Eval Epoch-16  Iter-0  /52 	loss 0.2931 (0.2931)	accu 0.875 (0.875)	
Eval Epoch-16  Iter-25 /52 	loss 0.0012 (0.5082)	accu 1.000 (0.774)	
Eval Epoch-16  Iter-50 /52 	loss 1.0825 (0.5528)	accu 0.750 (0.784)	
Epoch-16  Train: loss 0.0861	accu 0.9692	Eval: loss 0.5579	accu 0.7812
Train Epoch-17  Iter-0  /706	loss 0.0462 (0.0462)	accu 1.000 (1.000)	
Train Epoch-17  Iter-25 /706	loss 0.0028 (0.0829)	accu 1.000 (0.971)	
Train Epoch-17  Iter-50 /706	loss 0.0111 (0.0794)	accu 1.000 (0.973)	
Train Epoch-17  Iter-75 /706	loss 0.2478 (0.0816)	accu 0.875 (0.972)	
Train Epoch-17  Iter-100/706	loss 0.0234 (0.0842)	accu 1.000 (0.973)	
Train Epoch-17  Iter-125/706	loss 0.0101 (0.0950)	accu 1.000 (0.970)	
Train Epoch-17  Iter-150/706	loss 0.0319 (0.0911)	accu 1.000 (0.971)	
Train Epoch-17  Iter-175/706	loss 0.0340 (0.0878)	accu 1.000 (0.971)	
Train Epoch-17  Iter-200/706	loss 0.1326 (0.0893)	accu 0.875 (0.970)	
Train Epoch-17  Iter-225/706	loss 0.0069 (0.0914)	accu 1.000 (0.968)	
Train Epoch-17  Iter-250/706	loss 0.1692 (0.0906)	accu 0.875 (0.967)	
Train Epoch-17  Iter-275/706	loss 0.0173 (0.0884)	accu 1.000 (0.967)	
Train Epoch-17  Iter-300/706	loss 0.0475 (0.0899)	accu 1.000 (0.967)	
Train Epoch-17  Iter-325/706	loss 0.3227 (0.0870)	accu 0.875 (0.969)	
Train Epoch-17  Iter-350/706	loss 0.0323 (0.0857)	accu 1.000 (0.970)	
Train Epoch-17  Iter-375/706	loss 0.0490 (0.0827)	accu 1.000 (0.971)	
Train Epoch-17  Iter-400/706	loss 0.0379 (0.0826)	accu 1.000 (0.971)	
Train Epoch-17  Iter-425/706	loss 0.1381 (0.0841)	accu 0.875 (0.971)	
Train Epoch-17  Iter-450/706	loss 0.0248 (0.0866)	accu 1.000 (0.970)	
Train Epoch-17  Iter-475/706	loss 0.0074 (0.0882)	accu 1.000 (0.970)	
Train Epoch-17  Iter-500/706	loss 0.0498 (0.0879)	accu 1.000 (0.970)	
Train Epoch-17  Iter-525/706	loss 0.5719 (0.0871)	accu 0.750 (0.970)	
Train Epoch-17  Iter-550/706	loss 0.3393 (0.0872)	accu 0.875 (0.970)	
Train Epoch-17  Iter-575/706	loss 0.0201 (0.0888)	accu 1.000 (0.969)	
Train Epoch-17  Iter-600/706	loss 0.0071 (0.0877)	accu 1.000 (0.970)	
Train Epoch-17  Iter-625/706	loss 0.0255 (0.0866)	accu 1.000 (0.970)	
Train Epoch-17  Iter-650/706	loss 0.4197 (0.0855)	accu 0.875 (0.970)	
Train Epoch-17  Iter-675/706	loss 0.0068 (0.0853)	accu 1.000 (0.970)	
Train Epoch-17  Iter-700/706	loss 0.0362 (0.0868)	accu 1.000 (0.970)	
Eval Epoch-17  Iter-0  /52 	loss 0.2721 (0.2721)	accu 0.875 (0.875)	
Eval Epoch-17  Iter-25 /52 	loss 0.0008 (0.4794)	accu 1.000 (0.784)	
Eval Epoch-17  Iter-50 /52 	loss 1.1387 (0.5421)	accu 0.750 (0.792)	
Epoch-17  Train: loss 0.0865	accu 0.9699	Eval: loss 0.5487	accu 0.7861
Train Epoch-18  Iter-0  /706	loss 0.0164 (0.0164)	accu 1.000 (1.000)	
Train Epoch-18  Iter-25 /706	loss 0.0123 (0.0984)	accu 1.000 (0.962)	
Train Epoch-18  Iter-50 /706	loss 0.0232 (0.0983)	accu 1.000 (0.963)	
Train Epoch-18  Iter-75 /706	loss 0.0296 (0.0987)	accu 1.000 (0.967)	
Train Epoch-18  Iter-100/706	loss 0.0100 (0.0989)	accu 1.000 (0.969)	
Train Epoch-18  Iter-125/706	loss 0.0174 (0.0865)	accu 1.000 (0.974)	
Train Epoch-18  Iter-150/706	loss 0.0140 (0.0850)	accu 1.000 (0.974)	
Train Epoch-18  Iter-175/706	loss 0.1236 (0.0833)	accu 0.875 (0.974)	
Train Epoch-18  Iter-200/706	loss 0.0529 (0.0803)	accu 1.000 (0.975)	
Train Epoch-18  Iter-225/706	loss 0.0608 (0.0821)	accu 1.000 (0.974)	
Train Epoch-18  Iter-250/706	loss 0.0258 (0.0819)	accu 1.000 (0.974)	
Train Epoch-18  Iter-275/706	loss 0.0939 (0.0813)	accu 1.000 (0.974)	
Train Epoch-18  Iter-300/706	loss 0.0384 (0.0807)	accu 1.000 (0.974)	
Train Epoch-18  Iter-325/706	loss 0.0137 (0.0833)	accu 1.000 (0.972)	
Train Epoch-18  Iter-350/706	loss 0.0040 (0.0858)	accu 1.000 (0.972)	
Train Epoch-18  Iter-375/706	loss 0.0232 (0.0836)	accu 1.000 (0.973)	
Train Epoch-18  Iter-400/706	loss 0.0424 (0.0832)	accu 1.000 (0.973)	
Train Epoch-18  Iter-425/706	loss 0.0420 (0.0829)	accu 1.000 (0.972)	
Train Epoch-18  Iter-450/706	loss 0.3744 (0.0839)	accu 0.875 (0.972)	
Train Epoch-18  Iter-475/706	loss 0.0088 (0.0820)	accu 1.000 (0.972)	
Train Epoch-18  Iter-500/706	loss 0.0463 (0.0816)	accu 1.000 (0.972)	
Train Epoch-18  Iter-525/706	loss 0.0569 (0.0811)	accu 1.000 (0.972)	
Train Epoch-18  Iter-550/706	loss 0.1906 (0.0828)	accu 0.875 (0.971)	
Train Epoch-18  Iter-575/706	loss 0.0100 (0.0836)	accu 1.000 (0.971)	
Train Epoch-18  Iter-600/706	loss 0.0625 (0.0823)	accu 1.000 (0.972)	
Train Epoch-18  Iter-625/706	loss 0.1115 (0.0828)	accu 1.000 (0.972)	
Train Epoch-18  Iter-650/706	loss 0.0277 (0.0837)	accu 1.000 (0.971)	
Train Epoch-18  Iter-675/706	loss 0.0499 (0.0817)	accu 1.000 (0.972)	
Train Epoch-18  Iter-700/706	loss 0.0071 (0.0826)	accu 1.000 (0.972)	
Eval Epoch-18  Iter-0  /52 	loss 0.2469 (0.2469)	accu 0.875 (0.875)	
Eval Epoch-18  Iter-25 /52 	loss 0.0005 (0.4459)	accu 1.000 (0.793)	
Eval Epoch-18  Iter-50 /52 	loss 1.2851 (0.5350)	accu 0.750 (0.794)	
Epoch-18  Train: loss 0.0825	accu 0.9720	Eval: loss 0.5435	accu 0.7885
Epoch    19: reducing learning rate of group 0 to 3.0000e-07.
Train Epoch-19  Iter-0  /706	loss 0.0116 (0.0116)	accu 1.000 (1.000)	
Train Epoch-19  Iter-25 /706	loss 0.0379 (0.0974)	accu 1.000 (0.966)	
Train Epoch-19  Iter-50 /706	loss 0.0284 (0.1041)	accu 1.000 (0.966)	
Train Epoch-19  Iter-75 /706	loss 0.0149 (0.1060)	accu 1.000 (0.965)	
Train Epoch-19  Iter-100/706	loss 0.0156 (0.0935)	accu 1.000 (0.972)	
Train Epoch-19  Iter-125/706	loss 0.0116 (0.0923)	accu 1.000 (0.973)	
Train Epoch-19  Iter-150/706	loss 0.0412 (0.0887)	accu 1.000 (0.973)	
Train Epoch-19  Iter-175/706	loss 0.0238 (0.0836)	accu 1.000 (0.974)	
Train Epoch-19  Iter-200/706	loss 0.0407 (0.0822)	accu 1.000 (0.974)	
Train Epoch-19  Iter-225/706	loss 0.0846 (0.0855)	accu 1.000 (0.972)	
Train Epoch-19  Iter-250/706	loss 0.0288 (0.0815)	accu 1.000 (0.974)	
Train Epoch-19  Iter-275/706	loss 0.0062 (0.0798)	accu 1.000 (0.975)	
Train Epoch-19  Iter-300/706	loss 0.0055 (0.0866)	accu 1.000 (0.972)	
Train Epoch-19  Iter-325/706	loss 0.0014 (0.0860)	accu 1.000 (0.972)	
Train Epoch-19  Iter-350/706	loss 0.0150 (0.0859)	accu 1.000 (0.971)	
Train Epoch-19  Iter-375/706	loss 0.0047 (0.0904)	accu 1.000 (0.970)	
Train Epoch-19  Iter-400/706	loss 0.0498 (0.0913)	accu 1.000 (0.970)	
Train Epoch-19  Iter-425/706	loss 0.0284 (0.0889)	accu 1.000 (0.971)	
Train Epoch-19  Iter-450/706	loss 0.0112 (0.0883)	accu 1.000 (0.970)	
Train Epoch-19  Iter-475/706	loss 0.0047 (0.0864)	accu 1.000 (0.970)	
Train Epoch-19  Iter-500/706	loss 0.0103 (0.0869)	accu 1.000 (0.970)	
Train Epoch-19  Iter-525/706	loss 0.0318 (0.0863)	accu 1.000 (0.971)	
Train Epoch-19  Iter-550/706	loss 0.0733 (0.0853)	accu 1.000 (0.971)	
Train Epoch-19  Iter-575/706	loss 0.2617 (0.0861)	accu 0.875 (0.970)	
Train Epoch-19  Iter-600/706	loss 0.0650 (0.0845)	accu 1.000 (0.970)	
Train Epoch-19  Iter-625/706	loss 0.0537 (0.0837)	accu 1.000 (0.971)	
Train Epoch-19  Iter-650/706	loss 0.0249 (0.0841)	accu 1.000 (0.971)	
Train Epoch-19  Iter-675/706	loss 0.0177 (0.0822)	accu 1.000 (0.972)	
Train Epoch-19  Iter-700/706	loss 0.0773 (0.0816)	accu 1.000 (0.972)	
Eval Epoch-19  Iter-0  /52 	loss 0.2548 (0.2548)	accu 0.875 (0.875)	
Eval Epoch-19  Iter-25 /52 	loss 0.0006 (0.4566)	accu 1.000 (0.788)	
Eval Epoch-19  Iter-50 /52 	loss 1.2722 (0.5396)	accu 0.750 (0.794)	
Epoch-19  Train: loss 0.0819	accu 0.9720	Eval: loss 0.5477	accu 0.7885
Train Epoch-20  Iter-0  /706	loss 0.0220 (0.0220)	accu 1.000 (1.000)	
Train Epoch-20  Iter-25 /706	loss 0.0855 (0.0695)	accu 1.000 (0.971)	
Train Epoch-20  Iter-50 /706	loss 0.0358 (0.0863)	accu 1.000 (0.961)	
Train Epoch-20  Iter-75 /706	loss 0.0286 (0.0848)	accu 1.000 (0.964)	
Train Epoch-20  Iter-100/706	loss 0.0125 (0.0752)	accu 1.000 (0.968)	
Train Epoch-20  Iter-125/706	loss 0.0044 (0.0839)	accu 1.000 (0.967)	
Train Epoch-20  Iter-150/706	loss 0.8103 (0.0877)	accu 0.750 (0.968)	
Train Epoch-20  Iter-175/706	loss 0.1150 (0.0843)	accu 0.875 (0.969)	
Train Epoch-20  Iter-200/706	loss 0.0839 (0.0809)	accu 1.000 (0.971)	
Train Epoch-20  Iter-225/706	loss 0.0143 (0.0825)	accu 1.000 (0.971)	
Train Epoch-20  Iter-250/706	loss 0.0050 (0.0875)	accu 1.000 (0.968)	
Train Epoch-20  Iter-275/706	loss 0.0574 (0.0853)	accu 1.000 (0.969)	
Train Epoch-20  Iter-300/706	loss 0.0052 (0.0839)	accu 1.000 (0.969)	
Train Epoch-20  Iter-325/706	loss 0.1144 (0.0822)	accu 0.875 (0.970)	
Train Epoch-20  Iter-350/706	loss 0.0658 (0.0825)	accu 1.000 (0.970)	
Train Epoch-20  Iter-375/706	loss 0.0601 (0.0830)	accu 1.000 (0.969)	
Train Epoch-20  Iter-400/706	loss 0.2501 (0.0864)	accu 0.875 (0.968)	
Train Epoch-20  Iter-425/706	loss 0.1101 (0.0867)	accu 0.875 (0.967)	
Train Epoch-20  Iter-450/706	loss 0.0313 (0.0875)	accu 1.000 (0.968)	
Train Epoch-20  Iter-475/706	loss 0.0038 (0.0872)	accu 1.000 (0.968)	
Train Epoch-20  Iter-500/706	loss 0.0238 (0.0859)	accu 1.000 (0.969)	
Train Epoch-20  Iter-525/706	loss 0.2257 (0.0847)	accu 0.875 (0.969)	
Train Epoch-20  Iter-550/706	loss 0.0361 (0.0848)	accu 1.000 (0.969)	
Train Epoch-20  Iter-575/706	loss 0.4371 (0.0839)	accu 0.875 (0.969)	
Train Epoch-20  Iter-600/706	loss 0.0224 (0.0851)	accu 1.000 (0.969)	
Train Epoch-20  Iter-625/706	loss 0.0180 (0.0865)	accu 1.000 (0.968)	
Train Epoch-20  Iter-650/706	loss 0.0316 (0.0879)	accu 1.000 (0.967)	
Train Epoch-20  Iter-675/706	loss 0.0887 (0.0872)	accu 1.000 (0.967)	
Train Epoch-20  Iter-700/706	loss 0.0368 (0.0879)	accu 1.000 (0.968)	
Eval Epoch-20  Iter-0  /52 	loss 0.2578 (0.2578)	accu 0.875 (0.875)	
Eval Epoch-20  Iter-25 /52 	loss 0.0006 (0.4606)	accu 1.000 (0.784)	
Eval Epoch-20  Iter-50 /52 	loss 1.2607 (0.5406)	accu 0.750 (0.794)	
Epoch-20  Train: loss 0.0877	accu 0.9674	Eval: loss 0.5484	accu 0.7885
Train Epoch-21  Iter-0  /706	loss 0.0143 (0.0143)	accu 1.000 (1.000)	
Train Epoch-21  Iter-25 /706	loss 0.1707 (0.0617)	accu 0.875 (0.981)	
Train Epoch-21  Iter-50 /706	loss 0.0024 (0.0769)	accu 1.000 (0.975)	
Train Epoch-21  Iter-75 /706	loss 0.0232 (0.0807)	accu 1.000 (0.975)	
Train Epoch-21  Iter-100/706	loss 0.0039 (0.0879)	accu 1.000 (0.972)	
Train Epoch-21  Iter-125/706	loss 0.0108 (0.0867)	accu 1.000 (0.974)	
Train Epoch-21  Iter-150/706	loss 0.0320 (0.0835)	accu 1.000 (0.974)	
Train Epoch-21  Iter-175/706	loss 0.0307 (0.0796)	accu 1.000 (0.975)	
Train Epoch-21  Iter-200/706	loss 0.0218 (0.0795)	accu 1.000 (0.973)	
Train Epoch-21  Iter-225/706	loss 0.0178 (0.0752)	accu 1.000 (0.975)	
Train Epoch-21  Iter-250/706	loss 0.0445 (0.0780)	accu 1.000 (0.972)	
Train Epoch-21  Iter-275/706	loss 0.0342 (0.0821)	accu 1.000 (0.971)	
Train Epoch-21  Iter-300/706	loss 0.0363 (0.0820)	accu 1.000 (0.970)	
Train Epoch-21  Iter-325/706	loss 0.0344 (0.0829)	accu 1.000 (0.969)	
Train Epoch-21  Iter-350/706	loss 0.3052 (0.0845)	accu 0.875 (0.970)	
Train Epoch-21  Iter-375/706	loss 0.0206 (0.0827)	accu 1.000 (0.970)	
Train Epoch-21  Iter-400/706	loss 0.1017 (0.0826)	accu 0.875 (0.970)	
Train Epoch-21  Iter-425/706	loss 0.4448 (0.0844)	accu 0.875 (0.969)	
Train Epoch-21  Iter-450/706	loss 0.1233 (0.0827)	accu 1.000 (0.970)	
Train Epoch-21  Iter-475/706	loss 0.0266 (0.0813)	accu 1.000 (0.971)	
Train Epoch-21  Iter-500/706	loss 0.3764 (0.0819)	accu 0.875 (0.971)	
Train Epoch-21  Iter-525/706	loss 0.0278 (0.0803)	accu 1.000 (0.972)	
Train Epoch-21  Iter-550/706	loss 0.0581 (0.0795)	accu 1.000 (0.973)	
Train Epoch-21  Iter-575/706	loss 0.3568 (0.0810)	accu 0.875 (0.972)	
Train Epoch-21  Iter-600/706	loss 0.0079 (0.0807)	accu 1.000 (0.973)	
Train Epoch-21  Iter-625/706	loss 0.0870 (0.0807)	accu 1.000 (0.973)	
Train Epoch-21  Iter-650/706	loss 0.2158 (0.0807)	accu 0.875 (0.973)	
Train Epoch-21  Iter-675/706	loss 0.3750 (0.0827)	accu 0.875 (0.972)	
Train Epoch-21  Iter-700/706	loss 0.3813 (0.0842)	accu 0.875 (0.972)	
Eval Epoch-21  Iter-0  /52 	loss 0.2613 (0.2613)	accu 0.875 (0.875)	
Eval Epoch-21  Iter-25 /52 	loss 0.0006 (0.4662)	accu 1.000 (0.784)	
Eval Epoch-21  Iter-50 /52 	loss 1.2584 (0.5434)	accu 0.750 (0.794)	
Epoch-21  Train: loss 0.0838	accu 0.9718	Eval: loss 0.5511	accu 0.7885
Train Epoch-22  Iter-0  /706	loss 0.0401 (0.0401)	accu 1.000 (1.000)	
Train Epoch-22  Iter-25 /706	loss 0.2313 (0.0862)	accu 0.875 (0.966)	
Train Epoch-22  Iter-50 /706	loss 0.0430 (0.0700)	accu 1.000 (0.975)	
Train Epoch-22  Iter-75 /706	loss 0.0089 (0.0760)	accu 1.000 (0.975)	
Train Epoch-22  Iter-100/706	loss 0.4056 (0.0794)	accu 0.875 (0.973)	
Train Epoch-22  Iter-125/706	loss 0.0252 (0.0710)	accu 1.000 (0.976)	
Train Epoch-22  Iter-150/706	loss 0.2335 (0.0817)	accu 0.875 (0.969)	
Train Epoch-22  Iter-175/706	loss 0.0105 (0.0787)	accu 1.000 (0.970)	
Train Epoch-22  Iter-200/706	loss 0.3506 (0.0797)	accu 0.750 (0.969)	
Train Epoch-22  Iter-225/706	loss 0.0962 (0.0779)	accu 1.000 (0.970)	
Train Epoch-22  Iter-250/706	loss 0.0528 (0.0757)	accu 1.000 (0.972)	
Train Epoch-22  Iter-275/706	loss 0.0042 (0.0758)	accu 1.000 (0.971)	
Train Epoch-22  Iter-300/706	loss 0.0365 (0.0751)	accu 1.000 (0.972)	
Train Epoch-22  Iter-325/706	loss 0.0141 (0.0745)	accu 1.000 (0.972)	
Train Epoch-22  Iter-350/706	loss 0.0782 (0.0763)	accu 1.000 (0.971)	
Train Epoch-22  Iter-375/706	loss 0.0603 (0.0751)	accu 1.000 (0.972)	
Train Epoch-22  Iter-400/706	loss 0.0320 (0.0734)	accu 1.000 (0.973)	
Train Epoch-22  Iter-425/706	loss 0.1078 (0.0730)	accu 1.000 (0.973)	
Train Epoch-22  Iter-450/706	loss 0.1374 (0.0742)	accu 0.875 (0.973)	
Train Epoch-22  Iter-475/706	loss 0.0086 (0.0741)	accu 1.000 (0.973)	
Train Epoch-22  Iter-500/706	loss 0.1139 (0.0733)	accu 0.875 (0.974)	
Train Epoch-22  Iter-525/706	loss 0.3430 (0.0739)	accu 0.750 (0.973)	
Train Epoch-22  Iter-550/706	loss 0.3286 (0.0737)	accu 0.875 (0.973)	
Train Epoch-22  Iter-575/706	loss 0.0234 (0.0743)	accu 1.000 (0.973)	
Train Epoch-22  Iter-600/706	loss 0.0132 (0.0741)	accu 1.000 (0.973)	
Train Epoch-22  Iter-625/706	loss 0.0068 (0.0745)	accu 1.000 (0.973)	
Train Epoch-22  Iter-650/706	loss 0.0373 (0.0757)	accu 1.000 (0.973)	
Train Epoch-22  Iter-675/706	loss 0.0124 (0.0766)	accu 1.000 (0.973)	
Train Epoch-22  Iter-700/706	loss 0.2032 (0.0766)	accu 0.875 (0.973)	
Eval Epoch-22  Iter-0  /52 	loss 0.2662 (0.2662)	accu 0.875 (0.875)	
Eval Epoch-22  Iter-25 /52 	loss 0.0006 (0.4738)	accu 1.000 (0.784)	
Eval Epoch-22  Iter-50 /52 	loss 1.2557 (0.5473)	accu 0.750 (0.794)	
Epoch-22  Train: loss 0.0766	accu 0.9733	Eval: loss 0.5548	accu 0.7885
Train Epoch-23  Iter-0  /706	loss 0.1870 (0.1870)	accu 0.875 (0.875)	
Train Epoch-23  Iter-25 /706	loss 0.0052 (0.0776)	accu 1.000 (0.957)	
Train Epoch-23  Iter-50 /706	loss 0.6637 (0.0685)	accu 0.875 (0.975)	
Train Epoch-23  Iter-75 /706	loss 0.1091 (0.0747)	accu 1.000 (0.974)	
Train Epoch-23  Iter-100/706	loss 0.0788 (0.0792)	accu 1.000 (0.974)	
Train Epoch-23  Iter-125/706	loss 0.0464 (0.0768)	accu 1.000 (0.973)	
Train Epoch-23  Iter-150/706	loss 0.0473 (0.0777)	accu 1.000 (0.974)	
Train Epoch-23  Iter-175/706	loss 0.1179 (0.0829)	accu 0.875 (0.970)	
Train Epoch-23  Iter-200/706	loss 0.0464 (0.0792)	accu 1.000 (0.971)	
Train Epoch-23  Iter-225/706	loss 0.0085 (0.0783)	accu 1.000 (0.972)	
Train Epoch-23  Iter-250/706	loss 0.4553 (0.0787)	accu 0.750 (0.972)	
Train Epoch-23  Iter-275/706	loss 0.2411 (0.0784)	accu 0.750 (0.972)	
Train Epoch-23  Iter-300/706	loss 0.0089 (0.0785)	accu 1.000 (0.972)	
Train Epoch-23  Iter-325/706	loss 0.0232 (0.0747)	accu 1.000 (0.974)	
Train Epoch-23  Iter-350/706	loss 0.0354 (0.0760)	accu 1.000 (0.974)	
Train Epoch-23  Iter-375/706	loss 0.6941 (0.0805)	accu 0.750 (0.971)	
Train Epoch-23  Iter-400/706	loss 0.0162 (0.0794)	accu 1.000 (0.972)	
Train Epoch-23  Iter-425/706	loss 0.0033 (0.0793)	accu 1.000 (0.972)	
Train Epoch-23  Iter-450/706	loss 0.0217 (0.0819)	accu 1.000 (0.971)	
Train Epoch-23  Iter-475/706	loss 0.0488 (0.0813)	accu 1.000 (0.972)	
Train Epoch-23  Iter-500/706	loss 0.0177 (0.0829)	accu 1.000 (0.971)	
Train Epoch-23  Iter-525/706	loss 0.0028 (0.0847)	accu 1.000 (0.971)	
Train Epoch-23  Iter-550/706	loss 0.0066 (0.0855)	accu 1.000 (0.972)	
Train Epoch-23  Iter-575/706	loss 0.0140 (0.0844)	accu 1.000 (0.972)	
Train Epoch-23  Iter-600/706	loss 0.0370 (0.0849)	accu 1.000 (0.972)	
Train Epoch-23  Iter-625/706	loss 0.0113 (0.0842)	accu 1.000 (0.972)	
Train Epoch-23  Iter-650/706	loss 0.0543 (0.0852)	accu 1.000 (0.971)	
Train Epoch-23  Iter-675/706	loss 0.0247 (0.0843)	accu 1.000 (0.972)	
Train Epoch-23  Iter-700/706	loss 0.0233 (0.0852)	accu 1.000 (0.971)	
Eval Epoch-23  Iter-0  /52 	loss 0.2692 (0.2692)	accu 0.875 (0.875)	
Eval Epoch-23  Iter-25 /52 	loss 0.0006 (0.4792)	accu 1.000 (0.784)	
Eval Epoch-23  Iter-50 /52 	loss 1.2508 (0.5496)	accu 0.750 (0.792)	
Epoch-23  Train: loss 0.0850	accu 0.9710	Eval: loss 0.5570	accu 0.7861
Train Epoch-24  Iter-0  /706	loss 0.0418 (0.0418)	accu 1.000 (1.000)	
Train Epoch-24  Iter-25 /706	loss 0.0030 (0.0652)	accu 1.000 (0.976)	
Train Epoch-24  Iter-50 /706	loss 0.0145 (0.0815)	accu 1.000 (0.963)	
Train Epoch-24  Iter-75 /706	loss 0.5646 (0.0836)	accu 0.875 (0.969)	
Train Epoch-24  Iter-100/706	loss 0.1497 (0.0795)	accu 1.000 (0.972)	
Train Epoch-24  Iter-125/706	loss 0.1066 (0.0886)	accu 1.000 (0.971)	
Train Epoch-24  Iter-150/706	loss 0.0048 (0.0831)	accu 1.000 (0.973)	
Train Epoch-24  Iter-175/706	loss 0.0566 (0.0842)	accu 1.000 (0.970)	
Train Epoch-24  Iter-200/706	loss 0.0378 (0.0798)	accu 1.000 (0.973)	
Train Epoch-24  Iter-225/706	loss 0.5001 (0.0845)	accu 0.750 (0.971)	
Train Epoch-24  Iter-250/706	loss 0.0216 (0.0881)	accu 1.000 (0.970)	
Train Epoch-24  Iter-275/706	loss 0.0440 (0.0892)	accu 1.000 (0.969)	
Train Epoch-24  Iter-300/706	loss 0.1079 (0.0897)	accu 1.000 (0.969)	
Train Epoch-24  Iter-325/706	loss 0.1993 (0.0873)	accu 0.875 (0.969)	
Train Epoch-24  Iter-350/706	loss 0.0180 (0.0884)	accu 1.000 (0.969)	
Train Epoch-24  Iter-375/706	loss 0.2145 (0.0917)	accu 0.875 (0.967)	
Train Epoch-24  Iter-400/706	loss 0.2312 (0.0912)	accu 0.875 (0.968)	
Train Epoch-24  Iter-425/706	loss 0.0171 (0.0893)	accu 1.000 (0.968)	
Train Epoch-24  Iter-450/706	loss 0.0581 (0.0896)	accu 1.000 (0.968)	
Train Epoch-24  Iter-475/706	loss 0.1976 (0.0894)	accu 0.875 (0.968)	
Train Epoch-24  Iter-500/706	loss 0.0094 (0.0918)	accu 1.000 (0.967)	
Train Epoch-24  Iter-525/706	loss 0.0241 (0.0923)	accu 1.000 (0.967)	
Train Epoch-24  Iter-550/706	loss 0.0303 (0.0926)	accu 1.000 (0.967)	
Train Epoch-24  Iter-575/706	loss 0.0147 (0.0918)	accu 1.000 (0.967)	
Train Epoch-24  Iter-600/706	loss 0.3109 (0.0905)	accu 0.875 (0.968)	
Train Epoch-24  Iter-625/706	loss 0.0040 (0.0894)	accu 1.000 (0.968)	
Train Epoch-24  Iter-650/706	loss 0.0258 (0.0880)	accu 1.000 (0.969)	
Train Epoch-24  Iter-675/706	loss 0.4688 (0.0887)	accu 0.875 (0.968)	
Train Epoch-24  Iter-700/706	loss 0.2053 (0.0879)	accu 0.875 (0.969)	
Eval Epoch-24  Iter-0  /52 	loss 0.2728 (0.2728)	accu 0.875 (0.875)	
Eval Epoch-24  Iter-25 /52 	loss 0.0007 (0.4844)	accu 1.000 (0.784)	
Eval Epoch-24  Iter-50 /52 	loss 1.2355 (0.5511)	accu 0.750 (0.792)	
Epoch-24  Train: loss 0.0875	accu 0.9687	Eval: loss 0.5581	accu 0.7885
Epoch    25: reducing learning rate of group 0 to 3.0000e-08.
Train Epoch-25  Iter-0  /706	loss 0.0935 (0.0935)	accu 1.000 (1.000)	
Train Epoch-25  Iter-25 /706	loss 0.0134 (0.0918)	accu 1.000 (0.966)	
Train Epoch-25  Iter-50 /706	loss 0.1070 (0.0763)	accu 0.875 (0.973)	
Train Epoch-25  Iter-75 /706	loss 0.0021 (0.0744)	accu 1.000 (0.975)	
Train Epoch-25  Iter-100/706	loss 0.0298 (0.0793)	accu 1.000 (0.974)	
Train Epoch-25  Iter-125/706	loss 0.0163 (0.0832)	accu 1.000 (0.974)	
Train Epoch-25  Iter-150/706	loss 0.0025 (0.0818)	accu 1.000 (0.974)	
Train Epoch-25  Iter-175/706	loss 0.0537 (0.0862)	accu 1.000 (0.972)	
Train Epoch-25  Iter-200/706	loss 0.0046 (0.0817)	accu 1.000 (0.973)	
Train Epoch-25  Iter-225/706	loss 0.0047 (0.0780)	accu 1.000 (0.974)	
Train Epoch-25  Iter-250/706	loss 0.0072 (0.0792)	accu 1.000 (0.975)	
Train Epoch-25  Iter-275/706	loss 0.1051 (0.0787)	accu 0.875 (0.975)	
Train Epoch-25  Iter-300/706	loss 0.0669 (0.0801)	accu 1.000 (0.974)	
Train Epoch-25  Iter-325/706	loss 0.0813 (0.0782)	accu 1.000 (0.975)	
Train Epoch-25  Iter-350/706	loss 0.0027 (0.0781)	accu 1.000 (0.975)	
Train Epoch-25  Iter-375/706	loss 0.0122 (0.0784)	accu 1.000 (0.975)	
Train Epoch-25  Iter-400/706	loss 0.0082 (0.0809)	accu 1.000 (0.974)	
Train Epoch-25  Iter-425/706	loss 0.0086 (0.0840)	accu 1.000 (0.973)	
Train Epoch-25  Iter-450/706	loss 0.2302 (0.0847)	accu 0.875 (0.971)	
Train Epoch-25  Iter-475/706	loss 0.3103 (0.0842)	accu 0.875 (0.971)	
Train Epoch-25  Iter-500/706	loss 0.0927 (0.0844)	accu 0.875 (0.971)	
Train Epoch-25  Iter-525/706	loss 0.1734 (0.0837)	accu 0.875 (0.971)	
Train Epoch-25  Iter-550/706	loss 0.0428 (0.0827)	accu 1.000 (0.972)	
Train Epoch-25  Iter-575/706	loss 0.1377 (0.0824)	accu 0.875 (0.972)	
Train Epoch-25  Iter-600/706	loss 0.4164 (0.0834)	accu 0.750 (0.971)	
Train Epoch-25  Iter-625/706	loss 0.2237 (0.0838)	accu 0.875 (0.970)	
Train Epoch-25  Iter-650/706	loss 0.0097 (0.0844)	accu 1.000 (0.970)	
Train Epoch-25  Iter-675/706	loss 0.0784 (0.0845)	accu 1.000 (0.970)	
Train Epoch-25  Iter-700/706	loss 0.0115 (0.0850)	accu 1.000 (0.970)	
Eval Epoch-25  Iter-0  /52 	loss 0.2728 (0.2728)	accu 0.875 (0.875)	
Eval Epoch-25  Iter-25 /52 	loss 0.0007 (0.4844)	accu 1.000 (0.784)	
Eval Epoch-25  Iter-50 /52 	loss 1.2355 (0.5511)	accu 0.750 (0.792)	
Epoch-25  Train: loss 0.0847	accu 0.9703	Eval: loss 0.5581	accu 0.7885
Train Epoch-26  Iter-0  /706	loss 0.0101 (0.0101)	accu 1.000 (1.000)	
Train Epoch-26  Iter-25 /706	loss 0.0125 (0.1255)	accu 1.000 (0.966)	
Train Epoch-26  Iter-50 /706	loss 0.0111 (0.0942)	accu 1.000 (0.975)	
Train Epoch-26  Iter-75 /706	loss 0.0134 (0.0883)	accu 1.000 (0.974)	
Train Epoch-26  Iter-100/706	loss 0.0023 (0.0919)	accu 1.000 (0.969)	
Train Epoch-26  Iter-125/706	loss 0.0219 (0.0820)	accu 1.000 (0.973)	
Train Epoch-26  Iter-150/706	loss 0.0053 (0.0839)	accu 1.000 (0.971)	
Train Epoch-26  Iter-175/706	loss 0.0232 (0.0824)	accu 1.000 (0.971)	
Train Epoch-26  Iter-200/706	loss 0.0190 (0.0821)	accu 1.000 (0.972)	
Train Epoch-26  Iter-225/706	loss 0.0082 (0.0828)	accu 1.000 (0.971)	
Train Epoch-26  Iter-250/706	loss 0.0222 (0.0826)	accu 1.000 (0.972)	
Train Epoch-26  Iter-275/706	loss 0.0050 (0.0867)	accu 1.000 (0.970)	
Train Epoch-26  Iter-300/706	loss 0.0366 (0.0829)	accu 1.000 (0.971)	
Train Epoch-26  Iter-325/706	loss 0.0041 (0.0840)	accu 1.000 (0.971)	
Train Epoch-26  Iter-350/706	loss 0.0219 (0.0837)	accu 1.000 (0.970)	
Train Epoch-26  Iter-375/706	loss 0.0792 (0.0859)	accu 1.000 (0.970)	
Train Epoch-26  Iter-400/706	loss 0.0100 (0.0837)	accu 1.000 (0.971)	
Train Epoch-26  Iter-425/706	loss 0.0240 (0.0856)	accu 1.000 (0.971)	
Train Epoch-26  Iter-450/706	loss 0.2326 (0.0846)	accu 0.875 (0.971)	
Train Epoch-26  Iter-475/706	loss 0.3880 (0.0879)	accu 0.875 (0.970)	
Train Epoch-26  Iter-500/706	loss 0.1616 (0.0886)	accu 1.000 (0.970)	
Train Epoch-26  Iter-525/706	loss 0.1112 (0.0888)	accu 0.875 (0.970)	
Train Epoch-26  Iter-550/706	loss 0.0313 (0.0878)	accu 1.000 (0.970)	
Train Epoch-26  Iter-575/706	loss 0.0077 (0.0872)	accu 1.000 (0.970)	
Train Epoch-26  Iter-600/706	loss 0.1256 (0.0869)	accu 0.875 (0.971)	
Train Epoch-26  Iter-625/706	loss 0.0144 (0.0860)	accu 1.000 (0.971)	
Train Epoch-26  Iter-650/706	loss 0.0148 (0.0853)	accu 1.000 (0.971)	
Train Epoch-26  Iter-675/706	loss 0.3994 (0.0872)	accu 0.750 (0.970)	
Train Epoch-26  Iter-700/706	loss 0.0320 (0.0864)	accu 1.000 (0.971)	
Eval Epoch-26  Iter-0  /52 	loss 0.2729 (0.2729)	accu 0.875 (0.875)	
Eval Epoch-26  Iter-25 /52 	loss 0.0007 (0.4846)	accu 1.000 (0.784)	
Eval Epoch-26  Iter-50 /52 	loss 1.2354 (0.5511)	accu 0.750 (0.792)	
Epoch-26  Train: loss 0.0863	accu 0.9708	Eval: loss 0.5582	accu 0.7885
Train Epoch-27  Iter-0  /706	loss 0.0028 (0.0028)	accu 1.000 (1.000)	
Train Epoch-27  Iter-25 /706	loss 0.0202 (0.0566)	accu 1.000 (0.986)	
Train Epoch-27  Iter-50 /706	loss 0.0075 (0.0626)	accu 1.000 (0.975)	
Train Epoch-27  Iter-75 /706	loss 0.1805 (0.0701)	accu 0.875 (0.974)	
Train Epoch-27  Iter-100/706	loss 0.0028 (0.0726)	accu 1.000 (0.974)	
Train Epoch-27  Iter-125/706	loss 0.0304 (0.0765)	accu 1.000 (0.974)	
Train Epoch-27  Iter-150/706	loss 0.0055 (0.0783)	accu 1.000 (0.974)	
Train Epoch-27  Iter-175/706	loss 0.0236 (0.0782)	accu 1.000 (0.973)	
Train Epoch-27  Iter-200/706	loss 0.2847 (0.0818)	accu 0.875 (0.970)	
Train Epoch-27  Iter-225/706	loss 0.0117 (0.0813)	accu 1.000 (0.969)	
Train Epoch-27  Iter-250/706	loss 0.0072 (0.0798)	accu 1.000 (0.971)	
Train Epoch-27  Iter-275/706	loss 0.0178 (0.0783)	accu 1.000 (0.972)	
Train Epoch-27  Iter-300/706	loss 0.0135 (0.0809)	accu 1.000 (0.972)	
Train Epoch-27  Iter-325/706	loss 0.0538 (0.0836)	accu 1.000 (0.972)	
Train Epoch-27  Iter-350/706	loss 0.0375 (0.0824)	accu 1.000 (0.973)	
Train Epoch-27  Iter-375/706	loss 0.0724 (0.0800)	accu 1.000 (0.973)	
Train Epoch-27  Iter-400/706	loss 0.0493 (0.0828)	accu 1.000 (0.972)	
Train Epoch-27  Iter-425/706	loss 0.0085 (0.0817)	accu 1.000 (0.972)	
Train Epoch-27  Iter-450/706	loss 0.0343 (0.0831)	accu 1.000 (0.972)	
Train Epoch-27  Iter-475/706	loss 0.2017 (0.0818)	accu 0.875 (0.973)	
Train Epoch-27  Iter-500/706	loss 0.0318 (0.0853)	accu 1.000 (0.971)	
Train Epoch-27  Iter-525/706	loss 0.0399 (0.0843)	accu 1.000 (0.971)	
Train Epoch-27  Iter-550/706	loss 0.0231 (0.0836)	accu 1.000 (0.971)	
Train Epoch-27  Iter-575/706	loss 0.0140 (0.0853)	accu 1.000 (0.970)	
Train Epoch-27  Iter-600/706	loss 0.2862 (0.0864)	accu 0.750 (0.970)	
Train Epoch-27  Iter-625/706	loss 0.2146 (0.0872)	accu 0.875 (0.969)	
Train Epoch-27  Iter-650/706	loss 0.0188 (0.0870)	accu 1.000 (0.969)	
Train Epoch-27  Iter-675/706	loss 0.0338 (0.0867)	accu 1.000 (0.969)	
Train Epoch-27  Iter-700/706	loss 0.3939 (0.0874)	accu 0.875 (0.969)	
Eval Epoch-27  Iter-0  /52 	loss 0.2733 (0.2733)	accu 0.875 (0.875)	
Eval Epoch-27  Iter-25 /52 	loss 0.0007 (0.4850)	accu 1.000 (0.784)	
Eval Epoch-27  Iter-50 /52 	loss 1.2346 (0.5513)	accu 0.750 (0.792)	
Epoch-27  Train: loss 0.0868	accu 0.9695	Eval: loss 0.5583	accu 0.7885
Train Epoch-28  Iter-0  /706	loss 0.0045 (0.0045)	accu 1.000 (1.000)	
Train Epoch-28  Iter-25 /706	loss 0.0070 (0.0867)	accu 1.000 (0.971)	
Train Epoch-28  Iter-50 /706	loss 0.0466 (0.0863)	accu 1.000 (0.971)	
Train Epoch-28  Iter-75 /706	loss 0.0529 (0.0813)	accu 1.000 (0.970)	
Train Epoch-28  Iter-100/706	loss 0.1890 (0.0864)	accu 0.875 (0.969)	
Train Epoch-28  Iter-125/706	loss 0.3041 (0.0833)	accu 0.875 (0.969)	
Train Epoch-28  Iter-150/706	loss 0.0039 (0.0834)	accu 1.000 (0.969)	
Train Epoch-28  Iter-175/706	loss 0.0079 (0.0802)	accu 1.000 (0.971)	
Train Epoch-28  Iter-200/706	loss 0.0987 (0.0789)	accu 1.000 (0.972)	
Train Epoch-28  Iter-225/706	loss 0.0082 (0.0758)	accu 1.000 (0.973)	
Train Epoch-28  Iter-250/706	loss 0.0265 (0.0750)	accu 1.000 (0.973)	
Train Epoch-28  Iter-275/706	loss 0.0247 (0.0746)	accu 1.000 (0.973)	
Train Epoch-28  Iter-300/706	loss 0.0253 (0.0743)	accu 1.000 (0.974)	
Train Epoch-28  Iter-325/706	loss 0.0036 (0.0737)	accu 1.000 (0.974)	
Train Epoch-28  Iter-350/706	loss 0.0424 (0.0730)	accu 1.000 (0.975)	
Train Epoch-28  Iter-375/706	loss 0.0182 (0.0735)	accu 1.000 (0.974)	
Train Epoch-28  Iter-400/706	loss 0.0037 (0.0741)	accu 1.000 (0.974)	
Train Epoch-28  Iter-425/706	loss 0.2371 (0.0758)	accu 0.875 (0.974)	
Train Epoch-28  Iter-450/706	loss 0.0073 (0.0771)	accu 1.000 (0.974)	
Train Epoch-28  Iter-475/706	loss 0.2464 (0.0760)	accu 0.875 (0.974)	
Train Epoch-28  Iter-500/706	loss 0.2155 (0.0800)	accu 0.875 (0.973)	
Train Epoch-28  Iter-525/706	loss 0.0408 (0.0801)	accu 1.000 (0.974)	
Train Epoch-28  Iter-550/706	loss 0.0042 (0.0802)	accu 1.000 (0.974)	
Train Epoch-28  Iter-575/706	loss 0.0122 (0.0790)	accu 1.000 (0.974)	
Train Epoch-28  Iter-600/706	loss 0.0152 (0.0798)	accu 1.000 (0.974)	
Train Epoch-28  Iter-625/706	loss 0.0107 (0.0796)	accu 1.000 (0.974)	
Train Epoch-28  Iter-650/706	loss 0.0120 (0.0801)	accu 1.000 (0.974)	
Train Epoch-28  Iter-675/706	loss 0.0106 (0.0800)	accu 1.000 (0.973)	
Train Epoch-28  Iter-700/706	loss 0.0188 (0.0805)	accu 1.000 (0.974)	
Eval Epoch-28  Iter-0  /52 	loss 0.2735 (0.2735)	accu 0.875 (0.875)	
Eval Epoch-28  Iter-25 /52 	loss 0.0007 (0.4856)	accu 1.000 (0.784)	
Eval Epoch-28  Iter-50 /52 	loss 1.2340 (0.5516)	accu 0.750 (0.792)	
Epoch-28  Train: loss 0.0801	accu 0.9738	Eval: loss 0.5586	accu 0.7885
Train Epoch-29  Iter-0  /706	loss 0.0086 (0.0086)	accu 1.000 (1.000)	
Train Epoch-29  Iter-25 /706	loss 0.0047 (0.1036)	accu 1.000 (0.957)	
Train Epoch-29  Iter-50 /706	loss 0.0229 (0.0997)	accu 1.000 (0.963)	
Train Epoch-29  Iter-75 /706	loss 0.0044 (0.0968)	accu 1.000 (0.965)	
Train Epoch-29  Iter-100/706	loss 0.4277 (0.1000)	accu 0.875 (0.963)	
Train Epoch-29  Iter-125/706	loss 0.1427 (0.0933)	accu 0.875 (0.964)	
Train Epoch-29  Iter-150/706	loss 0.0721 (0.0903)	accu 1.000 (0.966)	
Train Epoch-29  Iter-175/706	loss 0.0054 (0.0927)	accu 1.000 (0.966)	
Train Epoch-29  Iter-200/706	loss 0.0995 (0.0931)	accu 0.875 (0.964)	
Train Epoch-29  Iter-225/706	loss 0.0067 (0.0943)	accu 1.000 (0.965)	
Train Epoch-29  Iter-250/706	loss 0.2274 (0.0885)	accu 0.875 (0.967)	
Train Epoch-29  Iter-275/706	loss 0.1140 (0.0877)	accu 0.875 (0.967)	
Train Epoch-29  Iter-300/706	loss 0.0294 (0.0831)	accu 1.000 (0.969)	
Train Epoch-29  Iter-325/706	loss 0.4635 (0.0821)	accu 0.875 (0.969)	
Train Epoch-29  Iter-350/706	loss 0.0305 (0.0841)	accu 1.000 (0.969)	
Train Epoch-29  Iter-375/706	loss 0.0202 (0.0842)	accu 1.000 (0.968)	
Train Epoch-29  Iter-400/706	loss 0.0345 (0.0838)	accu 1.000 (0.968)	
Train Epoch-29  Iter-425/706	loss 0.0061 (0.0839)	accu 1.000 (0.968)	
Train Epoch-29  Iter-450/706	loss 0.2223 (0.0830)	accu 0.875 (0.968)	
Train Epoch-29  Iter-475/706	loss 0.0982 (0.0831)	accu 0.875 (0.968)	
Train Epoch-29  Iter-500/706	loss 0.0209 (0.0820)	accu 1.000 (0.969)	
Train Epoch-29  Iter-525/706	loss 0.0162 (0.0823)	accu 1.000 (0.969)	
Train Epoch-29  Iter-550/706	loss 0.0542 (0.0813)	accu 1.000 (0.969)	
Train Epoch-29  Iter-575/706	loss 0.0050 (0.0823)	accu 1.000 (0.969)	
Train Epoch-29  Iter-600/706	loss 0.0368 (0.0809)	accu 1.000 (0.970)	
Train Epoch-29  Iter-625/706	loss 0.0040 (0.0809)	accu 1.000 (0.970)	
Train Epoch-29  Iter-650/706	loss 0.0039 (0.0811)	accu 1.000 (0.969)	
Train Epoch-29  Iter-675/706	loss 0.1336 (0.0797)	accu 0.875 (0.970)	
Train Epoch-29  Iter-700/706	loss 0.0279 (0.0801)	accu 1.000 (0.970)	
Eval Epoch-29  Iter-0  /52 	loss 0.2736 (0.2736)	accu 0.875 (0.875)	
Eval Epoch-29  Iter-25 /52 	loss 0.0007 (0.4859)	accu 1.000 (0.784)	
Eval Epoch-29  Iter-50 /52 	loss 1.2345 (0.5518)	accu 0.750 (0.792)	
Epoch-29  Train: loss 0.0799	accu 0.9699	Eval: loss 0.5588	accu 0.7885
Eval Epoch-0   Iter-0  /52 	loss 0.1529 (0.1529)	accu 0.875 (0.875)	
Eval Epoch-0   Iter-25 /52 	loss 0.0558 (0.2956)	accu 1.000 (0.841)	
Eval Epoch-0   Iter-50 /52 	loss 0.5475 (0.4661)	accu 0.500 (0.789)	
Eval: loss 0.4863	accu 0.7812
Test Epoch-0   Iter-0  /59 	loss 0.3377 (0.3377)	accu 0.750 (0.750)	
Test Epoch-0   Iter-25 /59 	loss 0.2283 (0.5935)	accu 0.875 (0.731)	
Test Epoch-0   Iter-50 /59 	loss 1.9464 (0.6345)	accu 0.375 (0.755)	
Test: loss 0.6673	accu 0.7500
wandb: Waiting for W&B process to finish... (success).
wandb: 
wandb: Run history:
wandb:   Eval Acc ▇▄▅▁▃▅█▆▇▇█▆▆▆▆▇▇▇█████▇██████
wandb:  Eval Loss ▁▃▄█▆▄▂▃▃▄▃▂▃▂▂▃▃▃▂▃▃▃▃▃▃▃▃▃▃▃
wandb:  Train Acc ▁▄▆▆▇▇▇▇██████████████████████
wandb: Train Loss █▅▄▄▃▃▂▂▂▂▁▁▁▁▁▁▁▁▁▁▁▁▁▁▁▁▁▁▁▁
wandb: 
wandb: Run summary:
wandb:   Eval Acc 0.78846
wandb:  Eval Loss 0.55879
wandb:  Train Acc 0.9699
wandb: Train Loss 0.07987
wandb: 
wandb: 🚀 View run morning-waterfall-256 at: https://wandb.ai/is_project/vision_models/runs/vqrghc7t
wandb: Synced 6 W&B file(s), 0 media file(s), 0 artifact file(s) and 0 other file(s)
wandb: Find logs at: ./wandb/run-20230612_181340-vqrghc7t/logs
