Namespace(add_comment=True, add_description=False, add_other_comments=True, add_title=False, add_transcription=False, add_video=False, batch_size=8, clip_embeedings_path='data/CLIP_embeddings', debug=False, desc_keyphrase_extract=False, desc_token_count=100, freeze_lf_layers=23, gpu='6', lr=0.0003, max_epochs=30, max_len=512, metadata_path='data/extra_data_trans.csv', model='bert-large-cased', multitask=False, num_workers=0, other_comments_path='data/extra_data_other_comments.csv', other_comments_token_count=512, pad_metadata=True, remove_none=False, test_question_file='data/with_aug_ttv/test.csv', title_token_count=50, train_question_file='data/with_aug_ttv/train.csv', transcript_keyphrase_extract=False, transcript_token_count=300, validation_question_file='data/with_aug_ttv/eval.csv', video_path='data/videos/', work_dir='model_comment/')
wandb: Currently logged in as: shrey2809 (is_project). Use `wandb login --relogin` to force relogin
wandb: Tracking run with wandb version 0.15.4
wandb: Run data is saved locally in /scratch/AzureNfsServer_INPUT1/vc_data/users/gmanish/multiModalHate/IS-Hate-Speech/wandb/run-20230612_181636-3919m0fe
wandb: Run `wandb offline` to turn off syncing.
wandb: Syncing run radiant-night-265
wandb: ⭐️ View project at https://wandb.ai/is_project/vision_models
wandb: 🚀 View run at https://wandb.ai/is_project/vision_models/runs/3919m0fe
number of available devices: 1
obtained dataloaders
Some weights of the model checkpoint at bert-large-cased were not used when initializing BertModel: ['cls.predictions.bias', 'cls.seq_relationship.bias', 'cls.predictions.transform.dense.weight', 'cls.predictions.transform.LayerNorm.weight', 'cls.predictions.transform.dense.bias', 'cls.predictions.decoder.weight', 'cls.predictions.transform.LayerNorm.bias', 'cls.seq_relationship.weight']
- This IS expected if you are initializing BertModel from the checkpoint of a model trained on another task or with another architecture (e.g. initializing a BertForSequenceClassification model from a BertForPreTraining model).
- This IS NOT expected if you are initializing BertModel from the checkpoint of a model that you expect to be exactly identical (initializing a BertForSequenceClassification model from a BertForSequenceClassification model).
loaded models
Train Epoch-0   Iter-0  /706	loss 0.6992 (0.6992)	accu 0.375 (0.375)	
Train Epoch-0   Iter-25 /706	loss 0.6902 (0.7257)	accu 0.625 (0.505)	
Train Epoch-0   Iter-50 /706	loss 0.7162 (0.7182)	accu 0.500 (0.493)	
Train Epoch-0   Iter-75 /706	loss 0.6879 (0.7171)	accu 0.500 (0.503)	
Train Epoch-0   Iter-100/706	loss 0.6925 (0.7182)	accu 0.500 (0.499)	
Train Epoch-0   Iter-125/706	loss 0.7001 (0.7172)	accu 0.250 (0.502)	
Train Epoch-0   Iter-150/706	loss 0.5772 (0.7081)	accu 0.750 (0.521)	
Train Epoch-0   Iter-175/706	loss 0.7162 (0.7077)	accu 0.500 (0.518)	
Train Epoch-0   Iter-200/706	loss 0.7695 (0.7062)	accu 0.375 (0.525)	
Train Epoch-0   Iter-225/706	loss 0.7245 (0.7035)	accu 0.500 (0.533)	
Train Epoch-0   Iter-250/706	loss 0.6988 (0.7050)	accu 0.500 (0.525)	
Train Epoch-0   Iter-275/706	loss 0.6838 (0.7043)	accu 0.625 (0.523)	
Train Epoch-0   Iter-300/706	loss 0.6195 (0.7038)	accu 0.750 (0.523)	
Train Epoch-0   Iter-325/706	loss 0.7233 (0.7042)	accu 0.375 (0.519)	
Train Epoch-0   Iter-350/706	loss 0.6930 (0.7032)	accu 0.500 (0.522)	
Train Epoch-0   Iter-375/706	loss 0.7063 (0.7037)	accu 0.500 (0.521)	
Train Epoch-0   Iter-400/706	loss 0.7075 (0.7019)	accu 0.500 (0.526)	
Train Epoch-0   Iter-425/706	loss 0.6985 (0.7016)	accu 0.375 (0.526)	
Train Epoch-0   Iter-450/706	loss 0.7336 (0.7011)	accu 0.625 (0.528)	
Train Epoch-0   Iter-475/706	loss 0.8669 (0.7007)	accu 0.375 (0.529)	
Train Epoch-0   Iter-500/706	loss 0.7210 (0.7013)	accu 0.500 (0.529)	
Train Epoch-0   Iter-525/706	loss 0.6273 (0.6990)	accu 0.750 (0.533)	
Train Epoch-0   Iter-550/706	loss 0.7343 (0.6993)	accu 0.500 (0.531)	
Train Epoch-0   Iter-575/706	loss 0.6416 (0.6995)	accu 0.500 (0.531)	
Train Epoch-0   Iter-600/706	loss 0.6687 (0.7004)	accu 0.625 (0.530)	
Train Epoch-0   Iter-625/706	loss 0.8848 (0.7005)	accu 0.250 (0.531)	
Train Epoch-0   Iter-650/706	loss 0.6678 (0.6998)	accu 0.500 (0.531)	
Train Epoch-0   Iter-675/706	loss 0.4070 (0.6974)	accu 1.000 (0.536)	
Train Epoch-0   Iter-700/706	loss 0.7268 (0.6970)	accu 0.500 (0.537)	
Eval Epoch-0   Iter-0  /52 	loss 0.6211 (0.6211)	accu 0.875 (0.875)	
Eval Epoch-0   Iter-25 /52 	loss 0.8177 (0.8476)	accu 0.250 (0.346)	
Eval Epoch-0   Iter-50 /52 	loss 0.5218 (0.7251)	accu 1.000 (0.537)	
Epoch-0   Train: loss 0.6970	accu 0.5375	Eval: loss 0.7217	accu 0.5409
Train Epoch-1   Iter-0  /706	loss 0.7991 (0.7991)	accu 0.375 (0.375)	
Train Epoch-1   Iter-25 /706	loss 1.1534 (0.6843)	accu 0.375 (0.606)	
Train Epoch-1   Iter-50 /706	loss 0.5567 (0.6618)	accu 0.875 (0.630)	
Train Epoch-1   Iter-75 /706	loss 0.6011 (0.6623)	accu 0.750 (0.613)	
Train Epoch-1   Iter-100/706	loss 0.4635 (0.6635)	accu 0.875 (0.611)	
Train Epoch-1   Iter-125/706	loss 0.3918 (0.6545)	accu 1.000 (0.615)	
Train Epoch-1   Iter-150/706	loss 0.9463 (0.6470)	accu 0.500 (0.623)	
Train Epoch-1   Iter-175/706	loss 0.5628 (0.6436)	accu 0.625 (0.628)	
Train Epoch-1   Iter-200/706	loss 0.7000 (0.6370)	accu 0.625 (0.640)	
Train Epoch-1   Iter-225/706	loss 0.8746 (0.6298)	accu 0.625 (0.649)	
Train Epoch-1   Iter-250/706	loss 0.3086 (0.6282)	accu 0.875 (0.652)	
Train Epoch-1   Iter-275/706	loss 0.6727 (0.6257)	accu 0.375 (0.651)	
Train Epoch-1   Iter-300/706	loss 0.6824 (0.6206)	accu 0.500 (0.653)	
Train Epoch-1   Iter-325/706	loss 0.6924 (0.6263)	accu 0.625 (0.651)	
Train Epoch-1   Iter-350/706	loss 0.7512 (0.6262)	accu 0.375 (0.653)	
Train Epoch-1   Iter-375/706	loss 0.7269 (0.6275)	accu 0.500 (0.653)	
Train Epoch-1   Iter-400/706	loss 0.4519 (0.6265)	accu 0.875 (0.653)	
Train Epoch-1   Iter-425/706	loss 0.7522 (0.6254)	accu 0.625 (0.656)	
Train Epoch-1   Iter-450/706	loss 0.6038 (0.6250)	accu 0.625 (0.655)	
Train Epoch-1   Iter-475/706	loss 0.5575 (0.6219)	accu 0.625 (0.659)	
Train Epoch-1   Iter-500/706	loss 0.6469 (0.6191)	accu 0.750 (0.661)	
Train Epoch-1   Iter-525/706	loss 0.4211 (0.6140)	accu 0.875 (0.666)	
Train Epoch-1   Iter-550/706	loss 0.6995 (0.6135)	accu 0.625 (0.668)	
Train Epoch-1   Iter-575/706	loss 0.8219 (0.6120)	accu 0.625 (0.669)	
Train Epoch-1   Iter-600/706	loss 0.3284 (0.6093)	accu 1.000 (0.672)	
Train Epoch-1   Iter-625/706	loss 0.2461 (0.6078)	accu 1.000 (0.674)	
Train Epoch-1   Iter-650/706	loss 0.6687 (0.6043)	accu 0.625 (0.678)	
Train Epoch-1   Iter-675/706	loss 0.4483 (0.6043)	accu 0.750 (0.677)	
Train Epoch-1   Iter-700/706	loss 0.8791 (0.6012)	accu 0.375 (0.680)	
Eval Epoch-1   Iter-0  /52 	loss 0.1638 (0.1638)	accu 1.000 (1.000)	
Eval Epoch-1   Iter-25 /52 	loss 0.2191 (0.3932)	accu 1.000 (0.837)	
Eval Epoch-1   Iter-50 /52 	loss 0.4728 (0.5490)	accu 0.750 (0.718)	
Epoch-1   Train: loss 0.6010	accu 0.6798	Eval: loss 0.5662	accu 0.7067
Train Epoch-2   Iter-0  /706	loss 0.3615 (0.3615)	accu 0.875 (0.875)	
Train Epoch-2   Iter-25 /706	loss 0.3591 (0.5403)	accu 0.750 (0.736)	
Train Epoch-2   Iter-50 /706	loss 0.4287 (0.5321)	accu 0.750 (0.740)	
Train Epoch-2   Iter-75 /706	loss 0.3849 (0.5381)	accu 0.750 (0.738)	
Train Epoch-2   Iter-100/706	loss 0.5270 (0.5435)	accu 0.750 (0.736)	
Train Epoch-2   Iter-125/706	loss 0.6597 (0.5428)	accu 0.750 (0.735)	
Train Epoch-2   Iter-150/706	loss 0.5115 (0.5432)	accu 0.625 (0.732)	
Train Epoch-2   Iter-175/706	loss 0.5445 (0.5387)	accu 0.750 (0.732)	
Train Epoch-2   Iter-200/706	loss 0.6826 (0.5448)	accu 0.500 (0.721)	
Train Epoch-2   Iter-225/706	loss 0.4956 (0.5458)	accu 0.750 (0.722)	
Train Epoch-2   Iter-250/706	loss 0.3807 (0.5382)	accu 0.875 (0.729)	
Train Epoch-2   Iter-275/706	loss 0.4968 (0.5381)	accu 0.875 (0.727)	
Train Epoch-2   Iter-300/706	loss 0.3829 (0.5339)	accu 1.000 (0.728)	
Train Epoch-2   Iter-325/706	loss 0.5220 (0.5279)	accu 0.750 (0.735)	
Train Epoch-2   Iter-350/706	loss 0.2657 (0.5247)	accu 0.875 (0.739)	
Train Epoch-2   Iter-375/706	loss 0.7414 (0.5245)	accu 0.625 (0.739)	
Train Epoch-2   Iter-400/706	loss 0.7935 (0.5250)	accu 0.500 (0.738)	
Train Epoch-2   Iter-425/706	loss 0.6636 (0.5243)	accu 0.625 (0.737)	
Train Epoch-2   Iter-450/706	loss 0.4108 (0.5243)	accu 0.875 (0.737)	
Train Epoch-2   Iter-475/706	loss 0.4040 (0.5225)	accu 0.875 (0.740)	
Train Epoch-2   Iter-500/706	loss 0.5680 (0.5195)	accu 0.875 (0.744)	
Train Epoch-2   Iter-525/706	loss 0.3681 (0.5201)	accu 0.750 (0.745)	
Train Epoch-2   Iter-550/706	loss 0.8998 (0.5180)	accu 0.625 (0.748)	
Train Epoch-2   Iter-575/706	loss 0.2943 (0.5212)	accu 1.000 (0.746)	
Train Epoch-2   Iter-600/706	loss 0.2390 (0.5182)	accu 1.000 (0.749)	
Train Epoch-2   Iter-625/706	loss 0.3456 (0.5167)	accu 0.875 (0.750)	
Train Epoch-2   Iter-650/706	loss 0.2004 (0.5145)	accu 1.000 (0.750)	
Train Epoch-2   Iter-675/706	loss 0.9087 (0.5150)	accu 0.750 (0.751)	
Train Epoch-2   Iter-700/706	loss 0.6531 (0.5144)	accu 0.625 (0.750)	
Eval Epoch-2   Iter-0  /52 	loss 0.5273 (0.5273)	accu 0.750 (0.750)	
Eval Epoch-2   Iter-25 /52 	loss 1.9433 (1.5798)	accu 0.250 (0.327)	
Eval Epoch-2   Iter-50 /52 	loss 0.0385 (1.0898)	accu 1.000 (0.551)	
Epoch-2   Train: loss 0.5145	accu 0.7501	Eval: loss 1.0783	accu 0.5529
Train Epoch-3   Iter-0  /706	loss 1.1348 (1.1348)	accu 0.250 (0.250)	
Train Epoch-3   Iter-25 /706	loss 0.1095 (0.4892)	accu 1.000 (0.764)	
Train Epoch-3   Iter-50 /706	loss 0.6908 (0.5241)	accu 0.625 (0.767)	
Train Epoch-3   Iter-75 /706	loss 0.4417 (0.5347)	accu 0.875 (0.748)	
Train Epoch-3   Iter-100/706	loss 0.2219 (0.5306)	accu 1.000 (0.749)	
Train Epoch-3   Iter-125/706	loss 0.4995 (0.5116)	accu 0.875 (0.761)	
Train Epoch-3   Iter-150/706	loss 0.5415 (0.5150)	accu 0.750 (0.751)	
Train Epoch-3   Iter-175/706	loss 0.4891 (0.5134)	accu 0.875 (0.749)	
Train Epoch-3   Iter-200/706	loss 0.3583 (0.5105)	accu 0.875 (0.754)	
Train Epoch-3   Iter-225/706	loss 0.2835 (0.5045)	accu 0.875 (0.756)	
Train Epoch-3   Iter-250/706	loss 0.5362 (0.5074)	accu 0.625 (0.754)	
Train Epoch-3   Iter-275/706	loss 0.7380 (0.5029)	accu 0.500 (0.758)	
Train Epoch-3   Iter-300/706	loss 0.3848 (0.5034)	accu 1.000 (0.755)	
Train Epoch-3   Iter-325/706	loss 0.4902 (0.5020)	accu 0.625 (0.754)	
Train Epoch-3   Iter-350/706	loss 0.4555 (0.4989)	accu 0.875 (0.756)	
Train Epoch-3   Iter-375/706	loss 0.1209 (0.4912)	accu 1.000 (0.760)	
Train Epoch-3   Iter-400/706	loss 0.3054 (0.4890)	accu 0.750 (0.761)	
Train Epoch-3   Iter-425/706	loss 0.4605 (0.4887)	accu 0.750 (0.762)	
Train Epoch-3   Iter-450/706	loss 0.4082 (0.4881)	accu 0.875 (0.764)	
Train Epoch-3   Iter-475/706	loss 0.3609 (0.4884)	accu 0.875 (0.764)	
Train Epoch-3   Iter-500/706	loss 0.4211 (0.4873)	accu 0.875 (0.765)	
Train Epoch-3   Iter-525/706	loss 0.2957 (0.4868)	accu 0.750 (0.765)	
Train Epoch-3   Iter-550/706	loss 0.6815 (0.4833)	accu 0.750 (0.769)	
Train Epoch-3   Iter-575/706	loss 0.2474 (0.4802)	accu 0.875 (0.770)	
Train Epoch-3   Iter-600/706	loss 0.4940 (0.4818)	accu 0.750 (0.770)	
Train Epoch-3   Iter-625/706	loss 0.2998 (0.4802)	accu 1.000 (0.770)	
Train Epoch-3   Iter-650/706	loss 0.2997 (0.4778)	accu 1.000 (0.771)	
Train Epoch-3   Iter-675/706	loss 0.6766 (0.4761)	accu 0.750 (0.772)	
Train Epoch-3   Iter-700/706	loss 0.3054 (0.4768)	accu 0.875 (0.771)	
Eval Epoch-3   Iter-0  /52 	loss 0.2094 (0.2094)	accu 1.000 (1.000)	
Eval Epoch-3   Iter-25 /52 	loss 0.7763 (0.6691)	accu 0.500 (0.707)	
Eval Epoch-3   Iter-50 /52 	loss 0.2182 (0.5489)	accu 1.000 (0.743)	
Epoch-3   Train: loss 0.4773	accu 0.7708	Eval: loss 0.5553	accu 0.7404
Train Epoch-4   Iter-0  /706	loss 0.4168 (0.4168)	accu 0.875 (0.875)	
Train Epoch-4   Iter-25 /706	loss 0.6120 (0.4632)	accu 0.750 (0.779)	
Train Epoch-4   Iter-50 /706	loss 0.1269 (0.4343)	accu 1.000 (0.799)	
Train Epoch-4   Iter-75 /706	loss 0.3691 (0.4432)	accu 0.750 (0.791)	
Train Epoch-4   Iter-100/706	loss 0.2430 (0.4542)	accu 1.000 (0.785)	
Train Epoch-4   Iter-125/706	loss 0.3532 (0.4484)	accu 1.000 (0.787)	
Train Epoch-4   Iter-150/706	loss 0.5195 (0.4700)	accu 0.625 (0.771)	
Train Epoch-4   Iter-175/706	loss 0.0646 (0.4537)	accu 1.000 (0.783)	
Train Epoch-4   Iter-200/706	loss 0.6114 (0.4605)	accu 0.625 (0.781)	
Train Epoch-4   Iter-225/706	loss 0.2805 (0.4558)	accu 0.875 (0.785)	
Train Epoch-4   Iter-250/706	loss 0.4245 (0.4600)	accu 0.750 (0.784)	
Train Epoch-4   Iter-275/706	loss 0.4803 (0.4660)	accu 0.750 (0.781)	
Train Epoch-4   Iter-300/706	loss 0.5166 (0.4681)	accu 0.625 (0.779)	
Train Epoch-4   Iter-325/706	loss 0.3528 (0.4620)	accu 0.875 (0.783)	
Train Epoch-4   Iter-350/706	loss 0.2636 (0.4605)	accu 1.000 (0.782)	
Train Epoch-4   Iter-375/706	loss 0.1081 (0.4552)	accu 1.000 (0.785)	
Train Epoch-4   Iter-400/706	loss 0.3569 (0.4535)	accu 0.875 (0.787)	
Train Epoch-4   Iter-425/706	loss 0.6613 (0.4514)	accu 0.750 (0.788)	
Train Epoch-4   Iter-450/706	loss 0.4970 (0.4472)	accu 0.750 (0.791)	
Train Epoch-4   Iter-475/706	loss 0.2961 (0.4507)	accu 1.000 (0.791)	
Train Epoch-4   Iter-500/706	loss 0.4658 (0.4507)	accu 0.750 (0.791)	
Train Epoch-4   Iter-525/706	loss 0.3648 (0.4511)	accu 0.875 (0.792)	
Train Epoch-4   Iter-550/706	loss 0.3417 (0.4513)	accu 0.750 (0.793)	
Train Epoch-4   Iter-575/706	loss 0.2983 (0.4504)	accu 0.875 (0.793)	
Train Epoch-4   Iter-600/706	loss 0.2114 (0.4495)	accu 1.000 (0.795)	
Train Epoch-4   Iter-625/706	loss 0.4484 (0.4496)	accu 0.750 (0.795)	
Train Epoch-4   Iter-650/706	loss 0.4439 (0.4515)	accu 0.750 (0.794)	
Train Epoch-4   Iter-675/706	loss 0.4376 (0.4512)	accu 0.750 (0.794)	
Train Epoch-4   Iter-700/706	loss 0.2599 (0.4502)	accu 0.875 (0.795)	
Eval Epoch-4   Iter-0  /52 	loss 0.1613 (0.1613)	accu 0.875 (0.875)	
Eval Epoch-4   Iter-25 /52 	loss 1.0166 (0.9163)	accu 0.500 (0.548)	
Eval Epoch-4   Iter-50 /52 	loss 0.0919 (0.7245)	accu 1.000 (0.667)	
Epoch-4   Train: loss 0.4500	accu 0.7951	Eval: loss 0.7445	accu 0.6635
Train Epoch-5   Iter-0  /706	loss 0.3399 (0.3399)	accu 0.875 (0.875)	
Train Epoch-5   Iter-25 /706	loss 0.8001 (0.5538)	accu 0.625 (0.726)	
Train Epoch-5   Iter-50 /706	loss 0.8263 (0.5063)	accu 0.625 (0.745)	
Train Epoch-5   Iter-75 /706	loss 0.4323 (0.4989)	accu 0.750 (0.755)	
Train Epoch-5   Iter-100/706	loss 0.2981 (0.4801)	accu 0.875 (0.766)	
Train Epoch-5   Iter-125/706	loss 0.3511 (0.4764)	accu 0.750 (0.764)	
Train Epoch-5   Iter-150/706	loss 0.4510 (0.4744)	accu 0.625 (0.763)	
Train Epoch-5   Iter-175/706	loss 0.3383 (0.4674)	accu 0.750 (0.765)	
Train Epoch-5   Iter-200/706	loss 0.9812 (0.4718)	accu 0.625 (0.762)	
Train Epoch-5   Iter-225/706	loss 0.7967 (0.4697)	accu 0.500 (0.765)	
Train Epoch-5   Iter-250/706	loss 0.5135 (0.4650)	accu 0.625 (0.770)	
Train Epoch-5   Iter-275/706	loss 0.5413 (0.4645)	accu 0.500 (0.769)	
Train Epoch-5   Iter-300/706	loss 0.1816 (0.4655)	accu 1.000 (0.771)	
Train Epoch-5   Iter-325/706	loss 0.2219 (0.4696)	accu 1.000 (0.771)	
Train Epoch-5   Iter-350/706	loss 0.3338 (0.4714)	accu 0.875 (0.772)	
Train Epoch-5   Iter-375/706	loss 0.8256 (0.4702)	accu 0.625 (0.773)	
Train Epoch-5   Iter-400/706	loss 0.1732 (0.4668)	accu 1.000 (0.777)	
Train Epoch-5   Iter-425/706	loss 0.6610 (0.4661)	accu 0.625 (0.777)	
Train Epoch-5   Iter-450/706	loss 0.4005 (0.4666)	accu 0.625 (0.775)	
Train Epoch-5   Iter-475/706	loss 0.6144 (0.4696)	accu 0.750 (0.774)	
Train Epoch-5   Iter-500/706	loss 0.6658 (0.4658)	accu 0.625 (0.778)	
Train Epoch-5   Iter-525/706	loss 0.3102 (0.4621)	accu 0.875 (0.781)	
Train Epoch-5   Iter-550/706	loss 0.4033 (0.4629)	accu 0.750 (0.781)	
Train Epoch-5   Iter-575/706	loss 0.3603 (0.4603)	accu 0.750 (0.781)	
Train Epoch-5   Iter-600/706	loss 0.1253 (0.4581)	accu 1.000 (0.782)	
Train Epoch-5   Iter-625/706	loss 0.4566 (0.4571)	accu 0.500 (0.782)	
Train Epoch-5   Iter-650/706	loss 0.4571 (0.4551)	accu 0.875 (0.784)	
Train Epoch-5   Iter-675/706	loss 0.4569 (0.4546)	accu 0.750 (0.785)	
Train Epoch-5   Iter-700/706	loss 0.3011 (0.4555)	accu 0.875 (0.785)	
Eval Epoch-5   Iter-0  /52 	loss 0.1693 (0.1693)	accu 1.000 (1.000)	
Eval Epoch-5   Iter-25 /52 	loss 1.0844 (0.9978)	accu 0.500 (0.505)	
Eval Epoch-5   Iter-50 /52 	loss 0.0565 (0.7621)	accu 1.000 (0.640)	
Epoch-5   Train: loss 0.4556	accu 0.7844	Eval: loss 0.7660	accu 0.6370
Train Epoch-6   Iter-0  /706	loss 0.7347 (0.7347)	accu 0.625 (0.625)	
Train Epoch-6   Iter-25 /706	loss 0.6462 (0.5694)	accu 0.625 (0.745)	
Train Epoch-6   Iter-50 /706	loss 0.6105 (0.4909)	accu 0.750 (0.794)	
Train Epoch-6   Iter-75 /706	loss 0.1726 (0.4876)	accu 1.000 (0.794)	
Train Epoch-6   Iter-100/706	loss 0.3161 (0.4876)	accu 0.875 (0.788)	
Train Epoch-6   Iter-125/706	loss 0.7050 (0.4751)	accu 0.750 (0.793)	
Train Epoch-6   Iter-150/706	loss 0.5548 (0.4712)	accu 0.750 (0.791)	
Train Epoch-6   Iter-175/706	loss 0.5192 (0.4720)	accu 0.625 (0.788)	
Train Epoch-6   Iter-200/706	loss 0.1449 (0.4596)	accu 1.000 (0.790)	
Train Epoch-6   Iter-225/706	loss 0.1886 (0.4512)	accu 1.000 (0.795)	
Train Epoch-6   Iter-250/706	loss 0.7153 (0.4507)	accu 0.625 (0.797)	
Train Epoch-6   Iter-275/706	loss 0.6923 (0.4467)	accu 0.750 (0.803)	
Train Epoch-6   Iter-300/706	loss 0.7098 (0.4413)	accu 0.625 (0.804)	
Train Epoch-6   Iter-325/706	loss 0.3669 (0.4341)	accu 0.875 (0.808)	
Train Epoch-6   Iter-350/706	loss 0.0828 (0.4333)	accu 1.000 (0.809)	
Train Epoch-6   Iter-375/706	loss 0.7946 (0.4354)	accu 0.750 (0.808)	
Train Epoch-6   Iter-400/706	loss 0.5408 (0.4387)	accu 0.750 (0.805)	
Train Epoch-6   Iter-425/706	loss 0.1745 (0.4403)	accu 1.000 (0.803)	
Train Epoch-6   Iter-450/706	loss 0.3744 (0.4388)	accu 0.875 (0.802)	
Train Epoch-6   Iter-475/706	loss 0.7076 (0.4383)	accu 0.625 (0.804)	
Train Epoch-6   Iter-500/706	loss 0.3872 (0.4414)	accu 1.000 (0.803)	
Train Epoch-6   Iter-525/706	loss 0.1501 (0.4419)	accu 1.000 (0.803)	
Train Epoch-6   Iter-550/706	loss 0.9565 (0.4398)	accu 0.500 (0.804)	
Train Epoch-6   Iter-575/706	loss 0.5582 (0.4424)	accu 0.625 (0.802)	
Train Epoch-6   Iter-600/706	loss 0.4348 (0.4420)	accu 0.750 (0.802)	
Train Epoch-6   Iter-625/706	loss 0.6559 (0.4412)	accu 0.750 (0.802)	
Train Epoch-6   Iter-650/706	loss 0.1695 (0.4380)	accu 0.875 (0.803)	
Train Epoch-6   Iter-675/706	loss 0.4952 (0.4369)	accu 0.875 (0.805)	
Train Epoch-6   Iter-700/706	loss 0.1459 (0.4339)	accu 1.000 (0.806)	
Eval Epoch-6   Iter-0  /52 	loss 0.0496 (0.0496)	accu 1.000 (1.000)	
Eval Epoch-6   Iter-25 /52 	loss 0.7490 (0.7599)	accu 0.625 (0.659)	
Eval Epoch-6   Iter-50 /52 	loss 0.0474 (0.6460)	accu 1.000 (0.711)	
Epoch-6   Train: loss 0.4357	accu 0.8047	Eval: loss 0.6559	accu 0.7067
Train Epoch-7   Iter-0  /706	loss 0.0999 (0.0999)	accu 1.000 (1.000)	
Train Epoch-7   Iter-25 /706	loss 0.2084 (0.3973)	accu 1.000 (0.803)	
Train Epoch-7   Iter-50 /706	loss 0.3866 (0.4065)	accu 0.875 (0.797)	
Train Epoch-7   Iter-75 /706	loss 0.0609 (0.3880)	accu 1.000 (0.806)	
Train Epoch-7   Iter-100/706	loss 0.3281 (0.4039)	accu 0.875 (0.800)	
Train Epoch-7   Iter-125/706	loss 0.3261 (0.4105)	accu 0.750 (0.793)	
Train Epoch-7   Iter-150/706	loss 0.9594 (0.4079)	accu 0.500 (0.798)	
Train Epoch-7   Iter-175/706	loss 0.4727 (0.4040)	accu 0.750 (0.801)	
Train Epoch-7   Iter-200/706	loss 0.5963 (0.4124)	accu 0.625 (0.797)	
Train Epoch-7   Iter-225/706	loss 0.4290 (0.4131)	accu 0.750 (0.799)	
Train Epoch-7   Iter-250/706	loss 0.3214 (0.4151)	accu 0.875 (0.801)	
Train Epoch-7   Iter-275/706	loss 0.4786 (0.4181)	accu 0.875 (0.800)	
Train Epoch-7   Iter-300/706	loss 0.4854 (0.4157)	accu 0.750 (0.805)	
Train Epoch-7   Iter-325/706	loss 0.4557 (0.4179)	accu 0.875 (0.805)	
Train Epoch-7   Iter-350/706	loss 0.5420 (0.4177)	accu 0.500 (0.804)	
Train Epoch-7   Iter-375/706	loss 0.2751 (0.4171)	accu 0.875 (0.806)	
Train Epoch-7   Iter-400/706	loss 0.3843 (0.4142)	accu 0.750 (0.810)	
Train Epoch-7   Iter-425/706	loss 0.3797 (0.4172)	accu 0.875 (0.809)	
Train Epoch-7   Iter-450/706	loss 0.4622 (0.4141)	accu 0.750 (0.811)	
Train Epoch-7   Iter-475/706	loss 0.3712 (0.4127)	accu 0.750 (0.812)	
Train Epoch-7   Iter-500/706	loss 0.1754 (0.4111)	accu 0.875 (0.813)	
Train Epoch-7   Iter-525/706	loss 0.1916 (0.4090)	accu 1.000 (0.813)	
Train Epoch-7   Iter-550/706	loss 0.5766 (0.4085)	accu 0.875 (0.814)	
Train Epoch-7   Iter-575/706	loss 0.2298 (0.4042)	accu 1.000 (0.816)	
Train Epoch-7   Iter-600/706	loss 0.3755 (0.4060)	accu 0.875 (0.817)	
Train Epoch-7   Iter-625/706	loss 0.2818 (0.4046)	accu 0.875 (0.816)	
Train Epoch-7   Iter-650/706	loss 0.3803 (0.4043)	accu 0.625 (0.815)	
Train Epoch-7   Iter-675/706	loss 0.1559 (0.4040)	accu 1.000 (0.815)	
Train Epoch-7   Iter-700/706	loss 0.5741 (0.4033)	accu 0.625 (0.816)	
Eval Epoch-7   Iter-0  /52 	loss 0.1643 (0.1643)	accu 1.000 (1.000)	
Eval Epoch-7   Iter-25 /52 	loss 1.0943 (0.9923)	accu 0.375 (0.471)	
Eval Epoch-7   Iter-50 /52 	loss 0.1056 (0.7353)	accu 1.000 (0.632)	
Epoch-7   Train: loss 0.4038	accu 0.8157	Eval: loss 0.7444	accu 0.6298
Train Epoch-8   Iter-0  /706	loss 0.5541 (0.5541)	accu 0.750 (0.750)	
Train Epoch-8   Iter-25 /706	loss 0.7381 (0.4581)	accu 0.750 (0.774)	
Train Epoch-8   Iter-50 /706	loss 0.1842 (0.3949)	accu 1.000 (0.816)	
Train Epoch-8   Iter-75 /706	loss 0.1445 (0.3989)	accu 1.000 (0.824)	
Train Epoch-8   Iter-100/706	loss 0.2621 (0.4051)	accu 0.875 (0.821)	
Train Epoch-8   Iter-125/706	loss 0.4310 (0.4063)	accu 0.750 (0.821)	
Train Epoch-8   Iter-150/706	loss 0.1959 (0.4054)	accu 1.000 (0.822)	
Train Epoch-8   Iter-175/706	loss 0.1559 (0.4063)	accu 1.000 (0.824)	
Train Epoch-8   Iter-200/706	loss 0.3691 (0.4049)	accu 0.750 (0.826)	
Train Epoch-8   Iter-225/706	loss 0.3816 (0.3924)	accu 0.875 (0.831)	
Train Epoch-8   Iter-250/706	loss 0.5248 (0.3914)	accu 0.625 (0.833)	
Train Epoch-8   Iter-275/706	loss 0.3765 (0.3910)	accu 0.875 (0.832)	
Train Epoch-8   Iter-300/706	loss 0.2824 (0.3916)	accu 0.875 (0.833)	
Train Epoch-8   Iter-325/706	loss 0.1510 (0.3909)	accu 1.000 (0.833)	
Train Epoch-8   Iter-350/706	loss 0.0816 (0.3860)	accu 1.000 (0.835)	
Train Epoch-8   Iter-375/706	loss 0.3748 (0.3846)	accu 0.875 (0.836)	
Train Epoch-8   Iter-400/706	loss 0.6291 (0.3851)	accu 0.750 (0.836)	
Train Epoch-8   Iter-425/706	loss 0.1710 (0.3846)	accu 0.875 (0.836)	
Train Epoch-8   Iter-450/706	loss 0.3177 (0.3780)	accu 0.875 (0.839)	
Train Epoch-8   Iter-475/706	loss 0.4904 (0.3786)	accu 0.750 (0.839)	
Train Epoch-8   Iter-500/706	loss 0.2503 (0.3819)	accu 0.750 (0.837)	
Train Epoch-8   Iter-525/706	loss 0.5132 (0.3823)	accu 0.625 (0.836)	
Train Epoch-8   Iter-550/706	loss 0.3875 (0.3814)	accu 0.875 (0.837)	
Train Epoch-8   Iter-575/706	loss 0.0761 (0.3796)	accu 1.000 (0.837)	
Train Epoch-8   Iter-600/706	loss 0.3429 (0.3779)	accu 0.875 (0.838)	
Train Epoch-8   Iter-625/706	loss 0.6217 (0.3788)	accu 0.875 (0.837)	
Train Epoch-8   Iter-650/706	loss 0.3002 (0.3846)	accu 0.750 (0.834)	
Train Epoch-8   Iter-675/706	loss 0.2599 (0.3847)	accu 0.875 (0.834)	
Train Epoch-8   Iter-700/706	loss 0.2926 (0.3856)	accu 0.875 (0.833)	
Eval Epoch-8   Iter-0  /52 	loss 0.1101 (0.1101)	accu 1.000 (1.000)	
Eval Epoch-8   Iter-25 /52 	loss 0.7031 (0.5055)	accu 0.500 (0.745)	
Eval Epoch-8   Iter-50 /52 	loss 0.1486 (0.4774)	accu 1.000 (0.770)	
Epoch-8   Train: loss 0.3854	accu 0.8330	Eval: loss 0.4983	accu 0.7644
Train Epoch-9   Iter-0  /706	loss 0.3024 (0.3024)	accu 0.750 (0.750)	
Train Epoch-9   Iter-25 /706	loss 0.3752 (0.3392)	accu 0.750 (0.841)	
Train Epoch-9   Iter-50 /706	loss 0.1547 (0.3638)	accu 1.000 (0.838)	
Train Epoch-9   Iter-75 /706	loss 0.0935 (0.3506)	accu 1.000 (0.836)	
Train Epoch-9   Iter-100/706	loss 0.6789 (0.3434)	accu 0.875 (0.842)	
Train Epoch-9   Iter-125/706	loss 0.0694 (0.3369)	accu 1.000 (0.847)	
Train Epoch-9   Iter-150/706	loss 0.2913 (0.3432)	accu 0.875 (0.844)	
Train Epoch-9   Iter-175/706	loss 0.3627 (0.3605)	accu 0.750 (0.842)	
Train Epoch-9   Iter-200/706	loss 0.1648 (0.3599)	accu 1.000 (0.843)	
Train Epoch-9   Iter-225/706	loss 0.2248 (0.3573)	accu 0.875 (0.845)	
Train Epoch-9   Iter-250/706	loss 0.4206 (0.3532)	accu 0.875 (0.847)	
Train Epoch-9   Iter-275/706	loss 0.4961 (0.3564)	accu 0.625 (0.844)	
Train Epoch-9   Iter-300/706	loss 0.5534 (0.3524)	accu 0.625 (0.844)	
Train Epoch-9   Iter-325/706	loss 0.0931 (0.3513)	accu 1.000 (0.843)	
Train Epoch-9   Iter-350/706	loss 0.2721 (0.3561)	accu 0.875 (0.841)	
Train Epoch-9   Iter-375/706	loss 0.4107 (0.3578)	accu 0.875 (0.840)	
Train Epoch-9   Iter-400/706	loss 0.1690 (0.3584)	accu 1.000 (0.840)	
Train Epoch-9   Iter-425/706	loss 0.6686 (0.3615)	accu 0.625 (0.839)	
Train Epoch-9   Iter-450/706	loss 0.2120 (0.3668)	accu 1.000 (0.835)	
Train Epoch-9   Iter-475/706	loss 0.0861 (0.3645)	accu 1.000 (0.837)	
Train Epoch-9   Iter-500/706	loss 0.3839 (0.3644)	accu 0.875 (0.837)	
Train Epoch-9   Iter-525/706	loss 0.7614 (0.3660)	accu 0.750 (0.836)	
Train Epoch-9   Iter-550/706	loss 0.3006 (0.3691)	accu 0.875 (0.836)	
Train Epoch-9   Iter-575/706	loss 0.1719 (0.3690)	accu 0.875 (0.836)	
Train Epoch-9   Iter-600/706	loss 0.2378 (0.3689)	accu 0.875 (0.837)	
Train Epoch-9   Iter-625/706	loss 0.4066 (0.3707)	accu 0.625 (0.836)	
Train Epoch-9   Iter-650/706	loss 0.3117 (0.3686)	accu 0.875 (0.838)	
Train Epoch-9   Iter-675/706	loss 0.2358 (0.3679)	accu 0.875 (0.838)	
Train Epoch-9   Iter-700/706	loss 0.2756 (0.3676)	accu 0.875 (0.839)	
Eval Epoch-9   Iter-0  /52 	loss 0.2022 (0.2022)	accu 0.875 (0.875)	
Eval Epoch-9   Iter-25 /52 	loss 0.5445 (0.5229)	accu 0.625 (0.740)	
Eval Epoch-9   Iter-50 /52 	loss 0.1181 (0.4953)	accu 1.000 (0.770)	
Epoch-9   Train: loss 0.3685	accu 0.8389	Eval: loss 0.5104	accu 0.7644
Train Epoch-10  Iter-0  /706	loss 0.5612 (0.5612)	accu 0.625 (0.625)	
Train Epoch-10  Iter-25 /706	loss 0.0760 (0.3023)	accu 1.000 (0.846)	
Train Epoch-10  Iter-50 /706	loss 0.7177 (0.3356)	accu 0.750 (0.843)	
Train Epoch-10  Iter-75 /706	loss 0.4716 (0.3479)	accu 0.750 (0.844)	
Train Epoch-10  Iter-100/706	loss 0.2320 (0.3438)	accu 0.875 (0.844)	
Train Epoch-10  Iter-125/706	loss 0.4087 (0.3316)	accu 0.750 (0.848)	
Train Epoch-10  Iter-150/706	loss 0.3539 (0.3318)	accu 0.750 (0.851)	
Train Epoch-10  Iter-175/706	loss 0.2476 (0.3386)	accu 1.000 (0.849)	
Train Epoch-10  Iter-200/706	loss 0.4055 (0.3348)	accu 0.875 (0.852)	
Train Epoch-10  Iter-225/706	loss 0.8441 (0.3433)	accu 0.625 (0.846)	
Train Epoch-10  Iter-250/706	loss 0.3387 (0.3456)	accu 0.875 (0.845)	
Train Epoch-10  Iter-275/706	loss 0.0292 (0.3403)	accu 1.000 (0.847)	
Train Epoch-10  Iter-300/706	loss 0.5384 (0.3395)	accu 0.875 (0.847)	
Train Epoch-10  Iter-325/706	loss 0.6804 (0.3425)	accu 0.500 (0.846)	
Train Epoch-10  Iter-350/706	loss 0.3326 (0.3482)	accu 0.750 (0.843)	
Train Epoch-10  Iter-375/706	loss 0.0927 (0.3430)	accu 1.000 (0.845)	
Train Epoch-10  Iter-400/706	loss 0.2654 (0.3487)	accu 1.000 (0.844)	
Train Epoch-10  Iter-425/706	loss 0.2712 (0.3473)	accu 0.875 (0.846)	
Train Epoch-10  Iter-450/706	loss 0.5039 (0.3466)	accu 0.750 (0.845)	
Train Epoch-10  Iter-475/706	loss 0.8079 (0.3497)	accu 0.750 (0.844)	
Train Epoch-10  Iter-500/706	loss 0.2888 (0.3511)	accu 0.875 (0.842)	
Train Epoch-10  Iter-525/706	loss 0.0319 (0.3482)	accu 1.000 (0.842)	
Train Epoch-10  Iter-550/706	loss 0.2593 (0.3485)	accu 0.875 (0.843)	
Train Epoch-10  Iter-575/706	loss 0.2786 (0.3501)	accu 0.875 (0.843)	
Train Epoch-10  Iter-600/706	loss 0.1260 (0.3510)	accu 1.000 (0.843)	
Train Epoch-10  Iter-625/706	loss 0.3537 (0.3535)	accu 0.875 (0.842)	
Train Epoch-10  Iter-650/706	loss 0.3020 (0.3554)	accu 0.875 (0.841)	
Train Epoch-10  Iter-675/706	loss 1.1383 (0.3553)	accu 0.625 (0.842)	
Train Epoch-10  Iter-700/706	loss 0.6362 (0.3558)	accu 0.625 (0.842)	
Eval Epoch-10  Iter-0  /52 	loss 0.4163 (0.4163)	accu 0.750 (0.750)	
Eval Epoch-10  Iter-25 /52 	loss 1.2261 (1.4060)	accu 0.375 (0.346)	
Eval Epoch-10  Iter-50 /52 	loss 0.0460 (0.9694)	accu 1.000 (0.564)	
Epoch-10  Train: loss 0.3572	accu 0.8408	Eval: loss 0.9570	accu 0.5673
Train Epoch-11  Iter-0  /706	loss 0.9446 (0.9446)	accu 0.375 (0.375)	
Train Epoch-11  Iter-25 /706	loss 0.4938 (0.4402)	accu 0.750 (0.803)	
Train Epoch-11  Iter-50 /706	loss 0.2163 (0.3710)	accu 0.875 (0.846)	
Train Epoch-11  Iter-75 /706	loss 0.1471 (0.3534)	accu 0.875 (0.849)	
Train Epoch-11  Iter-100/706	loss 0.7062 (0.3592)	accu 0.875 (0.847)	
Train Epoch-11  Iter-125/706	loss 0.3451 (0.3694)	accu 0.750 (0.841)	
Train Epoch-11  Iter-150/706	loss 0.2586 (0.3670)	accu 0.875 (0.846)	
Train Epoch-11  Iter-175/706	loss 0.2575 (0.3741)	accu 0.875 (0.841)	
Train Epoch-11  Iter-200/706	loss 0.8032 (0.3822)	accu 0.500 (0.836)	
Train Epoch-11  Iter-225/706	loss 0.1974 (0.3855)	accu 1.000 (0.835)	
Train Epoch-11  Iter-250/706	loss 0.4097 (0.3934)	accu 0.875 (0.830)	
Train Epoch-11  Iter-275/706	loss 0.6447 (0.3958)	accu 0.750 (0.826)	
Train Epoch-11  Iter-300/706	loss 0.3687 (0.3950)	accu 0.750 (0.828)	
Train Epoch-11  Iter-325/706	loss 0.2294 (0.3948)	accu 0.875 (0.828)	
Train Epoch-11  Iter-350/706	loss 0.3797 (0.3936)	accu 0.875 (0.827)	
Train Epoch-11  Iter-375/706	loss 0.3960 (0.3908)	accu 0.875 (0.826)	
Train Epoch-11  Iter-400/706	loss 0.3005 (0.3876)	accu 1.000 (0.828)	
Train Epoch-11  Iter-425/706	loss 0.9279 (0.3854)	accu 0.625 (0.830)	
Train Epoch-11  Iter-450/706	loss 0.1884 (0.3848)	accu 1.000 (0.831)	
Train Epoch-11  Iter-475/706	loss 0.2286 (0.3850)	accu 1.000 (0.831)	
Train Epoch-11  Iter-500/706	loss 0.1820 (0.3828)	accu 0.875 (0.830)	
Train Epoch-11  Iter-525/706	loss 0.4680 (0.3805)	accu 0.625 (0.830)	
Train Epoch-11  Iter-550/706	loss 0.7286 (0.3795)	accu 0.875 (0.832)	
Train Epoch-11  Iter-575/706	loss 0.8574 (0.3820)	accu 0.625 (0.830)	
Train Epoch-11  Iter-600/706	loss 0.3801 (0.3799)	accu 0.625 (0.831)	
Train Epoch-11  Iter-625/706	loss 0.4148 (0.3793)	accu 0.875 (0.832)	
Train Epoch-11  Iter-650/706	loss 0.5457 (0.3756)	accu 0.625 (0.833)	
Train Epoch-11  Iter-675/706	loss 0.3385 (0.3747)	accu 0.875 (0.833)	
Train Epoch-11  Iter-700/706	loss 0.0690 (0.3728)	accu 1.000 (0.835)	
Eval Epoch-11  Iter-0  /52 	loss 0.0328 (0.0328)	accu 1.000 (1.000)	
Eval Epoch-11  Iter-25 /52 	loss 0.7376 (0.5163)	accu 0.625 (0.726)	
Eval Epoch-11  Iter-50 /52 	loss 0.1114 (0.5888)	accu 1.000 (0.760)	
Epoch-11  Train: loss 0.3729	accu 0.8346	Eval: loss 0.6187	accu 0.7548
Train Epoch-12  Iter-0  /706	loss 0.4817 (0.4817)	accu 0.625 (0.625)	
Train Epoch-12  Iter-25 /706	loss 0.2082 (0.4137)	accu 0.875 (0.803)	
Train Epoch-12  Iter-50 /706	loss 0.2906 (0.3662)	accu 0.875 (0.831)	
Train Epoch-12  Iter-75 /706	loss 0.4667 (0.3891)	accu 0.750 (0.822)	
Train Epoch-12  Iter-100/706	loss 0.2506 (0.3772)	accu 0.875 (0.829)	
Train Epoch-12  Iter-125/706	loss 0.1950 (0.3693)	accu 0.875 (0.833)	
Train Epoch-12  Iter-150/706	loss 0.3201 (0.3517)	accu 0.875 (0.844)	
Train Epoch-12  Iter-175/706	loss 0.6106 (0.3620)	accu 0.750 (0.843)	
Train Epoch-12  Iter-200/706	loss 0.3367 (0.3576)	accu 0.875 (0.845)	
Train Epoch-12  Iter-225/706	loss 0.4059 (0.3529)	accu 0.875 (0.848)	
Train Epoch-12  Iter-250/706	loss 0.2566 (0.3498)	accu 0.750 (0.848)	
Train Epoch-12  Iter-275/706	loss 0.4036 (0.3498)	accu 0.750 (0.850)	
Train Epoch-12  Iter-300/706	loss 0.2139 (0.3432)	accu 0.875 (0.850)	
Train Epoch-12  Iter-325/706	loss 0.1054 (0.3412)	accu 1.000 (0.851)	
Train Epoch-12  Iter-350/706	loss 0.1465 (0.3403)	accu 0.875 (0.850)	
Train Epoch-12  Iter-375/706	loss 0.0660 (0.3405)	accu 1.000 (0.849)	
Train Epoch-12  Iter-400/706	loss 0.7438 (0.3414)	accu 0.750 (0.849)	
Train Epoch-12  Iter-425/706	loss 0.3786 (0.3459)	accu 0.875 (0.847)	
Train Epoch-12  Iter-450/706	loss 0.3578 (0.3515)	accu 0.750 (0.845)	
Train Epoch-12  Iter-475/706	loss 0.3249 (0.3578)	accu 0.875 (0.840)	
Train Epoch-12  Iter-500/706	loss 0.4134 (0.3548)	accu 0.750 (0.841)	
Train Epoch-12  Iter-525/706	loss 0.3924 (0.3529)	accu 0.875 (0.842)	
Train Epoch-12  Iter-550/706	loss 0.9819 (0.3481)	accu 0.500 (0.846)	
Train Epoch-12  Iter-575/706	loss 0.1141 (0.3464)	accu 1.000 (0.847)	
Train Epoch-12  Iter-600/706	loss 0.6680 (0.3464)	accu 0.875 (0.847)	
Train Epoch-12  Iter-625/706	loss 0.1947 (0.3458)	accu 1.000 (0.847)	
Train Epoch-12  Iter-650/706	loss 0.6763 (0.3468)	accu 0.625 (0.847)	
Train Epoch-12  Iter-675/706	loss 0.1780 (0.3462)	accu 1.000 (0.847)	
Train Epoch-12  Iter-700/706	loss 0.6460 (0.3469)	accu 0.625 (0.847)	
Eval Epoch-12  Iter-0  /52 	loss 0.0785 (0.0785)	accu 1.000 (1.000)	
Eval Epoch-12  Iter-25 /52 	loss 0.5733 (0.4830)	accu 0.625 (0.721)	
Eval Epoch-12  Iter-50 /52 	loss 0.0908 (0.5262)	accu 1.000 (0.745)	
Epoch-12  Train: loss 0.3482	accu 0.8460	Eval: loss 0.5447	accu 0.7428
Train Epoch-13  Iter-0  /706	loss 1.1219 (1.1219)	accu 0.500 (0.500)	
Train Epoch-13  Iter-25 /706	loss 0.2749 (0.3689)	accu 0.875 (0.822)	
Train Epoch-13  Iter-50 /706	loss 0.0991 (0.3098)	accu 1.000 (0.850)	
Train Epoch-13  Iter-75 /706	loss 0.0989 (0.3306)	accu 1.000 (0.852)	
Train Epoch-13  Iter-100/706	loss 0.1608 (0.3612)	accu 1.000 (0.827)	
Train Epoch-13  Iter-125/706	loss 0.4165 (0.3526)	accu 0.875 (0.842)	
Train Epoch-13  Iter-150/706	loss 0.2661 (0.3558)	accu 0.875 (0.837)	
Train Epoch-13  Iter-175/706	loss 0.1829 (0.3569)	accu 0.875 (0.837)	
Train Epoch-13  Iter-200/706	loss 0.1010 (0.3529)	accu 1.000 (0.843)	
Train Epoch-13  Iter-225/706	loss 0.2105 (0.3428)	accu 0.875 (0.846)	
Train Epoch-13  Iter-250/706	loss 0.3739 (0.3490)	accu 0.875 (0.844)	
Train Epoch-13  Iter-275/706	loss 0.0790 (0.3469)	accu 1.000 (0.846)	
Train Epoch-13  Iter-300/706	loss 0.2734 (0.3467)	accu 0.875 (0.843)	
Train Epoch-13  Iter-325/706	loss 0.1265 (0.3405)	accu 1.000 (0.847)	
Train Epoch-13  Iter-350/706	loss 0.6637 (0.3439)	accu 0.625 (0.845)	
Train Epoch-13  Iter-375/706	loss 0.3496 (0.3441)	accu 0.875 (0.844)	
Train Epoch-13  Iter-400/706	loss 0.4554 (0.3451)	accu 0.625 (0.845)	
Train Epoch-13  Iter-425/706	loss 0.5036 (0.3405)	accu 0.875 (0.847)	
Train Epoch-13  Iter-450/706	loss 0.6622 (0.3412)	accu 0.625 (0.846)	
Train Epoch-13  Iter-475/706	loss 0.3485 (0.3390)	accu 0.750 (0.845)	
Train Epoch-13  Iter-500/706	loss 0.1481 (0.3385)	accu 1.000 (0.846)	
Train Epoch-13  Iter-525/706	loss 0.8329 (0.3342)	accu 0.750 (0.849)	
Train Epoch-13  Iter-550/706	loss 0.3581 (0.3329)	accu 0.875 (0.850)	
Train Epoch-13  Iter-575/706	loss 0.4146 (0.3357)	accu 0.750 (0.849)	
Train Epoch-13  Iter-600/706	loss 0.5365 (0.3360)	accu 0.750 (0.850)	
Train Epoch-13  Iter-625/706	loss 0.4634 (0.3363)	accu 0.750 (0.849)	
Train Epoch-13  Iter-650/706	loss 0.4736 (0.3339)	accu 0.875 (0.851)	
Train Epoch-13  Iter-675/706	loss 0.0384 (0.3308)	accu 1.000 (0.852)	
Train Epoch-13  Iter-700/706	loss 0.1946 (0.3309)	accu 0.875 (0.852)	
Eval Epoch-13  Iter-0  /52 	loss 0.0809 (0.0809)	accu 1.000 (1.000)	
Eval Epoch-13  Iter-25 /52 	loss 0.9048 (0.6856)	accu 0.500 (0.736)	
Eval Epoch-13  Iter-50 /52 	loss 0.0294 (0.5941)	accu 1.000 (0.760)	
Epoch-13  Train: loss 0.3305	accu 0.8516	Eval: loss 0.6080	accu 0.7548
Train Epoch-14  Iter-0  /706	loss 0.4087 (0.4087)	accu 0.750 (0.750)	
Train Epoch-14  Iter-25 /706	loss 0.3061 (0.2857)	accu 0.875 (0.885)	
Train Epoch-14  Iter-50 /706	loss 0.1703 (0.2860)	accu 0.875 (0.875)	
Train Epoch-14  Iter-75 /706	loss 0.1671 (0.3056)	accu 0.875 (0.868)	
Train Epoch-14  Iter-100/706	loss 0.2994 (0.3021)	accu 0.750 (0.869)	
Train Epoch-14  Iter-125/706	loss 0.2093 (0.3063)	accu 1.000 (0.872)	
Train Epoch-14  Iter-150/706	loss 0.1497 (0.2942)	accu 0.875 (0.877)	
Train Epoch-14  Iter-175/706	loss 0.1983 (0.2959)	accu 0.875 (0.877)	
Train Epoch-14  Iter-200/706	loss 0.2720 (0.2980)	accu 0.875 (0.871)	
Train Epoch-14  Iter-225/706	loss 0.1386 (0.2947)	accu 1.000 (0.873)	
Train Epoch-14  Iter-250/706	loss 0.2347 (0.2935)	accu 0.750 (0.871)	
Train Epoch-14  Iter-275/706	loss 0.5668 (0.3077)	accu 0.750 (0.864)	
Train Epoch-14  Iter-300/706	loss 0.3050 (0.3091)	accu 0.875 (0.865)	
Train Epoch-14  Iter-325/706	loss 0.4677 (0.3072)	accu 0.875 (0.867)	
Train Epoch-14  Iter-350/706	loss 0.4947 (0.3094)	accu 0.750 (0.865)	
Train Epoch-14  Iter-375/706	loss 0.1513 (0.3073)	accu 1.000 (0.868)	
Train Epoch-14  Iter-400/706	loss 0.3038 (0.3082)	accu 0.875 (0.867)	
Train Epoch-14  Iter-425/706	loss 0.1991 (0.3096)	accu 0.875 (0.867)	
Train Epoch-14  Iter-450/706	loss 0.2785 (0.3093)	accu 0.750 (0.866)	
Train Epoch-14  Iter-475/706	loss 0.4065 (0.3114)	accu 0.750 (0.865)	
Train Epoch-14  Iter-500/706	loss 0.4669 (0.3125)	accu 0.750 (0.864)	
Train Epoch-14  Iter-525/706	loss 0.1934 (0.3118)	accu 0.875 (0.863)	
Train Epoch-14  Iter-550/706	loss 0.0761 (0.3097)	accu 1.000 (0.864)	
Train Epoch-14  Iter-575/706	loss 0.3518 (0.3092)	accu 0.875 (0.864)	
Train Epoch-14  Iter-600/706	loss 0.2695 (0.3120)	accu 1.000 (0.864)	
Train Epoch-14  Iter-625/706	loss 0.2674 (0.3100)	accu 0.875 (0.865)	
Train Epoch-14  Iter-650/706	loss 0.2490 (0.3111)	accu 0.875 (0.865)	
Train Epoch-14  Iter-675/706	loss 0.1061 (0.3094)	accu 1.000 (0.866)	
Train Epoch-14  Iter-700/706	loss 0.4823 (0.3129)	accu 0.875 (0.864)	
Eval Epoch-14  Iter-0  /52 	loss 0.0724 (0.0724)	accu 1.000 (1.000)	
Eval Epoch-14  Iter-25 /52 	loss 0.6170 (0.3872)	accu 0.625 (0.793)	
Eval Epoch-14  Iter-50 /52 	loss 0.1450 (0.4900)	accu 1.000 (0.772)	
Epoch-14  Train: loss 0.3134	accu 0.8640	Eval: loss 0.5021	accu 0.7668
Epoch    15: reducing learning rate of group 0 to 3.0000e-05.
Train Epoch-15  Iter-0  /706	loss 0.2027 (0.2027)	accu 0.875 (0.875)	
Train Epoch-15  Iter-25 /706	loss 0.1754 (0.3012)	accu 0.875 (0.861)	
Train Epoch-15  Iter-50 /706	loss 0.3196 (0.3138)	accu 0.875 (0.860)	
Train Epoch-15  Iter-75 /706	loss 0.0927 (0.3106)	accu 1.000 (0.859)	
Train Epoch-15  Iter-100/706	loss 0.5561 (0.3199)	accu 0.750 (0.858)	
Train Epoch-15  Iter-125/706	loss 0.3128 (0.3040)	accu 0.875 (0.866)	
Train Epoch-15  Iter-150/706	loss 0.5597 (0.2966)	accu 0.750 (0.872)	
Train Epoch-15  Iter-175/706	loss 0.0510 (0.2955)	accu 1.000 (0.869)	
Train Epoch-15  Iter-200/706	loss 0.5978 (0.2958)	accu 0.750 (0.869)	
Train Epoch-15  Iter-225/706	loss 0.0306 (0.2913)	accu 1.000 (0.876)	
Train Epoch-15  Iter-250/706	loss 0.2010 (0.2876)	accu 0.875 (0.875)	
Train Epoch-15  Iter-275/706	loss 0.2061 (0.2925)	accu 0.875 (0.873)	
Train Epoch-15  Iter-300/706	loss 0.3140 (0.2929)	accu 1.000 (0.875)	
Train Epoch-15  Iter-325/706	loss 0.1124 (0.2971)	accu 1.000 (0.875)	
Train Epoch-15  Iter-350/706	loss 0.1273 (0.2949)	accu 1.000 (0.877)	
Train Epoch-15  Iter-375/706	loss 0.3158 (0.2964)	accu 0.875 (0.875)	
Train Epoch-15  Iter-400/706	loss 0.0542 (0.2987)	accu 1.000 (0.874)	
Train Epoch-15  Iter-425/706	loss 0.4495 (0.2975)	accu 0.750 (0.874)	
Train Epoch-15  Iter-450/706	loss 0.1988 (0.2956)	accu 0.875 (0.874)	
Train Epoch-15  Iter-475/706	loss 0.1428 (0.2951)	accu 1.000 (0.875)	
Train Epoch-15  Iter-500/706	loss 0.0941 (0.2927)	accu 1.000 (0.877)	
Train Epoch-15  Iter-525/706	loss 0.0800 (0.2889)	accu 1.000 (0.878)	
Train Epoch-15  Iter-550/706	loss 0.0707 (0.2876)	accu 1.000 (0.879)	
Train Epoch-15  Iter-575/706	loss 0.1008 (0.2843)	accu 1.000 (0.881)	
Train Epoch-15  Iter-600/706	loss 0.3019 (0.2843)	accu 0.875 (0.881)	
Train Epoch-15  Iter-625/706	loss 0.1714 (0.2835)	accu 1.000 (0.881)	
Train Epoch-15  Iter-650/706	loss 0.2401 (0.2838)	accu 0.875 (0.880)	
Train Epoch-15  Iter-675/706	loss 0.2744 (0.2840)	accu 0.875 (0.880)	
Train Epoch-15  Iter-700/706	loss 0.0734 (0.2828)	accu 1.000 (0.881)	
Eval Epoch-15  Iter-0  /52 	loss 0.0936 (0.0936)	accu 1.000 (1.000)	
Eval Epoch-15  Iter-25 /52 	loss 0.9448 (0.7358)	accu 0.625 (0.678)	
Eval Epoch-15  Iter-50 /52 	loss 0.0435 (0.6318)	accu 1.000 (0.740)	
Epoch-15  Train: loss 0.2824	accu 0.8814	Eval: loss 0.6366	accu 0.7404
Train Epoch-16  Iter-0  /706	loss 0.1212 (0.1212)	accu 1.000 (1.000)	
Train Epoch-16  Iter-25 /706	loss 0.2767 (0.2486)	accu 0.750 (0.889)	
Train Epoch-16  Iter-50 /706	loss 0.3765 (0.2436)	accu 0.750 (0.897)	
Train Epoch-16  Iter-75 /706	loss 0.2266 (0.2375)	accu 1.000 (0.908)	
Train Epoch-16  Iter-100/706	loss 0.3019 (0.2611)	accu 0.750 (0.897)	
Train Epoch-16  Iter-125/706	loss 0.1722 (0.2551)	accu 0.875 (0.895)	
Train Epoch-16  Iter-150/706	loss 0.3232 (0.2635)	accu 0.875 (0.894)	
Train Epoch-16  Iter-175/706	loss 0.5873 (0.2657)	accu 0.750 (0.893)	
Train Epoch-16  Iter-200/706	loss 0.3968 (0.2702)	accu 0.750 (0.888)	
Train Epoch-16  Iter-225/706	loss 0.6281 (0.2649)	accu 0.750 (0.890)	
Train Epoch-16  Iter-250/706	loss 0.1642 (0.2656)	accu 1.000 (0.887)	
Train Epoch-16  Iter-275/706	loss 1.0002 (0.2667)	accu 0.500 (0.887)	
Train Epoch-16  Iter-300/706	loss 0.4165 (0.2664)	accu 0.750 (0.888)	
Train Epoch-16  Iter-325/706	loss 0.0988 (0.2684)	accu 1.000 (0.887)	
Train Epoch-16  Iter-350/706	loss 0.2362 (0.2693)	accu 0.875 (0.886)	
Train Epoch-16  Iter-375/706	loss 0.1942 (0.2700)	accu 0.875 (0.883)	
Train Epoch-16  Iter-400/706	loss 0.2072 (0.2685)	accu 1.000 (0.885)	
Train Epoch-16  Iter-425/706	loss 0.3931 (0.2696)	accu 0.875 (0.884)	
Train Epoch-16  Iter-450/706	loss 0.0478 (0.2677)	accu 1.000 (0.885)	
Train Epoch-16  Iter-475/706	loss 0.7002 (0.2691)	accu 0.625 (0.884)	
Train Epoch-16  Iter-500/706	loss 0.2390 (0.2699)	accu 0.750 (0.883)	
Train Epoch-16  Iter-525/706	loss 0.0747 (0.2690)	accu 1.000 (0.884)	
Train Epoch-16  Iter-550/706	loss 0.2073 (0.2681)	accu 0.750 (0.884)	
Train Epoch-16  Iter-575/706	loss 0.0806 (0.2699)	accu 1.000 (0.883)	
Train Epoch-16  Iter-600/706	loss 0.1801 (0.2691)	accu 1.000 (0.882)	
Train Epoch-16  Iter-625/706	loss 0.2103 (0.2686)	accu 0.875 (0.883)	
Train Epoch-16  Iter-650/706	loss 0.0844 (0.2693)	accu 1.000 (0.883)	
Train Epoch-16  Iter-675/706	loss 0.1922 (0.2725)	accu 1.000 (0.882)	
Train Epoch-16  Iter-700/706	loss 0.2533 (0.2725)	accu 0.875 (0.881)	
Eval Epoch-16  Iter-0  /52 	loss 0.0971 (0.0971)	accu 1.000 (1.000)	
Eval Epoch-16  Iter-25 /52 	loss 0.9728 (0.7218)	accu 0.625 (0.683)	
Eval Epoch-16  Iter-50 /52 	loss 0.0425 (0.6231)	accu 1.000 (0.745)	
Epoch-16  Train: loss 0.2727	accu 0.8807	Eval: loss 0.6280	accu 0.7452
Train Epoch-17  Iter-0  /706	loss 0.2699 (0.2699)	accu 0.875 (0.875)	
Train Epoch-17  Iter-25 /706	loss 0.5204 (0.2805)	accu 0.750 (0.885)	
Train Epoch-17  Iter-50 /706	loss 0.5219 (0.3089)	accu 0.875 (0.865)	
Train Epoch-17  Iter-75 /706	loss 0.8419 (0.3061)	accu 0.750 (0.870)	
Train Epoch-17  Iter-100/706	loss 0.6790 (0.2999)	accu 0.625 (0.863)	
Train Epoch-17  Iter-125/706	loss 0.0776 (0.2977)	accu 1.000 (0.863)	
Train Epoch-17  Iter-150/706	loss 0.2737 (0.2855)	accu 0.750 (0.871)	
Train Epoch-17  Iter-175/706	loss 0.5321 (0.2779)	accu 0.750 (0.876)	
Train Epoch-17  Iter-200/706	loss 0.2398 (0.2774)	accu 0.875 (0.876)	
Train Epoch-17  Iter-225/706	loss 0.2162 (0.2814)	accu 1.000 (0.874)	
Train Epoch-17  Iter-250/706	loss 0.0901 (0.2854)	accu 1.000 (0.871)	
Train Epoch-17  Iter-275/706	loss 0.1137 (0.2828)	accu 1.000 (0.873)	
Train Epoch-17  Iter-300/706	loss 0.1209 (0.2795)	accu 1.000 (0.875)	
Train Epoch-17  Iter-325/706	loss 0.3704 (0.2829)	accu 0.875 (0.872)	
Train Epoch-17  Iter-350/706	loss 0.4173 (0.2833)	accu 0.875 (0.873)	
Train Epoch-17  Iter-375/706	loss 0.4182 (0.2808)	accu 0.750 (0.873)	
Train Epoch-17  Iter-400/706	loss 0.1807 (0.2795)	accu 0.875 (0.873)	
Train Epoch-17  Iter-425/706	loss 0.2810 (0.2806)	accu 0.875 (0.873)	
Train Epoch-17  Iter-450/706	loss 0.0893 (0.2798)	accu 1.000 (0.874)	
Train Epoch-17  Iter-475/706	loss 0.0671 (0.2791)	accu 1.000 (0.874)	
Train Epoch-17  Iter-500/706	loss 0.2896 (0.2768)	accu 0.875 (0.875)	
Train Epoch-17  Iter-525/706	loss 0.2721 (0.2748)	accu 0.875 (0.875)	
Train Epoch-17  Iter-550/706	loss 0.2210 (0.2759)	accu 0.875 (0.874)	
Train Epoch-17  Iter-575/706	loss 0.4439 (0.2772)	accu 0.750 (0.874)	
Train Epoch-17  Iter-600/706	loss 0.1704 (0.2750)	accu 1.000 (0.875)	
Train Epoch-17  Iter-625/706	loss 0.2005 (0.2743)	accu 0.875 (0.876)	
Train Epoch-17  Iter-650/706	loss 0.0772 (0.2736)	accu 1.000 (0.878)	
Train Epoch-17  Iter-675/706	loss 0.2486 (0.2745)	accu 0.875 (0.878)	
Train Epoch-17  Iter-700/706	loss 0.1120 (0.2731)	accu 1.000 (0.879)	
Eval Epoch-17  Iter-0  /52 	loss 0.0882 (0.0882)	accu 1.000 (1.000)	
Eval Epoch-17  Iter-25 /52 	loss 0.9533 (0.7608)	accu 0.625 (0.678)	
Eval Epoch-17  Iter-50 /52 	loss 0.0388 (0.6566)	accu 1.000 (0.740)	
Epoch-17  Train: loss 0.2729	accu 0.8791	Eval: loss 0.6624	accu 0.7380
Train Epoch-18  Iter-0  /706	loss 0.1384 (0.1384)	accu 1.000 (1.000)	
Train Epoch-18  Iter-25 /706	loss 0.4322 (0.2354)	accu 0.750 (0.894)	
Train Epoch-18  Iter-50 /706	loss 0.1722 (0.2443)	accu 0.875 (0.882)	
Train Epoch-18  Iter-75 /706	loss 0.1896 (0.2679)	accu 0.875 (0.870)	
Train Epoch-18  Iter-100/706	loss 0.2155 (0.2667)	accu 1.000 (0.874)	
Train Epoch-18  Iter-125/706	loss 0.3315 (0.2711)	accu 0.875 (0.876)	
Train Epoch-18  Iter-150/706	loss 0.3142 (0.2717)	accu 0.750 (0.875)	
Train Epoch-18  Iter-175/706	loss 0.1860 (0.2737)	accu 0.875 (0.876)	
Train Epoch-18  Iter-200/706	loss 0.1663 (0.2718)	accu 1.000 (0.879)	
Train Epoch-18  Iter-225/706	loss 0.1973 (0.2736)	accu 0.875 (0.878)	
Train Epoch-18  Iter-250/706	loss 0.1027 (0.2688)	accu 1.000 (0.883)	
Train Epoch-18  Iter-275/706	loss 0.0729 (0.2667)	accu 1.000 (0.885)	
Train Epoch-18  Iter-300/706	loss 0.1494 (0.2657)	accu 1.000 (0.888)	
Train Epoch-18  Iter-325/706	loss 0.8198 (0.2672)	accu 0.625 (0.886)	
Train Epoch-18  Iter-350/706	loss 0.1564 (0.2654)	accu 0.875 (0.887)	
Train Epoch-18  Iter-375/706	loss 0.2861 (0.2613)	accu 0.875 (0.889)	
Train Epoch-18  Iter-400/706	loss 0.1151 (0.2590)	accu 1.000 (0.890)	
Train Epoch-18  Iter-425/706	loss 0.0537 (0.2628)	accu 1.000 (0.889)	
Train Epoch-18  Iter-450/706	loss 0.0278 (0.2638)	accu 1.000 (0.887)	
Train Epoch-18  Iter-475/706	loss 0.2305 (0.2648)	accu 0.875 (0.886)	
Train Epoch-18  Iter-500/706	loss 0.1379 (0.2633)	accu 1.000 (0.887)	
Train Epoch-18  Iter-525/706	loss 0.8161 (0.2646)	accu 0.750 (0.887)	
Train Epoch-18  Iter-550/706	loss 0.8853 (0.2647)	accu 0.750 (0.887)	
Train Epoch-18  Iter-575/706	loss 0.0624 (0.2645)	accu 1.000 (0.886)	
Train Epoch-18  Iter-600/706	loss 0.1770 (0.2633)	accu 0.875 (0.886)	
Train Epoch-18  Iter-625/706	loss 0.3038 (0.2627)	accu 0.875 (0.886)	
Train Epoch-18  Iter-650/706	loss 0.3700 (0.2642)	accu 0.875 (0.886)	
Train Epoch-18  Iter-675/706	loss 0.0845 (0.2624)	accu 1.000 (0.887)	
Train Epoch-18  Iter-700/706	loss 0.3746 (0.2621)	accu 0.875 (0.887)	
Eval Epoch-18  Iter-0  /52 	loss 0.0783 (0.0783)	accu 1.000 (1.000)	
Eval Epoch-18  Iter-25 /52 	loss 0.9751 (0.7928)	accu 0.625 (0.673)	
Eval Epoch-18  Iter-50 /52 	loss 0.0319 (0.6816)	accu 1.000 (0.738)	
Epoch-18  Train: loss 0.2623	accu 0.8867	Eval: loss 0.6874	accu 0.7356
Train Epoch-19  Iter-0  /706	loss 0.1757 (0.1757)	accu 1.000 (1.000)	
Train Epoch-19  Iter-25 /706	loss 0.0873 (0.2190)	accu 1.000 (0.904)	
Train Epoch-19  Iter-50 /706	loss 0.0692 (0.2129)	accu 1.000 (0.907)	
Train Epoch-19  Iter-75 /706	loss 0.1235 (0.2340)	accu 0.875 (0.890)	
Train Epoch-19  Iter-100/706	loss 0.1401 (0.2455)	accu 1.000 (0.882)	
Train Epoch-19  Iter-125/706	loss 0.1225 (0.2425)	accu 0.875 (0.883)	
Train Epoch-19  Iter-150/706	loss 0.3787 (0.2452)	accu 0.750 (0.884)	
Train Epoch-19  Iter-175/706	loss 0.0101 (0.2405)	accu 1.000 (0.886)	
Train Epoch-19  Iter-200/706	loss 0.1347 (0.2468)	accu 1.000 (0.882)	
Train Epoch-19  Iter-225/706	loss 0.3084 (0.2468)	accu 0.750 (0.886)	
Train Epoch-19  Iter-250/706	loss 0.5427 (0.2487)	accu 0.875 (0.889)	
Train Epoch-19  Iter-275/706	loss 0.1184 (0.2530)	accu 1.000 (0.888)	
Train Epoch-19  Iter-300/706	loss 0.2025 (0.2514)	accu 0.875 (0.888)	
Train Epoch-19  Iter-325/706	loss 0.4977 (0.2506)	accu 0.750 (0.888)	
Train Epoch-19  Iter-350/706	loss 0.2689 (0.2507)	accu 0.875 (0.889)	
Train Epoch-19  Iter-375/706	loss 0.4226 (0.2466)	accu 0.750 (0.892)	
Train Epoch-19  Iter-400/706	loss 0.0166 (0.2516)	accu 1.000 (0.889)	
Train Epoch-19  Iter-425/706	loss 0.0270 (0.2536)	accu 1.000 (0.888)	
Train Epoch-19  Iter-450/706	loss 0.2194 (0.2511)	accu 0.875 (0.889)	
Train Epoch-19  Iter-475/706	loss 0.7610 (0.2511)	accu 0.750 (0.890)	
Train Epoch-19  Iter-500/706	loss 0.2237 (0.2528)	accu 0.875 (0.890)	
Train Epoch-19  Iter-525/706	loss 0.2446 (0.2552)	accu 0.875 (0.889)	
Train Epoch-19  Iter-550/706	loss 0.1554 (0.2571)	accu 0.875 (0.888)	
Train Epoch-19  Iter-575/706	loss 0.1023 (0.2564)	accu 1.000 (0.889)	
Train Epoch-19  Iter-600/706	loss 0.1194 (0.2577)	accu 0.875 (0.889)	
Train Epoch-19  Iter-625/706	loss 0.6227 (0.2576)	accu 0.750 (0.889)	
Train Epoch-19  Iter-650/706	loss 0.5174 (0.2595)	accu 0.750 (0.888)	
Train Epoch-19  Iter-675/706	loss 0.0571 (0.2583)	accu 1.000 (0.888)	
Train Epoch-19  Iter-700/706	loss 0.3984 (0.2599)	accu 0.875 (0.888)	
Eval Epoch-19  Iter-0  /52 	loss 0.0905 (0.0905)	accu 1.000 (1.000)	
Eval Epoch-19  Iter-25 /52 	loss 1.0227 (0.8134)	accu 0.625 (0.649)	
Eval Epoch-19  Iter-50 /52 	loss 0.0370 (0.6773)	accu 1.000 (0.728)	
Epoch-19  Train: loss 0.2596	accu 0.8883	Eval: loss 0.6827	accu 0.7260
Train Epoch-20  Iter-0  /706	loss 0.1297 (0.1297)	accu 0.875 (0.875)	
Train Epoch-20  Iter-25 /706	loss 0.2034 (0.2814)	accu 0.875 (0.851)	
Train Epoch-20  Iter-50 /706	loss 0.2789 (0.2579)	accu 0.875 (0.877)	
Train Epoch-20  Iter-75 /706	loss 0.1798 (0.2529)	accu 0.875 (0.885)	
Train Epoch-20  Iter-100/706	loss 0.5119 (0.2440)	accu 0.750 (0.889)	
Train Epoch-20  Iter-125/706	loss 0.6240 (0.2453)	accu 0.750 (0.889)	
Train Epoch-20  Iter-150/706	loss 0.1105 (0.2498)	accu 1.000 (0.889)	
Train Epoch-20  Iter-175/706	loss 0.7222 (0.2517)	accu 0.625 (0.888)	
Train Epoch-20  Iter-200/706	loss 0.1254 (0.2527)	accu 0.875 (0.888)	
Train Epoch-20  Iter-225/706	loss 0.3592 (0.2542)	accu 0.875 (0.887)	
Train Epoch-20  Iter-250/706	loss 0.0804 (0.2514)	accu 1.000 (0.888)	
Train Epoch-20  Iter-275/706	loss 0.0557 (0.2557)	accu 1.000 (0.885)	
Train Epoch-20  Iter-300/706	loss 0.2911 (0.2593)	accu 0.750 (0.882)	
Train Epoch-20  Iter-325/706	loss 0.1821 (0.2589)	accu 1.000 (0.885)	
Train Epoch-20  Iter-350/706	loss 0.1826 (0.2571)	accu 1.000 (0.887)	
Train Epoch-20  Iter-375/706	loss 0.3799 (0.2555)	accu 0.875 (0.889)	
Train Epoch-20  Iter-400/706	loss 0.2913 (0.2528)	accu 0.875 (0.891)	
Train Epoch-20  Iter-425/706	loss 0.1376 (0.2501)	accu 1.000 (0.892)	
Train Epoch-20  Iter-450/706	loss 0.0396 (0.2553)	accu 1.000 (0.892)	
Train Epoch-20  Iter-475/706	loss 0.0214 (0.2550)	accu 1.000 (0.891)	
Train Epoch-20  Iter-500/706	loss 0.6996 (0.2560)	accu 0.875 (0.891)	
Train Epoch-20  Iter-525/706	loss 0.1548 (0.2538)	accu 0.875 (0.892)	
Train Epoch-20  Iter-550/706	loss 0.2216 (0.2536)	accu 0.875 (0.892)	
Train Epoch-20  Iter-575/706	loss 0.1398 (0.2540)	accu 1.000 (0.892)	
Train Epoch-20  Iter-600/706	loss 0.5861 (0.2544)	accu 0.750 (0.892)	
Train Epoch-20  Iter-625/706	loss 0.1191 (0.2542)	accu 1.000 (0.892)	
Train Epoch-20  Iter-650/706	loss 0.2387 (0.2548)	accu 0.875 (0.892)	
Train Epoch-20  Iter-675/706	loss 0.6889 (0.2552)	accu 0.500 (0.891)	
Train Epoch-20  Iter-700/706	loss 0.2557 (0.2532)	accu 0.875 (0.892)	
Eval Epoch-20  Iter-0  /52 	loss 0.0908 (0.0908)	accu 1.000 (1.000)	
Eval Epoch-20  Iter-25 /52 	loss 1.0865 (0.8244)	accu 0.625 (0.659)	
Eval Epoch-20  Iter-50 /52 	loss 0.0350 (0.6866)	accu 1.000 (0.730)	
Epoch-20  Train: loss 0.2542	accu 0.8909	Eval: loss 0.6926	accu 0.7284
Epoch    21: reducing learning rate of group 0 to 3.0000e-06.
Train Epoch-21  Iter-0  /706	loss 0.2978 (0.2978)	accu 0.875 (0.875)	
Train Epoch-21  Iter-25 /706	loss 0.0324 (0.3015)	accu 1.000 (0.870)	
Train Epoch-21  Iter-50 /706	loss 0.1878 (0.2843)	accu 1.000 (0.875)	
Train Epoch-21  Iter-75 /706	loss 0.2856 (0.2664)	accu 0.875 (0.888)	
Train Epoch-21  Iter-100/706	loss 0.2980 (0.2452)	accu 0.875 (0.900)	
Train Epoch-21  Iter-125/706	loss 0.5391 (0.2485)	accu 0.750 (0.897)	
Train Epoch-21  Iter-150/706	loss 0.9114 (0.2584)	accu 0.750 (0.891)	
Train Epoch-21  Iter-175/706	loss 0.3896 (0.2645)	accu 0.750 (0.890)	
Train Epoch-21  Iter-200/706	loss 0.1664 (0.2566)	accu 1.000 (0.893)	
Train Epoch-21  Iter-225/706	loss 0.1910 (0.2586)	accu 0.875 (0.893)	
Train Epoch-21  Iter-250/706	loss 0.0773 (0.2575)	accu 1.000 (0.895)	
Train Epoch-21  Iter-275/706	loss 0.2338 (0.2606)	accu 0.875 (0.893)	
Train Epoch-21  Iter-300/706	loss 0.2651 (0.2560)	accu 0.875 (0.896)	
Train Epoch-21  Iter-325/706	loss 0.1151 (0.2514)	accu 1.000 (0.898)	
Train Epoch-21  Iter-350/706	loss 0.1381 (0.2573)	accu 1.000 (0.894)	
Train Epoch-21  Iter-375/706	loss 0.3246 (0.2535)	accu 0.750 (0.895)	
Train Epoch-21  Iter-400/706	loss 0.2958 (0.2574)	accu 0.875 (0.893)	
Train Epoch-21  Iter-425/706	loss 0.0463 (0.2565)	accu 1.000 (0.893)	
Train Epoch-21  Iter-450/706	loss 0.1112 (0.2540)	accu 1.000 (0.895)	
Train Epoch-21  Iter-475/706	loss 0.1589 (0.2556)	accu 0.875 (0.894)	
Train Epoch-21  Iter-500/706	loss 0.0711 (0.2559)	accu 1.000 (0.894)	
Train Epoch-21  Iter-525/706	loss 0.0694 (0.2551)	accu 1.000 (0.894)	
Train Epoch-21  Iter-550/706	loss 0.1150 (0.2561)	accu 1.000 (0.894)	
Train Epoch-21  Iter-575/706	loss 0.0125 (0.2556)	accu 1.000 (0.894)	
Train Epoch-21  Iter-600/706	loss 0.1755 (0.2554)	accu 0.875 (0.894)	
Train Epoch-21  Iter-625/706	loss 0.3405 (0.2549)	accu 0.875 (0.894)	
Train Epoch-21  Iter-650/706	loss 0.4623 (0.2539)	accu 0.750 (0.895)	
Train Epoch-21  Iter-675/706	loss 0.7905 (0.2534)	accu 0.625 (0.895)	
Train Epoch-21  Iter-700/706	loss 0.1702 (0.2515)	accu 1.000 (0.896)	
Eval Epoch-21  Iter-0  /52 	loss 0.0842 (0.0842)	accu 1.000 (1.000)	
Eval Epoch-21  Iter-25 /52 	loss 1.0662 (0.7973)	accu 0.625 (0.668)	
Eval Epoch-21  Iter-50 /52 	loss 0.0373 (0.6746)	accu 1.000 (0.733)	
Epoch-21  Train: loss 0.2508	accu 0.8961	Eval: loss 0.6819	accu 0.7308
Train Epoch-22  Iter-0  /706	loss 0.1897 (0.1897)	accu 1.000 (1.000)	
Train Epoch-22  Iter-25 /706	loss 0.4401 (0.2954)	accu 0.875 (0.875)	
Train Epoch-22  Iter-50 /706	loss 0.0860 (0.2968)	accu 1.000 (0.868)	
Train Epoch-22  Iter-75 /706	loss 0.2599 (0.2953)	accu 0.875 (0.865)	
Train Epoch-22  Iter-100/706	loss 0.1629 (0.2858)	accu 0.875 (0.870)	
Train Epoch-22  Iter-125/706	loss 0.1712 (0.2777)	accu 1.000 (0.870)	
Train Epoch-22  Iter-150/706	loss 0.1402 (0.2779)	accu 1.000 (0.872)	
Train Epoch-22  Iter-175/706	loss 0.0468 (0.2774)	accu 1.000 (0.876)	
Train Epoch-22  Iter-200/706	loss 0.2665 (0.2682)	accu 0.875 (0.882)	
Train Epoch-22  Iter-225/706	loss 0.0342 (0.2557)	accu 1.000 (0.889)	
Train Epoch-22  Iter-250/706	loss 0.2967 (0.2548)	accu 0.750 (0.892)	
Train Epoch-22  Iter-275/706	loss 0.4479 (0.2555)	accu 0.750 (0.892)	
Train Epoch-22  Iter-300/706	loss 0.3834 (0.2518)	accu 0.875 (0.895)	
Train Epoch-22  Iter-325/706	loss 0.0998 (0.2496)	accu 1.000 (0.895)	
Train Epoch-22  Iter-350/706	loss 0.1170 (0.2439)	accu 1.000 (0.899)	
Train Epoch-22  Iter-375/706	loss 0.5237 (0.2463)	accu 0.875 (0.899)	
Train Epoch-22  Iter-400/706	loss 0.4381 (0.2442)	accu 0.875 (0.900)	
Train Epoch-22  Iter-425/706	loss 0.5939 (0.2414)	accu 0.750 (0.901)	
Train Epoch-22  Iter-450/706	loss 0.0265 (0.2420)	accu 1.000 (0.900)	
Train Epoch-22  Iter-475/706	loss 0.2205 (0.2397)	accu 0.875 (0.901)	
Train Epoch-22  Iter-500/706	loss 0.3286 (0.2396)	accu 0.875 (0.902)	
Train Epoch-22  Iter-525/706	loss 0.3706 (0.2444)	accu 0.875 (0.900)	
Train Epoch-22  Iter-550/706	loss 0.3665 (0.2456)	accu 0.750 (0.899)	
Train Epoch-22  Iter-575/706	loss 0.2347 (0.2471)	accu 0.875 (0.899)	
Train Epoch-22  Iter-600/706	loss 0.1438 (0.2473)	accu 1.000 (0.900)	
Train Epoch-22  Iter-625/706	loss 0.8065 (0.2481)	accu 0.625 (0.900)	
Train Epoch-22  Iter-650/706	loss 0.0558 (0.2475)	accu 1.000 (0.899)	
Train Epoch-22  Iter-675/706	loss 0.2406 (0.2473)	accu 0.875 (0.899)	
Train Epoch-22  Iter-700/706	loss 0.0489 (0.2449)	accu 1.000 (0.900)	
Eval Epoch-22  Iter-0  /52 	loss 0.0874 (0.0874)	accu 1.000 (1.000)	
Eval Epoch-22  Iter-25 /52 	loss 1.0865 (0.8104)	accu 0.625 (0.668)	
Eval Epoch-22  Iter-50 /52 	loss 0.0362 (0.6824)	accu 1.000 (0.735)	
Epoch-22  Train: loss 0.2439	accu 0.9010	Eval: loss 0.6892	accu 0.7332
Train Epoch-23  Iter-0  /706	loss 0.2429 (0.2429)	accu 0.875 (0.875)	
Train Epoch-23  Iter-25 /706	loss 0.7012 (0.2158)	accu 0.500 (0.904)	
Train Epoch-23  Iter-50 /706	loss 0.0247 (0.2047)	accu 1.000 (0.919)	
Train Epoch-23  Iter-75 /706	loss 0.1516 (0.2451)	accu 1.000 (0.900)	
Train Epoch-23  Iter-100/706	loss 0.0299 (0.2612)	accu 1.000 (0.895)	
Train Epoch-23  Iter-125/706	loss 0.3230 (0.2453)	accu 0.750 (0.900)	
Train Epoch-23  Iter-150/706	loss 0.1699 (0.2471)	accu 0.875 (0.897)	
Train Epoch-23  Iter-175/706	loss 0.2530 (0.2435)	accu 0.875 (0.899)	
Train Epoch-23  Iter-200/706	loss 0.1867 (0.2492)	accu 0.875 (0.898)	
Train Epoch-23  Iter-225/706	loss 0.1605 (0.2506)	accu 0.875 (0.897)	
Train Epoch-23  Iter-250/706	loss 0.1243 (0.2460)	accu 1.000 (0.899)	
Train Epoch-23  Iter-275/706	loss 0.1338 (0.2443)	accu 1.000 (0.900)	
Train Epoch-23  Iter-300/706	loss 0.1463 (0.2444)	accu 0.875 (0.900)	
Train Epoch-23  Iter-325/706	loss 0.3560 (0.2422)	accu 0.750 (0.900)	
Train Epoch-23  Iter-350/706	loss 0.5337 (0.2413)	accu 0.625 (0.900)	
Train Epoch-23  Iter-375/706	loss 0.1627 (0.2401)	accu 1.000 (0.902)	
Train Epoch-23  Iter-400/706	loss 0.6195 (0.2477)	accu 0.750 (0.898)	
Train Epoch-23  Iter-425/706	loss 0.1429 (0.2472)	accu 0.875 (0.898)	
Train Epoch-23  Iter-450/706	loss 0.0869 (0.2441)	accu 1.000 (0.898)	
Train Epoch-23  Iter-475/706	loss 0.1128 (0.2415)	accu 1.000 (0.899)	
Train Epoch-23  Iter-500/706	loss 0.0654 (0.2443)	accu 1.000 (0.897)	
Train Epoch-23  Iter-525/706	loss 0.1320 (0.2415)	accu 0.875 (0.899)	
Train Epoch-23  Iter-550/706	loss 0.3068 (0.2403)	accu 0.875 (0.898)	
Train Epoch-23  Iter-575/706	loss 0.1143 (0.2416)	accu 1.000 (0.898)	
Train Epoch-23  Iter-600/706	loss 0.1654 (0.2414)	accu 1.000 (0.898)	
Train Epoch-23  Iter-625/706	loss 0.5319 (0.2410)	accu 0.750 (0.898)	
Train Epoch-23  Iter-650/706	loss 0.1693 (0.2422)	accu 0.875 (0.897)	
Train Epoch-23  Iter-675/706	loss 0.2810 (0.2433)	accu 0.875 (0.898)	
Train Epoch-23  Iter-700/706	loss 0.2424 (0.2438)	accu 0.750 (0.898)	
Eval Epoch-23  Iter-0  /52 	loss 0.0803 (0.0803)	accu 1.000 (1.000)	
Eval Epoch-23  Iter-25 /52 	loss 1.0997 (0.8077)	accu 0.625 (0.673)	
Eval Epoch-23  Iter-50 /52 	loss 0.0357 (0.6835)	accu 1.000 (0.735)	
Epoch-23  Train: loss 0.2431	accu 0.8980	Eval: loss 0.6907	accu 0.7332
Train Epoch-24  Iter-0  /706	loss 0.8085 (0.8085)	accu 0.625 (0.625)	
Train Epoch-24  Iter-25 /706	loss 0.1628 (0.2893)	accu 1.000 (0.885)	
Train Epoch-24  Iter-50 /706	loss 0.1938 (0.2458)	accu 0.875 (0.912)	
Train Epoch-24  Iter-75 /706	loss 0.9143 (0.2488)	accu 0.625 (0.905)	
Train Epoch-24  Iter-100/706	loss 0.1794 (0.2515)	accu 0.875 (0.896)	
Train Epoch-24  Iter-125/706	loss 0.4578 (0.2535)	accu 0.875 (0.898)	
Train Epoch-24  Iter-150/706	loss 0.5119 (0.2470)	accu 0.750 (0.904)	
Train Epoch-24  Iter-175/706	loss 0.5895 (0.2483)	accu 0.750 (0.901)	
Train Epoch-24  Iter-200/706	loss 0.3931 (0.2494)	accu 0.750 (0.900)	
Train Epoch-24  Iter-225/706	loss 0.2140 (0.2526)	accu 0.875 (0.897)	
Train Epoch-24  Iter-250/706	loss 0.3454 (0.2579)	accu 0.875 (0.895)	
Train Epoch-24  Iter-275/706	loss 0.0611 (0.2580)	accu 1.000 (0.894)	
Train Epoch-24  Iter-300/706	loss 0.2138 (0.2608)	accu 0.875 (0.891)	
Train Epoch-24  Iter-325/706	loss 0.2436 (0.2620)	accu 0.875 (0.891)	
Train Epoch-24  Iter-350/706	loss 0.1249 (0.2635)	accu 1.000 (0.890)	
Train Epoch-24  Iter-375/706	loss 0.0401 (0.2644)	accu 1.000 (0.889)	
Train Epoch-24  Iter-400/706	loss 0.3578 (0.2636)	accu 0.875 (0.888)	
Train Epoch-24  Iter-425/706	loss 0.1778 (0.2617)	accu 0.875 (0.888)	
Train Epoch-24  Iter-450/706	loss 0.1279 (0.2648)	accu 0.875 (0.886)	
Train Epoch-24  Iter-475/706	loss 0.0461 (0.2629)	accu 1.000 (0.887)	
Train Epoch-24  Iter-500/706	loss 0.4141 (0.2648)	accu 0.875 (0.885)	
Train Epoch-24  Iter-525/706	loss 0.3240 (0.2627)	accu 0.750 (0.885)	
Train Epoch-24  Iter-550/706	loss 0.7391 (0.2625)	accu 0.500 (0.884)	
Train Epoch-24  Iter-575/706	loss 0.3595 (0.2636)	accu 0.875 (0.885)	
Train Epoch-24  Iter-600/706	loss 0.1232 (0.2635)	accu 1.000 (0.886)	
Train Epoch-24  Iter-625/706	loss 0.1480 (0.2650)	accu 0.875 (0.885)	
Train Epoch-24  Iter-650/706	loss 0.3251 (0.2647)	accu 0.875 (0.885)	
Train Epoch-24  Iter-675/706	loss 0.1685 (0.2625)	accu 0.875 (0.886)	
Train Epoch-24  Iter-700/706	loss 0.1110 (0.2606)	accu 1.000 (0.887)	
Eval Epoch-24  Iter-0  /52 	loss 0.0818 (0.0818)	accu 1.000 (1.000)	
Eval Epoch-24  Iter-25 /52 	loss 1.0950 (0.8066)	accu 0.625 (0.673)	
Eval Epoch-24  Iter-50 /52 	loss 0.0370 (0.6782)	accu 1.000 (0.738)	
Epoch-24  Train: loss 0.2602	accu 0.8871	Eval: loss 0.6847	accu 0.7356
Train Epoch-25  Iter-0  /706	loss 0.6920 (0.6920)	accu 0.750 (0.750)	
Train Epoch-25  Iter-25 /706	loss 0.1622 (0.3007)	accu 1.000 (0.861)	
Train Epoch-25  Iter-50 /706	loss 0.0954 (0.2708)	accu 1.000 (0.877)	
Train Epoch-25  Iter-75 /706	loss 0.2854 (0.2647)	accu 0.875 (0.877)	
Train Epoch-25  Iter-100/706	loss 0.1989 (0.2561)	accu 0.875 (0.886)	
Train Epoch-25  Iter-125/706	loss 0.0548 (0.2618)	accu 1.000 (0.886)	
Train Epoch-25  Iter-150/706	loss 0.0421 (0.2612)	accu 1.000 (0.886)	
Train Epoch-25  Iter-175/706	loss 0.1819 (0.2559)	accu 1.000 (0.888)	
Train Epoch-25  Iter-200/706	loss 0.0464 (0.2479)	accu 1.000 (0.894)	
Train Epoch-25  Iter-225/706	loss 0.3343 (0.2467)	accu 0.875 (0.893)	
Train Epoch-25  Iter-250/706	loss 0.0872 (0.2444)	accu 1.000 (0.894)	
Train Epoch-25  Iter-275/706	loss 0.1892 (0.2437)	accu 0.875 (0.894)	
Train Epoch-25  Iter-300/706	loss 0.1114 (0.2392)	accu 1.000 (0.897)	
Train Epoch-25  Iter-325/706	loss 0.1451 (0.2448)	accu 0.875 (0.895)	
Train Epoch-25  Iter-350/706	loss 0.3348 (0.2451)	accu 0.875 (0.894)	
Train Epoch-25  Iter-375/706	loss 0.4920 (0.2450)	accu 0.625 (0.893)	
Train Epoch-25  Iter-400/706	loss 0.4561 (0.2453)	accu 0.875 (0.894)	
Train Epoch-25  Iter-425/706	loss 0.0837 (0.2477)	accu 1.000 (0.894)	
Train Epoch-25  Iter-450/706	loss 0.0792 (0.2467)	accu 1.000 (0.894)	
Train Epoch-25  Iter-475/706	loss 0.1830 (0.2504)	accu 1.000 (0.892)	
Train Epoch-25  Iter-500/706	loss 0.4061 (0.2503)	accu 0.875 (0.891)	
Train Epoch-25  Iter-525/706	loss 0.1061 (0.2540)	accu 1.000 (0.890)	
Train Epoch-25  Iter-550/706	loss 0.1383 (0.2536)	accu 1.000 (0.890)	
Train Epoch-25  Iter-575/706	loss 0.1234 (0.2521)	accu 1.000 (0.891)	
Train Epoch-25  Iter-600/706	loss 0.2576 (0.2505)	accu 0.875 (0.892)	
Train Epoch-25  Iter-625/706	loss 0.2604 (0.2508)	accu 0.875 (0.893)	
Train Epoch-25  Iter-650/706	loss 0.1682 (0.2535)	accu 0.875 (0.890)	
Train Epoch-25  Iter-675/706	loss 0.3494 (0.2554)	accu 0.875 (0.888)	
Train Epoch-25  Iter-700/706	loss 0.0957 (0.2530)	accu 1.000 (0.890)	
Eval Epoch-25  Iter-0  /52 	loss 0.0749 (0.0749)	accu 1.000 (1.000)	
Eval Epoch-25  Iter-25 /52 	loss 1.0533 (0.7651)	accu 0.625 (0.678)	
Eval Epoch-25  Iter-50 /52 	loss 0.0427 (0.6571)	accu 1.000 (0.740)	
Epoch-25  Train: loss 0.2523	accu 0.8903	Eval: loss 0.6649	accu 0.7380
Train Epoch-26  Iter-0  /706	loss 0.0696 (0.0696)	accu 1.000 (1.000)	
Train Epoch-26  Iter-25 /706	loss 0.0614 (0.2651)	accu 1.000 (0.870)	
Train Epoch-26  Iter-50 /706	loss 0.4473 (0.2506)	accu 0.750 (0.880)	
Train Epoch-26  Iter-75 /706	loss 0.3207 (0.2580)	accu 0.875 (0.882)	
Train Epoch-26  Iter-100/706	loss 0.2416 (0.2479)	accu 0.875 (0.889)	
Train Epoch-26  Iter-125/706	loss 0.0905 (0.2505)	accu 1.000 (0.888)	
Train Epoch-26  Iter-150/706	loss 0.1760 (0.2569)	accu 0.875 (0.889)	
Train Epoch-26  Iter-175/706	loss 0.2738 (0.2597)	accu 0.875 (0.885)	
Train Epoch-26  Iter-200/706	loss 0.3092 (0.2619)	accu 0.875 (0.884)	
Train Epoch-26  Iter-225/706	loss 0.2016 (0.2565)	accu 0.875 (0.886)	
Train Epoch-26  Iter-250/706	loss 0.4688 (0.2543)	accu 0.750 (0.886)	
Train Epoch-26  Iter-275/706	loss 0.2118 (0.2532)	accu 0.875 (0.887)	
Train Epoch-26  Iter-300/706	loss 0.2689 (0.2500)	accu 0.875 (0.889)	
Train Epoch-26  Iter-325/706	loss 0.0200 (0.2474)	accu 1.000 (0.890)	
Train Epoch-26  Iter-350/706	loss 0.4166 (0.2477)	accu 0.750 (0.889)	
Train Epoch-26  Iter-375/706	loss 0.0555 (0.2470)	accu 1.000 (0.889)	
Train Epoch-26  Iter-400/706	loss 0.4079 (0.2479)	accu 0.750 (0.888)	
Train Epoch-26  Iter-425/706	loss 0.0211 (0.2464)	accu 1.000 (0.888)	
Train Epoch-26  Iter-450/706	loss 0.0469 (0.2482)	accu 1.000 (0.889)	
Train Epoch-26  Iter-475/706	loss 0.0908 (0.2473)	accu 1.000 (0.888)	
Train Epoch-26  Iter-500/706	loss 0.4046 (0.2458)	accu 0.875 (0.890)	
Train Epoch-26  Iter-525/706	loss 0.1297 (0.2479)	accu 1.000 (0.890)	
Train Epoch-26  Iter-550/706	loss 0.1786 (0.2479)	accu 0.875 (0.891)	
Train Epoch-26  Iter-575/706	loss 0.2006 (0.2482)	accu 0.875 (0.891)	
Train Epoch-26  Iter-600/706	loss 0.0866 (0.2468)	accu 1.000 (0.890)	
Train Epoch-26  Iter-625/706	loss 0.6797 (0.2467)	accu 0.625 (0.890)	
Train Epoch-26  Iter-650/706	loss 0.1407 (0.2483)	accu 1.000 (0.889)	
Train Epoch-26  Iter-675/706	loss 0.0533 (0.2489)	accu 1.000 (0.889)	
Train Epoch-26  Iter-700/706	loss 0.1386 (0.2484)	accu 0.875 (0.890)	
Eval Epoch-26  Iter-0  /52 	loss 0.0812 (0.0812)	accu 1.000 (1.000)	
Eval Epoch-26  Iter-25 /52 	loss 1.1054 (0.8327)	accu 0.625 (0.673)	
Eval Epoch-26  Iter-50 /52 	loss 0.0347 (0.6941)	accu 1.000 (0.735)	
Epoch-26  Train: loss 0.2485	accu 0.8897	Eval: loss 0.7001	accu 0.7332
Epoch    27: reducing learning rate of group 0 to 3.0000e-07.
Train Epoch-27  Iter-0  /706	loss 0.0786 (0.0786)	accu 1.000 (1.000)	
Train Epoch-27  Iter-25 /706	loss 0.1806 (0.2651)	accu 1.000 (0.880)	
Train Epoch-27  Iter-50 /706	loss 0.2869 (0.2558)	accu 0.875 (0.875)	
Train Epoch-27  Iter-75 /706	loss 0.4680 (0.2549)	accu 0.750 (0.885)	
Train Epoch-27  Iter-100/706	loss 0.3530 (0.2616)	accu 0.750 (0.882)	
Train Epoch-27  Iter-125/706	loss 0.2900 (0.2540)	accu 0.750 (0.888)	
Train Epoch-27  Iter-150/706	loss 0.0270 (0.2613)	accu 1.000 (0.887)	
Train Epoch-27  Iter-175/706	loss 0.3828 (0.2575)	accu 0.750 (0.886)	
Train Epoch-27  Iter-200/706	loss 0.1885 (0.2531)	accu 0.875 (0.890)	
Train Epoch-27  Iter-225/706	loss 0.0552 (0.2444)	accu 1.000 (0.896)	
Train Epoch-27  Iter-250/706	loss 0.1838 (0.2443)	accu 0.875 (0.896)	
Train Epoch-27  Iter-275/706	loss 0.2452 (0.2476)	accu 0.750 (0.893)	
Train Epoch-27  Iter-300/706	loss 0.3593 (0.2420)	accu 0.875 (0.897)	
Train Epoch-27  Iter-325/706	loss 0.2499 (0.2413)	accu 0.875 (0.897)	
Train Epoch-27  Iter-350/706	loss 0.2190 (0.2442)	accu 0.875 (0.894)	
Train Epoch-27  Iter-375/706	loss 0.1318 (0.2412)	accu 1.000 (0.894)	
Train Epoch-27  Iter-400/706	loss 0.0990 (0.2367)	accu 1.000 (0.897)	
Train Epoch-27  Iter-425/706	loss 0.4569 (0.2379)	accu 0.875 (0.896)	
Train Epoch-27  Iter-450/706	loss 0.1115 (0.2389)	accu 1.000 (0.896)	
Train Epoch-27  Iter-475/706	loss 0.0818 (0.2412)	accu 1.000 (0.895)	
Train Epoch-27  Iter-500/706	loss 0.1688 (0.2395)	accu 1.000 (0.896)	
Train Epoch-27  Iter-525/706	loss 0.1378 (0.2413)	accu 1.000 (0.896)	
Train Epoch-27  Iter-550/706	loss 0.1791 (0.2419)	accu 1.000 (0.896)	
Train Epoch-27  Iter-575/706	loss 0.5612 (0.2448)	accu 0.750 (0.895)	
Train Epoch-27  Iter-600/706	loss 0.0668 (0.2441)	accu 1.000 (0.896)	
Train Epoch-27  Iter-625/706	loss 0.0587 (0.2435)	accu 1.000 (0.895)	
Train Epoch-27  Iter-650/706	loss 0.0863 (0.2434)	accu 1.000 (0.896)	
Train Epoch-27  Iter-675/706	loss 0.4138 (0.2448)	accu 0.750 (0.895)	
Train Epoch-27  Iter-700/706	loss 0.0700 (0.2452)	accu 1.000 (0.896)	
Eval Epoch-27  Iter-0  /52 	loss 0.0801 (0.0801)	accu 1.000 (1.000)	
Eval Epoch-27  Iter-25 /52 	loss 1.0993 (0.8248)	accu 0.625 (0.673)	
Eval Epoch-27  Iter-50 /52 	loss 0.0355 (0.6904)	accu 1.000 (0.738)	
Epoch-27  Train: loss 0.2460	accu 0.8951	Eval: loss 0.6967	accu 0.7356
Train Epoch-28  Iter-0  /706	loss 0.0159 (0.0159)	accu 1.000 (1.000)	
Train Epoch-28  Iter-25 /706	loss 0.4111 (0.2672)	accu 0.625 (0.889)	
Train Epoch-28  Iter-50 /706	loss 0.5969 (0.2587)	accu 0.875 (0.897)	
Train Epoch-28  Iter-75 /706	loss 0.1159 (0.2625)	accu 1.000 (0.891)	
Train Epoch-28  Iter-100/706	loss 0.5932 (0.2620)	accu 0.875 (0.889)	
Train Epoch-28  Iter-125/706	loss 0.0487 (0.2580)	accu 1.000 (0.892)	
Train Epoch-28  Iter-150/706	loss 0.0132 (0.2583)	accu 1.000 (0.896)	
Train Epoch-28  Iter-175/706	loss 0.1994 (0.2616)	accu 0.875 (0.894)	
Train Epoch-28  Iter-200/706	loss 0.3472 (0.2640)	accu 0.750 (0.891)	
Train Epoch-28  Iter-225/706	loss 0.0727 (0.2607)	accu 1.000 (0.892)	
Train Epoch-28  Iter-250/706	loss 0.1803 (0.2569)	accu 1.000 (0.891)	
Train Epoch-28  Iter-275/706	loss 0.4986 (0.2560)	accu 0.875 (0.890)	
Train Epoch-28  Iter-300/706	loss 0.4144 (0.2605)	accu 0.875 (0.888)	
Train Epoch-28  Iter-325/706	loss 0.1216 (0.2571)	accu 0.875 (0.889)	
Train Epoch-28  Iter-350/706	loss 0.1309 (0.2570)	accu 0.875 (0.887)	
Train Epoch-28  Iter-375/706	loss 0.0885 (0.2607)	accu 1.000 (0.887)	
Train Epoch-28  Iter-400/706	loss 0.2292 (0.2604)	accu 0.875 (0.887)	
Train Epoch-28  Iter-425/706	loss 0.5916 (0.2597)	accu 0.625 (0.886)	
Train Epoch-28  Iter-450/706	loss 0.3083 (0.2608)	accu 0.875 (0.887)	
Train Epoch-28  Iter-475/706	loss 0.2007 (0.2614)	accu 1.000 (0.887)	
Train Epoch-28  Iter-500/706	loss 0.6791 (0.2609)	accu 0.625 (0.887)	
Train Epoch-28  Iter-525/706	loss 0.0856 (0.2588)	accu 1.000 (0.889)	
Train Epoch-28  Iter-550/706	loss 0.1813 (0.2547)	accu 0.875 (0.891)	
Train Epoch-28  Iter-575/706	loss 0.3362 (0.2536)	accu 0.875 (0.891)	
Train Epoch-28  Iter-600/706	loss 0.2548 (0.2529)	accu 0.875 (0.892)	
Train Epoch-28  Iter-625/706	loss 0.1859 (0.2567)	accu 0.875 (0.891)	
Train Epoch-28  Iter-650/706	loss 0.0654 (0.2542)	accu 1.000 (0.892)	
Train Epoch-28  Iter-675/706	loss 0.1449 (0.2530)	accu 1.000 (0.893)	
Train Epoch-28  Iter-700/706	loss 0.3216 (0.2544)	accu 0.750 (0.892)	
Eval Epoch-28  Iter-0  /52 	loss 0.0798 (0.0798)	accu 1.000 (1.000)	
Eval Epoch-28  Iter-25 /52 	loss 1.0964 (0.8212)	accu 0.625 (0.673)	
Eval Epoch-28  Iter-50 /52 	loss 0.0360 (0.6885)	accu 1.000 (0.738)	
Epoch-28  Train: loss 0.2538	accu 0.8920	Eval: loss 0.6949	accu 0.7356
Train Epoch-29  Iter-0  /706	loss 0.2225 (0.2225)	accu 0.875 (0.875)	
Train Epoch-29  Iter-25 /706	loss 0.4096 (0.2062)	accu 0.875 (0.918)	
Train Epoch-29  Iter-50 /706	loss 0.0727 (0.2126)	accu 1.000 (0.907)	
Train Epoch-29  Iter-75 /706	loss 0.1348 (0.2127)	accu 0.875 (0.908)	
Train Epoch-29  Iter-100/706	loss 0.1212 (0.2259)	accu 1.000 (0.902)	
Train Epoch-29  Iter-125/706	loss 0.1944 (0.2347)	accu 0.875 (0.899)	
Train Epoch-29  Iter-150/706	loss 0.0472 (0.2355)	accu 1.000 (0.897)	
Train Epoch-29  Iter-175/706	loss 0.2816 (0.2306)	accu 0.875 (0.903)	
Train Epoch-29  Iter-200/706	loss 0.1466 (0.2293)	accu 1.000 (0.902)	
Train Epoch-29  Iter-225/706	loss 0.3765 (0.2319)	accu 0.875 (0.902)	
Train Epoch-29  Iter-250/706	loss 0.2233 (0.2398)	accu 1.000 (0.897)	
Train Epoch-29  Iter-275/706	loss 0.5390 (0.2424)	accu 0.625 (0.897)	
Train Epoch-29  Iter-300/706	loss 0.0218 (0.2440)	accu 1.000 (0.898)	
Train Epoch-29  Iter-325/706	loss 0.3067 (0.2445)	accu 0.875 (0.898)	
Train Epoch-29  Iter-350/706	loss 0.5315 (0.2447)	accu 0.750 (0.896)	
Train Epoch-29  Iter-375/706	loss 0.0786 (0.2429)	accu 1.000 (0.897)	
Train Epoch-29  Iter-400/706	loss 0.1352 (0.2492)	accu 1.000 (0.896)	
Train Epoch-29  Iter-425/706	loss 0.4596 (0.2458)	accu 0.625 (0.896)	
Train Epoch-29  Iter-450/706	loss 0.0087 (0.2505)	accu 1.000 (0.894)	
Train Epoch-29  Iter-475/706	loss 0.0398 (0.2502)	accu 1.000 (0.894)	
Train Epoch-29  Iter-500/706	loss 0.3658 (0.2514)	accu 0.750 (0.893)	
Train Epoch-29  Iter-525/706	loss 0.1834 (0.2520)	accu 0.875 (0.894)	
Train Epoch-29  Iter-550/706	loss 1.6530 (0.2529)	accu 0.500 (0.894)	
Train Epoch-29  Iter-575/706	loss 0.0286 (0.2513)	accu 1.000 (0.895)	
Train Epoch-29  Iter-600/706	loss 0.0717 (0.2507)	accu 1.000 (0.895)	
Train Epoch-29  Iter-625/706	loss 0.3875 (0.2510)	accu 0.875 (0.894)	
Train Epoch-29  Iter-650/706	loss 0.4123 (0.2524)	accu 0.875 (0.894)	
Train Epoch-29  Iter-675/706	loss 0.0520 (0.2525)	accu 1.000 (0.893)	
Train Epoch-29  Iter-700/706	loss 0.6300 (0.2525)	accu 0.750 (0.893)	
Eval Epoch-29  Iter-0  /52 	loss 0.0795 (0.0795)	accu 1.000 (1.000)	
Eval Epoch-29  Iter-25 /52 	loss 1.0945 (0.8185)	accu 0.625 (0.673)	
Eval Epoch-29  Iter-50 /52 	loss 0.0363 (0.6871)	accu 1.000 (0.738)	
Epoch-29  Train: loss 0.2520	accu 0.8929	Eval: loss 0.6936	accu 0.7356
Eval Epoch-0   Iter-0  /52 	loss 0.1101 (0.1101)	accu 1.000 (1.000)	
Eval Epoch-0   Iter-25 /52 	loss 0.7031 (0.5055)	accu 0.500 (0.745)	
Eval Epoch-0   Iter-50 /52 	loss 0.1486 (0.4774)	accu 1.000 (0.770)	
Eval: loss 0.4983	accu 0.7644
Test Epoch-0   Iter-0  /59 	loss 0.0615 (0.0615)	accu 1.000 (1.000)	
Test Epoch-0   Iter-25 /59 	loss 0.4327 (0.5480)	accu 0.750 (0.736)	
Test Epoch-0   Iter-50 /59 	loss 0.3672 (0.5096)	accu 0.875 (0.765)	
Test: loss 0.5074	accu 0.7691
wandb: Waiting for W&B process to finish... (success).
wandb: 
wandb: Run history:
wandb:   Eval Acc ▁▆▁▇▅▄▆▄██▂█▇██▇▇▇▇▇▇▇▇▇▇▇▇▇▇▇
wandb:  Eval Loss ▄▂█▂▄▄▃▄▁▁▇▂▂▂▁▃▃▃▃▃▃▃▃▃▃▃▃▃▃▃
wandb:  Train Acc ▁▄▅▅▆▆▆▆▇▇▇▇▇▇▇███████████████
wandb: Train Loss █▇▅▅▄▄▄▃▃▃▃▃▃▂▂▂▁▁▁▁▁▁▁▁▁▁▁▁▁▁
wandb: 
wandb: Run summary:
wandb:   Eval Acc 0.73558
wandb:  Eval Loss 0.69359
wandb:  Train Acc 0.89288
wandb: Train Loss 0.25203
wandb: 
wandb: 🚀 View run radiant-night-265 at: https://wandb.ai/is_project/vision_models/runs/3919m0fe
wandb: Synced 6 W&B file(s), 0 media file(s), 2 artifact file(s) and 0 other file(s)
wandb: Find logs at: ./wandb/run-20230612_181636-3919m0fe/logs
