Namespace(add_comment=True, add_description=True, add_other_comments=False, add_title=False, add_transcription=False, add_video=True, batch_size=8, clip_embeedings_path='data/CLIP_embeddings', debug=False, desc_keyphrase_extract=False, desc_token_count=512, freeze_lf_layers=23, gpu='2', lr=0.0003, max_epochs=30, max_len=512, metadata_path='data/extra_data_trans.csv', model='bert-large-cased', multitask=False, num_workers=0, other_comments_path='data/extra_data_other_comments.csv', other_comments_token_count=300, pad_metadata=True, remove_none=False, test_question_file='data/with_aug_ttv/test.csv', title_token_count=50, train_question_file='data/with_aug_ttv/train.csv', transcript_keyphrase_extract=False, transcript_token_count=300, validation_question_file='data/with_aug_ttv/eval.csv', video_path='data/videos/', work_dir='model_comment/')
wandb: Currently logged in as: shrey2809 (is_project). Use `wandb login --relogin` to force relogin
wandb: Tracking run with wandb version 0.15.4
wandb: Run data is saved locally in /scratch/AzureNfsServer_INPUT1/vc_data/users/gmanish/multiModalHate/IS-Hate-Speech/wandb/run-20230612_180846-pgea20jg
wandb: Run `wandb offline` to turn off syncing.
wandb: Syncing run pious-puddle-249
wandb: ⭐️ View project at https://wandb.ai/is_project/vision_models
wandb: 🚀 View run at https://wandb.ai/is_project/vision_models/runs/pgea20jg
number of available devices: 1
obtained dataloaders
Some weights of the model checkpoint at bert-large-cased were not used when initializing BertModel: ['cls.predictions.bias', 'cls.predictions.transform.LayerNorm.weight', 'cls.predictions.transform.LayerNorm.bias', 'cls.seq_relationship.bias', 'cls.predictions.decoder.weight', 'cls.predictions.transform.dense.bias', 'cls.seq_relationship.weight', 'cls.predictions.transform.dense.weight']
- This IS expected if you are initializing BertModel from the checkpoint of a model trained on another task or with another architecture (e.g. initializing a BertForSequenceClassification model from a BertForPreTraining model).
- This IS NOT expected if you are initializing BertModel from the checkpoint of a model that you expect to be exactly identical (initializing a BertForSequenceClassification model from a BertForSequenceClassification model).
loaded models
Train Epoch-0   Iter-0  /706	loss 0.8478 (0.8478)	accu 0.250 (0.250)	
Train Epoch-0   Iter-25 /706	loss 0.5378 (0.6964)	accu 0.625 (0.519)	
Train Epoch-0   Iter-50 /706	loss 0.6358 (0.6960)	accu 0.625 (0.537)	
Train Epoch-0   Iter-75 /706	loss 0.6680 (0.6697)	accu 0.500 (0.566)	
Train Epoch-0   Iter-100/706	loss 0.3876 (0.6505)	accu 0.875 (0.592)	
Train Epoch-0   Iter-125/706	loss 0.6635 (0.6069)	accu 0.500 (0.623)	
Train Epoch-0   Iter-150/706	loss 0.1347 (0.5778)	accu 1.000 (0.644)	
Train Epoch-0   Iter-175/706	loss 0.3986 (0.5531)	accu 0.750 (0.667)	
Train Epoch-0   Iter-200/706	loss 0.3523 (0.5266)	accu 0.875 (0.693)	
Train Epoch-0   Iter-225/706	loss 0.4116 (0.4984)	accu 0.875 (0.716)	
Train Epoch-0   Iter-250/706	loss 0.5179 (0.4755)	accu 0.875 (0.736)	
Train Epoch-0   Iter-275/706	loss 0.3575 (0.4663)	accu 0.875 (0.748)	
Train Epoch-0   Iter-300/706	loss 0.3213 (0.4557)	accu 0.875 (0.757)	
Train Epoch-0   Iter-325/706	loss 0.2698 (0.4486)	accu 0.875 (0.766)	
Train Epoch-0   Iter-350/706	loss 0.6425 (0.4413)	accu 0.750 (0.772)	
Train Epoch-0   Iter-375/706	loss 0.8521 (0.4357)	accu 0.750 (0.780)	
Train Epoch-0   Iter-400/706	loss 0.0745 (0.4243)	accu 1.000 (0.788)	
Train Epoch-0   Iter-425/706	loss 0.9966 (0.4144)	accu 0.625 (0.795)	
Train Epoch-0   Iter-450/706	loss 0.0349 (0.4069)	accu 1.000 (0.800)	
Train Epoch-0   Iter-475/706	loss 0.1043 (0.3977)	accu 0.875 (0.805)	
Train Epoch-0   Iter-500/706	loss 0.1367 (0.3947)	accu 1.000 (0.808)	
Train Epoch-0   Iter-525/706	loss 0.3157 (0.3892)	accu 0.750 (0.812)	
Train Epoch-0   Iter-550/706	loss 0.4340 (0.3844)	accu 0.750 (0.815)	
Train Epoch-0   Iter-575/706	loss 0.5710 (0.3799)	accu 0.750 (0.819)	
Train Epoch-0   Iter-600/706	loss 0.0631 (0.3749)	accu 1.000 (0.820)	
Train Epoch-0   Iter-625/706	loss 0.3788 (0.3713)	accu 0.875 (0.821)	
Train Epoch-0   Iter-650/706	loss 0.0720 (0.3649)	accu 1.000 (0.825)	
Train Epoch-0   Iter-675/706	loss 0.1910 (0.3609)	accu 0.875 (0.828)	
Train Epoch-0   Iter-700/706	loss 0.2370 (0.3608)	accu 0.875 (0.830)	
Eval Epoch-0   Iter-0  /52 	loss 1.2868 (1.2868)	accu 0.500 (0.500)	
Eval Epoch-0   Iter-25 /52 	loss 0.4110 (0.7242)	accu 0.875 (0.683)	
Eval Epoch-0   Iter-50 /52 	loss 0.3329 (0.5884)	accu 0.875 (0.743)	
Epoch-0   Train: loss 0.3605	accu 0.8301	Eval: loss 0.5795	accu 0.7476
Train Epoch-1   Iter-0  /706	loss 0.0385 (0.0385)	accu 1.000 (1.000)	
Train Epoch-1   Iter-25 /706	loss 0.1028 (0.2027)	accu 1.000 (0.913)	
Train Epoch-1   Iter-50 /706	loss 0.2877 (0.2729)	accu 0.875 (0.887)	
Train Epoch-1   Iter-75 /706	loss 0.0142 (0.2727)	accu 1.000 (0.887)	
Train Epoch-1   Iter-100/706	loss 0.1512 (0.2864)	accu 1.000 (0.880)	
Train Epoch-1   Iter-125/706	loss 0.5896 (0.2843)	accu 0.750 (0.881)	
Train Epoch-1   Iter-150/706	loss 0.6355 (0.2725)	accu 0.750 (0.885)	
Train Epoch-1   Iter-175/706	loss 0.0145 (0.2643)	accu 1.000 (0.889)	
Train Epoch-1   Iter-200/706	loss 0.5153 (0.2538)	accu 0.750 (0.894)	
Train Epoch-1   Iter-225/706	loss 0.1796 (0.2534)	accu 0.875 (0.895)	
Train Epoch-1   Iter-250/706	loss 0.0239 (0.2451)	accu 1.000 (0.899)	
Train Epoch-1   Iter-275/706	loss 0.1041 (0.2432)	accu 1.000 (0.900)	
Train Epoch-1   Iter-300/706	loss 0.4171 (0.2331)	accu 0.875 (0.904)	
Train Epoch-1   Iter-325/706	loss 0.0186 (0.2286)	accu 1.000 (0.907)	
Train Epoch-1   Iter-350/706	loss 0.0902 (0.2298)	accu 1.000 (0.905)	
Train Epoch-1   Iter-375/706	loss 0.5024 (0.2243)	accu 0.625 (0.907)	
Train Epoch-1   Iter-400/706	loss 0.1246 (0.2190)	accu 0.875 (0.908)	
Train Epoch-1   Iter-425/706	loss 0.0342 (0.2170)	accu 1.000 (0.910)	
Train Epoch-1   Iter-450/706	loss 0.5935 (0.2168)	accu 0.875 (0.911)	
Train Epoch-1   Iter-475/706	loss 0.1221 (0.2166)	accu 1.000 (0.912)	
Train Epoch-1   Iter-500/706	loss 0.2385 (0.2138)	accu 0.875 (0.913)	
Train Epoch-1   Iter-525/706	loss 1.1543 (0.2135)	accu 0.750 (0.914)	
Train Epoch-1   Iter-550/706	loss 0.0384 (0.2136)	accu 1.000 (0.915)	
Train Epoch-1   Iter-575/706	loss 0.1470 (0.2093)	accu 0.875 (0.916)	
Train Epoch-1   Iter-600/706	loss 0.1118 (0.2061)	accu 0.875 (0.918)	
Train Epoch-1   Iter-625/706	loss 0.1371 (0.2053)	accu 0.875 (0.918)	
Train Epoch-1   Iter-650/706	loss 0.5340 (0.2046)	accu 0.750 (0.919)	
Train Epoch-1   Iter-675/706	loss 0.0460 (0.2017)	accu 1.000 (0.920)	
Train Epoch-1   Iter-700/706	loss 0.0214 (0.1993)	accu 1.000 (0.922)	
Eval Epoch-1   Iter-0  /52 	loss 0.6483 (0.6483)	accu 0.625 (0.625)	
Eval Epoch-1   Iter-25 /52 	loss 0.0036 (0.2911)	accu 1.000 (0.861)	
Eval Epoch-1   Iter-50 /52 	loss 1.4301 (0.5786)	accu 0.625 (0.806)	
Epoch-1   Train: loss 0.1983	accu 0.9221	Eval: loss 0.5714	accu 0.8101
Train Epoch-2   Iter-0  /706	loss 0.5996 (0.5996)	accu 0.750 (0.750)	
Train Epoch-2   Iter-25 /706	loss 0.1188 (0.2594)	accu 1.000 (0.918)	
Train Epoch-2   Iter-50 /706	loss 0.0190 (0.2097)	accu 1.000 (0.922)	
Train Epoch-2   Iter-75 /706	loss 0.1350 (0.2065)	accu 1.000 (0.923)	
Train Epoch-2   Iter-100/706	loss 0.0899 (0.1836)	accu 1.000 (0.937)	
Train Epoch-2   Iter-125/706	loss 0.0240 (0.1813)	accu 1.000 (0.936)	
Train Epoch-2   Iter-150/706	loss 0.9354 (0.1900)	accu 0.750 (0.935)	
Train Epoch-2   Iter-175/706	loss 0.1947 (0.1823)	accu 0.875 (0.938)	
Train Epoch-2   Iter-200/706	loss 0.0410 (0.1690)	accu 1.000 (0.942)	
Train Epoch-2   Iter-225/706	loss 0.5150 (0.1811)	accu 0.750 (0.938)	
Train Epoch-2   Iter-250/706	loss 0.0217 (0.1829)	accu 1.000 (0.938)	
Train Epoch-2   Iter-275/706	loss 0.1569 (0.1918)	accu 0.875 (0.935)	
Train Epoch-2   Iter-300/706	loss 0.2719 (0.1926)	accu 0.875 (0.934)	
Train Epoch-2   Iter-325/706	loss 0.1007 (0.1926)	accu 1.000 (0.934)	
Train Epoch-2   Iter-350/706	loss 0.3944 (0.1902)	accu 0.750 (0.935)	
Train Epoch-2   Iter-375/706	loss 0.1092 (0.1876)	accu 0.875 (0.934)	
Train Epoch-2   Iter-400/706	loss 0.0102 (0.1879)	accu 1.000 (0.935)	
Train Epoch-2   Iter-425/706	loss 0.0523 (0.1890)	accu 1.000 (0.934)	
Train Epoch-2   Iter-450/706	loss 0.8842 (0.1911)	accu 0.625 (0.933)	
Train Epoch-2   Iter-475/706	loss 0.0214 (0.1869)	accu 1.000 (0.935)	
Train Epoch-2   Iter-500/706	loss 0.7950 (0.1853)	accu 0.750 (0.936)	
Train Epoch-2   Iter-525/706	loss 0.0694 (0.1845)	accu 1.000 (0.936)	
Train Epoch-2   Iter-550/706	loss 0.0058 (0.1795)	accu 1.000 (0.938)	
Train Epoch-2   Iter-575/706	loss 0.1878 (0.1760)	accu 0.875 (0.939)	
Train Epoch-2   Iter-600/706	loss 0.0157 (0.1733)	accu 1.000 (0.940)	
Train Epoch-2   Iter-625/706	loss 0.0254 (0.1729)	accu 1.000 (0.941)	
Train Epoch-2   Iter-650/706	loss 0.0297 (0.1720)	accu 1.000 (0.941)	
Train Epoch-2   Iter-675/706	loss 0.0119 (0.1716)	accu 1.000 (0.941)	
Train Epoch-2   Iter-700/706	loss 0.4181 (0.1729)	accu 0.750 (0.940)	
Eval Epoch-2   Iter-0  /52 	loss 1.7535 (1.7535)	accu 0.375 (0.375)	
Eval Epoch-2   Iter-25 /52 	loss 0.3086 (1.0845)	accu 0.875 (0.591)	
Eval Epoch-2   Iter-50 /52 	loss 0.4264 (0.8308)	accu 0.750 (0.689)	
Epoch-2   Train: loss 0.1738	accu 0.9400	Eval: loss 0.8171	accu 0.6947
Train Epoch-3   Iter-0  /706	loss 0.0414 (0.0414)	accu 1.000 (1.000)	
Train Epoch-3   Iter-25 /706	loss 0.0852 (0.1719)	accu 1.000 (0.942)	
Train Epoch-3   Iter-50 /706	loss 0.4452 (0.1764)	accu 0.875 (0.936)	
Train Epoch-3   Iter-75 /706	loss 0.2359 (0.1864)	accu 0.875 (0.933)	
Train Epoch-3   Iter-100/706	loss 0.0520 (0.1735)	accu 1.000 (0.941)	
Train Epoch-3   Iter-125/706	loss 0.0163 (0.1701)	accu 1.000 (0.939)	
Train Epoch-3   Iter-150/706	loss 0.0145 (0.1675)	accu 1.000 (0.942)	
Train Epoch-3   Iter-175/706	loss 0.3555 (0.1660)	accu 0.750 (0.940)	
Train Epoch-3   Iter-200/706	loss 0.5088 (0.1672)	accu 0.750 (0.940)	
Train Epoch-3   Iter-225/706	loss 0.1146 (0.1608)	accu 0.875 (0.944)	
Train Epoch-3   Iter-250/706	loss 0.0958 (0.1536)	accu 1.000 (0.947)	
Train Epoch-3   Iter-275/706	loss 0.0076 (0.1473)	accu 1.000 (0.948)	
Train Epoch-3   Iter-300/706	loss 0.2236 (0.1458)	accu 0.875 (0.948)	
Train Epoch-3   Iter-325/706	loss 0.0116 (0.1482)	accu 1.000 (0.947)	
Train Epoch-3   Iter-350/706	loss 0.0376 (0.1477)	accu 1.000 (0.947)	
Train Epoch-3   Iter-375/706	loss 0.0086 (0.1429)	accu 1.000 (0.948)	
Train Epoch-3   Iter-400/706	loss 0.0067 (0.1437)	accu 1.000 (0.949)	
Train Epoch-3   Iter-425/706	loss 0.0719 (0.1435)	accu 1.000 (0.949)	
Train Epoch-3   Iter-450/706	loss 0.6388 (0.1416)	accu 0.875 (0.950)	
Train Epoch-3   Iter-475/706	loss 0.0979 (0.1387)	accu 1.000 (0.951)	
Train Epoch-3   Iter-500/706	loss 0.0108 (0.1371)	accu 1.000 (0.951)	
Train Epoch-3   Iter-525/706	loss 0.2548 (0.1369)	accu 0.875 (0.951)	
Train Epoch-3   Iter-550/706	loss 0.0257 (0.1354)	accu 1.000 (0.952)	
Train Epoch-3   Iter-575/706	loss 0.0198 (0.1347)	accu 1.000 (0.952)	
Train Epoch-3   Iter-600/706	loss 0.0111 (0.1333)	accu 1.000 (0.953)	
Train Epoch-3   Iter-625/706	loss 0.0122 (0.1332)	accu 1.000 (0.953)	
Train Epoch-3   Iter-650/706	loss 0.0184 (0.1326)	accu 1.000 (0.953)	
Train Epoch-3   Iter-675/706	loss 0.2270 (0.1343)	accu 0.875 (0.953)	
Train Epoch-3   Iter-700/706	loss 0.0495 (0.1329)	accu 1.000 (0.953)	
Eval Epoch-3   Iter-0  /52 	loss 1.1197 (1.1197)	accu 0.625 (0.625)	
Eval Epoch-3   Iter-25 /52 	loss 0.4003 (0.8401)	accu 0.875 (0.716)	
Eval Epoch-3   Iter-50 /52 	loss 0.6584 (0.8433)	accu 0.750 (0.740)	
Epoch-3   Train: loss 0.1328	accu 0.9533	Eval: loss 0.8290	accu 0.7452
Train Epoch-4   Iter-0  /706	loss 0.0053 (0.0053)	accu 1.000 (1.000)	
Train Epoch-4   Iter-25 /706	loss 0.0065 (0.0781)	accu 1.000 (0.971)	
Train Epoch-4   Iter-50 /706	loss 0.3252 (0.0871)	accu 0.875 (0.968)	
Train Epoch-4   Iter-75 /706	loss 0.0485 (0.1200)	accu 1.000 (0.954)	
Train Epoch-4   Iter-100/706	loss 0.0604 (0.1330)	accu 1.000 (0.954)	
Train Epoch-4   Iter-125/706	loss 0.0713 (0.1409)	accu 1.000 (0.949)	
Train Epoch-4   Iter-150/706	loss 0.2639 (0.1411)	accu 0.875 (0.950)	
Train Epoch-4   Iter-175/706	loss 0.0062 (0.1342)	accu 1.000 (0.952)	
Train Epoch-4   Iter-200/706	loss 0.6284 (0.1422)	accu 0.875 (0.951)	
Train Epoch-4   Iter-225/706	loss 0.0311 (0.1483)	accu 1.000 (0.950)	
Train Epoch-4   Iter-250/706	loss 0.0109 (0.1413)	accu 1.000 (0.954)	
Train Epoch-4   Iter-275/706	loss 0.0179 (0.1394)	accu 1.000 (0.954)	
Train Epoch-4   Iter-300/706	loss 0.3065 (0.1420)	accu 0.875 (0.953)	
Train Epoch-4   Iter-325/706	loss 0.5283 (0.1397)	accu 0.875 (0.953)	
Train Epoch-4   Iter-350/706	loss 0.0489 (0.1389)	accu 1.000 (0.953)	
Train Epoch-4   Iter-375/706	loss 0.0930 (0.1414)	accu 1.000 (0.952)	
Train Epoch-4   Iter-400/706	loss 0.0214 (0.1378)	accu 1.000 (0.954)	
Train Epoch-4   Iter-425/706	loss 0.0232 (0.1373)	accu 1.000 (0.954)	
Train Epoch-4   Iter-450/706	loss 0.0781 (0.1392)	accu 1.000 (0.953)	
Train Epoch-4   Iter-475/706	loss 0.1778 (0.1417)	accu 0.875 (0.950)	
Train Epoch-4   Iter-500/706	loss 0.2501 (0.1409)	accu 0.875 (0.951)	
Train Epoch-4   Iter-525/706	loss 0.0050 (0.1383)	accu 1.000 (0.952)	
Train Epoch-4   Iter-550/706	loss 0.0214 (0.1376)	accu 1.000 (0.952)	
Train Epoch-4   Iter-575/706	loss 0.0980 (0.1405)	accu 1.000 (0.951)	
Train Epoch-4   Iter-600/706	loss 0.1190 (0.1401)	accu 0.875 (0.952)	
Train Epoch-4   Iter-625/706	loss 0.2660 (0.1419)	accu 0.875 (0.951)	
Train Epoch-4   Iter-650/706	loss 0.0193 (0.1417)	accu 1.000 (0.951)	
Train Epoch-4   Iter-675/706	loss 0.0082 (0.1396)	accu 1.000 (0.952)	
Train Epoch-4   Iter-700/706	loss 0.0291 (0.1391)	accu 1.000 (0.952)	
Eval Epoch-4   Iter-0  /52 	loss 1.7181 (1.7181)	accu 0.375 (0.375)	
Eval Epoch-4   Iter-25 /52 	loss 0.8654 (0.8888)	accu 0.750 (0.702)	
Eval Epoch-4   Iter-50 /52 	loss 1.4945 (0.8614)	accu 0.500 (0.728)	
Epoch-4   Train: loss 0.1391	accu 0.9524	Eval: loss 0.8569	accu 0.7260
Train Epoch-5   Iter-0  /706	loss 0.5417 (0.5417)	accu 0.875 (0.875)	
Train Epoch-5   Iter-25 /706	loss 0.2548 (0.1457)	accu 0.875 (0.952)	
Train Epoch-5   Iter-50 /706	loss 0.0785 (0.1442)	accu 1.000 (0.949)	
Train Epoch-5   Iter-75 /706	loss 0.0215 (0.1135)	accu 1.000 (0.962)	
Train Epoch-5   Iter-100/706	loss 0.0117 (0.1238)	accu 1.000 (0.962)	
Train Epoch-5   Iter-125/706	loss 0.1049 (0.1269)	accu 1.000 (0.963)	
Train Epoch-5   Iter-150/706	loss 0.1439 (0.1175)	accu 0.875 (0.964)	
Train Epoch-5   Iter-175/706	loss 0.0248 (0.1090)	accu 1.000 (0.968)	
Train Epoch-5   Iter-200/706	loss 0.0023 (0.1134)	accu 1.000 (0.965)	
Train Epoch-5   Iter-225/706	loss 0.4362 (0.1131)	accu 0.750 (0.962)	
Train Epoch-5   Iter-250/706	loss 0.0055 (0.1144)	accu 1.000 (0.962)	
Train Epoch-5   Iter-275/706	loss 0.1790 (0.1189)	accu 0.875 (0.959)	
Train Epoch-5   Iter-300/706	loss 0.0144 (0.1178)	accu 1.000 (0.960)	
Train Epoch-5   Iter-325/706	loss 0.0878 (0.1180)	accu 1.000 (0.959)	
Train Epoch-5   Iter-350/706	loss 0.0608 (0.1132)	accu 1.000 (0.962)	
Train Epoch-5   Iter-375/706	loss 0.4254 (0.1162)	accu 0.875 (0.961)	
Train Epoch-5   Iter-400/706	loss 0.4082 (0.1188)	accu 0.875 (0.959)	
Train Epoch-5   Iter-425/706	loss 0.0421 (0.1188)	accu 1.000 (0.959)	
Train Epoch-5   Iter-450/706	loss 0.1441 (0.1240)	accu 1.000 (0.956)	
Train Epoch-5   Iter-475/706	loss 0.1537 (0.1264)	accu 0.875 (0.955)	
Train Epoch-5   Iter-500/706	loss 0.0644 (0.1256)	accu 1.000 (0.955)	
Train Epoch-5   Iter-525/706	loss 0.0173 (0.1237)	accu 1.000 (0.956)	
Train Epoch-5   Iter-550/706	loss 0.0114 (0.1230)	accu 1.000 (0.956)	
Train Epoch-5   Iter-575/706	loss 0.0186 (0.1263)	accu 1.000 (0.955)	
Train Epoch-5   Iter-600/706	loss 0.0673 (0.1298)	accu 1.000 (0.954)	
Train Epoch-5   Iter-625/706	loss 0.0436 (0.1288)	accu 1.000 (0.954)	
Train Epoch-5   Iter-650/706	loss 0.0087 (0.1268)	accu 1.000 (0.955)	
Train Epoch-5   Iter-675/706	loss 0.6361 (0.1265)	accu 0.875 (0.956)	
Train Epoch-5   Iter-700/706	loss 1.0267 (0.1324)	accu 0.500 (0.954)	
Eval Epoch-5   Iter-0  /52 	loss 0.6880 (0.6880)	accu 0.500 (0.500)	
Eval Epoch-5   Iter-25 /52 	loss 0.0886 (0.4974)	accu 1.000 (0.745)	
Eval Epoch-5   Iter-50 /52 	loss 1.5171 (0.6064)	accu 0.500 (0.755)	
Epoch-5   Train: loss 0.1326	accu 0.9540	Eval: loss 0.6003	accu 0.7596
Train Epoch-6   Iter-0  /706	loss 0.0401 (0.0401)	accu 1.000 (1.000)	
Train Epoch-6   Iter-25 /706	loss 0.2395 (0.1367)	accu 0.875 (0.938)	
Train Epoch-6   Iter-50 /706	loss 0.0971 (0.1290)	accu 1.000 (0.951)	
Train Epoch-6   Iter-75 /706	loss 0.0054 (0.1109)	accu 1.000 (0.956)	
Train Epoch-6   Iter-100/706	loss 0.0426 (0.1367)	accu 1.000 (0.952)	
Train Epoch-6   Iter-125/706	loss 0.5216 (0.1502)	accu 0.875 (0.945)	
Train Epoch-6   Iter-150/706	loss 0.3123 (0.1443)	accu 0.875 (0.948)	
Train Epoch-6   Iter-175/706	loss 0.6104 (0.1388)	accu 0.750 (0.948)	
Train Epoch-6   Iter-200/706	loss 0.2437 (0.1348)	accu 0.875 (0.950)	
Train Epoch-6   Iter-225/706	loss 0.3170 (0.1305)	accu 0.875 (0.951)	
Train Epoch-6   Iter-250/706	loss 0.0091 (0.1290)	accu 1.000 (0.952)	
Train Epoch-6   Iter-275/706	loss 0.1908 (0.1235)	accu 1.000 (0.954)	
Train Epoch-6   Iter-300/706	loss 0.0047 (0.1215)	accu 1.000 (0.954)	
Train Epoch-6   Iter-325/706	loss 0.0098 (0.1189)	accu 1.000 (0.957)	
Train Epoch-6   Iter-350/706	loss 0.0382 (0.1176)	accu 1.000 (0.957)	
Train Epoch-6   Iter-375/706	loss 0.0513 (0.1193)	accu 1.000 (0.958)	
Train Epoch-6   Iter-400/706	loss 0.0140 (0.1176)	accu 1.000 (0.959)	
Train Epoch-6   Iter-425/706	loss 0.0159 (0.1196)	accu 1.000 (0.959)	
Train Epoch-6   Iter-450/706	loss 0.0106 (0.1164)	accu 1.000 (0.959)	
Train Epoch-6   Iter-475/706	loss 0.0136 (0.1177)	accu 1.000 (0.960)	
Train Epoch-6   Iter-500/706	loss 0.2902 (0.1185)	accu 0.750 (0.959)	
Train Epoch-6   Iter-525/706	loss 0.1188 (0.1193)	accu 1.000 (0.959)	
Train Epoch-6   Iter-550/706	loss 0.0305 (0.1173)	accu 1.000 (0.960)	
Train Epoch-6   Iter-575/706	loss 0.0045 (0.1154)	accu 1.000 (0.960)	
Train Epoch-6   Iter-600/706	loss 0.0030 (0.1139)	accu 1.000 (0.960)	
Train Epoch-6   Iter-625/706	loss 0.0427 (0.1141)	accu 1.000 (0.961)	
Train Epoch-6   Iter-650/706	loss 0.0168 (0.1144)	accu 1.000 (0.960)	
Train Epoch-6   Iter-675/706	loss 0.0086 (0.1134)	accu 1.000 (0.961)	
Train Epoch-6   Iter-700/706	loss 0.4841 (0.1163)	accu 0.875 (0.960)	
Eval Epoch-6   Iter-0  /52 	loss 2.0424 (2.0424)	accu 0.250 (0.250)	
Eval Epoch-6   Iter-25 /52 	loss 1.3428 (1.4793)	accu 0.625 (0.447)	
Eval Epoch-6   Iter-50 /52 	loss 0.3271 (1.0613)	accu 0.750 (0.598)	
Epoch-6   Train: loss 0.1160	accu 0.9602	Eval: loss 1.0415	accu 0.6058
Train Epoch-7   Iter-0  /706	loss 0.0837 (0.0837)	accu 1.000 (1.000)	
Train Epoch-7   Iter-25 /706	loss 0.0241 (0.1584)	accu 1.000 (0.942)	
Train Epoch-7   Iter-50 /706	loss 0.2145 (0.1714)	accu 0.875 (0.931)	
Train Epoch-7   Iter-75 /706	loss 0.0107 (0.1433)	accu 1.000 (0.947)	
Train Epoch-7   Iter-100/706	loss 0.0270 (0.1304)	accu 1.000 (0.953)	
Train Epoch-7   Iter-125/706	loss 0.0163 (0.1310)	accu 1.000 (0.951)	
Train Epoch-7   Iter-150/706	loss 0.0562 (0.1215)	accu 1.000 (0.954)	
Train Epoch-7   Iter-175/706	loss 0.0076 (0.1210)	accu 1.000 (0.955)	
Train Epoch-7   Iter-200/706	loss 0.0437 (0.1190)	accu 1.000 (0.956)	
Train Epoch-7   Iter-225/706	loss 0.4382 (0.1254)	accu 0.875 (0.956)	
Train Epoch-7   Iter-250/706	loss 0.3495 (0.1263)	accu 0.875 (0.956)	
Train Epoch-7   Iter-275/706	loss 0.0230 (0.1241)	accu 1.000 (0.956)	
Train Epoch-7   Iter-300/706	loss 0.3289 (0.1279)	accu 0.875 (0.955)	
Train Epoch-7   Iter-325/706	loss 0.0571 (0.1283)	accu 1.000 (0.954)	
Train Epoch-7   Iter-350/706	loss 0.0368 (0.1264)	accu 1.000 (0.954)	
Train Epoch-7   Iter-375/706	loss 0.0072 (0.1234)	accu 1.000 (0.956)	
Train Epoch-7   Iter-400/706	loss 0.0026 (0.1233)	accu 1.000 (0.956)	
Train Epoch-7   Iter-425/706	loss 0.0020 (0.1217)	accu 1.000 (0.957)	
Train Epoch-7   Iter-450/706	loss 0.0215 (0.1200)	accu 1.000 (0.958)	
Train Epoch-7   Iter-475/706	loss 0.1281 (0.1167)	accu 0.875 (0.959)	
Train Epoch-7   Iter-500/706	loss 0.4939 (0.1160)	accu 0.875 (0.959)	
Train Epoch-7   Iter-525/706	loss 0.0381 (0.1146)	accu 1.000 (0.960)	
Train Epoch-7   Iter-550/706	loss 0.0885 (0.1141)	accu 1.000 (0.960)	
Train Epoch-7   Iter-575/706	loss 0.0042 (0.1131)	accu 1.000 (0.960)	
Train Epoch-7   Iter-600/706	loss 0.1237 (0.1129)	accu 1.000 (0.961)	
Train Epoch-7   Iter-625/706	loss 0.0736 (0.1149)	accu 1.000 (0.960)	
Train Epoch-7   Iter-650/706	loss 0.0793 (0.1138)	accu 1.000 (0.961)	
Train Epoch-7   Iter-675/706	loss 0.0131 (0.1132)	accu 1.000 (0.961)	
Train Epoch-7   Iter-700/706	loss 0.0730 (0.1149)	accu 1.000 (0.960)	
Eval Epoch-7   Iter-0  /52 	loss 0.9862 (0.9862)	accu 0.500 (0.500)	
Eval Epoch-7   Iter-25 /52 	loss 0.1045 (0.8353)	accu 1.000 (0.659)	
Eval Epoch-7   Iter-50 /52 	loss 0.8692 (0.8185)	accu 0.500 (0.691)	
Epoch-7   Train: loss 0.1145	accu 0.9605	Eval: loss 0.8073	accu 0.6923
Epoch     8: reducing learning rate of group 0 to 3.0000e-05.
Train Epoch-8   Iter-0  /706	loss 0.0616 (0.0616)	accu 1.000 (1.000)	
Train Epoch-8   Iter-25 /706	loss 0.0201 (0.0546)	accu 1.000 (0.995)	
Train Epoch-8   Iter-50 /706	loss 0.4318 (0.0607)	accu 0.875 (0.990)	
Train Epoch-8   Iter-75 /706	loss 0.0186 (0.0551)	accu 1.000 (0.992)	
Train Epoch-8   Iter-100/706	loss 0.0162 (0.0705)	accu 1.000 (0.984)	
Train Epoch-8   Iter-125/706	loss 0.0889 (0.0809)	accu 1.000 (0.978)	
Train Epoch-8   Iter-150/706	loss 0.0097 (0.0784)	accu 1.000 (0.977)	
Train Epoch-8   Iter-175/706	loss 0.3112 (0.0818)	accu 0.875 (0.974)	
Train Epoch-8   Iter-200/706	loss 0.0422 (0.0846)	accu 1.000 (0.972)	
Train Epoch-8   Iter-225/706	loss 0.0185 (0.0845)	accu 1.000 (0.973)	
Train Epoch-8   Iter-250/706	loss 0.1525 (0.0852)	accu 1.000 (0.973)	
Train Epoch-8   Iter-275/706	loss 0.0163 (0.0833)	accu 1.000 (0.973)	
Train Epoch-8   Iter-300/706	loss 0.0067 (0.0885)	accu 1.000 (0.971)	
Train Epoch-8   Iter-325/706	loss 0.3613 (0.0888)	accu 0.875 (0.971)	
Train Epoch-8   Iter-350/706	loss 0.2522 (0.0873)	accu 0.875 (0.970)	
Train Epoch-8   Iter-375/706	loss 0.0824 (0.0853)	accu 1.000 (0.971)	
Train Epoch-8   Iter-400/706	loss 0.0151 (0.0869)	accu 1.000 (0.971)	
Train Epoch-8   Iter-425/706	loss 0.0457 (0.0865)	accu 1.000 (0.970)	
Train Epoch-8   Iter-450/706	loss 0.0146 (0.0872)	accu 1.000 (0.970)	
Train Epoch-8   Iter-475/706	loss 0.0061 (0.0889)	accu 1.000 (0.968)	
Train Epoch-8   Iter-500/706	loss 0.5774 (0.0878)	accu 0.750 (0.969)	
Train Epoch-8   Iter-525/706	loss 0.0186 (0.0869)	accu 1.000 (0.969)	
Train Epoch-8   Iter-550/706	loss 0.0704 (0.0866)	accu 1.000 (0.970)	
Train Epoch-8   Iter-575/706	loss 0.0113 (0.0875)	accu 1.000 (0.970)	
Train Epoch-8   Iter-600/706	loss 0.0116 (0.0860)	accu 1.000 (0.970)	
Train Epoch-8   Iter-625/706	loss 0.0216 (0.0865)	accu 1.000 (0.970)	
Train Epoch-8   Iter-650/706	loss 0.0517 (0.0855)	accu 1.000 (0.971)	
Train Epoch-8   Iter-675/706	loss 0.0535 (0.0852)	accu 1.000 (0.971)	
Train Epoch-8   Iter-700/706	loss 0.0033 (0.0850)	accu 1.000 (0.970)	
Eval Epoch-8   Iter-0  /52 	loss 0.9133 (0.9133)	accu 0.500 (0.500)	
Eval Epoch-8   Iter-25 /52 	loss 0.1653 (0.7956)	accu 0.875 (0.702)	
Eval Epoch-8   Iter-50 /52 	loss 1.3862 (0.8646)	accu 0.500 (0.703)	
Epoch-8   Train: loss 0.0852	accu 0.9703	Eval: loss 0.8592	accu 0.7043
Train Epoch-9   Iter-0  /706	loss 0.0448 (0.0448)	accu 1.000 (1.000)	
Train Epoch-9   Iter-25 /706	loss 0.0256 (0.1371)	accu 1.000 (0.952)	
Train Epoch-9   Iter-50 /706	loss 0.0182 (0.1097)	accu 1.000 (0.963)	
Train Epoch-9   Iter-75 /706	loss 0.1057 (0.1068)	accu 1.000 (0.964)	
Train Epoch-9   Iter-100/706	loss 0.0152 (0.1020)	accu 1.000 (0.968)	
Train Epoch-9   Iter-125/706	loss 0.2181 (0.0945)	accu 0.875 (0.970)	
Train Epoch-9   Iter-150/706	loss 0.2751 (0.0920)	accu 0.875 (0.969)	
Train Epoch-9   Iter-175/706	loss 0.0046 (0.0850)	accu 1.000 (0.971)	
Train Epoch-9   Iter-200/706	loss 0.0398 (0.0873)	accu 1.000 (0.968)	
Train Epoch-9   Iter-225/706	loss 0.0923 (0.0883)	accu 0.875 (0.968)	
Train Epoch-9   Iter-250/706	loss 0.0090 (0.0893)	accu 1.000 (0.967)	
Train Epoch-9   Iter-275/706	loss 0.0826 (0.0868)	accu 1.000 (0.969)	
Train Epoch-9   Iter-300/706	loss 0.0019 (0.0813)	accu 1.000 (0.972)	
Train Epoch-9   Iter-325/706	loss 0.0368 (0.0799)	accu 1.000 (0.972)	
Train Epoch-9   Iter-350/706	loss 0.1641 (0.0801)	accu 0.875 (0.972)	
Train Epoch-9   Iter-375/706	loss 0.0009 (0.0778)	accu 1.000 (0.972)	
Train Epoch-9   Iter-400/706	loss 0.0018 (0.0795)	accu 1.000 (0.972)	
Train Epoch-9   Iter-425/706	loss 0.0599 (0.0769)	accu 1.000 (0.973)	
Train Epoch-9   Iter-450/706	loss 0.1811 (0.0762)	accu 0.875 (0.974)	
Train Epoch-9   Iter-475/706	loss 0.0910 (0.0751)	accu 1.000 (0.974)	
Train Epoch-9   Iter-500/706	loss 0.0290 (0.0746)	accu 1.000 (0.974)	
Train Epoch-9   Iter-525/706	loss 0.0240 (0.0729)	accu 1.000 (0.975)	
Train Epoch-9   Iter-550/706	loss 0.0090 (0.0714)	accu 1.000 (0.975)	
Train Epoch-9   Iter-575/706	loss 0.0091 (0.0730)	accu 1.000 (0.975)	
Train Epoch-9   Iter-600/706	loss 0.0092 (0.0728)	accu 1.000 (0.975)	
Train Epoch-9   Iter-625/706	loss 0.1411 (0.0720)	accu 0.875 (0.975)	
Train Epoch-9   Iter-650/706	loss 0.0598 (0.0709)	accu 1.000 (0.976)	
Train Epoch-9   Iter-675/706	loss 0.0705 (0.0704)	accu 1.000 (0.976)	
Train Epoch-9   Iter-700/706	loss 0.0505 (0.0699)	accu 1.000 (0.976)	
Eval Epoch-9   Iter-0  /52 	loss 1.0243 (1.0243)	accu 0.500 (0.500)	
Eval Epoch-9   Iter-25 /52 	loss 0.1882 (0.8463)	accu 0.875 (0.716)	
Eval Epoch-9   Iter-50 /52 	loss 1.4330 (0.9941)	accu 0.500 (0.713)	
Epoch-9   Train: loss 0.0699	accu 0.9763	Eval: loss 0.9878	accu 0.7139
Train Epoch-10  Iter-0  /706	loss 0.2926 (0.2926)	accu 0.875 (0.875)	
Train Epoch-10  Iter-25 /706	loss 0.0417 (0.0825)	accu 1.000 (0.966)	
Train Epoch-10  Iter-50 /706	loss 0.0013 (0.0701)	accu 1.000 (0.973)	
Train Epoch-10  Iter-75 /706	loss 0.0367 (0.0698)	accu 1.000 (0.974)	
Train Epoch-10  Iter-100/706	loss 0.0033 (0.0723)	accu 1.000 (0.975)	
Train Epoch-10  Iter-125/706	loss 0.4811 (0.0844)	accu 0.875 (0.969)	
Train Epoch-10  Iter-150/706	loss 0.0121 (0.0849)	accu 1.000 (0.968)	
Train Epoch-10  Iter-175/706	loss 0.0577 (0.0833)	accu 1.000 (0.969)	
Train Epoch-10  Iter-200/706	loss 0.0266 (0.0757)	accu 1.000 (0.971)	
Train Epoch-10  Iter-225/706	loss 0.7969 (0.0814)	accu 0.875 (0.971)	
Train Epoch-10  Iter-250/706	loss 0.0738 (0.0802)	accu 1.000 (0.971)	
Train Epoch-10  Iter-275/706	loss 0.3020 (0.0788)	accu 0.875 (0.972)	
Train Epoch-10  Iter-300/706	loss 0.0152 (0.0763)	accu 1.000 (0.973)	
Train Epoch-10  Iter-325/706	loss 0.0206 (0.0731)	accu 1.000 (0.974)	
Train Epoch-10  Iter-350/706	loss 0.0134 (0.0735)	accu 1.000 (0.974)	
Train Epoch-10  Iter-375/706	loss 0.0061 (0.0744)	accu 1.000 (0.973)	
Train Epoch-10  Iter-400/706	loss 0.0099 (0.0738)	accu 1.000 (0.974)	
Train Epoch-10  Iter-425/706	loss 0.0080 (0.0719)	accu 1.000 (0.974)	
Train Epoch-10  Iter-450/706	loss 0.0475 (0.0723)	accu 1.000 (0.974)	
Train Epoch-10  Iter-475/706	loss 0.0295 (0.0704)	accu 1.000 (0.975)	
Train Epoch-10  Iter-500/706	loss 0.0439 (0.0693)	accu 1.000 (0.975)	
Train Epoch-10  Iter-525/706	loss 0.0034 (0.0691)	accu 1.000 (0.975)	
Train Epoch-10  Iter-550/706	loss 0.2407 (0.0699)	accu 0.875 (0.975)	
Train Epoch-10  Iter-575/706	loss 0.4944 (0.0695)	accu 0.875 (0.975)	
Train Epoch-10  Iter-600/706	loss 0.0182 (0.0686)	accu 1.000 (0.975)	
Train Epoch-10  Iter-625/706	loss 0.0013 (0.0687)	accu 1.000 (0.976)	
Train Epoch-10  Iter-650/706	loss 0.0109 (0.0686)	accu 1.000 (0.976)	
Train Epoch-10  Iter-675/706	loss 0.0051 (0.0687)	accu 1.000 (0.975)	
Train Epoch-10  Iter-700/706	loss 0.0081 (0.0689)	accu 1.000 (0.975)	
Eval Epoch-10  Iter-0  /52 	loss 1.0661 (1.0661)	accu 0.625 (0.625)	
Eval Epoch-10  Iter-25 /52 	loss 0.3422 (0.9085)	accu 0.875 (0.692)	
Eval Epoch-10  Iter-50 /52 	loss 1.2066 (0.9717)	accu 0.500 (0.708)	
Epoch-10  Train: loss 0.0693	accu 0.9752	Eval: loss 0.9639	accu 0.7091
Train Epoch-11  Iter-0  /706	loss 0.3328 (0.3328)	accu 0.875 (0.875)	
Train Epoch-11  Iter-25 /706	loss 0.1130 (0.0609)	accu 0.875 (0.981)	
Train Epoch-11  Iter-50 /706	loss 0.0430 (0.0444)	accu 1.000 (0.988)	
Train Epoch-11  Iter-75 /706	loss 0.0148 (0.0590)	accu 1.000 (0.979)	
Train Epoch-11  Iter-100/706	loss 0.0634 (0.0593)	accu 1.000 (0.976)	
Train Epoch-11  Iter-125/706	loss 0.0072 (0.0566)	accu 1.000 (0.978)	
Train Epoch-11  Iter-150/706	loss 0.0278 (0.0555)	accu 1.000 (0.978)	
Train Epoch-11  Iter-175/706	loss 0.0103 (0.0574)	accu 1.000 (0.978)	
Train Epoch-11  Iter-200/706	loss 0.0010 (0.0533)	accu 1.000 (0.979)	
Train Epoch-11  Iter-225/706	loss 0.0190 (0.0546)	accu 1.000 (0.979)	
Train Epoch-11  Iter-250/706	loss 0.0026 (0.0531)	accu 1.000 (0.980)	
Train Epoch-11  Iter-275/706	loss 0.4114 (0.0534)	accu 0.875 (0.980)	
Train Epoch-11  Iter-300/706	loss 0.1419 (0.0538)	accu 0.875 (0.980)	
Train Epoch-11  Iter-325/706	loss 0.0013 (0.0533)	accu 1.000 (0.980)	
Train Epoch-11  Iter-350/706	loss 0.0050 (0.0519)	accu 1.000 (0.981)	
Train Epoch-11  Iter-375/706	loss 0.0012 (0.0539)	accu 1.000 (0.979)	
Train Epoch-11  Iter-400/706	loss 0.0068 (0.0537)	accu 1.000 (0.979)	
Train Epoch-11  Iter-425/706	loss 0.0016 (0.0548)	accu 1.000 (0.979)	
Train Epoch-11  Iter-450/706	loss 0.0083 (0.0559)	accu 1.000 (0.978)	
Train Epoch-11  Iter-475/706	loss 0.0523 (0.0576)	accu 1.000 (0.978)	
Train Epoch-11  Iter-500/706	loss 0.0010 (0.0579)	accu 1.000 (0.977)	
Train Epoch-11  Iter-525/706	loss 0.0346 (0.0593)	accu 1.000 (0.977)	
Train Epoch-11  Iter-550/706	loss 0.3827 (0.0600)	accu 0.875 (0.977)	
Train Epoch-11  Iter-575/706	loss 0.0075 (0.0616)	accu 1.000 (0.976)	
Train Epoch-11  Iter-600/706	loss 0.2445 (0.0636)	accu 0.875 (0.975)	
Train Epoch-11  Iter-625/706	loss 0.0160 (0.0631)	accu 1.000 (0.975)	
Train Epoch-11  Iter-650/706	loss 0.0103 (0.0621)	accu 1.000 (0.976)	
Train Epoch-11  Iter-675/706	loss 0.0185 (0.0624)	accu 1.000 (0.976)	
Train Epoch-11  Iter-700/706	loss 0.0424 (0.0609)	accu 1.000 (0.977)	
Eval Epoch-11  Iter-0  /52 	loss 1.1714 (1.1714)	accu 0.500 (0.500)	
Eval Epoch-11  Iter-25 /52 	loss 0.4277 (1.1797)	accu 0.875 (0.673)	
Eval Epoch-11  Iter-50 /52 	loss 1.1694 (1.1672)	accu 0.500 (0.701)	
Epoch-11  Train: loss 0.0611	accu 0.9766	Eval: loss 1.1502	accu 0.7019
Train Epoch-12  Iter-0  /706	loss 0.0294 (0.0294)	accu 1.000 (1.000)	
Train Epoch-12  Iter-25 /706	loss 0.2488 (0.0727)	accu 0.875 (0.971)	
Train Epoch-12  Iter-50 /706	loss 0.0008 (0.0652)	accu 1.000 (0.975)	
Train Epoch-12  Iter-75 /706	loss 0.1638 (0.0581)	accu 0.875 (0.975)	
Train Epoch-12  Iter-100/706	loss 0.0228 (0.0538)	accu 1.000 (0.979)	
Train Epoch-12  Iter-125/706	loss 0.0135 (0.0576)	accu 1.000 (0.979)	
Train Epoch-12  Iter-150/706	loss 0.0041 (0.0564)	accu 1.000 (0.980)	
Train Epoch-12  Iter-175/706	loss 0.0094 (0.0598)	accu 1.000 (0.977)	
Train Epoch-12  Iter-200/706	loss 0.0004 (0.0574)	accu 1.000 (0.976)	
Train Epoch-12  Iter-225/706	loss 0.0257 (0.0633)	accu 1.000 (0.975)	
Train Epoch-12  Iter-250/706	loss 0.0414 (0.0599)	accu 1.000 (0.977)	
Train Epoch-12  Iter-275/706	loss 0.0006 (0.0587)	accu 1.000 (0.977)	
Train Epoch-12  Iter-300/706	loss 0.2102 (0.0569)	accu 0.875 (0.978)	
Train Epoch-12  Iter-325/706	loss 0.0007 (0.0564)	accu 1.000 (0.979)	
Train Epoch-12  Iter-350/706	loss 0.0007 (0.0563)	accu 1.000 (0.978)	
Train Epoch-12  Iter-375/706	loss 0.0035 (0.0552)	accu 1.000 (0.979)	
Train Epoch-12  Iter-400/706	loss 0.0377 (0.0569)	accu 1.000 (0.978)	
Train Epoch-12  Iter-425/706	loss 0.2235 (0.0576)	accu 1.000 (0.978)	
Train Epoch-12  Iter-450/706	loss 0.0192 (0.0599)	accu 1.000 (0.978)	
Train Epoch-12  Iter-475/706	loss 0.0483 (0.0624)	accu 1.000 (0.977)	
Train Epoch-12  Iter-500/706	loss 0.0704 (0.0617)	accu 1.000 (0.978)	
Train Epoch-12  Iter-525/706	loss 0.0970 (0.0631)	accu 1.000 (0.977)	
Train Epoch-12  Iter-550/706	loss 0.0152 (0.0638)	accu 1.000 (0.977)	
Train Epoch-12  Iter-575/706	loss 0.0266 (0.0639)	accu 1.000 (0.977)	
Train Epoch-12  Iter-600/706	loss 0.0379 (0.0642)	accu 1.000 (0.977)	
Train Epoch-12  Iter-625/706	loss 0.0508 (0.0635)	accu 1.000 (0.977)	
Train Epoch-12  Iter-650/706	loss 0.3396 (0.0643)	accu 0.875 (0.977)	
Train Epoch-12  Iter-675/706	loss 0.0236 (0.0642)	accu 1.000 (0.976)	
Train Epoch-12  Iter-700/706	loss 0.5821 (0.0655)	accu 0.750 (0.976)	
Eval Epoch-12  Iter-0  /52 	loss 0.6737 (0.6737)	accu 0.625 (0.625)	
Eval Epoch-12  Iter-25 /52 	loss 0.2481 (0.8450)	accu 0.875 (0.736)	
Eval Epoch-12  Iter-50 /52 	loss 1.6698 (1.0177)	accu 0.500 (0.733)	
Epoch-12  Train: loss 0.0652	accu 0.9761	Eval: loss 1.0061	accu 0.7332
Train Epoch-13  Iter-0  /706	loss 0.0537 (0.0537)	accu 1.000 (1.000)	
Train Epoch-13  Iter-25 /706	loss 0.0441 (0.0481)	accu 1.000 (0.986)	
Train Epoch-13  Iter-50 /706	loss 0.0072 (0.0418)	accu 1.000 (0.988)	
Train Epoch-13  Iter-75 /706	loss 0.0286 (0.0473)	accu 1.000 (0.987)	
Train Epoch-13  Iter-100/706	loss 0.0017 (0.0554)	accu 1.000 (0.981)	
Train Epoch-13  Iter-125/706	loss 0.0005 (0.0581)	accu 1.000 (0.979)	
Train Epoch-13  Iter-150/706	loss 0.2703 (0.0550)	accu 0.875 (0.980)	
Train Epoch-13  Iter-175/706	loss 0.0120 (0.0538)	accu 1.000 (0.980)	
Train Epoch-13  Iter-200/706	loss 0.0018 (0.0526)	accu 1.000 (0.981)	
Train Epoch-13  Iter-225/706	loss 0.0058 (0.0531)	accu 1.000 (0.981)	
Train Epoch-13  Iter-250/706	loss 0.4126 (0.0562)	accu 0.875 (0.979)	
Train Epoch-13  Iter-275/706	loss 0.2814 (0.0563)	accu 0.875 (0.979)	
Train Epoch-13  Iter-300/706	loss 0.2791 (0.0571)	accu 0.875 (0.978)	
Train Epoch-13  Iter-325/706	loss 0.0372 (0.0579)	accu 1.000 (0.977)	
Train Epoch-13  Iter-350/706	loss 0.0005 (0.0608)	accu 1.000 (0.976)	
Train Epoch-13  Iter-375/706	loss 0.0165 (0.0609)	accu 1.000 (0.977)	
Train Epoch-13  Iter-400/706	loss 0.0006 (0.0620)	accu 1.000 (0.977)	
Train Epoch-13  Iter-425/706	loss 0.0475 (0.0613)	accu 1.000 (0.977)	
Train Epoch-13  Iter-450/706	loss 0.0085 (0.0617)	accu 1.000 (0.977)	
Train Epoch-13  Iter-475/706	loss 0.4471 (0.0622)	accu 0.875 (0.977)	
Train Epoch-13  Iter-500/706	loss 0.0047 (0.0620)	accu 1.000 (0.978)	
Train Epoch-13  Iter-525/706	loss 0.0190 (0.0601)	accu 1.000 (0.979)	
Train Epoch-13  Iter-550/706	loss 0.2066 (0.0599)	accu 0.875 (0.978)	
Train Epoch-13  Iter-575/706	loss 0.0120 (0.0611)	accu 1.000 (0.978)	
Train Epoch-13  Iter-600/706	loss 0.0246 (0.0622)	accu 1.000 (0.977)	
Train Epoch-13  Iter-625/706	loss 0.0114 (0.0621)	accu 1.000 (0.978)	
Train Epoch-13  Iter-650/706	loss 0.0043 (0.0623)	accu 1.000 (0.978)	
Train Epoch-13  Iter-675/706	loss 0.1914 (0.0617)	accu 0.875 (0.978)	
Train Epoch-13  Iter-700/706	loss 0.2383 (0.0614)	accu 0.875 (0.978)	
Eval Epoch-13  Iter-0  /52 	loss 0.6731 (0.6731)	accu 0.625 (0.625)	
Eval Epoch-13  Iter-25 /52 	loss 0.1118 (0.7112)	accu 0.875 (0.784)	
Eval Epoch-13  Iter-50 /52 	loss 1.9149 (1.0467)	accu 0.500 (0.735)	
Epoch-13  Train: loss 0.0615	accu 0.9779	Eval: loss 1.0430	accu 0.7332
Epoch    14: reducing learning rate of group 0 to 3.0000e-06.
Train Epoch-14  Iter-0  /706	loss 0.0046 (0.0046)	accu 1.000 (1.000)	
Train Epoch-14  Iter-25 /706	loss 0.0220 (0.0495)	accu 1.000 (0.976)	
Train Epoch-14  Iter-50 /706	loss 0.0199 (0.0648)	accu 1.000 (0.971)	
Train Epoch-14  Iter-75 /706	loss 0.0018 (0.0527)	accu 1.000 (0.977)	
Train Epoch-14  Iter-100/706	loss 0.0140 (0.0506)	accu 1.000 (0.979)	
Train Epoch-14  Iter-125/706	loss 0.0458 (0.0493)	accu 1.000 (0.979)	
Train Epoch-14  Iter-150/706	loss 0.4704 (0.0527)	accu 0.875 (0.978)	
Train Epoch-14  Iter-175/706	loss 0.0233 (0.0550)	accu 1.000 (0.978)	
Train Epoch-14  Iter-200/706	loss 0.0005 (0.0582)	accu 1.000 (0.976)	
Train Epoch-14  Iter-225/706	loss 0.1792 (0.0568)	accu 0.875 (0.977)	
Train Epoch-14  Iter-250/706	loss 0.0174 (0.0594)	accu 1.000 (0.978)	
Train Epoch-14  Iter-275/706	loss 0.0026 (0.0587)	accu 1.000 (0.978)	
Train Epoch-14  Iter-300/706	loss 0.0155 (0.0609)	accu 1.000 (0.978)	
Train Epoch-14  Iter-325/706	loss 0.0167 (0.0594)	accu 1.000 (0.979)	
Train Epoch-14  Iter-350/706	loss 0.0261 (0.0582)	accu 1.000 (0.979)	
Train Epoch-14  Iter-375/706	loss 0.0080 (0.0597)	accu 1.000 (0.978)	
Train Epoch-14  Iter-400/706	loss 0.0192 (0.0595)	accu 1.000 (0.979)	
Train Epoch-14  Iter-425/706	loss 0.0178 (0.0582)	accu 1.000 (0.979)	
Train Epoch-14  Iter-450/706	loss 0.1205 (0.0575)	accu 0.875 (0.979)	
Train Epoch-14  Iter-475/706	loss 0.0771 (0.0574)	accu 1.000 (0.979)	
Train Epoch-14  Iter-500/706	loss 0.0094 (0.0583)	accu 1.000 (0.979)	
Train Epoch-14  Iter-525/706	loss 0.0058 (0.0597)	accu 1.000 (0.979)	
Train Epoch-14  Iter-550/706	loss 0.0055 (0.0586)	accu 1.000 (0.980)	
Train Epoch-14  Iter-575/706	loss 0.0382 (0.0608)	accu 1.000 (0.979)	
Train Epoch-14  Iter-600/706	loss 0.0063 (0.0614)	accu 1.000 (0.978)	
Train Epoch-14  Iter-625/706	loss 0.0569 (0.0620)	accu 1.000 (0.978)	
Train Epoch-14  Iter-650/706	loss 0.0055 (0.0626)	accu 1.000 (0.978)	
Train Epoch-14  Iter-675/706	loss 0.1773 (0.0621)	accu 0.875 (0.978)	
Train Epoch-14  Iter-700/706	loss 0.0107 (0.0609)	accu 1.000 (0.979)	
Eval Epoch-14  Iter-0  /52 	loss 0.8668 (0.8668)	accu 0.625 (0.625)	
Eval Epoch-14  Iter-25 /52 	loss 0.2805 (0.8951)	accu 0.875 (0.716)	
Eval Epoch-14  Iter-50 /52 	loss 1.5213 (1.0839)	accu 0.500 (0.713)	
Epoch-14  Train: loss 0.0606	accu 0.9791	Eval: loss 1.0721	accu 0.7139
Train Epoch-15  Iter-0  /706	loss 0.0059 (0.0059)	accu 1.000 (1.000)	
Train Epoch-15  Iter-25 /706	loss 0.0029 (0.0531)	accu 1.000 (0.981)	
Train Epoch-15  Iter-50 /706	loss 0.0005 (0.0778)	accu 1.000 (0.973)	
Train Epoch-15  Iter-75 /706	loss 0.0928 (0.0755)	accu 1.000 (0.970)	
Train Epoch-15  Iter-100/706	loss 0.3123 (0.0718)	accu 0.875 (0.972)	
Train Epoch-15  Iter-125/706	loss 0.0007 (0.0638)	accu 1.000 (0.975)	
Train Epoch-15  Iter-150/706	loss 0.0081 (0.0581)	accu 1.000 (0.978)	
Train Epoch-15  Iter-175/706	loss 0.0290 (0.0641)	accu 1.000 (0.976)	
Train Epoch-15  Iter-200/706	loss 0.0005 (0.0587)	accu 1.000 (0.978)	
Train Epoch-15  Iter-225/706	loss 0.0199 (0.0593)	accu 1.000 (0.978)	
Train Epoch-15  Iter-250/706	loss 0.0043 (0.0586)	accu 1.000 (0.979)	
Train Epoch-15  Iter-275/706	loss 0.0201 (0.0591)	accu 1.000 (0.979)	
Train Epoch-15  Iter-300/706	loss 0.0271 (0.0576)	accu 1.000 (0.979)	
Train Epoch-15  Iter-325/706	loss 0.0159 (0.0602)	accu 1.000 (0.979)	
Train Epoch-15  Iter-350/706	loss 0.1401 (0.0581)	accu 1.000 (0.980)	
Train Epoch-15  Iter-375/706	loss 0.0106 (0.0572)	accu 1.000 (0.980)	
Train Epoch-15  Iter-400/706	loss 0.0027 (0.0599)	accu 1.000 (0.979)	
Train Epoch-15  Iter-425/706	loss 0.0221 (0.0591)	accu 1.000 (0.979)	
Train Epoch-15  Iter-450/706	loss 0.0081 (0.0587)	accu 1.000 (0.980)	
Train Epoch-15  Iter-475/706	loss 0.0476 (0.0580)	accu 1.000 (0.980)	
Train Epoch-15  Iter-500/706	loss 0.0304 (0.0588)	accu 1.000 (0.980)	
Train Epoch-15  Iter-525/706	loss 0.0197 (0.0583)	accu 1.000 (0.980)	
Train Epoch-15  Iter-550/706	loss 0.4053 (0.0582)	accu 0.875 (0.980)	
Train Epoch-15  Iter-575/706	loss 0.2276 (0.0595)	accu 0.875 (0.979)	
Train Epoch-15  Iter-600/706	loss 0.0045 (0.0583)	accu 1.000 (0.980)	
Train Epoch-15  Iter-625/706	loss 0.0018 (0.0582)	accu 1.000 (0.980)	
Train Epoch-15  Iter-650/706	loss 0.0159 (0.0582)	accu 1.000 (0.979)	
Train Epoch-15  Iter-675/706	loss 0.0104 (0.0582)	accu 1.000 (0.979)	
Train Epoch-15  Iter-700/706	loss 0.0234 (0.0600)	accu 1.000 (0.979)	
Eval Epoch-15  Iter-0  /52 	loss 0.9354 (0.9354)	accu 0.625 (0.625)	
Eval Epoch-15  Iter-25 /52 	loss 0.3270 (0.9775)	accu 0.875 (0.716)	
Eval Epoch-15  Iter-50 /52 	loss 1.4017 (1.1116)	accu 0.500 (0.716)	
Epoch-15  Train: loss 0.0597	accu 0.9793	Eval: loss 1.0982	accu 0.7163
Train Epoch-16  Iter-0  /706	loss 0.0156 (0.0156)	accu 1.000 (1.000)	
Train Epoch-16  Iter-25 /706	loss 0.0010 (0.0320)	accu 1.000 (0.995)	
Train Epoch-16  Iter-50 /706	loss 0.0076 (0.0431)	accu 1.000 (0.988)	
Train Epoch-16  Iter-75 /706	loss 0.0020 (0.0674)	accu 1.000 (0.977)	
Train Epoch-16  Iter-100/706	loss 0.1767 (0.0653)	accu 0.875 (0.976)	
Train Epoch-16  Iter-125/706	loss 0.0208 (0.0650)	accu 1.000 (0.979)	
Train Epoch-16  Iter-150/706	loss 0.1839 (0.0665)	accu 0.875 (0.978)	
Train Epoch-16  Iter-175/706	loss 0.0065 (0.0646)	accu 1.000 (0.979)	
Train Epoch-16  Iter-200/706	loss 0.0018 (0.0619)	accu 1.000 (0.980)	
Train Epoch-16  Iter-225/706	loss 0.0569 (0.0629)	accu 1.000 (0.980)	
Train Epoch-16  Iter-250/706	loss 0.0143 (0.0631)	accu 1.000 (0.980)	
Train Epoch-16  Iter-275/706	loss 0.0066 (0.0616)	accu 1.000 (0.980)	
Train Epoch-16  Iter-300/706	loss 0.0211 (0.0598)	accu 1.000 (0.980)	
Train Epoch-16  Iter-325/706	loss 0.0129 (0.0587)	accu 1.000 (0.981)	
Train Epoch-16  Iter-350/706	loss 0.0140 (0.0588)	accu 1.000 (0.981)	
Train Epoch-16  Iter-375/706	loss 0.0014 (0.0597)	accu 1.000 (0.980)	
Train Epoch-16  Iter-400/706	loss 0.0201 (0.0593)	accu 1.000 (0.981)	
Train Epoch-16  Iter-425/706	loss 0.0004 (0.0598)	accu 1.000 (0.981)	
Train Epoch-16  Iter-450/706	loss 0.0018 (0.0587)	accu 1.000 (0.981)	
Train Epoch-16  Iter-475/706	loss 0.0005 (0.0620)	accu 1.000 (0.980)	
Train Epoch-16  Iter-500/706	loss 0.0139 (0.0614)	accu 1.000 (0.980)	
Train Epoch-16  Iter-525/706	loss 0.0898 (0.0629)	accu 1.000 (0.979)	
Train Epoch-16  Iter-550/706	loss 0.0018 (0.0632)	accu 1.000 (0.979)	
Train Epoch-16  Iter-575/706	loss 0.0113 (0.0618)	accu 1.000 (0.980)	
Train Epoch-16  Iter-600/706	loss 0.0011 (0.0618)	accu 1.000 (0.979)	
Train Epoch-16  Iter-625/706	loss 0.0222 (0.0612)	accu 1.000 (0.980)	
Train Epoch-16  Iter-650/706	loss 0.0220 (0.0605)	accu 1.000 (0.979)	
Train Epoch-16  Iter-675/706	loss 0.0232 (0.0608)	accu 1.000 (0.979)	
Train Epoch-16  Iter-700/706	loss 0.0245 (0.0600)	accu 1.000 (0.979)	
Eval Epoch-16  Iter-0  /52 	loss 0.9222 (0.9222)	accu 0.625 (0.625)	
Eval Epoch-16  Iter-25 /52 	loss 0.3028 (0.9379)	accu 0.875 (0.716)	
Eval Epoch-16  Iter-50 /52 	loss 1.3961 (1.0889)	accu 0.500 (0.716)	
Epoch-16  Train: loss 0.0598	accu 0.9793	Eval: loss 1.0761	accu 0.7163
Train Epoch-17  Iter-0  /706	loss 0.0096 (0.0096)	accu 1.000 (1.000)	
Train Epoch-17  Iter-25 /706	loss 0.0071 (0.0272)	accu 1.000 (0.995)	
Train Epoch-17  Iter-50 /706	loss 0.0015 (0.0496)	accu 1.000 (0.983)	
Train Epoch-17  Iter-75 /706	loss 0.0067 (0.0467)	accu 1.000 (0.984)	
Train Epoch-17  Iter-100/706	loss 0.0068 (0.0408)	accu 1.000 (0.986)	
Train Epoch-17  Iter-125/706	loss 0.3095 (0.0406)	accu 0.875 (0.987)	
Train Epoch-17  Iter-150/706	loss 0.0005 (0.0467)	accu 1.000 (0.984)	
Train Epoch-17  Iter-175/706	loss 0.0176 (0.0493)	accu 1.000 (0.983)	
Train Epoch-17  Iter-200/706	loss 0.0164 (0.0545)	accu 1.000 (0.982)	
Train Epoch-17  Iter-225/706	loss 0.0633 (0.0534)	accu 1.000 (0.982)	
Train Epoch-17  Iter-250/706	loss 0.0469 (0.0540)	accu 1.000 (0.982)	
Train Epoch-17  Iter-275/706	loss 0.0082 (0.0565)	accu 1.000 (0.980)	
Train Epoch-17  Iter-300/706	loss 0.0293 (0.0600)	accu 1.000 (0.980)	
Train Epoch-17  Iter-325/706	loss 0.0014 (0.0611)	accu 1.000 (0.979)	
Train Epoch-17  Iter-350/706	loss 0.0204 (0.0604)	accu 1.000 (0.980)	
Train Epoch-17  Iter-375/706	loss 0.0010 (0.0597)	accu 1.000 (0.980)	
Train Epoch-17  Iter-400/706	loss 0.0006 (0.0601)	accu 1.000 (0.980)	
Train Epoch-17  Iter-425/706	loss 0.0078 (0.0595)	accu 1.000 (0.980)	
Train Epoch-17  Iter-450/706	loss 0.4535 (0.0604)	accu 0.750 (0.980)	
Train Epoch-17  Iter-475/706	loss 0.0034 (0.0599)	accu 1.000 (0.980)	
Train Epoch-17  Iter-500/706	loss 0.0062 (0.0584)	accu 1.000 (0.981)	
Train Epoch-17  Iter-525/706	loss 0.0040 (0.0591)	accu 1.000 (0.981)	
Train Epoch-17  Iter-550/706	loss 0.0169 (0.0580)	accu 1.000 (0.981)	
Train Epoch-17  Iter-575/706	loss 0.0078 (0.0578)	accu 1.000 (0.981)	
Train Epoch-17  Iter-600/706	loss 0.0290 (0.0569)	accu 1.000 (0.981)	
Train Epoch-17  Iter-625/706	loss 0.0031 (0.0558)	accu 1.000 (0.982)	
Train Epoch-17  Iter-650/706	loss 0.0093 (0.0560)	accu 1.000 (0.981)	
Train Epoch-17  Iter-675/706	loss 0.0009 (0.0553)	accu 1.000 (0.982)	
Train Epoch-17  Iter-700/706	loss 0.0112 (0.0557)	accu 1.000 (0.981)	
Eval Epoch-17  Iter-0  /52 	loss 0.9690 (0.9690)	accu 0.625 (0.625)	
Eval Epoch-17  Iter-25 /52 	loss 0.3375 (0.9887)	accu 0.875 (0.707)	
Eval Epoch-17  Iter-50 /52 	loss 1.3172 (1.1057)	accu 0.500 (0.713)	
Epoch-17  Train: loss 0.0556	accu 0.9812	Eval: loss 1.0923	accu 0.7139
Train Epoch-18  Iter-0  /706	loss 0.0104 (0.0104)	accu 1.000 (1.000)	
Train Epoch-18  Iter-25 /706	loss 0.0253 (0.0741)	accu 1.000 (0.966)	
Train Epoch-18  Iter-50 /706	loss 0.0007 (0.0639)	accu 1.000 (0.971)	
Train Epoch-18  Iter-75 /706	loss 0.0109 (0.0538)	accu 1.000 (0.975)	
Train Epoch-18  Iter-100/706	loss 0.0030 (0.0533)	accu 1.000 (0.976)	
Train Epoch-18  Iter-125/706	loss 0.0167 (0.0504)	accu 1.000 (0.979)	
Train Epoch-18  Iter-150/706	loss 0.0004 (0.0496)	accu 1.000 (0.980)	
Train Epoch-18  Iter-175/706	loss 0.0224 (0.0462)	accu 1.000 (0.983)	
Train Epoch-18  Iter-200/706	loss 0.0005 (0.0448)	accu 1.000 (0.984)	
Train Epoch-18  Iter-225/706	loss 0.0472 (0.0453)	accu 1.000 (0.983)	
Train Epoch-18  Iter-250/706	loss 0.0132 (0.0449)	accu 1.000 (0.984)	
Train Epoch-18  Iter-275/706	loss 0.0005 (0.0424)	accu 1.000 (0.985)	
Train Epoch-18  Iter-300/706	loss 0.0187 (0.0440)	accu 1.000 (0.985)	
Train Epoch-18  Iter-325/706	loss 0.0010 (0.0460)	accu 1.000 (0.984)	
Train Epoch-18  Iter-350/706	loss 0.3513 (0.0485)	accu 0.875 (0.983)	
Train Epoch-18  Iter-375/706	loss 0.2024 (0.0476)	accu 0.875 (0.983)	
Train Epoch-18  Iter-400/706	loss 0.0004 (0.0485)	accu 1.000 (0.983)	
Train Epoch-18  Iter-425/706	loss 0.0004 (0.0523)	accu 1.000 (0.982)	
Train Epoch-18  Iter-450/706	loss 0.0166 (0.0522)	accu 1.000 (0.981)	
Train Epoch-18  Iter-475/706	loss 0.0128 (0.0538)	accu 1.000 (0.980)	
Train Epoch-18  Iter-500/706	loss 0.0065 (0.0528)	accu 1.000 (0.981)	
Train Epoch-18  Iter-525/706	loss 0.0692 (0.0537)	accu 1.000 (0.980)	
Train Epoch-18  Iter-550/706	loss 0.0240 (0.0533)	accu 1.000 (0.980)	
Train Epoch-18  Iter-575/706	loss 0.0090 (0.0555)	accu 1.000 (0.980)	
Train Epoch-18  Iter-600/706	loss 0.0004 (0.0557)	accu 1.000 (0.980)	
Train Epoch-18  Iter-625/706	loss 0.0004 (0.0563)	accu 1.000 (0.980)	
Train Epoch-18  Iter-650/706	loss 0.3782 (0.0575)	accu 0.875 (0.980)	
Train Epoch-18  Iter-675/706	loss 0.0110 (0.0568)	accu 1.000 (0.980)	
Train Epoch-18  Iter-700/706	loss 0.3416 (0.0564)	accu 0.875 (0.980)	
Eval Epoch-18  Iter-0  /52 	loss 0.9706 (0.9706)	accu 0.625 (0.625)	
Eval Epoch-18  Iter-25 /52 	loss 0.3306 (0.9867)	accu 0.875 (0.707)	
Eval Epoch-18  Iter-50 /52 	loss 1.2745 (1.0983)	accu 0.500 (0.716)	
Epoch-18  Train: loss 0.0561	accu 0.9803	Eval: loss 1.0847	accu 0.7163
Train Epoch-19  Iter-0  /706	loss 0.0007 (0.0007)	accu 1.000 (1.000)	
Train Epoch-19  Iter-25 /706	loss 0.0058 (0.0447)	accu 1.000 (0.986)	
Train Epoch-19  Iter-50 /706	loss 0.0073 (0.0484)	accu 1.000 (0.985)	
Train Epoch-19  Iter-75 /706	loss 0.0307 (0.0554)	accu 1.000 (0.982)	
Train Epoch-19  Iter-100/706	loss 1.1835 (0.0695)	accu 0.750 (0.979)	
Train Epoch-19  Iter-125/706	loss 0.1382 (0.0706)	accu 0.875 (0.978)	
Train Epoch-19  Iter-150/706	loss 0.0126 (0.0666)	accu 1.000 (0.979)	
Train Epoch-19  Iter-175/706	loss 0.0006 (0.0610)	accu 1.000 (0.982)	
Train Epoch-19  Iter-200/706	loss 0.2630 (0.0600)	accu 0.875 (0.980)	
Train Epoch-19  Iter-225/706	loss 0.0004 (0.0601)	accu 1.000 (0.979)	
Train Epoch-19  Iter-250/706	loss 0.1688 (0.0632)	accu 0.875 (0.978)	
Train Epoch-19  Iter-275/706	loss 0.2943 (0.0622)	accu 0.875 (0.978)	
Train Epoch-19  Iter-300/706	loss 0.4444 (0.0625)	accu 0.750 (0.977)	
Train Epoch-19  Iter-325/706	loss 0.0466 (0.0645)	accu 1.000 (0.976)	
Train Epoch-19  Iter-350/706	loss 0.0213 (0.0646)	accu 1.000 (0.976)	
Train Epoch-19  Iter-375/706	loss 0.0043 (0.0619)	accu 1.000 (0.978)	
Train Epoch-19  Iter-400/706	loss 0.0107 (0.0603)	accu 1.000 (0.978)	
Train Epoch-19  Iter-425/706	loss 0.0034 (0.0609)	accu 1.000 (0.978)	
Train Epoch-19  Iter-450/706	loss 0.0131 (0.0599)	accu 1.000 (0.979)	
Train Epoch-19  Iter-475/706	loss 0.0005 (0.0599)	accu 1.000 (0.978)	
Train Epoch-19  Iter-500/706	loss 0.4935 (0.0601)	accu 0.750 (0.978)	
Train Epoch-19  Iter-525/706	loss 0.6469 (0.0593)	accu 0.750 (0.979)	
Train Epoch-19  Iter-550/706	loss 0.0006 (0.0594)	accu 1.000 (0.979)	
Train Epoch-19  Iter-575/706	loss 0.0244 (0.0585)	accu 1.000 (0.979)	
Train Epoch-19  Iter-600/706	loss 0.0342 (0.0575)	accu 1.000 (0.979)	
Train Epoch-19  Iter-625/706	loss 0.2380 (0.0568)	accu 0.875 (0.980)	
Train Epoch-19  Iter-650/706	loss 0.0086 (0.0576)	accu 1.000 (0.980)	
Train Epoch-19  Iter-675/706	loss 0.0789 (0.0572)	accu 1.000 (0.980)	
Train Epoch-19  Iter-700/706	loss 0.0257 (0.0573)	accu 1.000 (0.980)	
Eval Epoch-19  Iter-0  /52 	loss 0.9357 (0.9357)	accu 0.625 (0.625)	
Eval Epoch-19  Iter-25 /52 	loss 0.3071 (0.9650)	accu 0.875 (0.716)	
Eval Epoch-19  Iter-50 /52 	loss 1.3932 (1.1084)	accu 0.500 (0.716)	
Epoch-19  Train: loss 0.0570	accu 0.9802	Eval: loss 1.0952	accu 0.7163
Epoch    20: reducing learning rate of group 0 to 3.0000e-07.
Train Epoch-20  Iter-0  /706	loss 0.0173 (0.0173)	accu 1.000 (1.000)	
Train Epoch-20  Iter-25 /706	loss 0.0039 (0.0573)	accu 1.000 (0.981)	
Train Epoch-20  Iter-50 /706	loss 0.0007 (0.0490)	accu 1.000 (0.980)	
Train Epoch-20  Iter-75 /706	loss 0.0876 (0.0674)	accu 1.000 (0.975)	
Train Epoch-20  Iter-100/706	loss 0.0093 (0.0568)	accu 1.000 (0.980)	
Train Epoch-20  Iter-125/706	loss 0.0061 (0.0652)	accu 1.000 (0.978)	
Train Epoch-20  Iter-150/706	loss 0.0412 (0.0605)	accu 1.000 (0.979)	
Train Epoch-20  Iter-175/706	loss 0.0009 (0.0554)	accu 1.000 (0.982)	
Train Epoch-20  Iter-200/706	loss 0.0257 (0.0536)	accu 1.000 (0.983)	
Train Epoch-20  Iter-225/706	loss 0.0517 (0.0558)	accu 1.000 (0.982)	
Train Epoch-20  Iter-250/706	loss 0.0005 (0.0575)	accu 1.000 (0.982)	
Train Epoch-20  Iter-275/706	loss 0.0004 (0.0588)	accu 1.000 (0.981)	
Train Epoch-20  Iter-300/706	loss 0.0014 (0.0608)	accu 1.000 (0.979)	
Train Epoch-20  Iter-325/706	loss 0.0016 (0.0598)	accu 1.000 (0.979)	
Train Epoch-20  Iter-350/706	loss 0.1359 (0.0612)	accu 0.875 (0.978)	
Train Epoch-20  Iter-375/706	loss 0.0004 (0.0586)	accu 1.000 (0.979)	
Train Epoch-20  Iter-400/706	loss 0.0199 (0.0578)	accu 1.000 (0.979)	
Train Epoch-20  Iter-425/706	loss 0.0021 (0.0586)	accu 1.000 (0.979)	
Train Epoch-20  Iter-450/706	loss 0.0626 (0.0579)	accu 1.000 (0.979)	
Train Epoch-20  Iter-475/706	loss 0.0072 (0.0572)	accu 1.000 (0.980)	
Train Epoch-20  Iter-500/706	loss 0.0932 (0.0572)	accu 1.000 (0.980)	
Train Epoch-20  Iter-525/706	loss 0.0326 (0.0562)	accu 1.000 (0.981)	
Train Epoch-20  Iter-550/706	loss 0.0231 (0.0562)	accu 1.000 (0.980)	
Train Epoch-20  Iter-575/706	loss 0.0939 (0.0561)	accu 0.875 (0.980)	
Train Epoch-20  Iter-600/706	loss 0.0028 (0.0549)	accu 1.000 (0.981)	
Train Epoch-20  Iter-625/706	loss 0.0009 (0.0541)	accu 1.000 (0.981)	
Train Epoch-20  Iter-650/706	loss 0.0624 (0.0549)	accu 1.000 (0.981)	
Train Epoch-20  Iter-675/706	loss 0.0170 (0.0554)	accu 1.000 (0.981)	
Train Epoch-20  Iter-700/706	loss 0.0341 (0.0548)	accu 1.000 (0.981)	
Eval Epoch-20  Iter-0  /52 	loss 0.9337 (0.9337)	accu 0.625 (0.625)	
Eval Epoch-20  Iter-25 /52 	loss 0.3050 (0.9640)	accu 0.875 (0.716)	
Eval Epoch-20  Iter-50 /52 	loss 1.4077 (1.1100)	accu 0.500 (0.716)	
Epoch-20  Train: loss 0.0546	accu 0.9809	Eval: loss 1.0968	accu 0.7163
Train Epoch-21  Iter-0  /706	loss 0.0042 (0.0042)	accu 1.000 (1.000)	
Train Epoch-21  Iter-25 /706	loss 0.3930 (0.1032)	accu 0.875 (0.957)	
Train Epoch-21  Iter-50 /706	loss 0.2350 (0.0763)	accu 0.875 (0.971)	
Train Epoch-21  Iter-75 /706	loss 0.0108 (0.0706)	accu 1.000 (0.972)	
Train Epoch-21  Iter-100/706	loss 0.0115 (0.0687)	accu 1.000 (0.973)	
Train Epoch-21  Iter-125/706	loss 0.0004 (0.0709)	accu 1.000 (0.974)	
Train Epoch-21  Iter-150/706	loss 0.2353 (0.0674)	accu 0.875 (0.975)	
Train Epoch-21  Iter-175/706	loss 0.3290 (0.0702)	accu 0.875 (0.974)	
Train Epoch-21  Iter-200/706	loss 0.0048 (0.0690)	accu 1.000 (0.975)	
Train Epoch-21  Iter-225/706	loss 0.0149 (0.0691)	accu 1.000 (0.975)	
Train Epoch-21  Iter-250/706	loss 0.0185 (0.0667)	accu 1.000 (0.976)	
Train Epoch-21  Iter-275/706	loss 0.0120 (0.0663)	accu 1.000 (0.976)	
Train Epoch-21  Iter-300/706	loss 0.0004 (0.0644)	accu 1.000 (0.977)	
Train Epoch-21  Iter-325/706	loss 0.0608 (0.0628)	accu 1.000 (0.977)	
Train Epoch-21  Iter-350/706	loss 0.0293 (0.0608)	accu 1.000 (0.978)	
Train Epoch-21  Iter-375/706	loss 0.0008 (0.0581)	accu 1.000 (0.979)	
Train Epoch-21  Iter-400/706	loss 0.0230 (0.0559)	accu 1.000 (0.980)	
Train Epoch-21  Iter-425/706	loss 0.1563 (0.0557)	accu 0.875 (0.980)	
Train Epoch-21  Iter-450/706	loss 0.0167 (0.0552)	accu 1.000 (0.980)	
Train Epoch-21  Iter-475/706	loss 0.0403 (0.0569)	accu 1.000 (0.980)	
Train Epoch-21  Iter-500/706	loss 0.0005 (0.0556)	accu 1.000 (0.980)	
Train Epoch-21  Iter-525/706	loss 0.0715 (0.0576)	accu 1.000 (0.980)	
Train Epoch-21  Iter-550/706	loss 0.0121 (0.0581)	accu 1.000 (0.980)	
Train Epoch-21  Iter-575/706	loss 0.0132 (0.0589)	accu 1.000 (0.979)	
Train Epoch-21  Iter-600/706	loss 0.0382 (0.0596)	accu 1.000 (0.979)	
Train Epoch-21  Iter-625/706	loss 0.1190 (0.0590)	accu 1.000 (0.980)	
Train Epoch-21  Iter-650/706	loss 0.0062 (0.0591)	accu 1.000 (0.979)	
Train Epoch-21  Iter-675/706	loss 0.0030 (0.0573)	accu 1.000 (0.980)	
Train Epoch-21  Iter-700/706	loss 0.0107 (0.0574)	accu 1.000 (0.980)	
Eval Epoch-21  Iter-0  /52 	loss 0.9280 (0.9280)	accu 0.625 (0.625)	
Eval Epoch-21  Iter-25 /52 	loss 0.3022 (0.9589)	accu 0.875 (0.716)	
Eval Epoch-21  Iter-50 /52 	loss 1.4168 (1.1088)	accu 0.500 (0.716)	
Epoch-21  Train: loss 0.0588	accu 0.9802	Eval: loss 1.0958	accu 0.7163
Train Epoch-22  Iter-0  /706	loss 0.1778 (0.1778)	accu 0.875 (0.875)	
Train Epoch-22  Iter-25 /706	loss 0.0016 (0.0419)	accu 1.000 (0.986)	
Train Epoch-22  Iter-50 /706	loss 0.0264 (0.0339)	accu 1.000 (0.990)	
Train Epoch-22  Iter-75 /706	loss 0.0004 (0.0466)	accu 1.000 (0.985)	
Train Epoch-22  Iter-100/706	loss 0.0030 (0.0502)	accu 1.000 (0.986)	
Train Epoch-22  Iter-125/706	loss 0.4026 (0.0568)	accu 0.750 (0.985)	
Train Epoch-22  Iter-150/706	loss 0.0528 (0.0575)	accu 1.000 (0.983)	
Train Epoch-22  Iter-175/706	loss 0.0156 (0.0597)	accu 1.000 (0.982)	
Train Epoch-22  Iter-200/706	loss 0.0196 (0.0565)	accu 1.000 (0.982)	
Train Epoch-22  Iter-225/706	loss 0.0064 (0.0593)	accu 1.000 (0.980)	
Train Epoch-22  Iter-250/706	loss 0.0004 (0.0594)	accu 1.000 (0.980)	
Train Epoch-22  Iter-275/706	loss 0.0004 (0.0602)	accu 1.000 (0.980)	
Train Epoch-22  Iter-300/706	loss 0.0004 (0.0585)	accu 1.000 (0.980)	
Train Epoch-22  Iter-325/706	loss 0.0007 (0.0598)	accu 1.000 (0.979)	
Train Epoch-22  Iter-350/706	loss 0.2582 (0.0588)	accu 0.875 (0.979)	
Train Epoch-22  Iter-375/706	loss 0.0430 (0.0591)	accu 1.000 (0.979)	
Train Epoch-22  Iter-400/706	loss 0.0006 (0.0605)	accu 1.000 (0.978)	
Train Epoch-22  Iter-425/706	loss 0.0220 (0.0594)	accu 1.000 (0.979)	
Train Epoch-22  Iter-450/706	loss 0.2081 (0.0605)	accu 0.875 (0.979)	
Train Epoch-22  Iter-475/706	loss 0.0023 (0.0588)	accu 1.000 (0.979)	
Train Epoch-22  Iter-500/706	loss 0.0007 (0.0578)	accu 1.000 (0.980)	
Train Epoch-22  Iter-525/706	loss 0.1017 (0.0590)	accu 1.000 (0.980)	
Train Epoch-22  Iter-550/706	loss 0.0014 (0.0587)	accu 1.000 (0.980)	
Train Epoch-22  Iter-575/706	loss 0.0343 (0.0573)	accu 1.000 (0.981)	
Train Epoch-22  Iter-600/706	loss 0.0005 (0.0568)	accu 1.000 (0.981)	
Train Epoch-22  Iter-625/706	loss 0.0610 (0.0568)	accu 1.000 (0.981)	
Train Epoch-22  Iter-650/706	loss 0.0172 (0.0578)	accu 1.000 (0.981)	
Train Epoch-22  Iter-675/706	loss 0.3555 (0.0596)	accu 0.875 (0.980)	
Train Epoch-22  Iter-700/706	loss 0.0172 (0.0584)	accu 1.000 (0.980)	
Eval Epoch-22  Iter-0  /52 	loss 0.9297 (0.9297)	accu 0.625 (0.625)	
Eval Epoch-22  Iter-25 /52 	loss 0.3058 (0.9655)	accu 0.875 (0.716)	
Eval Epoch-22  Iter-50 /52 	loss 1.4126 (1.1111)	accu 0.500 (0.716)	
Epoch-22  Train: loss 0.0581	accu 0.9805	Eval: loss 1.0980	accu 0.7163
Train Epoch-23  Iter-0  /706	loss 0.0013 (0.0013)	accu 1.000 (1.000)	
Train Epoch-23  Iter-25 /706	loss 0.5291 (0.0867)	accu 0.750 (0.952)	
Train Epoch-23  Iter-50 /706	loss 0.0370 (0.0686)	accu 1.000 (0.963)	
Train Epoch-23  Iter-75 /706	loss 0.2144 (0.0620)	accu 0.875 (0.970)	
Train Epoch-23  Iter-100/706	loss 0.0015 (0.0618)	accu 1.000 (0.972)	
Train Epoch-23  Iter-125/706	loss 0.0006 (0.0558)	accu 1.000 (0.975)	
Train Epoch-23  Iter-150/706	loss 0.3031 (0.0562)	accu 0.750 (0.976)	
Train Epoch-23  Iter-175/706	loss 0.3348 (0.0595)	accu 0.875 (0.976)	
Train Epoch-23  Iter-200/706	loss 0.0017 (0.0591)	accu 1.000 (0.976)	
Train Epoch-23  Iter-225/706	loss 0.0044 (0.0596)	accu 1.000 (0.976)	
Train Epoch-23  Iter-250/706	loss 0.0105 (0.0589)	accu 1.000 (0.977)	
Train Epoch-23  Iter-275/706	loss 0.3559 (0.0573)	accu 0.875 (0.977)	
Train Epoch-23  Iter-300/706	loss 0.1300 (0.0569)	accu 0.875 (0.978)	
Train Epoch-23  Iter-325/706	loss 0.0190 (0.0605)	accu 1.000 (0.977)	
Train Epoch-23  Iter-350/706	loss 0.0116 (0.0579)	accu 1.000 (0.978)	
Train Epoch-23  Iter-375/706	loss 0.0124 (0.0575)	accu 1.000 (0.979)	
Train Epoch-23  Iter-400/706	loss 0.0408 (0.0580)	accu 1.000 (0.979)	
Train Epoch-23  Iter-425/706	loss 0.0005 (0.0567)	accu 1.000 (0.979)	
Train Epoch-23  Iter-450/706	loss 0.0293 (0.0569)	accu 1.000 (0.979)	
Train Epoch-23  Iter-475/706	loss 0.0882 (0.0555)	accu 1.000 (0.980)	
Train Epoch-23  Iter-500/706	loss 0.0047 (0.0545)	accu 1.000 (0.980)	
Train Epoch-23  Iter-525/706	loss 0.0129 (0.0535)	accu 1.000 (0.981)	
Train Epoch-23  Iter-550/706	loss 0.0340 (0.0520)	accu 1.000 (0.981)	
Train Epoch-23  Iter-575/706	loss 0.0033 (0.0511)	accu 1.000 (0.982)	
Train Epoch-23  Iter-600/706	loss 0.0325 (0.0507)	accu 1.000 (0.982)	
Train Epoch-23  Iter-625/706	loss 0.0138 (0.0517)	accu 1.000 (0.982)	
Train Epoch-23  Iter-650/706	loss 0.3604 (0.0524)	accu 0.875 (0.981)	
Train Epoch-23  Iter-675/706	loss 0.0233 (0.0515)	accu 1.000 (0.981)	
Train Epoch-23  Iter-700/706	loss 0.0003 (0.0510)	accu 1.000 (0.981)	
Eval Epoch-23  Iter-0  /52 	loss 0.9304 (0.9304)	accu 0.625 (0.625)	
Eval Epoch-23  Iter-25 /52 	loss 0.3068 (0.9679)	accu 0.875 (0.716)	
Eval Epoch-23  Iter-50 /52 	loss 1.4198 (1.1146)	accu 0.500 (0.716)	
Epoch-23  Train: loss 0.0524	accu 0.9809	Eval: loss 1.1014	accu 0.7163
Train Epoch-24  Iter-0  /706	loss 0.0079 (0.0079)	accu 1.000 (1.000)	
Train Epoch-24  Iter-25 /706	loss 0.0005 (0.0445)	accu 1.000 (0.981)	
Train Epoch-24  Iter-50 /706	loss 0.2000 (0.0527)	accu 0.875 (0.975)	
Train Epoch-24  Iter-75 /706	loss 0.0003 (0.0695)	accu 1.000 (0.970)	
Train Epoch-24  Iter-100/706	loss 0.0046 (0.0691)	accu 1.000 (0.974)	
Train Epoch-24  Iter-125/706	loss 0.0683 (0.0630)	accu 1.000 (0.976)	
Train Epoch-24  Iter-150/706	loss 0.0003 (0.0574)	accu 1.000 (0.978)	
Train Epoch-24  Iter-175/706	loss 0.2200 (0.0625)	accu 0.875 (0.974)	
Train Epoch-24  Iter-200/706	loss 0.2180 (0.0612)	accu 0.875 (0.975)	
Train Epoch-24  Iter-225/706	loss 0.6439 (0.0621)	accu 0.875 (0.975)	
Train Epoch-24  Iter-250/706	loss 0.2186 (0.0604)	accu 0.875 (0.976)	
Train Epoch-24  Iter-275/706	loss 0.0930 (0.0629)	accu 0.875 (0.975)	
Train Epoch-24  Iter-300/706	loss 0.0021 (0.0606)	accu 1.000 (0.976)	
Train Epoch-24  Iter-325/706	loss 0.0397 (0.0580)	accu 1.000 (0.977)	
Train Epoch-24  Iter-350/706	loss 0.0109 (0.0589)	accu 1.000 (0.978)	
Train Epoch-24  Iter-375/706	loss 0.0286 (0.0605)	accu 1.000 (0.977)	
Train Epoch-24  Iter-400/706	loss 0.0090 (0.0623)	accu 1.000 (0.977)	
Train Epoch-24  Iter-425/706	loss 0.0334 (0.0606)	accu 1.000 (0.977)	
Train Epoch-24  Iter-450/706	loss 0.0319 (0.0609)	accu 1.000 (0.977)	
Train Epoch-24  Iter-475/706	loss 0.2555 (0.0605)	accu 0.875 (0.977)	
Train Epoch-24  Iter-500/706	loss 0.0006 (0.0592)	accu 1.000 (0.978)	
Train Epoch-24  Iter-525/706	loss 0.1674 (0.0594)	accu 0.875 (0.977)	
Train Epoch-24  Iter-550/706	loss 0.1304 (0.0592)	accu 0.875 (0.978)	
Train Epoch-24  Iter-575/706	loss 0.0063 (0.0587)	accu 1.000 (0.978)	
Train Epoch-24  Iter-600/706	loss 0.3025 (0.0583)	accu 0.875 (0.978)	
Train Epoch-24  Iter-625/706	loss 0.0004 (0.0577)	accu 1.000 (0.979)	
Train Epoch-24  Iter-650/706	loss 0.0008 (0.0573)	accu 1.000 (0.979)	
Train Epoch-24  Iter-675/706	loss 0.0121 (0.0563)	accu 1.000 (0.979)	
Train Epoch-24  Iter-700/706	loss 0.0010 (0.0578)	accu 1.000 (0.979)	
Eval Epoch-24  Iter-0  /52 	loss 0.9359 (0.9359)	accu 0.625 (0.625)	
Eval Epoch-24  Iter-25 /52 	loss 0.3109 (0.9745)	accu 0.875 (0.716)	
Eval Epoch-24  Iter-50 /52 	loss 1.4080 (1.1166)	accu 0.500 (0.716)	
Epoch-24  Train: loss 0.0579	accu 0.9789	Eval: loss 1.1033	accu 0.7163
Train Epoch-25  Iter-0  /706	loss 0.0251 (0.0251)	accu 1.000 (1.000)	
Train Epoch-25  Iter-25 /706	loss 0.0310 (0.0603)	accu 1.000 (0.986)	
Train Epoch-25  Iter-50 /706	loss 0.0004 (0.0610)	accu 1.000 (0.978)	
Train Epoch-25  Iter-75 /706	loss 0.0005 (0.0481)	accu 1.000 (0.984)	
Train Epoch-25  Iter-100/706	loss 0.0168 (0.0493)	accu 1.000 (0.983)	
Train Epoch-25  Iter-125/706	loss 0.0140 (0.0536)	accu 1.000 (0.980)	
Train Epoch-25  Iter-150/706	loss 0.0004 (0.0526)	accu 1.000 (0.982)	
Train Epoch-25  Iter-175/706	loss 0.0303 (0.0512)	accu 1.000 (0.982)	
Train Epoch-25  Iter-200/706	loss 0.0004 (0.0552)	accu 1.000 (0.982)	
Train Epoch-25  Iter-225/706	loss 0.4925 (0.0573)	accu 0.875 (0.981)	
Train Epoch-25  Iter-250/706	loss 0.0004 (0.0550)	accu 1.000 (0.982)	
Train Epoch-25  Iter-275/706	loss 0.0178 (0.0532)	accu 1.000 (0.982)	
Train Epoch-25  Iter-300/706	loss 0.0095 (0.0538)	accu 1.000 (0.981)	
Train Epoch-25  Iter-325/706	loss 0.0185 (0.0543)	accu 1.000 (0.981)	
Train Epoch-25  Iter-350/706	loss 0.0378 (0.0536)	accu 1.000 (0.981)	
Train Epoch-25  Iter-375/706	loss 0.0137 (0.0557)	accu 1.000 (0.980)	
Train Epoch-25  Iter-400/706	loss 0.8141 (0.0582)	accu 0.875 (0.980)	
Train Epoch-25  Iter-425/706	loss 0.0037 (0.0560)	accu 1.000 (0.982)	
Train Epoch-25  Iter-450/706	loss 0.0352 (0.0559)	accu 1.000 (0.981)	
Train Epoch-25  Iter-475/706	loss 0.0016 (0.0550)	accu 1.000 (0.981)	
Train Epoch-25  Iter-500/706	loss 0.0009 (0.0536)	accu 1.000 (0.982)	
Train Epoch-25  Iter-525/706	loss 0.0357 (0.0564)	accu 1.000 (0.981)	
Train Epoch-25  Iter-550/706	loss 0.0148 (0.0570)	accu 1.000 (0.981)	
Train Epoch-25  Iter-575/706	loss 0.0179 (0.0590)	accu 1.000 (0.980)	
Train Epoch-25  Iter-600/706	loss 0.0008 (0.0578)	accu 1.000 (0.980)	
Train Epoch-25  Iter-625/706	loss 0.4031 (0.0585)	accu 0.875 (0.980)	
Train Epoch-25  Iter-650/706	loss 0.0382 (0.0582)	accu 1.000 (0.980)	
Train Epoch-25  Iter-675/706	loss 0.0116 (0.0575)	accu 1.000 (0.981)	
Train Epoch-25  Iter-700/706	loss 0.0290 (0.0566)	accu 1.000 (0.981)	
Eval Epoch-25  Iter-0  /52 	loss 0.9323 (0.9323)	accu 0.625 (0.625)	
Eval Epoch-25  Iter-25 /52 	loss 0.3109 (0.9742)	accu 0.875 (0.716)	
Eval Epoch-25  Iter-50 /52 	loss 1.4140 (1.1167)	accu 0.500 (0.716)	
Epoch-25  Train: loss 0.0563	accu 0.9811	Eval: loss 1.1034	accu 0.7163
Epoch    26: reducing learning rate of group 0 to 3.0000e-08.
Train Epoch-26  Iter-0  /706	loss 0.0336 (0.0336)	accu 1.000 (1.000)	
Train Epoch-26  Iter-25 /706	loss 0.0028 (0.0891)	accu 1.000 (0.962)	
Train Epoch-26  Iter-50 /706	loss 0.3196 (0.0594)	accu 0.875 (0.973)	
Train Epoch-26  Iter-75 /706	loss 0.0004 (0.0568)	accu 1.000 (0.977)	
Train Epoch-26  Iter-100/706	loss 0.0008 (0.0528)	accu 1.000 (0.979)	
Train Epoch-26  Iter-125/706	loss 0.0068 (0.0572)	accu 1.000 (0.980)	
Train Epoch-26  Iter-150/706	loss 0.0202 (0.0514)	accu 1.000 (0.983)	
Train Epoch-26  Iter-175/706	loss 0.0066 (0.0539)	accu 1.000 (0.981)	
Train Epoch-26  Iter-200/706	loss 0.2922 (0.0526)	accu 0.875 (0.981)	
Train Epoch-26  Iter-225/706	loss 0.0175 (0.0501)	accu 1.000 (0.982)	
Train Epoch-26  Iter-250/706	loss 0.3254 (0.0507)	accu 0.875 (0.982)	
Train Epoch-26  Iter-275/706	loss 0.0360 (0.0544)	accu 1.000 (0.981)	
Train Epoch-26  Iter-300/706	loss 0.0067 (0.0515)	accu 1.000 (0.982)	
Train Epoch-26  Iter-325/706	loss 0.0635 (0.0528)	accu 1.000 (0.982)	
Train Epoch-26  Iter-350/706	loss 0.0185 (0.0524)	accu 1.000 (0.981)	
Train Epoch-26  Iter-375/706	loss 0.0051 (0.0508)	accu 1.000 (0.982)	
Train Epoch-26  Iter-400/706	loss 0.0005 (0.0529)	accu 1.000 (0.981)	
Train Epoch-26  Iter-425/706	loss 0.2641 (0.0534)	accu 0.875 (0.981)	
Train Epoch-26  Iter-450/706	loss 0.0017 (0.0520)	accu 1.000 (0.981)	
Train Epoch-26  Iter-475/706	loss 0.0006 (0.0524)	accu 1.000 (0.982)	
Train Epoch-26  Iter-500/706	loss 0.0192 (0.0520)	accu 1.000 (0.982)	
Train Epoch-26  Iter-525/706	loss 0.0191 (0.0524)	accu 1.000 (0.981)	
Train Epoch-26  Iter-550/706	loss 0.0008 (0.0523)	accu 1.000 (0.981)	
Train Epoch-26  Iter-575/706	loss 0.0043 (0.0545)	accu 1.000 (0.981)	
Train Epoch-26  Iter-600/706	loss 0.0105 (0.0553)	accu 1.000 (0.980)	
Train Epoch-26  Iter-625/706	loss 0.0037 (0.0554)	accu 1.000 (0.980)	
Train Epoch-26  Iter-650/706	loss 0.0816 (0.0545)	accu 1.000 (0.981)	
Train Epoch-26  Iter-675/706	loss 0.0151 (0.0550)	accu 1.000 (0.980)	
Train Epoch-26  Iter-700/706	loss 0.3578 (0.0545)	accu 0.875 (0.981)	
Eval Epoch-26  Iter-0  /52 	loss 0.9325 (0.9325)	accu 0.625 (0.625)	
Eval Epoch-26  Iter-25 /52 	loss 0.3109 (0.9744)	accu 0.875 (0.716)	
Eval Epoch-26  Iter-50 /52 	loss 1.4146 (1.1169)	accu 0.500 (0.716)	
Epoch-26  Train: loss 0.0548	accu 0.9803	Eval: loss 1.1036	accu 0.7163
Train Epoch-27  Iter-0  /706	loss 0.0005 (0.0005)	accu 1.000 (1.000)	
Train Epoch-27  Iter-25 /706	loss 0.2376 (0.0334)	accu 0.875 (0.986)	
Train Epoch-27  Iter-50 /706	loss 0.0053 (0.0444)	accu 1.000 (0.983)	
Train Epoch-27  Iter-75 /706	loss 0.0261 (0.0407)	accu 1.000 (0.985)	
Train Epoch-27  Iter-100/706	loss 0.0122 (0.0444)	accu 1.000 (0.983)	
Train Epoch-27  Iter-125/706	loss 0.0601 (0.0476)	accu 1.000 (0.981)	
Train Epoch-27  Iter-150/706	loss 0.0863 (0.0478)	accu 1.000 (0.981)	
Train Epoch-27  Iter-175/706	loss 0.0148 (0.0541)	accu 1.000 (0.977)	
Train Epoch-27  Iter-200/706	loss 0.4584 (0.0555)	accu 0.750 (0.976)	
Train Epoch-27  Iter-225/706	loss 0.0014 (0.0549)	accu 1.000 (0.976)	
Train Epoch-27  Iter-250/706	loss 0.0075 (0.0529)	accu 1.000 (0.978)	
Train Epoch-27  Iter-275/706	loss 0.0091 (0.0513)	accu 1.000 (0.979)	
Train Epoch-27  Iter-300/706	loss 0.4851 (0.0536)	accu 0.750 (0.978)	
Train Epoch-27  Iter-325/706	loss 0.0457 (0.0532)	accu 1.000 (0.979)	
Train Epoch-27  Iter-350/706	loss 0.3098 (0.0543)	accu 0.875 (0.978)	
Train Epoch-27  Iter-375/706	loss 0.0456 (0.0554)	accu 1.000 (0.977)	
Train Epoch-27  Iter-400/706	loss 0.0105 (0.0561)	accu 1.000 (0.977)	
Train Epoch-27  Iter-425/706	loss 0.0140 (0.0568)	accu 1.000 (0.977)	
Train Epoch-27  Iter-450/706	loss 0.0338 (0.0571)	accu 1.000 (0.977)	
Train Epoch-27  Iter-475/706	loss 0.0172 (0.0564)	accu 1.000 (0.977)	
Train Epoch-27  Iter-500/706	loss 0.0048 (0.0551)	accu 1.000 (0.978)	
Train Epoch-27  Iter-525/706	loss 0.2668 (0.0559)	accu 0.875 (0.978)	
Train Epoch-27  Iter-550/706	loss 0.0005 (0.0561)	accu 1.000 (0.978)	
Train Epoch-27  Iter-575/706	loss 0.0004 (0.0572)	accu 1.000 (0.977)	
Train Epoch-27  Iter-600/706	loss 0.0092 (0.0587)	accu 1.000 (0.977)	
Train Epoch-27  Iter-625/706	loss 0.2840 (0.0586)	accu 0.875 (0.977)	
Train Epoch-27  Iter-650/706	loss 0.0684 (0.0579)	accu 1.000 (0.977)	
Train Epoch-27  Iter-675/706	loss 0.0003 (0.0587)	accu 1.000 (0.977)	
Train Epoch-27  Iter-700/706	loss 0.0073 (0.0582)	accu 1.000 (0.977)	
Eval Epoch-27  Iter-0  /52 	loss 0.9316 (0.9316)	accu 0.625 (0.625)	
Eval Epoch-27  Iter-25 /52 	loss 0.3104 (0.9738)	accu 0.875 (0.716)	
Eval Epoch-27  Iter-50 /52 	loss 1.4162 (1.1167)	accu 0.500 (0.716)	
Epoch-27  Train: loss 0.0584	accu 0.9772	Eval: loss 1.1034	accu 0.7163
Train Epoch-28  Iter-0  /706	loss 0.0198 (0.0198)	accu 1.000 (1.000)	
Train Epoch-28  Iter-25 /706	loss 0.1546 (0.0588)	accu 0.875 (0.986)	
Train Epoch-28  Iter-50 /706	loss 0.0009 (0.0896)	accu 1.000 (0.971)	
Train Epoch-28  Iter-75 /706	loss 0.0604 (0.0801)	accu 1.000 (0.972)	
Train Epoch-28  Iter-100/706	loss 0.0121 (0.0673)	accu 1.000 (0.976)	
Train Epoch-28  Iter-125/706	loss 0.0008 (0.0626)	accu 1.000 (0.979)	
Train Epoch-28  Iter-150/706	loss 0.0237 (0.0619)	accu 1.000 (0.978)	
Train Epoch-28  Iter-175/706	loss 0.0590 (0.0640)	accu 1.000 (0.978)	
Train Epoch-28  Iter-200/706	loss 0.0004 (0.0638)	accu 1.000 (0.979)	
Train Epoch-28  Iter-225/706	loss 0.0023 (0.0616)	accu 1.000 (0.980)	
Train Epoch-28  Iter-250/706	loss 0.0008 (0.0610)	accu 1.000 (0.979)	
Train Epoch-28  Iter-275/706	loss 0.4260 (0.0590)	accu 0.875 (0.980)	
Train Epoch-28  Iter-300/706	loss 0.0142 (0.0590)	accu 1.000 (0.980)	
Train Epoch-28  Iter-325/706	loss 0.0260 (0.0585)	accu 1.000 (0.980)	
Train Epoch-28  Iter-350/706	loss 0.0108 (0.0581)	accu 1.000 (0.980)	
Train Epoch-28  Iter-375/706	loss 0.0003 (0.0562)	accu 1.000 (0.981)	
Train Epoch-28  Iter-400/706	loss 0.0149 (0.0564)	accu 1.000 (0.981)	
Train Epoch-28  Iter-425/706	loss 0.0051 (0.0562)	accu 1.000 (0.981)	
Train Epoch-28  Iter-450/706	loss 0.4095 (0.0570)	accu 0.875 (0.980)	
Train Epoch-28  Iter-475/706	loss 0.0238 (0.0572)	accu 1.000 (0.980)	
Train Epoch-28  Iter-500/706	loss 0.0004 (0.0572)	accu 1.000 (0.980)	
Train Epoch-28  Iter-525/706	loss 0.0180 (0.0580)	accu 1.000 (0.979)	
Train Epoch-28  Iter-550/706	loss 0.0289 (0.0582)	accu 1.000 (0.979)	
Train Epoch-28  Iter-575/706	loss 0.0586 (0.0576)	accu 1.000 (0.979)	
Train Epoch-28  Iter-600/706	loss 0.0031 (0.0575)	accu 1.000 (0.979)	
Train Epoch-28  Iter-625/706	loss 0.0171 (0.0568)	accu 1.000 (0.979)	
Train Epoch-28  Iter-650/706	loss 0.0049 (0.0562)	accu 1.000 (0.980)	
Train Epoch-28  Iter-675/706	loss 0.0131 (0.0548)	accu 1.000 (0.980)	
Train Epoch-28  Iter-700/706	loss 0.0169 (0.0548)	accu 1.000 (0.980)	
Eval Epoch-28  Iter-0  /52 	loss 0.9311 (0.9311)	accu 0.625 (0.625)	
Eval Epoch-28  Iter-25 /52 	loss 0.3099 (0.9733)	accu 0.875 (0.716)	
Eval Epoch-28  Iter-50 /52 	loss 1.4175 (1.1166)	accu 0.500 (0.716)	
Epoch-28  Train: loss 0.0548	accu 0.9798	Eval: loss 1.1033	accu 0.7163
Train Epoch-29  Iter-0  /706	loss 0.0350 (0.0350)	accu 1.000 (1.000)	
Train Epoch-29  Iter-25 /706	loss 0.0010 (0.0539)	accu 1.000 (0.981)	
Train Epoch-29  Iter-50 /706	loss 0.1282 (0.0608)	accu 0.875 (0.978)	
Train Epoch-29  Iter-75 /706	loss 0.0441 (0.0530)	accu 1.000 (0.982)	
Train Epoch-29  Iter-100/706	loss 0.0161 (0.0492)	accu 1.000 (0.984)	
Train Epoch-29  Iter-125/706	loss 0.3633 (0.0502)	accu 0.875 (0.983)	
Train Epoch-29  Iter-150/706	loss 0.0174 (0.0587)	accu 1.000 (0.980)	
Train Epoch-29  Iter-175/706	loss 0.0579 (0.0597)	accu 1.000 (0.980)	
Train Epoch-29  Iter-200/706	loss 0.0034 (0.0624)	accu 1.000 (0.978)	
Train Epoch-29  Iter-225/706	loss 0.0071 (0.0586)	accu 1.000 (0.980)	
Train Epoch-29  Iter-250/706	loss 0.0299 (0.0591)	accu 1.000 (0.979)	
Train Epoch-29  Iter-275/706	loss 0.0038 (0.0569)	accu 1.000 (0.981)	
Train Epoch-29  Iter-300/706	loss 0.0147 (0.0562)	accu 1.000 (0.980)	
Train Epoch-29  Iter-325/706	loss 0.0058 (0.0571)	accu 1.000 (0.980)	
Train Epoch-29  Iter-350/706	loss 0.0771 (0.0573)	accu 1.000 (0.981)	
Train Epoch-29  Iter-375/706	loss 0.0060 (0.0568)	accu 1.000 (0.981)	
Train Epoch-29  Iter-400/706	loss 0.0285 (0.0564)	accu 1.000 (0.982)	
Train Epoch-29  Iter-425/706	loss 0.0055 (0.0571)	accu 1.000 (0.982)	
Train Epoch-29  Iter-450/706	loss 0.5327 (0.0568)	accu 0.875 (0.982)	
Train Epoch-29  Iter-475/706	loss 0.0005 (0.0554)	accu 1.000 (0.982)	
Train Epoch-29  Iter-500/706	loss 0.0011 (0.0548)	accu 1.000 (0.982)	
Train Epoch-29  Iter-525/706	loss 0.0099 (0.0540)	accu 1.000 (0.983)	
Train Epoch-29  Iter-550/706	loss 0.2450 (0.0562)	accu 0.875 (0.981)	
Train Epoch-29  Iter-575/706	loss 0.0097 (0.0570)	accu 1.000 (0.980)	
Train Epoch-29  Iter-600/706	loss 0.0006 (0.0577)	accu 1.000 (0.980)	
Train Epoch-29  Iter-625/706	loss 0.0148 (0.0572)	accu 1.000 (0.980)	
Train Epoch-29  Iter-650/706	loss 0.0004 (0.0568)	accu 1.000 (0.980)	
Train Epoch-29  Iter-675/706	loss 0.0003 (0.0559)	accu 1.000 (0.980)	
Train Epoch-29  Iter-700/706	loss 0.0374 (0.0555)	accu 1.000 (0.981)	
Eval Epoch-29  Iter-0  /52 	loss 0.9313 (0.9313)	accu 0.625 (0.625)	
Eval Epoch-29  Iter-25 /52 	loss 0.3102 (0.9737)	accu 0.875 (0.716)	
Eval Epoch-29  Iter-50 /52 	loss 1.4160 (1.1167)	accu 0.500 (0.716)	
Epoch-29  Train: loss 0.0553	accu 0.9807	Eval: loss 1.1034	accu 0.7163
Eval Epoch-0   Iter-0  /52 	loss 0.6483 (0.6483)	accu 0.625 (0.625)	
Eval Epoch-0   Iter-25 /52 	loss 0.0036 (0.2911)	accu 1.000 (0.861)	
Eval Epoch-0   Iter-50 /52 	loss 1.4301 (0.5786)	accu 0.625 (0.806)	
Eval: loss 0.5714	accu 0.8101
Test Epoch-0   Iter-0  /59 	loss 0.2598 (0.2598)	accu 0.875 (0.875)	
Test Epoch-0   Iter-25 /59 	loss 0.0221 (0.5268)	accu 1.000 (0.822)	
Test Epoch-0   Iter-50 /59 	loss 1.2653 (0.7971)	accu 0.625 (0.760)	
Test: loss 0.9215	accu 0.7246
wandb: Waiting for W&B process to finish... (success).
wandb: 
wandb: Run history:
wandb:   Eval Acc ▆█▄▆▅▆▁▄▄▅▅▄▅▅▅▅▅▅▅▅▅▅▅▅▅▅▅▅▅▅
wandb:  Eval Loss ▁▁▄▄▄▁▇▄▄▆▆█▆▇▇▇▇▇▇▇▇▇▇▇▇▇▇▇▇▇
wandb:  Train Acc ▁▅▆▇▇▇▇▇▇█████████████████████
wandb: Train Loss █▄▄▃▃▃▂▂▂▁▁▁▁▁▁▁▁▁▁▁▁▁▁▁▁▁▁▁▁▁
wandb: 
wandb: Run summary:
wandb:   Eval Acc 0.71635
wandb:  Eval Loss 1.10342
wandb:  Train Acc 0.9807
wandb: Train Loss 0.05528
wandb: 
wandb: 🚀 View run pious-puddle-249 at: https://wandb.ai/is_project/vision_models/runs/pgea20jg
wandb: Synced 6 W&B file(s), 0 media file(s), 0 artifact file(s) and 0 other file(s)
wandb: Find logs at: ./wandb/run-20230612_180846-pgea20jg/logs
