Namespace(add_comment=True, add_description=True, add_other_comments=False, add_title=False, add_transcription=False, add_video=False, batch_size=8, clip_embeedings_path='data/CLIP_embeddings', debug=False, desc_keyphrase_extract=True, desc_token_count=512, freeze_lf_layers=23, gpu='3', lr=0.0003, max_epochs=30, max_len=512, metadata_path='data/extra_data_trans.csv', model='bert-large-cased', multitask=False, num_workers=0, other_comments_path='data/extra_data_other_comments.csv', other_comments_token_count=300, pad_metadata=True, remove_none=False, test_question_file='data/with_aug_ttv/test.csv', title_token_count=50, train_question_file='data/with_aug_ttv/train.csv', transcript_keyphrase_extract=False, transcript_token_count=300, validation_question_file='data/with_aug_ttv/eval.csv', video_path='data/videos/', work_dir='model_comment/')
wandb: Currently logged in as: shrey2809 (is_project). Use `wandb login --relogin` to force relogin
wandb: Tracking run with wandb version 0.15.4
wandb: Run data is saved locally in /scratch/AzureNfsServer_INPUT1/vc_data/users/gmanish/multiModalHate/IS-Hate-Speech/wandb/run-20230612_181636-bevjw755
wandb: Run `wandb offline` to turn off syncing.
wandb: Syncing run ruby-firefly-262
wandb: ⭐️ View project at https://wandb.ai/is_project/vision_models
wandb: 🚀 View run at https://wandb.ai/is_project/vision_models/runs/bevjw755
number of available devices: 1
obtained dataloaders
Some weights of the model checkpoint at bert-large-cased were not used when initializing BertModel: ['cls.predictions.transform.dense.weight', 'cls.predictions.bias', 'cls.seq_relationship.weight', 'cls.seq_relationship.bias', 'cls.predictions.transform.dense.bias', 'cls.predictions.decoder.weight', 'cls.predictions.transform.LayerNorm.weight', 'cls.predictions.transform.LayerNorm.bias']
- This IS expected if you are initializing BertModel from the checkpoint of a model trained on another task or with another architecture (e.g. initializing a BertForSequenceClassification model from a BertForPreTraining model).
- This IS NOT expected if you are initializing BertModel from the checkpoint of a model that you expect to be exactly identical (initializing a BertForSequenceClassification model from a BertForSequenceClassification model).
loaded models
Train Epoch-0   Iter-0  /706	loss 0.7999 (0.7999)	accu 0.250 (0.250)	
Train Epoch-0   Iter-25 /706	loss 0.7056 (0.6708)	accu 0.625 (0.606)	
Train Epoch-0   Iter-50 /706	loss 0.6064 (0.6788)	accu 0.750 (0.578)	
Train Epoch-0   Iter-75 /706	loss 0.6431 (0.6934)	accu 0.875 (0.544)	
Train Epoch-0   Iter-100/706	loss 0.7142 (0.6945)	accu 0.250 (0.552)	
Train Epoch-0   Iter-125/706	loss 0.7289 (0.6943)	accu 0.500 (0.548)	
Train Epoch-0   Iter-150/706	loss 0.5417 (0.6897)	accu 0.750 (0.552)	
Train Epoch-0   Iter-175/706	loss 0.7538 (0.6838)	accu 0.500 (0.557)	
Train Epoch-0   Iter-200/706	loss 0.6878 (0.6639)	accu 0.625 (0.581)	
Train Epoch-0   Iter-225/706	loss 0.5370 (0.6511)	accu 0.750 (0.599)	
Train Epoch-0   Iter-250/706	loss 0.5304 (0.6352)	accu 0.625 (0.616)	
Train Epoch-0   Iter-275/706	loss 0.6898 (0.6170)	accu 0.500 (0.633)	
Train Epoch-0   Iter-300/706	loss 0.3818 (0.6091)	accu 0.875 (0.645)	
Train Epoch-0   Iter-325/706	loss 0.2285 (0.5999)	accu 0.875 (0.655)	
Train Epoch-0   Iter-350/706	loss 0.5146 (0.5942)	accu 0.750 (0.663)	
Train Epoch-0   Iter-375/706	loss 0.4328 (0.5819)	accu 0.875 (0.674)	
Train Epoch-0   Iter-400/706	loss 0.4768 (0.5794)	accu 0.750 (0.680)	
Train Epoch-0   Iter-425/706	loss 0.2403 (0.5700)	accu 1.000 (0.687)	
Train Epoch-0   Iter-450/706	loss 0.2805 (0.5632)	accu 1.000 (0.695)	
Train Epoch-0   Iter-475/706	loss 0.4884 (0.5535)	accu 0.750 (0.702)	
Train Epoch-0   Iter-500/706	loss 0.4987 (0.5442)	accu 0.625 (0.709)	
Train Epoch-0   Iter-525/706	loss 0.0858 (0.5366)	accu 1.000 (0.716)	
Train Epoch-0   Iter-550/706	loss 0.5765 (0.5276)	accu 0.750 (0.721)	
Train Epoch-0   Iter-575/706	loss 0.8345 (0.5236)	accu 0.625 (0.723)	
Train Epoch-0   Iter-600/706	loss 0.1959 (0.5165)	accu 0.875 (0.729)	
Train Epoch-0   Iter-625/706	loss 0.1034 (0.5107)	accu 1.000 (0.734)	
Train Epoch-0   Iter-650/706	loss 0.3614 (0.5025)	accu 0.750 (0.739)	
Train Epoch-0   Iter-675/706	loss 0.0229 (0.4924)	accu 1.000 (0.745)	
Train Epoch-0   Iter-700/706	loss 0.5004 (0.4847)	accu 0.750 (0.750)	
Eval Epoch-0   Iter-0  /52 	loss 0.8549 (0.8549)	accu 0.750 (0.750)	
Eval Epoch-0   Iter-25 /52 	loss 0.3412 (0.7059)	accu 0.875 (0.649)	
Eval Epoch-0   Iter-50 /52 	loss 1.2940 (0.6846)	accu 0.625 (0.681)	
Epoch-0   Train: loss 0.4845	accu 0.7505	Eval: loss 0.6846	accu 0.6779
Train Epoch-1   Iter-0  /706	loss 0.2298 (0.2298)	accu 1.000 (1.000)	
Train Epoch-1   Iter-25 /706	loss 0.1303 (0.2532)	accu 0.875 (0.885)	
Train Epoch-1   Iter-50 /706	loss 0.2152 (0.2970)	accu 1.000 (0.870)	
Train Epoch-1   Iter-75 /706	loss 0.7570 (0.2805)	accu 0.750 (0.875)	
Train Epoch-1   Iter-100/706	loss 0.5055 (0.2831)	accu 0.750 (0.884)	
Train Epoch-1   Iter-125/706	loss 0.7284 (0.2980)	accu 0.750 (0.880)	
Train Epoch-1   Iter-150/706	loss 0.6724 (0.2915)	accu 0.500 (0.880)	
Train Epoch-1   Iter-175/706	loss 0.0553 (0.2869)	accu 1.000 (0.885)	
Train Epoch-1   Iter-200/706	loss 0.6957 (0.2835)	accu 0.875 (0.886)	
Train Epoch-1   Iter-225/706	loss 0.2373 (0.2798)	accu 0.875 (0.887)	
Train Epoch-1   Iter-250/706	loss 0.5040 (0.2786)	accu 0.625 (0.886)	
Train Epoch-1   Iter-275/706	loss 0.2138 (0.2747)	accu 0.875 (0.885)	
Train Epoch-1   Iter-300/706	loss 0.1892 (0.2733)	accu 1.000 (0.886)	
Train Epoch-1   Iter-325/706	loss 0.2983 (0.2714)	accu 0.875 (0.888)	
Train Epoch-1   Iter-350/706	loss 0.4923 (0.2742)	accu 0.875 (0.888)	
Train Epoch-1   Iter-375/706	loss 0.2055 (0.2746)	accu 1.000 (0.887)	
Train Epoch-1   Iter-400/706	loss 0.0319 (0.2726)	accu 1.000 (0.886)	
Train Epoch-1   Iter-425/706	loss 0.5025 (0.2748)	accu 0.625 (0.885)	
Train Epoch-1   Iter-450/706	loss 0.0432 (0.2739)	accu 1.000 (0.886)	
Train Epoch-1   Iter-475/706	loss 0.1175 (0.2748)	accu 1.000 (0.886)	
Train Epoch-1   Iter-500/706	loss 0.1350 (0.2737)	accu 0.875 (0.886)	
Train Epoch-1   Iter-525/706	loss 0.3197 (0.2702)	accu 0.750 (0.887)	
Train Epoch-1   Iter-550/706	loss 0.8856 (0.2665)	accu 0.625 (0.889)	
Train Epoch-1   Iter-575/706	loss 0.0347 (0.2646)	accu 1.000 (0.889)	
Train Epoch-1   Iter-600/706	loss 0.0093 (0.2628)	accu 1.000 (0.889)	
Train Epoch-1   Iter-625/706	loss 0.0397 (0.2610)	accu 1.000 (0.891)	
Train Epoch-1   Iter-650/706	loss 0.3213 (0.2603)	accu 0.875 (0.892)	
Train Epoch-1   Iter-675/706	loss 0.0253 (0.2585)	accu 1.000 (0.893)	
Train Epoch-1   Iter-700/706	loss 0.0337 (0.2551)	accu 1.000 (0.895)	
Eval Epoch-1   Iter-0  /52 	loss 0.5420 (0.5420)	accu 0.750 (0.750)	
Eval Epoch-1   Iter-25 /52 	loss 0.0123 (0.2292)	accu 1.000 (0.923)	
Eval Epoch-1   Iter-50 /52 	loss 1.7273 (0.8355)	accu 0.375 (0.713)	
Epoch-1   Train: loss 0.2552	accu 0.8948	Eval: loss 0.8603	accu 0.7067
Train Epoch-2   Iter-0  /706	loss 0.6196 (0.6196)	accu 0.750 (0.750)	
Train Epoch-2   Iter-25 /706	loss 0.8721 (0.2552)	accu 0.750 (0.923)	
Train Epoch-2   Iter-50 /706	loss 0.1101 (0.2112)	accu 1.000 (0.931)	
Train Epoch-2   Iter-75 /706	loss 0.2746 (0.1968)	accu 0.875 (0.931)	
Train Epoch-2   Iter-100/706	loss 0.0913 (0.1991)	accu 1.000 (0.927)	
Train Epoch-2   Iter-125/706	loss 0.0923 (0.1936)	accu 1.000 (0.930)	
Train Epoch-2   Iter-150/706	loss 0.0110 (0.1851)	accu 1.000 (0.932)	
Train Epoch-2   Iter-175/706	loss 0.4264 (0.1840)	accu 0.750 (0.930)	
Train Epoch-2   Iter-200/706	loss 0.0142 (0.1864)	accu 1.000 (0.930)	
Train Epoch-2   Iter-225/706	loss 0.4384 (0.1883)	accu 0.875 (0.929)	
Train Epoch-2   Iter-250/706	loss 0.0673 (0.1891)	accu 1.000 (0.929)	
Train Epoch-2   Iter-275/706	loss 0.3940 (0.1935)	accu 0.875 (0.929)	
Train Epoch-2   Iter-300/706	loss 0.0488 (0.1911)	accu 1.000 (0.930)	
Train Epoch-2   Iter-325/706	loss 0.6419 (0.1923)	accu 0.875 (0.931)	
Train Epoch-2   Iter-350/706	loss 0.4747 (0.1956)	accu 0.750 (0.930)	
Train Epoch-2   Iter-375/706	loss 0.1843 (0.1992)	accu 0.875 (0.928)	
Train Epoch-2   Iter-400/706	loss 0.0408 (0.1996)	accu 1.000 (0.928)	
Train Epoch-2   Iter-425/706	loss 0.0201 (0.1956)	accu 1.000 (0.930)	
Train Epoch-2   Iter-450/706	loss 0.3894 (0.1949)	accu 0.750 (0.930)	
Train Epoch-2   Iter-475/706	loss 0.1647 (0.1984)	accu 0.875 (0.929)	
Train Epoch-2   Iter-500/706	loss 0.0411 (0.1959)	accu 1.000 (0.931)	
Train Epoch-2   Iter-525/706	loss 0.1366 (0.1968)	accu 0.875 (0.930)	
Train Epoch-2   Iter-550/706	loss 0.7194 (0.2113)	accu 0.625 (0.927)	
Train Epoch-2   Iter-575/706	loss 0.0301 (0.2135)	accu 1.000 (0.926)	
Train Epoch-2   Iter-600/706	loss 0.0794 (0.2157)	accu 1.000 (0.925)	
Train Epoch-2   Iter-625/706	loss 0.6635 (0.2166)	accu 0.750 (0.925)	
Train Epoch-2   Iter-650/706	loss 0.1342 (0.2205)	accu 1.000 (0.923)	
Train Epoch-2   Iter-675/706	loss 0.1736 (0.2192)	accu 0.875 (0.923)	
Train Epoch-2   Iter-700/706	loss 0.0204 (0.2196)	accu 1.000 (0.924)	
Eval Epoch-2   Iter-0  /52 	loss 0.0704 (0.0704)	accu 1.000 (1.000)	
Eval Epoch-2   Iter-25 /52 	loss 0.0306 (0.4350)	accu 1.000 (0.841)	
Eval Epoch-2   Iter-50 /52 	loss 1.6012 (0.6115)	accu 0.625 (0.804)	
Epoch-2   Train: loss 0.2197	accu 0.9235	Eval: loss 0.6373	accu 0.7981
Train Epoch-3   Iter-0  /706	loss 0.0398 (0.0398)	accu 1.000 (1.000)	
Train Epoch-3   Iter-25 /706	loss 0.0312 (0.1776)	accu 1.000 (0.933)	
Train Epoch-3   Iter-50 /706	loss 0.0312 (0.1687)	accu 1.000 (0.934)	
Train Epoch-3   Iter-75 /706	loss 0.5129 (0.1654)	accu 0.875 (0.939)	
Train Epoch-3   Iter-100/706	loss 0.2546 (0.1677)	accu 0.875 (0.936)	
Train Epoch-3   Iter-125/706	loss 0.2782 (0.1866)	accu 0.875 (0.926)	
Train Epoch-3   Iter-150/706	loss 0.0667 (0.1827)	accu 1.000 (0.929)	
Train Epoch-3   Iter-175/706	loss 0.4649 (0.1891)	accu 0.750 (0.925)	
Train Epoch-3   Iter-200/706	loss 0.3968 (0.1955)	accu 0.875 (0.922)	
Train Epoch-3   Iter-225/706	loss 0.2506 (0.1915)	accu 0.875 (0.923)	
Train Epoch-3   Iter-250/706	loss 0.1001 (0.1846)	accu 0.875 (0.925)	
Train Epoch-3   Iter-275/706	loss 0.2689 (0.1895)	accu 0.875 (0.925)	
Train Epoch-3   Iter-300/706	loss 0.0538 (0.1869)	accu 1.000 (0.927)	
Train Epoch-3   Iter-325/706	loss 0.0790 (0.1840)	accu 1.000 (0.929)	
Train Epoch-3   Iter-350/706	loss 0.1024 (0.1799)	accu 1.000 (0.931)	
Train Epoch-3   Iter-375/706	loss 0.0200 (0.1825)	accu 1.000 (0.932)	
Train Epoch-3   Iter-400/706	loss 0.6761 (0.1852)	accu 0.750 (0.930)	
Train Epoch-3   Iter-425/706	loss 0.1961 (0.1824)	accu 0.875 (0.932)	
Train Epoch-3   Iter-450/706	loss 0.2978 (0.1809)	accu 0.750 (0.933)	
Train Epoch-3   Iter-475/706	loss 0.1124 (0.1836)	accu 1.000 (0.933)	
Train Epoch-3   Iter-500/706	loss 0.5222 (0.1849)	accu 0.875 (0.933)	
Train Epoch-3   Iter-525/706	loss 0.0337 (0.1863)	accu 1.000 (0.933)	
Train Epoch-3   Iter-550/706	loss 0.0570 (0.1874)	accu 1.000 (0.933)	
Train Epoch-3   Iter-575/706	loss 0.4319 (0.1889)	accu 0.875 (0.932)	
Train Epoch-3   Iter-600/706	loss 0.0177 (0.1880)	accu 1.000 (0.932)	
Train Epoch-3   Iter-625/706	loss 0.2999 (0.1902)	accu 0.875 (0.931)	
Train Epoch-3   Iter-650/706	loss 0.1902 (0.1910)	accu 0.875 (0.931)	
Train Epoch-3   Iter-675/706	loss 0.0534 (0.1900)	accu 1.000 (0.931)	
Train Epoch-3   Iter-700/706	loss 0.1880 (0.1897)	accu 0.875 (0.931)	
Eval Epoch-3   Iter-0  /52 	loss 0.9172 (0.9172)	accu 0.750 (0.750)	
Eval Epoch-3   Iter-25 /52 	loss 0.3502 (0.6994)	accu 0.875 (0.736)	
Eval Epoch-3   Iter-50 /52 	loss 0.6889 (0.7317)	accu 0.875 (0.725)	
Epoch-3   Train: loss 0.1889	accu 0.9311	Eval: loss 0.7363	accu 0.7212
Train Epoch-4   Iter-0  /706	loss 0.0469 (0.0469)	accu 1.000 (1.000)	
Train Epoch-4   Iter-25 /706	loss 0.6269 (0.1753)	accu 0.875 (0.957)	
Train Epoch-4   Iter-50 /706	loss 0.4345 (0.1360)	accu 0.875 (0.961)	
Train Epoch-4   Iter-75 /706	loss 0.0324 (0.1583)	accu 1.000 (0.954)	
Train Epoch-4   Iter-100/706	loss 0.0216 (0.1646)	accu 1.000 (0.948)	
Train Epoch-4   Iter-125/706	loss 0.2138 (0.1632)	accu 0.875 (0.946)	
Train Epoch-4   Iter-150/706	loss 0.4184 (0.1704)	accu 0.875 (0.943)	
Train Epoch-4   Iter-175/706	loss 0.0338 (0.1742)	accu 1.000 (0.942)	
Train Epoch-4   Iter-200/706	loss 0.0375 (0.1690)	accu 1.000 (0.943)	
Train Epoch-4   Iter-225/706	loss 0.3521 (0.1687)	accu 0.875 (0.944)	
Train Epoch-4   Iter-250/706	loss 0.0151 (0.1615)	accu 1.000 (0.946)	
Train Epoch-4   Iter-275/706	loss 0.1064 (0.1588)	accu 1.000 (0.945)	
Train Epoch-4   Iter-300/706	loss 0.2168 (0.1628)	accu 0.875 (0.944)	
Train Epoch-4   Iter-325/706	loss 0.3777 (0.1644)	accu 0.875 (0.941)	
Train Epoch-4   Iter-350/706	loss 0.0105 (0.1596)	accu 1.000 (0.942)	
Train Epoch-4   Iter-375/706	loss 0.3750 (0.1567)	accu 0.875 (0.943)	
Train Epoch-4   Iter-400/706	loss 0.0684 (0.1579)	accu 1.000 (0.943)	
Train Epoch-4   Iter-425/706	loss 0.7475 (0.1643)	accu 0.500 (0.941)	
Train Epoch-4   Iter-450/706	loss 0.3529 (0.1660)	accu 0.875 (0.941)	
Train Epoch-4   Iter-475/706	loss 0.1218 (0.1687)	accu 1.000 (0.941)	
Train Epoch-4   Iter-500/706	loss 0.3064 (0.1681)	accu 0.875 (0.941)	
Train Epoch-4   Iter-525/706	loss 0.0304 (0.1687)	accu 1.000 (0.941)	
Train Epoch-4   Iter-550/706	loss 0.4492 (0.1677)	accu 0.875 (0.942)	
Train Epoch-4   Iter-575/706	loss 0.0470 (0.1651)	accu 1.000 (0.943)	
Train Epoch-4   Iter-600/706	loss 0.1431 (0.1644)	accu 0.875 (0.943)	
Train Epoch-4   Iter-625/706	loss 0.0464 (0.1652)	accu 1.000 (0.942)	
Train Epoch-4   Iter-650/706	loss 0.0190 (0.1664)	accu 1.000 (0.941)	
Train Epoch-4   Iter-675/706	loss 0.8818 (0.1663)	accu 0.750 (0.941)	
Train Epoch-4   Iter-700/706	loss 0.0502 (0.1663)	accu 1.000 (0.941)	
Eval Epoch-4   Iter-0  /52 	loss 0.8356 (0.8356)	accu 0.750 (0.750)	
Eval Epoch-4   Iter-25 /52 	loss 0.3985 (1.1924)	accu 0.875 (0.596)	
Eval Epoch-4   Iter-50 /52 	loss 1.7273 (1.0250)	accu 0.625 (0.672)	
Epoch-4   Train: loss 0.1664	accu 0.9410	Eval: loss 1.0216	accu 0.6707
Train Epoch-5   Iter-0  /706	loss 0.3203 (0.3203)	accu 0.875 (0.875)	
Train Epoch-5   Iter-25 /706	loss 0.0288 (0.2023)	accu 1.000 (0.923)	
Train Epoch-5   Iter-50 /706	loss 0.0081 (0.1763)	accu 1.000 (0.941)	
Train Epoch-5   Iter-75 /706	loss 0.0915 (0.1768)	accu 1.000 (0.939)	
Train Epoch-5   Iter-100/706	loss 0.4848 (0.1973)	accu 0.875 (0.927)	
Train Epoch-5   Iter-125/706	loss 0.3435 (0.1940)	accu 0.875 (0.924)	
Train Epoch-5   Iter-150/706	loss 0.0094 (0.1900)	accu 1.000 (0.925)	
Train Epoch-5   Iter-175/706	loss 0.0569 (0.1768)	accu 1.000 (0.931)	
Train Epoch-5   Iter-200/706	loss 0.0444 (0.1689)	accu 1.000 (0.936)	
Train Epoch-5   Iter-225/706	loss 0.0691 (0.1671)	accu 1.000 (0.937)	
Train Epoch-5   Iter-250/706	loss 0.0587 (0.1625)	accu 1.000 (0.940)	
Train Epoch-5   Iter-275/706	loss 0.0051 (0.1519)	accu 1.000 (0.944)	
Train Epoch-5   Iter-300/706	loss 0.0190 (0.1473)	accu 1.000 (0.946)	
Train Epoch-5   Iter-325/706	loss 0.2701 (0.1496)	accu 0.875 (0.946)	
Train Epoch-5   Iter-350/706	loss 0.6861 (0.1559)	accu 0.625 (0.941)	
Train Epoch-5   Iter-375/706	loss 0.2166 (0.1600)	accu 0.875 (0.940)	
Train Epoch-5   Iter-400/706	loss 0.0014 (0.1562)	accu 1.000 (0.942)	
Train Epoch-5   Iter-425/706	loss 0.1024 (0.1555)	accu 1.000 (0.943)	
Train Epoch-5   Iter-450/706	loss 0.3344 (0.1557)	accu 0.875 (0.942)	
Train Epoch-5   Iter-475/706	loss 0.0189 (0.1535)	accu 1.000 (0.944)	
Train Epoch-5   Iter-500/706	loss 0.0811 (0.1551)	accu 1.000 (0.945)	
Train Epoch-5   Iter-525/706	loss 0.0288 (0.1534)	accu 1.000 (0.946)	
Train Epoch-5   Iter-550/706	loss 0.2562 (0.1539)	accu 0.875 (0.946)	
Train Epoch-5   Iter-575/706	loss 0.0995 (0.1578)	accu 1.000 (0.945)	
Train Epoch-5   Iter-600/706	loss 0.0877 (0.1585)	accu 1.000 (0.944)	
Train Epoch-5   Iter-625/706	loss 0.0078 (0.1558)	accu 1.000 (0.946)	
Train Epoch-5   Iter-650/706	loss 0.0574 (0.1555)	accu 1.000 (0.946)	
Train Epoch-5   Iter-675/706	loss 0.4745 (0.1559)	accu 0.875 (0.946)	
Train Epoch-5   Iter-700/706	loss 0.0129 (0.1558)	accu 1.000 (0.945)	
Eval Epoch-5   Iter-0  /52 	loss 0.5119 (0.5119)	accu 0.750 (0.750)	
Eval Epoch-5   Iter-25 /52 	loss 0.0441 (0.3916)	accu 1.000 (0.870)	
Eval Epoch-5   Iter-50 /52 	loss 0.3805 (0.5781)	accu 0.875 (0.799)	
Epoch-5   Train: loss 0.1552	accu 0.9458	Eval: loss 0.5943	accu 0.7933
Train Epoch-6   Iter-0  /706	loss 0.0124 (0.0124)	accu 1.000 (1.000)	
Train Epoch-6   Iter-25 /706	loss 0.3339 (0.0680)	accu 0.875 (0.971)	
Train Epoch-6   Iter-50 /706	loss 0.0204 (0.1329)	accu 1.000 (0.951)	
Train Epoch-6   Iter-75 /706	loss 0.0223 (0.1183)	accu 1.000 (0.961)	
Train Epoch-6   Iter-100/706	loss 0.1800 (0.1159)	accu 0.875 (0.959)	
Train Epoch-6   Iter-125/706	loss 0.0258 (0.1168)	accu 1.000 (0.959)	
Train Epoch-6   Iter-150/706	loss 0.1734 (0.1182)	accu 0.875 (0.959)	
Train Epoch-6   Iter-175/706	loss 0.0083 (0.1186)	accu 1.000 (0.958)	
Train Epoch-6   Iter-200/706	loss 0.0111 (0.1168)	accu 1.000 (0.957)	
Train Epoch-6   Iter-225/706	loss 0.0153 (0.1211)	accu 1.000 (0.956)	
Train Epoch-6   Iter-250/706	loss 0.0227 (0.1332)	accu 1.000 (0.953)	
Train Epoch-6   Iter-275/706	loss 0.0035 (0.1320)	accu 1.000 (0.953)	
Train Epoch-6   Iter-300/706	loss 0.3108 (0.1328)	accu 0.750 (0.952)	
Train Epoch-6   Iter-325/706	loss 0.1111 (0.1304)	accu 0.875 (0.953)	
Train Epoch-6   Iter-350/706	loss 0.0753 (0.1374)	accu 1.000 (0.951)	
Train Epoch-6   Iter-375/706	loss 0.0637 (0.1349)	accu 1.000 (0.951)	
Train Epoch-6   Iter-400/706	loss 0.0089 (0.1371)	accu 1.000 (0.950)	
Train Epoch-6   Iter-425/706	loss 0.0148 (0.1363)	accu 1.000 (0.950)	
Train Epoch-6   Iter-450/706	loss 0.1892 (0.1367)	accu 0.875 (0.950)	
Train Epoch-6   Iter-475/706	loss 0.0916 (0.1383)	accu 1.000 (0.950)	
Train Epoch-6   Iter-500/706	loss 0.2901 (0.1376)	accu 0.875 (0.949)	
Train Epoch-6   Iter-525/706	loss 0.0069 (0.1388)	accu 1.000 (0.950)	
Train Epoch-6   Iter-550/706	loss 0.1636 (0.1428)	accu 1.000 (0.948)	
Train Epoch-6   Iter-575/706	loss 0.0823 (0.1452)	accu 1.000 (0.947)	
Train Epoch-6   Iter-600/706	loss 0.0524 (0.1443)	accu 1.000 (0.947)	
Train Epoch-6   Iter-625/706	loss 0.5022 (0.1447)	accu 0.875 (0.947)	
Train Epoch-6   Iter-650/706	loss 0.4776 (0.1430)	accu 0.875 (0.948)	
Train Epoch-6   Iter-675/706	loss 0.1218 (0.1432)	accu 1.000 (0.948)	
Train Epoch-6   Iter-700/706	loss 0.0465 (0.1408)	accu 1.000 (0.949)	
Eval Epoch-6   Iter-0  /52 	loss 0.7996 (0.7996)	accu 0.750 (0.750)	
Eval Epoch-6   Iter-25 /52 	loss 0.5209 (0.9657)	accu 0.750 (0.688)	
Eval Epoch-6   Iter-50 /52 	loss 0.3357 (0.9646)	accu 0.875 (0.716)	
Epoch-6   Train: loss 0.1407	accu 0.9484	Eval: loss 0.9845	accu 0.7139
Train Epoch-7   Iter-0  /706	loss 0.1329 (0.1329)	accu 0.875 (0.875)	
Train Epoch-7   Iter-25 /706	loss 0.0135 (0.0802)	accu 1.000 (0.966)	
Train Epoch-7   Iter-50 /706	loss 0.3994 (0.0737)	accu 0.750 (0.973)	
Train Epoch-7   Iter-75 /706	loss 0.1293 (0.1015)	accu 1.000 (0.959)	
Train Epoch-7   Iter-100/706	loss 0.0191 (0.1030)	accu 1.000 (0.959)	
Train Epoch-7   Iter-125/706	loss 0.0040 (0.1045)	accu 1.000 (0.959)	
Train Epoch-7   Iter-150/706	loss 0.0178 (0.1083)	accu 1.000 (0.958)	
Train Epoch-7   Iter-175/706	loss 0.1957 (0.1143)	accu 0.875 (0.954)	
Train Epoch-7   Iter-200/706	loss 0.0560 (0.1245)	accu 1.000 (0.951)	
Train Epoch-7   Iter-225/706	loss 0.0041 (0.1203)	accu 1.000 (0.954)	
Train Epoch-7   Iter-250/706	loss 0.0144 (0.1175)	accu 1.000 (0.954)	
Train Epoch-7   Iter-275/706	loss 0.0119 (0.1184)	accu 1.000 (0.954)	
Train Epoch-7   Iter-300/706	loss 0.0726 (0.1145)	accu 1.000 (0.955)	
Train Epoch-7   Iter-325/706	loss 0.0048 (0.1117)	accu 1.000 (0.956)	
Train Epoch-7   Iter-350/706	loss 0.0019 (0.1092)	accu 1.000 (0.958)	
Train Epoch-7   Iter-375/706	loss 0.1487 (0.1127)	accu 0.875 (0.956)	
Train Epoch-7   Iter-400/706	loss 0.0402 (0.1124)	accu 1.000 (0.956)	
Train Epoch-7   Iter-425/706	loss 0.0061 (0.1117)	accu 1.000 (0.956)	
Train Epoch-7   Iter-450/706	loss 0.0231 (0.1137)	accu 1.000 (0.957)	
Train Epoch-7   Iter-475/706	loss 0.3456 (0.1141)	accu 0.875 (0.958)	
Train Epoch-7   Iter-500/706	loss 0.0405 (0.1130)	accu 1.000 (0.958)	
Train Epoch-7   Iter-525/706	loss 0.1430 (0.1139)	accu 0.875 (0.959)	
Train Epoch-7   Iter-550/706	loss 0.0250 (0.1159)	accu 1.000 (0.958)	
Train Epoch-7   Iter-575/706	loss 0.4223 (0.1191)	accu 0.875 (0.957)	
Train Epoch-7   Iter-600/706	loss 0.1773 (0.1217)	accu 0.875 (0.956)	
Train Epoch-7   Iter-625/706	loss 0.0406 (0.1219)	accu 1.000 (0.956)	
Train Epoch-7   Iter-650/706	loss 0.0177 (0.1251)	accu 1.000 (0.956)	
Train Epoch-7   Iter-675/706	loss 0.0114 (0.1247)	accu 1.000 (0.956)	
Train Epoch-7   Iter-700/706	loss 0.0417 (0.1249)	accu 1.000 (0.956)	
Eval Epoch-7   Iter-0  /52 	loss 0.8046 (0.8046)	accu 0.750 (0.750)	
Eval Epoch-7   Iter-25 /52 	loss 0.1058 (0.4586)	accu 0.875 (0.817)	
Eval Epoch-7   Iter-50 /52 	loss 0.7914 (0.6474)	accu 0.625 (0.787)	
Epoch-7   Train: loss 0.1255	accu 0.9558	Eval: loss 0.6776	accu 0.7812
Train Epoch-8   Iter-0  /706	loss 0.0328 (0.0328)	accu 1.000 (1.000)	
Train Epoch-8   Iter-25 /706	loss 0.0714 (0.1821)	accu 1.000 (0.942)	
Train Epoch-8   Iter-50 /706	loss 0.0071 (0.1417)	accu 1.000 (0.951)	
Train Epoch-8   Iter-75 /706	loss 0.0372 (0.1238)	accu 1.000 (0.959)	
Train Epoch-8   Iter-100/706	loss 0.0083 (0.1309)	accu 1.000 (0.957)	
Train Epoch-8   Iter-125/706	loss 0.0149 (0.1319)	accu 1.000 (0.956)	
Train Epoch-8   Iter-150/706	loss 0.0521 (0.1277)	accu 1.000 (0.958)	
Train Epoch-8   Iter-175/706	loss 0.0060 (0.1221)	accu 1.000 (0.960)	
Train Epoch-8   Iter-200/706	loss 0.0035 (0.1207)	accu 1.000 (0.958)	
Train Epoch-8   Iter-225/706	loss 0.2897 (0.1189)	accu 0.875 (0.957)	
Train Epoch-8   Iter-250/706	loss 0.0091 (0.1220)	accu 1.000 (0.958)	
Train Epoch-8   Iter-275/706	loss 0.0230 (0.1261)	accu 1.000 (0.957)	
Train Epoch-8   Iter-300/706	loss 0.0469 (0.1256)	accu 1.000 (0.956)	
Train Epoch-8   Iter-325/706	loss 0.1389 (0.1257)	accu 1.000 (0.957)	
Train Epoch-8   Iter-350/706	loss 0.1459 (0.1270)	accu 0.875 (0.956)	
Train Epoch-8   Iter-375/706	loss 0.0054 (0.1235)	accu 1.000 (0.957)	
Train Epoch-8   Iter-400/706	loss 0.0926 (0.1234)	accu 1.000 (0.958)	
Train Epoch-8   Iter-425/706	loss 0.0097 (0.1219)	accu 1.000 (0.958)	
Train Epoch-8   Iter-450/706	loss 0.2026 (0.1237)	accu 0.875 (0.956)	
Train Epoch-8   Iter-475/706	loss 0.1985 (0.1241)	accu 0.875 (0.955)	
Train Epoch-8   Iter-500/706	loss 0.0553 (0.1240)	accu 1.000 (0.956)	
Train Epoch-8   Iter-525/706	loss 0.0632 (0.1269)	accu 1.000 (0.955)	
Train Epoch-8   Iter-550/706	loss 0.0125 (0.1236)	accu 1.000 (0.957)	
Train Epoch-8   Iter-575/706	loss 0.0382 (0.1206)	accu 1.000 (0.958)	
Train Epoch-8   Iter-600/706	loss 0.2270 (0.1211)	accu 0.875 (0.958)	
Train Epoch-8   Iter-625/706	loss 0.0903 (0.1238)	accu 1.000 (0.957)	
Train Epoch-8   Iter-650/706	loss 0.0153 (0.1218)	accu 1.000 (0.959)	
Train Epoch-8   Iter-675/706	loss 0.0049 (0.1210)	accu 1.000 (0.959)	
Train Epoch-8   Iter-700/706	loss 0.0125 (0.1214)	accu 1.000 (0.958)	
Eval Epoch-8   Iter-0  /52 	loss 0.9171 (0.9171)	accu 0.750 (0.750)	
Eval Epoch-8   Iter-25 /52 	loss 0.0777 (0.6162)	accu 1.000 (0.808)	
Eval Epoch-8   Iter-50 /52 	loss 0.5911 (0.6000)	accu 0.750 (0.806)	
Epoch-8   Train: loss 0.1217	accu 0.9584	Eval: loss 0.6133	accu 0.8005
Train Epoch-9   Iter-0  /706	loss 0.4662 (0.4662)	accu 0.875 (0.875)	
Train Epoch-9   Iter-25 /706	loss 0.4011 (0.1385)	accu 0.875 (0.952)	
Train Epoch-9   Iter-50 /706	loss 0.0405 (0.1176)	accu 1.000 (0.956)	
Train Epoch-9   Iter-75 /706	loss 0.2612 (0.1250)	accu 0.875 (0.954)	
Train Epoch-9   Iter-100/706	loss 0.0414 (0.1213)	accu 1.000 (0.957)	
Train Epoch-9   Iter-125/706	loss 0.0113 (0.1220)	accu 1.000 (0.953)	
Train Epoch-9   Iter-150/706	loss 0.0256 (0.1285)	accu 1.000 (0.950)	
Train Epoch-9   Iter-175/706	loss 0.1989 (0.1314)	accu 0.875 (0.947)	
Train Epoch-9   Iter-200/706	loss 0.1233 (0.1334)	accu 0.875 (0.945)	
Train Epoch-9   Iter-225/706	loss 0.0198 (0.1255)	accu 1.000 (0.948)	
Train Epoch-9   Iter-250/706	loss 0.0786 (0.1219)	accu 1.000 (0.950)	
Train Epoch-9   Iter-275/706	loss 0.3327 (0.1240)	accu 0.875 (0.950)	
Train Epoch-9   Iter-300/706	loss 0.0736 (0.1239)	accu 1.000 (0.951)	
Train Epoch-9   Iter-325/706	loss 0.0600 (0.1260)	accu 1.000 (0.950)	
Train Epoch-9   Iter-350/706	loss 0.2251 (0.1228)	accu 0.875 (0.952)	
Train Epoch-9   Iter-375/706	loss 0.0161 (0.1218)	accu 1.000 (0.952)	
Train Epoch-9   Iter-400/706	loss 0.0796 (0.1199)	accu 1.000 (0.954)	
Train Epoch-9   Iter-425/706	loss 0.0224 (0.1175)	accu 1.000 (0.956)	
Train Epoch-9   Iter-450/706	loss 0.8178 (0.1213)	accu 0.750 (0.955)	
Train Epoch-9   Iter-475/706	loss 0.0513 (0.1204)	accu 1.000 (0.955)	
Train Epoch-9   Iter-500/706	loss 0.0027 (0.1196)	accu 1.000 (0.956)	
Train Epoch-9   Iter-525/706	loss 0.0610 (0.1245)	accu 1.000 (0.954)	
Train Epoch-9   Iter-550/706	loss 0.0124 (0.1226)	accu 1.000 (0.954)	
Train Epoch-9   Iter-575/706	loss 0.0911 (0.1208)	accu 0.875 (0.955)	
Train Epoch-9   Iter-600/706	loss 0.1946 (0.1205)	accu 0.875 (0.955)	
Train Epoch-9   Iter-625/706	loss 0.0472 (0.1217)	accu 1.000 (0.955)	
Train Epoch-9   Iter-650/706	loss 0.0313 (0.1206)	accu 1.000 (0.955)	
Train Epoch-9   Iter-675/706	loss 0.0083 (0.1176)	accu 1.000 (0.957)	
Train Epoch-9   Iter-700/706	loss 0.0341 (0.1196)	accu 1.000 (0.956)	
Eval Epoch-9   Iter-0  /52 	loss 1.0635 (1.0635)	accu 0.750 (0.750)	
Eval Epoch-9   Iter-25 /52 	loss 0.1902 (0.8273)	accu 0.875 (0.644)	
Eval Epoch-9   Iter-50 /52 	loss 0.9134 (0.8338)	accu 0.750 (0.701)	
Epoch-9   Train: loss 0.1192	accu 0.9559	Eval: loss 0.8283	accu 0.7019
Train Epoch-10  Iter-0  /706	loss 0.2562 (0.2562)	accu 0.750 (0.750)	
Train Epoch-10  Iter-25 /706	loss 0.0193 (0.1267)	accu 1.000 (0.942)	
Train Epoch-10  Iter-50 /706	loss 0.0655 (0.1227)	accu 1.000 (0.944)	
Train Epoch-10  Iter-75 /706	loss 0.0057 (0.1205)	accu 1.000 (0.947)	
Train Epoch-10  Iter-100/706	loss 0.0035 (0.1152)	accu 1.000 (0.953)	
Train Epoch-10  Iter-125/706	loss 0.1738 (0.1132)	accu 0.875 (0.954)	
Train Epoch-10  Iter-150/706	loss 0.1861 (0.1079)	accu 0.875 (0.956)	
Train Epoch-10  Iter-175/706	loss 0.0293 (0.1083)	accu 1.000 (0.957)	
Train Epoch-10  Iter-200/706	loss 0.0607 (0.1083)	accu 1.000 (0.958)	
Train Epoch-10  Iter-225/706	loss 0.0060 (0.1073)	accu 1.000 (0.961)	
Train Epoch-10  Iter-250/706	loss 0.0213 (0.1054)	accu 1.000 (0.962)	
Train Epoch-10  Iter-275/706	loss 0.0127 (0.1046)	accu 1.000 (0.962)	
Train Epoch-10  Iter-300/706	loss 0.1109 (0.1032)	accu 1.000 (0.962)	
Train Epoch-10  Iter-325/706	loss 0.1256 (0.1078)	accu 1.000 (0.960)	
Train Epoch-10  Iter-350/706	loss 0.0210 (0.1047)	accu 1.000 (0.961)	
Train Epoch-10  Iter-375/706	loss 0.5905 (0.1044)	accu 0.875 (0.961)	
Train Epoch-10  Iter-400/706	loss 0.3171 (0.1040)	accu 0.875 (0.961)	
Train Epoch-10  Iter-425/706	loss 0.0048 (0.1019)	accu 1.000 (0.962)	
Train Epoch-10  Iter-450/706	loss 0.3591 (0.1030)	accu 0.875 (0.961)	
Train Epoch-10  Iter-475/706	loss 0.2573 (0.1065)	accu 0.875 (0.960)	
Train Epoch-10  Iter-500/706	loss 0.0049 (0.1068)	accu 1.000 (0.960)	
Train Epoch-10  Iter-525/706	loss 0.0195 (0.1055)	accu 1.000 (0.961)	
Train Epoch-10  Iter-550/706	loss 0.5195 (0.1059)	accu 0.875 (0.960)	
Train Epoch-10  Iter-575/706	loss 0.0407 (0.1070)	accu 1.000 (0.959)	
Train Epoch-10  Iter-600/706	loss 0.0052 (0.1056)	accu 1.000 (0.959)	
Train Epoch-10  Iter-625/706	loss 0.0207 (0.1070)	accu 1.000 (0.959)	
Train Epoch-10  Iter-650/706	loss 0.3848 (0.1105)	accu 0.875 (0.957)	
Train Epoch-10  Iter-675/706	loss 0.0937 (0.1109)	accu 1.000 (0.958)	
Train Epoch-10  Iter-700/706	loss 0.0857 (0.1115)	accu 1.000 (0.958)	
Eval Epoch-10  Iter-0  /52 	loss 0.2155 (0.2155)	accu 0.750 (0.750)	
Eval Epoch-10  Iter-25 /52 	loss 0.0911 (0.4987)	accu 1.000 (0.846)	
Eval Epoch-10  Iter-50 /52 	loss 1.0458 (0.6579)	accu 0.625 (0.792)	
Epoch-10  Train: loss 0.1112	accu 0.9579	Eval: loss 0.6656	accu 0.7861
Train Epoch-11  Iter-0  /706	loss 0.0159 (0.0159)	accu 1.000 (1.000)	
Train Epoch-11  Iter-25 /706	loss 0.0428 (0.0702)	accu 1.000 (0.981)	
Train Epoch-11  Iter-50 /706	loss 0.0024 (0.0758)	accu 1.000 (0.978)	
Train Epoch-11  Iter-75 /706	loss 0.2150 (0.0834)	accu 0.875 (0.975)	
Train Epoch-11  Iter-100/706	loss 0.0017 (0.0755)	accu 1.000 (0.976)	
Train Epoch-11  Iter-125/706	loss 0.0194 (0.0905)	accu 1.000 (0.970)	
Train Epoch-11  Iter-150/706	loss 0.0551 (0.0941)	accu 1.000 (0.965)	
Train Epoch-11  Iter-175/706	loss 0.0422 (0.0928)	accu 1.000 (0.967)	
Train Epoch-11  Iter-200/706	loss 0.1441 (0.0930)	accu 1.000 (0.966)	
Train Epoch-11  Iter-225/706	loss 0.0010 (0.0904)	accu 1.000 (0.967)	
Train Epoch-11  Iter-250/706	loss 0.0049 (0.0877)	accu 1.000 (0.966)	
Train Epoch-11  Iter-275/706	loss 0.0240 (0.0876)	accu 1.000 (0.965)	
Train Epoch-11  Iter-300/706	loss 0.0077 (0.0940)	accu 1.000 (0.963)	
Train Epoch-11  Iter-325/706	loss 0.0266 (0.0953)	accu 1.000 (0.963)	
Train Epoch-11  Iter-350/706	loss 0.0060 (0.0975)	accu 1.000 (0.963)	
Train Epoch-11  Iter-375/706	loss 0.0332 (0.0985)	accu 1.000 (0.962)	
Train Epoch-11  Iter-400/706	loss 0.2206 (0.0962)	accu 0.875 (0.963)	
Train Epoch-11  Iter-425/706	loss 0.0065 (0.0941)	accu 1.000 (0.964)	
Train Epoch-11  Iter-450/706	loss 0.0231 (0.0998)	accu 1.000 (0.963)	
Train Epoch-11  Iter-475/706	loss 0.1878 (0.1042)	accu 0.875 (0.961)	
Train Epoch-11  Iter-500/706	loss 0.0077 (0.1047)	accu 1.000 (0.960)	
Train Epoch-11  Iter-525/706	loss 0.0081 (0.1058)	accu 1.000 (0.960)	
Train Epoch-11  Iter-550/706	loss 0.0021 (0.1041)	accu 1.000 (0.960)	
Train Epoch-11  Iter-575/706	loss 0.2082 (0.1071)	accu 0.875 (0.959)	
Train Epoch-11  Iter-600/706	loss 0.1322 (0.1112)	accu 0.875 (0.956)	
Train Epoch-11  Iter-625/706	loss 0.1543 (0.1130)	accu 0.875 (0.955)	
Train Epoch-11  Iter-650/706	loss 0.0048 (0.1140)	accu 1.000 (0.954)	
Train Epoch-11  Iter-675/706	loss 0.0133 (0.1138)	accu 1.000 (0.955)	
Train Epoch-11  Iter-700/706	loss 0.5293 (0.1132)	accu 0.875 (0.954)	
Eval Epoch-11  Iter-0  /52 	loss 0.5104 (0.5104)	accu 0.750 (0.750)	
Eval Epoch-11  Iter-25 /52 	loss 0.0052 (0.6799)	accu 1.000 (0.779)	
Eval Epoch-11  Iter-50 /52 	loss 0.8425 (0.8331)	accu 0.750 (0.779)	
Epoch-11  Train: loss 0.1128	accu 0.9545	Eval: loss 0.8316	accu 0.7764
Epoch    12: reducing learning rate of group 0 to 3.0000e-05.
Train Epoch-12  Iter-0  /706	loss 0.0329 (0.0329)	accu 1.000 (1.000)	
Train Epoch-12  Iter-25 /706	loss 0.7077 (0.1119)	accu 0.875 (0.957)	
Train Epoch-12  Iter-50 /706	loss 0.0094 (0.0862)	accu 1.000 (0.966)	
Train Epoch-12  Iter-75 /706	loss 0.0573 (0.0747)	accu 1.000 (0.972)	
Train Epoch-12  Iter-100/706	loss 0.0038 (0.0975)	accu 1.000 (0.967)	
Train Epoch-12  Iter-125/706	loss 0.0051 (0.1005)	accu 1.000 (0.967)	
Train Epoch-12  Iter-150/706	loss 0.1447 (0.0965)	accu 0.875 (0.967)	
Train Epoch-12  Iter-175/706	loss 0.0840 (0.0945)	accu 1.000 (0.967)	
Train Epoch-12  Iter-200/706	loss 0.0045 (0.0968)	accu 1.000 (0.966)	
Train Epoch-12  Iter-225/706	loss 0.0296 (0.0927)	accu 1.000 (0.967)	
Train Epoch-12  Iter-250/706	loss 0.0174 (0.0957)	accu 1.000 (0.965)	
Train Epoch-12  Iter-275/706	loss 0.1383 (0.0970)	accu 0.875 (0.964)	
Train Epoch-12  Iter-300/706	loss 0.0055 (0.0963)	accu 1.000 (0.964)	
Train Epoch-12  Iter-325/706	loss 0.0958 (0.0954)	accu 1.000 (0.964)	
Train Epoch-12  Iter-350/706	loss 0.0024 (0.0946)	accu 1.000 (0.964)	
Train Epoch-12  Iter-375/706	loss 0.0521 (0.0953)	accu 1.000 (0.962)	
Train Epoch-12  Iter-400/706	loss 0.4361 (0.0941)	accu 0.750 (0.963)	
Train Epoch-12  Iter-425/706	loss 0.0317 (0.0942)	accu 1.000 (0.963)	
Train Epoch-12  Iter-450/706	loss 0.6673 (0.0935)	accu 0.875 (0.963)	
Train Epoch-12  Iter-475/706	loss 0.0476 (0.0911)	accu 1.000 (0.964)	
Train Epoch-12  Iter-500/706	loss 0.0009 (0.0895)	accu 1.000 (0.965)	
Train Epoch-12  Iter-525/706	loss 0.0281 (0.0893)	accu 1.000 (0.965)	
Train Epoch-12  Iter-550/706	loss 0.0956 (0.0916)	accu 0.875 (0.965)	
Train Epoch-12  Iter-575/706	loss 0.0106 (0.0917)	accu 1.000 (0.965)	
Train Epoch-12  Iter-600/706	loss 0.1438 (0.0896)	accu 0.875 (0.965)	
Train Epoch-12  Iter-625/706	loss 0.0157 (0.0893)	accu 1.000 (0.965)	
Train Epoch-12  Iter-650/706	loss 0.0229 (0.0925)	accu 1.000 (0.964)	
Train Epoch-12  Iter-675/706	loss 0.0026 (0.0922)	accu 1.000 (0.964)	
Train Epoch-12  Iter-700/706	loss 0.0357 (0.0927)	accu 1.000 (0.964)	
Eval Epoch-12  Iter-0  /52 	loss 0.3914 (0.3914)	accu 0.750 (0.750)	
Eval Epoch-12  Iter-25 /52 	loss 0.0064 (0.4992)	accu 1.000 (0.827)	
Eval Epoch-12  Iter-50 /52 	loss 0.9577 (0.7315)	accu 0.750 (0.799)	
Epoch-12  Train: loss 0.0928	accu 0.9637	Eval: loss 0.7344	accu 0.7957
Train Epoch-13  Iter-0  /706	loss 0.0150 (0.0150)	accu 1.000 (1.000)	
Train Epoch-13  Iter-25 /706	loss 0.1473 (0.1059)	accu 0.875 (0.966)	
Train Epoch-13  Iter-50 /706	loss 0.0036 (0.0747)	accu 1.000 (0.971)	
Train Epoch-13  Iter-75 /706	loss 0.1158 (0.0689)	accu 0.875 (0.974)	
Train Epoch-13  Iter-100/706	loss 0.0547 (0.0734)	accu 1.000 (0.972)	
Train Epoch-13  Iter-125/706	loss 0.0050 (0.0742)	accu 1.000 (0.971)	
Train Epoch-13  Iter-150/706	loss 0.7133 (0.0853)	accu 0.875 (0.968)	
Train Epoch-13  Iter-175/706	loss 0.0076 (0.0826)	accu 1.000 (0.968)	
Train Epoch-13  Iter-200/706	loss 0.0015 (0.0822)	accu 1.000 (0.968)	
Train Epoch-13  Iter-225/706	loss 0.0127 (0.0772)	accu 1.000 (0.972)	
Train Epoch-13  Iter-250/706	loss 0.1849 (0.0812)	accu 0.875 (0.971)	
Train Epoch-13  Iter-275/706	loss 0.0153 (0.0830)	accu 1.000 (0.971)	
Train Epoch-13  Iter-300/706	loss 0.0044 (0.0846)	accu 1.000 (0.969)	
Train Epoch-13  Iter-325/706	loss 0.0018 (0.0827)	accu 1.000 (0.971)	
Train Epoch-13  Iter-350/706	loss 0.3661 (0.0854)	accu 0.750 (0.969)	
Train Epoch-13  Iter-375/706	loss 0.0511 (0.0929)	accu 1.000 (0.967)	
Train Epoch-13  Iter-400/706	loss 0.0028 (0.0905)	accu 1.000 (0.967)	
Train Epoch-13  Iter-425/706	loss 0.0017 (0.0891)	accu 1.000 (0.968)	
Train Epoch-13  Iter-450/706	loss 0.2099 (0.0877)	accu 0.875 (0.968)	
Train Epoch-13  Iter-475/706	loss 0.0056 (0.0864)	accu 1.000 (0.968)	
Train Epoch-13  Iter-500/706	loss 0.0024 (0.0879)	accu 1.000 (0.968)	
Train Epoch-13  Iter-525/706	loss 0.0636 (0.0869)	accu 1.000 (0.968)	
Train Epoch-13  Iter-550/706	loss 0.0663 (0.0865)	accu 1.000 (0.968)	
Train Epoch-13  Iter-575/706	loss 0.0030 (0.0847)	accu 1.000 (0.969)	
Train Epoch-13  Iter-600/706	loss 0.0399 (0.0839)	accu 1.000 (0.969)	
Train Epoch-13  Iter-625/706	loss 0.0136 (0.0844)	accu 1.000 (0.969)	
Train Epoch-13  Iter-650/706	loss 0.1371 (0.0855)	accu 0.875 (0.969)	
Train Epoch-13  Iter-675/706	loss 0.0085 (0.0852)	accu 1.000 (0.968)	
Train Epoch-13  Iter-700/706	loss 0.0580 (0.0847)	accu 1.000 (0.968)	
Eval Epoch-13  Iter-0  /52 	loss 0.4871 (0.4871)	accu 0.750 (0.750)	
Eval Epoch-13  Iter-25 /52 	loss 0.0040 (0.5326)	accu 1.000 (0.808)	
Eval Epoch-13  Iter-50 /52 	loss 0.9593 (0.7599)	accu 0.750 (0.789)	
Epoch-13  Train: loss 0.0849	accu 0.9685	Eval: loss 0.7703	accu 0.7837
Train Epoch-14  Iter-0  /706	loss 0.0340 (0.0340)	accu 1.000 (1.000)	
Train Epoch-14  Iter-25 /706	loss 0.0026 (0.0739)	accu 1.000 (0.966)	
Train Epoch-14  Iter-50 /706	loss 0.0064 (0.0720)	accu 1.000 (0.968)	
Train Epoch-14  Iter-75 /706	loss 0.1144 (0.0905)	accu 0.875 (0.965)	
Train Epoch-14  Iter-100/706	loss 0.0036 (0.0900)	accu 1.000 (0.964)	
Train Epoch-14  Iter-125/706	loss 0.2023 (0.0811)	accu 0.875 (0.969)	
Train Epoch-14  Iter-150/706	loss 0.0030 (0.0832)	accu 1.000 (0.969)	
Train Epoch-14  Iter-175/706	loss 0.1183 (0.0892)	accu 1.000 (0.967)	
Train Epoch-14  Iter-200/706	loss 0.0622 (0.0886)	accu 1.000 (0.968)	
Train Epoch-14  Iter-225/706	loss 0.1667 (0.0903)	accu 0.875 (0.967)	
Train Epoch-14  Iter-250/706	loss 0.0409 (0.0877)	accu 1.000 (0.969)	
Train Epoch-14  Iter-275/706	loss 0.0082 (0.0881)	accu 1.000 (0.968)	
Train Epoch-14  Iter-300/706	loss 0.0172 (0.0858)	accu 1.000 (0.968)	
Train Epoch-14  Iter-325/706	loss 0.0608 (0.0852)	accu 1.000 (0.967)	
Train Epoch-14  Iter-350/706	loss 0.0468 (0.0825)	accu 1.000 (0.967)	
Train Epoch-14  Iter-375/706	loss 0.0029 (0.0828)	accu 1.000 (0.967)	
Train Epoch-14  Iter-400/706	loss 0.0017 (0.0840)	accu 1.000 (0.966)	
Train Epoch-14  Iter-425/706	loss 0.0096 (0.0814)	accu 1.000 (0.967)	
Train Epoch-14  Iter-450/706	loss 0.1681 (0.0813)	accu 0.875 (0.967)	
Train Epoch-14  Iter-475/706	loss 0.1128 (0.0809)	accu 1.000 (0.967)	
Train Epoch-14  Iter-500/706	loss 0.0985 (0.0812)	accu 1.000 (0.968)	
Train Epoch-14  Iter-525/706	loss 0.0079 (0.0814)	accu 1.000 (0.968)	
Train Epoch-14  Iter-550/706	loss 0.0042 (0.0816)	accu 1.000 (0.968)	
Train Epoch-14  Iter-575/706	loss 0.0087 (0.0811)	accu 1.000 (0.968)	
Train Epoch-14  Iter-600/706	loss 0.0116 (0.0799)	accu 1.000 (0.968)	
Train Epoch-14  Iter-625/706	loss 0.0168 (0.0791)	accu 1.000 (0.969)	
Train Epoch-14  Iter-650/706	loss 0.0027 (0.0776)	accu 1.000 (0.969)	
Train Epoch-14  Iter-675/706	loss 0.0039 (0.0759)	accu 1.000 (0.970)	
Train Epoch-14  Iter-700/706	loss 0.0501 (0.0754)	accu 1.000 (0.970)	
Eval Epoch-14  Iter-0  /52 	loss 0.5933 (0.5933)	accu 0.750 (0.750)	
Eval Epoch-14  Iter-25 /52 	loss 0.0019 (0.5531)	accu 1.000 (0.812)	
Eval Epoch-14  Iter-50 /52 	loss 0.9222 (0.8041)	accu 0.750 (0.787)	
Epoch-14  Train: loss 0.0749	accu 0.9701	Eval: loss 0.8230	accu 0.7812
Train Epoch-15  Iter-0  /706	loss 0.0092 (0.0092)	accu 1.000 (1.000)	
Train Epoch-15  Iter-25 /706	loss 0.0172 (0.0753)	accu 1.000 (0.962)	
Train Epoch-15  Iter-50 /706	loss 0.0021 (0.0633)	accu 1.000 (0.968)	
Train Epoch-15  Iter-75 /706	loss 0.0358 (0.0653)	accu 1.000 (0.974)	
Train Epoch-15  Iter-100/706	loss 0.0643 (0.0699)	accu 1.000 (0.975)	
Train Epoch-15  Iter-125/706	loss 0.0276 (0.0716)	accu 1.000 (0.973)	
Train Epoch-15  Iter-150/706	loss 0.3301 (0.0676)	accu 0.875 (0.975)	
Train Epoch-15  Iter-175/706	loss 0.0014 (0.0672)	accu 1.000 (0.975)	
Train Epoch-15  Iter-200/706	loss 0.0025 (0.0691)	accu 1.000 (0.975)	
Train Epoch-15  Iter-225/706	loss 0.0044 (0.0658)	accu 1.000 (0.975)	
Train Epoch-15  Iter-250/706	loss 0.0832 (0.0652)	accu 1.000 (0.974)	
Train Epoch-15  Iter-275/706	loss 0.0128 (0.0655)	accu 1.000 (0.974)	
Train Epoch-15  Iter-300/706	loss 0.1550 (0.0663)	accu 0.875 (0.973)	
Train Epoch-15  Iter-325/706	loss 0.0048 (0.0665)	accu 1.000 (0.973)	
Train Epoch-15  Iter-350/706	loss 0.0436 (0.0663)	accu 1.000 (0.973)	
Train Epoch-15  Iter-375/706	loss 0.0055 (0.0667)	accu 1.000 (0.973)	
Train Epoch-15  Iter-400/706	loss 0.4301 (0.0652)	accu 0.875 (0.974)	
Train Epoch-15  Iter-425/706	loss 0.0790 (0.0665)	accu 1.000 (0.974)	
Train Epoch-15  Iter-450/706	loss 0.0134 (0.0660)	accu 1.000 (0.974)	
Train Epoch-15  Iter-475/706	loss 0.0254 (0.0689)	accu 1.000 (0.973)	
Train Epoch-15  Iter-500/706	loss 0.1897 (0.0713)	accu 0.875 (0.973)	
Train Epoch-15  Iter-525/706	loss 0.0034 (0.0708)	accu 1.000 (0.973)	
Train Epoch-15  Iter-550/706	loss 0.2027 (0.0716)	accu 0.750 (0.973)	
Train Epoch-15  Iter-575/706	loss 0.0118 (0.0722)	accu 1.000 (0.972)	
Train Epoch-15  Iter-600/706	loss 0.0156 (0.0717)	accu 1.000 (0.972)	
Train Epoch-15  Iter-625/706	loss 0.0842 (0.0710)	accu 1.000 (0.972)	
Train Epoch-15  Iter-650/706	loss 0.1455 (0.0708)	accu 0.875 (0.972)	
Train Epoch-15  Iter-675/706	loss 0.0076 (0.0703)	accu 1.000 (0.972)	
Train Epoch-15  Iter-700/706	loss 0.0192 (0.0697)	accu 1.000 (0.972)	
Eval Epoch-15  Iter-0  /52 	loss 0.6956 (0.6956)	accu 0.750 (0.750)	
Eval Epoch-15  Iter-25 /52 	loss 0.0062 (0.5425)	accu 1.000 (0.812)	
Eval Epoch-15  Iter-50 /52 	loss 1.0268 (0.8128)	accu 0.750 (0.799)	
Epoch-15  Train: loss 0.0698	accu 0.9724	Eval: loss 0.8258	accu 0.7933
Train Epoch-16  Iter-0  /706	loss 0.0017 (0.0017)	accu 1.000 (1.000)	
Train Epoch-16  Iter-25 /706	loss 0.2326 (0.1012)	accu 0.875 (0.966)	
Train Epoch-16  Iter-50 /706	loss 0.0010 (0.0783)	accu 1.000 (0.966)	
Train Epoch-16  Iter-75 /706	loss 0.0025 (0.0882)	accu 1.000 (0.964)	
Train Epoch-16  Iter-100/706	loss 0.0036 (0.0730)	accu 1.000 (0.972)	
Train Epoch-16  Iter-125/706	loss 0.0023 (0.0717)	accu 1.000 (0.971)	
Train Epoch-16  Iter-150/706	loss 0.3383 (0.0776)	accu 0.875 (0.970)	
Train Epoch-16  Iter-175/706	loss 0.0280 (0.0776)	accu 1.000 (0.970)	
Train Epoch-16  Iter-200/706	loss 0.0020 (0.0791)	accu 1.000 (0.970)	
Train Epoch-16  Iter-225/706	loss 0.0054 (0.0758)	accu 1.000 (0.972)	
Train Epoch-16  Iter-250/706	loss 0.1446 (0.0770)	accu 1.000 (0.972)	
Train Epoch-16  Iter-275/706	loss 0.7301 (0.0788)	accu 0.875 (0.972)	
Train Epoch-16  Iter-300/706	loss 0.0343 (0.0789)	accu 1.000 (0.971)	
Train Epoch-16  Iter-325/706	loss 0.0703 (0.0805)	accu 1.000 (0.970)	
Train Epoch-16  Iter-350/706	loss 0.0068 (0.0782)	accu 1.000 (0.971)	
Train Epoch-16  Iter-375/706	loss 0.0021 (0.0758)	accu 1.000 (0.972)	
Train Epoch-16  Iter-400/706	loss 0.0620 (0.0729)	accu 1.000 (0.973)	
Train Epoch-16  Iter-425/706	loss 0.5277 (0.0717)	accu 0.875 (0.974)	
Train Epoch-16  Iter-450/706	loss 0.0014 (0.0729)	accu 1.000 (0.973)	
Train Epoch-16  Iter-475/706	loss 0.0863 (0.0748)	accu 1.000 (0.972)	
Train Epoch-16  Iter-500/706	loss 0.0154 (0.0759)	accu 1.000 (0.972)	
Train Epoch-16  Iter-525/706	loss 0.0009 (0.0740)	accu 1.000 (0.972)	
Train Epoch-16  Iter-550/706	loss 0.1481 (0.0742)	accu 0.875 (0.972)	
Train Epoch-16  Iter-575/706	loss 0.0149 (0.0742)	accu 1.000 (0.972)	
Train Epoch-16  Iter-600/706	loss 0.0878 (0.0735)	accu 1.000 (0.972)	
Train Epoch-16  Iter-625/706	loss 0.0293 (0.0722)	accu 1.000 (0.973)	
Train Epoch-16  Iter-650/706	loss 0.0897 (0.0725)	accu 1.000 (0.973)	
Train Epoch-16  Iter-675/706	loss 0.2852 (0.0727)	accu 0.750 (0.972)	
Train Epoch-16  Iter-700/706	loss 0.0230 (0.0715)	accu 1.000 (0.973)	
Eval Epoch-16  Iter-0  /52 	loss 0.7573 (0.7573)	accu 0.750 (0.750)	
Eval Epoch-16  Iter-25 /52 	loss 0.0290 (0.5784)	accu 1.000 (0.788)	
Eval Epoch-16  Iter-50 /52 	loss 1.0177 (0.7756)	accu 0.625 (0.779)	
Epoch-16  Train: loss 0.0711	accu 0.9731	Eval: loss 0.7820	accu 0.7740
Train Epoch-17  Iter-0  /706	loss 0.4612 (0.4612)	accu 0.875 (0.875)	
Train Epoch-17  Iter-25 /706	loss 0.0535 (0.0959)	accu 1.000 (0.971)	
Train Epoch-17  Iter-50 /706	loss 0.0008 (0.1046)	accu 1.000 (0.968)	
Train Epoch-17  Iter-75 /706	loss 0.0730 (0.0911)	accu 1.000 (0.970)	
Train Epoch-17  Iter-100/706	loss 0.1063 (0.0807)	accu 0.875 (0.970)	
Train Epoch-17  Iter-125/706	loss 0.0589 (0.0877)	accu 1.000 (0.966)	
Train Epoch-17  Iter-150/706	loss 0.0059 (0.0811)	accu 1.000 (0.967)	
Train Epoch-17  Iter-175/706	loss 0.2651 (0.0755)	accu 0.875 (0.969)	
Train Epoch-17  Iter-200/706	loss 0.1759 (0.0729)	accu 0.875 (0.970)	
Train Epoch-17  Iter-225/706	loss 0.7978 (0.0726)	accu 0.875 (0.971)	
Train Epoch-17  Iter-250/706	loss 0.0221 (0.0702)	accu 1.000 (0.972)	
Train Epoch-17  Iter-275/706	loss 0.0169 (0.0682)	accu 1.000 (0.972)	
Train Epoch-17  Iter-300/706	loss 0.0461 (0.0651)	accu 1.000 (0.973)	
Train Epoch-17  Iter-325/706	loss 0.0114 (0.0631)	accu 1.000 (0.974)	
Train Epoch-17  Iter-350/706	loss 0.0066 (0.0632)	accu 1.000 (0.974)	
Train Epoch-17  Iter-375/706	loss 0.5838 (0.0652)	accu 0.750 (0.973)	
Train Epoch-17  Iter-400/706	loss 0.2973 (0.0663)	accu 0.875 (0.973)	
Train Epoch-17  Iter-425/706	loss 0.0153 (0.0656)	accu 1.000 (0.973)	
Train Epoch-17  Iter-450/706	loss 0.0104 (0.0646)	accu 1.000 (0.973)	
Train Epoch-17  Iter-475/706	loss 0.1738 (0.0666)	accu 1.000 (0.973)	
Train Epoch-17  Iter-500/706	loss 0.0004 (0.0675)	accu 1.000 (0.974)	
Train Epoch-17  Iter-525/706	loss 0.0052 (0.0657)	accu 1.000 (0.975)	
Train Epoch-17  Iter-550/706	loss 0.0615 (0.0652)	accu 1.000 (0.975)	
Train Epoch-17  Iter-575/706	loss 0.0073 (0.0672)	accu 1.000 (0.974)	
Train Epoch-17  Iter-600/706	loss 0.0008 (0.0676)	accu 1.000 (0.974)	
Train Epoch-17  Iter-625/706	loss 0.0359 (0.0664)	accu 1.000 (0.975)	
Train Epoch-17  Iter-650/706	loss 0.3429 (0.0682)	accu 0.875 (0.974)	
Train Epoch-17  Iter-675/706	loss 0.0499 (0.0686)	accu 1.000 (0.974)	
Train Epoch-17  Iter-700/706	loss 0.1285 (0.0677)	accu 0.875 (0.975)	
Eval Epoch-17  Iter-0  /52 	loss 0.8096 (0.8096)	accu 0.750 (0.750)	
Eval Epoch-17  Iter-25 /52 	loss 0.0167 (0.6033)	accu 1.000 (0.779)	
Eval Epoch-17  Iter-50 /52 	loss 0.9506 (0.8015)	accu 0.875 (0.782)	
Epoch-17  Train: loss 0.0675	accu 0.9747	Eval: loss 0.8095	accu 0.7764
Epoch    18: reducing learning rate of group 0 to 3.0000e-06.
Train Epoch-18  Iter-0  /706	loss 0.0042 (0.0042)	accu 1.000 (1.000)	
Train Epoch-18  Iter-25 /706	loss 0.4235 (0.0704)	accu 0.875 (0.976)	
Train Epoch-18  Iter-50 /706	loss 0.0028 (0.0661)	accu 1.000 (0.978)	
Train Epoch-18  Iter-75 /706	loss 0.0018 (0.0666)	accu 1.000 (0.975)	
Train Epoch-18  Iter-100/706	loss 0.2539 (0.0795)	accu 0.875 (0.970)	
Train Epoch-18  Iter-125/706	loss 0.0158 (0.0744)	accu 1.000 (0.973)	
Train Epoch-18  Iter-150/706	loss 0.0305 (0.0725)	accu 1.000 (0.975)	
Train Epoch-18  Iter-175/706	loss 0.0043 (0.0680)	accu 1.000 (0.977)	
Train Epoch-18  Iter-200/706	loss 0.0024 (0.0708)	accu 1.000 (0.976)	
Train Epoch-18  Iter-225/706	loss 0.0294 (0.0687)	accu 1.000 (0.975)	
Train Epoch-18  Iter-250/706	loss 0.3144 (0.0686)	accu 0.875 (0.974)	
Train Epoch-18  Iter-275/706	loss 0.0303 (0.0703)	accu 1.000 (0.973)	
Train Epoch-18  Iter-300/706	loss 0.0028 (0.0700)	accu 1.000 (0.973)	
Train Epoch-18  Iter-325/706	loss 0.0115 (0.0684)	accu 1.000 (0.972)	
Train Epoch-18  Iter-350/706	loss 0.0014 (0.0696)	accu 1.000 (0.972)	
Train Epoch-18  Iter-375/706	loss 0.0049 (0.0669)	accu 1.000 (0.973)	
Train Epoch-18  Iter-400/706	loss 0.5420 (0.0691)	accu 0.750 (0.973)	
Train Epoch-18  Iter-425/706	loss 0.0183 (0.0711)	accu 1.000 (0.973)	
Train Epoch-18  Iter-450/706	loss 0.1663 (0.0701)	accu 0.875 (0.973)	
Train Epoch-18  Iter-475/706	loss 0.0224 (0.0681)	accu 1.000 (0.974)	
Train Epoch-18  Iter-500/706	loss 0.0004 (0.0677)	accu 1.000 (0.974)	
Train Epoch-18  Iter-525/706	loss 0.0038 (0.0667)	accu 1.000 (0.975)	
Train Epoch-18  Iter-550/706	loss 0.0664 (0.0670)	accu 1.000 (0.975)	
Train Epoch-18  Iter-575/706	loss 0.0187 (0.0658)	accu 1.000 (0.975)	
Train Epoch-18  Iter-600/706	loss 0.3397 (0.0657)	accu 0.875 (0.975)	
Train Epoch-18  Iter-625/706	loss 0.0140 (0.0684)	accu 1.000 (0.974)	
Train Epoch-18  Iter-650/706	loss 0.0017 (0.0668)	accu 1.000 (0.975)	
Train Epoch-18  Iter-675/706	loss 0.0019 (0.0669)	accu 1.000 (0.975)	
Train Epoch-18  Iter-700/706	loss 0.3965 (0.0664)	accu 0.875 (0.975)	
Eval Epoch-18  Iter-0  /52 	loss 0.7646 (0.7646)	accu 0.750 (0.750)	
Eval Epoch-18  Iter-25 /52 	loss 0.0146 (0.5496)	accu 1.000 (0.812)	
Eval Epoch-18  Iter-50 /52 	loss 1.0247 (0.7860)	accu 0.625 (0.792)	
Epoch-18  Train: loss 0.0663	accu 0.9749	Eval: loss 0.7955	accu 0.7861
Train Epoch-19  Iter-0  /706	loss 0.0147 (0.0147)	accu 1.000 (1.000)	
Train Epoch-19  Iter-25 /706	loss 0.2774 (0.0812)	accu 0.875 (0.966)	
Train Epoch-19  Iter-50 /706	loss 0.0365 (0.0785)	accu 1.000 (0.968)	
Train Epoch-19  Iter-75 /706	loss 0.0055 (0.0723)	accu 1.000 (0.970)	
Train Epoch-19  Iter-100/706	loss 0.0728 (0.0786)	accu 1.000 (0.967)	
Train Epoch-19  Iter-125/706	loss 0.1681 (0.0740)	accu 0.875 (0.965)	
Train Epoch-19  Iter-150/706	loss 0.2194 (0.0780)	accu 0.875 (0.964)	
Train Epoch-19  Iter-175/706	loss 0.0078 (0.0726)	accu 1.000 (0.967)	
Train Epoch-19  Iter-200/706	loss 0.0055 (0.0743)	accu 1.000 (0.966)	
Train Epoch-19  Iter-225/706	loss 0.0021 (0.0681)	accu 1.000 (0.970)	
Train Epoch-19  Iter-250/706	loss 0.0024 (0.0674)	accu 1.000 (0.970)	
Train Epoch-19  Iter-275/706	loss 0.0047 (0.0677)	accu 1.000 (0.970)	
Train Epoch-19  Iter-300/706	loss 0.1699 (0.0667)	accu 0.875 (0.970)	
Train Epoch-19  Iter-325/706	loss 0.0046 (0.0644)	accu 1.000 (0.971)	
Train Epoch-19  Iter-350/706	loss 0.6431 (0.0679)	accu 0.750 (0.970)	
Train Epoch-19  Iter-375/706	loss 0.0200 (0.0661)	accu 1.000 (0.971)	
Train Epoch-19  Iter-400/706	loss 0.0164 (0.0650)	accu 1.000 (0.972)	
Train Epoch-19  Iter-425/706	loss 0.1624 (0.0636)	accu 0.875 (0.973)	
Train Epoch-19  Iter-450/706	loss 0.5903 (0.0640)	accu 0.875 (0.973)	
Train Epoch-19  Iter-475/706	loss 0.0213 (0.0631)	accu 1.000 (0.974)	
Train Epoch-19  Iter-500/706	loss 0.0440 (0.0634)	accu 1.000 (0.974)	
Train Epoch-19  Iter-525/706	loss 0.0179 (0.0641)	accu 1.000 (0.973)	
Train Epoch-19  Iter-550/706	loss 0.0154 (0.0647)	accu 1.000 (0.973)	
Train Epoch-19  Iter-575/706	loss 0.0225 (0.0634)	accu 1.000 (0.974)	
Train Epoch-19  Iter-600/706	loss 0.1195 (0.0637)	accu 0.875 (0.973)	
Train Epoch-19  Iter-625/706	loss 0.0242 (0.0634)	accu 1.000 (0.973)	
Train Epoch-19  Iter-650/706	loss 0.0029 (0.0662)	accu 1.000 (0.972)	
Train Epoch-19  Iter-675/706	loss 0.0193 (0.0662)	accu 1.000 (0.972)	
Train Epoch-19  Iter-700/706	loss 0.0290 (0.0657)	accu 1.000 (0.972)	
Eval Epoch-19  Iter-0  /52 	loss 0.7672 (0.7672)	accu 0.750 (0.750)	
Eval Epoch-19  Iter-25 /52 	loss 0.0136 (0.5130)	accu 1.000 (0.822)	
Eval Epoch-19  Iter-50 /52 	loss 1.1091 (0.7769)	accu 0.625 (0.797)	
Epoch-19  Train: loss 0.0655	accu 0.9722	Eval: loss 0.7872	accu 0.7909
Train Epoch-20  Iter-0  /706	loss 0.0201 (0.0201)	accu 1.000 (1.000)	
Train Epoch-20  Iter-25 /706	loss 0.2374 (0.0708)	accu 0.875 (0.971)	
Train Epoch-20  Iter-50 /706	loss 0.6485 (0.0743)	accu 0.750 (0.971)	
Train Epoch-20  Iter-75 /706	loss 0.0167 (0.0717)	accu 1.000 (0.970)	
Train Epoch-20  Iter-100/706	loss 0.1444 (0.0764)	accu 0.875 (0.967)	
Train Epoch-20  Iter-125/706	loss 0.0218 (0.0704)	accu 1.000 (0.967)	
Train Epoch-20  Iter-150/706	loss 0.0303 (0.0723)	accu 1.000 (0.969)	
Train Epoch-20  Iter-175/706	loss 0.0783 (0.0733)	accu 1.000 (0.967)	
Train Epoch-20  Iter-200/706	loss 0.0444 (0.0744)	accu 1.000 (0.968)	
Train Epoch-20  Iter-225/706	loss 0.0184 (0.0745)	accu 1.000 (0.967)	
Train Epoch-20  Iter-250/706	loss 0.0157 (0.0742)	accu 1.000 (0.968)	
Train Epoch-20  Iter-275/706	loss 0.2465 (0.0733)	accu 0.750 (0.968)	
Train Epoch-20  Iter-300/706	loss 0.0055 (0.0732)	accu 1.000 (0.968)	
Train Epoch-20  Iter-325/706	loss 0.1715 (0.0748)	accu 0.875 (0.968)	
Train Epoch-20  Iter-350/706	loss 0.0433 (0.0750)	accu 1.000 (0.969)	
Train Epoch-20  Iter-375/706	loss 0.4017 (0.0759)	accu 0.875 (0.968)	
Train Epoch-20  Iter-400/706	loss 0.0013 (0.0733)	accu 1.000 (0.969)	
Train Epoch-20  Iter-425/706	loss 0.0254 (0.0713)	accu 1.000 (0.971)	
Train Epoch-20  Iter-450/706	loss 0.0020 (0.0710)	accu 1.000 (0.971)	
Train Epoch-20  Iter-475/706	loss 0.3072 (0.0710)	accu 0.875 (0.970)	
Train Epoch-20  Iter-500/706	loss 0.0004 (0.0702)	accu 1.000 (0.971)	
Train Epoch-20  Iter-525/706	loss 0.0068 (0.0719)	accu 1.000 (0.971)	
Train Epoch-20  Iter-550/706	loss 0.0052 (0.0715)	accu 1.000 (0.971)	
Train Epoch-20  Iter-575/706	loss 0.0308 (0.0702)	accu 1.000 (0.971)	
Train Epoch-20  Iter-600/706	loss 0.2856 (0.0704)	accu 0.875 (0.971)	
Train Epoch-20  Iter-625/706	loss 0.0810 (0.0693)	accu 1.000 (0.972)	
Train Epoch-20  Iter-650/706	loss 0.0162 (0.0682)	accu 1.000 (0.972)	
Train Epoch-20  Iter-675/706	loss 0.0028 (0.0697)	accu 1.000 (0.972)	
Train Epoch-20  Iter-700/706	loss 0.1352 (0.0687)	accu 0.875 (0.972)	
Eval Epoch-20  Iter-0  /52 	loss 0.7894 (0.7894)	accu 0.750 (0.750)	
Eval Epoch-20  Iter-25 /52 	loss 0.0151 (0.5345)	accu 1.000 (0.817)	
Eval Epoch-20  Iter-50 /52 	loss 1.0572 (0.7762)	accu 0.625 (0.794)	
Epoch-20  Train: loss 0.0684	accu 0.9726	Eval: loss 0.7850	accu 0.7885
Train Epoch-21  Iter-0  /706	loss 0.2138 (0.2138)	accu 0.875 (0.875)	
Train Epoch-21  Iter-25 /706	loss 0.1763 (0.0364)	accu 0.875 (0.981)	
Train Epoch-21  Iter-50 /706	loss 0.0602 (0.0379)	accu 1.000 (0.983)	
Train Epoch-21  Iter-75 /706	loss 0.0631 (0.0421)	accu 1.000 (0.977)	
Train Epoch-21  Iter-100/706	loss 0.0026 (0.0538)	accu 1.000 (0.976)	
Train Epoch-21  Iter-125/706	loss 0.0018 (0.0582)	accu 1.000 (0.973)	
Train Epoch-21  Iter-150/706	loss 0.0657 (0.0582)	accu 1.000 (0.973)	
Train Epoch-21  Iter-175/706	loss 0.0695 (0.0597)	accu 1.000 (0.974)	
Train Epoch-21  Iter-200/706	loss 0.0063 (0.0621)	accu 1.000 (0.975)	
Train Epoch-21  Iter-225/706	loss 0.0024 (0.0630)	accu 1.000 (0.975)	
Train Epoch-21  Iter-250/706	loss 0.0587 (0.0607)	accu 1.000 (0.976)	
Train Epoch-21  Iter-275/706	loss 0.0311 (0.0628)	accu 1.000 (0.976)	
Train Epoch-21  Iter-300/706	loss 0.0264 (0.0616)	accu 1.000 (0.976)	
Train Epoch-21  Iter-325/706	loss 0.0069 (0.0639)	accu 1.000 (0.975)	
Train Epoch-21  Iter-350/706	loss 0.0232 (0.0648)	accu 1.000 (0.975)	
Train Epoch-21  Iter-375/706	loss 0.0877 (0.0670)	accu 1.000 (0.974)	
Train Epoch-21  Iter-400/706	loss 0.0203 (0.0675)	accu 1.000 (0.974)	
Train Epoch-21  Iter-425/706	loss 0.0373 (0.0677)	accu 1.000 (0.973)	
Train Epoch-21  Iter-450/706	loss 0.0082 (0.0663)	accu 1.000 (0.974)	
Train Epoch-21  Iter-475/706	loss 0.0178 (0.0656)	accu 1.000 (0.974)	
Train Epoch-21  Iter-500/706	loss 0.0015 (0.0646)	accu 1.000 (0.974)	
Train Epoch-21  Iter-525/706	loss 0.0562 (0.0636)	accu 1.000 (0.974)	
Train Epoch-21  Iter-550/706	loss 0.0250 (0.0633)	accu 1.000 (0.975)	
Train Epoch-21  Iter-575/706	loss 0.0030 (0.0621)	accu 1.000 (0.975)	
Train Epoch-21  Iter-600/706	loss 0.0083 (0.0621)	accu 1.000 (0.975)	
Train Epoch-21  Iter-625/706	loss 0.0113 (0.0626)	accu 1.000 (0.975)	
Train Epoch-21  Iter-650/706	loss 0.3014 (0.0623)	accu 0.875 (0.975)	
Train Epoch-21  Iter-675/706	loss 0.0981 (0.0635)	accu 1.000 (0.975)	
Train Epoch-21  Iter-700/706	loss 0.0008 (0.0628)	accu 1.000 (0.975)	
Eval Epoch-21  Iter-0  /52 	loss 0.7913 (0.7913)	accu 0.750 (0.750)	
Eval Epoch-21  Iter-25 /52 	loss 0.0137 (0.5108)	accu 1.000 (0.827)	
Eval Epoch-21  Iter-50 /52 	loss 1.1460 (0.7791)	accu 0.625 (0.799)	
Epoch-21  Train: loss 0.0624	accu 0.9756	Eval: loss 0.7892	accu 0.7933
Train Epoch-22  Iter-0  /706	loss 0.0008 (0.0008)	accu 1.000 (1.000)	
Train Epoch-22  Iter-25 /706	loss 0.0073 (0.0457)	accu 1.000 (0.986)	
Train Epoch-22  Iter-50 /706	loss 0.0193 (0.0462)	accu 1.000 (0.980)	
Train Epoch-22  Iter-75 /706	loss 0.0145 (0.0543)	accu 1.000 (0.977)	
Train Epoch-22  Iter-100/706	loss 0.1195 (0.0551)	accu 0.875 (0.976)	
Train Epoch-22  Iter-125/706	loss 0.0088 (0.0526)	accu 1.000 (0.978)	
Train Epoch-22  Iter-150/706	loss 0.0010 (0.0554)	accu 1.000 (0.976)	
Train Epoch-22  Iter-175/706	loss 0.0228 (0.0558)	accu 1.000 (0.977)	
Train Epoch-22  Iter-200/706	loss 0.0013 (0.0594)	accu 1.000 (0.977)	
Train Epoch-22  Iter-225/706	loss 0.0741 (0.0580)	accu 1.000 (0.977)	
Train Epoch-22  Iter-250/706	loss 0.1067 (0.0584)	accu 0.875 (0.977)	
Train Epoch-22  Iter-275/706	loss 0.0016 (0.0608)	accu 1.000 (0.976)	
Train Epoch-22  Iter-300/706	loss 0.0150 (0.0610)	accu 1.000 (0.976)	
Train Epoch-22  Iter-325/706	loss 0.0198 (0.0603)	accu 1.000 (0.976)	
Train Epoch-22  Iter-350/706	loss 0.3018 (0.0614)	accu 0.875 (0.975)	
Train Epoch-22  Iter-375/706	loss 0.0021 (0.0600)	accu 1.000 (0.976)	
Train Epoch-22  Iter-400/706	loss 0.0016 (0.0593)	accu 1.000 (0.976)	
Train Epoch-22  Iter-425/706	loss 0.1321 (0.0603)	accu 0.875 (0.976)	
Train Epoch-22  Iter-450/706	loss 0.0100 (0.0612)	accu 1.000 (0.976)	
Train Epoch-22  Iter-475/706	loss 0.0014 (0.0619)	accu 1.000 (0.975)	
Train Epoch-22  Iter-500/706	loss 0.0085 (0.0632)	accu 1.000 (0.975)	
Train Epoch-22  Iter-525/706	loss 0.0406 (0.0640)	accu 1.000 (0.974)	
Train Epoch-22  Iter-550/706	loss 0.0018 (0.0623)	accu 1.000 (0.975)	
Train Epoch-22  Iter-575/706	loss 0.0006 (0.0624)	accu 1.000 (0.975)	
Train Epoch-22  Iter-600/706	loss 0.0023 (0.0628)	accu 1.000 (0.975)	
Train Epoch-22  Iter-625/706	loss 0.0145 (0.0632)	accu 1.000 (0.975)	
Train Epoch-22  Iter-650/706	loss 0.0027 (0.0625)	accu 1.000 (0.976)	
Train Epoch-22  Iter-675/706	loss 0.0018 (0.0623)	accu 1.000 (0.976)	
Train Epoch-22  Iter-700/706	loss 0.0052 (0.0614)	accu 1.000 (0.976)	
Eval Epoch-22  Iter-0  /52 	loss 0.8015 (0.8015)	accu 0.750 (0.750)	
Eval Epoch-22  Iter-25 /52 	loss 0.0099 (0.4784)	accu 1.000 (0.841)	
Eval Epoch-22  Iter-50 /52 	loss 1.2881 (0.7884)	accu 0.625 (0.804)	
Epoch-22  Train: loss 0.0610	accu 0.9763	Eval: loss 0.8008	accu 0.7981
Train Epoch-23  Iter-0  /706	loss 0.0006 (0.0006)	accu 1.000 (1.000)	
Train Epoch-23  Iter-25 /706	loss 0.0041 (0.0445)	accu 1.000 (0.981)	
Train Epoch-23  Iter-50 /706	loss 0.0968 (0.0581)	accu 0.875 (0.978)	
Train Epoch-23  Iter-75 /706	loss 0.0029 (0.0734)	accu 1.000 (0.969)	
Train Epoch-23  Iter-100/706	loss 0.0046 (0.0717)	accu 1.000 (0.972)	
Train Epoch-23  Iter-125/706	loss 0.2801 (0.0802)	accu 0.875 (0.969)	
Train Epoch-23  Iter-150/706	loss 0.0452 (0.0791)	accu 1.000 (0.968)	
Train Epoch-23  Iter-175/706	loss 0.0017 (0.0823)	accu 1.000 (0.969)	
Train Epoch-23  Iter-200/706	loss 0.0962 (0.0813)	accu 0.875 (0.969)	
Train Epoch-23  Iter-225/706	loss 0.2914 (0.0821)	accu 0.875 (0.967)	
Train Epoch-23  Iter-250/706	loss 0.0442 (0.0794)	accu 1.000 (0.969)	
Train Epoch-23  Iter-275/706	loss 0.0282 (0.0811)	accu 1.000 (0.970)	
Train Epoch-23  Iter-300/706	loss 0.2408 (0.0800)	accu 0.875 (0.970)	
Train Epoch-23  Iter-325/706	loss 0.0032 (0.0756)	accu 1.000 (0.972)	
Train Epoch-23  Iter-350/706	loss 0.1864 (0.0723)	accu 0.875 (0.974)	
Train Epoch-23  Iter-375/706	loss 0.0011 (0.0715)	accu 1.000 (0.974)	
Train Epoch-23  Iter-400/706	loss 0.0008 (0.0705)	accu 1.000 (0.975)	
Train Epoch-23  Iter-425/706	loss 0.0006 (0.0695)	accu 1.000 (0.974)	
Train Epoch-23  Iter-450/706	loss 0.0012 (0.0686)	accu 1.000 (0.974)	
Train Epoch-23  Iter-475/706	loss 0.0361 (0.0682)	accu 1.000 (0.974)	
Train Epoch-23  Iter-500/706	loss 0.0007 (0.0662)	accu 1.000 (0.975)	
Train Epoch-23  Iter-525/706	loss 0.0164 (0.0647)	accu 1.000 (0.975)	
Train Epoch-23  Iter-550/706	loss 0.1403 (0.0664)	accu 0.875 (0.975)	
Train Epoch-23  Iter-575/706	loss 0.0167 (0.0651)	accu 1.000 (0.975)	
Train Epoch-23  Iter-600/706	loss 0.0625 (0.0662)	accu 1.000 (0.975)	
Train Epoch-23  Iter-625/706	loss 0.0005 (0.0657)	accu 1.000 (0.975)	
Train Epoch-23  Iter-650/706	loss 0.0403 (0.0649)	accu 1.000 (0.976)	
Train Epoch-23  Iter-675/706	loss 0.0006 (0.0648)	accu 1.000 (0.976)	
Train Epoch-23  Iter-700/706	loss 0.0028 (0.0653)	accu 1.000 (0.976)	
Eval Epoch-23  Iter-0  /52 	loss 0.8004 (0.8004)	accu 0.750 (0.750)	
Eval Epoch-23  Iter-25 /52 	loss 0.0109 (0.5004)	accu 1.000 (0.827)	
Eval Epoch-23  Iter-50 /52 	loss 1.1898 (0.7906)	accu 0.625 (0.797)	
Epoch-23  Train: loss 0.0659	accu 0.9756	Eval: loss 0.8023	accu 0.7909
Epoch    24: reducing learning rate of group 0 to 3.0000e-07.
Train Epoch-24  Iter-0  /706	loss 0.0084 (0.0084)	accu 1.000 (1.000)	
Train Epoch-24  Iter-25 /706	loss 0.0562 (0.0881)	accu 1.000 (0.971)	
Train Epoch-24  Iter-50 /706	loss 0.0484 (0.0655)	accu 1.000 (0.975)	
Train Epoch-24  Iter-75 /706	loss 0.0241 (0.0570)	accu 1.000 (0.980)	
Train Epoch-24  Iter-100/706	loss 0.0019 (0.0562)	accu 1.000 (0.980)	
Train Epoch-24  Iter-125/706	loss 0.0020 (0.0559)	accu 1.000 (0.979)	
Train Epoch-24  Iter-150/706	loss 0.0040 (0.0587)	accu 1.000 (0.977)	
Train Epoch-24  Iter-175/706	loss 0.0085 (0.0560)	accu 1.000 (0.978)	
Train Epoch-24  Iter-200/706	loss 0.0487 (0.0610)	accu 1.000 (0.976)	
Train Epoch-24  Iter-225/706	loss 0.0212 (0.0615)	accu 1.000 (0.975)	
Train Epoch-24  Iter-250/706	loss 0.0031 (0.0637)	accu 1.000 (0.974)	
Train Epoch-24  Iter-275/706	loss 0.0014 (0.0631)	accu 1.000 (0.975)	
Train Epoch-24  Iter-300/706	loss 0.0141 (0.0603)	accu 1.000 (0.976)	
Train Epoch-24  Iter-325/706	loss 0.0162 (0.0630)	accu 1.000 (0.976)	
Train Epoch-24  Iter-350/706	loss 0.4528 (0.0664)	accu 0.750 (0.975)	
Train Epoch-24  Iter-375/706	loss 0.0084 (0.0662)	accu 1.000 (0.975)	
Train Epoch-24  Iter-400/706	loss 0.5990 (0.0718)	accu 0.875 (0.974)	
Train Epoch-24  Iter-425/706	loss 0.0005 (0.0701)	accu 1.000 (0.974)	
Train Epoch-24  Iter-450/706	loss 0.0080 (0.0705)	accu 1.000 (0.973)	
Train Epoch-24  Iter-475/706	loss 0.0053 (0.0691)	accu 1.000 (0.973)	
Train Epoch-24  Iter-500/706	loss 0.0886 (0.0686)	accu 0.875 (0.974)	
Train Epoch-24  Iter-525/706	loss 0.2831 (0.0679)	accu 0.875 (0.974)	
Train Epoch-24  Iter-550/706	loss 0.0139 (0.0673)	accu 1.000 (0.975)	
Train Epoch-24  Iter-575/706	loss 0.0304 (0.0672)	accu 1.000 (0.975)	
Train Epoch-24  Iter-600/706	loss 0.1820 (0.0667)	accu 0.875 (0.974)	
Train Epoch-24  Iter-625/706	loss 0.1017 (0.0663)	accu 0.875 (0.975)	
Train Epoch-24  Iter-650/706	loss 0.0761 (0.0657)	accu 1.000 (0.975)	
Train Epoch-24  Iter-675/706	loss 0.0216 (0.0663)	accu 1.000 (0.975)	
Train Epoch-24  Iter-700/706	loss 0.0175 (0.0675)	accu 1.000 (0.974)	
Eval Epoch-24  Iter-0  /52 	loss 0.7952 (0.7952)	accu 0.750 (0.750)	
Eval Epoch-24  Iter-25 /52 	loss 0.0109 (0.4981)	accu 1.000 (0.817)	
Eval Epoch-24  Iter-50 /52 	loss 1.1901 (0.7889)	accu 0.625 (0.792)	
Epoch-24  Train: loss 0.0674	accu 0.9743	Eval: loss 0.8007	accu 0.7861
Train Epoch-25  Iter-0  /706	loss 0.2892 (0.2892)	accu 0.875 (0.875)	
Train Epoch-25  Iter-25 /706	loss 0.0226 (0.0575)	accu 1.000 (0.981)	
Train Epoch-25  Iter-50 /706	loss 0.0100 (0.0537)	accu 1.000 (0.978)	
Train Epoch-25  Iter-75 /706	loss 0.0007 (0.0571)	accu 1.000 (0.974)	
Train Epoch-25  Iter-100/706	loss 0.0012 (0.0573)	accu 1.000 (0.976)	
Train Epoch-25  Iter-125/706	loss 0.0105 (0.0571)	accu 1.000 (0.975)	
Train Epoch-25  Iter-150/706	loss 0.0199 (0.0557)	accu 1.000 (0.977)	
Train Epoch-25  Iter-175/706	loss 0.0417 (0.0520)	accu 1.000 (0.980)	
Train Epoch-25  Iter-200/706	loss 0.1347 (0.0501)	accu 1.000 (0.981)	
Train Epoch-25  Iter-225/706	loss 0.0058 (0.0474)	accu 1.000 (0.983)	
Train Epoch-25  Iter-250/706	loss 0.0081 (0.0500)	accu 1.000 (0.983)	
Train Epoch-25  Iter-275/706	loss 0.0249 (0.0506)	accu 1.000 (0.983)	
Train Epoch-25  Iter-300/706	loss 0.0832 (0.0509)	accu 1.000 (0.982)	
Train Epoch-25  Iter-325/706	loss 0.0058 (0.0502)	accu 1.000 (0.983)	
Train Epoch-25  Iter-350/706	loss 0.0014 (0.0506)	accu 1.000 (0.983)	
Train Epoch-25  Iter-375/706	loss 0.1780 (0.0539)	accu 0.875 (0.981)	
Train Epoch-25  Iter-400/706	loss 0.0009 (0.0524)	accu 1.000 (0.982)	
Train Epoch-25  Iter-425/706	loss 0.0258 (0.0532)	accu 1.000 (0.981)	
Train Epoch-25  Iter-450/706	loss 0.0279 (0.0568)	accu 1.000 (0.980)	
Train Epoch-25  Iter-475/706	loss 0.0178 (0.0574)	accu 1.000 (0.980)	
Train Epoch-25  Iter-500/706	loss 0.0039 (0.0575)	accu 1.000 (0.980)	
Train Epoch-25  Iter-525/706	loss 0.0039 (0.0596)	accu 1.000 (0.979)	
Train Epoch-25  Iter-550/706	loss 0.1054 (0.0591)	accu 0.875 (0.979)	
Train Epoch-25  Iter-575/706	loss 0.4034 (0.0607)	accu 0.875 (0.978)	
Train Epoch-25  Iter-600/706	loss 0.0538 (0.0601)	accu 1.000 (0.978)	
Train Epoch-25  Iter-625/706	loss 0.0243 (0.0617)	accu 1.000 (0.978)	
Train Epoch-25  Iter-650/706	loss 0.0958 (0.0614)	accu 1.000 (0.978)	
Train Epoch-25  Iter-675/706	loss 0.0006 (0.0617)	accu 1.000 (0.978)	
Train Epoch-25  Iter-700/706	loss 0.0724 (0.0616)	accu 1.000 (0.978)	
Eval Epoch-25  Iter-0  /52 	loss 0.7972 (0.7972)	accu 0.750 (0.750)	
Eval Epoch-25  Iter-25 /52 	loss 0.0112 (0.4993)	accu 1.000 (0.817)	
Eval Epoch-25  Iter-50 /52 	loss 1.1875 (0.7890)	accu 0.625 (0.792)	
Epoch-25  Train: loss 0.0612	accu 0.9777	Eval: loss 0.8008	accu 0.7861
Train Epoch-26  Iter-0  /706	loss 0.0377 (0.0377)	accu 1.000 (1.000)	
Train Epoch-26  Iter-25 /706	loss 0.0138 (0.0564)	accu 1.000 (0.981)	
Train Epoch-26  Iter-50 /706	loss 0.0361 (0.0486)	accu 1.000 (0.980)	
Train Epoch-26  Iter-75 /706	loss 0.0051 (0.0581)	accu 1.000 (0.980)	
Train Epoch-26  Iter-100/706	loss 0.0150 (0.0524)	accu 1.000 (0.981)	
Train Epoch-26  Iter-125/706	loss 0.0048 (0.0561)	accu 1.000 (0.979)	
Train Epoch-26  Iter-150/706	loss 0.1844 (0.0638)	accu 0.875 (0.976)	
Train Epoch-26  Iter-175/706	loss 0.0225 (0.0616)	accu 1.000 (0.977)	
Train Epoch-26  Iter-200/706	loss 0.1482 (0.0651)	accu 0.875 (0.977)	
Train Epoch-26  Iter-225/706	loss 0.0182 (0.0655)	accu 1.000 (0.976)	
Train Epoch-26  Iter-250/706	loss 0.1033 (0.0704)	accu 0.875 (0.973)	
Train Epoch-26  Iter-275/706	loss 0.0005 (0.0683)	accu 1.000 (0.974)	
Train Epoch-26  Iter-300/706	loss 0.0194 (0.0658)	accu 1.000 (0.975)	
Train Epoch-26  Iter-325/706	loss 0.0058 (0.0636)	accu 1.000 (0.976)	
Train Epoch-26  Iter-350/706	loss 0.0812 (0.0613)	accu 1.000 (0.977)	
Train Epoch-26  Iter-375/706	loss 0.0389 (0.0632)	accu 1.000 (0.976)	
Train Epoch-26  Iter-400/706	loss 0.2089 (0.0625)	accu 0.875 (0.976)	
Train Epoch-26  Iter-425/706	loss 0.0020 (0.0604)	accu 1.000 (0.977)	
Train Epoch-26  Iter-450/706	loss 0.9157 (0.0628)	accu 0.875 (0.977)	
Train Epoch-26  Iter-475/706	loss 0.0143 (0.0603)	accu 1.000 (0.978)	
Train Epoch-26  Iter-500/706	loss 0.0056 (0.0598)	accu 1.000 (0.978)	
Train Epoch-26  Iter-525/706	loss 0.0039 (0.0594)	accu 1.000 (0.978)	
Train Epoch-26  Iter-550/706	loss 0.0136 (0.0602)	accu 1.000 (0.978)	
Train Epoch-26  Iter-575/706	loss 0.5093 (0.0613)	accu 0.875 (0.977)	
Train Epoch-26  Iter-600/706	loss 0.2817 (0.0626)	accu 0.875 (0.976)	
Train Epoch-26  Iter-625/706	loss 0.0065 (0.0622)	accu 1.000 (0.977)	
Train Epoch-26  Iter-650/706	loss 0.0226 (0.0634)	accu 1.000 (0.976)	
Train Epoch-26  Iter-675/706	loss 0.0932 (0.0629)	accu 0.875 (0.977)	
Train Epoch-26  Iter-700/706	loss 0.0078 (0.0632)	accu 1.000 (0.977)	
Eval Epoch-26  Iter-0  /52 	loss 0.8001 (0.8001)	accu 0.750 (0.750)	
Eval Epoch-26  Iter-25 /52 	loss 0.0114 (0.5016)	accu 1.000 (0.817)	
Eval Epoch-26  Iter-50 /52 	loss 1.1852 (0.7895)	accu 0.625 (0.792)	
Epoch-26  Train: loss 0.0629	accu 0.9770	Eval: loss 0.8011	accu 0.7861
Train Epoch-27  Iter-0  /706	loss 0.0017 (0.0017)	accu 1.000 (1.000)	
Train Epoch-27  Iter-25 /706	loss 0.0005 (0.0602)	accu 1.000 (0.976)	
Train Epoch-27  Iter-50 /706	loss 0.0247 (0.0697)	accu 1.000 (0.971)	
Train Epoch-27  Iter-75 /706	loss 0.0014 (0.0762)	accu 1.000 (0.965)	
Train Epoch-27  Iter-100/706	loss 0.0199 (0.0738)	accu 1.000 (0.965)	
Train Epoch-27  Iter-125/706	loss 0.0009 (0.0670)	accu 1.000 (0.969)	
Train Epoch-27  Iter-150/706	loss 0.2905 (0.0761)	accu 0.875 (0.964)	
Train Epoch-27  Iter-175/706	loss 0.1043 (0.0699)	accu 0.875 (0.967)	
Train Epoch-27  Iter-200/706	loss 0.0988 (0.0677)	accu 0.875 (0.969)	
Train Epoch-27  Iter-225/706	loss 0.0819 (0.0654)	accu 1.000 (0.969)	
Train Epoch-27  Iter-250/706	loss 0.0153 (0.0670)	accu 1.000 (0.969)	
Train Epoch-27  Iter-275/706	loss 0.0372 (0.0629)	accu 1.000 (0.971)	
Train Epoch-27  Iter-300/706	loss 0.4026 (0.0629)	accu 0.875 (0.972)	
Train Epoch-27  Iter-325/706	loss 0.2480 (0.0635)	accu 0.875 (0.973)	
Train Epoch-27  Iter-350/706	loss 0.0004 (0.0622)	accu 1.000 (0.973)	
Train Epoch-27  Iter-375/706	loss 0.2503 (0.0626)	accu 0.875 (0.973)	
Train Epoch-27  Iter-400/706	loss 0.0203 (0.0648)	accu 1.000 (0.972)	
Train Epoch-27  Iter-425/706	loss 0.1384 (0.0632)	accu 0.875 (0.973)	
Train Epoch-27  Iter-450/706	loss 0.1661 (0.0647)	accu 0.875 (0.971)	
Train Epoch-27  Iter-475/706	loss 0.0026 (0.0641)	accu 1.000 (0.972)	
Train Epoch-27  Iter-500/706	loss 0.0809 (0.0622)	accu 1.000 (0.973)	
Train Epoch-27  Iter-525/706	loss 0.0055 (0.0612)	accu 1.000 (0.974)	
Train Epoch-27  Iter-550/706	loss 0.0149 (0.0621)	accu 1.000 (0.973)	
Train Epoch-27  Iter-575/706	loss 0.0060 (0.0625)	accu 1.000 (0.973)	
Train Epoch-27  Iter-600/706	loss 0.0214 (0.0625)	accu 1.000 (0.972)	
Train Epoch-27  Iter-625/706	loss 0.0048 (0.0621)	accu 1.000 (0.972)	
Train Epoch-27  Iter-650/706	loss 0.0066 (0.0622)	accu 1.000 (0.973)	
Train Epoch-27  Iter-675/706	loss 0.0347 (0.0637)	accu 1.000 (0.972)	
Train Epoch-27  Iter-700/706	loss 0.0022 (0.0637)	accu 1.000 (0.972)	
Eval Epoch-27  Iter-0  /52 	loss 0.8018 (0.8018)	accu 0.750 (0.750)	
Eval Epoch-27  Iter-25 /52 	loss 0.0114 (0.5022)	accu 1.000 (0.817)	
Eval Epoch-27  Iter-50 /52 	loss 1.1822 (0.7899)	accu 0.625 (0.792)	
Epoch-27  Train: loss 0.0635	accu 0.9724	Eval: loss 0.8015	accu 0.7861
Train Epoch-28  Iter-0  /706	loss 0.0357 (0.0357)	accu 1.000 (1.000)	
Train Epoch-28  Iter-25 /706	loss 0.0012 (0.0891)	accu 1.000 (0.962)	
Train Epoch-28  Iter-50 /706	loss 0.0040 (0.0863)	accu 1.000 (0.963)	
Train Epoch-28  Iter-75 /706	loss 0.3061 (0.0733)	accu 0.875 (0.967)	
Train Epoch-28  Iter-100/706	loss 0.0167 (0.0633)	accu 1.000 (0.973)	
Train Epoch-28  Iter-125/706	loss 0.0006 (0.0575)	accu 1.000 (0.975)	
Train Epoch-28  Iter-150/706	loss 0.0948 (0.0564)	accu 0.875 (0.978)	
Train Epoch-28  Iter-175/706	loss 0.0013 (0.0577)	accu 1.000 (0.977)	
Train Epoch-28  Iter-200/706	loss 0.0028 (0.0548)	accu 1.000 (0.978)	
Train Epoch-28  Iter-225/706	loss 0.0005 (0.0543)	accu 1.000 (0.977)	
Train Epoch-28  Iter-250/706	loss 0.1358 (0.0563)	accu 0.875 (0.976)	
Train Epoch-28  Iter-275/706	loss 0.0011 (0.0547)	accu 1.000 (0.977)	
Train Epoch-28  Iter-300/706	loss 0.0012 (0.0564)	accu 1.000 (0.976)	
Train Epoch-28  Iter-325/706	loss 0.0009 (0.0567)	accu 1.000 (0.976)	
Train Epoch-28  Iter-350/706	loss 1.1189 (0.0617)	accu 0.750 (0.974)	
Train Epoch-28  Iter-375/706	loss 0.0387 (0.0625)	accu 1.000 (0.973)	
Train Epoch-28  Iter-400/706	loss 0.4585 (0.0623)	accu 0.875 (0.974)	
Train Epoch-28  Iter-425/706	loss 0.0045 (0.0627)	accu 1.000 (0.974)	
Train Epoch-28  Iter-450/706	loss 0.0721 (0.0646)	accu 1.000 (0.973)	
Train Epoch-28  Iter-475/706	loss 0.2314 (0.0645)	accu 0.750 (0.973)	
Train Epoch-28  Iter-500/706	loss 0.1770 (0.0651)	accu 0.875 (0.973)	
Train Epoch-28  Iter-525/706	loss 0.0013 (0.0653)	accu 1.000 (0.973)	
Train Epoch-28  Iter-550/706	loss 0.2768 (0.0652)	accu 0.750 (0.973)	
Train Epoch-28  Iter-575/706	loss 0.0823 (0.0649)	accu 1.000 (0.973)	
Train Epoch-28  Iter-600/706	loss 0.0820 (0.0649)	accu 1.000 (0.973)	
Train Epoch-28  Iter-625/706	loss 0.1498 (0.0642)	accu 0.875 (0.973)	
Train Epoch-28  Iter-650/706	loss 0.3138 (0.0654)	accu 0.875 (0.973)	
Train Epoch-28  Iter-675/706	loss 0.0083 (0.0650)	accu 1.000 (0.973)	
Train Epoch-28  Iter-700/706	loss 0.0012 (0.0644)	accu 1.000 (0.973)	
Eval Epoch-28  Iter-0  /52 	loss 0.8034 (0.8034)	accu 0.750 (0.750)	
Eval Epoch-28  Iter-25 /52 	loss 0.0114 (0.5036)	accu 1.000 (0.817)	
Eval Epoch-28  Iter-50 /52 	loss 1.1766 (0.7909)	accu 0.625 (0.792)	
Epoch-28  Train: loss 0.0644	accu 0.9731	Eval: loss 0.8025	accu 0.7861
Train Epoch-29  Iter-0  /706	loss 0.0158 (0.0158)	accu 1.000 (1.000)	
Train Epoch-29  Iter-25 /706	loss 0.1856 (0.0498)	accu 0.875 (0.981)	
Train Epoch-29  Iter-50 /706	loss 0.3036 (0.0911)	accu 0.875 (0.963)	
Train Epoch-29  Iter-75 /706	loss 0.0146 (0.0779)	accu 1.000 (0.965)	
Train Epoch-29  Iter-100/706	loss 0.0036 (0.0758)	accu 1.000 (0.968)	
Train Epoch-29  Iter-125/706	loss 0.0013 (0.0748)	accu 1.000 (0.969)	
Train Epoch-29  Iter-150/706	loss 0.0013 (0.0726)	accu 1.000 (0.970)	
Train Epoch-29  Iter-175/706	loss 0.0057 (0.0695)	accu 1.000 (0.971)	
Train Epoch-29  Iter-200/706	loss 0.0673 (0.0705)	accu 1.000 (0.970)	
Train Epoch-29  Iter-225/706	loss 0.0084 (0.0681)	accu 1.000 (0.971)	
Train Epoch-29  Iter-250/706	loss 0.0143 (0.0645)	accu 1.000 (0.973)	
Train Epoch-29  Iter-275/706	loss 0.0024 (0.0607)	accu 1.000 (0.975)	
Train Epoch-29  Iter-300/706	loss 0.0134 (0.0593)	accu 1.000 (0.976)	
Train Epoch-29  Iter-325/706	loss 0.0784 (0.0605)	accu 1.000 (0.977)	
Train Epoch-29  Iter-350/706	loss 0.0134 (0.0589)	accu 1.000 (0.978)	
Train Epoch-29  Iter-375/706	loss 0.0231 (0.0585)	accu 1.000 (0.978)	
Train Epoch-29  Iter-400/706	loss 0.0016 (0.0566)	accu 1.000 (0.978)	
Train Epoch-29  Iter-425/706	loss 0.0627 (0.0565)	accu 1.000 (0.978)	
Train Epoch-29  Iter-450/706	loss 0.0817 (0.0567)	accu 1.000 (0.978)	
Train Epoch-29  Iter-475/706	loss 0.0613 (0.0572)	accu 1.000 (0.979)	
Train Epoch-29  Iter-500/706	loss 0.0551 (0.0575)	accu 1.000 (0.979)	
Train Epoch-29  Iter-525/706	loss 0.0031 (0.0569)	accu 1.000 (0.979)	
Train Epoch-29  Iter-550/706	loss 0.0096 (0.0572)	accu 1.000 (0.979)	
Train Epoch-29  Iter-575/706	loss 0.2893 (0.0573)	accu 0.875 (0.979)	
Train Epoch-29  Iter-600/706	loss 0.0357 (0.0584)	accu 1.000 (0.979)	
Train Epoch-29  Iter-625/706	loss 0.0136 (0.0582)	accu 1.000 (0.978)	
Train Epoch-29  Iter-650/706	loss 0.0140 (0.0585)	accu 1.000 (0.978)	
Train Epoch-29  Iter-675/706	loss 0.0119 (0.0585)	accu 1.000 (0.978)	
Train Epoch-29  Iter-700/706	loss 0.0227 (0.0593)	accu 1.000 (0.978)	
Eval Epoch-29  Iter-0  /52 	loss 0.8087 (0.8087)	accu 0.750 (0.750)	
Eval Epoch-29  Iter-25 /52 	loss 0.0114 (0.5069)	accu 1.000 (0.817)	
Eval Epoch-29  Iter-50 /52 	loss 1.1707 (0.7928)	accu 0.625 (0.792)	
Epoch-29  Train: loss 0.0605	accu 0.9775	Eval: loss 0.8043	accu 0.7861
Epoch    30: reducing learning rate of group 0 to 3.0000e-08.
Eval Epoch-0   Iter-0  /52 	loss 0.5119 (0.5119)	accu 0.750 (0.750)	
Eval Epoch-0   Iter-25 /52 	loss 0.0441 (0.3916)	accu 1.000 (0.870)	
Eval Epoch-0   Iter-50 /52 	loss 0.3805 (0.5781)	accu 0.875 (0.799)	
Eval: loss 0.5943	accu 0.7933
Test Epoch-0   Iter-0  /59 	loss 0.5489 (0.5489)	accu 0.750 (0.750)	
Test Epoch-0   Iter-25 /59 	loss 0.1347 (0.6936)	accu 1.000 (0.760)	
Test Epoch-0   Iter-50 /59 	loss 1.1319 (0.6455)	accu 0.625 (0.757)	
Test: loss 0.6604	accu 0.7479
wandb: Waiting for W&B process to finish... (success).
wandb: 
wandb: Run history:
wandb:   Eval Acc ▁▃█▄▁█▃▇█▃▇▇█▇▇█▇▇▇▇▇██▇▇▇▇▇▇▇
wandb:  Eval Loss ▂▅▂▃█▁▇▂▁▅▂▅▃▄▅▅▄▅▄▄▄▄▄▄▄▄▄▄▄▄
wandb:  Train Acc ▁▅▆▇▇▇▇▇▇▇▇▇██████████████████
wandb: Train Loss █▄▄▃▃▃▂▂▂▂▂▂▂▁▁▁▁▁▁▁▁▁▁▁▁▁▁▁▁▁
wandb: 
wandb: Run summary:
wandb:   Eval Acc 0.78606
wandb:  Eval Loss 0.80431
wandb:  Train Acc 0.97751
wandb: Train Loss 0.06053
wandb: 
wandb: 🚀 View run ruby-firefly-262 at: https://wandb.ai/is_project/vision_models/runs/bevjw755
wandb: Synced 6 W&B file(s), 0 media file(s), 0 artifact file(s) and 0 other file(s)
wandb: Find logs at: ./wandb/run-20230612_181636-bevjw755/logs
