Namespace(add_comment=True, add_description=True, add_other_comments=False, add_title=False, add_transcription=True, add_video=True, batch_size=8, clip_embeedings_path='data/CLIP_embeddings', debug=False, desc_keyphrase_extract=True, desc_token_count=100, freeze_lf_layers=23, gpu='2', lr=0.0003, max_epochs=30, max_len=512, metadata_path='data/extra_data_trans.csv', model='bert-large-cased', multitask=False, num_workers=0, other_comments_path='data/extra_data_other_comments.csv', other_comments_token_count=300, pad_metadata=True, remove_none=False, test_question_file='data/with_aug_ttv/test.csv', title_token_count=50, train_question_file='data/with_aug_ttv/train.csv', transcript_keyphrase_extract=True, transcript_token_count=512, validation_question_file='data/with_aug_ttv/eval.csv', video_path='data/videos/', work_dir='model_comment/')
wandb: Currently logged in as: shrey2809 (is_project). Use `wandb login --relogin` to force relogin
wandb: Tracking run with wandb version 0.15.4
wandb: Run data is saved locally in /scratch/AzureNfsServer_INPUT1/vc_data/users/gmanish/multiModalHate/IS-Hate-Speech/wandb/run-20230612_181340-9mxhat58
wandb: Run `wandb offline` to turn off syncing.
wandb: Syncing run flowing-waterfall-256
wandb: ⭐️ View project at https://wandb.ai/is_project/vision_models
wandb: 🚀 View run at https://wandb.ai/is_project/vision_models/runs/9mxhat58
number of available devices: 1
obtained dataloaders
Some weights of the model checkpoint at bert-large-cased were not used when initializing BertModel: ['cls.predictions.transform.dense.weight', 'cls.predictions.transform.LayerNorm.bias', 'cls.predictions.bias', 'cls.predictions.transform.LayerNorm.weight', 'cls.seq_relationship.weight', 'cls.predictions.decoder.weight', 'cls.seq_relationship.bias', 'cls.predictions.transform.dense.bias']
- This IS expected if you are initializing BertModel from the checkpoint of a model trained on another task or with another architecture (e.g. initializing a BertForSequenceClassification model from a BertForPreTraining model).
- This IS NOT expected if you are initializing BertModel from the checkpoint of a model that you expect to be exactly identical (initializing a BertForSequenceClassification model from a BertForSequenceClassification model).
loaded models
Train Epoch-0   Iter-0  /706	loss 0.7656 (0.7656)	accu 0.250 (0.250)	
Train Epoch-0   Iter-25 /706	loss 0.7605 (0.7273)	accu 0.250 (0.433)	
Train Epoch-0   Iter-50 /706	loss 0.6994 (0.6997)	accu 0.500 (0.510)	
Train Epoch-0   Iter-75 /706	loss 0.8375 (0.6657)	accu 0.625 (0.572)	
Train Epoch-0   Iter-100/706	loss 0.7232 (0.6371)	accu 0.500 (0.604)	
Train Epoch-0   Iter-125/706	loss 0.2682 (0.5983)	accu 0.875 (0.647)	
Train Epoch-0   Iter-150/706	loss 0.5683 (0.5570)	accu 0.750 (0.682)	
Train Epoch-0   Iter-175/706	loss 0.4426 (0.5355)	accu 0.875 (0.704)	
Train Epoch-0   Iter-200/706	loss 0.2605 (0.5058)	accu 0.875 (0.728)	
Train Epoch-0   Iter-225/706	loss 0.5585 (0.4880)	accu 0.875 (0.742)	
Train Epoch-0   Iter-250/706	loss 0.3774 (0.4706)	accu 0.750 (0.756)	
Train Epoch-0   Iter-275/706	loss 0.1021 (0.4535)	accu 1.000 (0.770)	
Train Epoch-0   Iter-300/706	loss 0.4611 (0.4410)	accu 0.875 (0.781)	
Train Epoch-0   Iter-325/706	loss 0.1374 (0.4332)	accu 1.000 (0.789)	
Train Epoch-0   Iter-350/706	loss 0.3658 (0.4374)	accu 0.875 (0.791)	
Train Epoch-0   Iter-375/706	loss 0.4124 (0.4341)	accu 0.875 (0.794)	
Train Epoch-0   Iter-400/706	loss 0.2061 (0.4253)	accu 0.875 (0.800)	
Train Epoch-0   Iter-425/706	loss 0.0877 (0.4196)	accu 1.000 (0.804)	
Train Epoch-0   Iter-450/706	loss 0.3085 (0.4113)	accu 0.750 (0.810)	
Train Epoch-0   Iter-475/706	loss 0.0442 (0.4067)	accu 1.000 (0.814)	
Train Epoch-0   Iter-500/706	loss 0.0899 (0.4003)	accu 1.000 (0.819)	
Train Epoch-0   Iter-525/706	loss 0.4633 (0.3921)	accu 0.875 (0.824)	
Train Epoch-0   Iter-550/706	loss 0.7493 (0.3868)	accu 0.625 (0.827)	
Train Epoch-0   Iter-575/706	loss 0.1372 (0.3857)	accu 1.000 (0.829)	
Train Epoch-0   Iter-600/706	loss 0.3063 (0.3840)	accu 0.750 (0.831)	
Train Epoch-0   Iter-625/706	loss 0.6390 (0.3795)	accu 0.750 (0.834)	
Train Epoch-0   Iter-650/706	loss 0.1065 (0.3765)	accu 1.000 (0.836)	
Train Epoch-0   Iter-675/706	loss 0.3882 (0.3753)	accu 0.750 (0.837)	
Train Epoch-0   Iter-700/706	loss 0.1128 (0.3712)	accu 0.875 (0.839)	
Eval Epoch-0   Iter-0  /52 	loss 0.6831 (0.6831)	accu 0.750 (0.750)	
Eval Epoch-0   Iter-25 /52 	loss 0.3564 (0.5047)	accu 0.875 (0.837)	
Eval Epoch-0   Iter-50 /52 	loss 1.7123 (0.5751)	accu 0.375 (0.738)	
Epoch-0   Train: loss 0.3723	accu 0.8384	Eval: loss 0.5786	accu 0.7284
Train Epoch-1   Iter-0  /706	loss 0.1395 (0.1395)	accu 1.000 (1.000)	
Train Epoch-1   Iter-25 /706	loss 0.3084 (0.2172)	accu 0.750 (0.938)	
Train Epoch-1   Iter-50 /706	loss 0.3046 (0.2951)	accu 1.000 (0.907)	
Train Epoch-1   Iter-75 /706	loss 0.1912 (0.2883)	accu 0.875 (0.908)	
Train Epoch-1   Iter-100/706	loss 0.1377 (0.2793)	accu 0.875 (0.906)	
Train Epoch-1   Iter-125/706	loss 0.0751 (0.2872)	accu 1.000 (0.900)	
Train Epoch-1   Iter-150/706	loss 0.0992 (0.2726)	accu 1.000 (0.906)	
Train Epoch-1   Iter-175/706	loss 0.0258 (0.2581)	accu 1.000 (0.913)	
Train Epoch-1   Iter-200/706	loss 0.1687 (0.2551)	accu 1.000 (0.915)	
Train Epoch-1   Iter-225/706	loss 0.6008 (0.2497)	accu 0.875 (0.916)	
Train Epoch-1   Iter-250/706	loss 0.0524 (0.2490)	accu 1.000 (0.916)	
Train Epoch-1   Iter-275/706	loss 0.1591 (0.2476)	accu 1.000 (0.918)	
Train Epoch-1   Iter-300/706	loss 0.4004 (0.2382)	accu 0.875 (0.921)	
Train Epoch-1   Iter-325/706	loss 0.6301 (0.2322)	accu 0.750 (0.923)	
Train Epoch-1   Iter-350/706	loss 0.0239 (0.2297)	accu 1.000 (0.923)	
Train Epoch-1   Iter-375/706	loss 0.1109 (0.2262)	accu 1.000 (0.925)	
Train Epoch-1   Iter-400/706	loss 0.2323 (0.2218)	accu 0.875 (0.925)	
Train Epoch-1   Iter-425/706	loss 0.6447 (0.2280)	accu 0.875 (0.923)	
Train Epoch-1   Iter-450/706	loss 0.4580 (0.2332)	accu 0.875 (0.921)	
Train Epoch-1   Iter-475/706	loss 0.0395 (0.2340)	accu 1.000 (0.920)	
Train Epoch-1   Iter-500/706	loss 0.8537 (0.2336)	accu 0.625 (0.919)	
Train Epoch-1   Iter-525/706	loss 0.0466 (0.2361)	accu 1.000 (0.919)	
Train Epoch-1   Iter-550/706	loss 0.5838 (0.2399)	accu 0.750 (0.917)	
Train Epoch-1   Iter-575/706	loss 0.3244 (0.2455)	accu 0.875 (0.914)	
Train Epoch-1   Iter-600/706	loss 0.1120 (0.2423)	accu 1.000 (0.915)	
Train Epoch-1   Iter-625/706	loss 0.3798 (0.2412)	accu 0.875 (0.916)	
Train Epoch-1   Iter-650/706	loss 0.5245 (0.2419)	accu 0.750 (0.915)	
Train Epoch-1   Iter-675/706	loss 0.1783 (0.2407)	accu 0.875 (0.916)	
Train Epoch-1   Iter-700/706	loss 0.0403 (0.2371)	accu 1.000 (0.917)	
Eval Epoch-1   Iter-0  /52 	loss 1.2426 (1.2426)	accu 0.625 (0.625)	
Eval Epoch-1   Iter-25 /52 	loss 0.2119 (1.0753)	accu 1.000 (0.659)	
Eval Epoch-1   Iter-50 /52 	loss 2.4065 (1.0342)	accu 0.500 (0.664)	
Epoch-1   Train: loss 0.2369	accu 0.9177	Eval: loss 1.0370	accu 0.6611
Train Epoch-2   Iter-0  /706	loss 0.1575 (0.1575)	accu 0.875 (0.875)	
Train Epoch-2   Iter-25 /706	loss 0.1051 (0.1765)	accu 1.000 (0.947)	
Train Epoch-2   Iter-50 /706	loss 0.0521 (0.1932)	accu 1.000 (0.936)	
Train Epoch-2   Iter-75 /706	loss 0.0529 (0.1949)	accu 1.000 (0.936)	
Train Epoch-2   Iter-100/706	loss 0.6204 (0.1946)	accu 0.875 (0.936)	
Train Epoch-2   Iter-125/706	loss 0.0983 (0.1949)	accu 1.000 (0.933)	
Train Epoch-2   Iter-150/706	loss 0.0864 (0.1978)	accu 1.000 (0.932)	
Train Epoch-2   Iter-175/706	loss 0.1537 (0.2037)	accu 0.875 (0.929)	
Train Epoch-2   Iter-200/706	loss 0.3781 (0.2005)	accu 0.875 (0.931)	
Train Epoch-2   Iter-225/706	loss 0.6209 (0.2067)	accu 0.875 (0.929)	
Train Epoch-2   Iter-250/706	loss 0.1685 (0.2084)	accu 0.875 (0.928)	
Train Epoch-2   Iter-275/706	loss 0.1666 (0.2170)	accu 0.875 (0.923)	
Train Epoch-2   Iter-300/706	loss 0.0424 (0.2175)	accu 1.000 (0.922)	
Train Epoch-2   Iter-325/706	loss 0.5861 (0.2126)	accu 0.875 (0.924)	
Train Epoch-2   Iter-350/706	loss 0.0637 (0.2165)	accu 1.000 (0.923)	
Train Epoch-2   Iter-375/706	loss 0.2260 (0.2140)	accu 0.875 (0.924)	
Train Epoch-2   Iter-400/706	loss 0.0154 (0.2103)	accu 1.000 (0.926)	
Train Epoch-2   Iter-425/706	loss 0.6332 (0.2162)	accu 0.750 (0.924)	
Train Epoch-2   Iter-450/706	loss 0.0463 (0.2148)	accu 1.000 (0.926)	
Train Epoch-2   Iter-475/706	loss 0.2115 (0.2124)	accu 0.750 (0.926)	
Train Epoch-2   Iter-500/706	loss 0.0549 (0.2140)	accu 1.000 (0.926)	
Train Epoch-2   Iter-525/706	loss 0.4571 (0.2132)	accu 0.875 (0.926)	
Train Epoch-2   Iter-550/706	loss 0.1769 (0.2117)	accu 0.875 (0.926)	
Train Epoch-2   Iter-575/706	loss 0.3597 (0.2108)	accu 0.875 (0.927)	
Train Epoch-2   Iter-600/706	loss 0.9530 (0.2124)	accu 0.750 (0.926)	
Train Epoch-2   Iter-625/706	loss 0.5742 (0.2128)	accu 0.750 (0.926)	
Train Epoch-2   Iter-650/706	loss 0.4695 (0.2155)	accu 0.750 (0.924)	
Train Epoch-2   Iter-675/706	loss 0.2778 (0.2148)	accu 0.875 (0.925)	
Train Epoch-2   Iter-700/706	loss 0.4307 (0.2115)	accu 0.875 (0.926)	
Eval Epoch-2   Iter-0  /52 	loss 0.6302 (0.6302)	accu 0.625 (0.625)	
Eval Epoch-2   Iter-25 /52 	loss 0.2957 (0.5318)	accu 0.750 (0.793)	
Eval Epoch-2   Iter-50 /52 	loss 2.7667 (0.9389)	accu 0.500 (0.716)	
Epoch-2   Train: loss 0.2107	accu 0.9258	Eval: loss 0.9548	accu 0.7115
Train Epoch-3   Iter-0  /706	loss 0.0086 (0.0086)	accu 1.000 (1.000)	
Train Epoch-3   Iter-25 /706	loss 0.5604 (0.2530)	accu 0.875 (0.904)	
Train Epoch-3   Iter-50 /706	loss 0.1422 (0.2370)	accu 0.875 (0.909)	
Train Epoch-3   Iter-75 /706	loss 0.1713 (0.2189)	accu 1.000 (0.913)	
Train Epoch-3   Iter-100/706	loss 0.0490 (0.2024)	accu 1.000 (0.922)	
Train Epoch-3   Iter-125/706	loss 0.0175 (0.1841)	accu 1.000 (0.930)	
Train Epoch-3   Iter-150/706	loss 0.0669 (0.1776)	accu 1.000 (0.935)	
Train Epoch-3   Iter-175/706	loss 0.0178 (0.1717)	accu 1.000 (0.937)	
Train Epoch-3   Iter-200/706	loss 0.5669 (0.1644)	accu 0.875 (0.940)	
Train Epoch-3   Iter-225/706	loss 1.2800 (0.1643)	accu 0.625 (0.941)	
Train Epoch-3   Iter-250/706	loss 0.0690 (0.1652)	accu 1.000 (0.942)	
Train Epoch-3   Iter-275/706	loss 0.4578 (0.1685)	accu 0.875 (0.940)	
Train Epoch-3   Iter-300/706	loss 0.1082 (0.1687)	accu 1.000 (0.941)	
Train Epoch-3   Iter-325/706	loss 0.0307 (0.1695)	accu 1.000 (0.939)	
Train Epoch-3   Iter-350/706	loss 0.0874 (0.1678)	accu 1.000 (0.941)	
Train Epoch-3   Iter-375/706	loss 0.2201 (0.1689)	accu 0.875 (0.941)	
Train Epoch-3   Iter-400/706	loss 0.1317 (0.1706)	accu 0.875 (0.939)	
Train Epoch-3   Iter-425/706	loss 0.0116 (0.1663)	accu 1.000 (0.941)	
Train Epoch-3   Iter-450/706	loss 0.0841 (0.1607)	accu 1.000 (0.943)	
Train Epoch-3   Iter-475/706	loss 0.0091 (0.1554)	accu 1.000 (0.945)	
Train Epoch-3   Iter-500/706	loss 0.3101 (0.1570)	accu 0.875 (0.944)	
Train Epoch-3   Iter-525/706	loss 0.0317 (0.1551)	accu 1.000 (0.945)	
Train Epoch-3   Iter-550/706	loss 0.0032 (0.1545)	accu 1.000 (0.946)	
Train Epoch-3   Iter-575/706	loss 0.0107 (0.1545)	accu 1.000 (0.946)	
Train Epoch-3   Iter-600/706	loss 0.0311 (0.1555)	accu 1.000 (0.946)	
Train Epoch-3   Iter-625/706	loss 0.0497 (0.1577)	accu 1.000 (0.945)	
Train Epoch-3   Iter-650/706	loss 0.0230 (0.1561)	accu 1.000 (0.946)	
Train Epoch-3   Iter-675/706	loss 0.7384 (0.1547)	accu 0.625 (0.946)	
Train Epoch-3   Iter-700/706	loss 0.1057 (0.1540)	accu 1.000 (0.946)	
Eval Epoch-3   Iter-0  /52 	loss 0.6763 (0.6763)	accu 0.750 (0.750)	
Eval Epoch-3   Iter-25 /52 	loss 0.2074 (0.7115)	accu 0.875 (0.745)	
Eval Epoch-3   Iter-50 /52 	loss 2.8929 (1.0243)	accu 0.500 (0.703)	
Epoch-3   Train: loss 0.1541	accu 0.9456	Eval: loss 1.0288	accu 0.6995
Train Epoch-4   Iter-0  /706	loss 0.0963 (0.0963)	accu 1.000 (1.000)	
Train Epoch-4   Iter-25 /706	loss 0.3283 (0.1012)	accu 0.875 (0.966)	
Train Epoch-4   Iter-50 /706	loss 0.2425 (0.1285)	accu 0.875 (0.961)	
Train Epoch-4   Iter-75 /706	loss 0.4290 (0.1212)	accu 0.875 (0.964)	
Train Epoch-4   Iter-100/706	loss 0.0561 (0.1546)	accu 1.000 (0.949)	
Train Epoch-4   Iter-125/706	loss 0.0397 (0.1485)	accu 1.000 (0.949)	
Train Epoch-4   Iter-150/706	loss 0.0259 (0.1386)	accu 1.000 (0.950)	
Train Epoch-4   Iter-175/706	loss 0.3914 (0.1425)	accu 0.875 (0.947)	
Train Epoch-4   Iter-200/706	loss 0.1524 (0.1487)	accu 1.000 (0.946)	
Train Epoch-4   Iter-225/706	loss 0.0135 (0.1398)	accu 1.000 (0.949)	
Train Epoch-4   Iter-250/706	loss 0.5744 (0.1438)	accu 0.875 (0.949)	
Train Epoch-4   Iter-275/706	loss 0.0199 (0.1448)	accu 1.000 (0.950)	
Train Epoch-4   Iter-300/706	loss 0.1171 (0.1453)	accu 1.000 (0.951)	
Train Epoch-4   Iter-325/706	loss 0.0304 (0.1448)	accu 1.000 (0.951)	
Train Epoch-4   Iter-350/706	loss 0.0248 (0.1428)	accu 1.000 (0.950)	
Train Epoch-4   Iter-375/706	loss 0.0074 (0.1383)	accu 1.000 (0.952)	
Train Epoch-4   Iter-400/706	loss 0.0247 (0.1440)	accu 1.000 (0.951)	
Train Epoch-4   Iter-425/706	loss 0.0332 (0.1446)	accu 1.000 (0.951)	
Train Epoch-4   Iter-450/706	loss 0.0174 (0.1434)	accu 1.000 (0.951)	
Train Epoch-4   Iter-475/706	loss 0.0592 (0.1430)	accu 1.000 (0.952)	
Train Epoch-4   Iter-500/706	loss 0.1564 (0.1430)	accu 0.875 (0.952)	
Train Epoch-4   Iter-525/706	loss 0.0118 (0.1417)	accu 1.000 (0.952)	
Train Epoch-4   Iter-550/706	loss 0.0365 (0.1424)	accu 1.000 (0.951)	
Train Epoch-4   Iter-575/706	loss 0.0246 (0.1432)	accu 1.000 (0.951)	
Train Epoch-4   Iter-600/706	loss 0.0422 (0.1424)	accu 1.000 (0.952)	
Train Epoch-4   Iter-625/706	loss 0.0064 (0.1413)	accu 1.000 (0.952)	
Train Epoch-4   Iter-650/706	loss 0.0069 (0.1401)	accu 1.000 (0.953)	
Train Epoch-4   Iter-675/706	loss 0.2651 (0.1402)	accu 0.875 (0.952)	
Train Epoch-4   Iter-700/706	loss 0.0074 (0.1406)	accu 1.000 (0.952)	
Eval Epoch-4   Iter-0  /52 	loss 1.1918 (1.1918)	accu 0.750 (0.750)	
Eval Epoch-4   Iter-25 /52 	loss 0.1381 (1.1683)	accu 0.875 (0.611)	
Eval Epoch-4   Iter-50 /52 	loss 3.5617 (1.1717)	accu 0.500 (0.659)	
Epoch-4   Train: loss 0.1418	accu 0.9515	Eval: loss 1.1625	accu 0.6587
Train Epoch-5   Iter-0  /706	loss 0.2096 (0.2096)	accu 0.875 (0.875)	
Train Epoch-5   Iter-25 /706	loss 0.0089 (0.1453)	accu 1.000 (0.942)	
Train Epoch-5   Iter-50 /706	loss 0.4699 (0.1552)	accu 0.875 (0.941)	
Train Epoch-5   Iter-75 /706	loss 0.0433 (0.1567)	accu 1.000 (0.944)	
Train Epoch-5   Iter-100/706	loss 0.3318 (0.1484)	accu 0.875 (0.949)	
Train Epoch-5   Iter-125/706	loss 0.1810 (0.1391)	accu 0.875 (0.951)	
Train Epoch-5   Iter-150/706	loss 0.4364 (0.1441)	accu 0.750 (0.951)	
Train Epoch-5   Iter-175/706	loss 0.0178 (0.1497)	accu 1.000 (0.948)	
Train Epoch-5   Iter-200/706	loss 0.1182 (0.1470)	accu 0.875 (0.947)	
Train Epoch-5   Iter-225/706	loss 0.2992 (0.1566)	accu 0.875 (0.945)	
Train Epoch-5   Iter-250/706	loss 0.9479 (0.1584)	accu 0.625 (0.945)	
Train Epoch-5   Iter-275/706	loss 0.0129 (0.1593)	accu 1.000 (0.945)	
Train Epoch-5   Iter-300/706	loss 0.1564 (0.1599)	accu 0.875 (0.945)	
Train Epoch-5   Iter-325/706	loss 0.0060 (0.1612)	accu 1.000 (0.944)	
Train Epoch-5   Iter-350/706	loss 0.1472 (0.1619)	accu 0.875 (0.944)	
Train Epoch-5   Iter-375/706	loss 0.1794 (0.1605)	accu 0.875 (0.944)	
Train Epoch-5   Iter-400/706	loss 0.0475 (0.1622)	accu 1.000 (0.943)	
Train Epoch-5   Iter-425/706	loss 0.1457 (0.1611)	accu 0.875 (0.943)	
Train Epoch-5   Iter-450/706	loss 0.0541 (0.1656)	accu 1.000 (0.942)	
Train Epoch-5   Iter-475/706	loss 0.1053 (0.1629)	accu 1.000 (0.943)	
Train Epoch-5   Iter-500/706	loss 0.2251 (0.1636)	accu 0.875 (0.943)	
Train Epoch-5   Iter-525/706	loss 0.0736 (0.1637)	accu 1.000 (0.943)	
Train Epoch-5   Iter-550/706	loss 0.3507 (0.1618)	accu 0.875 (0.944)	
Train Epoch-5   Iter-575/706	loss 0.0952 (0.1607)	accu 1.000 (0.944)	
Train Epoch-5   Iter-600/706	loss 0.2024 (0.1588)	accu 0.875 (0.944)	
Train Epoch-5   Iter-625/706	loss 0.0060 (0.1557)	accu 1.000 (0.945)	
Train Epoch-5   Iter-650/706	loss 0.0144 (0.1577)	accu 1.000 (0.944)	
Train Epoch-5   Iter-675/706	loss 0.0109 (0.1554)	accu 1.000 (0.945)	
Train Epoch-5   Iter-700/706	loss 0.0109 (0.1543)	accu 1.000 (0.945)	
Eval Epoch-5   Iter-0  /52 	loss 0.3588 (0.3588)	accu 0.875 (0.875)	
Eval Epoch-5   Iter-25 /52 	loss 0.0895 (0.6227)	accu 1.000 (0.736)	
Eval Epoch-5   Iter-50 /52 	loss 2.9619 (0.8835)	accu 0.500 (0.716)	
Epoch-5   Train: loss 0.1542	accu 0.9449	Eval: loss 0.8684	accu 0.7212
Train Epoch-6   Iter-0  /706	loss 0.1623 (0.1623)	accu 0.875 (0.875)	
Train Epoch-6   Iter-25 /706	loss 0.0564 (0.1537)	accu 1.000 (0.933)	
Train Epoch-6   Iter-50 /706	loss 0.0662 (0.1379)	accu 1.000 (0.941)	
Train Epoch-6   Iter-75 /706	loss 0.1286 (0.1623)	accu 0.875 (0.936)	
Train Epoch-6   Iter-100/706	loss 0.6340 (0.1546)	accu 0.875 (0.944)	
Train Epoch-6   Iter-125/706	loss 0.1177 (0.1583)	accu 1.000 (0.941)	
Train Epoch-6   Iter-150/706	loss 0.0486 (0.1637)	accu 1.000 (0.940)	
Train Epoch-6   Iter-175/706	loss 0.5483 (0.1565)	accu 0.875 (0.944)	
Train Epoch-6   Iter-200/706	loss 0.4525 (0.1593)	accu 0.875 (0.945)	
Train Epoch-6   Iter-225/706	loss 0.2455 (0.1530)	accu 0.875 (0.949)	
Train Epoch-6   Iter-250/706	loss 0.0511 (0.1515)	accu 1.000 (0.949)	
Train Epoch-6   Iter-275/706	loss 0.0046 (0.1440)	accu 1.000 (0.952)	
Train Epoch-6   Iter-300/706	loss 0.0655 (0.1517)	accu 1.000 (0.950)	
Train Epoch-6   Iter-325/706	loss 0.0539 (0.1553)	accu 1.000 (0.950)	
Train Epoch-6   Iter-350/706	loss 0.0814 (0.1572)	accu 1.000 (0.949)	
Train Epoch-6   Iter-375/706	loss 0.0407 (0.1574)	accu 1.000 (0.948)	
Train Epoch-6   Iter-400/706	loss 0.0456 (0.1550)	accu 1.000 (0.949)	
Train Epoch-6   Iter-425/706	loss 0.0543 (0.1562)	accu 1.000 (0.948)	
Train Epoch-6   Iter-450/706	loss 0.4415 (0.1541)	accu 0.750 (0.949)	
Train Epoch-6   Iter-475/706	loss 0.1164 (0.1568)	accu 1.000 (0.948)	
Train Epoch-6   Iter-500/706	loss 0.3011 (0.1572)	accu 0.875 (0.948)	
Train Epoch-6   Iter-525/706	loss 0.4144 (0.1638)	accu 0.875 (0.946)	
Train Epoch-6   Iter-550/706	loss 0.2219 (0.1654)	accu 0.875 (0.945)	
Train Epoch-6   Iter-575/706	loss 0.0736 (0.1664)	accu 1.000 (0.945)	
Train Epoch-6   Iter-600/706	loss 0.2823 (0.1664)	accu 0.875 (0.945)	
Train Epoch-6   Iter-625/706	loss 0.3387 (0.1666)	accu 0.875 (0.945)	
Train Epoch-6   Iter-650/706	loss 0.0120 (0.1636)	accu 1.000 (0.946)	
Train Epoch-6   Iter-675/706	loss 0.0972 (0.1657)	accu 1.000 (0.945)	
Train Epoch-6   Iter-700/706	loss 0.0923 (0.1658)	accu 1.000 (0.945)	
Eval Epoch-6   Iter-0  /52 	loss 1.0352 (1.0352)	accu 0.750 (0.750)	
Eval Epoch-6   Iter-25 /52 	loss 0.6057 (0.9325)	accu 0.750 (0.683)	
Eval Epoch-6   Iter-50 /52 	loss 2.0408 (0.9412)	accu 0.500 (0.667)	
Epoch-6   Train: loss 0.1671	accu 0.9445	Eval: loss 0.9268	accu 0.6707
Epoch     7: reducing learning rate of group 0 to 3.0000e-05.
Train Epoch-7   Iter-0  /706	loss 0.0260 (0.0260)	accu 1.000 (1.000)	
Train Epoch-7   Iter-25 /706	loss 0.6833 (0.1866)	accu 0.750 (0.918)	
Train Epoch-7   Iter-50 /706	loss 0.0351 (0.1390)	accu 1.000 (0.944)	
Train Epoch-7   Iter-75 /706	loss 0.0379 (0.1446)	accu 1.000 (0.941)	
Train Epoch-7   Iter-100/706	loss 0.2443 (0.1656)	accu 0.875 (0.937)	
Train Epoch-7   Iter-125/706	loss 0.2288 (0.1703)	accu 0.875 (0.933)	
Train Epoch-7   Iter-150/706	loss 0.2195 (0.1746)	accu 0.875 (0.933)	
Train Epoch-7   Iter-175/706	loss 0.1123 (0.1662)	accu 0.875 (0.936)	
Train Epoch-7   Iter-200/706	loss 0.0150 (0.1620)	accu 1.000 (0.938)	
Train Epoch-7   Iter-225/706	loss 0.4028 (0.1583)	accu 0.875 (0.940)	
Train Epoch-7   Iter-250/706	loss 0.7286 (0.1589)	accu 0.625 (0.939)	
Train Epoch-7   Iter-275/706	loss 0.0189 (0.1557)	accu 1.000 (0.940)	
Train Epoch-7   Iter-300/706	loss 0.0113 (0.1517)	accu 1.000 (0.942)	
Train Epoch-7   Iter-325/706	loss 0.0961 (0.1465)	accu 1.000 (0.944)	
Train Epoch-7   Iter-350/706	loss 0.0221 (0.1457)	accu 1.000 (0.945)	
Train Epoch-7   Iter-375/706	loss 0.0725 (0.1424)	accu 1.000 (0.947)	
Train Epoch-7   Iter-400/706	loss 0.0450 (0.1418)	accu 1.000 (0.947)	
Train Epoch-7   Iter-425/706	loss 0.0323 (0.1419)	accu 1.000 (0.948)	
Train Epoch-7   Iter-450/706	loss 0.0752 (0.1433)	accu 1.000 (0.948)	
Train Epoch-7   Iter-475/706	loss 0.0674 (0.1424)	accu 1.000 (0.949)	
Train Epoch-7   Iter-500/706	loss 0.0480 (0.1385)	accu 1.000 (0.950)	
Train Epoch-7   Iter-525/706	loss 0.2787 (0.1395)	accu 0.750 (0.950)	
Train Epoch-7   Iter-550/706	loss 0.0923 (0.1414)	accu 1.000 (0.949)	
Train Epoch-7   Iter-575/706	loss 0.0360 (0.1418)	accu 1.000 (0.949)	
Train Epoch-7   Iter-600/706	loss 0.0536 (0.1413)	accu 1.000 (0.950)	
Train Epoch-7   Iter-625/706	loss 0.0897 (0.1407)	accu 1.000 (0.950)	
Train Epoch-7   Iter-650/706	loss 0.0596 (0.1388)	accu 1.000 (0.950)	
Train Epoch-7   Iter-675/706	loss 0.0082 (0.1361)	accu 1.000 (0.952)	
Train Epoch-7   Iter-700/706	loss 0.0771 (0.1359)	accu 1.000 (0.952)	
Eval Epoch-7   Iter-0  /52 	loss 1.2263 (1.2263)	accu 0.750 (0.750)	
Eval Epoch-7   Iter-25 /52 	loss 0.4237 (0.8165)	accu 0.750 (0.668)	
Eval Epoch-7   Iter-50 /52 	loss 2.5942 (0.9231)	accu 0.500 (0.672)	
Epoch-7   Train: loss 0.1355	accu 0.9518	Eval: loss 0.9090	accu 0.6779
Train Epoch-8   Iter-0  /706	loss 0.0298 (0.0298)	accu 1.000 (1.000)	
Train Epoch-8   Iter-25 /706	loss 0.0216 (0.1126)	accu 1.000 (0.971)	
Train Epoch-8   Iter-50 /706	loss 0.0345 (0.1264)	accu 1.000 (0.966)	
Train Epoch-8   Iter-75 /706	loss 0.2024 (0.1246)	accu 0.875 (0.959)	
Train Epoch-8   Iter-100/706	loss 0.4667 (0.1230)	accu 0.750 (0.958)	
Train Epoch-8   Iter-125/706	loss 0.7336 (0.1234)	accu 0.750 (0.959)	
Train Epoch-8   Iter-150/706	loss 0.2158 (0.1266)	accu 0.875 (0.958)	
Train Epoch-8   Iter-175/706	loss 0.0260 (0.1189)	accu 1.000 (0.961)	
Train Epoch-8   Iter-200/706	loss 0.0079 (0.1129)	accu 1.000 (0.963)	
Train Epoch-8   Iter-225/706	loss 0.0162 (0.1094)	accu 1.000 (0.964)	
Train Epoch-8   Iter-250/706	loss 0.6833 (0.1126)	accu 0.875 (0.964)	
Train Epoch-8   Iter-275/706	loss 0.0663 (0.1191)	accu 1.000 (0.962)	
Train Epoch-8   Iter-300/706	loss 0.0495 (0.1225)	accu 1.000 (0.961)	
Train Epoch-8   Iter-325/706	loss 0.4347 (0.1237)	accu 0.875 (0.960)	
Train Epoch-8   Iter-350/706	loss 0.0170 (0.1205)	accu 1.000 (0.962)	
Train Epoch-8   Iter-375/706	loss 0.3237 (0.1194)	accu 0.875 (0.961)	
Train Epoch-8   Iter-400/706	loss 0.1646 (0.1197)	accu 0.875 (0.960)	
Train Epoch-8   Iter-425/706	loss 0.0203 (0.1171)	accu 1.000 (0.962)	
Train Epoch-8   Iter-450/706	loss 0.0232 (0.1142)	accu 1.000 (0.963)	
Train Epoch-8   Iter-475/706	loss 0.1993 (0.1139)	accu 0.875 (0.962)	
Train Epoch-8   Iter-500/706	loss 0.0215 (0.1138)	accu 1.000 (0.962)	
Train Epoch-8   Iter-525/706	loss 0.0466 (0.1119)	accu 1.000 (0.963)	
Train Epoch-8   Iter-550/706	loss 0.0228 (0.1115)	accu 1.000 (0.963)	
Train Epoch-8   Iter-575/706	loss 0.0966 (0.1123)	accu 1.000 (0.963)	
Train Epoch-8   Iter-600/706	loss 0.0135 (0.1138)	accu 1.000 (0.963)	
Train Epoch-8   Iter-625/706	loss 0.0174 (0.1139)	accu 1.000 (0.962)	
Train Epoch-8   Iter-650/706	loss 0.0564 (0.1156)	accu 1.000 (0.962)	
Train Epoch-8   Iter-675/706	loss 0.0441 (0.1139)	accu 1.000 (0.962)	
Train Epoch-8   Iter-700/706	loss 0.0128 (0.1142)	accu 1.000 (0.962)	
Eval Epoch-8   Iter-0  /52 	loss 1.2068 (1.2068)	accu 0.750 (0.750)	
Eval Epoch-8   Iter-25 /52 	loss 0.2511 (0.6208)	accu 0.750 (0.707)	
Eval Epoch-8   Iter-50 /52 	loss 2.8688 (0.9011)	accu 0.500 (0.674)	
Epoch-8   Train: loss 0.1140	accu 0.9623	Eval: loss 0.8909	accu 0.6779
Train Epoch-9   Iter-0  /706	loss 0.3217 (0.3217)	accu 0.875 (0.875)	
Train Epoch-9   Iter-25 /706	loss 0.0045 (0.1344)	accu 1.000 (0.952)	
Train Epoch-9   Iter-50 /706	loss 0.0460 (0.1119)	accu 1.000 (0.958)	
Train Epoch-9   Iter-75 /706	loss 0.0837 (0.1118)	accu 1.000 (0.962)	
Train Epoch-9   Iter-100/706	loss 0.0135 (0.1059)	accu 1.000 (0.965)	
Train Epoch-9   Iter-125/706	loss 0.0363 (0.0999)	accu 1.000 (0.964)	
Train Epoch-9   Iter-150/706	loss 0.0607 (0.0972)	accu 1.000 (0.965)	
Train Epoch-9   Iter-175/706	loss 0.2039 (0.0981)	accu 0.875 (0.964)	
Train Epoch-9   Iter-200/706	loss 0.0050 (0.0999)	accu 1.000 (0.965)	
Train Epoch-9   Iter-225/706	loss 0.0404 (0.0984)	accu 1.000 (0.964)	
Train Epoch-9   Iter-250/706	loss 0.0189 (0.1030)	accu 1.000 (0.962)	
Train Epoch-9   Iter-275/706	loss 0.0236 (0.1082)	accu 1.000 (0.961)	
Train Epoch-9   Iter-300/706	loss 0.1237 (0.1115)	accu 0.875 (0.961)	
Train Epoch-9   Iter-325/706	loss 0.0582 (0.1123)	accu 1.000 (0.961)	
Train Epoch-9   Iter-350/706	loss 0.1130 (0.1116)	accu 0.875 (0.961)	
Train Epoch-9   Iter-375/706	loss 0.2717 (0.1106)	accu 0.875 (0.961)	
Train Epoch-9   Iter-400/706	loss 0.0267 (0.1108)	accu 1.000 (0.961)	
Train Epoch-9   Iter-425/706	loss 0.0102 (0.1092)	accu 1.000 (0.962)	
Train Epoch-9   Iter-450/706	loss 0.0207 (0.1119)	accu 1.000 (0.960)	
Train Epoch-9   Iter-475/706	loss 0.0316 (0.1100)	accu 1.000 (0.961)	
Train Epoch-9   Iter-500/706	loss 0.1469 (0.1085)	accu 0.875 (0.961)	
Train Epoch-9   Iter-525/706	loss 0.2013 (0.1080)	accu 0.875 (0.961)	
Train Epoch-9   Iter-550/706	loss 0.2452 (0.1070)	accu 0.875 (0.962)	
Train Epoch-9   Iter-575/706	loss 0.0176 (0.1059)	accu 1.000 (0.962)	
Train Epoch-9   Iter-600/706	loss 0.1701 (0.1069)	accu 0.875 (0.961)	
Train Epoch-9   Iter-625/706	loss 0.2808 (0.1077)	accu 0.875 (0.960)	
Train Epoch-9   Iter-650/706	loss 0.2504 (0.1080)	accu 0.875 (0.960)	
Train Epoch-9   Iter-675/706	loss 0.0402 (0.1071)	accu 1.000 (0.960)	
Train Epoch-9   Iter-700/706	loss 0.0043 (0.1069)	accu 1.000 (0.960)	
Eval Epoch-9   Iter-0  /52 	loss 1.3399 (1.3399)	accu 0.750 (0.750)	
Eval Epoch-9   Iter-25 /52 	loss 0.1556 (0.8380)	accu 0.875 (0.659)	
Eval Epoch-9   Iter-50 /52 	loss 3.0351 (0.9931)	accu 0.500 (0.662)	
Epoch-9   Train: loss 0.1066	accu 0.9605	Eval: loss 0.9796	accu 0.6659
Train Epoch-10  Iter-0  /706	loss 0.0043 (0.0043)	accu 1.000 (1.000)	
Train Epoch-10  Iter-25 /706	loss 0.0259 (0.0911)	accu 1.000 (0.957)	
Train Epoch-10  Iter-50 /706	loss 0.0223 (0.1197)	accu 1.000 (0.951)	
Train Epoch-10  Iter-75 /706	loss 0.4886 (0.1336)	accu 0.875 (0.946)	
Train Epoch-10  Iter-100/706	loss 0.0129 (0.1236)	accu 1.000 (0.952)	
Train Epoch-10  Iter-125/706	loss 0.0102 (0.1177)	accu 1.000 (0.953)	
Train Epoch-10  Iter-150/706	loss 0.1748 (0.1178)	accu 0.875 (0.955)	
Train Epoch-10  Iter-175/706	loss 0.0377 (0.1132)	accu 1.000 (0.957)	
Train Epoch-10  Iter-200/706	loss 0.0098 (0.1096)	accu 1.000 (0.959)	
Train Epoch-10  Iter-225/706	loss 0.0166 (0.1088)	accu 1.000 (0.959)	
Train Epoch-10  Iter-250/706	loss 0.0196 (0.1079)	accu 1.000 (0.960)	
Train Epoch-10  Iter-275/706	loss 0.0697 (0.1040)	accu 1.000 (0.961)	
Train Epoch-10  Iter-300/706	loss 0.0430 (0.1029)	accu 1.000 (0.962)	
Train Epoch-10  Iter-325/706	loss 0.0093 (0.1059)	accu 1.000 (0.962)	
Train Epoch-10  Iter-350/706	loss 0.2950 (0.1050)	accu 0.875 (0.963)	
Train Epoch-10  Iter-375/706	loss 0.0083 (0.1053)	accu 1.000 (0.964)	
Train Epoch-10  Iter-400/706	loss 0.0292 (0.1048)	accu 1.000 (0.964)	
Train Epoch-10  Iter-425/706	loss 0.0134 (0.1057)	accu 1.000 (0.964)	
Train Epoch-10  Iter-450/706	loss 0.1087 (0.1046)	accu 0.875 (0.964)	
Train Epoch-10  Iter-475/706	loss 0.0829 (0.1065)	accu 1.000 (0.963)	
Train Epoch-10  Iter-500/706	loss 0.0069 (0.1066)	accu 1.000 (0.963)	
Train Epoch-10  Iter-525/706	loss 0.2395 (0.1078)	accu 0.750 (0.962)	
Train Epoch-10  Iter-550/706	loss 0.0097 (0.1066)	accu 1.000 (0.963)	
Train Epoch-10  Iter-575/706	loss 0.1540 (0.1074)	accu 0.875 (0.963)	
Train Epoch-10  Iter-600/706	loss 0.2185 (0.1080)	accu 0.875 (0.962)	
Train Epoch-10  Iter-625/706	loss 0.2989 (0.1101)	accu 0.875 (0.961)	
Train Epoch-10  Iter-650/706	loss 0.0073 (0.1095)	accu 1.000 (0.961)	
Train Epoch-10  Iter-675/706	loss 0.2439 (0.1091)	accu 0.875 (0.961)	
Train Epoch-10  Iter-700/706	loss 0.0050 (0.1077)	accu 1.000 (0.962)	
Eval Epoch-10  Iter-0  /52 	loss 1.3039 (1.3039)	accu 0.750 (0.750)	
Eval Epoch-10  Iter-25 /52 	loss 0.2586 (0.6721)	accu 0.750 (0.721)	
Eval Epoch-10  Iter-50 /52 	loss 3.2317 (0.9503)	accu 0.500 (0.699)	
Epoch-10  Train: loss 0.1078	accu 0.9618	Eval: loss 0.9400	accu 0.6995
Train Epoch-11  Iter-0  /706	loss 0.6579 (0.6579)	accu 0.750 (0.750)	
Train Epoch-11  Iter-25 /706	loss 0.1015 (0.1649)	accu 1.000 (0.947)	
Train Epoch-11  Iter-50 /706	loss 0.0285 (0.1373)	accu 1.000 (0.949)	
Train Epoch-11  Iter-75 /706	loss 0.0448 (0.1160)	accu 1.000 (0.959)	
Train Epoch-11  Iter-100/706	loss 0.0171 (0.1094)	accu 1.000 (0.959)	
Train Epoch-11  Iter-125/706	loss 0.0865 (0.1044)	accu 1.000 (0.961)	
Train Epoch-11  Iter-150/706	loss 0.6198 (0.0994)	accu 0.875 (0.964)	
Train Epoch-11  Iter-175/706	loss 0.0279 (0.0956)	accu 1.000 (0.964)	
Train Epoch-11  Iter-200/706	loss 0.1285 (0.0926)	accu 1.000 (0.965)	
Train Epoch-11  Iter-225/706	loss 0.0540 (0.0967)	accu 1.000 (0.963)	
Train Epoch-11  Iter-250/706	loss 0.0470 (0.0990)	accu 1.000 (0.963)	
Train Epoch-11  Iter-275/706	loss 0.0055 (0.0965)	accu 1.000 (0.964)	
Train Epoch-11  Iter-300/706	loss 0.0162 (0.0946)	accu 1.000 (0.964)	
Train Epoch-11  Iter-325/706	loss 0.2596 (0.0929)	accu 0.750 (0.964)	
Train Epoch-11  Iter-350/706	loss 0.0172 (0.0963)	accu 1.000 (0.963)	
Train Epoch-11  Iter-375/706	loss 0.0256 (0.0949)	accu 1.000 (0.964)	
Train Epoch-11  Iter-400/706	loss 0.2825 (0.0949)	accu 0.875 (0.964)	
Train Epoch-11  Iter-425/706	loss 0.0105 (0.0939)	accu 1.000 (0.965)	
Train Epoch-11  Iter-450/706	loss 0.0124 (0.0939)	accu 1.000 (0.965)	
Train Epoch-11  Iter-475/706	loss 0.0465 (0.0960)	accu 1.000 (0.965)	
Train Epoch-11  Iter-500/706	loss 0.0508 (0.0944)	accu 1.000 (0.966)	
Train Epoch-11  Iter-525/706	loss 0.2776 (0.0943)	accu 0.875 (0.966)	
Train Epoch-11  Iter-550/706	loss 0.0061 (0.0959)	accu 1.000 (0.965)	
Train Epoch-11  Iter-575/706	loss 0.0069 (0.0957)	accu 1.000 (0.965)	
Train Epoch-11  Iter-600/706	loss 0.0235 (0.0970)	accu 1.000 (0.964)	
Train Epoch-11  Iter-625/706	loss 0.2528 (0.0967)	accu 0.875 (0.964)	
Train Epoch-11  Iter-650/706	loss 0.0449 (0.0958)	accu 1.000 (0.965)	
Train Epoch-11  Iter-675/706	loss 0.0450 (0.0953)	accu 1.000 (0.965)	
Train Epoch-11  Iter-700/706	loss 0.0217 (0.0951)	accu 1.000 (0.965)	
Eval Epoch-11  Iter-0  /52 	loss 1.3500 (1.3500)	accu 0.750 (0.750)	
Eval Epoch-11  Iter-25 /52 	loss 0.5689 (0.8600)	accu 0.750 (0.639)	
Eval Epoch-11  Iter-50 /52 	loss 3.5073 (1.0087)	accu 0.500 (0.681)	
Epoch-11  Train: loss 0.0959	accu 0.9650	Eval: loss 0.9944	accu 0.6851
Train Epoch-12  Iter-0  /706	loss 0.0026 (0.0026)	accu 1.000 (1.000)	
Train Epoch-12  Iter-25 /706	loss 0.0085 (0.1134)	accu 1.000 (0.962)	
Train Epoch-12  Iter-50 /706	loss 0.1045 (0.1152)	accu 0.875 (0.958)	
Train Epoch-12  Iter-75 /706	loss 0.0741 (0.1035)	accu 1.000 (0.964)	
Train Epoch-12  Iter-100/706	loss 0.0280 (0.0934)	accu 1.000 (0.967)	
Train Epoch-12  Iter-125/706	loss 0.0410 (0.0878)	accu 1.000 (0.967)	
Train Epoch-12  Iter-150/706	loss 0.0104 (0.0912)	accu 1.000 (0.965)	
Train Epoch-12  Iter-175/706	loss 0.0169 (0.0862)	accu 1.000 (0.968)	
Train Epoch-12  Iter-200/706	loss 0.0112 (0.0902)	accu 1.000 (0.967)	
Train Epoch-12  Iter-225/706	loss 0.0036 (0.0936)	accu 1.000 (0.965)	
Train Epoch-12  Iter-250/706	loss 0.0359 (0.0985)	accu 1.000 (0.962)	
Train Epoch-12  Iter-275/706	loss 0.0620 (0.1023)	accu 1.000 (0.960)	
Train Epoch-12  Iter-300/706	loss 0.0511 (0.1009)	accu 1.000 (0.961)	
Train Epoch-12  Iter-325/706	loss 0.1755 (0.1003)	accu 0.875 (0.961)	
Train Epoch-12  Iter-350/706	loss 0.0242 (0.1002)	accu 1.000 (0.962)	
Train Epoch-12  Iter-375/706	loss 0.0077 (0.0973)	accu 1.000 (0.963)	
Train Epoch-12  Iter-400/706	loss 0.0020 (0.0989)	accu 1.000 (0.962)	
Train Epoch-12  Iter-425/706	loss 0.0402 (0.0994)	accu 1.000 (0.962)	
Train Epoch-12  Iter-450/706	loss 0.0342 (0.0972)	accu 1.000 (0.963)	
Train Epoch-12  Iter-475/706	loss 0.1220 (0.0980)	accu 0.875 (0.962)	
Train Epoch-12  Iter-500/706	loss 0.0183 (0.0976)	accu 1.000 (0.962)	
Train Epoch-12  Iter-525/706	loss 0.0047 (0.0964)	accu 1.000 (0.963)	
Train Epoch-12  Iter-550/706	loss 0.0020 (0.0952)	accu 1.000 (0.964)	
Train Epoch-12  Iter-575/706	loss 0.2559 (0.0963)	accu 0.875 (0.963)	
Train Epoch-12  Iter-600/706	loss 0.0034 (0.0951)	accu 1.000 (0.963)	
Train Epoch-12  Iter-625/706	loss 0.1555 (0.0953)	accu 0.875 (0.963)	
Train Epoch-12  Iter-650/706	loss 0.0129 (0.0948)	accu 1.000 (0.964)	
Train Epoch-12  Iter-675/706	loss 0.0133 (0.0923)	accu 1.000 (0.965)	
Train Epoch-12  Iter-700/706	loss 0.0476 (0.0921)	accu 1.000 (0.965)	
Eval Epoch-12  Iter-0  /52 	loss 1.4220 (1.4220)	accu 0.750 (0.750)	
Eval Epoch-12  Iter-25 /52 	loss 0.6324 (0.8369)	accu 0.750 (0.688)	
Eval Epoch-12  Iter-50 /52 	loss 3.5945 (1.0209)	accu 0.500 (0.699)	
Epoch-12  Train: loss 0.0921	accu 0.9655	Eval: loss 1.0066	accu 0.7019
Epoch    13: reducing learning rate of group 0 to 3.0000e-06.
Train Epoch-13  Iter-0  /706	loss 0.0616 (0.0616)	accu 1.000 (1.000)	
Train Epoch-13  Iter-25 /706	loss 0.0757 (0.0702)	accu 1.000 (0.981)	
Train Epoch-13  Iter-50 /706	loss 0.0025 (0.0689)	accu 1.000 (0.978)	
Train Epoch-13  Iter-75 /706	loss 0.0647 (0.0852)	accu 1.000 (0.967)	
Train Epoch-13  Iter-100/706	loss 0.2834 (0.0900)	accu 0.875 (0.967)	
Train Epoch-13  Iter-125/706	loss 0.0387 (0.1018)	accu 1.000 (0.962)	
Train Epoch-13  Iter-150/706	loss 0.0018 (0.1049)	accu 1.000 (0.961)	
Train Epoch-13  Iter-175/706	loss 0.0526 (0.1019)	accu 1.000 (0.962)	
Train Epoch-13  Iter-200/706	loss 0.0651 (0.0980)	accu 1.000 (0.963)	
Train Epoch-13  Iter-225/706	loss 0.2314 (0.0992)	accu 0.875 (0.961)	
Train Epoch-13  Iter-250/706	loss 0.1988 (0.0927)	accu 0.875 (0.964)	
Train Epoch-13  Iter-275/706	loss 0.0802 (0.0896)	accu 1.000 (0.966)	
Train Epoch-13  Iter-300/706	loss 0.0077 (0.0899)	accu 1.000 (0.965)	
Train Epoch-13  Iter-325/706	loss 0.0319 (0.0917)	accu 1.000 (0.965)	
Train Epoch-13  Iter-350/706	loss 0.0830 (0.0933)	accu 1.000 (0.965)	
Train Epoch-13  Iter-375/706	loss 0.0197 (0.0929)	accu 1.000 (0.965)	
Train Epoch-13  Iter-400/706	loss 0.0025 (0.0909)	accu 1.000 (0.965)	
Train Epoch-13  Iter-425/706	loss 0.0479 (0.0906)	accu 1.000 (0.965)	
Train Epoch-13  Iter-450/706	loss 0.2623 (0.0929)	accu 0.875 (0.964)	
Train Epoch-13  Iter-475/706	loss 0.0736 (0.0921)	accu 1.000 (0.965)	
Train Epoch-13  Iter-500/706	loss 0.0227 (0.0913)	accu 1.000 (0.965)	
Train Epoch-13  Iter-525/706	loss 0.0507 (0.0914)	accu 1.000 (0.965)	
Train Epoch-13  Iter-550/706	loss 0.0025 (0.0910)	accu 1.000 (0.965)	
Train Epoch-13  Iter-575/706	loss 0.0341 (0.0902)	accu 1.000 (0.965)	
Train Epoch-13  Iter-600/706	loss 0.0659 (0.0890)	accu 1.000 (0.966)	
Train Epoch-13  Iter-625/706	loss 0.5328 (0.0895)	accu 0.875 (0.965)	
Train Epoch-13  Iter-650/706	loss 0.1516 (0.0907)	accu 0.875 (0.965)	
Train Epoch-13  Iter-675/706	loss 0.0289 (0.0903)	accu 1.000 (0.965)	
Train Epoch-13  Iter-700/706	loss 0.1353 (0.0897)	accu 0.875 (0.965)	
Eval Epoch-13  Iter-0  /52 	loss 1.4203 (1.4203)	accu 0.750 (0.750)	
Eval Epoch-13  Iter-25 /52 	loss 0.6387 (0.8640)	accu 0.750 (0.673)	
Eval Epoch-13  Iter-50 /52 	loss 3.5942 (1.0274)	accu 0.500 (0.691)	
Epoch-13  Train: loss 0.0894	accu 0.9651	Eval: loss 1.0125	accu 0.6947
Train Epoch-14  Iter-0  /706	loss 0.0097 (0.0097)	accu 1.000 (1.000)	
Train Epoch-14  Iter-25 /706	loss 0.0018 (0.0474)	accu 1.000 (0.986)	
Train Epoch-14  Iter-50 /706	loss 0.0245 (0.0619)	accu 1.000 (0.978)	
Train Epoch-14  Iter-75 /706	loss 0.0618 (0.0689)	accu 1.000 (0.979)	
Train Epoch-14  Iter-100/706	loss 0.0051 (0.0706)	accu 1.000 (0.976)	
Train Epoch-14  Iter-125/706	loss 0.0402 (0.0705)	accu 1.000 (0.976)	
Train Epoch-14  Iter-150/706	loss 0.0052 (0.0721)	accu 1.000 (0.975)	
Train Epoch-14  Iter-175/706	loss 0.0465 (0.0775)	accu 1.000 (0.973)	
Train Epoch-14  Iter-200/706	loss 0.0286 (0.0786)	accu 1.000 (0.972)	
Train Epoch-14  Iter-225/706	loss 0.0013 (0.0768)	accu 1.000 (0.972)	
Train Epoch-14  Iter-250/706	loss 0.0046 (0.0776)	accu 1.000 (0.973)	
Train Epoch-14  Iter-275/706	loss 0.2235 (0.0759)	accu 0.875 (0.973)	
Train Epoch-14  Iter-300/706	loss 0.1291 (0.0769)	accu 0.875 (0.973)	
Train Epoch-14  Iter-325/706	loss 0.0343 (0.0772)	accu 1.000 (0.972)	
Train Epoch-14  Iter-350/706	loss 0.4878 (0.0794)	accu 0.875 (0.973)	
Train Epoch-14  Iter-375/706	loss 0.1621 (0.0803)	accu 0.875 (0.972)	
Train Epoch-14  Iter-400/706	loss 0.0203 (0.0804)	accu 1.000 (0.972)	
Train Epoch-14  Iter-425/706	loss 0.3821 (0.0818)	accu 0.875 (0.972)	
Train Epoch-14  Iter-450/706	loss 0.0039 (0.0818)	accu 1.000 (0.971)	
Train Epoch-14  Iter-475/706	loss 0.1508 (0.0815)	accu 0.875 (0.971)	
Train Epoch-14  Iter-500/706	loss 0.7670 (0.0848)	accu 0.750 (0.970)	
Train Epoch-14  Iter-525/706	loss 0.0864 (0.0857)	accu 1.000 (0.969)	
Train Epoch-14  Iter-550/706	loss 0.0141 (0.0839)	accu 1.000 (0.969)	
Train Epoch-14  Iter-575/706	loss 0.0518 (0.0837)	accu 1.000 (0.970)	
Train Epoch-14  Iter-600/706	loss 0.0356 (0.0845)	accu 1.000 (0.970)	
Train Epoch-14  Iter-625/706	loss 0.2745 (0.0843)	accu 0.875 (0.969)	
Train Epoch-14  Iter-650/706	loss 0.2117 (0.0833)	accu 0.875 (0.969)	
Train Epoch-14  Iter-675/706	loss 0.3098 (0.0827)	accu 0.875 (0.969)	
Train Epoch-14  Iter-700/706	loss 0.3076 (0.0840)	accu 0.875 (0.968)	
Eval Epoch-14  Iter-0  /52 	loss 1.4191 (1.4191)	accu 0.750 (0.750)	
Eval Epoch-14  Iter-25 /52 	loss 0.6183 (0.7925)	accu 0.750 (0.697)	
Eval Epoch-14  Iter-50 /52 	loss 3.6110 (1.0052)	accu 0.500 (0.701)	
Epoch-14  Train: loss 0.0840	accu 0.9685	Eval: loss 0.9914	accu 0.7043
Train Epoch-15  Iter-0  /706	loss 0.2725 (0.2725)	accu 0.875 (0.875)	
Train Epoch-15  Iter-25 /706	loss 0.0059 (0.0914)	accu 1.000 (0.976)	
Train Epoch-15  Iter-50 /706	loss 0.0149 (0.0855)	accu 1.000 (0.971)	
Train Epoch-15  Iter-75 /706	loss 0.1300 (0.0783)	accu 1.000 (0.974)	
Train Epoch-15  Iter-100/706	loss 0.3577 (0.0872)	accu 0.750 (0.968)	
Train Epoch-15  Iter-125/706	loss 0.0173 (0.0852)	accu 1.000 (0.968)	
Train Epoch-15  Iter-150/706	loss 0.0157 (0.0831)	accu 1.000 (0.969)	
Train Epoch-15  Iter-175/706	loss 0.2619 (0.0857)	accu 0.875 (0.965)	
Train Epoch-15  Iter-200/706	loss 0.0236 (0.0820)	accu 1.000 (0.968)	
Train Epoch-15  Iter-225/706	loss 0.0305 (0.0896)	accu 1.000 (0.967)	
Train Epoch-15  Iter-250/706	loss 0.0065 (0.0944)	accu 1.000 (0.965)	
Train Epoch-15  Iter-275/706	loss 0.0030 (0.0915)	accu 1.000 (0.966)	
Train Epoch-15  Iter-300/706	loss 0.0808 (0.0876)	accu 1.000 (0.968)	
Train Epoch-15  Iter-325/706	loss 0.0441 (0.0861)	accu 1.000 (0.969)	
Train Epoch-15  Iter-350/706	loss 0.0237 (0.0862)	accu 1.000 (0.969)	
Train Epoch-15  Iter-375/706	loss 0.0223 (0.0854)	accu 1.000 (0.969)	
Train Epoch-15  Iter-400/706	loss 0.0025 (0.0865)	accu 1.000 (0.967)	
Train Epoch-15  Iter-425/706	loss 0.0125 (0.0859)	accu 1.000 (0.967)	
Train Epoch-15  Iter-450/706	loss 0.1661 (0.0855)	accu 0.875 (0.967)	
Train Epoch-15  Iter-475/706	loss 0.0021 (0.0885)	accu 1.000 (0.966)	
Train Epoch-15  Iter-500/706	loss 0.0872 (0.0908)	accu 1.000 (0.966)	
Train Epoch-15  Iter-525/706	loss 0.0048 (0.0888)	accu 1.000 (0.966)	
Train Epoch-15  Iter-550/706	loss 0.0098 (0.0886)	accu 1.000 (0.966)	
Train Epoch-15  Iter-575/706	loss 0.0193 (0.0878)	accu 1.000 (0.967)	
Train Epoch-15  Iter-600/706	loss 0.0136 (0.0872)	accu 1.000 (0.967)	
Train Epoch-15  Iter-625/706	loss 0.0224 (0.0894)	accu 1.000 (0.966)	
Train Epoch-15  Iter-650/706	loss 0.3183 (0.0898)	accu 0.875 (0.965)	
Train Epoch-15  Iter-675/706	loss 0.0279 (0.0896)	accu 1.000 (0.966)	
Train Epoch-15  Iter-700/706	loss 0.0072 (0.0908)	accu 1.000 (0.965)	
Eval Epoch-15  Iter-0  /52 	loss 1.4249 (1.4249)	accu 0.750 (0.750)	
Eval Epoch-15  Iter-25 /52 	loss 0.6351 (0.8485)	accu 0.750 (0.683)	
Eval Epoch-15  Iter-50 /52 	loss 3.5848 (1.0151)	accu 0.500 (0.699)	
Epoch-15  Train: loss 0.0904	accu 0.9655	Eval: loss 1.0004	accu 0.7019
Train Epoch-16  Iter-0  /706	loss 0.0474 (0.0474)	accu 1.000 (1.000)	
Train Epoch-16  Iter-25 /706	loss 0.3422 (0.0654)	accu 0.750 (0.981)	
Train Epoch-16  Iter-50 /706	loss 0.0072 (0.0870)	accu 1.000 (0.968)	
Train Epoch-16  Iter-75 /706	loss 0.0917 (0.0792)	accu 1.000 (0.970)	
Train Epoch-16  Iter-100/706	loss 0.0127 (0.0787)	accu 1.000 (0.970)	
Train Epoch-16  Iter-125/706	loss 0.0332 (0.0770)	accu 1.000 (0.969)	
Train Epoch-16  Iter-150/706	loss 0.0209 (0.0863)	accu 1.000 (0.966)	
Train Epoch-16  Iter-175/706	loss 0.0598 (0.0882)	accu 1.000 (0.967)	
Train Epoch-16  Iter-200/706	loss 0.0043 (0.0873)	accu 1.000 (0.967)	
Train Epoch-16  Iter-225/706	loss 0.0285 (0.0924)	accu 1.000 (0.965)	
Train Epoch-16  Iter-250/706	loss 0.0150 (0.0921)	accu 1.000 (0.965)	
Train Epoch-16  Iter-275/706	loss 0.0038 (0.0908)	accu 1.000 (0.966)	
Train Epoch-16  Iter-300/706	loss 0.0451 (0.0893)	accu 1.000 (0.966)	
Train Epoch-16  Iter-325/706	loss 0.1494 (0.0901)	accu 0.875 (0.965)	
Train Epoch-16  Iter-350/706	loss 0.0013 (0.0902)	accu 1.000 (0.965)	
Train Epoch-16  Iter-375/706	loss 0.0514 (0.0897)	accu 1.000 (0.966)	
Train Epoch-16  Iter-400/706	loss 0.0091 (0.0872)	accu 1.000 (0.967)	
Train Epoch-16  Iter-425/706	loss 0.0572 (0.0853)	accu 1.000 (0.968)	
Train Epoch-16  Iter-450/706	loss 0.0155 (0.0854)	accu 1.000 (0.968)	
Train Epoch-16  Iter-475/706	loss 0.1018 (0.0850)	accu 1.000 (0.969)	
Train Epoch-16  Iter-500/706	loss 0.6125 (0.0860)	accu 0.750 (0.968)	
Train Epoch-16  Iter-525/706	loss 0.0815 (0.0853)	accu 1.000 (0.969)	
Train Epoch-16  Iter-550/706	loss 0.0328 (0.0855)	accu 1.000 (0.968)	
Train Epoch-16  Iter-575/706	loss 0.0031 (0.0843)	accu 1.000 (0.968)	
Train Epoch-16  Iter-600/706	loss 0.4416 (0.0843)	accu 0.750 (0.968)	
Train Epoch-16  Iter-625/706	loss 0.0226 (0.0855)	accu 1.000 (0.968)	
Train Epoch-16  Iter-650/706	loss 0.0409 (0.0848)	accu 1.000 (0.968)	
Train Epoch-16  Iter-675/706	loss 0.0687 (0.0842)	accu 1.000 (0.968)	
Train Epoch-16  Iter-700/706	loss 0.0109 (0.0836)	accu 1.000 (0.968)	
Eval Epoch-16  Iter-0  /52 	loss 1.4263 (1.4263)	accu 0.750 (0.750)	
Eval Epoch-16  Iter-25 /52 	loss 0.6788 (0.9068)	accu 0.750 (0.668)	
Eval Epoch-16  Iter-50 /52 	loss 3.5864 (1.0288)	accu 0.500 (0.694)	
Epoch-16  Train: loss 0.0844	accu 0.9681	Eval: loss 1.0135	accu 0.6971
Train Epoch-17  Iter-0  /706	loss 0.0379 (0.0379)	accu 1.000 (1.000)	
Train Epoch-17  Iter-25 /706	loss 0.0076 (0.0738)	accu 1.000 (0.971)	
Train Epoch-17  Iter-50 /706	loss 0.0881 (0.0856)	accu 1.000 (0.963)	
Train Epoch-17  Iter-75 /706	loss 0.0653 (0.0780)	accu 1.000 (0.967)	
Train Epoch-17  Iter-100/706	loss 0.0046 (0.0774)	accu 1.000 (0.970)	
Train Epoch-17  Iter-125/706	loss 0.0053 (0.0761)	accu 1.000 (0.971)	
Train Epoch-17  Iter-150/706	loss 0.0859 (0.0756)	accu 1.000 (0.972)	
Train Epoch-17  Iter-175/706	loss 0.0025 (0.0761)	accu 1.000 (0.969)	
Train Epoch-17  Iter-200/706	loss 0.0414 (0.0715)	accu 1.000 (0.971)	
Train Epoch-17  Iter-225/706	loss 0.0037 (0.0754)	accu 1.000 (0.970)	
Train Epoch-17  Iter-250/706	loss 0.0021 (0.0770)	accu 1.000 (0.969)	
Train Epoch-17  Iter-275/706	loss 0.0401 (0.0803)	accu 1.000 (0.968)	
Train Epoch-17  Iter-300/706	loss 0.1045 (0.0784)	accu 0.875 (0.969)	
Train Epoch-17  Iter-325/706	loss 0.1405 (0.0779)	accu 0.875 (0.969)	
Train Epoch-17  Iter-350/706	loss 0.0440 (0.0763)	accu 1.000 (0.969)	
Train Epoch-17  Iter-375/706	loss 0.0086 (0.0748)	accu 1.000 (0.970)	
Train Epoch-17  Iter-400/706	loss 0.0062 (0.0770)	accu 1.000 (0.969)	
Train Epoch-17  Iter-425/706	loss 0.1108 (0.0788)	accu 0.875 (0.968)	
Train Epoch-17  Iter-450/706	loss 0.0233 (0.0767)	accu 1.000 (0.969)	
Train Epoch-17  Iter-475/706	loss 0.0045 (0.0782)	accu 1.000 (0.969)	
Train Epoch-17  Iter-500/706	loss 0.0083 (0.0802)	accu 1.000 (0.968)	
Train Epoch-17  Iter-525/706	loss 0.1405 (0.0832)	accu 0.875 (0.967)	
Train Epoch-17  Iter-550/706	loss 0.4938 (0.0841)	accu 0.875 (0.967)	
Train Epoch-17  Iter-575/706	loss 0.1518 (0.0841)	accu 0.875 (0.967)	
Train Epoch-17  Iter-600/706	loss 0.0539 (0.0838)	accu 1.000 (0.968)	
Train Epoch-17  Iter-625/706	loss 0.0324 (0.0828)	accu 1.000 (0.968)	
Train Epoch-17  Iter-650/706	loss 0.0018 (0.0849)	accu 1.000 (0.967)	
Train Epoch-17  Iter-675/706	loss 0.7408 (0.0861)	accu 0.750 (0.967)	
Train Epoch-17  Iter-700/706	loss 0.1303 (0.0862)	accu 0.875 (0.967)	
Eval Epoch-17  Iter-0  /52 	loss 1.4149 (1.4149)	accu 0.750 (0.750)	
Eval Epoch-17  Iter-25 /52 	loss 0.6599 (0.8438)	accu 0.750 (0.673)	
Eval Epoch-17  Iter-50 /52 	loss 3.5946 (0.9966)	accu 0.500 (0.691)	
Epoch-17  Train: loss 0.0857	accu 0.9674	Eval: loss 0.9823	accu 0.6947
Train Epoch-18  Iter-0  /706	loss 0.0360 (0.0360)	accu 1.000 (1.000)	
Train Epoch-18  Iter-25 /706	loss 0.0101 (0.0969)	accu 1.000 (0.957)	
Train Epoch-18  Iter-50 /706	loss 0.0496 (0.0960)	accu 1.000 (0.961)	
Train Epoch-18  Iter-75 /706	loss 0.0547 (0.0809)	accu 1.000 (0.970)	
Train Epoch-18  Iter-100/706	loss 0.3774 (0.0852)	accu 0.875 (0.972)	
Train Epoch-18  Iter-125/706	loss 0.0097 (0.0884)	accu 1.000 (0.968)	
Train Epoch-18  Iter-150/706	loss 0.5068 (0.0838)	accu 0.875 (0.971)	
Train Epoch-18  Iter-175/706	loss 0.0439 (0.0811)	accu 1.000 (0.972)	
Train Epoch-18  Iter-200/706	loss 0.0166 (0.0816)	accu 1.000 (0.971)	
Train Epoch-18  Iter-225/706	loss 0.0024 (0.0794)	accu 1.000 (0.972)	
Train Epoch-18  Iter-250/706	loss 0.5322 (0.0817)	accu 0.875 (0.972)	
Train Epoch-18  Iter-275/706	loss 0.0036 (0.0829)	accu 1.000 (0.971)	
Train Epoch-18  Iter-300/706	loss 0.0194 (0.0810)	accu 1.000 (0.973)	
Train Epoch-18  Iter-325/706	loss 0.0517 (0.0843)	accu 1.000 (0.971)	
Train Epoch-18  Iter-350/706	loss 0.0248 (0.0838)	accu 1.000 (0.972)	
Train Epoch-18  Iter-375/706	loss 0.2202 (0.0824)	accu 0.875 (0.972)	
Train Epoch-18  Iter-400/706	loss 0.0065 (0.0823)	accu 1.000 (0.972)	
Train Epoch-18  Iter-425/706	loss 0.1197 (0.0825)	accu 0.875 (0.971)	
Train Epoch-18  Iter-450/706	loss 0.0880 (0.0823)	accu 1.000 (0.971)	
Train Epoch-18  Iter-475/706	loss 0.0937 (0.0842)	accu 1.000 (0.969)	
Train Epoch-18  Iter-500/706	loss 0.0091 (0.0854)	accu 1.000 (0.969)	
Train Epoch-18  Iter-525/706	loss 0.0048 (0.0846)	accu 1.000 (0.969)	
Train Epoch-18  Iter-550/706	loss 0.0845 (0.0847)	accu 1.000 (0.970)	
Train Epoch-18  Iter-575/706	loss 0.0722 (0.0852)	accu 1.000 (0.969)	
Train Epoch-18  Iter-600/706	loss 0.0023 (0.0837)	accu 1.000 (0.970)	
Train Epoch-18  Iter-625/706	loss 0.1258 (0.0840)	accu 0.875 (0.969)	
Train Epoch-18  Iter-650/706	loss 0.0209 (0.0833)	accu 1.000 (0.969)	
Train Epoch-18  Iter-675/706	loss 0.0708 (0.0834)	accu 1.000 (0.969)	
Train Epoch-18  Iter-700/706	loss 0.3611 (0.0845)	accu 0.875 (0.969)	
Eval Epoch-18  Iter-0  /52 	loss 1.4292 (1.4292)	accu 0.750 (0.750)	
Eval Epoch-18  Iter-25 /52 	loss 0.6853 (0.9053)	accu 0.750 (0.659)	
Eval Epoch-18  Iter-50 /52 	loss 3.6204 (1.0308)	accu 0.500 (0.689)	
Epoch-18  Train: loss 0.0842	accu 0.9688	Eval: loss 1.0155	accu 0.6923
Epoch    19: reducing learning rate of group 0 to 3.0000e-07.
Train Epoch-19  Iter-0  /706	loss 0.0055 (0.0055)	accu 1.000 (1.000)	
Train Epoch-19  Iter-25 /706	loss 0.0130 (0.1139)	accu 1.000 (0.981)	
Train Epoch-19  Iter-50 /706	loss 0.1376 (0.0961)	accu 0.875 (0.975)	
Train Epoch-19  Iter-75 /706	loss 0.0610 (0.0956)	accu 1.000 (0.974)	
Train Epoch-19  Iter-100/706	loss 0.0028 (0.1038)	accu 1.000 (0.967)	
Train Epoch-19  Iter-125/706	loss 0.0097 (0.0989)	accu 1.000 (0.968)	
Train Epoch-19  Iter-150/706	loss 0.0102 (0.0906)	accu 1.000 (0.971)	
Train Epoch-19  Iter-175/706	loss 0.0966 (0.0882)	accu 1.000 (0.972)	
Train Epoch-19  Iter-200/706	loss 0.0106 (0.0872)	accu 1.000 (0.971)	
Train Epoch-19  Iter-225/706	loss 0.3065 (0.0892)	accu 0.875 (0.971)	
Train Epoch-19  Iter-250/706	loss 0.0723 (0.0918)	accu 1.000 (0.970)	
Train Epoch-19  Iter-275/706	loss 0.2609 (0.0941)	accu 0.875 (0.970)	
Train Epoch-19  Iter-300/706	loss 0.0441 (0.0973)	accu 1.000 (0.968)	
Train Epoch-19  Iter-325/706	loss 0.3450 (0.0979)	accu 0.750 (0.967)	
Train Epoch-19  Iter-350/706	loss 0.0039 (0.0944)	accu 1.000 (0.969)	
Train Epoch-19  Iter-375/706	loss 0.0044 (0.0926)	accu 1.000 (0.969)	
Train Epoch-19  Iter-400/706	loss 0.1379 (0.0942)	accu 0.875 (0.967)	
Train Epoch-19  Iter-425/706	loss 0.0405 (0.0932)	accu 1.000 (0.967)	
Train Epoch-19  Iter-450/706	loss 0.0617 (0.0957)	accu 1.000 (0.966)	
Train Epoch-19  Iter-475/706	loss 0.0172 (0.0948)	accu 1.000 (0.965)	
Train Epoch-19  Iter-500/706	loss 0.0319 (0.0939)	accu 1.000 (0.966)	
Train Epoch-19  Iter-525/706	loss 0.0381 (0.0926)	accu 1.000 (0.966)	
Train Epoch-19  Iter-550/706	loss 0.0138 (0.0914)	accu 1.000 (0.967)	
Train Epoch-19  Iter-575/706	loss 0.0669 (0.0909)	accu 1.000 (0.966)	
Train Epoch-19  Iter-600/706	loss 0.4352 (0.0921)	accu 0.875 (0.966)	
Train Epoch-19  Iter-625/706	loss 0.0186 (0.0912)	accu 1.000 (0.966)	
Train Epoch-19  Iter-650/706	loss 0.0026 (0.0909)	accu 1.000 (0.966)	
Train Epoch-19  Iter-675/706	loss 0.3236 (0.0897)	accu 0.875 (0.967)	
Train Epoch-19  Iter-700/706	loss 0.0045 (0.0883)	accu 1.000 (0.967)	
Eval Epoch-19  Iter-0  /52 	loss 1.4301 (1.4301)	accu 0.750 (0.750)	
Eval Epoch-19  Iter-25 /52 	loss 0.6821 (0.9031)	accu 0.750 (0.659)	
Eval Epoch-19  Iter-50 /52 	loss 3.6220 (1.0302)	accu 0.500 (0.689)	
Epoch-19  Train: loss 0.0880	accu 0.9672	Eval: loss 1.0150	accu 0.6923
Train Epoch-20  Iter-0  /706	loss 0.0217 (0.0217)	accu 1.000 (1.000)	
Train Epoch-20  Iter-25 /706	loss 0.0826 (0.1142)	accu 1.000 (0.947)	
Train Epoch-20  Iter-50 /706	loss 0.0019 (0.1082)	accu 1.000 (0.953)	
Train Epoch-20  Iter-75 /706	loss 0.0129 (0.1162)	accu 1.000 (0.952)	
Train Epoch-20  Iter-100/706	loss 0.0318 (0.1067)	accu 1.000 (0.955)	
Train Epoch-20  Iter-125/706	loss 0.0872 (0.0976)	accu 1.000 (0.961)	
Train Epoch-20  Iter-150/706	loss 0.0046 (0.1000)	accu 1.000 (0.960)	
Train Epoch-20  Iter-175/706	loss 0.0026 (0.0961)	accu 1.000 (0.960)	
Train Epoch-20  Iter-200/706	loss 0.0379 (0.0927)	accu 1.000 (0.961)	
Train Epoch-20  Iter-225/706	loss 0.1152 (0.0910)	accu 0.875 (0.961)	
Train Epoch-20  Iter-250/706	loss 0.0643 (0.0928)	accu 1.000 (0.962)	
Train Epoch-20  Iter-275/706	loss 0.0209 (0.0902)	accu 1.000 (0.963)	
Train Epoch-20  Iter-300/706	loss 0.1938 (0.0898)	accu 0.875 (0.963)	
Train Epoch-20  Iter-325/706	loss 0.2092 (0.0882)	accu 0.875 (0.964)	
Train Epoch-20  Iter-350/706	loss 0.0227 (0.0874)	accu 1.000 (0.964)	
Train Epoch-20  Iter-375/706	loss 0.0543 (0.0866)	accu 1.000 (0.965)	
Train Epoch-20  Iter-400/706	loss 0.0450 (0.0867)	accu 1.000 (0.965)	
Train Epoch-20  Iter-425/706	loss 0.0204 (0.0840)	accu 1.000 (0.967)	
Train Epoch-20  Iter-450/706	loss 0.0047 (0.0812)	accu 1.000 (0.968)	
Train Epoch-20  Iter-475/706	loss 0.0552 (0.0829)	accu 1.000 (0.968)	
Train Epoch-20  Iter-500/706	loss 0.0786 (0.0823)	accu 1.000 (0.969)	
Train Epoch-20  Iter-525/706	loss 0.0057 (0.0829)	accu 1.000 (0.968)	
Train Epoch-20  Iter-550/706	loss 0.2541 (0.0830)	accu 0.875 (0.968)	
Train Epoch-20  Iter-575/706	loss 0.0023 (0.0821)	accu 1.000 (0.969)	
Train Epoch-20  Iter-600/706	loss 0.0279 (0.0814)	accu 1.000 (0.969)	
Train Epoch-20  Iter-625/706	loss 0.0618 (0.0823)	accu 1.000 (0.968)	
Train Epoch-20  Iter-650/706	loss 0.0318 (0.0826)	accu 1.000 (0.968)	
Train Epoch-20  Iter-675/706	loss 0.0039 (0.0826)	accu 1.000 (0.969)	
Train Epoch-20  Iter-700/706	loss 0.0296 (0.0832)	accu 1.000 (0.968)	
Eval Epoch-20  Iter-0  /52 	loss 1.4313 (1.4313)	accu 0.750 (0.750)	
Eval Epoch-20  Iter-25 /52 	loss 0.6816 (0.9050)	accu 0.750 (0.659)	
Eval Epoch-20  Iter-50 /52 	loss 3.6232 (1.0306)	accu 0.500 (0.689)	
Epoch-20  Train: loss 0.0830	accu 0.9683	Eval: loss 1.0154	accu 0.6923
Train Epoch-21  Iter-0  /706	loss 0.0026 (0.0026)	accu 1.000 (1.000)	
Train Epoch-21  Iter-25 /706	loss 0.0562 (0.0851)	accu 1.000 (0.971)	
Train Epoch-21  Iter-50 /706	loss 0.1221 (0.1011)	accu 0.875 (0.966)	
Train Epoch-21  Iter-75 /706	loss 0.3713 (0.0929)	accu 0.750 (0.964)	
Train Epoch-21  Iter-100/706	loss 0.3113 (0.1042)	accu 0.750 (0.957)	
Train Epoch-21  Iter-125/706	loss 0.1468 (0.1000)	accu 0.875 (0.956)	
Train Epoch-21  Iter-150/706	loss 0.2587 (0.0928)	accu 0.875 (0.960)	
Train Epoch-21  Iter-175/706	loss 0.0921 (0.0895)	accu 1.000 (0.963)	
Train Epoch-21  Iter-200/706	loss 0.0208 (0.0924)	accu 1.000 (0.963)	
Train Epoch-21  Iter-225/706	loss 0.2493 (0.0941)	accu 0.875 (0.962)	
Train Epoch-21  Iter-250/706	loss 0.0811 (0.0934)	accu 1.000 (0.963)	
Train Epoch-21  Iter-275/706	loss 0.0075 (0.0926)	accu 1.000 (0.963)	
Train Epoch-21  Iter-300/706	loss 0.0545 (0.0932)	accu 1.000 (0.963)	
Train Epoch-21  Iter-325/706	loss 0.0742 (0.0926)	accu 1.000 (0.964)	
Train Epoch-21  Iter-350/706	loss 0.0194 (0.0916)	accu 1.000 (0.965)	
Train Epoch-21  Iter-375/706	loss 0.0223 (0.0908)	accu 1.000 (0.966)	
Train Epoch-21  Iter-400/706	loss 0.1157 (0.0897)	accu 0.875 (0.965)	
Train Epoch-21  Iter-425/706	loss 0.0112 (0.0909)	accu 1.000 (0.964)	
Train Epoch-21  Iter-450/706	loss 0.0234 (0.0928)	accu 1.000 (0.964)	
Train Epoch-21  Iter-475/706	loss 0.0039 (0.0938)	accu 1.000 (0.964)	
Train Epoch-21  Iter-500/706	loss 0.5104 (0.0932)	accu 0.875 (0.965)	
Train Epoch-21  Iter-525/706	loss 0.0391 (0.0942)	accu 1.000 (0.964)	
Train Epoch-21  Iter-550/706	loss 0.0065 (0.0922)	accu 1.000 (0.965)	
Train Epoch-21  Iter-575/706	loss 0.1160 (0.0925)	accu 0.875 (0.965)	
Train Epoch-21  Iter-600/706	loss 0.4254 (0.0926)	accu 0.875 (0.965)	
Train Epoch-21  Iter-625/706	loss 0.0068 (0.0918)	accu 1.000 (0.965)	
Train Epoch-21  Iter-650/706	loss 0.0094 (0.0905)	accu 1.000 (0.965)	
Train Epoch-21  Iter-675/706	loss 0.0118 (0.0898)	accu 1.000 (0.965)	
Train Epoch-21  Iter-700/706	loss 0.0079 (0.0913)	accu 1.000 (0.965)	
Eval Epoch-21  Iter-0  /52 	loss 1.4308 (1.4308)	accu 0.750 (0.750)	
Eval Epoch-21  Iter-25 /52 	loss 0.6751 (0.8972)	accu 0.750 (0.659)	
Eval Epoch-21  Iter-50 /52 	loss 3.6226 (1.0265)	accu 0.500 (0.686)	
Epoch-21  Train: loss 0.0918	accu 0.9646	Eval: loss 1.0115	accu 0.6899
Train Epoch-22  Iter-0  /706	loss 0.4013 (0.4013)	accu 0.875 (0.875)	
Train Epoch-22  Iter-25 /706	loss 0.0144 (0.1127)	accu 1.000 (0.957)	
Train Epoch-22  Iter-50 /706	loss 0.0049 (0.0964)	accu 1.000 (0.961)	
Train Epoch-22  Iter-75 /706	loss 0.0052 (0.0926)	accu 1.000 (0.962)	
Train Epoch-22  Iter-100/706	loss 0.0294 (0.0858)	accu 1.000 (0.965)	
Train Epoch-22  Iter-125/706	loss 0.0156 (0.0747)	accu 1.000 (0.970)	
Train Epoch-22  Iter-150/706	loss 0.0066 (0.0796)	accu 1.000 (0.967)	
Train Epoch-22  Iter-175/706	loss 0.1643 (0.0789)	accu 0.875 (0.968)	
Train Epoch-22  Iter-200/706	loss 0.0527 (0.0806)	accu 1.000 (0.968)	
Train Epoch-22  Iter-225/706	loss 0.0050 (0.0807)	accu 1.000 (0.967)	
Train Epoch-22  Iter-250/706	loss 0.0303 (0.0774)	accu 1.000 (0.969)	
Train Epoch-22  Iter-275/706	loss 0.0139 (0.0844)	accu 1.000 (0.967)	
Train Epoch-22  Iter-300/706	loss 0.0020 (0.0854)	accu 1.000 (0.967)	
Train Epoch-22  Iter-325/706	loss 0.0026 (0.0864)	accu 1.000 (0.967)	
Train Epoch-22  Iter-350/706	loss 0.0119 (0.0855)	accu 1.000 (0.968)	
Train Epoch-22  Iter-375/706	loss 0.0034 (0.0825)	accu 1.000 (0.969)	
Train Epoch-22  Iter-400/706	loss 0.0122 (0.0810)	accu 1.000 (0.970)	
Train Epoch-22  Iter-425/706	loss 0.1433 (0.0817)	accu 0.875 (0.969)	
Train Epoch-22  Iter-450/706	loss 0.0495 (0.0813)	accu 1.000 (0.969)	
Train Epoch-22  Iter-475/706	loss 0.0018 (0.0804)	accu 1.000 (0.970)	
Train Epoch-22  Iter-500/706	loss 0.1004 (0.0808)	accu 1.000 (0.970)	
Train Epoch-22  Iter-525/706	loss 0.0037 (0.0831)	accu 1.000 (0.969)	
Train Epoch-22  Iter-550/706	loss 0.0022 (0.0831)	accu 1.000 (0.969)	
Train Epoch-22  Iter-575/706	loss 0.0102 (0.0836)	accu 1.000 (0.969)	
Train Epoch-22  Iter-600/706	loss 0.0510 (0.0845)	accu 1.000 (0.968)	
Train Epoch-22  Iter-625/706	loss 0.0053 (0.0844)	accu 1.000 (0.968)	
Train Epoch-22  Iter-650/706	loss 0.0076 (0.0842)	accu 1.000 (0.968)	
Train Epoch-22  Iter-675/706	loss 0.0446 (0.0830)	accu 1.000 (0.969)	
Train Epoch-22  Iter-700/706	loss 0.0023 (0.0848)	accu 1.000 (0.968)	
Eval Epoch-22  Iter-0  /52 	loss 1.4314 (1.4314)	accu 0.750 (0.750)	
Eval Epoch-22  Iter-25 /52 	loss 0.6733 (0.8947)	accu 0.750 (0.659)	
Eval Epoch-22  Iter-50 /52 	loss 3.6241 (1.0258)	accu 0.500 (0.686)	
Epoch-22  Train: loss 0.0847	accu 0.9678	Eval: loss 1.0108	accu 0.6899
Train Epoch-23  Iter-0  /706	loss 0.0515 (0.0515)	accu 1.000 (1.000)	
Train Epoch-23  Iter-25 /706	loss 0.2635 (0.0928)	accu 0.875 (0.971)	
Train Epoch-23  Iter-50 /706	loss 0.0086 (0.0784)	accu 1.000 (0.975)	
Train Epoch-23  Iter-75 /706	loss 0.0077 (0.0686)	accu 1.000 (0.977)	
Train Epoch-23  Iter-100/706	loss 0.2855 (0.0900)	accu 0.875 (0.969)	
Train Epoch-23  Iter-125/706	loss 0.0091 (0.0811)	accu 1.000 (0.973)	
Train Epoch-23  Iter-150/706	loss 0.0349 (0.0843)	accu 1.000 (0.971)	
Train Epoch-23  Iter-175/706	loss 0.2266 (0.0879)	accu 0.875 (0.969)	
Train Epoch-23  Iter-200/706	loss 0.0058 (0.0888)	accu 1.000 (0.968)	
Train Epoch-23  Iter-225/706	loss 0.0018 (0.0888)	accu 1.000 (0.966)	
Train Epoch-23  Iter-250/706	loss 0.0331 (0.0872)	accu 1.000 (0.967)	
Train Epoch-23  Iter-275/706	loss 0.0344 (0.0883)	accu 1.000 (0.965)	
Train Epoch-23  Iter-300/706	loss 0.0135 (0.0902)	accu 1.000 (0.965)	
Train Epoch-23  Iter-325/706	loss 0.0382 (0.0883)	accu 1.000 (0.966)	
Train Epoch-23  Iter-350/706	loss 0.0600 (0.0858)	accu 1.000 (0.967)	
Train Epoch-23  Iter-375/706	loss 0.0204 (0.0856)	accu 1.000 (0.968)	
Train Epoch-23  Iter-400/706	loss 0.0363 (0.0873)	accu 1.000 (0.968)	
Train Epoch-23  Iter-425/706	loss 0.3469 (0.0859)	accu 0.875 (0.968)	
Train Epoch-23  Iter-450/706	loss 0.0751 (0.0847)	accu 1.000 (0.969)	
Train Epoch-23  Iter-475/706	loss 0.0220 (0.0850)	accu 1.000 (0.968)	
Train Epoch-23  Iter-500/706	loss 0.0215 (0.0835)	accu 1.000 (0.970)	
Train Epoch-23  Iter-525/706	loss 0.0012 (0.0843)	accu 1.000 (0.969)	
Train Epoch-23  Iter-550/706	loss 0.0015 (0.0846)	accu 1.000 (0.969)	
Train Epoch-23  Iter-575/706	loss 0.1530 (0.0844)	accu 0.875 (0.969)	
Train Epoch-23  Iter-600/706	loss 0.1700 (0.0844)	accu 0.875 (0.969)	
Train Epoch-23  Iter-625/706	loss 0.1494 (0.0839)	accu 0.875 (0.969)	
Train Epoch-23  Iter-650/706	loss 0.0021 (0.0846)	accu 1.000 (0.968)	
Train Epoch-23  Iter-675/706	loss 0.0120 (0.0856)	accu 1.000 (0.968)	
Train Epoch-23  Iter-700/706	loss 0.0081 (0.0879)	accu 1.000 (0.967)	
Eval Epoch-23  Iter-0  /52 	loss 1.4313 (1.4313)	accu 0.750 (0.750)	
Eval Epoch-23  Iter-25 /52 	loss 0.6746 (0.8943)	accu 0.750 (0.659)	
Eval Epoch-23  Iter-50 /52 	loss 3.6246 (1.0264)	accu 0.500 (0.686)	
Epoch-23  Train: loss 0.0880	accu 0.9665	Eval: loss 1.0114	accu 0.6899
Train Epoch-24  Iter-0  /706	loss 0.0547 (0.0547)	accu 1.000 (1.000)	
Train Epoch-24  Iter-25 /706	loss 0.0139 (0.0669)	accu 1.000 (0.981)	
Train Epoch-24  Iter-50 /706	loss 0.0870 (0.0780)	accu 1.000 (0.973)	
Train Epoch-24  Iter-75 /706	loss 0.0057 (0.0826)	accu 1.000 (0.974)	
Train Epoch-24  Iter-100/706	loss 0.0285 (0.0865)	accu 1.000 (0.968)	
Train Epoch-24  Iter-125/706	loss 0.0031 (0.0876)	accu 1.000 (0.966)	
Train Epoch-24  Iter-150/706	loss 0.0711 (0.0935)	accu 1.000 (0.964)	
Train Epoch-24  Iter-175/706	loss 0.0072 (0.0915)	accu 1.000 (0.964)	
Train Epoch-24  Iter-200/706	loss 0.1485 (0.0892)	accu 0.875 (0.963)	
Train Epoch-24  Iter-225/706	loss 0.0174 (0.0890)	accu 1.000 (0.963)	
Train Epoch-24  Iter-250/706	loss 0.0159 (0.0888)	accu 1.000 (0.964)	
Train Epoch-24  Iter-275/706	loss 0.0108 (0.0875)	accu 1.000 (0.965)	
Train Epoch-24  Iter-300/706	loss 0.0459 (0.0881)	accu 1.000 (0.964)	
Train Epoch-24  Iter-325/706	loss 0.0192 (0.0930)	accu 1.000 (0.963)	
Train Epoch-24  Iter-350/706	loss 0.0037 (0.0916)	accu 1.000 (0.964)	
Train Epoch-24  Iter-375/706	loss 0.0281 (0.0936)	accu 1.000 (0.963)	
Train Epoch-24  Iter-400/706	loss 0.1077 (0.0975)	accu 1.000 (0.962)	
Train Epoch-24  Iter-425/706	loss 0.0032 (0.0962)	accu 1.000 (0.962)	
Train Epoch-24  Iter-450/706	loss 0.0273 (0.0968)	accu 1.000 (0.963)	
Train Epoch-24  Iter-475/706	loss 0.4239 (0.0945)	accu 0.750 (0.963)	
Train Epoch-24  Iter-500/706	loss 0.0248 (0.0947)	accu 1.000 (0.963)	
Train Epoch-24  Iter-525/706	loss 0.0143 (0.0951)	accu 1.000 (0.962)	
Train Epoch-24  Iter-550/706	loss 0.0050 (0.0931)	accu 1.000 (0.963)	
Train Epoch-24  Iter-575/706	loss 0.0061 (0.0911)	accu 1.000 (0.964)	
Train Epoch-24  Iter-600/706	loss 0.4308 (0.0913)	accu 0.875 (0.964)	
Train Epoch-24  Iter-625/706	loss 0.0343 (0.0905)	accu 1.000 (0.964)	
Train Epoch-24  Iter-650/706	loss 0.0022 (0.0903)	accu 1.000 (0.965)	
Train Epoch-24  Iter-675/706	loss 0.0069 (0.0905)	accu 1.000 (0.965)	
Train Epoch-24  Iter-700/706	loss 0.0361 (0.0900)	accu 1.000 (0.965)	
Eval Epoch-24  Iter-0  /52 	loss 1.4321 (1.4321)	accu 0.750 (0.750)	
Eval Epoch-24  Iter-25 /52 	loss 0.6733 (0.8976)	accu 0.750 (0.659)	
Eval Epoch-24  Iter-50 /52 	loss 3.6228 (1.0261)	accu 0.500 (0.686)	
Epoch-24  Train: loss 0.0895	accu 0.9657	Eval: loss 1.0110	accu 0.6899
Epoch    25: reducing learning rate of group 0 to 3.0000e-08.
Train Epoch-25  Iter-0  /706	loss 0.0260 (0.0260)	accu 1.000 (1.000)	
Train Epoch-25  Iter-25 /706	loss 0.0042 (0.0570)	accu 1.000 (0.986)	
Train Epoch-25  Iter-50 /706	loss 0.0719 (0.0849)	accu 1.000 (0.973)	
Train Epoch-25  Iter-75 /706	loss 0.0053 (0.0777)	accu 1.000 (0.970)	
Train Epoch-25  Iter-100/706	loss 0.0085 (0.0736)	accu 1.000 (0.974)	
Train Epoch-25  Iter-125/706	loss 0.2730 (0.0769)	accu 0.875 (0.970)	
Train Epoch-25  Iter-150/706	loss 0.0270 (0.0821)	accu 1.000 (0.968)	
Train Epoch-25  Iter-175/706	loss 0.0095 (0.0815)	accu 1.000 (0.969)	
Train Epoch-25  Iter-200/706	loss 0.0024 (0.0888)	accu 1.000 (0.968)	
Train Epoch-25  Iter-225/706	loss 0.0024 (0.0860)	accu 1.000 (0.970)	
Train Epoch-25  Iter-250/706	loss 0.0998 (0.0850)	accu 1.000 (0.969)	
Train Epoch-25  Iter-275/706	loss 0.0515 (0.0897)	accu 1.000 (0.967)	
Train Epoch-25  Iter-300/706	loss 0.2241 (0.0866)	accu 0.875 (0.969)	
Train Epoch-25  Iter-325/706	loss 0.1118 (0.0865)	accu 0.875 (0.969)	
Train Epoch-25  Iter-350/706	loss 0.0186 (0.0894)	accu 1.000 (0.968)	
Train Epoch-25  Iter-375/706	loss 0.0019 (0.0914)	accu 1.000 (0.967)	
Train Epoch-25  Iter-400/706	loss 0.3863 (0.0910)	accu 0.875 (0.967)	
Train Epoch-25  Iter-425/706	loss 0.0402 (0.0905)	accu 1.000 (0.967)	
Train Epoch-25  Iter-450/706	loss 0.1500 (0.0897)	accu 1.000 (0.968)	
Train Epoch-25  Iter-475/706	loss 0.0098 (0.0886)	accu 1.000 (0.968)	
Train Epoch-25  Iter-500/706	loss 0.0053 (0.0893)	accu 1.000 (0.967)	
Train Epoch-25  Iter-525/706	loss 0.0290 (0.0913)	accu 1.000 (0.968)	
Train Epoch-25  Iter-550/706	loss 0.1686 (0.0901)	accu 0.875 (0.968)	
Train Epoch-25  Iter-575/706	loss 0.0059 (0.0906)	accu 1.000 (0.968)	
Train Epoch-25  Iter-600/706	loss 0.3207 (0.0908)	accu 0.875 (0.968)	
Train Epoch-25  Iter-625/706	loss 0.0041 (0.0897)	accu 1.000 (0.968)	
Train Epoch-25  Iter-650/706	loss 0.0665 (0.0884)	accu 1.000 (0.968)	
Train Epoch-25  Iter-675/706	loss 0.0035 (0.0892)	accu 1.000 (0.968)	
Train Epoch-25  Iter-700/706	loss 0.1916 (0.0894)	accu 0.875 (0.968)	
Eval Epoch-25  Iter-0  /52 	loss 1.4321 (1.4321)	accu 0.750 (0.750)	
Eval Epoch-25  Iter-25 /52 	loss 0.6729 (0.8971)	accu 0.750 (0.659)	
Eval Epoch-25  Iter-50 /52 	loss 3.6229 (1.0259)	accu 0.500 (0.686)	
Epoch-25  Train: loss 0.0902	accu 0.9674	Eval: loss 1.0108	accu 0.6899
Train Epoch-26  Iter-0  /706	loss 0.1928 (0.1928)	accu 0.875 (0.875)	
Train Epoch-26  Iter-25 /706	loss 0.0145 (0.1193)	accu 1.000 (0.962)	
Train Epoch-26  Iter-50 /706	loss 0.1064 (0.0969)	accu 1.000 (0.968)	
Train Epoch-26  Iter-75 /706	loss 0.0102 (0.0925)	accu 1.000 (0.969)	
Train Epoch-26  Iter-100/706	loss 0.0092 (0.0890)	accu 1.000 (0.967)	
Train Epoch-26  Iter-125/706	loss 0.0318 (0.0856)	accu 1.000 (0.968)	
Train Epoch-26  Iter-150/706	loss 0.1354 (0.0839)	accu 0.875 (0.967)	
Train Epoch-26  Iter-175/706	loss 0.2394 (0.0857)	accu 0.875 (0.966)	
Train Epoch-26  Iter-200/706	loss 0.0103 (0.0859)	accu 1.000 (0.966)	
Train Epoch-26  Iter-225/706	loss 0.0188 (0.0846)	accu 1.000 (0.967)	
Train Epoch-26  Iter-250/706	loss 0.0141 (0.0842)	accu 1.000 (0.967)	
Train Epoch-26  Iter-275/706	loss 0.0021 (0.0885)	accu 1.000 (0.966)	
Train Epoch-26  Iter-300/706	loss 0.0014 (0.0874)	accu 1.000 (0.966)	
Train Epoch-26  Iter-325/706	loss 0.0113 (0.0838)	accu 1.000 (0.968)	
Train Epoch-26  Iter-350/706	loss 0.0270 (0.0829)	accu 1.000 (0.968)	
Train Epoch-26  Iter-375/706	loss 0.0034 (0.0849)	accu 1.000 (0.967)	
Train Epoch-26  Iter-400/706	loss 0.0244 (0.0856)	accu 1.000 (0.968)	
Train Epoch-26  Iter-425/706	loss 0.0033 (0.0853)	accu 1.000 (0.967)	
Train Epoch-26  Iter-450/706	loss 0.4440 (0.0854)	accu 0.875 (0.967)	
Train Epoch-26  Iter-475/706	loss 0.0036 (0.0849)	accu 1.000 (0.967)	
Train Epoch-26  Iter-500/706	loss 0.0150 (0.0863)	accu 1.000 (0.967)	
Train Epoch-26  Iter-525/706	loss 0.0061 (0.0845)	accu 1.000 (0.968)	
Train Epoch-26  Iter-550/706	loss 0.5523 (0.0846)	accu 0.875 (0.968)	
Train Epoch-26  Iter-575/706	loss 0.0016 (0.0830)	accu 1.000 (0.968)	
Train Epoch-26  Iter-600/706	loss 0.1545 (0.0825)	accu 1.000 (0.969)	
Train Epoch-26  Iter-625/706	loss 0.0336 (0.0825)	accu 1.000 (0.969)	
Train Epoch-26  Iter-650/706	loss 0.1214 (0.0829)	accu 1.000 (0.969)	
Train Epoch-26  Iter-675/706	loss 0.2052 (0.0822)	accu 0.875 (0.969)	
Train Epoch-26  Iter-700/706	loss 0.1117 (0.0833)	accu 0.875 (0.969)	
Eval Epoch-26  Iter-0  /52 	loss 1.4322 (1.4322)	accu 0.750 (0.750)	
Eval Epoch-26  Iter-25 /52 	loss 0.6727 (0.8968)	accu 0.750 (0.659)	
Eval Epoch-26  Iter-50 /52 	loss 3.6231 (1.0258)	accu 0.500 (0.686)	
Epoch-26  Train: loss 0.0836	accu 0.9687	Eval: loss 1.0107	accu 0.6899
Train Epoch-27  Iter-0  /706	loss 0.0554 (0.0554)	accu 1.000 (1.000)	
Train Epoch-27  Iter-25 /706	loss 0.0334 (0.1051)	accu 1.000 (0.957)	
Train Epoch-27  Iter-50 /706	loss 0.0109 (0.0911)	accu 1.000 (0.966)	
Train Epoch-27  Iter-75 /706	loss 0.0271 (0.0919)	accu 1.000 (0.964)	
Train Epoch-27  Iter-100/706	loss 0.1671 (0.0876)	accu 0.875 (0.964)	
Train Epoch-27  Iter-125/706	loss 0.0130 (0.0843)	accu 1.000 (0.966)	
Train Epoch-27  Iter-150/706	loss 0.8749 (0.0875)	accu 0.875 (0.965)	
Train Epoch-27  Iter-175/706	loss 0.0075 (0.0946)	accu 1.000 (0.964)	
Train Epoch-27  Iter-200/706	loss 0.0926 (0.0942)	accu 1.000 (0.966)	
Train Epoch-27  Iter-225/706	loss 0.0033 (0.0902)	accu 1.000 (0.967)	
Train Epoch-27  Iter-250/706	loss 0.0351 (0.0882)	accu 1.000 (0.967)	
Train Epoch-27  Iter-275/706	loss 0.0275 (0.0884)	accu 1.000 (0.966)	
Train Epoch-27  Iter-300/706	loss 0.0032 (0.0916)	accu 1.000 (0.964)	
Train Epoch-27  Iter-325/706	loss 0.0689 (0.0898)	accu 1.000 (0.965)	
Train Epoch-27  Iter-350/706	loss 0.0078 (0.0884)	accu 1.000 (0.966)	
Train Epoch-27  Iter-375/706	loss 0.0221 (0.0866)	accu 1.000 (0.967)	
Train Epoch-27  Iter-400/706	loss 0.0026 (0.0857)	accu 1.000 (0.968)	
Train Epoch-27  Iter-425/706	loss 0.1385 (0.0872)	accu 1.000 (0.967)	
Train Epoch-27  Iter-450/706	loss 0.1442 (0.0863)	accu 0.875 (0.968)	
Train Epoch-27  Iter-475/706	loss 0.0046 (0.0873)	accu 1.000 (0.968)	
Train Epoch-27  Iter-500/706	loss 0.0214 (0.0870)	accu 1.000 (0.968)	
Train Epoch-27  Iter-525/706	loss 0.0238 (0.0870)	accu 1.000 (0.967)	
Train Epoch-27  Iter-550/706	loss 0.0124 (0.0855)	accu 1.000 (0.968)	
Train Epoch-27  Iter-575/706	loss 0.0391 (0.0842)	accu 1.000 (0.969)	
Train Epoch-27  Iter-600/706	loss 0.1068 (0.0856)	accu 0.875 (0.969)	
Train Epoch-27  Iter-625/706	loss 0.0278 (0.0850)	accu 1.000 (0.969)	
Train Epoch-27  Iter-650/706	loss 0.0055 (0.0850)	accu 1.000 (0.969)	
Train Epoch-27  Iter-675/706	loss 0.0224 (0.0846)	accu 1.000 (0.969)	
Train Epoch-27  Iter-700/706	loss 0.0235 (0.0834)	accu 1.000 (0.969)	
Eval Epoch-27  Iter-0  /52 	loss 1.4323 (1.4323)	accu 0.750 (0.750)	
Eval Epoch-27  Iter-25 /52 	loss 0.6729 (0.8970)	accu 0.750 (0.659)	
Eval Epoch-27  Iter-50 /52 	loss 3.6234 (1.0260)	accu 0.500 (0.686)	
Epoch-27  Train: loss 0.0830	accu 0.9690	Eval: loss 1.0109	accu 0.6899
Train Epoch-28  Iter-0  /706	loss 0.0109 (0.0109)	accu 1.000 (1.000)	
Train Epoch-28  Iter-25 /706	loss 0.0392 (0.0803)	accu 1.000 (0.966)	
Train Epoch-28  Iter-50 /706	loss 0.0547 (0.0910)	accu 1.000 (0.963)	
Train Epoch-28  Iter-75 /706	loss 0.4033 (0.0974)	accu 0.875 (0.965)	
Train Epoch-28  Iter-100/706	loss 0.0032 (0.0986)	accu 1.000 (0.963)	
Train Epoch-28  Iter-125/706	loss 0.0216 (0.0940)	accu 1.000 (0.963)	
Train Epoch-28  Iter-150/706	loss 0.0080 (0.0924)	accu 1.000 (0.964)	
Train Epoch-28  Iter-175/706	loss 0.0160 (0.0947)	accu 1.000 (0.964)	
Train Epoch-28  Iter-200/706	loss 0.2906 (0.0929)	accu 0.875 (0.966)	
Train Epoch-28  Iter-225/706	loss 0.0350 (0.0921)	accu 1.000 (0.966)	
Train Epoch-28  Iter-250/706	loss 0.0176 (0.0890)	accu 1.000 (0.968)	
Train Epoch-28  Iter-275/706	loss 0.2877 (0.0886)	accu 0.875 (0.968)	
Train Epoch-28  Iter-300/706	loss 0.0035 (0.0875)	accu 1.000 (0.969)	
Train Epoch-28  Iter-325/706	loss 0.0043 (0.0881)	accu 1.000 (0.969)	
Train Epoch-28  Iter-350/706	loss 0.2354 (0.0865)	accu 0.750 (0.969)	
Train Epoch-28  Iter-375/706	loss 0.0598 (0.0861)	accu 1.000 (0.969)	
Train Epoch-28  Iter-400/706	loss 0.0096 (0.0853)	accu 1.000 (0.969)	
Train Epoch-28  Iter-425/706	loss 0.0027 (0.0864)	accu 1.000 (0.969)	
Train Epoch-28  Iter-450/706	loss 0.0132 (0.0860)	accu 1.000 (0.969)	
Train Epoch-28  Iter-475/706	loss 0.0094 (0.0846)	accu 1.000 (0.969)	
Train Epoch-28  Iter-500/706	loss 0.0086 (0.0829)	accu 1.000 (0.970)	
Train Epoch-28  Iter-525/706	loss 0.1367 (0.0810)	accu 0.875 (0.971)	
Train Epoch-28  Iter-550/706	loss 0.0388 (0.0815)	accu 1.000 (0.970)	
Train Epoch-28  Iter-575/706	loss 0.0135 (0.0807)	accu 1.000 (0.970)	
Train Epoch-28  Iter-600/706	loss 0.0348 (0.0807)	accu 1.000 (0.970)	
Train Epoch-28  Iter-625/706	loss 0.3838 (0.0813)	accu 0.750 (0.970)	
Train Epoch-28  Iter-650/706	loss 0.0695 (0.0814)	accu 1.000 (0.970)	
Train Epoch-28  Iter-675/706	loss 0.0416 (0.0836)	accu 1.000 (0.969)	
Train Epoch-28  Iter-700/706	loss 0.0352 (0.0821)	accu 1.000 (0.970)	
Eval Epoch-28  Iter-0  /52 	loss 1.4324 (1.4324)	accu 0.750 (0.750)	
Eval Epoch-28  Iter-25 /52 	loss 0.6727 (0.8966)	accu 0.750 (0.659)	
Eval Epoch-28  Iter-50 /52 	loss 3.6238 (1.0260)	accu 0.500 (0.686)	
Epoch-28  Train: loss 0.0816	accu 0.9701	Eval: loss 1.0109	accu 0.6899
Train Epoch-29  Iter-0  /706	loss 0.2457 (0.2457)	accu 0.875 (0.875)	
Train Epoch-29  Iter-25 /706	loss 0.0079 (0.1217)	accu 1.000 (0.962)	
Train Epoch-29  Iter-50 /706	loss 0.4982 (0.1044)	accu 0.875 (0.968)	
Train Epoch-29  Iter-75 /706	loss 0.0054 (0.0864)	accu 1.000 (0.974)	
Train Epoch-29  Iter-100/706	loss 0.0143 (0.0895)	accu 1.000 (0.972)	
Train Epoch-29  Iter-125/706	loss 0.0592 (0.0920)	accu 1.000 (0.969)	
Train Epoch-29  Iter-150/706	loss 0.0036 (0.0842)	accu 1.000 (0.973)	
Train Epoch-29  Iter-175/706	loss 0.0580 (0.0861)	accu 1.000 (0.974)	
Train Epoch-29  Iter-200/706	loss 0.0635 (0.0814)	accu 1.000 (0.975)	
Train Epoch-29  Iter-225/706	loss 0.2353 (0.0855)	accu 0.750 (0.971)	
Train Epoch-29  Iter-250/706	loss 0.0522 (0.0858)	accu 1.000 (0.971)	
Train Epoch-29  Iter-275/706	loss 0.2364 (0.0897)	accu 0.875 (0.969)	
Train Epoch-29  Iter-300/706	loss 0.0125 (0.0892)	accu 1.000 (0.968)	
Train Epoch-29  Iter-325/706	loss 0.0524 (0.0890)	accu 1.000 (0.968)	
Train Epoch-29  Iter-350/706	loss 0.0081 (0.0900)	accu 1.000 (0.967)	
Train Epoch-29  Iter-375/706	loss 0.0861 (0.0891)	accu 1.000 (0.967)	
Train Epoch-29  Iter-400/706	loss 0.1657 (0.0869)	accu 0.875 (0.969)	
Train Epoch-29  Iter-425/706	loss 0.0049 (0.0845)	accu 1.000 (0.969)	
Train Epoch-29  Iter-450/706	loss 0.0055 (0.0838)	accu 1.000 (0.970)	
Train Epoch-29  Iter-475/706	loss 0.0337 (0.0814)	accu 1.000 (0.971)	
Train Epoch-29  Iter-500/706	loss 0.0029 (0.0826)	accu 1.000 (0.971)	
Train Epoch-29  Iter-525/706	loss 0.1211 (0.0828)	accu 0.875 (0.970)	
Train Epoch-29  Iter-550/706	loss 0.0628 (0.0846)	accu 1.000 (0.969)	
Train Epoch-29  Iter-575/706	loss 0.0206 (0.0841)	accu 1.000 (0.969)	
Train Epoch-29  Iter-600/706	loss 0.0022 (0.0835)	accu 1.000 (0.970)	
Train Epoch-29  Iter-625/706	loss 0.2134 (0.0825)	accu 0.875 (0.970)	
Train Epoch-29  Iter-650/706	loss 0.1622 (0.0811)	accu 0.875 (0.971)	
Train Epoch-29  Iter-675/706	loss 0.0223 (0.0815)	accu 1.000 (0.970)	
Train Epoch-29  Iter-700/706	loss 0.2416 (0.0823)	accu 0.875 (0.970)	
Eval Epoch-29  Iter-0  /52 	loss 1.4325 (1.4325)	accu 0.750 (0.750)	
Eval Epoch-29  Iter-25 /52 	loss 0.6731 (0.8973)	accu 0.750 (0.659)	
Eval Epoch-29  Iter-50 /52 	loss 3.6243 (1.0264)	accu 0.500 (0.686)	
Epoch-29  Train: loss 0.0823	accu 0.9699	Eval: loss 1.0114	accu 0.6899
Eval Epoch-0   Iter-0  /52 	loss 0.6831 (0.6831)	accu 0.750 (0.750)	
Eval Epoch-0   Iter-25 /52 	loss 0.3564 (0.5047)	accu 0.875 (0.837)	
Eval Epoch-0   Iter-50 /52 	loss 1.7123 (0.5751)	accu 0.375 (0.738)	
Eval: loss 0.5786	accu 0.7284
Test Epoch-0   Iter-0  /59 	loss 0.9380 (0.9380)	accu 0.625 (0.625)	
Test Epoch-0   Iter-25 /59 	loss 0.3961 (0.5866)	accu 1.000 (0.808)	
Test Epoch-0   Iter-50 /59 	loss 0.4180 (0.5313)	accu 0.625 (0.775)	
Test: loss 0.5520	accu 0.7542
wandb: Waiting for W&B process to finish... (success).
wandb: 
wandb: Run history:
wandb:   Eval Acc █▁▆▅▁▇▂▃▃▂▅▄▅▅▆▅▅▅▄▄▄▄▄▄▄▄▄▄▄▄
wandb:  Eval Loss ▁▆▆▆█▄▅▅▅▆▅▆▆▆▆▆▆▆▆▆▆▆▆▆▆▆▆▆▆▆
wandb:  Train Acc ▁▅▆▇▇▇▇▇█▇████████████████████
wandb: Train Loss █▅▄▃▂▃▃▂▂▂▂▁▁▁▁▁▁▁▁▁▁▁▁▁▁▁▁▁▁▁
wandb: 
wandb: Run summary:
wandb:   Eval Acc 0.6899
wandb:  Eval Loss 1.01136
wandb:  Train Acc 0.9699
wandb: Train Loss 0.08226
wandb: 
wandb: 🚀 View run flowing-waterfall-256 at: https://wandb.ai/is_project/vision_models/runs/9mxhat58
wandb: Synced 6 W&B file(s), 0 media file(s), 0 artifact file(s) and 0 other file(s)
wandb: Find logs at: ./wandb/run-20230612_181340-9mxhat58/logs
