Namespace(add_comment=True, add_description=True, add_other_comments=False, add_title=True, add_transcription=True, add_video=True, batch_size=8, clip_embeedings_path='data/CLIP_embeddings', debug=False, desc_keyphrase_extract=False, desc_token_count=100, freeze_lf_layers=23, gpu='4', lr=0.0003, max_epochs=30, max_len=512, metadata_path='data/extra_data_trans.csv', model='bert-large-cased', multitask=False, num_workers=0, other_comments_path='data/extra_data_other_comments.csv', other_comments_token_count=300, pad_metadata=True, remove_none=False, test_question_file='data/with_aug_ttv/test.csv', title_token_count=50, train_question_file='data/with_aug_ttv/train.csv', transcript_keyphrase_extract=True, transcript_token_count=512, validation_question_file='data/with_aug_ttv/eval.csv', video_path='data/videos/', work_dir='model_comment/')
wandb: Currently logged in as: shrey2809 (is_project). Use `wandb login --relogin` to force relogin
wandb: Tracking run with wandb version 0.15.4
wandb: Run data is saved locally in /scratch/AzureNfsServer_INPUT1/vc_data/users/gmanish/multiModalHate/IS-Hate-Speech/wandb/run-20230612_181340-27sv1vse
wandb: Run `wandb offline` to turn off syncing.
wandb: Syncing run fresh-jazz-256
wandb: ⭐️ View project at https://wandb.ai/is_project/vision_models
wandb: 🚀 View run at https://wandb.ai/is_project/vision_models/runs/27sv1vse
number of available devices: 1
obtained dataloaders
Some weights of the model checkpoint at bert-large-cased were not used when initializing BertModel: ['cls.predictions.transform.dense.weight', 'cls.predictions.decoder.weight', 'cls.seq_relationship.weight', 'cls.predictions.transform.dense.bias', 'cls.seq_relationship.bias', 'cls.predictions.transform.LayerNorm.bias', 'cls.predictions.transform.LayerNorm.weight', 'cls.predictions.bias']
- This IS expected if you are initializing BertModel from the checkpoint of a model trained on another task or with another architecture (e.g. initializing a BertForSequenceClassification model from a BertForPreTraining model).
- This IS NOT expected if you are initializing BertModel from the checkpoint of a model that you expect to be exactly identical (initializing a BertForSequenceClassification model from a BertForSequenceClassification model).
loaded models
Train Epoch-0   Iter-0  /706	loss 0.5818 (0.5818)	accu 0.750 (0.750)	
Train Epoch-0   Iter-25 /706	loss 0.5678 (0.6821)	accu 0.750 (0.567)	
Train Epoch-0   Iter-50 /706	loss 0.2858 (0.6058)	accu 0.875 (0.645)	
Train Epoch-0   Iter-75 /706	loss 0.2741 (0.5681)	accu 1.000 (0.701)	
Train Epoch-0   Iter-100/706	loss 0.1477 (0.5080)	accu 1.000 (0.744)	
Train Epoch-0   Iter-125/706	loss 0.8806 (0.4708)	accu 0.750 (0.774)	
Train Epoch-0   Iter-150/706	loss 0.5377 (0.4458)	accu 0.875 (0.795)	
Train Epoch-0   Iter-175/706	loss 0.7983 (0.4243)	accu 0.750 (0.812)	
Train Epoch-0   Iter-200/706	loss 0.0959 (0.4151)	accu 1.000 (0.818)	
Train Epoch-0   Iter-225/706	loss 0.2855 (0.3987)	accu 0.875 (0.829)	
Train Epoch-0   Iter-250/706	loss 0.8459 (0.3833)	accu 0.625 (0.839)	
Train Epoch-0   Iter-275/706	loss 0.2251 (0.3866)	accu 1.000 (0.839)	
Train Epoch-0   Iter-300/706	loss 0.0431 (0.3709)	accu 1.000 (0.848)	
Train Epoch-0   Iter-325/706	loss 0.0500 (0.3567)	accu 1.000 (0.855)	
Train Epoch-0   Iter-350/706	loss 0.3363 (0.3497)	accu 0.875 (0.860)	
Train Epoch-0   Iter-375/706	loss 0.1049 (0.3416)	accu 1.000 (0.864)	
Train Epoch-0   Iter-400/706	loss 0.0818 (0.3373)	accu 1.000 (0.866)	
Train Epoch-0   Iter-425/706	loss 0.1166 (0.3286)	accu 0.875 (0.870)	
Train Epoch-0   Iter-450/706	loss 0.0381 (0.3224)	accu 1.000 (0.873)	
Train Epoch-0   Iter-475/706	loss 0.3815 (0.3181)	accu 0.875 (0.875)	
Train Epoch-0   Iter-500/706	loss 0.5593 (0.3122)	accu 0.875 (0.878)	
Train Epoch-0   Iter-525/706	loss 0.2421 (0.3039)	accu 0.875 (0.882)	
Train Epoch-0   Iter-550/706	loss 0.0976 (0.3020)	accu 1.000 (0.884)	
Train Epoch-0   Iter-575/706	loss 0.1469 (0.3003)	accu 1.000 (0.885)	
Train Epoch-0   Iter-600/706	loss 0.0215 (0.2962)	accu 1.000 (0.887)	
Train Epoch-0   Iter-625/706	loss 0.4339 (0.2950)	accu 0.875 (0.889)	
Train Epoch-0   Iter-650/706	loss 0.4515 (0.2949)	accu 0.750 (0.889)	
Train Epoch-0   Iter-675/706	loss 0.2860 (0.2978)	accu 0.875 (0.888)	
Train Epoch-0   Iter-700/706	loss 0.3329 (0.2956)	accu 0.875 (0.890)	
Eval Epoch-0   Iter-0  /52 	loss 1.2352 (1.2352)	accu 0.375 (0.375)	
Eval Epoch-0   Iter-25 /52 	loss 0.3891 (0.7219)	accu 0.750 (0.601)	
Eval Epoch-0   Iter-50 /52 	loss 1.9675 (0.9012)	accu 0.500 (0.625)	
Epoch-0   Train: loss 0.2955	accu 0.8895	Eval: loss 0.9102	accu 0.6250
Train Epoch-1   Iter-0  /706	loss 0.4544 (0.4544)	accu 0.750 (0.750)	
Train Epoch-1   Iter-25 /706	loss 0.1233 (0.2385)	accu 1.000 (0.913)	
Train Epoch-1   Iter-50 /706	loss 0.0158 (0.2130)	accu 1.000 (0.919)	
Train Epoch-1   Iter-75 /706	loss 0.0363 (0.2194)	accu 1.000 (0.913)	
Train Epoch-1   Iter-100/706	loss 0.0409 (0.2016)	accu 1.000 (0.920)	
Train Epoch-1   Iter-125/706	loss 0.5271 (0.1989)	accu 0.750 (0.924)	
Train Epoch-1   Iter-150/706	loss 0.0957 (0.2121)	accu 1.000 (0.917)	
Train Epoch-1   Iter-175/706	loss 0.0340 (0.2053)	accu 1.000 (0.920)	
Train Epoch-1   Iter-200/706	loss 0.0349 (0.2114)	accu 1.000 (0.921)	
Train Epoch-1   Iter-225/706	loss 0.2525 (0.2126)	accu 0.875 (0.923)	
Train Epoch-1   Iter-250/706	loss 0.4229 (0.2160)	accu 0.875 (0.921)	
Train Epoch-1   Iter-275/706	loss 0.0922 (0.2158)	accu 1.000 (0.922)	
Train Epoch-1   Iter-300/706	loss 0.3728 (0.2118)	accu 0.875 (0.924)	
Train Epoch-1   Iter-325/706	loss 0.2101 (0.2044)	accu 0.875 (0.927)	
Train Epoch-1   Iter-350/706	loss 0.0669 (0.2060)	accu 1.000 (0.927)	
Train Epoch-1   Iter-375/706	loss 0.0285 (0.1998)	accu 1.000 (0.930)	
Train Epoch-1   Iter-400/706	loss 0.0442 (0.1979)	accu 1.000 (0.931)	
Train Epoch-1   Iter-425/706	loss 0.0390 (0.2005)	accu 1.000 (0.930)	
Train Epoch-1   Iter-450/706	loss 0.0401 (0.2002)	accu 1.000 (0.930)	
Train Epoch-1   Iter-475/706	loss 0.0444 (0.1979)	accu 1.000 (0.930)	
Train Epoch-1   Iter-500/706	loss 0.1372 (0.1954)	accu 0.875 (0.931)	
Train Epoch-1   Iter-525/706	loss 0.0310 (0.1940)	accu 1.000 (0.931)	
Train Epoch-1   Iter-550/706	loss 0.0165 (0.1920)	accu 1.000 (0.931)	
Train Epoch-1   Iter-575/706	loss 0.0347 (0.1897)	accu 1.000 (0.932)	
Train Epoch-1   Iter-600/706	loss 0.1530 (0.1917)	accu 0.875 (0.932)	
Train Epoch-1   Iter-625/706	loss 0.3807 (0.1951)	accu 0.875 (0.932)	
Train Epoch-1   Iter-650/706	loss 0.2241 (0.1934)	accu 0.875 (0.932)	
Train Epoch-1   Iter-675/706	loss 0.6661 (0.1933)	accu 0.875 (0.932)	
Train Epoch-1   Iter-700/706	loss 0.1641 (0.1919)	accu 0.875 (0.933)	
Eval Epoch-1   Iter-0  /52 	loss 1.4118 (1.4118)	accu 0.375 (0.375)	
Eval Epoch-1   Iter-25 /52 	loss 0.2106 (1.0023)	accu 0.875 (0.668)	
Eval Epoch-1   Iter-50 /52 	loss 1.6186 (0.8653)	accu 0.500 (0.696)	
Epoch-1   Train: loss 0.1936	accu 0.9321	Eval: loss 0.8715	accu 0.6947
Train Epoch-2   Iter-0  /706	loss 0.4279 (0.4279)	accu 0.875 (0.875)	
Train Epoch-2   Iter-25 /706	loss 0.0902 (0.1225)	accu 1.000 (0.966)	
Train Epoch-2   Iter-50 /706	loss 0.0218 (0.1662)	accu 1.000 (0.946)	
Train Epoch-2   Iter-75 /706	loss 0.3253 (0.1695)	accu 0.875 (0.949)	
Train Epoch-2   Iter-100/706	loss 0.0374 (0.1785)	accu 1.000 (0.944)	
Train Epoch-2   Iter-125/706	loss 0.0270 (0.1571)	accu 1.000 (0.951)	
Train Epoch-2   Iter-150/706	loss 0.0343 (0.1691)	accu 1.000 (0.945)	
Train Epoch-2   Iter-175/706	loss 0.0665 (0.1745)	accu 1.000 (0.943)	
Train Epoch-2   Iter-200/706	loss 0.2342 (0.1793)	accu 0.875 (0.938)	
Train Epoch-2   Iter-225/706	loss 0.1948 (0.1847)	accu 0.875 (0.934)	
Train Epoch-2   Iter-250/706	loss 0.0692 (0.1877)	accu 1.000 (0.934)	
Train Epoch-2   Iter-275/706	loss 0.0281 (0.1823)	accu 1.000 (0.936)	
Train Epoch-2   Iter-300/706	loss 0.1487 (0.1796)	accu 1.000 (0.937)	
Train Epoch-2   Iter-325/706	loss 0.0379 (0.1771)	accu 1.000 (0.939)	
Train Epoch-2   Iter-350/706	loss 0.0162 (0.1737)	accu 1.000 (0.940)	
Train Epoch-2   Iter-375/706	loss 0.0117 (0.1697)	accu 1.000 (0.942)	
Train Epoch-2   Iter-400/706	loss 0.7164 (0.1722)	accu 0.875 (0.942)	
Train Epoch-2   Iter-425/706	loss 0.0233 (0.1725)	accu 1.000 (0.942)	
Train Epoch-2   Iter-450/706	loss 0.4531 (0.1730)	accu 0.875 (0.942)	
Train Epoch-2   Iter-475/706	loss 0.0959 (0.1726)	accu 1.000 (0.943)	
Train Epoch-2   Iter-500/706	loss 0.0173 (0.1724)	accu 1.000 (0.942)	
Train Epoch-2   Iter-525/706	loss 0.5601 (0.1731)	accu 0.875 (0.943)	
Train Epoch-2   Iter-550/706	loss 0.0554 (0.1699)	accu 1.000 (0.944)	
Train Epoch-2   Iter-575/706	loss 0.3743 (0.1727)	accu 0.875 (0.943)	
Train Epoch-2   Iter-600/706	loss 0.0620 (0.1765)	accu 1.000 (0.942)	
Train Epoch-2   Iter-625/706	loss 0.4036 (0.1754)	accu 0.875 (0.942)	
Train Epoch-2   Iter-650/706	loss 0.8741 (0.1765)	accu 0.625 (0.942)	
Train Epoch-2   Iter-675/706	loss 0.0782 (0.1835)	accu 1.000 (0.940)	
Train Epoch-2   Iter-700/706	loss 0.1657 (0.1838)	accu 0.875 (0.939)	
Eval Epoch-2   Iter-0  /52 	loss 1.9618 (1.9618)	accu 0.250 (0.250)	
Eval Epoch-2   Iter-25 /52 	loss 1.0981 (1.4235)	accu 0.625 (0.500)	
Eval Epoch-2   Iter-50 /52 	loss 0.4869 (1.0353)	accu 0.875 (0.637)	
Epoch-2   Train: loss 0.1836	accu 0.9389	Eval: loss 1.0165	accu 0.6442
Train Epoch-3   Iter-0  /706	loss 0.0373 (0.0373)	accu 1.000 (1.000)	
Train Epoch-3   Iter-25 /706	loss 0.0942 (0.2378)	accu 1.000 (0.923)	
Train Epoch-3   Iter-50 /706	loss 0.0722 (0.2356)	accu 1.000 (0.919)	
Train Epoch-3   Iter-75 /706	loss 0.3162 (0.2147)	accu 0.875 (0.929)	
Train Epoch-3   Iter-100/706	loss 0.0340 (0.2129)	accu 1.000 (0.932)	
Train Epoch-3   Iter-125/706	loss 0.2330 (0.2099)	accu 0.875 (0.929)	
Train Epoch-3   Iter-150/706	loss 0.0149 (0.1975)	accu 1.000 (0.935)	
Train Epoch-3   Iter-175/706	loss 0.0795 (0.2039)	accu 1.000 (0.931)	
Train Epoch-3   Iter-200/706	loss 0.1544 (0.2003)	accu 0.875 (0.932)	
Train Epoch-3   Iter-225/706	loss 0.8037 (0.1987)	accu 0.625 (0.930)	
Train Epoch-3   Iter-250/706	loss 0.0246 (0.1969)	accu 1.000 (0.931)	
Train Epoch-3   Iter-275/706	loss 0.1531 (0.2003)	accu 0.875 (0.928)	
Train Epoch-3   Iter-300/706	loss 0.0053 (0.1979)	accu 1.000 (0.929)	
Train Epoch-3   Iter-325/706	loss 0.0172 (0.1960)	accu 1.000 (0.930)	
Train Epoch-3   Iter-350/706	loss 0.0316 (0.1895)	accu 1.000 (0.933)	
Train Epoch-3   Iter-375/706	loss 0.0179 (0.1867)	accu 1.000 (0.934)	
Train Epoch-3   Iter-400/706	loss 0.1270 (0.1854)	accu 0.875 (0.934)	
Train Epoch-3   Iter-425/706	loss 0.0292 (0.1844)	accu 1.000 (0.935)	
Train Epoch-3   Iter-450/706	loss 0.0561 (0.1786)	accu 1.000 (0.938)	
Train Epoch-3   Iter-475/706	loss 0.0024 (0.1761)	accu 1.000 (0.938)	
Train Epoch-3   Iter-500/706	loss 0.0173 (0.1733)	accu 1.000 (0.939)	
Train Epoch-3   Iter-525/706	loss 0.0220 (0.1721)	accu 1.000 (0.940)	
Train Epoch-3   Iter-550/706	loss 0.0426 (0.1713)	accu 1.000 (0.940)	
Train Epoch-3   Iter-575/706	loss 0.0037 (0.1659)	accu 1.000 (0.941)	
Train Epoch-3   Iter-600/706	loss 0.1725 (0.1657)	accu 0.875 (0.941)	
Train Epoch-3   Iter-625/706	loss 0.0536 (0.1670)	accu 1.000 (0.940)	
Train Epoch-3   Iter-650/706	loss 0.0578 (0.1668)	accu 1.000 (0.941)	
Train Epoch-3   Iter-675/706	loss 0.1384 (0.1661)	accu 0.875 (0.941)	
Train Epoch-3   Iter-700/706	loss 0.1475 (0.1673)	accu 1.000 (0.941)	
Eval Epoch-3   Iter-0  /52 	loss 1.2062 (1.2062)	accu 0.500 (0.500)	
Eval Epoch-3   Iter-25 /52 	loss 0.4318 (0.7858)	accu 0.625 (0.697)	
Eval Epoch-3   Iter-50 /52 	loss 1.8968 (0.8333)	accu 0.500 (0.681)	
Epoch-3   Train: loss 0.1672	accu 0.9412	Eval: loss 0.8283	accu 0.6779
Train Epoch-4   Iter-0  /706	loss 0.1670 (0.1670)	accu 0.875 (0.875)	
Train Epoch-4   Iter-25 /706	loss 0.6480 (0.1781)	accu 0.875 (0.933)	
Train Epoch-4   Iter-50 /706	loss 0.0376 (0.1665)	accu 1.000 (0.936)	
Train Epoch-4   Iter-75 /706	loss 0.0178 (0.1600)	accu 1.000 (0.942)	
Train Epoch-4   Iter-100/706	loss 0.0125 (0.1649)	accu 1.000 (0.941)	
Train Epoch-4   Iter-125/706	loss 0.0578 (0.1674)	accu 1.000 (0.939)	
Train Epoch-4   Iter-150/706	loss 0.0150 (0.1540)	accu 1.000 (0.945)	
Train Epoch-4   Iter-175/706	loss 0.0225 (0.1485)	accu 1.000 (0.950)	
Train Epoch-4   Iter-200/706	loss 0.0444 (0.1450)	accu 1.000 (0.952)	
Train Epoch-4   Iter-225/706	loss 0.1020 (0.1507)	accu 1.000 (0.950)	
Train Epoch-4   Iter-250/706	loss 0.1329 (0.1462)	accu 0.875 (0.950)	
Train Epoch-4   Iter-275/706	loss 0.0060 (0.1409)	accu 1.000 (0.952)	
Train Epoch-4   Iter-300/706	loss 0.0729 (0.1429)	accu 1.000 (0.953)	
Train Epoch-4   Iter-325/706	loss 0.2435 (0.1426)	accu 0.875 (0.953)	
Train Epoch-4   Iter-350/706	loss 0.0238 (0.1440)	accu 1.000 (0.952)	
Train Epoch-4   Iter-375/706	loss 0.2815 (0.1431)	accu 0.875 (0.952)	
Train Epoch-4   Iter-400/706	loss 0.0371 (0.1406)	accu 1.000 (0.951)	
Train Epoch-4   Iter-425/706	loss 0.0172 (0.1445)	accu 1.000 (0.950)	
Train Epoch-4   Iter-450/706	loss 0.4263 (0.1435)	accu 0.875 (0.951)	
Train Epoch-4   Iter-475/706	loss 0.2023 (0.1465)	accu 1.000 (0.950)	
Train Epoch-4   Iter-500/706	loss 0.0315 (0.1476)	accu 1.000 (0.949)	
Train Epoch-4   Iter-525/706	loss 0.2604 (0.1442)	accu 0.875 (0.950)	
Train Epoch-4   Iter-550/706	loss 0.0723 (0.1457)	accu 1.000 (0.950)	
Train Epoch-4   Iter-575/706	loss 0.3437 (0.1450)	accu 0.875 (0.950)	
Train Epoch-4   Iter-600/706	loss 0.0510 (0.1460)	accu 1.000 (0.950)	
Train Epoch-4   Iter-625/706	loss 0.0172 (0.1467)	accu 1.000 (0.949)	
Train Epoch-4   Iter-650/706	loss 0.2045 (0.1467)	accu 0.875 (0.950)	
Train Epoch-4   Iter-675/706	loss 0.0993 (0.1489)	accu 1.000 (0.949)	
Train Epoch-4   Iter-700/706	loss 0.0463 (0.1470)	accu 1.000 (0.950)	
Eval Epoch-4   Iter-0  /52 	loss 2.3989 (2.3989)	accu 0.375 (0.375)	
Eval Epoch-4   Iter-25 /52 	loss 0.7219 (1.1547)	accu 0.750 (0.668)	
Eval Epoch-4   Iter-50 /52 	loss 0.8831 (1.0935)	accu 0.750 (0.703)	
Epoch-4   Train: loss 0.1474	accu 0.9495	Eval: loss 1.1353	accu 0.6947
Train Epoch-5   Iter-0  /706	loss 0.0150 (0.0150)	accu 1.000 (1.000)	
Train Epoch-5   Iter-25 /706	loss 0.0074 (0.1135)	accu 1.000 (0.962)	
Train Epoch-5   Iter-50 /706	loss 0.0408 (0.1483)	accu 1.000 (0.951)	
Train Epoch-5   Iter-75 /706	loss 0.2467 (0.1559)	accu 0.750 (0.942)	
Train Epoch-5   Iter-100/706	loss 0.4954 (0.1544)	accu 0.875 (0.943)	
Train Epoch-5   Iter-125/706	loss 0.0048 (0.1556)	accu 1.000 (0.941)	
Train Epoch-5   Iter-150/706	loss 0.0122 (0.1543)	accu 1.000 (0.944)	
Train Epoch-5   Iter-175/706	loss 0.0222 (0.1496)	accu 1.000 (0.945)	
Train Epoch-5   Iter-200/706	loss 0.2583 (0.1485)	accu 0.875 (0.944)	
Train Epoch-5   Iter-225/706	loss 0.0983 (0.1444)	accu 0.875 (0.947)	
Train Epoch-5   Iter-250/706	loss 0.8655 (0.1457)	accu 0.875 (0.948)	
Train Epoch-5   Iter-275/706	loss 0.0311 (0.1405)	accu 1.000 (0.951)	
Train Epoch-5   Iter-300/706	loss 0.0446 (0.1406)	accu 1.000 (0.951)	
Train Epoch-5   Iter-325/706	loss 0.0053 (0.1353)	accu 1.000 (0.952)	
Train Epoch-5   Iter-350/706	loss 0.0682 (0.1395)	accu 1.000 (0.951)	
Train Epoch-5   Iter-375/706	loss 0.0259 (0.1439)	accu 1.000 (0.949)	
Train Epoch-5   Iter-400/706	loss 0.0282 (0.1436)	accu 1.000 (0.950)	
Train Epoch-5   Iter-425/706	loss 0.2124 (0.1480)	accu 0.750 (0.948)	
Train Epoch-5   Iter-450/706	loss 0.0197 (0.1474)	accu 1.000 (0.948)	
Train Epoch-5   Iter-475/706	loss 0.1060 (0.1452)	accu 0.875 (0.949)	
Train Epoch-5   Iter-500/706	loss 0.0144 (0.1454)	accu 1.000 (0.949)	
Train Epoch-5   Iter-525/706	loss 0.1464 (0.1457)	accu 1.000 (0.948)	
Train Epoch-5   Iter-550/706	loss 0.1098 (0.1463)	accu 1.000 (0.948)	
Train Epoch-5   Iter-575/706	loss 0.4409 (0.1468)	accu 0.875 (0.948)	
Train Epoch-5   Iter-600/706	loss 0.0405 (0.1445)	accu 1.000 (0.949)	
Train Epoch-5   Iter-625/706	loss 0.0392 (0.1443)	accu 1.000 (0.949)	
Train Epoch-5   Iter-650/706	loss 0.2170 (0.1457)	accu 0.875 (0.948)	
Train Epoch-5   Iter-675/706	loss 0.0059 (0.1433)	accu 1.000 (0.949)	
Train Epoch-5   Iter-700/706	loss 0.7062 (0.1418)	accu 0.500 (0.950)	
Eval Epoch-5   Iter-0  /52 	loss 1.1701 (1.1701)	accu 0.375 (0.375)	
Eval Epoch-5   Iter-25 /52 	loss 0.0614 (0.6868)	accu 1.000 (0.688)	
Eval Epoch-5   Iter-50 /52 	loss 2.8928 (0.8176)	accu 0.500 (0.718)	
Epoch-5   Train: loss 0.1433	accu 0.9494	Eval: loss 0.8336	accu 0.7139
Train Epoch-6   Iter-0  /706	loss 0.1611 (0.1611)	accu 0.875 (0.875)	
Train Epoch-6   Iter-25 /706	loss 0.2285 (0.1580)	accu 0.875 (0.942)	
Train Epoch-6   Iter-50 /706	loss 0.0145 (0.1519)	accu 1.000 (0.949)	
Train Epoch-6   Iter-75 /706	loss 0.0163 (0.1464)	accu 1.000 (0.947)	
Train Epoch-6   Iter-100/706	loss 0.3368 (0.1408)	accu 0.875 (0.949)	
Train Epoch-6   Iter-125/706	loss 0.2313 (0.1390)	accu 0.875 (0.950)	
Train Epoch-6   Iter-150/706	loss 0.6402 (0.1337)	accu 0.750 (0.952)	
Train Epoch-6   Iter-175/706	loss 0.2734 (0.1302)	accu 0.875 (0.955)	
Train Epoch-6   Iter-200/706	loss 0.2265 (0.1279)	accu 0.875 (0.955)	
Train Epoch-6   Iter-225/706	loss 0.0098 (0.1249)	accu 1.000 (0.956)	
Train Epoch-6   Iter-250/706	loss 0.0349 (0.1201)	accu 1.000 (0.957)	
Train Epoch-6   Iter-275/706	loss 0.6737 (0.1194)	accu 0.875 (0.957)	
Train Epoch-6   Iter-300/706	loss 0.1246 (0.1203)	accu 1.000 (0.957)	
Train Epoch-6   Iter-325/706	loss 0.1526 (0.1240)	accu 1.000 (0.955)	
Train Epoch-6   Iter-350/706	loss 0.3690 (0.1238)	accu 0.875 (0.956)	
Train Epoch-6   Iter-375/706	loss 0.0118 (0.1210)	accu 1.000 (0.956)	
Train Epoch-6   Iter-400/706	loss 0.1229 (0.1203)	accu 0.875 (0.957)	
Train Epoch-6   Iter-425/706	loss 0.0862 (0.1238)	accu 1.000 (0.956)	
Train Epoch-6   Iter-450/706	loss 0.0243 (0.1235)	accu 1.000 (0.956)	
Train Epoch-6   Iter-475/706	loss 0.0377 (0.1226)	accu 1.000 (0.956)	
Train Epoch-6   Iter-500/706	loss 0.0851 (0.1198)	accu 1.000 (0.958)	
Train Epoch-6   Iter-525/706	loss 0.4083 (0.1205)	accu 0.875 (0.957)	
Train Epoch-6   Iter-550/706	loss 0.0277 (0.1185)	accu 1.000 (0.958)	
Train Epoch-6   Iter-575/706	loss 0.0086 (0.1205)	accu 1.000 (0.957)	
Train Epoch-6   Iter-600/706	loss 0.3259 (0.1228)	accu 0.750 (0.956)	
Train Epoch-6   Iter-625/706	loss 0.0381 (0.1237)	accu 1.000 (0.956)	
Train Epoch-6   Iter-650/706	loss 0.2578 (0.1258)	accu 0.875 (0.955)	
Train Epoch-6   Iter-675/706	loss 0.1388 (0.1245)	accu 0.875 (0.955)	
Train Epoch-6   Iter-700/706	loss 0.0028 (0.1243)	accu 1.000 (0.955)	
Eval Epoch-6   Iter-0  /52 	loss 2.2006 (2.2006)	accu 0.500 (0.500)	
Eval Epoch-6   Iter-25 /52 	loss 0.5402 (1.6500)	accu 0.625 (0.500)	
Eval Epoch-6   Iter-50 /52 	loss 0.0935 (1.1735)	accu 1.000 (0.647)	
Epoch-6   Train: loss 0.1251	accu 0.9546	Eval: loss 1.1649	accu 0.6514
Train Epoch-7   Iter-0  /706	loss 0.0108 (0.0108)	accu 1.000 (1.000)	
Train Epoch-7   Iter-25 /706	loss 0.0968 (0.1106)	accu 1.000 (0.952)	
Train Epoch-7   Iter-50 /706	loss 0.0448 (0.1044)	accu 1.000 (0.956)	
Train Epoch-7   Iter-75 /706	loss 0.0040 (0.1073)	accu 1.000 (0.956)	
Train Epoch-7   Iter-100/706	loss 0.0529 (0.1327)	accu 1.000 (0.947)	
Train Epoch-7   Iter-125/706	loss 0.2324 (0.1501)	accu 0.875 (0.938)	
Train Epoch-7   Iter-150/706	loss 0.7468 (0.1425)	accu 0.875 (0.944)	
Train Epoch-7   Iter-175/706	loss 0.2590 (0.1381)	accu 0.875 (0.946)	
Train Epoch-7   Iter-200/706	loss 0.1977 (0.1365)	accu 0.875 (0.946)	
Train Epoch-7   Iter-225/706	loss 0.0587 (0.1335)	accu 1.000 (0.947)	
Train Epoch-7   Iter-250/706	loss 0.1902 (0.1353)	accu 0.875 (0.946)	
Train Epoch-7   Iter-275/706	loss 0.0322 (0.1307)	accu 1.000 (0.947)	
Train Epoch-7   Iter-300/706	loss 0.0041 (0.1249)	accu 1.000 (0.949)	
Train Epoch-7   Iter-325/706	loss 0.3271 (0.1212)	accu 0.750 (0.950)	
Train Epoch-7   Iter-350/706	loss 0.0187 (0.1206)	accu 1.000 (0.951)	
Train Epoch-7   Iter-375/706	loss 0.3932 (0.1198)	accu 0.875 (0.951)	
Train Epoch-7   Iter-400/706	loss 0.7751 (0.1193)	accu 0.750 (0.952)	
Train Epoch-7   Iter-425/706	loss 0.4391 (0.1246)	accu 0.875 (0.950)	
Train Epoch-7   Iter-450/706	loss 0.0566 (0.1263)	accu 1.000 (0.950)	
Train Epoch-7   Iter-475/706	loss 0.3637 (0.1245)	accu 0.750 (0.951)	
Train Epoch-7   Iter-500/706	loss 0.0526 (0.1268)	accu 1.000 (0.950)	
Train Epoch-7   Iter-525/706	loss 0.3560 (0.1298)	accu 0.750 (0.948)	
Train Epoch-7   Iter-550/706	loss 0.1764 (0.1292)	accu 0.875 (0.949)	
Train Epoch-7   Iter-575/706	loss 0.0063 (0.1281)	accu 1.000 (0.949)	
Train Epoch-7   Iter-600/706	loss 0.0954 (0.1263)	accu 1.000 (0.950)	
Train Epoch-7   Iter-625/706	loss 0.0145 (0.1268)	accu 1.000 (0.950)	
Train Epoch-7   Iter-650/706	loss 0.1110 (0.1243)	accu 0.875 (0.951)	
Train Epoch-7   Iter-675/706	loss 0.1010 (0.1233)	accu 1.000 (0.952)	
Train Epoch-7   Iter-700/706	loss 0.0320 (0.1211)	accu 1.000 (0.953)	
Eval Epoch-7   Iter-0  /52 	loss 2.1449 (2.1449)	accu 0.500 (0.500)	
Eval Epoch-7   Iter-25 /52 	loss 0.5374 (1.3638)	accu 0.875 (0.601)	
Eval Epoch-7   Iter-50 /52 	loss 0.0596 (1.2288)	accu 1.000 (0.691)	
Epoch-7   Train: loss 0.1207	accu 0.9531	Eval: loss 1.2403	accu 0.6923
Train Epoch-8   Iter-0  /706	loss 0.0056 (0.0056)	accu 1.000 (1.000)	
Train Epoch-8   Iter-25 /706	loss 0.0019 (0.0717)	accu 1.000 (0.981)	
Train Epoch-8   Iter-50 /706	loss 0.0018 (0.0701)	accu 1.000 (0.971)	
Train Epoch-8   Iter-75 /706	loss 0.0053 (0.0816)	accu 1.000 (0.969)	
Train Epoch-8   Iter-100/706	loss 0.0114 (0.0839)	accu 1.000 (0.970)	
Train Epoch-8   Iter-125/706	loss 0.2189 (0.0862)	accu 0.875 (0.965)	
Train Epoch-8   Iter-150/706	loss 0.4551 (0.1019)	accu 0.875 (0.961)	
Train Epoch-8   Iter-175/706	loss 0.0529 (0.1114)	accu 1.000 (0.957)	
Train Epoch-8   Iter-200/706	loss 0.0399 (0.1188)	accu 1.000 (0.954)	
Train Epoch-8   Iter-225/706	loss 0.0210 (0.1158)	accu 1.000 (0.956)	
Train Epoch-8   Iter-250/706	loss 0.0146 (0.1086)	accu 1.000 (0.959)	
Train Epoch-8   Iter-275/706	loss 0.0194 (0.1134)	accu 1.000 (0.958)	
Train Epoch-8   Iter-300/706	loss 0.1525 (0.1172)	accu 0.875 (0.956)	
Train Epoch-8   Iter-325/706	loss 0.0346 (0.1150)	accu 1.000 (0.957)	
Train Epoch-8   Iter-350/706	loss 0.0696 (0.1158)	accu 1.000 (0.957)	
Train Epoch-8   Iter-375/706	loss 0.1715 (0.1138)	accu 0.875 (0.957)	
Train Epoch-8   Iter-400/706	loss 0.1705 (0.1153)	accu 0.875 (0.957)	
Train Epoch-8   Iter-425/706	loss 0.0745 (0.1160)	accu 1.000 (0.957)	
Train Epoch-8   Iter-450/706	loss 0.0536 (0.1154)	accu 1.000 (0.956)	
Train Epoch-8   Iter-475/706	loss 0.0539 (0.1170)	accu 1.000 (0.956)	
Train Epoch-8   Iter-500/706	loss 0.4267 (0.1194)	accu 0.875 (0.956)	
Train Epoch-8   Iter-525/706	loss 0.1134 (0.1180)	accu 0.875 (0.957)	
Train Epoch-8   Iter-550/706	loss 0.0086 (0.1154)	accu 1.000 (0.958)	
Train Epoch-8   Iter-575/706	loss 0.0226 (0.1187)	accu 1.000 (0.956)	
Train Epoch-8   Iter-600/706	loss 0.1103 (0.1192)	accu 0.875 (0.956)	
Train Epoch-8   Iter-625/706	loss 0.0414 (0.1199)	accu 1.000 (0.956)	
Train Epoch-8   Iter-650/706	loss 0.0119 (0.1203)	accu 1.000 (0.956)	
Train Epoch-8   Iter-675/706	loss 0.0606 (0.1203)	accu 1.000 (0.956)	
Train Epoch-8   Iter-700/706	loss 0.0050 (0.1198)	accu 1.000 (0.956)	
Eval Epoch-8   Iter-0  /52 	loss 0.5692 (0.5692)	accu 0.750 (0.750)	
Eval Epoch-8   Iter-25 /52 	loss 0.4414 (0.8735)	accu 0.875 (0.750)	
Eval Epoch-8   Iter-50 /52 	loss 1.6510 (0.8881)	accu 0.625 (0.743)	
Epoch-8   Train: loss 0.1192	accu 0.9561	Eval: loss 0.9187	accu 0.7356
Train Epoch-9   Iter-0  /706	loss 0.1142 (0.1142)	accu 0.875 (0.875)	
Train Epoch-9   Iter-25 /706	loss 0.1042 (0.1071)	accu 1.000 (0.966)	
Train Epoch-9   Iter-50 /706	loss 0.4904 (0.1276)	accu 0.875 (0.953)	
Train Epoch-9   Iter-75 /706	loss 0.0148 (0.1270)	accu 1.000 (0.954)	
Train Epoch-9   Iter-100/706	loss 0.0882 (0.1215)	accu 1.000 (0.957)	
Train Epoch-9   Iter-125/706	loss 0.8396 (0.1230)	accu 0.500 (0.952)	
Train Epoch-9   Iter-150/706	loss 0.0698 (0.1258)	accu 1.000 (0.952)	
Train Epoch-9   Iter-175/706	loss 0.1501 (0.1312)	accu 0.875 (0.950)	
Train Epoch-9   Iter-200/706	loss 0.1329 (0.1311)	accu 0.875 (0.948)	
Train Epoch-9   Iter-225/706	loss 0.0028 (0.1256)	accu 1.000 (0.949)	
Train Epoch-9   Iter-250/706	loss 0.0193 (0.1240)	accu 1.000 (0.950)	
Train Epoch-9   Iter-275/706	loss 0.0283 (0.1202)	accu 1.000 (0.950)	
Train Epoch-9   Iter-300/706	loss 0.0021 (0.1180)	accu 1.000 (0.952)	
Train Epoch-9   Iter-325/706	loss 0.1367 (0.1168)	accu 0.875 (0.952)	
Train Epoch-9   Iter-350/706	loss 0.0772 (0.1160)	accu 1.000 (0.952)	
Train Epoch-9   Iter-375/706	loss 0.1018 (0.1199)	accu 1.000 (0.951)	
Train Epoch-9   Iter-400/706	loss 0.0564 (0.1198)	accu 1.000 (0.952)	
Train Epoch-9   Iter-425/706	loss 0.0203 (0.1164)	accu 1.000 (0.954)	
Train Epoch-9   Iter-450/706	loss 0.1043 (0.1162)	accu 1.000 (0.954)	
Train Epoch-9   Iter-475/706	loss 0.0068 (0.1137)	accu 1.000 (0.955)	
Train Epoch-9   Iter-500/706	loss 0.6542 (0.1156)	accu 0.750 (0.954)	
Train Epoch-9   Iter-525/706	loss 0.1719 (0.1156)	accu 0.875 (0.955)	
Train Epoch-9   Iter-550/706	loss 0.0075 (0.1157)	accu 1.000 (0.954)	
Train Epoch-9   Iter-575/706	loss 0.0402 (0.1145)	accu 1.000 (0.955)	
Train Epoch-9   Iter-600/706	loss 0.7009 (0.1129)	accu 0.875 (0.955)	
Train Epoch-9   Iter-625/706	loss 0.5934 (0.1140)	accu 0.875 (0.955)	
Train Epoch-9   Iter-650/706	loss 0.2633 (0.1125)	accu 0.875 (0.955)	
Train Epoch-9   Iter-675/706	loss 0.0131 (0.1113)	accu 1.000 (0.956)	
Train Epoch-9   Iter-700/706	loss 0.0532 (0.1106)	accu 1.000 (0.956)	
Eval Epoch-9   Iter-0  /52 	loss 0.4369 (0.4369)	accu 0.750 (0.750)	
Eval Epoch-9   Iter-25 /52 	loss 1.1826 (0.9618)	accu 0.750 (0.692)	
Eval Epoch-9   Iter-50 /52 	loss 4.2421 (1.1351)	accu 0.500 (0.728)	
Epoch-9   Train: loss 0.1100	accu 0.9564	Eval: loss 1.1793	accu 0.7236
Epoch    10: reducing learning rate of group 0 to 3.0000e-05.
Train Epoch-10  Iter-0  /706	loss 0.0633 (0.0633)	accu 1.000 (1.000)	
Train Epoch-10  Iter-25 /706	loss 0.0123 (0.1150)	accu 1.000 (0.962)	
Train Epoch-10  Iter-50 /706	loss 0.3279 (0.1241)	accu 0.875 (0.966)	
Train Epoch-10  Iter-75 /706	loss 0.0061 (0.1170)	accu 1.000 (0.962)	
Train Epoch-10  Iter-100/706	loss 0.2502 (0.1077)	accu 0.875 (0.965)	
Train Epoch-10  Iter-125/706	loss 0.0027 (0.1013)	accu 1.000 (0.964)	
Train Epoch-10  Iter-150/706	loss 0.0271 (0.0954)	accu 1.000 (0.964)	
Train Epoch-10  Iter-175/706	loss 0.0047 (0.0931)	accu 1.000 (0.967)	
Train Epoch-10  Iter-200/706	loss 0.0037 (0.0949)	accu 1.000 (0.966)	
Train Epoch-10  Iter-225/706	loss 0.2093 (0.0952)	accu 0.875 (0.966)	
Train Epoch-10  Iter-250/706	loss 0.0273 (0.0929)	accu 1.000 (0.967)	
Train Epoch-10  Iter-275/706	loss 0.5337 (0.0925)	accu 0.875 (0.967)	
Train Epoch-10  Iter-300/706	loss 0.0022 (0.0904)	accu 1.000 (0.967)	
Train Epoch-10  Iter-325/706	loss 0.0749 (0.0900)	accu 1.000 (0.966)	
Train Epoch-10  Iter-350/706	loss 0.0020 (0.0924)	accu 1.000 (0.965)	
Train Epoch-10  Iter-375/706	loss 0.1227 (0.0943)	accu 0.875 (0.965)	
Train Epoch-10  Iter-400/706	loss 0.2956 (0.0929)	accu 0.875 (0.966)	
Train Epoch-10  Iter-425/706	loss 0.0306 (0.0933)	accu 1.000 (0.966)	
Train Epoch-10  Iter-450/706	loss 0.0074 (0.0962)	accu 1.000 (0.965)	
Train Epoch-10  Iter-475/706	loss 0.0373 (0.0948)	accu 1.000 (0.965)	
Train Epoch-10  Iter-500/706	loss 0.0033 (0.0925)	accu 1.000 (0.966)	
Train Epoch-10  Iter-525/706	loss 0.8052 (0.0955)	accu 0.625 (0.965)	
Train Epoch-10  Iter-550/706	loss 0.1058 (0.0945)	accu 1.000 (0.965)	
Train Epoch-10  Iter-575/706	loss 0.0220 (0.0938)	accu 1.000 (0.966)	
Train Epoch-10  Iter-600/706	loss 0.0025 (0.0927)	accu 1.000 (0.966)	
Train Epoch-10  Iter-625/706	loss 0.0011 (0.0912)	accu 1.000 (0.966)	
Train Epoch-10  Iter-650/706	loss 0.0288 (0.0915)	accu 1.000 (0.966)	
Train Epoch-10  Iter-675/706	loss 0.0052 (0.0905)	accu 1.000 (0.967)	
Train Epoch-10  Iter-700/706	loss 0.0030 (0.0896)	accu 1.000 (0.967)	
Eval Epoch-10  Iter-0  /52 	loss 0.5224 (0.5224)	accu 0.750 (0.750)	
Eval Epoch-10  Iter-25 /52 	loss 1.2775 (1.1873)	accu 0.750 (0.678)	
Eval Epoch-10  Iter-50 /52 	loss 3.8594 (1.1083)	accu 0.500 (0.733)	
Epoch-10  Train: loss 0.0894	accu 0.9672	Eval: loss 1.1368	accu 0.7284
Train Epoch-11  Iter-0  /706	loss 0.1328 (0.1328)	accu 0.875 (0.875)	
Train Epoch-11  Iter-25 /706	loss 0.1859 (0.1179)	accu 0.875 (0.957)	
Train Epoch-11  Iter-50 /706	loss 0.2427 (0.0996)	accu 0.875 (0.968)	
Train Epoch-11  Iter-75 /706	loss 0.0102 (0.0964)	accu 1.000 (0.967)	
Train Epoch-11  Iter-100/706	loss 0.0329 (0.0872)	accu 1.000 (0.970)	
Train Epoch-11  Iter-125/706	loss 0.0302 (0.0942)	accu 1.000 (0.967)	
Train Epoch-11  Iter-150/706	loss 0.0224 (0.0881)	accu 1.000 (0.968)	
Train Epoch-11  Iter-175/706	loss 0.0301 (0.0905)	accu 1.000 (0.966)	
Train Epoch-11  Iter-200/706	loss 0.0058 (0.0880)	accu 1.000 (0.966)	
Train Epoch-11  Iter-225/706	loss 0.0018 (0.0912)	accu 1.000 (0.966)	
Train Epoch-11  Iter-250/706	loss 0.0093 (0.0924)	accu 1.000 (0.967)	
Train Epoch-11  Iter-275/706	loss 0.0053 (0.0911)	accu 1.000 (0.967)	
Train Epoch-11  Iter-300/706	loss 0.0902 (0.0901)	accu 1.000 (0.967)	
Train Epoch-11  Iter-325/706	loss 0.0280 (0.0883)	accu 1.000 (0.967)	
Train Epoch-11  Iter-350/706	loss 0.1129 (0.0873)	accu 0.875 (0.967)	
Train Epoch-11  Iter-375/706	loss 0.0025 (0.0867)	accu 1.000 (0.967)	
Train Epoch-11  Iter-400/706	loss 0.0084 (0.0862)	accu 1.000 (0.967)	
Train Epoch-11  Iter-425/706	loss 0.0210 (0.0878)	accu 1.000 (0.967)	
Train Epoch-11  Iter-450/706	loss 0.0264 (0.0867)	accu 1.000 (0.967)	
Train Epoch-11  Iter-475/706	loss 0.0405 (0.0870)	accu 1.000 (0.968)	
Train Epoch-11  Iter-500/706	loss 0.0132 (0.0855)	accu 1.000 (0.969)	
Train Epoch-11  Iter-525/706	loss 0.1914 (0.0842)	accu 0.875 (0.969)	
Train Epoch-11  Iter-550/706	loss 0.0119 (0.0823)	accu 1.000 (0.970)	
Train Epoch-11  Iter-575/706	loss 0.0881 (0.0809)	accu 1.000 (0.971)	
Train Epoch-11  Iter-600/706	loss 0.1347 (0.0810)	accu 1.000 (0.971)	
Train Epoch-11  Iter-625/706	loss 0.0220 (0.0814)	accu 1.000 (0.970)	
Train Epoch-11  Iter-650/706	loss 0.1020 (0.0806)	accu 0.875 (0.970)	
Train Epoch-11  Iter-675/706	loss 0.0463 (0.0839)	accu 1.000 (0.969)	
Train Epoch-11  Iter-700/706	loss 0.1764 (0.0839)	accu 0.875 (0.969)	
Eval Epoch-11  Iter-0  /52 	loss 0.3625 (0.3625)	accu 0.750 (0.750)	
Eval Epoch-11  Iter-25 /52 	loss 0.5522 (0.7394)	accu 0.875 (0.721)	
Eval Epoch-11  Iter-50 /52 	loss 4.1144 (0.9444)	accu 0.500 (0.740)	
Epoch-11  Train: loss 0.0837	accu 0.9690	Eval: loss 0.9941	accu 0.7356
Train Epoch-12  Iter-0  /706	loss 0.0074 (0.0074)	accu 1.000 (1.000)	
Train Epoch-12  Iter-25 /706	loss 0.0042 (0.0780)	accu 1.000 (0.966)	
Train Epoch-12  Iter-50 /706	loss 0.1102 (0.0846)	accu 1.000 (0.963)	
Train Epoch-12  Iter-75 /706	loss 0.0441 (0.0882)	accu 1.000 (0.964)	
Train Epoch-12  Iter-100/706	loss 0.2707 (0.1031)	accu 0.875 (0.959)	
Train Epoch-12  Iter-125/706	loss 0.0014 (0.0989)	accu 1.000 (0.960)	
Train Epoch-12  Iter-150/706	loss 0.0022 (0.0965)	accu 1.000 (0.963)	
Train Epoch-12  Iter-175/706	loss 0.0338 (0.0905)	accu 1.000 (0.966)	
Train Epoch-12  Iter-200/706	loss 0.0003 (0.0864)	accu 1.000 (0.967)	
Train Epoch-12  Iter-225/706	loss 0.1209 (0.0842)	accu 1.000 (0.968)	
Train Epoch-12  Iter-250/706	loss 0.1236 (0.0793)	accu 0.875 (0.971)	
Train Epoch-12  Iter-275/706	loss 0.0016 (0.0825)	accu 1.000 (0.970)	
Train Epoch-12  Iter-300/706	loss 0.0123 (0.0836)	accu 1.000 (0.969)	
Train Epoch-12  Iter-325/706	loss 0.2857 (0.0868)	accu 0.875 (0.968)	
Train Epoch-12  Iter-350/706	loss 0.0026 (0.0859)	accu 1.000 (0.968)	
Train Epoch-12  Iter-375/706	loss 0.0686 (0.0845)	accu 1.000 (0.969)	
Train Epoch-12  Iter-400/706	loss 0.5153 (0.0826)	accu 0.875 (0.970)	
Train Epoch-12  Iter-425/706	loss 0.1644 (0.0823)	accu 0.875 (0.970)	
Train Epoch-12  Iter-450/706	loss 0.0018 (0.0810)	accu 1.000 (0.970)	
Train Epoch-12  Iter-475/706	loss 0.0778 (0.0819)	accu 1.000 (0.970)	
Train Epoch-12  Iter-500/706	loss 0.0164 (0.0812)	accu 1.000 (0.971)	
Train Epoch-12  Iter-525/706	loss 0.0028 (0.0803)	accu 1.000 (0.971)	
Train Epoch-12  Iter-550/706	loss 0.4953 (0.0798)	accu 0.750 (0.971)	
Train Epoch-12  Iter-575/706	loss 0.0035 (0.0806)	accu 1.000 (0.971)	
Train Epoch-12  Iter-600/706	loss 0.0273 (0.0801)	accu 1.000 (0.971)	
Train Epoch-12  Iter-625/706	loss 0.0110 (0.0797)	accu 1.000 (0.971)	
Train Epoch-12  Iter-650/706	loss 0.6432 (0.0811)	accu 0.875 (0.971)	
Train Epoch-12  Iter-675/706	loss 0.0784 (0.0800)	accu 1.000 (0.972)	
Train Epoch-12  Iter-700/706	loss 0.0086 (0.0789)	accu 1.000 (0.972)	
Eval Epoch-12  Iter-0  /52 	loss 0.5742 (0.5742)	accu 0.625 (0.625)	
Eval Epoch-12  Iter-25 /52 	loss 0.7388 (1.0328)	accu 0.750 (0.678)	
Eval Epoch-12  Iter-50 /52 	loss 3.9299 (1.0661)	accu 0.500 (0.721)	
Epoch-12  Train: loss 0.0795	accu 0.9720	Eval: loss 1.0901	accu 0.7163
Train Epoch-13  Iter-0  /706	loss 0.2051 (0.2051)	accu 0.875 (0.875)	
Train Epoch-13  Iter-25 /706	loss 0.0115 (0.0656)	accu 1.000 (0.981)	
Train Epoch-13  Iter-50 /706	loss 0.0179 (0.0780)	accu 1.000 (0.975)	
Train Epoch-13  Iter-75 /706	loss 0.0117 (0.0878)	accu 1.000 (0.970)	
Train Epoch-13  Iter-100/706	loss 0.0223 (0.0819)	accu 1.000 (0.972)	
Train Epoch-13  Iter-125/706	loss 0.0146 (0.0786)	accu 1.000 (0.970)	
Train Epoch-13  Iter-150/706	loss 0.0205 (0.0755)	accu 1.000 (0.969)	
Train Epoch-13  Iter-175/706	loss 0.1474 (0.0824)	accu 0.875 (0.964)	
Train Epoch-13  Iter-200/706	loss 0.2394 (0.0768)	accu 0.875 (0.968)	
Train Epoch-13  Iter-225/706	loss 0.0022 (0.0768)	accu 1.000 (0.967)	
Train Epoch-13  Iter-250/706	loss 0.0004 (0.0781)	accu 1.000 (0.968)	
Train Epoch-13  Iter-275/706	loss 0.0017 (0.0792)	accu 1.000 (0.968)	
Train Epoch-13  Iter-300/706	loss 0.0137 (0.0794)	accu 1.000 (0.968)	
Train Epoch-13  Iter-325/706	loss 0.0156 (0.0789)	accu 1.000 (0.970)	
Train Epoch-13  Iter-350/706	loss 0.0073 (0.0781)	accu 1.000 (0.971)	
Train Epoch-13  Iter-375/706	loss 0.0466 (0.0766)	accu 1.000 (0.972)	
Train Epoch-13  Iter-400/706	loss 0.0015 (0.0779)	accu 1.000 (0.971)	
Train Epoch-13  Iter-425/706	loss 0.0096 (0.0761)	accu 1.000 (0.972)	
Train Epoch-13  Iter-450/706	loss 0.0451 (0.0758)	accu 1.000 (0.971)	
Train Epoch-13  Iter-475/706	loss 0.0115 (0.0748)	accu 1.000 (0.971)	
Train Epoch-13  Iter-500/706	loss 0.0183 (0.0747)	accu 1.000 (0.971)	
Train Epoch-13  Iter-525/706	loss 0.1154 (0.0747)	accu 1.000 (0.972)	
Train Epoch-13  Iter-550/706	loss 0.0006 (0.0743)	accu 1.000 (0.972)	
Train Epoch-13  Iter-575/706	loss 0.1258 (0.0729)	accu 0.875 (0.972)	
Train Epoch-13  Iter-600/706	loss 0.0377 (0.0723)	accu 1.000 (0.973)	
Train Epoch-13  Iter-625/706	loss 0.1547 (0.0725)	accu 0.875 (0.973)	
Train Epoch-13  Iter-650/706	loss 0.0037 (0.0709)	accu 1.000 (0.974)	
Train Epoch-13  Iter-675/706	loss 0.0745 (0.0731)	accu 1.000 (0.973)	
Train Epoch-13  Iter-700/706	loss 0.0359 (0.0733)	accu 1.000 (0.973)	
Eval Epoch-13  Iter-0  /52 	loss 0.6019 (0.6019)	accu 0.625 (0.625)	
Eval Epoch-13  Iter-25 /52 	loss 1.1237 (1.0724)	accu 0.750 (0.692)	
Eval Epoch-13  Iter-50 /52 	loss 4.0043 (1.1493)	accu 0.500 (0.728)	
Epoch-13  Train: loss 0.0736	accu 0.9733	Eval: loss 1.1935	accu 0.7236
Train Epoch-14  Iter-0  /706	loss 0.0438 (0.0438)	accu 1.000 (1.000)	
Train Epoch-14  Iter-25 /706	loss 0.1113 (0.0646)	accu 0.875 (0.976)	
Train Epoch-14  Iter-50 /706	loss 0.0011 (0.0690)	accu 1.000 (0.973)	
Train Epoch-14  Iter-75 /706	loss 0.0080 (0.0655)	accu 1.000 (0.975)	
Train Epoch-14  Iter-100/706	loss 0.0029 (0.0590)	accu 1.000 (0.976)	
Train Epoch-14  Iter-125/706	loss 0.1700 (0.0641)	accu 0.875 (0.975)	
Train Epoch-14  Iter-150/706	loss 0.0017 (0.0612)	accu 1.000 (0.975)	
Train Epoch-14  Iter-175/706	loss 0.0308 (0.0585)	accu 1.000 (0.977)	
Train Epoch-14  Iter-200/706	loss 0.0381 (0.0602)	accu 1.000 (0.976)	
Train Epoch-14  Iter-225/706	loss 0.0284 (0.0593)	accu 1.000 (0.975)	
Train Epoch-14  Iter-250/706	loss 0.0014 (0.0624)	accu 1.000 (0.975)	
Train Epoch-14  Iter-275/706	loss 0.0073 (0.0651)	accu 1.000 (0.974)	
Train Epoch-14  Iter-300/706	loss 0.0022 (0.0665)	accu 1.000 (0.974)	
Train Epoch-14  Iter-325/706	loss 0.0129 (0.0666)	accu 1.000 (0.974)	
Train Epoch-14  Iter-350/706	loss 0.0384 (0.0659)	accu 1.000 (0.974)	
Train Epoch-14  Iter-375/706	loss 0.0036 (0.0691)	accu 1.000 (0.972)	
Train Epoch-14  Iter-400/706	loss 0.0171 (0.0692)	accu 1.000 (0.973)	
Train Epoch-14  Iter-425/706	loss 0.0009 (0.0691)	accu 1.000 (0.973)	
Train Epoch-14  Iter-450/706	loss 0.0838 (0.0711)	accu 1.000 (0.973)	
Train Epoch-14  Iter-475/706	loss 0.0158 (0.0740)	accu 1.000 (0.972)	
Train Epoch-14  Iter-500/706	loss 0.0298 (0.0731)	accu 1.000 (0.973)	
Train Epoch-14  Iter-525/706	loss 0.0638 (0.0720)	accu 1.000 (0.974)	
Train Epoch-14  Iter-550/706	loss 0.0477 (0.0729)	accu 1.000 (0.974)	
Train Epoch-14  Iter-575/706	loss 0.0018 (0.0720)	accu 1.000 (0.974)	
Train Epoch-14  Iter-600/706	loss 0.0226 (0.0735)	accu 1.000 (0.974)	
Train Epoch-14  Iter-625/706	loss 0.3406 (0.0736)	accu 0.875 (0.974)	
Train Epoch-14  Iter-650/706	loss 0.1728 (0.0731)	accu 0.875 (0.974)	
Train Epoch-14  Iter-675/706	loss 0.0362 (0.0713)	accu 1.000 (0.974)	
Train Epoch-14  Iter-700/706	loss 0.0016 (0.0715)	accu 1.000 (0.974)	
Eval Epoch-14  Iter-0  /52 	loss 1.1518 (1.1518)	accu 0.625 (0.625)	
Eval Epoch-14  Iter-25 /52 	loss 1.4244 (1.2513)	accu 0.750 (0.697)	
Eval Epoch-14  Iter-50 /52 	loss 3.8647 (1.2343)	accu 0.500 (0.743)	
Epoch-14  Train: loss 0.0712	accu 0.9743	Eval: loss 1.2539	accu 0.7380
Train Epoch-15  Iter-0  /706	loss 0.0208 (0.0208)	accu 1.000 (1.000)	
Train Epoch-15  Iter-25 /706	loss 0.0031 (0.1019)	accu 1.000 (0.966)	
Train Epoch-15  Iter-50 /706	loss 0.1407 (0.0868)	accu 0.875 (0.968)	
Train Epoch-15  Iter-75 /706	loss 0.0898 (0.0883)	accu 0.875 (0.962)	
Train Epoch-15  Iter-100/706	loss 0.0074 (0.0796)	accu 1.000 (0.967)	
Train Epoch-15  Iter-125/706	loss 0.0039 (0.0744)	accu 1.000 (0.968)	
Train Epoch-15  Iter-150/706	loss 0.1904 (0.0701)	accu 0.875 (0.969)	
Train Epoch-15  Iter-175/706	loss 0.0052 (0.0664)	accu 1.000 (0.972)	
Train Epoch-15  Iter-200/706	loss 0.0218 (0.0681)	accu 1.000 (0.972)	
Train Epoch-15  Iter-225/706	loss 0.0023 (0.0651)	accu 1.000 (0.973)	
Train Epoch-15  Iter-250/706	loss 0.0005 (0.0644)	accu 1.000 (0.974)	
Train Epoch-15  Iter-275/706	loss 0.0099 (0.0654)	accu 1.000 (0.973)	
Train Epoch-15  Iter-300/706	loss 0.0888 (0.0646)	accu 0.875 (0.973)	
Train Epoch-15  Iter-325/706	loss 0.0028 (0.0626)	accu 1.000 (0.973)	
Train Epoch-15  Iter-350/706	loss 0.0033 (0.0673)	accu 1.000 (0.972)	
Train Epoch-15  Iter-375/706	loss 0.0013 (0.0671)	accu 1.000 (0.972)	
Train Epoch-15  Iter-400/706	loss 0.0004 (0.0683)	accu 1.000 (0.972)	
Train Epoch-15  Iter-425/706	loss 0.0115 (0.0697)	accu 1.000 (0.971)	
Train Epoch-15  Iter-450/706	loss 0.0007 (0.0685)	accu 1.000 (0.972)	
Train Epoch-15  Iter-475/706	loss 0.0003 (0.0680)	accu 1.000 (0.972)	
Train Epoch-15  Iter-500/706	loss 0.0014 (0.0660)	accu 1.000 (0.974)	
Train Epoch-15  Iter-525/706	loss 0.0107 (0.0666)	accu 1.000 (0.974)	
Train Epoch-15  Iter-550/706	loss 0.0018 (0.0653)	accu 1.000 (0.974)	
Train Epoch-15  Iter-575/706	loss 0.0068 (0.0651)	accu 1.000 (0.975)	
Train Epoch-15  Iter-600/706	loss 0.0334 (0.0661)	accu 1.000 (0.974)	
Train Epoch-15  Iter-625/706	loss 0.0015 (0.0657)	accu 1.000 (0.974)	
Train Epoch-15  Iter-650/706	loss 0.0266 (0.0663)	accu 1.000 (0.975)	
Train Epoch-15  Iter-675/706	loss 0.0147 (0.0659)	accu 1.000 (0.975)	
Train Epoch-15  Iter-700/706	loss 0.0084 (0.0658)	accu 1.000 (0.975)	
Eval Epoch-15  Iter-0  /52 	loss 1.2708 (1.2708)	accu 0.625 (0.625)	
Eval Epoch-15  Iter-25 /52 	loss 1.5692 (1.3279)	accu 0.750 (0.688)	
Eval Epoch-15  Iter-50 /52 	loss 3.9937 (1.2821)	accu 0.500 (0.743)	
Epoch-15  Train: loss 0.0654	accu 0.9752	Eval: loss 1.3169	accu 0.7380
Epoch    16: reducing learning rate of group 0 to 3.0000e-06.
Train Epoch-16  Iter-0  /706	loss 0.0032 (0.0032)	accu 1.000 (1.000)	
Train Epoch-16  Iter-25 /706	loss 0.0016 (0.0910)	accu 1.000 (0.962)	
Train Epoch-16  Iter-50 /706	loss 0.0198 (0.0818)	accu 1.000 (0.966)	
Train Epoch-16  Iter-75 /706	loss 0.2014 (0.0767)	accu 0.875 (0.967)	
Train Epoch-16  Iter-100/706	loss 0.1030 (0.0832)	accu 0.875 (0.967)	
Train Epoch-16  Iter-125/706	loss 0.0004 (0.0907)	accu 1.000 (0.964)	
Train Epoch-16  Iter-150/706	loss 0.0257 (0.0850)	accu 1.000 (0.968)	
Train Epoch-16  Iter-175/706	loss 0.0369 (0.0781)	accu 1.000 (0.972)	
Train Epoch-16  Iter-200/706	loss 0.0004 (0.0781)	accu 1.000 (0.971)	
Train Epoch-16  Iter-225/706	loss 0.0259 (0.0781)	accu 1.000 (0.971)	
Train Epoch-16  Iter-250/706	loss 0.0364 (0.0796)	accu 1.000 (0.969)	
Train Epoch-16  Iter-275/706	loss 0.5331 (0.0769)	accu 0.875 (0.970)	
Train Epoch-16  Iter-300/706	loss 0.0059 (0.0770)	accu 1.000 (0.970)	
Train Epoch-16  Iter-325/706	loss 0.0043 (0.0751)	accu 1.000 (0.971)	
Train Epoch-16  Iter-350/706	loss 0.0292 (0.0735)	accu 1.000 (0.972)	
Train Epoch-16  Iter-375/706	loss 0.0057 (0.0727)	accu 1.000 (0.972)	
Train Epoch-16  Iter-400/706	loss 0.1806 (0.0716)	accu 0.875 (0.972)	
Train Epoch-16  Iter-425/706	loss 0.0095 (0.0703)	accu 1.000 (0.972)	
Train Epoch-16  Iter-450/706	loss 0.0921 (0.0699)	accu 1.000 (0.972)	
Train Epoch-16  Iter-475/706	loss 0.0023 (0.0691)	accu 1.000 (0.972)	
Train Epoch-16  Iter-500/706	loss 0.0010 (0.0670)	accu 1.000 (0.973)	
Train Epoch-16  Iter-525/706	loss 0.0108 (0.0661)	accu 1.000 (0.973)	
Train Epoch-16  Iter-550/706	loss 0.0922 (0.0668)	accu 1.000 (0.973)	
Train Epoch-16  Iter-575/706	loss 0.0049 (0.0673)	accu 1.000 (0.973)	
Train Epoch-16  Iter-600/706	loss 0.2541 (0.0683)	accu 0.875 (0.973)	
Train Epoch-16  Iter-625/706	loss 0.3414 (0.0680)	accu 0.875 (0.974)	
Train Epoch-16  Iter-650/706	loss 0.2983 (0.0689)	accu 0.875 (0.974)	
Train Epoch-16  Iter-675/706	loss 0.0453 (0.0680)	accu 1.000 (0.974)	
Train Epoch-16  Iter-700/706	loss 0.0030 (0.0685)	accu 1.000 (0.974)	
Eval Epoch-16  Iter-0  /52 	loss 1.2004 (1.2004)	accu 0.625 (0.625)	
Eval Epoch-16  Iter-25 /52 	loss 1.5309 (1.2908)	accu 0.750 (0.673)	
Eval Epoch-16  Iter-50 /52 	loss 3.9679 (1.2484)	accu 0.500 (0.735)	
Epoch-16  Train: loss 0.0683	accu 0.9742	Eval: loss 1.2816	accu 0.7308
Train Epoch-17  Iter-0  /706	loss 0.0033 (0.0033)	accu 1.000 (1.000)	
Train Epoch-17  Iter-25 /706	loss 0.0261 (0.0514)	accu 1.000 (0.986)	
Train Epoch-17  Iter-50 /706	loss 0.0138 (0.0633)	accu 1.000 (0.978)	
Train Epoch-17  Iter-75 /706	loss 0.0007 (0.0619)	accu 1.000 (0.982)	
Train Epoch-17  Iter-100/706	loss 0.0761 (0.0618)	accu 1.000 (0.981)	
Train Epoch-17  Iter-125/706	loss 0.0117 (0.0690)	accu 1.000 (0.977)	
Train Epoch-17  Iter-150/706	loss 0.3398 (0.0685)	accu 0.875 (0.977)	
Train Epoch-17  Iter-175/706	loss 0.0022 (0.0786)	accu 1.000 (0.972)	
Train Epoch-17  Iter-200/706	loss 0.0043 (0.0783)	accu 1.000 (0.972)	
Train Epoch-17  Iter-225/706	loss 0.1274 (0.0791)	accu 0.875 (0.971)	
Train Epoch-17  Iter-250/706	loss 0.1774 (0.0758)	accu 0.875 (0.972)	
Train Epoch-17  Iter-275/706	loss 0.0081 (0.0749)	accu 1.000 (0.971)	
Train Epoch-17  Iter-300/706	loss 0.0758 (0.0741)	accu 1.000 (0.971)	
Train Epoch-17  Iter-325/706	loss 0.1574 (0.0758)	accu 0.875 (0.972)	
Train Epoch-17  Iter-350/706	loss 0.3122 (0.0804)	accu 0.750 (0.970)	
Train Epoch-17  Iter-375/706	loss 0.0316 (0.0786)	accu 1.000 (0.970)	
Train Epoch-17  Iter-400/706	loss 0.0047 (0.0750)	accu 1.000 (0.972)	
Train Epoch-17  Iter-425/706	loss 0.0725 (0.0748)	accu 1.000 (0.972)	
Train Epoch-17  Iter-450/706	loss 0.3328 (0.0745)	accu 0.750 (0.971)	
Train Epoch-17  Iter-475/706	loss 0.0059 (0.0727)	accu 1.000 (0.972)	
Train Epoch-17  Iter-500/706	loss 0.0005 (0.0716)	accu 1.000 (0.973)	
Train Epoch-17  Iter-525/706	loss 0.0194 (0.0703)	accu 1.000 (0.973)	
Train Epoch-17  Iter-550/706	loss 0.0314 (0.0701)	accu 1.000 (0.973)	
Train Epoch-17  Iter-575/706	loss 0.2570 (0.0706)	accu 0.875 (0.974)	
Train Epoch-17  Iter-600/706	loss 0.2541 (0.0706)	accu 0.875 (0.973)	
Train Epoch-17  Iter-625/706	loss 0.0633 (0.0711)	accu 1.000 (0.973)	
Train Epoch-17  Iter-650/706	loss 0.0005 (0.0715)	accu 1.000 (0.973)	
Train Epoch-17  Iter-675/706	loss 0.3224 (0.0706)	accu 0.875 (0.974)	
Train Epoch-17  Iter-700/706	loss 0.0150 (0.0711)	accu 1.000 (0.973)	
Eval Epoch-17  Iter-0  /52 	loss 1.1224 (1.1224)	accu 0.625 (0.625)	
Eval Epoch-17  Iter-25 /52 	loss 1.4420 (1.2187)	accu 0.750 (0.688)	
Eval Epoch-17  Iter-50 /52 	loss 3.8910 (1.1980)	accu 0.500 (0.738)	
Epoch-17  Train: loss 0.0719	accu 0.9728	Eval: loss 1.2295	accu 0.7332
Train Epoch-18  Iter-0  /706	loss 0.0128 (0.0128)	accu 1.000 (1.000)	
Train Epoch-18  Iter-25 /706	loss 0.0049 (0.0596)	accu 1.000 (0.976)	
Train Epoch-18  Iter-50 /706	loss 0.0363 (0.0569)	accu 1.000 (0.978)	
Train Epoch-18  Iter-75 /706	loss 0.5052 (0.0606)	accu 0.750 (0.977)	
Train Epoch-18  Iter-100/706	loss 0.0140 (0.0661)	accu 1.000 (0.972)	
Train Epoch-18  Iter-125/706	loss 0.0354 (0.0796)	accu 1.000 (0.966)	
Train Epoch-18  Iter-150/706	loss 0.1525 (0.0836)	accu 0.875 (0.969)	
Train Epoch-18  Iter-175/706	loss 0.0183 (0.0778)	accu 1.000 (0.970)	
Train Epoch-18  Iter-200/706	loss 0.3742 (0.0778)	accu 0.750 (0.969)	
Train Epoch-18  Iter-225/706	loss 0.1848 (0.0735)	accu 0.875 (0.971)	
Train Epoch-18  Iter-250/706	loss 0.1412 (0.0772)	accu 0.875 (0.970)	
Train Epoch-18  Iter-275/706	loss 0.2860 (0.0773)	accu 0.875 (0.971)	
Train Epoch-18  Iter-300/706	loss 0.0287 (0.0780)	accu 1.000 (0.970)	
Train Epoch-18  Iter-325/706	loss 0.0020 (0.0758)	accu 1.000 (0.971)	
Train Epoch-18  Iter-350/706	loss 0.2264 (0.0754)	accu 0.875 (0.972)	
Train Epoch-18  Iter-375/706	loss 0.0262 (0.0749)	accu 1.000 (0.971)	
Train Epoch-18  Iter-400/706	loss 0.0027 (0.0741)	accu 1.000 (0.972)	
Train Epoch-18  Iter-425/706	loss 0.0486 (0.0753)	accu 1.000 (0.972)	
Train Epoch-18  Iter-450/706	loss 0.0255 (0.0751)	accu 1.000 (0.971)	
Train Epoch-18  Iter-475/706	loss 0.0162 (0.0743)	accu 1.000 (0.971)	
Train Epoch-18  Iter-500/706	loss 0.1788 (0.0725)	accu 0.875 (0.972)	
Train Epoch-18  Iter-525/706	loss 0.0225 (0.0725)	accu 1.000 (0.971)	
Train Epoch-18  Iter-550/706	loss 0.0193 (0.0714)	accu 1.000 (0.972)	
Train Epoch-18  Iter-575/706	loss 0.0022 (0.0709)	accu 1.000 (0.972)	
Train Epoch-18  Iter-600/706	loss 0.1894 (0.0704)	accu 0.875 (0.972)	
Train Epoch-18  Iter-625/706	loss 0.0256 (0.0685)	accu 1.000 (0.973)	
Train Epoch-18  Iter-650/706	loss 0.0101 (0.0694)	accu 1.000 (0.973)	
Train Epoch-18  Iter-675/706	loss 0.0353 (0.0682)	accu 1.000 (0.973)	
Train Epoch-18  Iter-700/706	loss 0.0087 (0.0675)	accu 1.000 (0.973)	
Eval Epoch-18  Iter-0  /52 	loss 1.1352 (1.1352)	accu 0.625 (0.625)	
Eval Epoch-18  Iter-25 /52 	loss 1.3717 (1.2028)	accu 0.750 (0.683)	
Eval Epoch-18  Iter-50 /52 	loss 3.8982 (1.1918)	accu 0.500 (0.735)	
Epoch-18  Train: loss 0.0671	accu 0.9736	Eval: loss 1.2250	accu 0.7308
Train Epoch-19  Iter-0  /706	loss 0.0041 (0.0041)	accu 1.000 (1.000)	
Train Epoch-19  Iter-25 /706	loss 0.0088 (0.0568)	accu 1.000 (0.976)	
Train Epoch-19  Iter-50 /706	loss 0.0003 (0.0521)	accu 1.000 (0.980)	
Train Epoch-19  Iter-75 /706	loss 0.0658 (0.0553)	accu 1.000 (0.980)	
Train Epoch-19  Iter-100/706	loss 0.0695 (0.0559)	accu 1.000 (0.980)	
Train Epoch-19  Iter-125/706	loss 0.0283 (0.0501)	accu 1.000 (0.983)	
Train Epoch-19  Iter-150/706	loss 0.0035 (0.0489)	accu 1.000 (0.982)	
Train Epoch-19  Iter-175/706	loss 0.3702 (0.0525)	accu 0.875 (0.982)	
Train Epoch-19  Iter-200/706	loss 0.0087 (0.0520)	accu 1.000 (0.981)	
Train Epoch-19  Iter-225/706	loss 0.0095 (0.0537)	accu 1.000 (0.980)	
Train Epoch-19  Iter-250/706	loss 0.0362 (0.0562)	accu 1.000 (0.979)	
Train Epoch-19  Iter-275/706	loss 0.0051 (0.0576)	accu 1.000 (0.978)	
Train Epoch-19  Iter-300/706	loss 0.2784 (0.0618)	accu 0.875 (0.976)	
Train Epoch-19  Iter-325/706	loss 0.0196 (0.0626)	accu 1.000 (0.976)	
Train Epoch-19  Iter-350/706	loss 0.0069 (0.0634)	accu 1.000 (0.976)	
Train Epoch-19  Iter-375/706	loss 0.0311 (0.0632)	accu 1.000 (0.975)	
Train Epoch-19  Iter-400/706	loss 0.0006 (0.0618)	accu 1.000 (0.976)	
Train Epoch-19  Iter-425/706	loss 0.0278 (0.0616)	accu 1.000 (0.976)	
Train Epoch-19  Iter-450/706	loss 0.1566 (0.0631)	accu 0.875 (0.975)	
Train Epoch-19  Iter-475/706	loss 0.0041 (0.0628)	accu 1.000 (0.975)	
Train Epoch-19  Iter-500/706	loss 0.0392 (0.0624)	accu 1.000 (0.975)	
Train Epoch-19  Iter-525/706	loss 0.1005 (0.0634)	accu 1.000 (0.975)	
Train Epoch-19  Iter-550/706	loss 0.0093 (0.0628)	accu 1.000 (0.975)	
Train Epoch-19  Iter-575/706	loss 0.0005 (0.0630)	accu 1.000 (0.976)	
Train Epoch-19  Iter-600/706	loss 0.0012 (0.0658)	accu 1.000 (0.974)	
Train Epoch-19  Iter-625/706	loss 0.1504 (0.0647)	accu 0.875 (0.975)	
Train Epoch-19  Iter-650/706	loss 0.0026 (0.0638)	accu 1.000 (0.975)	
Train Epoch-19  Iter-675/706	loss 0.0038 (0.0637)	accu 1.000 (0.975)	
Train Epoch-19  Iter-700/706	loss 0.0009 (0.0639)	accu 1.000 (0.975)	
Eval Epoch-19  Iter-0  /52 	loss 1.3259 (1.3259)	accu 0.625 (0.625)	
Eval Epoch-19  Iter-25 /52 	loss 1.3946 (1.2804)	accu 0.750 (0.663)	
Eval Epoch-19  Iter-50 /52 	loss 3.8341 (1.2153)	accu 0.500 (0.733)	
Epoch-19  Train: loss 0.0641	accu 0.9752	Eval: loss 1.2429	accu 0.7284
Train Epoch-20  Iter-0  /706	loss 0.0039 (0.0039)	accu 1.000 (1.000)	
Train Epoch-20  Iter-25 /706	loss 0.0032 (0.0302)	accu 1.000 (0.995)	
Train Epoch-20  Iter-50 /706	loss 0.0046 (0.0511)	accu 1.000 (0.983)	
Train Epoch-20  Iter-75 /706	loss 0.0223 (0.0471)	accu 1.000 (0.985)	
Train Epoch-20  Iter-100/706	loss 0.1212 (0.0480)	accu 0.875 (0.984)	
Train Epoch-20  Iter-125/706	loss 0.0428 (0.0503)	accu 1.000 (0.984)	
Train Epoch-20  Iter-150/706	loss 0.1855 (0.0577)	accu 0.875 (0.979)	
Train Epoch-20  Iter-175/706	loss 0.0107 (0.0574)	accu 1.000 (0.979)	
Train Epoch-20  Iter-200/706	loss 0.0045 (0.0696)	accu 1.000 (0.974)	
Train Epoch-20  Iter-225/706	loss 0.0971 (0.0710)	accu 0.875 (0.971)	
Train Epoch-20  Iter-250/706	loss 0.0388 (0.0694)	accu 1.000 (0.971)	
Train Epoch-20  Iter-275/706	loss 0.0219 (0.0699)	accu 1.000 (0.970)	
Train Epoch-20  Iter-300/706	loss 0.2995 (0.0686)	accu 0.875 (0.971)	
Train Epoch-20  Iter-325/706	loss 0.1443 (0.0679)	accu 0.875 (0.971)	
Train Epoch-20  Iter-350/706	loss 0.0058 (0.0680)	accu 1.000 (0.971)	
Train Epoch-20  Iter-375/706	loss 0.0193 (0.0680)	accu 1.000 (0.971)	
Train Epoch-20  Iter-400/706	loss 0.0038 (0.0675)	accu 1.000 (0.971)	
Train Epoch-20  Iter-425/706	loss 0.0230 (0.0687)	accu 1.000 (0.971)	
Train Epoch-20  Iter-450/706	loss 0.1019 (0.0664)	accu 1.000 (0.972)	
Train Epoch-20  Iter-475/706	loss 0.0035 (0.0651)	accu 1.000 (0.972)	
Train Epoch-20  Iter-500/706	loss 0.0548 (0.0657)	accu 1.000 (0.972)	
Train Epoch-20  Iter-525/706	loss 0.0195 (0.0663)	accu 1.000 (0.972)	
Train Epoch-20  Iter-550/706	loss 0.0087 (0.0651)	accu 1.000 (0.972)	
Train Epoch-20  Iter-575/706	loss 0.0969 (0.0642)	accu 0.875 (0.972)	
Train Epoch-20  Iter-600/706	loss 0.0052 (0.0637)	accu 1.000 (0.973)	
Train Epoch-20  Iter-625/706	loss 0.0161 (0.0628)	accu 1.000 (0.973)	
Train Epoch-20  Iter-650/706	loss 0.0164 (0.0622)	accu 1.000 (0.974)	
Train Epoch-20  Iter-675/706	loss 0.0271 (0.0625)	accu 1.000 (0.974)	
Train Epoch-20  Iter-700/706	loss 0.0046 (0.0623)	accu 1.000 (0.974)	
Eval Epoch-20  Iter-0  /52 	loss 1.3222 (1.3222)	accu 0.625 (0.625)	
Eval Epoch-20  Iter-25 /52 	loss 1.3977 (1.2654)	accu 0.750 (0.668)	
Eval Epoch-20  Iter-50 /52 	loss 3.8658 (1.2177)	accu 0.500 (0.735)	
Epoch-20  Train: loss 0.0628	accu 0.9736	Eval: loss 1.2469	accu 0.7308
Train Epoch-21  Iter-0  /706	loss 0.0057 (0.0057)	accu 1.000 (1.000)	
Train Epoch-21  Iter-25 /706	loss 0.0071 (0.0482)	accu 1.000 (0.981)	
Train Epoch-21  Iter-50 /706	loss 0.1108 (0.0428)	accu 0.875 (0.983)	
Train Epoch-21  Iter-75 /706	loss 0.0391 (0.0555)	accu 1.000 (0.980)	
Train Epoch-21  Iter-100/706	loss 0.2015 (0.0661)	accu 0.875 (0.978)	
Train Epoch-21  Iter-125/706	loss 0.1899 (0.0729)	accu 0.875 (0.974)	
Train Epoch-21  Iter-150/706	loss 0.0098 (0.0703)	accu 1.000 (0.975)	
Train Epoch-21  Iter-175/706	loss 0.0188 (0.0715)	accu 1.000 (0.974)	
Train Epoch-21  Iter-200/706	loss 0.0238 (0.0705)	accu 1.000 (0.973)	
Train Epoch-21  Iter-225/706	loss 0.1328 (0.0678)	accu 0.875 (0.973)	
Train Epoch-21  Iter-250/706	loss 0.0251 (0.0664)	accu 1.000 (0.973)	
Train Epoch-21  Iter-275/706	loss 0.2625 (0.0663)	accu 0.875 (0.973)	
Train Epoch-21  Iter-300/706	loss 0.9547 (0.0682)	accu 0.750 (0.973)	
Train Epoch-21  Iter-325/706	loss 0.0137 (0.0666)	accu 1.000 (0.973)	
Train Epoch-21  Iter-350/706	loss 0.0193 (0.0647)	accu 1.000 (0.974)	
Train Epoch-21  Iter-375/706	loss 0.0435 (0.0640)	accu 1.000 (0.974)	
Train Epoch-21  Iter-400/706	loss 0.1099 (0.0644)	accu 0.875 (0.973)	
Train Epoch-21  Iter-425/706	loss 0.0317 (0.0641)	accu 1.000 (0.973)	
Train Epoch-21  Iter-450/706	loss 0.0058 (0.0641)	accu 1.000 (0.974)	
Train Epoch-21  Iter-475/706	loss 0.0042 (0.0649)	accu 1.000 (0.973)	
Train Epoch-21  Iter-500/706	loss 0.0054 (0.0650)	accu 1.000 (0.973)	
Train Epoch-21  Iter-525/706	loss 0.0065 (0.0654)	accu 1.000 (0.973)	
Train Epoch-21  Iter-550/706	loss 0.0005 (0.0674)	accu 1.000 (0.972)	
Train Epoch-21  Iter-575/706	loss 0.0148 (0.0670)	accu 1.000 (0.972)	
Train Epoch-21  Iter-600/706	loss 0.0173 (0.0651)	accu 1.000 (0.974)	
Train Epoch-21  Iter-625/706	loss 0.0035 (0.0653)	accu 1.000 (0.974)	
Train Epoch-21  Iter-650/706	loss 0.0399 (0.0652)	accu 1.000 (0.974)	
Train Epoch-21  Iter-675/706	loss 0.0005 (0.0650)	accu 1.000 (0.974)	
Train Epoch-21  Iter-700/706	loss 0.0021 (0.0652)	accu 1.000 (0.974)	
Eval Epoch-21  Iter-0  /52 	loss 1.3012 (1.3012)	accu 0.625 (0.625)	
Eval Epoch-21  Iter-25 /52 	loss 1.3359 (1.2522)	accu 0.750 (0.668)	
Eval Epoch-21  Iter-50 /52 	loss 3.8675 (1.2136)	accu 0.500 (0.733)	
Epoch-21  Train: loss 0.0650	accu 0.9740	Eval: loss 1.2429	accu 0.7284
Epoch    22: reducing learning rate of group 0 to 3.0000e-07.
Train Epoch-22  Iter-0  /706	loss 0.0075 (0.0075)	accu 1.000 (1.000)	
Train Epoch-22  Iter-25 /706	loss 0.0429 (0.0666)	accu 1.000 (0.971)	
Train Epoch-22  Iter-50 /706	loss 0.0148 (0.0556)	accu 1.000 (0.973)	
Train Epoch-22  Iter-75 /706	loss 0.0138 (0.0537)	accu 1.000 (0.975)	
Train Epoch-22  Iter-100/706	loss 0.0009 (0.0601)	accu 1.000 (0.974)	
Train Epoch-22  Iter-125/706	loss 0.0824 (0.0619)	accu 1.000 (0.974)	
Train Epoch-22  Iter-150/706	loss 0.0064 (0.0694)	accu 1.000 (0.972)	
Train Epoch-22  Iter-175/706	loss 0.0106 (0.0680)	accu 1.000 (0.972)	
Train Epoch-22  Iter-200/706	loss 0.0013 (0.0721)	accu 1.000 (0.969)	
Train Epoch-22  Iter-225/706	loss 0.0027 (0.0683)	accu 1.000 (0.971)	
Train Epoch-22  Iter-250/706	loss 0.0005 (0.0679)	accu 1.000 (0.971)	
Train Epoch-22  Iter-275/706	loss 0.1279 (0.0674)	accu 0.875 (0.971)	
Train Epoch-22  Iter-300/706	loss 0.1513 (0.0688)	accu 0.875 (0.971)	
Train Epoch-22  Iter-325/706	loss 0.0143 (0.0673)	accu 1.000 (0.972)	
Train Epoch-22  Iter-350/706	loss 0.0109 (0.0683)	accu 1.000 (0.972)	
Train Epoch-22  Iter-375/706	loss 0.0306 (0.0682)	accu 1.000 (0.972)	
Train Epoch-22  Iter-400/706	loss 0.0009 (0.0674)	accu 1.000 (0.972)	
Train Epoch-22  Iter-425/706	loss 0.0535 (0.0660)	accu 1.000 (0.973)	
Train Epoch-22  Iter-450/706	loss 0.0846 (0.0662)	accu 1.000 (0.974)	
Train Epoch-22  Iter-475/706	loss 0.0042 (0.0651)	accu 1.000 (0.974)	
Train Epoch-22  Iter-500/706	loss 0.0031 (0.0642)	accu 1.000 (0.974)	
Train Epoch-22  Iter-525/706	loss 0.0564 (0.0651)	accu 1.000 (0.974)	
Train Epoch-22  Iter-550/706	loss 0.2716 (0.0651)	accu 0.875 (0.974)	
Train Epoch-22  Iter-575/706	loss 0.0602 (0.0639)	accu 1.000 (0.975)	
Train Epoch-22  Iter-600/706	loss 0.0232 (0.0635)	accu 1.000 (0.975)	
Train Epoch-22  Iter-625/706	loss 0.0060 (0.0639)	accu 1.000 (0.975)	
Train Epoch-22  Iter-650/706	loss 0.0081 (0.0640)	accu 1.000 (0.975)	
Train Epoch-22  Iter-675/706	loss 0.0003 (0.0634)	accu 1.000 (0.975)	
Train Epoch-22  Iter-700/706	loss 0.0841 (0.0652)	accu 1.000 (0.975)	
Eval Epoch-22  Iter-0  /52 	loss 1.3090 (1.3090)	accu 0.625 (0.625)	
Eval Epoch-22  Iter-25 /52 	loss 1.3423 (1.2587)	accu 0.750 (0.668)	
Eval Epoch-22  Iter-50 /52 	loss 3.8693 (1.2162)	accu 0.500 (0.733)	
Epoch-22  Train: loss 0.0651	accu 0.9747	Eval: loss 1.2454	accu 0.7284
Train Epoch-23  Iter-0  /706	loss 0.0154 (0.0154)	accu 1.000 (1.000)	
Train Epoch-23  Iter-25 /706	loss 0.0079 (0.0619)	accu 1.000 (0.976)	
Train Epoch-23  Iter-50 /706	loss 0.0177 (0.0645)	accu 1.000 (0.973)	
Train Epoch-23  Iter-75 /706	loss 0.1167 (0.0598)	accu 1.000 (0.975)	
Train Epoch-23  Iter-100/706	loss 0.0132 (0.0544)	accu 1.000 (0.979)	
Train Epoch-23  Iter-125/706	loss 0.0749 (0.0604)	accu 1.000 (0.975)	
Train Epoch-23  Iter-150/706	loss 0.0090 (0.0636)	accu 1.000 (0.973)	
Train Epoch-23  Iter-175/706	loss 0.0533 (0.0634)	accu 1.000 (0.974)	
Train Epoch-23  Iter-200/706	loss 0.0005 (0.0607)	accu 1.000 (0.976)	
Train Epoch-23  Iter-225/706	loss 0.0172 (0.0619)	accu 1.000 (0.976)	
Train Epoch-23  Iter-250/706	loss 0.0197 (0.0581)	accu 1.000 (0.979)	
Train Epoch-23  Iter-275/706	loss 0.0004 (0.0591)	accu 1.000 (0.978)	
Train Epoch-23  Iter-300/706	loss 0.0254 (0.0583)	accu 1.000 (0.979)	
Train Epoch-23  Iter-325/706	loss 0.0025 (0.0574)	accu 1.000 (0.979)	
Train Epoch-23  Iter-350/706	loss 0.4001 (0.0573)	accu 0.875 (0.979)	
Train Epoch-23  Iter-375/706	loss 0.0672 (0.0583)	accu 1.000 (0.978)	
Train Epoch-23  Iter-400/706	loss 0.0351 (0.0587)	accu 1.000 (0.978)	
Train Epoch-23  Iter-425/706	loss 0.0176 (0.0593)	accu 1.000 (0.978)	
Train Epoch-23  Iter-450/706	loss 0.1450 (0.0592)	accu 0.875 (0.978)	
Train Epoch-23  Iter-475/706	loss 0.0368 (0.0575)	accu 1.000 (0.979)	
Train Epoch-23  Iter-500/706	loss 0.3223 (0.0597)	accu 0.875 (0.978)	
Train Epoch-23  Iter-525/706	loss 0.0094 (0.0606)	accu 1.000 (0.977)	
Train Epoch-23  Iter-550/706	loss 0.3168 (0.0629)	accu 0.750 (0.976)	
Train Epoch-23  Iter-575/706	loss 0.0094 (0.0621)	accu 1.000 (0.977)	
Train Epoch-23  Iter-600/706	loss 0.0390 (0.0627)	accu 1.000 (0.977)	
Train Epoch-23  Iter-625/706	loss 0.3857 (0.0638)	accu 0.750 (0.976)	
Train Epoch-23  Iter-650/706	loss 0.1353 (0.0633)	accu 0.875 (0.976)	
Train Epoch-23  Iter-675/706	loss 0.0909 (0.0635)	accu 1.000 (0.976)	
Train Epoch-23  Iter-700/706	loss 0.0313 (0.0635)	accu 1.000 (0.976)	
Eval Epoch-23  Iter-0  /52 	loss 1.3064 (1.3064)	accu 0.625 (0.625)	
Eval Epoch-23  Iter-25 /52 	loss 1.3393 (1.2565)	accu 0.750 (0.668)	
Eval Epoch-23  Iter-50 /52 	loss 3.8771 (1.2162)	accu 0.500 (0.733)	
Epoch-23  Train: loss 0.0636	accu 0.9761	Eval: loss 1.2457	accu 0.7284
Train Epoch-24  Iter-0  /706	loss 0.0468 (0.0468)	accu 1.000 (1.000)	
Train Epoch-24  Iter-25 /706	loss 0.0416 (0.0703)	accu 1.000 (0.966)	
Train Epoch-24  Iter-50 /706	loss 0.0007 (0.0641)	accu 1.000 (0.975)	
Train Epoch-24  Iter-75 /706	loss 0.0107 (0.0608)	accu 1.000 (0.977)	
Train Epoch-24  Iter-100/706	loss 0.0266 (0.0660)	accu 1.000 (0.978)	
Train Epoch-24  Iter-125/706	loss 0.0052 (0.0704)	accu 1.000 (0.975)	
Train Epoch-24  Iter-150/706	loss 0.0552 (0.0691)	accu 1.000 (0.974)	
Train Epoch-24  Iter-175/706	loss 0.4383 (0.0686)	accu 0.875 (0.974)	
Train Epoch-24  Iter-200/706	loss 0.0026 (0.0669)	accu 1.000 (0.974)	
Train Epoch-24  Iter-225/706	loss 0.0069 (0.0715)	accu 1.000 (0.970)	
Train Epoch-24  Iter-250/706	loss 0.1419 (0.0719)	accu 0.875 (0.970)	
Train Epoch-24  Iter-275/706	loss 0.3429 (0.0714)	accu 0.875 (0.970)	
Train Epoch-24  Iter-300/706	loss 0.0328 (0.0700)	accu 1.000 (0.971)	
Train Epoch-24  Iter-325/706	loss 0.0107 (0.0669)	accu 1.000 (0.973)	
Train Epoch-24  Iter-350/706	loss 0.0029 (0.0699)	accu 1.000 (0.973)	
Train Epoch-24  Iter-375/706	loss 0.0106 (0.0673)	accu 1.000 (0.974)	
Train Epoch-24  Iter-400/706	loss 0.0031 (0.0666)	accu 1.000 (0.974)	
Train Epoch-24  Iter-425/706	loss 0.2590 (0.0697)	accu 0.875 (0.973)	
Train Epoch-24  Iter-450/706	loss 0.0132 (0.0701)	accu 1.000 (0.973)	
Train Epoch-24  Iter-475/706	loss 0.0042 (0.0707)	accu 1.000 (0.973)	
Train Epoch-24  Iter-500/706	loss 0.0221 (0.0694)	accu 1.000 (0.974)	
Train Epoch-24  Iter-525/706	loss 0.0007 (0.0699)	accu 1.000 (0.974)	
Train Epoch-24  Iter-550/706	loss 0.0134 (0.0693)	accu 1.000 (0.974)	
Train Epoch-24  Iter-575/706	loss 0.0109 (0.0687)	accu 1.000 (0.974)	
Train Epoch-24  Iter-600/706	loss 0.0423 (0.0681)	accu 1.000 (0.974)	
Train Epoch-24  Iter-625/706	loss 0.0055 (0.0667)	accu 1.000 (0.974)	
Train Epoch-24  Iter-650/706	loss 0.0551 (0.0664)	accu 1.000 (0.974)	
Train Epoch-24  Iter-675/706	loss 0.0124 (0.0657)	accu 1.000 (0.974)	
Train Epoch-24  Iter-700/706	loss 0.0032 (0.0652)	accu 1.000 (0.975)	
Eval Epoch-24  Iter-0  /52 	loss 1.3108 (1.3108)	accu 0.625 (0.625)	
Eval Epoch-24  Iter-25 /52 	loss 1.3440 (1.2608)	accu 0.750 (0.668)	
Eval Epoch-24  Iter-50 /52 	loss 3.8753 (1.2175)	accu 0.500 (0.733)	
Epoch-24  Train: loss 0.0648	accu 0.9750	Eval: loss 1.2469	accu 0.7284
Train Epoch-25  Iter-0  /706	loss 0.0032 (0.0032)	accu 1.000 (1.000)	
Train Epoch-25  Iter-25 /706	loss 0.0210 (0.0545)	accu 1.000 (0.990)	
Train Epoch-25  Iter-50 /706	loss 0.0323 (0.0463)	accu 1.000 (0.988)	
Train Epoch-25  Iter-75 /706	loss 0.2605 (0.0504)	accu 0.875 (0.985)	
Train Epoch-25  Iter-100/706	loss 0.0338 (0.0549)	accu 1.000 (0.981)	
Train Epoch-25  Iter-125/706	loss 0.0493 (0.0605)	accu 1.000 (0.980)	
Train Epoch-25  Iter-150/706	loss 0.3070 (0.0697)	accu 0.875 (0.977)	
Train Epoch-25  Iter-175/706	loss 0.0556 (0.0670)	accu 1.000 (0.978)	
Train Epoch-25  Iter-200/706	loss 0.1097 (0.0687)	accu 0.875 (0.976)	
Train Epoch-25  Iter-225/706	loss 0.1532 (0.0688)	accu 0.875 (0.974)	
Train Epoch-25  Iter-250/706	loss 0.0005 (0.0662)	accu 1.000 (0.976)	
Train Epoch-25  Iter-275/706	loss 0.0169 (0.0635)	accu 1.000 (0.976)	
Train Epoch-25  Iter-300/706	loss 0.0014 (0.0674)	accu 1.000 (0.974)	
Train Epoch-25  Iter-325/706	loss 0.0381 (0.0660)	accu 1.000 (0.975)	
Train Epoch-25  Iter-350/706	loss 0.0024 (0.0662)	accu 1.000 (0.975)	
Train Epoch-25  Iter-375/706	loss 0.0050 (0.0644)	accu 1.000 (0.976)	
Train Epoch-25  Iter-400/706	loss 0.0254 (0.0642)	accu 1.000 (0.976)	
Train Epoch-25  Iter-425/706	loss 0.1198 (0.0639)	accu 0.875 (0.976)	
Train Epoch-25  Iter-450/706	loss 0.0470 (0.0649)	accu 1.000 (0.975)	
Train Epoch-25  Iter-475/706	loss 0.0126 (0.0660)	accu 1.000 (0.975)	
Train Epoch-25  Iter-500/706	loss 0.1046 (0.0669)	accu 0.875 (0.975)	
Train Epoch-25  Iter-525/706	loss 0.0173 (0.0690)	accu 1.000 (0.973)	
Train Epoch-25  Iter-550/706	loss 0.0382 (0.0709)	accu 1.000 (0.973)	
Train Epoch-25  Iter-575/706	loss 0.0987 (0.0702)	accu 1.000 (0.974)	
Train Epoch-25  Iter-600/706	loss 0.0036 (0.0702)	accu 1.000 (0.974)	
Train Epoch-25  Iter-625/706	loss 0.0012 (0.0709)	accu 1.000 (0.973)	
Train Epoch-25  Iter-650/706	loss 0.3357 (0.0707)	accu 0.875 (0.973)	
Train Epoch-25  Iter-675/706	loss 0.0294 (0.0693)	accu 1.000 (0.974)	
Train Epoch-25  Iter-700/706	loss 0.0022 (0.0681)	accu 1.000 (0.974)	
Eval Epoch-25  Iter-0  /52 	loss 1.3148 (1.3148)	accu 0.625 (0.625)	
Eval Epoch-25  Iter-25 /52 	loss 1.3429 (1.2611)	accu 0.750 (0.668)	
Eval Epoch-25  Iter-50 /52 	loss 3.8692 (1.2155)	accu 0.500 (0.735)	
Epoch-25  Train: loss 0.0678	accu 0.9745	Eval: loss 1.2445	accu 0.7308
Train Epoch-26  Iter-0  /706	loss 0.0012 (0.0012)	accu 1.000 (1.000)	
Train Epoch-26  Iter-25 /706	loss 0.2836 (0.0570)	accu 0.750 (0.971)	
Train Epoch-26  Iter-50 /706	loss 0.0110 (0.0680)	accu 1.000 (0.963)	
Train Epoch-26  Iter-75 /706	loss 0.0120 (0.0652)	accu 1.000 (0.964)	
Train Epoch-26  Iter-100/706	loss 0.0481 (0.0667)	accu 1.000 (0.965)	
Train Epoch-26  Iter-125/706	loss 0.0015 (0.0650)	accu 1.000 (0.968)	
Train Epoch-26  Iter-150/706	loss 0.3209 (0.0664)	accu 0.875 (0.968)	
Train Epoch-26  Iter-175/706	loss 0.4620 (0.0720)	accu 0.875 (0.964)	
Train Epoch-26  Iter-200/706	loss 0.0119 (0.0667)	accu 1.000 (0.968)	
Train Epoch-26  Iter-225/706	loss 0.0102 (0.0688)	accu 1.000 (0.970)	
Train Epoch-26  Iter-250/706	loss 0.0176 (0.0664)	accu 1.000 (0.971)	
Train Epoch-26  Iter-275/706	loss 0.0411 (0.0682)	accu 1.000 (0.970)	
Train Epoch-26  Iter-300/706	loss 0.1335 (0.0665)	accu 0.875 (0.971)	
Train Epoch-26  Iter-325/706	loss 0.0940 (0.0685)	accu 0.875 (0.970)	
Train Epoch-26  Iter-350/706	loss 0.0006 (0.0671)	accu 1.000 (0.971)	
Train Epoch-26  Iter-375/706	loss 0.0014 (0.0675)	accu 1.000 (0.971)	
Train Epoch-26  Iter-400/706	loss 0.0244 (0.0683)	accu 1.000 (0.970)	
Train Epoch-26  Iter-425/706	loss 0.0436 (0.0666)	accu 1.000 (0.971)	
Train Epoch-26  Iter-450/706	loss 0.0328 (0.0651)	accu 1.000 (0.972)	
Train Epoch-26  Iter-475/706	loss 0.0146 (0.0637)	accu 1.000 (0.973)	
Train Epoch-26  Iter-500/706	loss 0.0151 (0.0643)	accu 1.000 (0.973)	
Train Epoch-26  Iter-525/706	loss 0.0846 (0.0630)	accu 1.000 (0.973)	
Train Epoch-26  Iter-550/706	loss 0.3238 (0.0629)	accu 0.875 (0.973)	
Train Epoch-26  Iter-575/706	loss 0.0089 (0.0644)	accu 1.000 (0.973)	
Train Epoch-26  Iter-600/706	loss 0.0279 (0.0642)	accu 1.000 (0.973)	
Train Epoch-26  Iter-625/706	loss 0.0258 (0.0645)	accu 1.000 (0.973)	
Train Epoch-26  Iter-650/706	loss 0.0025 (0.0652)	accu 1.000 (0.973)	
Train Epoch-26  Iter-675/706	loss 0.0099 (0.0646)	accu 1.000 (0.973)	
Train Epoch-26  Iter-700/706	loss 0.0456 (0.0639)	accu 1.000 (0.974)	
Eval Epoch-26  Iter-0  /52 	loss 1.3109 (1.3109)	accu 0.625 (0.625)	
Eval Epoch-26  Iter-25 /52 	loss 1.3408 (1.2568)	accu 0.750 (0.668)	
Eval Epoch-26  Iter-50 /52 	loss 3.8794 (1.2147)	accu 0.500 (0.735)	
Epoch-26  Train: loss 0.0637	accu 0.9740	Eval: loss 1.2440	accu 0.7308
Train Epoch-27  Iter-0  /706	loss 0.0004 (0.0004)	accu 1.000 (1.000)	
Train Epoch-27  Iter-25 /706	loss 0.2514 (0.0571)	accu 0.875 (0.976)	
Train Epoch-27  Iter-50 /706	loss 0.2696 (0.0659)	accu 0.875 (0.973)	
Train Epoch-27  Iter-75 /706	loss 0.0306 (0.0551)	accu 1.000 (0.980)	
Train Epoch-27  Iter-100/706	loss 0.0983 (0.0493)	accu 0.875 (0.981)	
Train Epoch-27  Iter-125/706	loss 0.0283 (0.0484)	accu 1.000 (0.981)	
Train Epoch-27  Iter-150/706	loss 0.3288 (0.0518)	accu 0.875 (0.981)	
Train Epoch-27  Iter-175/706	loss 0.0145 (0.0586)	accu 1.000 (0.977)	
Train Epoch-27  Iter-200/706	loss 0.0511 (0.0624)	accu 1.000 (0.976)	
Train Epoch-27  Iter-225/706	loss 0.0004 (0.0632)	accu 1.000 (0.975)	
Train Epoch-27  Iter-250/706	loss 0.0258 (0.0604)	accu 1.000 (0.975)	
Train Epoch-27  Iter-275/706	loss 0.0072 (0.0626)	accu 1.000 (0.974)	
Train Epoch-27  Iter-300/706	loss 0.0080 (0.0608)	accu 1.000 (0.975)	
Train Epoch-27  Iter-325/706	loss 0.0043 (0.0592)	accu 1.000 (0.975)	
Train Epoch-27  Iter-350/706	loss 0.0113 (0.0595)	accu 1.000 (0.975)	
Train Epoch-27  Iter-375/706	loss 0.0144 (0.0594)	accu 1.000 (0.975)	
Train Epoch-27  Iter-400/706	loss 0.0049 (0.0620)	accu 1.000 (0.974)	
Train Epoch-27  Iter-425/706	loss 0.0032 (0.0615)	accu 1.000 (0.974)	
Train Epoch-27  Iter-450/706	loss 0.0624 (0.0637)	accu 1.000 (0.973)	
Train Epoch-27  Iter-475/706	loss 0.0627 (0.0646)	accu 1.000 (0.973)	
Train Epoch-27  Iter-500/706	loss 0.0074 (0.0645)	accu 1.000 (0.974)	
Train Epoch-27  Iter-525/706	loss 0.0025 (0.0628)	accu 1.000 (0.974)	
Train Epoch-27  Iter-550/706	loss 0.0381 (0.0619)	accu 1.000 (0.975)	
Train Epoch-27  Iter-575/706	loss 0.0004 (0.0623)	accu 1.000 (0.975)	
Train Epoch-27  Iter-600/706	loss 0.0081 (0.0612)	accu 1.000 (0.976)	
Train Epoch-27  Iter-625/706	loss 0.0041 (0.0614)	accu 1.000 (0.976)	
Train Epoch-27  Iter-650/706	loss 0.0028 (0.0612)	accu 1.000 (0.976)	
Train Epoch-27  Iter-675/706	loss 0.0154 (0.0608)	accu 1.000 (0.976)	
Train Epoch-27  Iter-700/706	loss 0.0626 (0.0617)	accu 1.000 (0.976)	
Eval Epoch-27  Iter-0  /52 	loss 1.3183 (1.3183)	accu 0.625 (0.625)	
Eval Epoch-27  Iter-25 /52 	loss 1.3490 (1.2647)	accu 0.750 (0.668)	
Eval Epoch-27  Iter-50 /52 	loss 3.8849 (1.2195)	accu 0.500 (0.735)	
Epoch-27  Train: loss 0.0616	accu 0.9765	Eval: loss 1.2489	accu 0.7308
Epoch    28: reducing learning rate of group 0 to 3.0000e-08.
Train Epoch-28  Iter-0  /706	loss 0.0006 (0.0006)	accu 1.000 (1.000)	
Train Epoch-28  Iter-25 /706	loss 0.0152 (0.0594)	accu 1.000 (0.971)	
Train Epoch-28  Iter-50 /706	loss 0.1507 (0.0533)	accu 0.875 (0.973)	
Train Epoch-28  Iter-75 /706	loss 0.0135 (0.0474)	accu 1.000 (0.980)	
Train Epoch-28  Iter-100/706	loss 0.0168 (0.0574)	accu 1.000 (0.978)	
Train Epoch-28  Iter-125/706	loss 0.0030 (0.0554)	accu 1.000 (0.978)	
Train Epoch-28  Iter-150/706	loss 0.0074 (0.0574)	accu 1.000 (0.977)	
Train Epoch-28  Iter-175/706	loss 0.0294 (0.0569)	accu 1.000 (0.978)	
Train Epoch-28  Iter-200/706	loss 0.0037 (0.0619)	accu 1.000 (0.977)	
Train Epoch-28  Iter-225/706	loss 0.0035 (0.0581)	accu 1.000 (0.978)	
Train Epoch-28  Iter-250/706	loss 0.0322 (0.0575)	accu 1.000 (0.979)	
Train Epoch-28  Iter-275/706	loss 0.0968 (0.0574)	accu 0.875 (0.979)	
Train Epoch-28  Iter-300/706	loss 0.0220 (0.0581)	accu 1.000 (0.979)	
Train Epoch-28  Iter-325/706	loss 0.0052 (0.0582)	accu 1.000 (0.978)	
Train Epoch-28  Iter-350/706	loss 0.0031 (0.0620)	accu 1.000 (0.976)	
Train Epoch-28  Iter-375/706	loss 0.0003 (0.0634)	accu 1.000 (0.976)	
Train Epoch-28  Iter-400/706	loss 0.1387 (0.0634)	accu 1.000 (0.976)	
Train Epoch-28  Iter-425/706	loss 0.0023 (0.0644)	accu 1.000 (0.976)	
Train Epoch-28  Iter-450/706	loss 0.0555 (0.0642)	accu 1.000 (0.976)	
Train Epoch-28  Iter-475/706	loss 0.0037 (0.0628)	accu 1.000 (0.976)	
Train Epoch-28  Iter-500/706	loss 0.0673 (0.0619)	accu 1.000 (0.976)	
Train Epoch-28  Iter-525/706	loss 0.0210 (0.0619)	accu 1.000 (0.976)	
Train Epoch-28  Iter-550/706	loss 0.0015 (0.0619)	accu 1.000 (0.976)	
Train Epoch-28  Iter-575/706	loss 0.0421 (0.0624)	accu 1.000 (0.976)	
Train Epoch-28  Iter-600/706	loss 0.0173 (0.0623)	accu 1.000 (0.976)	
Train Epoch-28  Iter-625/706	loss 0.1508 (0.0627)	accu 0.875 (0.976)	
Train Epoch-28  Iter-650/706	loss 0.0185 (0.0624)	accu 1.000 (0.975)	
Train Epoch-28  Iter-675/706	loss 0.0028 (0.0632)	accu 1.000 (0.975)	
Train Epoch-28  Iter-700/706	loss 0.4927 (0.0639)	accu 0.875 (0.975)	
Eval Epoch-28  Iter-0  /52 	loss 1.3188 (1.3188)	accu 0.625 (0.625)	
Eval Epoch-28  Iter-25 /52 	loss 1.3496 (1.2651)	accu 0.750 (0.668)	
Eval Epoch-28  Iter-50 /52 	loss 3.8856 (1.2198)	accu 0.500 (0.735)	
Epoch-28  Train: loss 0.0637	accu 0.9747	Eval: loss 1.2492	accu 0.7308
Train Epoch-29  Iter-0  /706	loss 0.0695 (0.0695)	accu 1.000 (1.000)	
Train Epoch-29  Iter-25 /706	loss 0.0009 (0.0754)	accu 1.000 (0.976)	
Train Epoch-29  Iter-50 /706	loss 0.0718 (0.0596)	accu 1.000 (0.983)	
Train Epoch-29  Iter-75 /706	loss 0.0040 (0.0566)	accu 1.000 (0.982)	
Train Epoch-29  Iter-100/706	loss 0.0306 (0.0582)	accu 1.000 (0.980)	
Train Epoch-29  Iter-125/706	loss 0.0010 (0.0643)	accu 1.000 (0.979)	
Train Epoch-29  Iter-150/706	loss 0.0136 (0.0614)	accu 1.000 (0.979)	
Train Epoch-29  Iter-175/706	loss 0.1183 (0.0633)	accu 0.875 (0.977)	
Train Epoch-29  Iter-200/706	loss 0.7028 (0.0674)	accu 0.875 (0.978)	
Train Epoch-29  Iter-225/706	loss 0.0179 (0.0678)	accu 1.000 (0.978)	
Train Epoch-29  Iter-250/706	loss 0.0014 (0.0658)	accu 1.000 (0.978)	
Train Epoch-29  Iter-275/706	loss 0.0423 (0.0636)	accu 1.000 (0.978)	
Train Epoch-29  Iter-300/706	loss 0.0874 (0.0679)	accu 1.000 (0.977)	
Train Epoch-29  Iter-325/706	loss 0.0007 (0.0722)	accu 1.000 (0.975)	
Train Epoch-29  Iter-350/706	loss 0.4224 (0.0730)	accu 0.875 (0.975)	
Train Epoch-29  Iter-375/706	loss 0.3754 (0.0715)	accu 0.875 (0.975)	
Train Epoch-29  Iter-400/706	loss 0.1591 (0.0702)	accu 0.875 (0.976)	
Train Epoch-29  Iter-425/706	loss 0.0324 (0.0702)	accu 1.000 (0.975)	
Train Epoch-29  Iter-450/706	loss 0.0166 (0.0689)	accu 1.000 (0.976)	
Train Epoch-29  Iter-475/706	loss 0.0108 (0.0692)	accu 1.000 (0.975)	
Train Epoch-29  Iter-500/706	loss 0.0397 (0.0693)	accu 1.000 (0.975)	
Train Epoch-29  Iter-525/706	loss 0.0143 (0.0686)	accu 1.000 (0.975)	
Train Epoch-29  Iter-550/706	loss 0.0949 (0.0672)	accu 1.000 (0.976)	
Train Epoch-29  Iter-575/706	loss 0.0781 (0.0675)	accu 1.000 (0.976)	
Train Epoch-29  Iter-600/706	loss 0.0057 (0.0661)	accu 1.000 (0.976)	
Train Epoch-29  Iter-625/706	loss 0.0011 (0.0659)	accu 1.000 (0.976)	
Train Epoch-29  Iter-650/706	loss 0.2669 (0.0669)	accu 0.875 (0.976)	
Train Epoch-29  Iter-675/706	loss 0.0581 (0.0687)	accu 1.000 (0.975)	
Train Epoch-29  Iter-700/706	loss 0.0038 (0.0689)	accu 1.000 (0.975)	
Eval Epoch-29  Iter-0  /52 	loss 1.3183 (1.3183)	accu 0.625 (0.625)	
Eval Epoch-29  Iter-25 /52 	loss 1.3487 (1.2645)	accu 0.750 (0.668)	
Eval Epoch-29  Iter-50 /52 	loss 3.8856 (1.2195)	accu 0.500 (0.735)	
Epoch-29  Train: loss 0.0685	accu 0.9747	Eval: loss 1.2490	accu 0.7308
Eval Epoch-0   Iter-0  /52 	loss 1.2062 (1.2062)	accu 0.500 (0.500)	
Eval Epoch-0   Iter-25 /52 	loss 0.4318 (0.7858)	accu 0.625 (0.697)	
Eval Epoch-0   Iter-50 /52 	loss 1.8968 (0.8333)	accu 0.500 (0.681)	
Eval: loss 0.8283	accu 0.6779
Test Epoch-0   Iter-0  /59 	loss 0.8200 (0.8200)	accu 0.500 (0.500)	
Test Epoch-0   Iter-25 /59 	loss 0.2932 (0.7591)	accu 0.875 (0.649)	
Test Epoch-0   Iter-50 /59 	loss 0.3957 (0.6782)	accu 0.750 (0.699)	
Test: loss 0.6887	accu 0.6907
wandb: Waiting for W&B process to finish... (success).
wandb: 
wandb: Run history:
wandb:   Eval Acc ▁▅▂▄▅▇▃▅█▇▇█▇▇█████▇█▇▇▇▇█████
wandb:  Eval Loss ▂▂▄▁▅▁▆▇▂▆▅▃▅▆▇█▇▇▇▇▇▇▇▇▇▇▇▇▇▇
wandb:  Train Acc ▁▄▅▅▆▆▆▆▆▆▇▇██████████████████
wandb: Train Loss █▅▅▄▄▃▃▃▃▂▂▂▂▁▁▁▁▁▁▁▁▁▁▁▁▁▁▁▁▁
wandb: 
wandb: Run summary:
wandb:   Eval Acc 0.73077
wandb:  Eval Loss 1.24897
wandb:  Train Acc 0.97468
wandb: Train Loss 0.06849
wandb: 
wandb: 🚀 View run fresh-jazz-256 at: https://wandb.ai/is_project/vision_models/runs/27sv1vse
wandb: Synced 6 W&B file(s), 0 media file(s), 0 artifact file(s) and 0 other file(s)
wandb: Find logs at: ./wandb/run-20230612_181340-27sv1vse/logs
