Namespace(add_comment=True, add_description=False, add_other_comments=False, add_title=False, add_transcription=True, add_video=True, batch_size=8, clip_embeedings_path='data/CLIP_embeddings', debug=False, desc_keyphrase_extract=False, desc_token_count=100, freeze_lf_layers=23, gpu='4', lr=0.0003, max_epochs=30, max_len=512, metadata_path='data/extra_data_trans.csv', model='bert-large-cased', multitask=False, num_workers=0, other_comments_path='data/extra_data_other_comments.csv', other_comments_token_count=300, pad_metadata=True, remove_none=False, test_question_file='data/with_aug_ttv/test.csv', title_token_count=50, train_question_file='data/with_aug_ttv/train.csv', transcript_keyphrase_extract=False, transcript_token_count=512, validation_question_file='data/with_aug_ttv/eval.csv', video_path='data/videos/', work_dir='model_comment/')
wandb: Currently logged in as: shrey2809 (is_project). Use `wandb login --relogin` to force relogin
wandb: Tracking run with wandb version 0.15.4
wandb: Run data is saved locally in /scratch/AzureNfsServer_INPUT1/vc_data/users/gmanish/multiModalHate/IS-Hate-Speech/wandb/run-20230612_180846-bsi2acst
wandb: Run `wandb offline` to turn off syncing.
wandb: Syncing run upbeat-shape-249
wandb: ⭐️ View project at https://wandb.ai/is_project/vision_models
wandb: 🚀 View run at https://wandb.ai/is_project/vision_models/runs/bsi2acst
number of available devices: 1
obtained dataloaders
Some weights of the model checkpoint at bert-large-cased were not used when initializing BertModel: ['cls.predictions.transform.dense.weight', 'cls.predictions.transform.LayerNorm.bias', 'cls.predictions.transform.LayerNorm.weight', 'cls.seq_relationship.bias', 'cls.predictions.transform.dense.bias', 'cls.predictions.bias', 'cls.seq_relationship.weight', 'cls.predictions.decoder.weight']
- This IS expected if you are initializing BertModel from the checkpoint of a model trained on another task or with another architecture (e.g. initializing a BertForSequenceClassification model from a BertForPreTraining model).
- This IS NOT expected if you are initializing BertModel from the checkpoint of a model that you expect to be exactly identical (initializing a BertForSequenceClassification model from a BertForSequenceClassification model).
loaded models
Train Epoch-0   Iter-0  /706	loss 0.6609 (0.6609)	accu 0.625 (0.625)	
Train Epoch-0   Iter-25 /706	loss 0.5676 (0.6854)	accu 0.875 (0.591)	
Train Epoch-0   Iter-50 /706	loss 0.4821 (0.6673)	accu 0.875 (0.630)	
Train Epoch-0   Iter-75 /706	loss 0.5977 (0.6193)	accu 0.750 (0.674)	
Train Epoch-0   Iter-100/706	loss 0.2452 (0.5711)	accu 1.000 (0.710)	
Train Epoch-0   Iter-125/706	loss 0.4173 (0.5446)	accu 0.875 (0.731)	
Train Epoch-0   Iter-150/706	loss 0.6840 (0.5094)	accu 0.625 (0.755)	
Train Epoch-0   Iter-175/706	loss 0.2809 (0.5003)	accu 0.875 (0.765)	
Train Epoch-0   Iter-200/706	loss 0.5024 (0.4960)	accu 0.750 (0.771)	
Train Epoch-0   Iter-225/706	loss 0.2730 (0.4915)	accu 0.875 (0.776)	
Train Epoch-0   Iter-250/706	loss 0.7403 (0.4879)	accu 0.625 (0.782)	
Train Epoch-0   Iter-275/706	loss 0.4446 (0.4798)	accu 0.750 (0.785)	
Train Epoch-0   Iter-300/706	loss 0.1556 (0.4649)	accu 1.000 (0.794)	
Train Epoch-0   Iter-325/706	loss 0.0643 (0.4522)	accu 1.000 (0.801)	
Train Epoch-0   Iter-350/706	loss 0.1825 (0.4419)	accu 0.875 (0.808)	
Train Epoch-0   Iter-375/706	loss 0.8738 (0.4326)	accu 0.500 (0.813)	
Train Epoch-0   Iter-400/706	loss 0.1775 (0.4164)	accu 0.875 (0.821)	
Train Epoch-0   Iter-425/706	loss 0.0735 (0.4133)	accu 1.000 (0.825)	
Train Epoch-0   Iter-450/706	loss 0.2680 (0.4070)	accu 0.875 (0.829)	
Train Epoch-0   Iter-475/706	loss 0.1318 (0.4002)	accu 0.875 (0.832)	
Train Epoch-0   Iter-500/706	loss 0.1264 (0.3894)	accu 1.000 (0.838)	
Train Epoch-0   Iter-525/706	loss 0.0177 (0.3816)	accu 1.000 (0.841)	
Train Epoch-0   Iter-550/706	loss 0.0793 (0.3780)	accu 1.000 (0.842)	
Train Epoch-0   Iter-575/706	loss 0.0500 (0.3712)	accu 1.000 (0.846)	
Train Epoch-0   Iter-600/706	loss 0.4074 (0.3653)	accu 0.875 (0.850)	
Train Epoch-0   Iter-625/706	loss 0.5162 (0.3590)	accu 0.875 (0.853)	
Train Epoch-0   Iter-650/706	loss 0.2896 (0.3570)	accu 0.750 (0.853)	
Train Epoch-0   Iter-675/706	loss 0.0822 (0.3540)	accu 1.000 (0.854)	
Train Epoch-0   Iter-700/706	loss 0.0268 (0.3482)	accu 1.000 (0.857)	
Eval Epoch-0   Iter-0  /52 	loss 1.7060 (1.7060)	accu 0.500 (0.500)	
Eval Epoch-0   Iter-25 /52 	loss 0.1232 (1.0236)	accu 1.000 (0.601)	
Eval Epoch-0   Iter-50 /52 	loss 0.3994 (0.8783)	accu 0.750 (0.667)	
Epoch-0   Train: loss 0.3470	accu 0.8578	Eval: loss 0.8860	accu 0.6611
Train Epoch-1   Iter-0  /706	loss 0.0432 (0.0432)	accu 1.000 (1.000)	
Train Epoch-1   Iter-25 /706	loss 0.0873 (0.1959)	accu 1.000 (0.928)	
Train Epoch-1   Iter-50 /706	loss 0.0607 (0.2080)	accu 1.000 (0.926)	
Train Epoch-1   Iter-75 /706	loss 0.0678 (0.2087)	accu 1.000 (0.928)	
Train Epoch-1   Iter-100/706	loss 0.0414 (0.2024)	accu 1.000 (0.931)	
Train Epoch-1   Iter-125/706	loss 0.1033 (0.2019)	accu 1.000 (0.931)	
Train Epoch-1   Iter-150/706	loss 0.0730 (0.2057)	accu 1.000 (0.928)	
Train Epoch-1   Iter-175/706	loss 0.4169 (0.2033)	accu 0.875 (0.930)	
Train Epoch-1   Iter-200/706	loss 0.4597 (0.2142)	accu 0.750 (0.928)	
Train Epoch-1   Iter-225/706	loss 0.3811 (0.2330)	accu 0.875 (0.919)	
Train Epoch-1   Iter-250/706	loss 0.0261 (0.2391)	accu 1.000 (0.918)	
Train Epoch-1   Iter-275/706	loss 0.1099 (0.2432)	accu 1.000 (0.917)	
Train Epoch-1   Iter-300/706	loss 0.3305 (0.2457)	accu 0.875 (0.917)	
Train Epoch-1   Iter-325/706	loss 0.0566 (0.2432)	accu 1.000 (0.918)	
Train Epoch-1   Iter-350/706	loss 0.1195 (0.2436)	accu 0.875 (0.915)	
Train Epoch-1   Iter-375/706	loss 0.2326 (0.2441)	accu 0.875 (0.915)	
Train Epoch-1   Iter-400/706	loss 0.2785 (0.2439)	accu 0.875 (0.915)	
Train Epoch-1   Iter-425/706	loss 0.0197 (0.2431)	accu 1.000 (0.915)	
Train Epoch-1   Iter-450/706	loss 0.0718 (0.2400)	accu 1.000 (0.917)	
Train Epoch-1   Iter-475/706	loss 0.1029 (0.2378)	accu 1.000 (0.918)	
Train Epoch-1   Iter-500/706	loss 0.0499 (0.2311)	accu 1.000 (0.920)	
Train Epoch-1   Iter-525/706	loss 0.2215 (0.2282)	accu 0.875 (0.921)	
Train Epoch-1   Iter-550/706	loss 0.0075 (0.2233)	accu 1.000 (0.923)	
Train Epoch-1   Iter-575/706	loss 0.0431 (0.2240)	accu 1.000 (0.923)	
Train Epoch-1   Iter-600/706	loss 0.0663 (0.2261)	accu 1.000 (0.923)	
Train Epoch-1   Iter-625/706	loss 0.4213 (0.2264)	accu 0.750 (0.923)	
Train Epoch-1   Iter-650/706	loss 0.0714 (0.2250)	accu 1.000 (0.924)	
Train Epoch-1   Iter-675/706	loss 0.4540 (0.2228)	accu 0.875 (0.925)	
Train Epoch-1   Iter-700/706	loss 0.0681 (0.2210)	accu 1.000 (0.925)	
Eval Epoch-1   Iter-0  /52 	loss 1.1961 (1.1961)	accu 0.500 (0.500)	
Eval Epoch-1   Iter-25 /52 	loss 0.1162 (0.7375)	accu 1.000 (0.678)	
Eval Epoch-1   Iter-50 /52 	loss 0.7154 (0.6333)	accu 0.625 (0.738)	
Epoch-1   Train: loss 0.2235	accu 0.9241	Eval: loss 0.6474	accu 0.7332
Train Epoch-2   Iter-0  /706	loss 0.0339 (0.0339)	accu 1.000 (1.000)	
Train Epoch-2   Iter-25 /706	loss 0.1209 (0.1629)	accu 0.875 (0.928)	
Train Epoch-2   Iter-50 /706	loss 0.0836 (0.1654)	accu 1.000 (0.936)	
Train Epoch-2   Iter-75 /706	loss 0.0144 (0.1415)	accu 1.000 (0.946)	
Train Epoch-2   Iter-100/706	loss 0.1780 (0.1301)	accu 0.875 (0.948)	
Train Epoch-2   Iter-125/706	loss 0.0847 (0.1342)	accu 1.000 (0.944)	
Train Epoch-2   Iter-150/706	loss 0.0218 (0.1455)	accu 1.000 (0.940)	
Train Epoch-2   Iter-175/706	loss 0.0493 (0.1571)	accu 1.000 (0.938)	
Train Epoch-2   Iter-200/706	loss 0.2402 (0.1558)	accu 0.875 (0.937)	
Train Epoch-2   Iter-225/706	loss 0.0371 (0.1594)	accu 1.000 (0.938)	
Train Epoch-2   Iter-250/706	loss 0.3118 (0.1678)	accu 0.875 (0.934)	
Train Epoch-2   Iter-275/706	loss 0.0061 (0.1658)	accu 1.000 (0.937)	
Train Epoch-2   Iter-300/706	loss 0.0795 (0.1643)	accu 1.000 (0.938)	
Train Epoch-2   Iter-325/706	loss 0.0648 (0.1631)	accu 1.000 (0.938)	
Train Epoch-2   Iter-350/706	loss 0.3013 (0.1682)	accu 0.875 (0.937)	
Train Epoch-2   Iter-375/706	loss 0.4170 (0.1695)	accu 0.750 (0.936)	
Train Epoch-2   Iter-400/706	loss 0.0143 (0.1641)	accu 1.000 (0.937)	
Train Epoch-2   Iter-425/706	loss 0.0480 (0.1614)	accu 1.000 (0.939)	
Train Epoch-2   Iter-450/706	loss 0.0673 (0.1626)	accu 1.000 (0.938)	
Train Epoch-2   Iter-475/706	loss 0.1200 (0.1657)	accu 1.000 (0.938)	
Train Epoch-2   Iter-500/706	loss 0.0079 (0.1618)	accu 1.000 (0.939)	
Train Epoch-2   Iter-525/706	loss 0.0493 (0.1612)	accu 1.000 (0.940)	
Train Epoch-2   Iter-550/706	loss 0.0428 (0.1628)	accu 1.000 (0.940)	
Train Epoch-2   Iter-575/706	loss 0.2455 (0.1648)	accu 0.875 (0.939)	
Train Epoch-2   Iter-600/706	loss 0.0704 (0.1622)	accu 1.000 (0.940)	
Train Epoch-2   Iter-625/706	loss 0.2491 (0.1644)	accu 0.750 (0.938)	
Train Epoch-2   Iter-650/706	loss 0.1096 (0.1662)	accu 1.000 (0.938)	
Train Epoch-2   Iter-675/706	loss 0.2646 (0.1656)	accu 0.875 (0.939)	
Train Epoch-2   Iter-700/706	loss 0.0128 (0.1645)	accu 1.000 (0.939)	
Eval Epoch-2   Iter-0  /52 	loss 1.2122 (1.2122)	accu 0.750 (0.750)	
Eval Epoch-2   Iter-25 /52 	loss 0.1085 (0.9679)	accu 1.000 (0.668)	
Eval Epoch-2   Iter-50 /52 	loss 0.2322 (0.7286)	accu 1.000 (0.738)	
Epoch-2   Train: loss 0.1644	accu 0.9389	Eval: loss 0.7428	accu 0.7332
Train Epoch-3   Iter-0  /706	loss 0.0675 (0.0675)	accu 1.000 (1.000)	
Train Epoch-3   Iter-25 /706	loss 0.1889 (0.1252)	accu 0.875 (0.952)	
Train Epoch-3   Iter-50 /706	loss 0.0391 (0.1539)	accu 1.000 (0.941)	
Train Epoch-3   Iter-75 /706	loss 0.5785 (0.1640)	accu 0.875 (0.939)	
Train Epoch-3   Iter-100/706	loss 0.0446 (0.1513)	accu 1.000 (0.942)	
Train Epoch-3   Iter-125/706	loss 0.5999 (0.1495)	accu 0.875 (0.944)	
Train Epoch-3   Iter-150/706	loss 0.4056 (0.2153)	accu 0.750 (0.918)	
Train Epoch-3   Iter-175/706	loss 0.1276 (0.2145)	accu 0.875 (0.920)	
Train Epoch-3   Iter-200/706	loss 0.0581 (0.2018)	accu 1.000 (0.925)	
Train Epoch-3   Iter-225/706	loss 0.2004 (0.1986)	accu 0.875 (0.925)	
Train Epoch-3   Iter-250/706	loss 0.0088 (0.1972)	accu 1.000 (0.924)	
Train Epoch-3   Iter-275/706	loss 0.1124 (0.1929)	accu 0.875 (0.925)	
Train Epoch-3   Iter-300/706	loss 0.0338 (0.1850)	accu 1.000 (0.929)	
Train Epoch-3   Iter-325/706	loss 0.0123 (0.1840)	accu 1.000 (0.928)	
Train Epoch-3   Iter-350/706	loss 0.0360 (0.1852)	accu 1.000 (0.929)	
Train Epoch-3   Iter-375/706	loss 0.0982 (0.1837)	accu 1.000 (0.930)	
Train Epoch-3   Iter-400/706	loss 0.1382 (0.1832)	accu 0.875 (0.930)	
Train Epoch-3   Iter-425/706	loss 0.0196 (0.1765)	accu 1.000 (0.933)	
Train Epoch-3   Iter-450/706	loss 0.0182 (0.1739)	accu 1.000 (0.935)	
Train Epoch-3   Iter-475/706	loss 0.0498 (0.1713)	accu 1.000 (0.934)	
Train Epoch-3   Iter-500/706	loss 0.5789 (0.1678)	accu 0.875 (0.935)	
Train Epoch-3   Iter-525/706	loss 0.0764 (0.1683)	accu 1.000 (0.936)	
Train Epoch-3   Iter-550/706	loss 0.0201 (0.1694)	accu 1.000 (0.934)	
Train Epoch-3   Iter-575/706	loss 0.0800 (0.1706)	accu 1.000 (0.934)	
Train Epoch-3   Iter-600/706	loss 0.1376 (0.1691)	accu 0.875 (0.936)	
Train Epoch-3   Iter-625/706	loss 0.0145 (0.1680)	accu 1.000 (0.936)	
Train Epoch-3   Iter-650/706	loss 0.0520 (0.1659)	accu 1.000 (0.937)	
Train Epoch-3   Iter-675/706	loss 0.0150 (0.1638)	accu 1.000 (0.938)	
Train Epoch-3   Iter-700/706	loss 0.3506 (0.1630)	accu 0.875 (0.938)	
Eval Epoch-3   Iter-0  /52 	loss 1.5043 (1.5043)	accu 0.625 (0.625)	
Eval Epoch-3   Iter-25 /52 	loss 0.1616 (1.0517)	accu 0.875 (0.625)	
Eval Epoch-3   Iter-50 /52 	loss 0.2138 (0.9111)	accu 1.000 (0.711)	
Epoch-3   Train: loss 0.1621	accu 0.9384	Eval: loss 0.9456	accu 0.7067
Train Epoch-4   Iter-0  /706	loss 0.0412 (0.0412)	accu 1.000 (1.000)	
Train Epoch-4   Iter-25 /706	loss 0.0091 (0.1238)	accu 1.000 (0.957)	
Train Epoch-4   Iter-50 /706	loss 0.2179 (0.1295)	accu 0.875 (0.946)	
Train Epoch-4   Iter-75 /706	loss 0.1469 (0.1241)	accu 0.875 (0.947)	
Train Epoch-4   Iter-100/706	loss 0.2732 (0.1338)	accu 0.750 (0.944)	
Train Epoch-4   Iter-125/706	loss 0.1776 (0.1292)	accu 0.875 (0.944)	
Train Epoch-4   Iter-150/706	loss 0.1870 (0.1276)	accu 0.875 (0.945)	
Train Epoch-4   Iter-175/706	loss 0.0101 (0.1266)	accu 1.000 (0.948)	
Train Epoch-4   Iter-200/706	loss 0.0513 (0.1275)	accu 1.000 (0.947)	
Train Epoch-4   Iter-225/706	loss 0.0181 (0.1258)	accu 1.000 (0.950)	
Train Epoch-4   Iter-250/706	loss 0.4904 (0.1324)	accu 0.875 (0.948)	
Train Epoch-4   Iter-275/706	loss 0.0449 (0.1285)	accu 1.000 (0.949)	
Train Epoch-4   Iter-300/706	loss 0.0153 (0.1337)	accu 1.000 (0.948)	
Train Epoch-4   Iter-325/706	loss 0.0228 (0.1358)	accu 1.000 (0.948)	
Train Epoch-4   Iter-350/706	loss 0.4734 (0.1395)	accu 0.875 (0.948)	
Train Epoch-4   Iter-375/706	loss 0.0247 (0.1423)	accu 1.000 (0.946)	
Train Epoch-4   Iter-400/706	loss 0.6103 (0.1427)	accu 0.875 (0.946)	
Train Epoch-4   Iter-425/706	loss 0.0355 (0.1403)	accu 1.000 (0.946)	
Train Epoch-4   Iter-450/706	loss 0.0340 (0.1428)	accu 1.000 (0.946)	
Train Epoch-4   Iter-475/706	loss 0.1597 (0.1396)	accu 0.875 (0.947)	
Train Epoch-4   Iter-500/706	loss 0.7036 (0.1404)	accu 0.750 (0.948)	
Train Epoch-4   Iter-525/706	loss 0.1779 (0.1422)	accu 0.875 (0.947)	
Train Epoch-4   Iter-550/706	loss 0.1832 (0.1431)	accu 0.875 (0.947)	
Train Epoch-4   Iter-575/706	loss 0.1956 (0.1419)	accu 0.875 (0.947)	
Train Epoch-4   Iter-600/706	loss 0.0537 (0.1412)	accu 1.000 (0.948)	
Train Epoch-4   Iter-625/706	loss 0.4745 (0.1413)	accu 0.875 (0.947)	
Train Epoch-4   Iter-650/706	loss 0.0157 (0.1393)	accu 1.000 (0.948)	
Train Epoch-4   Iter-675/706	loss 0.0166 (0.1414)	accu 1.000 (0.948)	
Train Epoch-4   Iter-700/706	loss 0.0472 (0.1424)	accu 1.000 (0.948)	
Eval Epoch-4   Iter-0  /52 	loss 0.8864 (0.8864)	accu 0.625 (0.625)	
Eval Epoch-4   Iter-25 /52 	loss 0.0005 (0.8807)	accu 1.000 (0.582)	
Eval Epoch-4   Iter-50 /52 	loss 1.0012 (0.7277)	accu 0.750 (0.701)	
Epoch-4   Train: loss 0.1421	accu 0.9487	Eval: loss 0.7296	accu 0.7019
Train Epoch-5   Iter-0  /706	loss 0.0357 (0.0357)	accu 1.000 (1.000)	
Train Epoch-5   Iter-25 /706	loss 0.8849 (0.1161)	accu 0.875 (0.962)	
Train Epoch-5   Iter-50 /706	loss 0.0184 (0.1119)	accu 1.000 (0.961)	
Train Epoch-5   Iter-75 /706	loss 0.0933 (0.1462)	accu 1.000 (0.949)	
Train Epoch-5   Iter-100/706	loss 0.6341 (0.1439)	accu 0.875 (0.952)	
Train Epoch-5   Iter-125/706	loss 0.0446 (0.1501)	accu 1.000 (0.946)	
Train Epoch-5   Iter-150/706	loss 0.0585 (0.1544)	accu 1.000 (0.945)	
Train Epoch-5   Iter-175/706	loss 0.0109 (0.1568)	accu 1.000 (0.947)	
Train Epoch-5   Iter-200/706	loss 0.0953 (0.1524)	accu 1.000 (0.949)	
Train Epoch-5   Iter-225/706	loss 0.1012 (0.1447)	accu 1.000 (0.952)	
Train Epoch-5   Iter-250/706	loss 0.0099 (0.1437)	accu 1.000 (0.951)	
Train Epoch-5   Iter-275/706	loss 0.1391 (0.1434)	accu 1.000 (0.951)	
Train Epoch-5   Iter-300/706	loss 0.7094 (0.1411)	accu 0.875 (0.953)	
Train Epoch-5   Iter-325/706	loss 0.0102 (0.1385)	accu 1.000 (0.954)	
Train Epoch-5   Iter-350/706	loss 0.0269 (0.1393)	accu 1.000 (0.953)	
Train Epoch-5   Iter-375/706	loss 0.3671 (0.1363)	accu 0.750 (0.953)	
Train Epoch-5   Iter-400/706	loss 0.1952 (0.1370)	accu 1.000 (0.953)	
Train Epoch-5   Iter-425/706	loss 0.0608 (0.1352)	accu 1.000 (0.954)	
Train Epoch-5   Iter-450/706	loss 0.3446 (0.1372)	accu 0.875 (0.953)	
Train Epoch-5   Iter-475/706	loss 0.0755 (0.1367)	accu 1.000 (0.954)	
Train Epoch-5   Iter-500/706	loss 0.3655 (0.1365)	accu 0.875 (0.954)	
Train Epoch-5   Iter-525/706	loss 0.0183 (0.1359)	accu 1.000 (0.954)	
Train Epoch-5   Iter-550/706	loss 0.4073 (0.1346)	accu 0.750 (0.954)	
Train Epoch-5   Iter-575/706	loss 0.0028 (0.1349)	accu 1.000 (0.953)	
Train Epoch-5   Iter-600/706	loss 0.3066 (0.1374)	accu 0.875 (0.952)	
Train Epoch-5   Iter-625/706	loss 0.2223 (0.1384)	accu 0.750 (0.951)	
Train Epoch-5   Iter-650/706	loss 0.0087 (0.1373)	accu 1.000 (0.952)	
Train Epoch-5   Iter-675/706	loss 0.1880 (0.1354)	accu 0.875 (0.952)	
Train Epoch-5   Iter-700/706	loss 0.1772 (0.1347)	accu 0.875 (0.953)	
Eval Epoch-5   Iter-0  /52 	loss 1.3032 (1.3032)	accu 0.750 (0.750)	
Eval Epoch-5   Iter-25 /52 	loss 0.0774 (1.0121)	accu 1.000 (0.611)	
Eval Epoch-5   Iter-50 /52 	loss 0.7824 (0.7062)	accu 0.750 (0.725)	
Epoch-5   Train: loss 0.1343	accu 0.9527	Eval: loss 0.6991	accu 0.7260
Train Epoch-6   Iter-0  /706	loss 0.0349 (0.0349)	accu 1.000 (1.000)	
Train Epoch-6   Iter-25 /706	loss 0.0790 (0.0486)	accu 1.000 (0.986)	
Train Epoch-6   Iter-50 /706	loss 0.3622 (0.0952)	accu 0.875 (0.963)	
Train Epoch-6   Iter-75 /706	loss 0.0402 (0.0923)	accu 1.000 (0.964)	
Train Epoch-6   Iter-100/706	loss 0.0502 (0.1060)	accu 1.000 (0.960)	
Train Epoch-6   Iter-125/706	loss 0.1810 (0.1326)	accu 0.875 (0.956)	
Train Epoch-6   Iter-150/706	loss 0.3744 (0.1406)	accu 0.875 (0.954)	
Train Epoch-6   Iter-175/706	loss 0.1117 (0.1390)	accu 1.000 (0.955)	
Train Epoch-6   Iter-200/706	loss 0.3902 (0.1409)	accu 0.875 (0.955)	
Train Epoch-6   Iter-225/706	loss 0.0465 (0.1394)	accu 1.000 (0.952)	
Train Epoch-6   Iter-250/706	loss 0.0072 (0.1386)	accu 1.000 (0.953)	
Train Epoch-6   Iter-275/706	loss 0.0100 (0.1385)	accu 1.000 (0.954)	
Train Epoch-6   Iter-300/706	loss 0.0858 (0.1372)	accu 1.000 (0.954)	
Train Epoch-6   Iter-325/706	loss 0.0268 (0.1363)	accu 1.000 (0.954)	
Train Epoch-6   Iter-350/706	loss 0.5630 (0.1389)	accu 0.750 (0.953)	
Train Epoch-6   Iter-375/706	loss 0.0614 (0.1381)	accu 1.000 (0.953)	
Train Epoch-6   Iter-400/706	loss 0.0247 (0.1343)	accu 1.000 (0.954)	
Train Epoch-6   Iter-425/706	loss 0.2272 (0.1309)	accu 0.875 (0.955)	
Train Epoch-6   Iter-450/706	loss 0.0043 (0.1338)	accu 1.000 (0.953)	
Train Epoch-6   Iter-475/706	loss 0.2211 (0.1324)	accu 0.875 (0.954)	
Train Epoch-6   Iter-500/706	loss 0.0191 (0.1318)	accu 1.000 (0.953)	
Train Epoch-6   Iter-525/706	loss 0.0436 (0.1313)	accu 1.000 (0.953)	
Train Epoch-6   Iter-550/706	loss 0.1256 (0.1303)	accu 0.875 (0.953)	
Train Epoch-6   Iter-575/706	loss 0.2016 (0.1286)	accu 0.875 (0.953)	
Train Epoch-6   Iter-600/706	loss 0.0076 (0.1303)	accu 1.000 (0.952)	
Train Epoch-6   Iter-625/706	loss 0.0216 (0.1319)	accu 1.000 (0.952)	
Train Epoch-6   Iter-650/706	loss 0.0393 (0.1319)	accu 1.000 (0.951)	
Train Epoch-6   Iter-675/706	loss 0.1483 (0.1334)	accu 0.875 (0.950)	
Train Epoch-6   Iter-700/706	loss 0.0146 (0.1343)	accu 1.000 (0.950)	
Eval Epoch-6   Iter-0  /52 	loss 1.9746 (1.9746)	accu 0.500 (0.500)	
Eval Epoch-6   Iter-25 /52 	loss 0.0850 (1.5425)	accu 1.000 (0.529)	
Eval Epoch-6   Iter-50 /52 	loss 0.0842 (1.1104)	accu 1.000 (0.654)	
Epoch-6   Train: loss 0.1336	accu 0.9504	Eval: loss 1.0955	accu 0.6587
Train Epoch-7   Iter-0  /706	loss 0.5387 (0.5387)	accu 0.875 (0.875)	
Train Epoch-7   Iter-25 /706	loss 0.0102 (0.1785)	accu 1.000 (0.952)	
Train Epoch-7   Iter-50 /706	loss 0.3349 (0.1533)	accu 0.750 (0.949)	
Train Epoch-7   Iter-75 /706	loss 0.0576 (0.1427)	accu 1.000 (0.949)	
Train Epoch-7   Iter-100/706	loss 0.1544 (0.1408)	accu 1.000 (0.950)	
Train Epoch-7   Iter-125/706	loss 0.0796 (0.1357)	accu 1.000 (0.953)	
Train Epoch-7   Iter-150/706	loss 0.1166 (0.1419)	accu 0.875 (0.950)	
Train Epoch-7   Iter-175/706	loss 0.0131 (0.1385)	accu 1.000 (0.951)	
Train Epoch-7   Iter-200/706	loss 0.5045 (0.1397)	accu 0.750 (0.951)	
Train Epoch-7   Iter-225/706	loss 0.1383 (0.1405)	accu 0.875 (0.951)	
Train Epoch-7   Iter-250/706	loss 0.3238 (0.1376)	accu 0.875 (0.952)	
Train Epoch-7   Iter-275/706	loss 0.1050 (0.1347)	accu 0.875 (0.952)	
Train Epoch-7   Iter-300/706	loss 0.0009 (0.1308)	accu 1.000 (0.953)	
Train Epoch-7   Iter-325/706	loss 0.0567 (0.1285)	accu 1.000 (0.954)	
Train Epoch-7   Iter-350/706	loss 0.1365 (0.1278)	accu 1.000 (0.955)	
Train Epoch-7   Iter-375/706	loss 0.0375 (0.1271)	accu 1.000 (0.955)	
Train Epoch-7   Iter-400/706	loss 0.3271 (0.1283)	accu 0.875 (0.954)	
Train Epoch-7   Iter-425/706	loss 0.0187 (0.1268)	accu 1.000 (0.954)	
Train Epoch-7   Iter-450/706	loss 0.4035 (0.1245)	accu 0.875 (0.955)	
Train Epoch-7   Iter-475/706	loss 0.0060 (0.1238)	accu 1.000 (0.955)	
Train Epoch-7   Iter-500/706	loss 0.0104 (0.1215)	accu 1.000 (0.955)	
Train Epoch-7   Iter-525/706	loss 0.3415 (0.1194)	accu 0.875 (0.956)	
Train Epoch-7   Iter-550/706	loss 0.2658 (0.1199)	accu 0.875 (0.956)	
Train Epoch-7   Iter-575/706	loss 0.1115 (0.1186)	accu 1.000 (0.957)	
Train Epoch-7   Iter-600/706	loss 0.0167 (0.1220)	accu 1.000 (0.956)	
Train Epoch-7   Iter-625/706	loss 0.1171 (0.1238)	accu 0.875 (0.956)	
Train Epoch-7   Iter-650/706	loss 0.0590 (0.1255)	accu 1.000 (0.955)	
Train Epoch-7   Iter-675/706	loss 0.2609 (0.1261)	accu 0.750 (0.955)	
Train Epoch-7   Iter-700/706	loss 0.0258 (0.1259)	accu 1.000 (0.955)	
Eval Epoch-7   Iter-0  /52 	loss 1.2531 (1.2531)	accu 0.500 (0.500)	
Eval Epoch-7   Iter-25 /52 	loss 0.0777 (0.8856)	accu 1.000 (0.649)	
Eval Epoch-7   Iter-50 /52 	loss 1.2082 (0.7701)	accu 0.625 (0.745)	
Epoch-7   Train: loss 0.1264	accu 0.9550	Eval: loss 0.8167	accu 0.7380
Epoch     8: reducing learning rate of group 0 to 3.0000e-05.
Train Epoch-8   Iter-0  /706	loss 0.1186 (0.1186)	accu 0.875 (0.875)	
Train Epoch-8   Iter-25 /706	loss 0.2066 (0.0850)	accu 0.875 (0.962)	
Train Epoch-8   Iter-50 /706	loss 0.0114 (0.1003)	accu 1.000 (0.963)	
Train Epoch-8   Iter-75 /706	loss 0.0133 (0.1040)	accu 1.000 (0.961)	
Train Epoch-8   Iter-100/706	loss 0.0089 (0.0958)	accu 1.000 (0.962)	
Train Epoch-8   Iter-125/706	loss 0.1009 (0.0977)	accu 1.000 (0.963)	
Train Epoch-8   Iter-150/706	loss 0.2832 (0.0968)	accu 0.875 (0.964)	
Train Epoch-8   Iter-175/706	loss 0.0175 (0.0924)	accu 1.000 (0.966)	
Train Epoch-8   Iter-200/706	loss 0.0117 (0.0961)	accu 1.000 (0.963)	
Train Epoch-8   Iter-225/706	loss 0.1870 (0.0981)	accu 1.000 (0.963)	
Train Epoch-8   Iter-250/706	loss 0.0367 (0.1050)	accu 1.000 (0.960)	
Train Epoch-8   Iter-275/706	loss 0.0184 (0.1044)	accu 1.000 (0.961)	
Train Epoch-8   Iter-300/706	loss 0.1143 (0.1059)	accu 0.875 (0.961)	
Train Epoch-8   Iter-325/706	loss 0.0606 (0.1049)	accu 1.000 (0.961)	
Train Epoch-8   Iter-350/706	loss 0.0179 (0.1031)	accu 1.000 (0.961)	
Train Epoch-8   Iter-375/706	loss 0.1337 (0.1033)	accu 0.875 (0.962)	
Train Epoch-8   Iter-400/706	loss 0.0185 (0.1014)	accu 1.000 (0.963)	
Train Epoch-8   Iter-425/706	loss 0.3783 (0.0995)	accu 0.875 (0.964)	
Train Epoch-8   Iter-450/706	loss 0.0144 (0.0972)	accu 1.000 (0.965)	
Train Epoch-8   Iter-475/706	loss 0.0111 (0.0978)	accu 1.000 (0.964)	
Train Epoch-8   Iter-500/706	loss 0.0179 (0.0956)	accu 1.000 (0.965)	
Train Epoch-8   Iter-525/706	loss 0.0972 (0.0962)	accu 0.875 (0.965)	
Train Epoch-8   Iter-550/706	loss 0.0261 (0.0971)	accu 1.000 (0.964)	
Train Epoch-8   Iter-575/706	loss 0.0378 (0.0959)	accu 1.000 (0.965)	
Train Epoch-8   Iter-600/706	loss 0.0400 (0.0948)	accu 1.000 (0.965)	
Train Epoch-8   Iter-625/706	loss 0.1779 (0.0945)	accu 0.875 (0.965)	
Train Epoch-8   Iter-650/706	loss 0.3621 (0.0939)	accu 0.875 (0.965)	
Train Epoch-8   Iter-675/706	loss 0.2164 (0.0932)	accu 0.875 (0.965)	
Train Epoch-8   Iter-700/706	loss 0.0046 (0.0933)	accu 1.000 (0.965)	
Eval Epoch-8   Iter-0  /52 	loss 1.1836 (1.1836)	accu 0.625 (0.625)	
Eval Epoch-8   Iter-25 /52 	loss 0.0291 (0.7354)	accu 1.000 (0.726)	
Eval Epoch-8   Iter-50 /52 	loss 1.3913 (0.7332)	accu 0.625 (0.772)	
Epoch-8   Train: loss 0.0930	accu 0.9648	Eval: loss 0.7793	accu 0.7644
Train Epoch-9   Iter-0  /706	loss 0.0051 (0.0051)	accu 1.000 (1.000)	
Train Epoch-9   Iter-25 /706	loss 0.1873 (0.1078)	accu 0.875 (0.957)	
Train Epoch-9   Iter-50 /706	loss 0.4931 (0.1054)	accu 0.750 (0.956)	
Train Epoch-9   Iter-75 /706	loss 0.0172 (0.1129)	accu 1.000 (0.959)	
Train Epoch-9   Iter-100/706	loss 0.0565 (0.1025)	accu 1.000 (0.962)	
Train Epoch-9   Iter-125/706	loss 0.1553 (0.1079)	accu 0.875 (0.961)	
Train Epoch-9   Iter-150/706	loss 0.0036 (0.1042)	accu 1.000 (0.964)	
Train Epoch-9   Iter-175/706	loss 0.0090 (0.1003)	accu 1.000 (0.966)	
Train Epoch-9   Iter-200/706	loss 0.0319 (0.1015)	accu 1.000 (0.963)	
Train Epoch-9   Iter-225/706	loss 0.0686 (0.0993)	accu 1.000 (0.964)	
Train Epoch-9   Iter-250/706	loss 0.0257 (0.1011)	accu 1.000 (0.964)	
Train Epoch-9   Iter-275/706	loss 0.0057 (0.0975)	accu 1.000 (0.965)	
Train Epoch-9   Iter-300/706	loss 0.0060 (0.0991)	accu 1.000 (0.964)	
Train Epoch-9   Iter-325/706	loss 0.1034 (0.0981)	accu 0.875 (0.965)	
Train Epoch-9   Iter-350/706	loss 0.0180 (0.0966)	accu 1.000 (0.967)	
Train Epoch-9   Iter-375/706	loss 0.1111 (0.0968)	accu 1.000 (0.966)	
Train Epoch-9   Iter-400/706	loss 0.1847 (0.0958)	accu 0.875 (0.967)	
Train Epoch-9   Iter-425/706	loss 0.0045 (0.0959)	accu 1.000 (0.967)	
Train Epoch-9   Iter-450/706	loss 0.0204 (0.0938)	accu 1.000 (0.968)	
Train Epoch-9   Iter-475/706	loss 0.0605 (0.0938)	accu 1.000 (0.967)	
Train Epoch-9   Iter-500/706	loss 0.0058 (0.0954)	accu 1.000 (0.967)	
Train Epoch-9   Iter-525/706	loss 0.0395 (0.0938)	accu 1.000 (0.968)	
Train Epoch-9   Iter-550/706	loss 0.5233 (0.0940)	accu 0.875 (0.968)	
Train Epoch-9   Iter-575/706	loss 0.0901 (0.0923)	accu 1.000 (0.969)	
Train Epoch-9   Iter-600/706	loss 0.1414 (0.0911)	accu 0.875 (0.969)	
Train Epoch-9   Iter-625/706	loss 0.0038 (0.0904)	accu 1.000 (0.968)	
Train Epoch-9   Iter-650/706	loss 0.0100 (0.0905)	accu 1.000 (0.968)	
Train Epoch-9   Iter-675/706	loss 0.0259 (0.0887)	accu 1.000 (0.968)	
Train Epoch-9   Iter-700/706	loss 0.0060 (0.0877)	accu 1.000 (0.969)	
Eval Epoch-9   Iter-0  /52 	loss 1.4914 (1.4914)	accu 0.625 (0.625)	
Eval Epoch-9   Iter-25 /52 	loss 0.0485 (0.9213)	accu 1.000 (0.712)	
Eval Epoch-9   Iter-50 /52 	loss 0.9989 (0.7614)	accu 0.750 (0.779)	
Epoch-9   Train: loss 0.0877	accu 0.9688	Eval: loss 0.7984	accu 0.7740
Train Epoch-10  Iter-0  /706	loss 0.0143 (0.0143)	accu 1.000 (1.000)	
Train Epoch-10  Iter-25 /706	loss 0.1000 (0.0911)	accu 0.875 (0.957)	
Train Epoch-10  Iter-50 /706	loss 0.1359 (0.1047)	accu 0.875 (0.961)	
Train Epoch-10  Iter-75 /706	loss 0.0307 (0.1038)	accu 1.000 (0.965)	
Train Epoch-10  Iter-100/706	loss 0.0069 (0.1060)	accu 1.000 (0.963)	
Train Epoch-10  Iter-125/706	loss 0.1007 (0.1129)	accu 1.000 (0.961)	
Train Epoch-10  Iter-150/706	loss 0.0046 (0.1015)	accu 1.000 (0.966)	
Train Epoch-10  Iter-175/706	loss 0.0063 (0.0963)	accu 1.000 (0.967)	
Train Epoch-10  Iter-200/706	loss 0.7844 (0.1046)	accu 0.875 (0.965)	
Train Epoch-10  Iter-225/706	loss 0.0031 (0.0969)	accu 1.000 (0.967)	
Train Epoch-10  Iter-250/706	loss 0.0100 (0.0978)	accu 1.000 (0.968)	
Train Epoch-10  Iter-275/706	loss 0.1179 (0.1004)	accu 0.875 (0.966)	
Train Epoch-10  Iter-300/706	loss 0.0064 (0.0968)	accu 1.000 (0.968)	
Train Epoch-10  Iter-325/706	loss 0.0114 (0.0942)	accu 1.000 (0.969)	
Train Epoch-10  Iter-350/706	loss 0.0115 (0.0914)	accu 1.000 (0.969)	
Train Epoch-10  Iter-375/706	loss 0.1082 (0.0913)	accu 1.000 (0.969)	
Train Epoch-10  Iter-400/706	loss 0.0033 (0.0893)	accu 1.000 (0.970)	
Train Epoch-10  Iter-425/706	loss 0.1662 (0.0870)	accu 0.875 (0.971)	
Train Epoch-10  Iter-450/706	loss 0.1633 (0.0865)	accu 0.875 (0.971)	
Train Epoch-10  Iter-475/706	loss 0.0040 (0.0856)	accu 1.000 (0.971)	
Train Epoch-10  Iter-500/706	loss 0.0869 (0.0867)	accu 1.000 (0.971)	
Train Epoch-10  Iter-525/706	loss 0.0098 (0.0866)	accu 1.000 (0.970)	
Train Epoch-10  Iter-550/706	loss 0.0054 (0.0866)	accu 1.000 (0.970)	
Train Epoch-10  Iter-575/706	loss 0.5051 (0.0862)	accu 0.875 (0.970)	
Train Epoch-10  Iter-600/706	loss 0.0105 (0.0856)	accu 1.000 (0.970)	
Train Epoch-10  Iter-625/706	loss 0.0090 (0.0852)	accu 1.000 (0.970)	
Train Epoch-10  Iter-650/706	loss 0.0156 (0.0852)	accu 1.000 (0.970)	
Train Epoch-10  Iter-675/706	loss 0.0439 (0.0846)	accu 1.000 (0.970)	
Train Epoch-10  Iter-700/706	loss 0.0439 (0.0847)	accu 1.000 (0.970)	
Eval Epoch-10  Iter-0  /52 	loss 1.6036 (1.6036)	accu 0.500 (0.500)	
Eval Epoch-10  Iter-25 /52 	loss 0.0745 (1.0709)	accu 1.000 (0.678)	
Eval Epoch-10  Iter-50 /52 	loss 0.8375 (0.7613)	accu 0.875 (0.772)	
Epoch-10  Train: loss 0.0843	accu 0.9703	Eval: loss 0.7917	accu 0.7668
Train Epoch-11  Iter-0  /706	loss 0.1115 (0.1115)	accu 1.000 (1.000)	
Train Epoch-11  Iter-25 /706	loss 0.2333 (0.0644)	accu 1.000 (0.981)	
Train Epoch-11  Iter-50 /706	loss 0.2980 (0.0847)	accu 0.875 (0.973)	
Train Epoch-11  Iter-75 /706	loss 0.6308 (0.1037)	accu 0.875 (0.967)	
Train Epoch-11  Iter-100/706	loss 0.0394 (0.0849)	accu 1.000 (0.974)	
Train Epoch-11  Iter-125/706	loss 0.0126 (0.1031)	accu 1.000 (0.967)	
Train Epoch-11  Iter-150/706	loss 0.0187 (0.0950)	accu 1.000 (0.969)	
Train Epoch-11  Iter-175/706	loss 0.0394 (0.0947)	accu 1.000 (0.968)	
Train Epoch-11  Iter-200/706	loss 0.0031 (0.0961)	accu 1.000 (0.968)	
Train Epoch-11  Iter-225/706	loss 0.0317 (0.0905)	accu 1.000 (0.970)	
Train Epoch-11  Iter-250/706	loss 0.0022 (0.0912)	accu 1.000 (0.968)	
Train Epoch-11  Iter-275/706	loss 0.0089 (0.0897)	accu 1.000 (0.969)	
Train Epoch-11  Iter-300/706	loss 0.0090 (0.0890)	accu 1.000 (0.970)	
Train Epoch-11  Iter-325/706	loss 0.0145 (0.0880)	accu 1.000 (0.970)	
Train Epoch-11  Iter-350/706	loss 0.0071 (0.0875)	accu 1.000 (0.970)	
Train Epoch-11  Iter-375/706	loss 0.1203 (0.0856)	accu 0.875 (0.970)	
Train Epoch-11  Iter-400/706	loss 0.0059 (0.0824)	accu 1.000 (0.971)	
Train Epoch-11  Iter-425/706	loss 0.0398 (0.0828)	accu 1.000 (0.970)	
Train Epoch-11  Iter-450/706	loss 0.0990 (0.0825)	accu 0.875 (0.970)	
Train Epoch-11  Iter-475/706	loss 0.0073 (0.0820)	accu 1.000 (0.970)	
Train Epoch-11  Iter-500/706	loss 0.0103 (0.0800)	accu 1.000 (0.971)	
Train Epoch-11  Iter-525/706	loss 0.0081 (0.0816)	accu 1.000 (0.971)	
Train Epoch-11  Iter-550/706	loss 0.1897 (0.0822)	accu 0.875 (0.970)	
Train Epoch-11  Iter-575/706	loss 0.0029 (0.0816)	accu 1.000 (0.971)	
Train Epoch-11  Iter-600/706	loss 0.0049 (0.0811)	accu 1.000 (0.971)	
Train Epoch-11  Iter-625/706	loss 0.0899 (0.0815)	accu 1.000 (0.971)	
Train Epoch-11  Iter-650/706	loss 0.1815 (0.0802)	accu 0.875 (0.971)	
Train Epoch-11  Iter-675/706	loss 0.1655 (0.0807)	accu 0.875 (0.971)	
Train Epoch-11  Iter-700/706	loss 0.0064 (0.0791)	accu 1.000 (0.972)	
Eval Epoch-11  Iter-0  /52 	loss 1.6400 (1.6400)	accu 0.625 (0.625)	
Eval Epoch-11  Iter-25 /52 	loss 0.0309 (1.0531)	accu 1.000 (0.692)	
Eval Epoch-11  Iter-50 /52 	loss 1.0224 (0.8237)	accu 0.750 (0.767)	
Epoch-11  Train: loss 0.0790	accu 0.9719	Eval: loss 0.8598	accu 0.7620
Train Epoch-12  Iter-0  /706	loss 0.0113 (0.0113)	accu 1.000 (1.000)	
Train Epoch-12  Iter-25 /706	loss 0.0039 (0.0355)	accu 1.000 (0.981)	
Train Epoch-12  Iter-50 /706	loss 0.2569 (0.0477)	accu 0.875 (0.980)	
Train Epoch-12  Iter-75 /706	loss 0.0060 (0.0400)	accu 1.000 (0.985)	
Train Epoch-12  Iter-100/706	loss 0.0080 (0.0430)	accu 1.000 (0.988)	
Train Epoch-12  Iter-125/706	loss 0.2230 (0.0499)	accu 0.875 (0.984)	
Train Epoch-12  Iter-150/706	loss 0.1051 (0.0586)	accu 0.875 (0.980)	
Train Epoch-12  Iter-175/706	loss 0.3011 (0.0558)	accu 0.875 (0.982)	
Train Epoch-12  Iter-200/706	loss 0.0026 (0.0585)	accu 1.000 (0.981)	
Train Epoch-12  Iter-225/706	loss 0.0082 (0.0585)	accu 1.000 (0.981)	
Train Epoch-12  Iter-250/706	loss 0.1333 (0.0628)	accu 0.875 (0.979)	
Train Epoch-12  Iter-275/706	loss 0.0019 (0.0614)	accu 1.000 (0.979)	
Train Epoch-12  Iter-300/706	loss 0.0022 (0.0675)	accu 1.000 (0.977)	
Train Epoch-12  Iter-325/706	loss 0.0384 (0.0671)	accu 1.000 (0.977)	
Train Epoch-12  Iter-350/706	loss 0.0057 (0.0693)	accu 1.000 (0.976)	
Train Epoch-12  Iter-375/706	loss 0.0313 (0.0718)	accu 1.000 (0.975)	
Train Epoch-12  Iter-400/706	loss 0.1680 (0.0726)	accu 0.875 (0.975)	
Train Epoch-12  Iter-425/706	loss 0.0112 (0.0722)	accu 1.000 (0.975)	
Train Epoch-12  Iter-450/706	loss 0.0017 (0.0754)	accu 1.000 (0.974)	
Train Epoch-12  Iter-475/706	loss 0.1335 (0.0746)	accu 1.000 (0.975)	
Train Epoch-12  Iter-500/706	loss 0.4977 (0.0757)	accu 0.750 (0.973)	
Train Epoch-12  Iter-525/706	loss 0.0550 (0.0764)	accu 1.000 (0.973)	
Train Epoch-12  Iter-550/706	loss 0.0313 (0.0763)	accu 1.000 (0.973)	
Train Epoch-12  Iter-575/706	loss 0.0038 (0.0747)	accu 1.000 (0.974)	
Train Epoch-12  Iter-600/706	loss 0.0278 (0.0745)	accu 1.000 (0.973)	
Train Epoch-12  Iter-625/706	loss 0.0201 (0.0748)	accu 1.000 (0.973)	
Train Epoch-12  Iter-650/706	loss 0.0404 (0.0760)	accu 1.000 (0.974)	
Train Epoch-12  Iter-675/706	loss 0.0250 (0.0759)	accu 1.000 (0.974)	
Train Epoch-12  Iter-700/706	loss 0.0104 (0.0754)	accu 1.000 (0.974)	
Eval Epoch-12  Iter-0  /52 	loss 1.6987 (1.6987)	accu 0.625 (0.625)	
Eval Epoch-12  Iter-25 /52 	loss 0.0220 (1.1278)	accu 1.000 (0.688)	
Eval Epoch-12  Iter-50 /52 	loss 0.4181 (0.8477)	accu 0.875 (0.760)	
Epoch-12  Train: loss 0.0758	accu 0.9735	Eval: loss 0.8795	accu 0.7548
Train Epoch-13  Iter-0  /706	loss 0.0935 (0.0935)	accu 0.875 (0.875)	
Train Epoch-13  Iter-25 /706	loss 0.0082 (0.0281)	accu 1.000 (0.990)	
Train Epoch-13  Iter-50 /706	loss 0.0164 (0.0385)	accu 1.000 (0.988)	
Train Epoch-13  Iter-75 /706	loss 0.0348 (0.0382)	accu 1.000 (0.988)	
Train Epoch-13  Iter-100/706	loss 0.0049 (0.0556)	accu 1.000 (0.980)	
Train Epoch-13  Iter-125/706	loss 0.0020 (0.0640)	accu 1.000 (0.975)	
Train Epoch-13  Iter-150/706	loss 0.0066 (0.0729)	accu 1.000 (0.972)	
Train Epoch-13  Iter-175/706	loss 0.0801 (0.0721)	accu 1.000 (0.973)	
Train Epoch-13  Iter-200/706	loss 0.0719 (0.0720)	accu 1.000 (0.973)	
Train Epoch-13  Iter-225/706	loss 0.0725 (0.0722)	accu 1.000 (0.973)	
Train Epoch-13  Iter-250/706	loss 0.0073 (0.0733)	accu 1.000 (0.973)	
Train Epoch-13  Iter-275/706	loss 0.0527 (0.0714)	accu 1.000 (0.973)	
Train Epoch-13  Iter-300/706	loss 0.0020 (0.0703)	accu 1.000 (0.973)	
Train Epoch-13  Iter-325/706	loss 0.0436 (0.0696)	accu 1.000 (0.974)	
Train Epoch-13  Iter-350/706	loss 0.0322 (0.0689)	accu 1.000 (0.975)	
Train Epoch-13  Iter-375/706	loss 0.1439 (0.0695)	accu 1.000 (0.974)	
Train Epoch-13  Iter-400/706	loss 0.0045 (0.0694)	accu 1.000 (0.975)	
Train Epoch-13  Iter-425/706	loss 0.0055 (0.0714)	accu 1.000 (0.974)	
Train Epoch-13  Iter-450/706	loss 0.0015 (0.0700)	accu 1.000 (0.975)	
Train Epoch-13  Iter-475/706	loss 0.0046 (0.0724)	accu 1.000 (0.975)	
Train Epoch-13  Iter-500/706	loss 0.0126 (0.0721)	accu 1.000 (0.975)	
Train Epoch-13  Iter-525/706	loss 0.0027 (0.0724)	accu 1.000 (0.975)	
Train Epoch-13  Iter-550/706	loss 0.1210 (0.0726)	accu 0.875 (0.974)	
Train Epoch-13  Iter-575/706	loss 0.0174 (0.0714)	accu 1.000 (0.975)	
Train Epoch-13  Iter-600/706	loss 0.1888 (0.0724)	accu 0.875 (0.975)	
Train Epoch-13  Iter-625/706	loss 0.0024 (0.0714)	accu 1.000 (0.975)	
Train Epoch-13  Iter-650/706	loss 0.0088 (0.0708)	accu 1.000 (0.974)	
Train Epoch-13  Iter-675/706	loss 0.0099 (0.0708)	accu 1.000 (0.975)	
Train Epoch-13  Iter-700/706	loss 0.0188 (0.0698)	accu 1.000 (0.975)	
Eval Epoch-13  Iter-0  /52 	loss 1.7178 (1.7178)	accu 0.625 (0.625)	
Eval Epoch-13  Iter-25 /52 	loss 0.0068 (1.1198)	accu 1.000 (0.707)	
Eval Epoch-13  Iter-50 /52 	loss 0.5665 (0.9194)	accu 0.750 (0.762)	
Epoch-13  Train: loss 0.0697	accu 0.9752	Eval: loss 0.9545	accu 0.7572
Epoch    14: reducing learning rate of group 0 to 3.0000e-06.
Train Epoch-14  Iter-0  /706	loss 0.0022 (0.0022)	accu 1.000 (1.000)	
Train Epoch-14  Iter-25 /706	loss 0.0053 (0.0624)	accu 1.000 (0.981)	
Train Epoch-14  Iter-50 /706	loss 0.0188 (0.0626)	accu 1.000 (0.978)	
Train Epoch-14  Iter-75 /706	loss 0.0908 (0.0738)	accu 0.875 (0.969)	
Train Epoch-14  Iter-100/706	loss 0.0132 (0.0652)	accu 1.000 (0.972)	
Train Epoch-14  Iter-125/706	loss 0.2549 (0.0620)	accu 0.875 (0.974)	
Train Epoch-14  Iter-150/706	loss 0.0037 (0.0654)	accu 1.000 (0.974)	
Train Epoch-14  Iter-175/706	loss 0.0021 (0.0688)	accu 1.000 (0.972)	
Train Epoch-14  Iter-200/706	loss 0.0193 (0.0643)	accu 1.000 (0.973)	
Train Epoch-14  Iter-225/706	loss 0.1811 (0.0654)	accu 0.875 (0.973)	
Train Epoch-14  Iter-250/706	loss 0.0076 (0.0639)	accu 1.000 (0.975)	
Train Epoch-14  Iter-275/706	loss 0.5934 (0.0713)	accu 0.750 (0.971)	
Train Epoch-14  Iter-300/706	loss 0.0237 (0.0733)	accu 1.000 (0.971)	
Train Epoch-14  Iter-325/706	loss 0.0183 (0.0712)	accu 1.000 (0.971)	
Train Epoch-14  Iter-350/706	loss 0.0885 (0.0720)	accu 1.000 (0.971)	
Train Epoch-14  Iter-375/706	loss 0.1901 (0.0730)	accu 0.875 (0.971)	
Train Epoch-14  Iter-400/706	loss 0.0074 (0.0735)	accu 1.000 (0.971)	
Train Epoch-14  Iter-425/706	loss 0.0038 (0.0725)	accu 1.000 (0.972)	
Train Epoch-14  Iter-450/706	loss 0.0059 (0.0714)	accu 1.000 (0.972)	
Train Epoch-14  Iter-475/706	loss 0.0522 (0.0706)	accu 1.000 (0.972)	
Train Epoch-14  Iter-500/706	loss 0.0048 (0.0709)	accu 1.000 (0.973)	
Train Epoch-14  Iter-525/706	loss 0.0372 (0.0696)	accu 1.000 (0.973)	
Train Epoch-14  Iter-550/706	loss 0.0195 (0.0700)	accu 1.000 (0.973)	
Train Epoch-14  Iter-575/706	loss 0.0442 (0.0692)	accu 1.000 (0.973)	
Train Epoch-14  Iter-600/706	loss 0.0048 (0.0717)	accu 1.000 (0.973)	
Train Epoch-14  Iter-625/706	loss 0.0024 (0.0707)	accu 1.000 (0.973)	
Train Epoch-14  Iter-650/706	loss 0.0572 (0.0689)	accu 1.000 (0.974)	
Train Epoch-14  Iter-675/706	loss 0.0851 (0.0687)	accu 1.000 (0.974)	
Train Epoch-14  Iter-700/706	loss 0.1038 (0.0689)	accu 0.875 (0.974)	
Eval Epoch-14  Iter-0  /52 	loss 1.6500 (1.6500)	accu 0.625 (0.625)	
Eval Epoch-14  Iter-25 /52 	loss 0.0074 (1.0831)	accu 1.000 (0.707)	
Eval Epoch-14  Iter-50 /52 	loss 0.5210 (0.8708)	accu 0.750 (0.765)	
Epoch-14  Train: loss 0.0696	accu 0.9735	Eval: loss 0.9062	accu 0.7596
Train Epoch-15  Iter-0  /706	loss 0.0712 (0.0712)	accu 1.000 (1.000)	
Train Epoch-15  Iter-25 /706	loss 0.1317 (0.0789)	accu 0.875 (0.966)	
Train Epoch-15  Iter-50 /706	loss 0.1742 (0.0712)	accu 0.875 (0.971)	
Train Epoch-15  Iter-75 /706	loss 0.0327 (0.0678)	accu 1.000 (0.975)	
Train Epoch-15  Iter-100/706	loss 0.0353 (0.0744)	accu 1.000 (0.975)	
Train Epoch-15  Iter-125/706	loss 0.0072 (0.0770)	accu 1.000 (0.975)	
Train Epoch-15  Iter-150/706	loss 0.0061 (0.0815)	accu 1.000 (0.972)	
Train Epoch-15  Iter-175/706	loss 0.0063 (0.0815)	accu 1.000 (0.972)	
Train Epoch-15  Iter-200/706	loss 0.0466 (0.0763)	accu 1.000 (0.973)	
Train Epoch-15  Iter-225/706	loss 0.0392 (0.0741)	accu 1.000 (0.974)	
Train Epoch-15  Iter-250/706	loss 0.0901 (0.0752)	accu 0.875 (0.974)	
Train Epoch-15  Iter-275/706	loss 0.2773 (0.0717)	accu 0.875 (0.975)	
Train Epoch-15  Iter-300/706	loss 0.0290 (0.0719)	accu 1.000 (0.975)	
Train Epoch-15  Iter-325/706	loss 0.0836 (0.0693)	accu 1.000 (0.976)	
Train Epoch-15  Iter-350/706	loss 0.0053 (0.0712)	accu 1.000 (0.976)	
Train Epoch-15  Iter-375/706	loss 0.0144 (0.0708)	accu 1.000 (0.976)	
Train Epoch-15  Iter-400/706	loss 0.0027 (0.0684)	accu 1.000 (0.977)	
Train Epoch-15  Iter-425/706	loss 0.0432 (0.0676)	accu 1.000 (0.977)	
Train Epoch-15  Iter-450/706	loss 0.0164 (0.0685)	accu 1.000 (0.976)	
Train Epoch-15  Iter-475/706	loss 0.0195 (0.0719)	accu 1.000 (0.976)	
Train Epoch-15  Iter-500/706	loss 0.0221 (0.0712)	accu 1.000 (0.975)	
Train Epoch-15  Iter-525/706	loss 0.0046 (0.0702)	accu 1.000 (0.976)	
Train Epoch-15  Iter-550/706	loss 0.0070 (0.0701)	accu 1.000 (0.975)	
Train Epoch-15  Iter-575/706	loss 0.0062 (0.0693)	accu 1.000 (0.976)	
Train Epoch-15  Iter-600/706	loss 0.0558 (0.0677)	accu 1.000 (0.976)	
Train Epoch-15  Iter-625/706	loss 0.0039 (0.0684)	accu 1.000 (0.976)	
Train Epoch-15  Iter-650/706	loss 0.0022 (0.0673)	accu 1.000 (0.977)	
Train Epoch-15  Iter-675/706	loss 0.2135 (0.0680)	accu 0.875 (0.976)	
Train Epoch-15  Iter-700/706	loss 0.0601 (0.0687)	accu 1.000 (0.976)	
Eval Epoch-15  Iter-0  /52 	loss 1.6045 (1.6045)	accu 0.625 (0.625)	
Eval Epoch-15  Iter-25 /52 	loss 0.0072 (1.0554)	accu 1.000 (0.712)	
Eval Epoch-15  Iter-50 /52 	loss 0.7716 (0.8670)	accu 0.750 (0.770)	
Epoch-15  Train: loss 0.0692	accu 0.9759	Eval: loss 0.9028	accu 0.7644
Train Epoch-16  Iter-0  /706	loss 0.0017 (0.0017)	accu 1.000 (1.000)	
Train Epoch-16  Iter-25 /706	loss 0.1736 (0.0436)	accu 0.875 (0.971)	
Train Epoch-16  Iter-50 /706	loss 0.2230 (0.0735)	accu 0.875 (0.971)	
Train Epoch-16  Iter-75 /706	loss 0.0022 (0.0745)	accu 1.000 (0.970)	
Train Epoch-16  Iter-100/706	loss 0.0023 (0.0765)	accu 1.000 (0.972)	
Train Epoch-16  Iter-125/706	loss 0.1270 (0.0729)	accu 0.875 (0.973)	
Train Epoch-16  Iter-150/706	loss 0.0087 (0.0771)	accu 1.000 (0.971)	
Train Epoch-16  Iter-175/706	loss 0.1026 (0.0788)	accu 0.875 (0.969)	
Train Epoch-16  Iter-200/706	loss 0.0915 (0.0744)	accu 1.000 (0.973)	
Train Epoch-16  Iter-225/706	loss 0.0561 (0.0800)	accu 1.000 (0.972)	
Train Epoch-16  Iter-250/706	loss 0.0106 (0.0781)	accu 1.000 (0.973)	
Train Epoch-16  Iter-275/706	loss 0.0030 (0.0774)	accu 1.000 (0.974)	
Train Epoch-16  Iter-300/706	loss 0.0127 (0.0749)	accu 1.000 (0.975)	
Train Epoch-16  Iter-325/706	loss 0.0558 (0.0743)	accu 1.000 (0.974)	
Train Epoch-16  Iter-350/706	loss 0.1175 (0.0759)	accu 0.875 (0.974)	
Train Epoch-16  Iter-375/706	loss 0.0101 (0.0739)	accu 1.000 (0.975)	
Train Epoch-16  Iter-400/706	loss 0.1489 (0.0727)	accu 0.875 (0.975)	
Train Epoch-16  Iter-425/706	loss 0.0028 (0.0735)	accu 1.000 (0.974)	
Train Epoch-16  Iter-450/706	loss 0.0108 (0.0719)	accu 1.000 (0.975)	
Train Epoch-16  Iter-475/706	loss 0.0979 (0.0742)	accu 1.000 (0.975)	
Train Epoch-16  Iter-500/706	loss 0.2159 (0.0745)	accu 0.875 (0.974)	
Train Epoch-16  Iter-525/706	loss 0.0543 (0.0757)	accu 1.000 (0.974)	
Train Epoch-16  Iter-550/706	loss 0.1684 (0.0764)	accu 0.875 (0.973)	
Train Epoch-16  Iter-575/706	loss 0.0907 (0.0756)	accu 1.000 (0.973)	
Train Epoch-16  Iter-600/706	loss 0.0504 (0.0739)	accu 1.000 (0.974)	
Train Epoch-16  Iter-625/706	loss 0.0251 (0.0735)	accu 1.000 (0.974)	
Train Epoch-16  Iter-650/706	loss 0.0227 (0.0732)	accu 1.000 (0.974)	
Train Epoch-16  Iter-675/706	loss 0.0443 (0.0730)	accu 1.000 (0.974)	
Train Epoch-16  Iter-700/706	loss 0.0081 (0.0719)	accu 1.000 (0.975)	
Eval Epoch-16  Iter-0  /52 	loss 1.6385 (1.6385)	accu 0.625 (0.625)	
Eval Epoch-16  Iter-25 /52 	loss 0.0144 (1.0945)	accu 1.000 (0.697)	
Eval Epoch-16  Iter-50 /52 	loss 0.3120 (0.8304)	accu 0.875 (0.767)	
Epoch-16  Train: loss 0.0737	accu 0.9744	Eval: loss 0.8643	accu 0.7620
Train Epoch-17  Iter-0  /706	loss 0.0353 (0.0353)	accu 1.000 (1.000)	
Train Epoch-17  Iter-25 /706	loss 0.0861 (0.0602)	accu 1.000 (0.976)	
Train Epoch-17  Iter-50 /706	loss 0.0236 (0.0598)	accu 1.000 (0.980)	
Train Epoch-17  Iter-75 /706	loss 0.0060 (0.0631)	accu 1.000 (0.979)	
Train Epoch-17  Iter-100/706	loss 0.0017 (0.0672)	accu 1.000 (0.975)	
Train Epoch-17  Iter-125/706	loss 0.8607 (0.0730)	accu 0.750 (0.974)	
Train Epoch-17  Iter-150/706	loss 0.0874 (0.0747)	accu 1.000 (0.975)	
Train Epoch-17  Iter-175/706	loss 0.0026 (0.0687)	accu 1.000 (0.977)	
Train Epoch-17  Iter-200/706	loss 0.0312 (0.0675)	accu 1.000 (0.978)	
Train Epoch-17  Iter-225/706	loss 0.0075 (0.0662)	accu 1.000 (0.978)	
Train Epoch-17  Iter-250/706	loss 0.0317 (0.0690)	accu 1.000 (0.976)	
Train Epoch-17  Iter-275/706	loss 0.0280 (0.0704)	accu 1.000 (0.976)	
Train Epoch-17  Iter-300/706	loss 0.0171 (0.0717)	accu 1.000 (0.975)	
Train Epoch-17  Iter-325/706	loss 0.0313 (0.0727)	accu 1.000 (0.975)	
Train Epoch-17  Iter-350/706	loss 0.0351 (0.0702)	accu 1.000 (0.975)	
Train Epoch-17  Iter-375/706	loss 0.6709 (0.0726)	accu 0.875 (0.975)	
Train Epoch-17  Iter-400/706	loss 0.0082 (0.0712)	accu 1.000 (0.976)	
Train Epoch-17  Iter-425/706	loss 0.6865 (0.0708)	accu 0.875 (0.976)	
Train Epoch-17  Iter-450/706	loss 0.0363 (0.0705)	accu 1.000 (0.976)	
Train Epoch-17  Iter-475/706	loss 0.0230 (0.0679)	accu 1.000 (0.977)	
Train Epoch-17  Iter-500/706	loss 0.0053 (0.0663)	accu 1.000 (0.978)	
Train Epoch-17  Iter-525/706	loss 0.0185 (0.0663)	accu 1.000 (0.978)	
Train Epoch-17  Iter-550/706	loss 0.3287 (0.0662)	accu 0.875 (0.977)	
Train Epoch-17  Iter-575/706	loss 0.0081 (0.0681)	accu 1.000 (0.977)	
Train Epoch-17  Iter-600/706	loss 0.0128 (0.0682)	accu 1.000 (0.977)	
Train Epoch-17  Iter-625/706	loss 0.0909 (0.0705)	accu 1.000 (0.976)	
Train Epoch-17  Iter-650/706	loss 0.0098 (0.0706)	accu 1.000 (0.976)	
Train Epoch-17  Iter-675/706	loss 0.0193 (0.0691)	accu 1.000 (0.976)	
Train Epoch-17  Iter-700/706	loss 0.1303 (0.0679)	accu 0.875 (0.976)	
Eval Epoch-17  Iter-0  /52 	loss 1.5707 (1.5707)	accu 0.625 (0.625)	
Eval Epoch-17  Iter-25 /52 	loss 0.0165 (1.0762)	accu 1.000 (0.697)	
Eval Epoch-17  Iter-50 /52 	loss 0.2457 (0.8096)	accu 0.875 (0.767)	
Epoch-17  Train: loss 0.0680	accu 0.9766	Eval: loss 0.8416	accu 0.7620
Train Epoch-18  Iter-0  /706	loss 0.0029 (0.0029)	accu 1.000 (1.000)	
Train Epoch-18  Iter-25 /706	loss 0.0072 (0.0399)	accu 1.000 (0.986)	
Train Epoch-18  Iter-50 /706	loss 0.2192 (0.0597)	accu 0.875 (0.978)	
Train Epoch-18  Iter-75 /706	loss 0.1253 (0.0592)	accu 1.000 (0.980)	
Train Epoch-18  Iter-100/706	loss 0.0074 (0.0665)	accu 1.000 (0.976)	
Train Epoch-18  Iter-125/706	loss 0.0042 (0.0724)	accu 1.000 (0.974)	
Train Epoch-18  Iter-150/706	loss 0.0046 (0.0756)	accu 1.000 (0.974)	
Train Epoch-18  Iter-175/706	loss 0.0040 (0.0700)	accu 1.000 (0.977)	
Train Epoch-18  Iter-200/706	loss 0.0584 (0.0669)	accu 1.000 (0.979)	
Train Epoch-18  Iter-225/706	loss 0.0032 (0.0646)	accu 1.000 (0.980)	
Train Epoch-18  Iter-250/706	loss 0.0011 (0.0630)	accu 1.000 (0.980)	
Train Epoch-18  Iter-275/706	loss 0.0714 (0.0655)	accu 1.000 (0.980)	
Train Epoch-18  Iter-300/706	loss 0.0274 (0.0669)	accu 1.000 (0.981)	
Train Epoch-18  Iter-325/706	loss 0.0070 (0.0632)	accu 1.000 (0.982)	
Train Epoch-18  Iter-350/706	loss 0.0060 (0.0646)	accu 1.000 (0.981)	
Train Epoch-18  Iter-375/706	loss 0.0072 (0.0639)	accu 1.000 (0.981)	
Train Epoch-18  Iter-400/706	loss 0.0206 (0.0644)	accu 1.000 (0.982)	
Train Epoch-18  Iter-425/706	loss 0.0631 (0.0643)	accu 1.000 (0.981)	
Train Epoch-18  Iter-450/706	loss 0.0567 (0.0633)	accu 1.000 (0.981)	
Train Epoch-18  Iter-475/706	loss 0.1076 (0.0638)	accu 1.000 (0.981)	
Train Epoch-18  Iter-500/706	loss 0.0026 (0.0643)	accu 1.000 (0.980)	
Train Epoch-18  Iter-525/706	loss 0.0037 (0.0656)	accu 1.000 (0.979)	
Train Epoch-18  Iter-550/706	loss 0.0060 (0.0651)	accu 1.000 (0.979)	
Train Epoch-18  Iter-575/706	loss 0.0953 (0.0661)	accu 0.875 (0.978)	
Train Epoch-18  Iter-600/706	loss 0.0029 (0.0668)	accu 1.000 (0.978)	
Train Epoch-18  Iter-625/706	loss 0.0234 (0.0656)	accu 1.000 (0.978)	
Train Epoch-18  Iter-650/706	loss 0.0045 (0.0642)	accu 1.000 (0.979)	
Train Epoch-18  Iter-675/706	loss 0.0049 (0.0638)	accu 1.000 (0.980)	
Train Epoch-18  Iter-700/706	loss 0.0186 (0.0643)	accu 1.000 (0.979)	
Eval Epoch-18  Iter-0  /52 	loss 1.6000 (1.6000)	accu 0.625 (0.625)	
Eval Epoch-18  Iter-25 /52 	loss 0.0147 (1.0929)	accu 1.000 (0.697)	
Eval Epoch-18  Iter-50 /52 	loss 0.2016 (0.8201)	accu 0.875 (0.767)	
Epoch-18  Train: loss 0.0645	accu 0.9792	Eval: loss 0.8537	accu 0.7620
Train Epoch-19  Iter-0  /706	loss 0.0075 (0.0075)	accu 1.000 (1.000)	
Train Epoch-19  Iter-25 /706	loss 0.0023 (0.0581)	accu 1.000 (0.976)	
Train Epoch-19  Iter-50 /706	loss 0.3086 (0.0632)	accu 0.875 (0.975)	
Train Epoch-19  Iter-75 /706	loss 0.2001 (0.0641)	accu 0.875 (0.972)	
Train Epoch-19  Iter-100/706	loss 0.0017 (0.0604)	accu 1.000 (0.973)	
Train Epoch-19  Iter-125/706	loss 0.0071 (0.0593)	accu 1.000 (0.973)	
Train Epoch-19  Iter-150/706	loss 0.0019 (0.0600)	accu 1.000 (0.974)	
Train Epoch-19  Iter-175/706	loss 0.4194 (0.0621)	accu 0.875 (0.974)	
Train Epoch-19  Iter-200/706	loss 0.0525 (0.0660)	accu 1.000 (0.973)	
Train Epoch-19  Iter-225/706	loss 0.0066 (0.0695)	accu 1.000 (0.972)	
Train Epoch-19  Iter-250/706	loss 0.0060 (0.0680)	accu 1.000 (0.973)	
Train Epoch-19  Iter-275/706	loss 0.0041 (0.0704)	accu 1.000 (0.973)	
Train Epoch-19  Iter-300/706	loss 0.0267 (0.0726)	accu 1.000 (0.973)	
Train Epoch-19  Iter-325/706	loss 0.0060 (0.0723)	accu 1.000 (0.973)	
Train Epoch-19  Iter-350/706	loss 0.0045 (0.0715)	accu 1.000 (0.974)	
Train Epoch-19  Iter-375/706	loss 0.0141 (0.0710)	accu 1.000 (0.974)	
Train Epoch-19  Iter-400/706	loss 0.0367 (0.0739)	accu 1.000 (0.973)	
Train Epoch-19  Iter-425/706	loss 0.0018 (0.0731)	accu 1.000 (0.974)	
Train Epoch-19  Iter-450/706	loss 0.0135 (0.0728)	accu 1.000 (0.974)	
Train Epoch-19  Iter-475/706	loss 0.0064 (0.0729)	accu 1.000 (0.974)	
Train Epoch-19  Iter-500/706	loss 0.0104 (0.0707)	accu 1.000 (0.975)	
Train Epoch-19  Iter-525/706	loss 0.0629 (0.0708)	accu 1.000 (0.975)	
Train Epoch-19  Iter-550/706	loss 0.0033 (0.0703)	accu 1.000 (0.975)	
Train Epoch-19  Iter-575/706	loss 0.0488 (0.0691)	accu 1.000 (0.976)	
Train Epoch-19  Iter-600/706	loss 0.0058 (0.0687)	accu 1.000 (0.975)	
Train Epoch-19  Iter-625/706	loss 0.0477 (0.0685)	accu 1.000 (0.976)	
Train Epoch-19  Iter-650/706	loss 0.0538 (0.0676)	accu 1.000 (0.976)	
Train Epoch-19  Iter-675/706	loss 0.0433 (0.0697)	accu 1.000 (0.975)	
Train Epoch-19  Iter-700/706	loss 0.0838 (0.0692)	accu 1.000 (0.976)	
Eval Epoch-19  Iter-0  /52 	loss 1.5224 (1.5224)	accu 0.625 (0.625)	
Eval Epoch-19  Iter-25 /52 	loss 0.0099 (1.0480)	accu 1.000 (0.702)	
Eval Epoch-19  Iter-50 /52 	loss 0.2992 (0.8130)	accu 0.750 (0.767)	
Epoch-19  Train: loss 0.0688	accu 0.9759	Eval: loss 0.8489	accu 0.7620
Epoch    20: reducing learning rate of group 0 to 3.0000e-07.
Train Epoch-20  Iter-0  /706	loss 0.0025 (0.0025)	accu 1.000 (1.000)	
Train Epoch-20  Iter-25 /706	loss 0.0802 (0.0628)	accu 1.000 (0.986)	
Train Epoch-20  Iter-50 /706	loss 0.1435 (0.0512)	accu 0.875 (0.983)	
Train Epoch-20  Iter-75 /706	loss 0.0073 (0.0652)	accu 1.000 (0.979)	
Train Epoch-20  Iter-100/706	loss 0.0261 (0.0611)	accu 1.000 (0.981)	
Train Epoch-20  Iter-125/706	loss 0.0432 (0.0602)	accu 1.000 (0.981)	
Train Epoch-20  Iter-150/706	loss 0.0049 (0.0565)	accu 1.000 (0.983)	
Train Epoch-20  Iter-175/706	loss 0.0066 (0.0588)	accu 1.000 (0.981)	
Train Epoch-20  Iter-200/706	loss 0.0088 (0.0566)	accu 1.000 (0.981)	
Train Epoch-20  Iter-225/706	loss 0.0106 (0.0586)	accu 1.000 (0.980)	
Train Epoch-20  Iter-250/706	loss 0.0088 (0.0584)	accu 1.000 (0.979)	
Train Epoch-20  Iter-275/706	loss 0.6942 (0.0626)	accu 0.875 (0.979)	
Train Epoch-20  Iter-300/706	loss 0.0110 (0.0658)	accu 1.000 (0.978)	
Train Epoch-20  Iter-325/706	loss 0.0076 (0.0652)	accu 1.000 (0.979)	
Train Epoch-20  Iter-350/706	loss 0.0027 (0.0649)	accu 1.000 (0.979)	
Train Epoch-20  Iter-375/706	loss 0.0597 (0.0636)	accu 1.000 (0.980)	
Train Epoch-20  Iter-400/706	loss 0.1804 (0.0629)	accu 0.875 (0.979)	
Train Epoch-20  Iter-425/706	loss 0.0995 (0.0650)	accu 1.000 (0.979)	
Train Epoch-20  Iter-450/706	loss 0.3152 (0.0639)	accu 0.875 (0.979)	
Train Epoch-20  Iter-475/706	loss 0.1830 (0.0639)	accu 0.875 (0.979)	
Train Epoch-20  Iter-500/706	loss 0.0661 (0.0639)	accu 1.000 (0.979)	
Train Epoch-20  Iter-525/706	loss 0.0127 (0.0628)	accu 1.000 (0.979)	
Train Epoch-20  Iter-550/706	loss 0.0306 (0.0643)	accu 1.000 (0.978)	
Train Epoch-20  Iter-575/706	loss 0.0244 (0.0667)	accu 1.000 (0.977)	
Train Epoch-20  Iter-600/706	loss 0.0125 (0.0668)	accu 1.000 (0.977)	
Train Epoch-20  Iter-625/706	loss 0.0024 (0.0665)	accu 1.000 (0.977)	
Train Epoch-20  Iter-650/706	loss 0.5066 (0.0665)	accu 0.875 (0.977)	
Train Epoch-20  Iter-675/706	loss 0.0272 (0.0664)	accu 1.000 (0.977)	
Train Epoch-20  Iter-700/706	loss 0.0067 (0.0657)	accu 1.000 (0.977)	
Eval Epoch-20  Iter-0  /52 	loss 1.5257 (1.5257)	accu 0.625 (0.625)	
Eval Epoch-20  Iter-25 /52 	loss 0.0100 (1.0504)	accu 1.000 (0.702)	
Eval Epoch-20  Iter-50 /52 	loss 0.2956 (0.8133)	accu 0.750 (0.767)	
Epoch-20  Train: loss 0.0656	accu 0.9775	Eval: loss 0.8490	accu 0.7620
Train Epoch-21  Iter-0  /706	loss 0.0420 (0.0420)	accu 1.000 (1.000)	
Train Epoch-21  Iter-25 /706	loss 0.0029 (0.0408)	accu 1.000 (0.986)	
Train Epoch-21  Iter-50 /706	loss 0.0585 (0.0467)	accu 1.000 (0.983)	
Train Epoch-21  Iter-75 /706	loss 0.2254 (0.0576)	accu 0.875 (0.980)	
Train Epoch-21  Iter-100/706	loss 0.0499 (0.0608)	accu 1.000 (0.981)	
Train Epoch-21  Iter-125/706	loss 0.0220 (0.0621)	accu 1.000 (0.982)	
Train Epoch-21  Iter-150/706	loss 0.0060 (0.0673)	accu 1.000 (0.978)	
Train Epoch-21  Iter-175/706	loss 0.3510 (0.0662)	accu 0.875 (0.978)	
Train Epoch-21  Iter-200/706	loss 0.0156 (0.0608)	accu 1.000 (0.981)	
Train Epoch-21  Iter-225/706	loss 0.0095 (0.0618)	accu 1.000 (0.980)	
Train Epoch-21  Iter-250/706	loss 0.0989 (0.0662)	accu 1.000 (0.979)	
Train Epoch-21  Iter-275/706	loss 0.0564 (0.0639)	accu 1.000 (0.980)	
Train Epoch-21  Iter-300/706	loss 0.0038 (0.0622)	accu 1.000 (0.980)	
Train Epoch-21  Iter-325/706	loss 0.0039 (0.0598)	accu 1.000 (0.980)	
Train Epoch-21  Iter-350/706	loss 0.0112 (0.0599)	accu 1.000 (0.979)	
Train Epoch-21  Iter-375/706	loss 0.0062 (0.0594)	accu 1.000 (0.979)	
Train Epoch-21  Iter-400/706	loss 0.0315 (0.0598)	accu 1.000 (0.979)	
Train Epoch-21  Iter-425/706	loss 0.5093 (0.0608)	accu 0.750 (0.978)	
Train Epoch-21  Iter-450/706	loss 0.0363 (0.0607)	accu 1.000 (0.978)	
Train Epoch-21  Iter-475/706	loss 0.4572 (0.0607)	accu 0.875 (0.978)	
Train Epoch-21  Iter-500/706	loss 0.2711 (0.0617)	accu 0.875 (0.978)	
Train Epoch-21  Iter-525/706	loss 0.0469 (0.0609)	accu 1.000 (0.978)	
Train Epoch-21  Iter-550/706	loss 0.0019 (0.0619)	accu 1.000 (0.978)	
Train Epoch-21  Iter-575/706	loss 0.0202 (0.0636)	accu 1.000 (0.977)	
Train Epoch-21  Iter-600/706	loss 0.2121 (0.0641)	accu 0.875 (0.977)	
Train Epoch-21  Iter-625/706	loss 0.0107 (0.0659)	accu 1.000 (0.976)	
Train Epoch-21  Iter-650/706	loss 0.2712 (0.0665)	accu 0.875 (0.976)	
Train Epoch-21  Iter-675/706	loss 0.0020 (0.0660)	accu 1.000 (0.976)	
Train Epoch-21  Iter-700/706	loss 0.0799 (0.0652)	accu 1.000 (0.976)	
Eval Epoch-21  Iter-0  /52 	loss 1.5307 (1.5307)	accu 0.625 (0.625)	
Eval Epoch-21  Iter-25 /52 	loss 0.0101 (1.0531)	accu 1.000 (0.702)	
Eval Epoch-21  Iter-50 /52 	loss 0.2884 (0.8151)	accu 0.750 (0.767)	
Epoch-21  Train: loss 0.0649	accu 0.9763	Eval: loss 0.8508	accu 0.7620
Train Epoch-22  Iter-0  /706	loss 0.0292 (0.0292)	accu 1.000 (1.000)	
Train Epoch-22  Iter-25 /706	loss 0.0092 (0.1062)	accu 1.000 (0.966)	
Train Epoch-22  Iter-50 /706	loss 0.0092 (0.0834)	accu 1.000 (0.973)	
Train Epoch-22  Iter-75 /706	loss 0.2535 (0.0765)	accu 0.875 (0.975)	
Train Epoch-22  Iter-100/706	loss 0.2541 (0.0738)	accu 0.875 (0.975)	
Train Epoch-22  Iter-125/706	loss 0.0073 (0.0662)	accu 1.000 (0.978)	
Train Epoch-22  Iter-150/706	loss 0.0053 (0.0672)	accu 1.000 (0.977)	
Train Epoch-22  Iter-175/706	loss 0.0043 (0.0660)	accu 1.000 (0.977)	
Train Epoch-22  Iter-200/706	loss 0.0036 (0.0691)	accu 1.000 (0.978)	
Train Epoch-22  Iter-225/706	loss 0.0171 (0.0720)	accu 1.000 (0.976)	
Train Epoch-22  Iter-250/706	loss 0.0105 (0.0716)	accu 1.000 (0.976)	
Train Epoch-22  Iter-275/706	loss 0.0257 (0.0729)	accu 1.000 (0.976)	
Train Epoch-22  Iter-300/706	loss 0.0357 (0.0719)	accu 1.000 (0.975)	
Train Epoch-22  Iter-325/706	loss 0.0076 (0.0724)	accu 1.000 (0.975)	
Train Epoch-22  Iter-350/706	loss 0.0059 (0.0704)	accu 1.000 (0.976)	
Train Epoch-22  Iter-375/706	loss 0.0268 (0.0701)	accu 1.000 (0.976)	
Train Epoch-22  Iter-400/706	loss 0.4425 (0.0703)	accu 0.875 (0.976)	
Train Epoch-22  Iter-425/706	loss 0.0128 (0.0704)	accu 1.000 (0.975)	
Train Epoch-22  Iter-450/706	loss 0.0933 (0.0685)	accu 0.875 (0.976)	
Train Epoch-22  Iter-475/706	loss 0.1162 (0.0680)	accu 1.000 (0.976)	
Train Epoch-22  Iter-500/706	loss 0.0563 (0.0676)	accu 1.000 (0.976)	
Train Epoch-22  Iter-525/706	loss 0.1016 (0.0676)	accu 0.875 (0.976)	
Train Epoch-22  Iter-550/706	loss 0.0093 (0.0666)	accu 1.000 (0.976)	
Train Epoch-22  Iter-575/706	loss 0.1660 (0.0663)	accu 0.875 (0.976)	
Train Epoch-22  Iter-600/706	loss 0.0891 (0.0648)	accu 1.000 (0.977)	
Train Epoch-22  Iter-625/706	loss 0.1559 (0.0655)	accu 1.000 (0.977)	
Train Epoch-22  Iter-650/706	loss 0.1215 (0.0667)	accu 0.875 (0.977)	
Train Epoch-22  Iter-675/706	loss 0.0627 (0.0681)	accu 1.000 (0.976)	
Train Epoch-22  Iter-700/706	loss 0.0165 (0.0666)	accu 1.000 (0.976)	
Eval Epoch-22  Iter-0  /52 	loss 1.5506 (1.5506)	accu 0.625 (0.625)	
Eval Epoch-22  Iter-25 /52 	loss 0.0104 (1.0633)	accu 1.000 (0.697)	
Eval Epoch-22  Iter-50 /52 	loss 0.2780 (0.8190)	accu 0.750 (0.765)	
Epoch-22  Train: loss 0.0664	accu 0.9765	Eval: loss 0.8546	accu 0.7596
Train Epoch-23  Iter-0  /706	loss 0.0070 (0.0070)	accu 1.000 (1.000)	
Train Epoch-23  Iter-25 /706	loss 0.0090 (0.1130)	accu 1.000 (0.957)	
Train Epoch-23  Iter-50 /706	loss 0.0469 (0.0909)	accu 1.000 (0.971)	
Train Epoch-23  Iter-75 /706	loss 0.0055 (0.0816)	accu 1.000 (0.972)	
Train Epoch-23  Iter-100/706	loss 0.0037 (0.0789)	accu 1.000 (0.972)	
Train Epoch-23  Iter-125/706	loss 0.0036 (0.0688)	accu 1.000 (0.975)	
Train Epoch-23  Iter-150/706	loss 0.0165 (0.0739)	accu 1.000 (0.972)	
Train Epoch-23  Iter-175/706	loss 0.0059 (0.0704)	accu 1.000 (0.972)	
Train Epoch-23  Iter-200/706	loss 0.0949 (0.0714)	accu 1.000 (0.973)	
Train Epoch-23  Iter-225/706	loss 0.0866 (0.0697)	accu 1.000 (0.975)	
Train Epoch-23  Iter-250/706	loss 0.2872 (0.0687)	accu 0.875 (0.976)	
Train Epoch-23  Iter-275/706	loss 0.0024 (0.0660)	accu 1.000 (0.976)	
Train Epoch-23  Iter-300/706	loss 0.0454 (0.0672)	accu 1.000 (0.976)	
Train Epoch-23  Iter-325/706	loss 0.1051 (0.0692)	accu 0.875 (0.974)	
Train Epoch-23  Iter-350/706	loss 0.0686 (0.0681)	accu 1.000 (0.974)	
Train Epoch-23  Iter-375/706	loss 0.0716 (0.0665)	accu 1.000 (0.975)	
Train Epoch-23  Iter-400/706	loss 0.0117 (0.0661)	accu 1.000 (0.975)	
Train Epoch-23  Iter-425/706	loss 0.0779 (0.0674)	accu 1.000 (0.975)	
Train Epoch-23  Iter-450/706	loss 0.0120 (0.0674)	accu 1.000 (0.975)	
Train Epoch-23  Iter-475/706	loss 0.0033 (0.0661)	accu 1.000 (0.975)	
Train Epoch-23  Iter-500/706	loss 0.0021 (0.0658)	accu 1.000 (0.976)	
Train Epoch-23  Iter-525/706	loss 0.0021 (0.0670)	accu 1.000 (0.975)	
Train Epoch-23  Iter-550/706	loss 0.0195 (0.0664)	accu 1.000 (0.975)	
Train Epoch-23  Iter-575/706	loss 0.0056 (0.0655)	accu 1.000 (0.976)	
Train Epoch-23  Iter-600/706	loss 0.0113 (0.0670)	accu 1.000 (0.976)	
Train Epoch-23  Iter-625/706	loss 0.1155 (0.0662)	accu 1.000 (0.976)	
Train Epoch-23  Iter-650/706	loss 0.0801 (0.0652)	accu 1.000 (0.977)	
Train Epoch-23  Iter-675/706	loss 0.0087 (0.0648)	accu 1.000 (0.977)	
Train Epoch-23  Iter-700/706	loss 0.0711 (0.0645)	accu 1.000 (0.977)	
Eval Epoch-23  Iter-0  /52 	loss 1.5525 (1.5525)	accu 0.625 (0.625)	
Eval Epoch-23  Iter-25 /52 	loss 0.0101 (1.0632)	accu 1.000 (0.702)	
Eval Epoch-23  Iter-50 /52 	loss 0.2794 (0.8205)	accu 0.750 (0.767)	
Epoch-23  Train: loss 0.0646	accu 0.9765	Eval: loss 0.8562	accu 0.7620
Train Epoch-24  Iter-0  /706	loss 0.0112 (0.0112)	accu 1.000 (1.000)	
Train Epoch-24  Iter-25 /706	loss 0.0388 (0.0444)	accu 1.000 (0.986)	
Train Epoch-24  Iter-50 /706	loss 0.0098 (0.0493)	accu 1.000 (0.985)	
Train Epoch-24  Iter-75 /706	loss 0.0013 (0.0592)	accu 1.000 (0.984)	
Train Epoch-24  Iter-100/706	loss 0.0751 (0.0618)	accu 1.000 (0.981)	
Train Epoch-24  Iter-125/706	loss 0.1971 (0.0612)	accu 0.875 (0.978)	
Train Epoch-24  Iter-150/706	loss 0.0908 (0.0559)	accu 1.000 (0.981)	
Train Epoch-24  Iter-175/706	loss 0.0205 (0.0536)	accu 1.000 (0.982)	
Train Epoch-24  Iter-200/706	loss 0.0242 (0.0581)	accu 1.000 (0.979)	
Train Epoch-24  Iter-225/706	loss 0.0057 (0.0590)	accu 1.000 (0.979)	
Train Epoch-24  Iter-250/706	loss 0.0678 (0.0662)	accu 1.000 (0.977)	
Train Epoch-24  Iter-275/706	loss 0.0056 (0.0648)	accu 1.000 (0.976)	
Train Epoch-24  Iter-300/706	loss 0.0381 (0.0709)	accu 1.000 (0.975)	
Train Epoch-24  Iter-325/706	loss 0.0200 (0.0691)	accu 1.000 (0.975)	
Train Epoch-24  Iter-350/706	loss 0.0029 (0.0671)	accu 1.000 (0.976)	
Train Epoch-24  Iter-375/706	loss 0.0085 (0.0679)	accu 1.000 (0.976)	
Train Epoch-24  Iter-400/706	loss 0.0149 (0.0671)	accu 1.000 (0.977)	
Train Epoch-24  Iter-425/706	loss 0.0019 (0.0649)	accu 1.000 (0.978)	
Train Epoch-24  Iter-450/706	loss 0.0231 (0.0637)	accu 1.000 (0.979)	
Train Epoch-24  Iter-475/706	loss 0.0599 (0.0638)	accu 1.000 (0.978)	
Train Epoch-24  Iter-500/706	loss 0.0204 (0.0634)	accu 1.000 (0.978)	
Train Epoch-24  Iter-525/706	loss 0.0099 (0.0628)	accu 1.000 (0.978)	
Train Epoch-24  Iter-550/706	loss 0.0310 (0.0610)	accu 1.000 (0.979)	
Train Epoch-24  Iter-575/706	loss 0.0131 (0.0613)	accu 1.000 (0.978)	
Train Epoch-24  Iter-600/706	loss 0.0268 (0.0616)	accu 1.000 (0.978)	
Train Epoch-24  Iter-625/706	loss 0.0230 (0.0622)	accu 1.000 (0.978)	
Train Epoch-24  Iter-650/706	loss 0.0895 (0.0614)	accu 0.875 (0.978)	
Train Epoch-24  Iter-675/706	loss 0.0729 (0.0639)	accu 1.000 (0.977)	
Train Epoch-24  Iter-700/706	loss 0.0760 (0.0646)	accu 1.000 (0.977)	
Eval Epoch-24  Iter-0  /52 	loss 1.5657 (1.5657)	accu 0.625 (0.625)	
Eval Epoch-24  Iter-25 /52 	loss 0.0105 (1.0712)	accu 1.000 (0.697)	
Eval Epoch-24  Iter-50 /52 	loss 0.2708 (0.8225)	accu 0.750 (0.765)	
Epoch-24  Train: loss 0.0648	accu 0.9768	Eval: loss 0.8581	accu 0.7596
Train Epoch-25  Iter-0  /706	loss 0.1347 (0.1347)	accu 0.875 (0.875)	
Train Epoch-25  Iter-25 /706	loss 0.3948 (0.0546)	accu 0.875 (0.976)	
Train Epoch-25  Iter-50 /706	loss 0.1379 (0.0805)	accu 0.875 (0.968)	
Train Epoch-25  Iter-75 /706	loss 0.0185 (0.0914)	accu 1.000 (0.967)	
Train Epoch-25  Iter-100/706	loss 0.1254 (0.0784)	accu 0.875 (0.972)	
Train Epoch-25  Iter-125/706	loss 0.0013 (0.0786)	accu 1.000 (0.971)	
Train Epoch-25  Iter-150/706	loss 0.0127 (0.0723)	accu 1.000 (0.973)	
Train Epoch-25  Iter-175/706	loss 0.0685 (0.0730)	accu 1.000 (0.972)	
Train Epoch-25  Iter-200/706	loss 0.1515 (0.0693)	accu 0.875 (0.974)	
Train Epoch-25  Iter-225/706	loss 0.0833 (0.0692)	accu 1.000 (0.973)	
Train Epoch-25  Iter-250/706	loss 0.0050 (0.0660)	accu 1.000 (0.976)	
Train Epoch-25  Iter-275/706	loss 0.0726 (0.0660)	accu 1.000 (0.976)	
Train Epoch-25  Iter-300/706	loss 0.0063 (0.0660)	accu 1.000 (0.977)	
Train Epoch-25  Iter-325/706	loss 0.0692 (0.0684)	accu 1.000 (0.976)	
Train Epoch-25  Iter-350/706	loss 0.0145 (0.0659)	accu 1.000 (0.977)	
Train Epoch-25  Iter-375/706	loss 0.0080 (0.0658)	accu 1.000 (0.977)	
Train Epoch-25  Iter-400/706	loss 0.1376 (0.0646)	accu 0.875 (0.977)	
Train Epoch-25  Iter-425/706	loss 0.0046 (0.0663)	accu 1.000 (0.977)	
Train Epoch-25  Iter-450/706	loss 0.1119 (0.0675)	accu 1.000 (0.977)	
Train Epoch-25  Iter-475/706	loss 0.0697 (0.0664)	accu 1.000 (0.977)	
Train Epoch-25  Iter-500/706	loss 0.0074 (0.0661)	accu 1.000 (0.977)	
Train Epoch-25  Iter-525/706	loss 0.0036 (0.0666)	accu 1.000 (0.977)	
Train Epoch-25  Iter-550/706	loss 0.0111 (0.0665)	accu 1.000 (0.977)	
Train Epoch-25  Iter-575/706	loss 0.0625 (0.0659)	accu 1.000 (0.978)	
Train Epoch-25  Iter-600/706	loss 0.0086 (0.0664)	accu 1.000 (0.978)	
Train Epoch-25  Iter-625/706	loss 0.2107 (0.0650)	accu 0.875 (0.978)	
Train Epoch-25  Iter-650/706	loss 0.0034 (0.0640)	accu 1.000 (0.978)	
Train Epoch-25  Iter-675/706	loss 0.0101 (0.0638)	accu 1.000 (0.979)	
Train Epoch-25  Iter-700/706	loss 0.0088 (0.0628)	accu 1.000 (0.979)	
Eval Epoch-25  Iter-0  /52 	loss 1.5649 (1.5649)	accu 0.625 (0.625)	
Eval Epoch-25  Iter-25 /52 	loss 0.0102 (1.0712)	accu 1.000 (0.697)	
Eval Epoch-25  Iter-50 /52 	loss 0.2736 (0.8235)	accu 0.750 (0.765)	
Epoch-25  Train: loss 0.0637	accu 0.9786	Eval: loss 0.8592	accu 0.7596
Epoch    26: reducing learning rate of group 0 to 3.0000e-08.
Train Epoch-26  Iter-0  /706	loss 0.0856 (0.0856)	accu 1.000 (1.000)	
Train Epoch-26  Iter-25 /706	loss 0.0419 (0.0562)	accu 1.000 (0.976)	
Train Epoch-26  Iter-50 /706	loss 0.0066 (0.0451)	accu 1.000 (0.983)	
Train Epoch-26  Iter-75 /706	loss 0.0027 (0.0548)	accu 1.000 (0.977)	
Train Epoch-26  Iter-100/706	loss 0.0044 (0.0596)	accu 1.000 (0.978)	
Train Epoch-26  Iter-125/706	loss 0.0079 (0.0693)	accu 1.000 (0.973)	
Train Epoch-26  Iter-150/706	loss 0.0020 (0.0661)	accu 1.000 (0.977)	
Train Epoch-26  Iter-175/706	loss 0.1247 (0.0648)	accu 1.000 (0.978)	
Train Epoch-26  Iter-200/706	loss 0.0055 (0.0636)	accu 1.000 (0.979)	
Train Epoch-26  Iter-225/706	loss 0.0030 (0.0604)	accu 1.000 (0.980)	
Train Epoch-26  Iter-250/706	loss 0.0083 (0.0633)	accu 1.000 (0.978)	
Train Epoch-26  Iter-275/706	loss 0.0138 (0.0596)	accu 1.000 (0.980)	
Train Epoch-26  Iter-300/706	loss 0.0884 (0.0619)	accu 1.000 (0.979)	
Train Epoch-26  Iter-325/706	loss 0.0045 (0.0591)	accu 1.000 (0.980)	
Train Epoch-26  Iter-350/706	loss 0.0023 (0.0572)	accu 1.000 (0.981)	
Train Epoch-26  Iter-375/706	loss 0.1990 (0.0591)	accu 0.875 (0.980)	
Train Epoch-26  Iter-400/706	loss 0.0062 (0.0578)	accu 1.000 (0.980)	
Train Epoch-26  Iter-425/706	loss 0.0076 (0.0589)	accu 1.000 (0.979)	
Train Epoch-26  Iter-450/706	loss 0.0934 (0.0588)	accu 1.000 (0.979)	
Train Epoch-26  Iter-475/706	loss 0.0020 (0.0608)	accu 1.000 (0.978)	
Train Epoch-26  Iter-500/706	loss 0.0087 (0.0597)	accu 1.000 (0.979)	
Train Epoch-26  Iter-525/706	loss 0.0348 (0.0593)	accu 1.000 (0.979)	
Train Epoch-26  Iter-550/706	loss 0.1026 (0.0591)	accu 0.875 (0.979)	
Train Epoch-26  Iter-575/706	loss 0.0352 (0.0592)	accu 1.000 (0.979)	
Train Epoch-26  Iter-600/706	loss 0.0043 (0.0600)	accu 1.000 (0.979)	
Train Epoch-26  Iter-625/706	loss 0.0291 (0.0617)	accu 1.000 (0.979)	
Train Epoch-26  Iter-650/706	loss 0.1460 (0.0646)	accu 0.875 (0.978)	
Train Epoch-26  Iter-675/706	loss 0.4943 (0.0655)	accu 0.875 (0.978)	
Train Epoch-26  Iter-700/706	loss 0.0052 (0.0657)	accu 1.000 (0.978)	
Eval Epoch-26  Iter-0  /52 	loss 1.5651 (1.5651)	accu 0.625 (0.625)	
Eval Epoch-26  Iter-25 /52 	loss 0.0102 (1.0715)	accu 1.000 (0.697)	
Eval Epoch-26  Iter-50 /52 	loss 0.2720 (0.8236)	accu 0.750 (0.765)	
Epoch-26  Train: loss 0.0654	accu 0.9784	Eval: loss 0.8592	accu 0.7596
Train Epoch-27  Iter-0  /706	loss 0.0070 (0.0070)	accu 1.000 (1.000)	
Train Epoch-27  Iter-25 /706	loss 0.4324 (0.0684)	accu 0.875 (0.976)	
Train Epoch-27  Iter-50 /706	loss 0.0033 (0.0517)	accu 1.000 (0.985)	
Train Epoch-27  Iter-75 /706	loss 0.0329 (0.0637)	accu 1.000 (0.979)	
Train Epoch-27  Iter-100/706	loss 0.0779 (0.0728)	accu 1.000 (0.978)	
Train Epoch-27  Iter-125/706	loss 0.0332 (0.0632)	accu 1.000 (0.982)	
Train Epoch-27  Iter-150/706	loss 0.1259 (0.0683)	accu 1.000 (0.980)	
Train Epoch-27  Iter-175/706	loss 0.0095 (0.0660)	accu 1.000 (0.979)	
Train Epoch-27  Iter-200/706	loss 0.0047 (0.0638)	accu 1.000 (0.979)	
Train Epoch-27  Iter-225/706	loss 0.6824 (0.0664)	accu 0.875 (0.979)	
Train Epoch-27  Iter-250/706	loss 0.0653 (0.0714)	accu 1.000 (0.979)	
Train Epoch-27  Iter-275/706	loss 0.0058 (0.0712)	accu 1.000 (0.977)	
Train Epoch-27  Iter-300/706	loss 0.0037 (0.0734)	accu 1.000 (0.975)	
Train Epoch-27  Iter-325/706	loss 0.0314 (0.0735)	accu 1.000 (0.976)	
Train Epoch-27  Iter-350/706	loss 0.0021 (0.0697)	accu 1.000 (0.978)	
Train Epoch-27  Iter-375/706	loss 0.0073 (0.0690)	accu 1.000 (0.978)	
Train Epoch-27  Iter-400/706	loss 0.0973 (0.0691)	accu 0.875 (0.977)	
Train Epoch-27  Iter-425/706	loss 0.0950 (0.0679)	accu 0.875 (0.978)	
Train Epoch-27  Iter-450/706	loss 0.0027 (0.0693)	accu 1.000 (0.977)	
Train Epoch-27  Iter-475/706	loss 0.0023 (0.0695)	accu 1.000 (0.977)	
Train Epoch-27  Iter-500/706	loss 0.4447 (0.0718)	accu 0.750 (0.976)	
Train Epoch-27  Iter-525/706	loss 0.0444 (0.0728)	accu 1.000 (0.975)	
Train Epoch-27  Iter-550/706	loss 0.0653 (0.0718)	accu 1.000 (0.975)	
Train Epoch-27  Iter-575/706	loss 0.0617 (0.0719)	accu 1.000 (0.975)	
Train Epoch-27  Iter-600/706	loss 0.0616 (0.0713)	accu 1.000 (0.976)	
Train Epoch-27  Iter-625/706	loss 0.0021 (0.0692)	accu 1.000 (0.977)	
Train Epoch-27  Iter-650/706	loss 0.1147 (0.0689)	accu 0.875 (0.977)	
Train Epoch-27  Iter-675/706	loss 0.0741 (0.0697)	accu 1.000 (0.976)	
Train Epoch-27  Iter-700/706	loss 0.0047 (0.0703)	accu 1.000 (0.976)	
Eval Epoch-27  Iter-0  /52 	loss 1.5655 (1.5655)	accu 0.625 (0.625)	
Eval Epoch-27  Iter-25 /52 	loss 0.0102 (1.0717)	accu 1.000 (0.697)	
Eval Epoch-27  Iter-50 /52 	loss 0.2718 (0.8236)	accu 0.750 (0.765)	
Epoch-27  Train: loss 0.0699	accu 0.9757	Eval: loss 0.8592	accu 0.7596
Train Epoch-28  Iter-0  /706	loss 0.0069 (0.0069)	accu 1.000 (1.000)	
Train Epoch-28  Iter-25 /706	loss 0.0019 (0.0947)	accu 1.000 (0.957)	
Train Epoch-28  Iter-50 /706	loss 0.0055 (0.0886)	accu 1.000 (0.963)	
Train Epoch-28  Iter-75 /706	loss 0.0623 (0.0722)	accu 1.000 (0.972)	
Train Epoch-28  Iter-100/706	loss 0.0639 (0.0760)	accu 1.000 (0.972)	
Train Epoch-28  Iter-125/706	loss 0.0120 (0.0734)	accu 1.000 (0.974)	
Train Epoch-28  Iter-150/706	loss 0.0141 (0.0705)	accu 1.000 (0.976)	
Train Epoch-28  Iter-175/706	loss 0.0059 (0.0740)	accu 1.000 (0.974)	
Train Epoch-28  Iter-200/706	loss 0.0021 (0.0712)	accu 1.000 (0.975)	
Train Epoch-28  Iter-225/706	loss 0.0331 (0.0706)	accu 1.000 (0.975)	
Train Epoch-28  Iter-250/706	loss 0.0035 (0.0692)	accu 1.000 (0.975)	
Train Epoch-28  Iter-275/706	loss 0.0129 (0.0690)	accu 1.000 (0.975)	
Train Epoch-28  Iter-300/706	loss 0.0181 (0.0681)	accu 1.000 (0.975)	
Train Epoch-28  Iter-325/706	loss 0.5124 (0.0700)	accu 0.875 (0.975)	
Train Epoch-28  Iter-350/706	loss 0.0052 (0.0685)	accu 1.000 (0.976)	
Train Epoch-28  Iter-375/706	loss 0.0099 (0.0693)	accu 1.000 (0.976)	
Train Epoch-28  Iter-400/706	loss 0.0171 (0.0691)	accu 1.000 (0.975)	
Train Epoch-28  Iter-425/706	loss 0.0044 (0.0691)	accu 1.000 (0.975)	
Train Epoch-28  Iter-450/706	loss 0.0753 (0.0726)	accu 1.000 (0.974)	
Train Epoch-28  Iter-475/706	loss 0.0082 (0.0726)	accu 1.000 (0.975)	
Train Epoch-28  Iter-500/706	loss 0.0097 (0.0728)	accu 1.000 (0.974)	
Train Epoch-28  Iter-525/706	loss 0.6672 (0.0759)	accu 0.875 (0.974)	
Train Epoch-28  Iter-550/706	loss 0.0025 (0.0759)	accu 1.000 (0.974)	
Train Epoch-28  Iter-575/706	loss 0.6139 (0.0762)	accu 0.875 (0.974)	
Train Epoch-28  Iter-600/706	loss 0.0091 (0.0758)	accu 1.000 (0.974)	
Train Epoch-28  Iter-625/706	loss 0.0067 (0.0747)	accu 1.000 (0.975)	
Train Epoch-28  Iter-650/706	loss 0.0324 (0.0735)	accu 1.000 (0.975)	
Train Epoch-28  Iter-675/706	loss 0.0116 (0.0714)	accu 1.000 (0.976)	
Train Epoch-28  Iter-700/706	loss 0.5112 (0.0711)	accu 0.875 (0.977)	
Eval Epoch-28  Iter-0  /52 	loss 1.5657 (1.5657)	accu 0.625 (0.625)	
Eval Epoch-28  Iter-25 /52 	loss 0.0103 (1.0720)	accu 1.000 (0.697)	
Eval Epoch-28  Iter-50 /52 	loss 0.2714 (0.8236)	accu 0.750 (0.765)	
Epoch-28  Train: loss 0.0709	accu 0.9768	Eval: loss 0.8592	accu 0.7596
Train Epoch-29  Iter-0  /706	loss 0.0020 (0.0020)	accu 1.000 (1.000)	
Train Epoch-29  Iter-25 /706	loss 0.0892 (0.0883)	accu 0.875 (0.971)	
Train Epoch-29  Iter-50 /706	loss 0.0229 (0.0750)	accu 1.000 (0.971)	
Train Epoch-29  Iter-75 /706	loss 0.2044 (0.0766)	accu 0.875 (0.972)	
Train Epoch-29  Iter-100/706	loss 0.0303 (0.0671)	accu 1.000 (0.976)	
Train Epoch-29  Iter-125/706	loss 0.0098 (0.0640)	accu 1.000 (0.978)	
Train Epoch-29  Iter-150/706	loss 0.0132 (0.0642)	accu 1.000 (0.977)	
Train Epoch-29  Iter-175/706	loss 0.0206 (0.0697)	accu 1.000 (0.974)	
Train Epoch-29  Iter-200/706	loss 0.0230 (0.0667)	accu 1.000 (0.975)	
Train Epoch-29  Iter-225/706	loss 0.5865 (0.0716)	accu 0.750 (0.972)	
Train Epoch-29  Iter-250/706	loss 0.0082 (0.0662)	accu 1.000 (0.975)	
Train Epoch-29  Iter-275/706	loss 0.0212 (0.0645)	accu 1.000 (0.976)	
Train Epoch-29  Iter-300/706	loss 0.0021 (0.0618)	accu 1.000 (0.977)	
Train Epoch-29  Iter-325/706	loss 0.0135 (0.0682)	accu 1.000 (0.976)	
Train Epoch-29  Iter-350/706	loss 0.0110 (0.0697)	accu 1.000 (0.976)	
Train Epoch-29  Iter-375/706	loss 0.0067 (0.0688)	accu 1.000 (0.976)	
Train Epoch-29  Iter-400/706	loss 0.0014 (0.0673)	accu 1.000 (0.976)	
Train Epoch-29  Iter-425/706	loss 0.0073 (0.0672)	accu 1.000 (0.976)	
Train Epoch-29  Iter-450/706	loss 0.0064 (0.0671)	accu 1.000 (0.976)	
Train Epoch-29  Iter-475/706	loss 0.0211 (0.0666)	accu 1.000 (0.977)	
Train Epoch-29  Iter-500/706	loss 0.5051 (0.0654)	accu 0.875 (0.978)	
Train Epoch-29  Iter-525/706	loss 0.0023 (0.0649)	accu 1.000 (0.978)	
Train Epoch-29  Iter-550/706	loss 0.0162 (0.0654)	accu 1.000 (0.978)	
Train Epoch-29  Iter-575/706	loss 0.0551 (0.0648)	accu 1.000 (0.979)	
Train Epoch-29  Iter-600/706	loss 0.0146 (0.0639)	accu 1.000 (0.979)	
Train Epoch-29  Iter-625/706	loss 0.0101 (0.0645)	accu 1.000 (0.979)	
Train Epoch-29  Iter-650/706	loss 0.0981 (0.0654)	accu 1.000 (0.979)	
Train Epoch-29  Iter-675/706	loss 0.0905 (0.0666)	accu 0.875 (0.978)	
Train Epoch-29  Iter-700/706	loss 0.0061 (0.0671)	accu 1.000 (0.978)	
Eval Epoch-29  Iter-0  /52 	loss 1.5677 (1.5677)	accu 0.625 (0.625)	
Eval Epoch-29  Iter-25 /52 	loss 0.0104 (1.0732)	accu 1.000 (0.697)	
Eval Epoch-29  Iter-50 /52 	loss 0.2694 (0.8239)	accu 0.750 (0.765)	
Epoch-29  Train: loss 0.0692	accu 0.9772	Eval: loss 0.8594	accu 0.7596
Eval Epoch-0   Iter-0  /52 	loss 1.1961 (1.1961)	accu 0.500 (0.500)	
Eval Epoch-0   Iter-25 /52 	loss 0.1162 (0.7375)	accu 1.000 (0.678)	
Eval Epoch-0   Iter-50 /52 	loss 0.7154 (0.6333)	accu 0.625 (0.738)	
Eval: loss 0.6474	accu 0.7332
Test Epoch-0   Iter-0  /59 	loss 0.8633 (0.8633)	accu 0.500 (0.500)	
Test Epoch-0   Iter-25 /59 	loss 0.7161 (0.7036)	accu 0.625 (0.630)	
Test Epoch-0   Iter-50 /59 	loss 0.9940 (0.6378)	accu 0.500 (0.674)	
Test: loss 0.6177	accu 0.6907
wandb: Waiting for W&B process to finish... (success).
wandb: 
wandb: Run history:
wandb:   Eval Acc ▁▆▆▄▄▅▁▆▇██▇▇▇▇▇▇▇▇▇▇▇▇▇▇▇▇▇▇▇
wandb:  Eval Loss ▅▁▂▆▂▂█▄▃▃▃▄▅▆▅▅▄▄▄▄▄▄▄▄▄▄▄▄▄▄
wandb:  Train Acc ▁▅▆▆▆▆▆▇▇▇▇███████████████████
wandb: Train Loss █▅▃▃▃▃▃▃▂▂▂▁▁▁▁▁▁▁▁▁▁▁▁▁▁▁▁▁▁▁
wandb: 
wandb: Run summary:
wandb:   Eval Acc 0.75962
wandb:  Eval Loss 0.85942
wandb:  Train Acc 0.97722
wandb: Train Loss 0.06923
wandb: 
wandb: 🚀 View run upbeat-shape-249 at: https://wandb.ai/is_project/vision_models/runs/bsi2acst
wandb: Synced 6 W&B file(s), 0 media file(s), 0 artifact file(s) and 0 other file(s)
wandb: Find logs at: ./wandb/run-20230612_180846-bsi2acst/logs
