wandb: Currently logged in as: shrey2809 (is_project). Use `wandb login --relogin` to force relogin
wandb: Tracking run with wandb version 0.15.4
wandb: Run data is saved locally in /scratch/AzureNfsServer_INPUT1/vc_data/users/gmanish/multiModalHate/IS-Hate-Speech/wandb/run-20230611_185614-3t7wla9k
wandb: Run `wandb offline` to turn off syncing.
wandb: Syncing run comfy-terrain-235
wandb: ⭐️ View project at https://wandb.ai/is_project/vision_models
wandb: 🚀 View run at https://wandb.ai/is_project/vision_models/runs/3t7wla9k
number of available devices: 1
obtained dataloaders
Some weights of the model checkpoint at allenai/longformer-large-4096 were not used when initializing LongformerModel: ['lm_head.decoder.weight', 'lm_head.dense.weight', 'lm_head.layer_norm.weight', 'lm_head.dense.bias', 'lm_head.layer_norm.bias', 'lm_head.bias']
- This IS expected if you are initializing LongformerModel from the checkpoint of a model trained on another task or with another architecture (e.g. initializing a BertForSequenceClassification model from a BertForPreTraining model).
- This IS NOT expected if you are initializing LongformerModel from the checkpoint of a model that you expect to be exactly identical (initializing a BertForSequenceClassification model from a BertForSequenceClassification model).
Downloading (…)olve/main/merges.txt:   0%|          | 0.00/456k [00:00<?, ?B/s]Downloading (…)olve/main/merges.txt: 100%|██████████| 456k/456k [00:00<00:00, 46.3MB/s]
loaded models
Train Epoch-0   Iter-0  /706	loss 1.5874 (1.5874)	accu 0.500 (0.500)	
Train Epoch-0   Iter-25 /706	loss 1.8148 (2.0231)	accu 0.375 (0.529)	
Train Epoch-0   Iter-50 /706	loss 1.5385 (1.9752)	accu 0.750 (0.588)	
Train Epoch-0   Iter-75 /706	loss 2.0284 (1.8867)	accu 0.625 (0.630)	
Train Epoch-0   Iter-100/706	loss 0.7702 (1.7895)	accu 1.000 (0.663)	
Train Epoch-0   Iter-125/706	loss 1.2085 (1.7416)	accu 0.875 (0.691)	
Train Epoch-0   Iter-150/706	loss 1.5033 (1.7392)	accu 0.875 (0.704)	
Train Epoch-0   Iter-175/706	loss 1.0716 (1.6748)	accu 0.875 (0.726)	
Train Epoch-0   Iter-200/706	loss 1.1236 (1.6371)	accu 0.875 (0.736)	
Train Epoch-0   Iter-225/706	loss 2.9072 (1.6142)	accu 0.750 (0.745)	
Train Epoch-0   Iter-250/706	loss 2.1789 (1.5922)	accu 0.625 (0.754)	
Train Epoch-0   Iter-275/706	loss 0.8723 (1.5774)	accu 0.875 (0.756)	
Train Epoch-0   Iter-300/706	loss 1.0298 (1.5676)	accu 1.000 (0.759)	
Train Epoch-0   Iter-325/706	loss 1.0831 (1.5462)	accu 0.875 (0.766)	
Train Epoch-0   Iter-350/706	loss 1.3118 (1.5243)	accu 0.875 (0.770)	
Train Epoch-0   Iter-375/706	loss 1.9331 (1.5064)	accu 0.875 (0.775)	
Train Epoch-0   Iter-400/706	loss 1.4077 (1.4799)	accu 0.750 (0.783)	
Train Epoch-0   Iter-425/706	loss 0.8733 (1.4598)	accu 0.875 (0.788)	
Train Epoch-0   Iter-450/706	loss 0.7805 (1.4418)	accu 0.875 (0.792)	
Train Epoch-0   Iter-475/706	loss 1.1754 (1.4342)	accu 0.875 (0.794)	
Train Epoch-0   Iter-500/706	loss 1.2513 (1.4221)	accu 1.000 (0.798)	
Train Epoch-0   Iter-525/706	loss 0.9499 (1.4018)	accu 0.875 (0.802)	
Train Epoch-0   Iter-550/706	loss 2.9623 (1.3904)	accu 0.875 (0.806)	
Train Epoch-0   Iter-575/706	loss 0.6521 (1.3759)	accu 0.875 (0.809)	
Train Epoch-0   Iter-600/706	loss 0.7304 (1.3535)	accu 1.000 (0.813)	
Train Epoch-0   Iter-625/706	loss 1.2514 (1.3362)	accu 0.875 (0.815)	
Train Epoch-0   Iter-650/706	loss 0.8212 (1.3200)	accu 1.000 (0.820)	
Train Epoch-0   Iter-675/706	loss 1.1959 (1.3000)	accu 0.875 (0.824)	
Train Epoch-0   Iter-700/706	loss 0.6443 (1.2817)	accu 1.000 (0.828)	
Eval Epoch-0   Iter-0  /52 	loss 2.3077 (2.3077)	accu 0.625 (0.625)	
Eval Epoch-0   Iter-25 /52 	loss 2.2131 (2.3060)	accu 0.875 (0.764)	
Eval Epoch-0   Iter-50 /52 	loss 0.7830 (1.9473)	accu 0.750 (0.745)	
Epoch-0   Train: loss 1.2773	accu 0.8291	Eval: loss 1.9649	accu 0.7380
Train Epoch-1   Iter-0  /706	loss 1.7828 (1.7828)	accu 0.750 (0.750)	
Train Epoch-1   Iter-25 /706	loss 0.6521 (0.9439)	accu 0.875 (0.865)	
Train Epoch-1   Iter-50 /706	loss 0.7372 (0.9374)	accu 1.000 (0.887)	
Train Epoch-1   Iter-75 /706	loss 0.8092 (0.9053)	accu 1.000 (0.896)	
Train Epoch-1   Iter-100/706	loss 0.7128 (0.8755)	accu 1.000 (0.908)	
Train Epoch-1   Iter-125/706	loss 0.7166 (0.8822)	accu 0.750 (0.902)	
Train Epoch-1   Iter-150/706	loss 0.5682 (0.8789)	accu 0.875 (0.902)	
Train Epoch-1   Iter-175/706	loss 1.9462 (0.8714)	accu 0.875 (0.903)	
Train Epoch-1   Iter-200/706	loss 0.8512 (0.8906)	accu 0.875 (0.904)	
Train Epoch-1   Iter-225/706	loss 0.3201 (0.8703)	accu 1.000 (0.909)	
Train Epoch-1   Iter-250/706	loss 0.9725 (0.8782)	accu 0.875 (0.908)	
Train Epoch-1   Iter-275/706	loss 0.5665 (0.8693)	accu 0.875 (0.909)	
Train Epoch-1   Iter-300/706	loss 0.6578 (0.8571)	accu 0.875 (0.909)	
Train Epoch-1   Iter-325/706	loss 0.3025 (0.8365)	accu 1.000 (0.913)	
Train Epoch-1   Iter-350/706	loss 1.3954 (0.8300)	accu 0.875 (0.915)	
Train Epoch-1   Iter-375/706	loss 0.1516 (0.8320)	accu 1.000 (0.914)	
Train Epoch-1   Iter-400/706	loss 0.1817 (0.8241)	accu 1.000 (0.915)	
Train Epoch-1   Iter-425/706	loss 0.4219 (0.8158)	accu 0.875 (0.916)	
Train Epoch-1   Iter-450/706	loss 1.1993 (0.8222)	accu 0.875 (0.914)	
Train Epoch-1   Iter-475/706	loss 0.3083 (0.8138)	accu 1.000 (0.915)	
Train Epoch-1   Iter-500/706	loss 0.2870 (0.8061)	accu 1.000 (0.915)	
Train Epoch-1   Iter-525/706	loss 1.3688 (0.8029)	accu 0.875 (0.916)	
Train Epoch-1   Iter-550/706	loss 0.6700 (0.8039)	accu 1.000 (0.916)	
Train Epoch-1   Iter-575/706	loss 0.8922 (0.8112)	accu 1.000 (0.914)	
Train Epoch-1   Iter-600/706	loss 0.4320 (0.8129)	accu 1.000 (0.914)	
Train Epoch-1   Iter-625/706	loss 1.2373 (0.8088)	accu 0.875 (0.914)	
Train Epoch-1   Iter-650/706	loss 0.8903 (0.8020)	accu 0.875 (0.914)	
Train Epoch-1   Iter-675/706	loss 0.5315 (0.7905)	accu 1.000 (0.916)	
Train Epoch-1   Iter-700/706	loss 0.3583 (0.7858)	accu 1.000 (0.918)	
Eval Epoch-1   Iter-0  /52 	loss 3.2116 (3.2116)	accu 0.500 (0.500)	
Eval Epoch-1   Iter-25 /52 	loss 3.8550 (3.6155)	accu 0.625 (0.462)	
Eval Epoch-1   Iter-50 /52 	loss 0.1363 (2.3762)	accu 1.000 (0.654)	
Epoch-1   Train: loss 0.7905	accu 0.9177	Eval: loss 2.3680	accu 0.6538
Train Epoch-2   Iter-0  /706	loss 0.4205 (0.4205)	accu 1.000 (1.000)	
Train Epoch-2   Iter-25 /706	loss 0.8744 (0.6134)	accu 0.875 (0.957)	
Train Epoch-2   Iter-50 /706	loss 0.8965 (0.6923)	accu 1.000 (0.944)	
Train Epoch-2   Iter-75 /706	loss 0.4401 (0.6274)	accu 0.875 (0.946)	
Train Epoch-2   Iter-100/706	loss 0.6567 (0.6566)	accu 0.875 (0.938)	
Train Epoch-2   Iter-125/706	loss 0.8895 (0.6533)	accu 0.875 (0.938)	
Train Epoch-2   Iter-150/706	loss 0.0344 (0.6498)	accu 1.000 (0.940)	
Train Epoch-2   Iter-175/706	loss 1.3733 (0.6430)	accu 0.875 (0.941)	
Train Epoch-2   Iter-200/706	loss 0.1674 (0.6303)	accu 1.000 (0.942)	
Train Epoch-2   Iter-225/706	loss 0.5544 (0.6279)	accu 1.000 (0.943)	
Train Epoch-2   Iter-250/706	loss 0.4617 (0.6306)	accu 0.875 (0.943)	
Train Epoch-2   Iter-275/706	loss 0.4108 (0.6229)	accu 0.875 (0.944)	
Train Epoch-2   Iter-300/706	loss 0.7080 (0.6347)	accu 0.875 (0.941)	
Train Epoch-2   Iter-325/706	loss 1.2710 (0.6415)	accu 0.750 (0.940)	
Train Epoch-2   Iter-350/706	loss 0.4291 (0.6438)	accu 1.000 (0.940)	
Train Epoch-2   Iter-375/706	loss 0.3470 (0.6397)	accu 1.000 (0.940)	
Train Epoch-2   Iter-400/706	loss 0.1380 (0.6372)	accu 1.000 (0.940)	
Train Epoch-2   Iter-425/706	loss 0.1076 (0.6291)	accu 1.000 (0.940)	
Train Epoch-2   Iter-450/706	loss 0.0245 (0.6237)	accu 1.000 (0.941)	
Train Epoch-2   Iter-475/706	loss 0.0702 (0.6089)	accu 1.000 (0.942)	
Train Epoch-2   Iter-500/706	loss 0.2724 (0.6126)	accu 1.000 (0.943)	
Train Epoch-2   Iter-525/706	loss 0.8365 (0.6063)	accu 1.000 (0.944)	
Train Epoch-2   Iter-550/706	loss 0.7376 (0.6064)	accu 1.000 (0.945)	
Train Epoch-2   Iter-575/706	loss 1.4304 (0.6091)	accu 0.875 (0.946)	
Train Epoch-2   Iter-600/706	loss 0.1024 (0.6128)	accu 1.000 (0.945)	
Train Epoch-2   Iter-625/706	loss 0.6899 (0.6102)	accu 0.875 (0.944)	
Train Epoch-2   Iter-650/706	loss 1.4485 (0.6129)	accu 0.750 (0.944)	
Train Epoch-2   Iter-675/706	loss 0.5119 (0.6149)	accu 1.000 (0.943)	
Train Epoch-2   Iter-700/706	loss 1.2154 (0.6238)	accu 0.625 (0.942)	
Eval Epoch-2   Iter-0  /52 	loss 2.8713 (2.8713)	accu 0.500 (0.500)	
Eval Epoch-2   Iter-25 /52 	loss 9.0092 (3.1326)	accu 0.125 (0.548)	
Eval Epoch-2   Iter-50 /52 	loss 2.5313 (2.2499)	accu 0.625 (0.686)	
Epoch-2   Train: loss 0.6291	accu 0.9414	Eval: loss 2.2352	accu 0.6851
Train Epoch-3   Iter-0  /706	loss 1.8053 (1.8053)	accu 0.750 (0.750)	
Train Epoch-3   Iter-25 /706	loss 1.4192 (0.7028)	accu 0.750 (0.913)	
Train Epoch-3   Iter-50 /706	loss 2.3551 (0.6653)	accu 0.750 (0.924)	
