Namespace(add_comment=True, add_description=False, add_other_comments=False, add_title=False, add_transcription=True, add_video=False, batch_size=8, clip_embeedings_path='data/CLIP_embeddings', debug=False, desc_keyphrase_extract=False, desc_token_count=100, freeze_lf_layers=23, gpu='5', lr=0.0003, max_epochs=30, max_len=512, metadata_path='data/extra_data_trans.csv', model='bert-large-cased', multitask=False, num_workers=0, other_comments_path='data/extra_data_other_comments.csv', other_comments_token_count=300, pad_metadata=True, remove_none=False, test_question_file='data/with_aug_ttv/test.csv', title_token_count=50, train_question_file='data/with_aug_ttv/train.csv', transcript_keyphrase_extract=True, transcript_token_count=512, validation_question_file='data/with_aug_ttv/eval.csv', video_path='data/videos/', work_dir='model_comment/')
wandb: Currently logged in as: shrey2809 (is_project). Use `wandb login --relogin` to force relogin
wandb: Tracking run with wandb version 0.15.4
wandb: Run data is saved locally in /scratch/AzureNfsServer_INPUT1/vc_data/users/gmanish/multiModalHate/IS-Hate-Speech/wandb/run-20230612_181636-s8ny1nsa
wandb: Run `wandb offline` to turn off syncing.
wandb: Syncing run playful-jazz-265
wandb: ⭐️ View project at https://wandb.ai/is_project/vision_models
wandb: 🚀 View run at https://wandb.ai/is_project/vision_models/runs/s8ny1nsa
number of available devices: 1
obtained dataloaders
Some weights of the model checkpoint at bert-large-cased were not used when initializing BertModel: ['cls.predictions.decoder.weight', 'cls.predictions.transform.dense.weight', 'cls.seq_relationship.bias', 'cls.predictions.transform.dense.bias', 'cls.predictions.bias', 'cls.predictions.transform.LayerNorm.bias', 'cls.predictions.transform.LayerNorm.weight', 'cls.seq_relationship.weight']
- This IS expected if you are initializing BertModel from the checkpoint of a model trained on another task or with another architecture (e.g. initializing a BertForSequenceClassification model from a BertForPreTraining model).
- This IS NOT expected if you are initializing BertModel from the checkpoint of a model that you expect to be exactly identical (initializing a BertForSequenceClassification model from a BertForSequenceClassification model).
loaded models
Train Epoch-0   Iter-0  /706	loss 0.7206 (0.7206)	accu 0.375 (0.375)	
Train Epoch-0   Iter-25 /706	loss 0.4963 (0.6937)	accu 0.750 (0.548)	
Train Epoch-0   Iter-50 /706	loss 0.4490 (0.6693)	accu 0.625 (0.591)	
Train Epoch-0   Iter-75 /706	loss 0.3322 (0.6219)	accu 0.750 (0.655)	
Train Epoch-0   Iter-100/706	loss 1.0334 (0.5960)	accu 0.500 (0.671)	
Train Epoch-0   Iter-125/706	loss 0.4971 (0.5878)	accu 0.750 (0.688)	
Train Epoch-0   Iter-150/706	loss 0.4975 (0.5725)	accu 0.750 (0.698)	
Train Epoch-0   Iter-175/706	loss 0.2005 (0.5655)	accu 1.000 (0.701)	
Train Epoch-0   Iter-200/706	loss 0.2173 (0.5420)	accu 0.875 (0.719)	
Train Epoch-0   Iter-225/706	loss 0.2301 (0.5206)	accu 0.875 (0.732)	
Train Epoch-0   Iter-250/706	loss 0.2159 (0.4993)	accu 0.875 (0.747)	
Train Epoch-0   Iter-275/706	loss 0.5641 (0.4863)	accu 0.750 (0.754)	
Train Epoch-0   Iter-300/706	loss 0.8020 (0.4782)	accu 0.625 (0.760)	
Train Epoch-0   Iter-325/706	loss 0.4202 (0.4717)	accu 0.875 (0.765)	
Train Epoch-0   Iter-350/706	loss 0.1854 (0.4679)	accu 1.000 (0.770)	
Train Epoch-0   Iter-375/706	loss 0.4405 (0.4704)	accu 0.875 (0.771)	
Train Epoch-0   Iter-400/706	loss 0.5189 (0.4741)	accu 0.875 (0.772)	
Train Epoch-0   Iter-425/706	loss 0.8907 (0.4709)	accu 0.625 (0.778)	
Train Epoch-0   Iter-450/706	loss 0.5551 (0.4770)	accu 0.750 (0.773)	
Train Epoch-0   Iter-475/706	loss 0.4774 (0.4756)	accu 0.750 (0.776)	
Train Epoch-0   Iter-500/706	loss 0.6197 (0.4750)	accu 0.750 (0.776)	
Train Epoch-0   Iter-525/706	loss 0.3742 (0.4703)	accu 0.875 (0.780)	
Train Epoch-0   Iter-550/706	loss 0.0876 (0.4659)	accu 1.000 (0.784)	
Train Epoch-0   Iter-575/706	loss 0.5685 (0.4623)	accu 0.875 (0.787)	
Train Epoch-0   Iter-600/706	loss 0.5672 (0.4596)	accu 0.750 (0.789)	
Train Epoch-0   Iter-625/706	loss 0.4127 (0.4530)	accu 0.875 (0.793)	
Train Epoch-0   Iter-650/706	loss 0.2182 (0.4448)	accu 0.875 (0.797)	
Train Epoch-0   Iter-675/706	loss 0.0467 (0.4355)	accu 1.000 (0.801)	
Train Epoch-0   Iter-700/706	loss 0.0985 (0.4293)	accu 1.000 (0.805)	
Eval Epoch-0   Iter-0  /52 	loss 1.2356 (1.2356)	accu 0.750 (0.750)	
Eval Epoch-0   Iter-25 /52 	loss 0.2511 (1.1292)	accu 0.875 (0.591)	
Eval Epoch-0   Iter-50 /52 	loss 1.4646 (0.9383)	accu 0.500 (0.642)	
Epoch-0   Train: loss 0.4278	accu 0.8059	Eval: loss 0.9272	accu 0.6442
Train Epoch-1   Iter-0  /706	loss 0.1167 (0.1167)	accu 1.000 (1.000)	
Train Epoch-1   Iter-25 /706	loss 0.1449 (0.2569)	accu 1.000 (0.918)	
Train Epoch-1   Iter-50 /706	loss 0.0366 (0.2280)	accu 1.000 (0.922)	
Train Epoch-1   Iter-75 /706	loss 0.3301 (0.2694)	accu 0.750 (0.900)	
Train Epoch-1   Iter-100/706	loss 0.1908 (0.2744)	accu 0.875 (0.905)	
Train Epoch-1   Iter-125/706	loss 0.6437 (0.2773)	accu 0.750 (0.898)	
Train Epoch-1   Iter-150/706	loss 0.2040 (0.2795)	accu 0.875 (0.898)	
Train Epoch-1   Iter-175/706	loss 0.2979 (0.2652)	accu 0.750 (0.903)	
Train Epoch-1   Iter-200/706	loss 0.2489 (0.2675)	accu 0.875 (0.902)	
Train Epoch-1   Iter-225/706	loss 0.6352 (0.2709)	accu 0.875 (0.902)	
Train Epoch-1   Iter-250/706	loss 0.1474 (0.2611)	accu 0.875 (0.905)	
Train Epoch-1   Iter-275/706	loss 0.1234 (0.2570)	accu 1.000 (0.907)	
Train Epoch-1   Iter-300/706	loss 0.4788 (0.2815)	accu 0.750 (0.893)	
Train Epoch-1   Iter-325/706	loss 0.5261 (0.2890)	accu 0.750 (0.889)	
Train Epoch-1   Iter-350/706	loss 0.0933 (0.2913)	accu 1.000 (0.888)	
Train Epoch-1   Iter-375/706	loss 0.1153 (0.2892)	accu 1.000 (0.890)	
Train Epoch-1   Iter-400/706	loss 0.7623 (0.2918)	accu 0.750 (0.888)	
Train Epoch-1   Iter-425/706	loss 0.3440 (0.2939)	accu 0.875 (0.888)	
Train Epoch-1   Iter-450/706	loss 0.3540 (0.2867)	accu 0.875 (0.890)	
Train Epoch-1   Iter-475/706	loss 0.0324 (0.2853)	accu 1.000 (0.890)	
Train Epoch-1   Iter-500/706	loss 0.2593 (0.2811)	accu 0.750 (0.891)	
Train Epoch-1   Iter-525/706	loss 0.4034 (0.2864)	accu 0.875 (0.889)	
Train Epoch-1   Iter-550/706	loss 0.5705 (0.2890)	accu 0.625 (0.888)	
Train Epoch-1   Iter-575/706	loss 0.0642 (0.2890)	accu 1.000 (0.888)	
Train Epoch-1   Iter-600/706	loss 0.0372 (0.2864)	accu 1.000 (0.888)	
Train Epoch-1   Iter-625/706	loss 0.1754 (0.2856)	accu 0.875 (0.889)	
Train Epoch-1   Iter-650/706	loss 0.0941 (0.2841)	accu 1.000 (0.890)	
Train Epoch-1   Iter-675/706	loss 0.5095 (0.2840)	accu 0.750 (0.890)	
Train Epoch-1   Iter-700/706	loss 0.1416 (0.2839)	accu 1.000 (0.890)	
Eval Epoch-1   Iter-0  /52 	loss 0.7929 (0.7929)	accu 0.750 (0.750)	
Eval Epoch-1   Iter-25 /52 	loss 0.0638 (0.7371)	accu 1.000 (0.572)	
Eval Epoch-1   Iter-50 /52 	loss 1.6514 (0.6443)	accu 0.500 (0.689)	
Epoch-1   Train: loss 0.2846	accu 0.8899	Eval: loss 0.6361	accu 0.6947
Train Epoch-2   Iter-0  /706	loss 0.2340 (0.2340)	accu 0.875 (0.875)	
Train Epoch-2   Iter-25 /706	loss 0.1160 (0.2128)	accu 1.000 (0.928)	
Train Epoch-2   Iter-50 /706	loss 0.1820 (0.2069)	accu 1.000 (0.931)	
Train Epoch-2   Iter-75 /706	loss 0.4310 (0.2582)	accu 0.750 (0.913)	
Train Epoch-2   Iter-100/706	loss 0.1272 (0.2591)	accu 1.000 (0.912)	
Train Epoch-2   Iter-125/706	loss 0.0641 (0.2575)	accu 1.000 (0.915)	
Train Epoch-2   Iter-150/706	loss 0.5082 (0.2472)	accu 0.875 (0.920)	
Train Epoch-2   Iter-175/706	loss 0.0325 (0.2473)	accu 1.000 (0.917)	
Train Epoch-2   Iter-200/706	loss 0.0997 (0.2388)	accu 1.000 (0.921)	
Train Epoch-2   Iter-225/706	loss 0.0321 (0.2327)	accu 1.000 (0.922)	
Train Epoch-2   Iter-250/706	loss 0.2975 (0.2352)	accu 0.875 (0.921)	
Train Epoch-2   Iter-275/706	loss 0.0571 (0.2281)	accu 1.000 (0.924)	
Train Epoch-2   Iter-300/706	loss 0.1227 (0.2302)	accu 1.000 (0.922)	
Train Epoch-2   Iter-325/706	loss 0.0286 (0.2347)	accu 1.000 (0.920)	
Train Epoch-2   Iter-350/706	loss 0.0567 (0.2346)	accu 1.000 (0.920)	
Train Epoch-2   Iter-375/706	loss 0.3203 (0.2369)	accu 0.875 (0.920)	
Train Epoch-2   Iter-400/706	loss 0.1430 (0.2361)	accu 0.875 (0.919)	
Train Epoch-2   Iter-425/706	loss 0.0396 (0.2315)	accu 1.000 (0.921)	
Train Epoch-2   Iter-450/706	loss 0.0656 (0.2298)	accu 1.000 (0.921)	
Train Epoch-2   Iter-475/706	loss 0.6818 (0.2306)	accu 0.750 (0.920)	
Train Epoch-2   Iter-500/706	loss 0.1482 (0.2281)	accu 0.875 (0.920)	
Train Epoch-2   Iter-525/706	loss 0.0894 (0.2228)	accu 1.000 (0.921)	
Train Epoch-2   Iter-550/706	loss 0.1708 (0.2225)	accu 0.875 (0.922)	
Train Epoch-2   Iter-575/706	loss 0.8327 (0.2221)	accu 0.750 (0.922)	
Train Epoch-2   Iter-600/706	loss 0.0420 (0.2233)	accu 1.000 (0.922)	
Train Epoch-2   Iter-625/706	loss 0.0379 (0.2236)	accu 1.000 (0.923)	
Train Epoch-2   Iter-650/706	loss 0.0613 (0.2240)	accu 1.000 (0.923)	
Train Epoch-2   Iter-675/706	loss 0.2785 (0.2237)	accu 0.875 (0.923)	
Train Epoch-2   Iter-700/706	loss 0.4373 (0.2248)	accu 0.875 (0.922)	
Eval Epoch-2   Iter-0  /52 	loss 0.7953 (0.7953)	accu 0.750 (0.750)	
Eval Epoch-2   Iter-25 /52 	loss 0.1762 (1.2540)	accu 0.875 (0.490)	
Eval Epoch-2   Iter-50 /52 	loss 1.0509 (0.9451)	accu 0.500 (0.625)	
Epoch-2   Train: loss 0.2238	accu 0.9228	Eval: loss 0.9371	accu 0.6298
Train Epoch-3   Iter-0  /706	loss 0.2774 (0.2774)	accu 0.875 (0.875)	
Train Epoch-3   Iter-25 /706	loss 0.6736 (0.1816)	accu 0.750 (0.952)	
Train Epoch-3   Iter-50 /706	loss 0.0976 (0.1923)	accu 1.000 (0.941)	
Train Epoch-3   Iter-75 /706	loss 0.4492 (0.1897)	accu 0.875 (0.944)	
Train Epoch-3   Iter-100/706	loss 0.2244 (0.1917)	accu 0.875 (0.937)	
Train Epoch-3   Iter-125/706	loss 0.0260 (0.1931)	accu 1.000 (0.938)	
Train Epoch-3   Iter-150/706	loss 0.6975 (0.1914)	accu 0.750 (0.935)	
Train Epoch-3   Iter-175/706	loss 0.0831 (0.1936)	accu 1.000 (0.934)	
Train Epoch-3   Iter-200/706	loss 0.0330 (0.1973)	accu 1.000 (0.932)	
Train Epoch-3   Iter-225/706	loss 0.8472 (0.1990)	accu 0.750 (0.931)	
Train Epoch-3   Iter-250/706	loss 0.7535 (0.2016)	accu 0.750 (0.931)	
Train Epoch-3   Iter-275/706	loss 0.1235 (0.2040)	accu 1.000 (0.930)	
Train Epoch-3   Iter-300/706	loss 0.6617 (0.2186)	accu 0.750 (0.923)	
Train Epoch-3   Iter-325/706	loss 0.2411 (0.2165)	accu 0.875 (0.924)	
Train Epoch-3   Iter-350/706	loss 0.0294 (0.2120)	accu 1.000 (0.925)	
Train Epoch-3   Iter-375/706	loss 0.0431 (0.2097)	accu 1.000 (0.927)	
Train Epoch-3   Iter-400/706	loss 0.0291 (0.2062)	accu 1.000 (0.928)	
Train Epoch-3   Iter-425/706	loss 0.0256 (0.2051)	accu 1.000 (0.929)	
Train Epoch-3   Iter-450/706	loss 0.0422 (0.2039)	accu 1.000 (0.930)	
Train Epoch-3   Iter-475/706	loss 0.1180 (0.2074)	accu 1.000 (0.928)	
Train Epoch-3   Iter-500/706	loss 0.0577 (0.2123)	accu 1.000 (0.927)	
Train Epoch-3   Iter-525/706	loss 0.0760 (0.2136)	accu 1.000 (0.926)	
Train Epoch-3   Iter-550/706	loss 0.1339 (0.2112)	accu 0.875 (0.926)	
Train Epoch-3   Iter-575/706	loss 0.5811 (0.2107)	accu 0.875 (0.926)	
Train Epoch-3   Iter-600/706	loss 0.0228 (0.2114)	accu 1.000 (0.925)	
Train Epoch-3   Iter-625/706	loss 0.0586 (0.2104)	accu 1.000 (0.925)	
Train Epoch-3   Iter-650/706	loss 0.0540 (0.2091)	accu 1.000 (0.926)	
Train Epoch-3   Iter-675/706	loss 0.0256 (0.2082)	accu 1.000 (0.926)	
Train Epoch-3   Iter-700/706	loss 0.0813 (0.2070)	accu 1.000 (0.926)	
Eval Epoch-3   Iter-0  /52 	loss 1.4860 (1.4860)	accu 0.625 (0.625)	
Eval Epoch-3   Iter-25 /52 	loss 0.4581 (1.3637)	accu 0.750 (0.577)	
Eval Epoch-3   Iter-50 /52 	loss 2.2634 (1.1131)	accu 0.500 (0.659)	
Epoch-3   Train: loss 0.2076	accu 0.9255	Eval: loss 1.1108	accu 0.6587
Train Epoch-4   Iter-0  /706	loss 0.0085 (0.0085)	accu 1.000 (1.000)	
Train Epoch-4   Iter-25 /706	loss 0.0466 (0.1820)	accu 1.000 (0.918)	
Train Epoch-4   Iter-50 /706	loss 0.0102 (0.1554)	accu 1.000 (0.939)	
Train Epoch-4   Iter-75 /706	loss 0.6572 (0.1584)	accu 0.875 (0.941)	
Train Epoch-4   Iter-100/706	loss 0.2446 (0.1756)	accu 0.750 (0.933)	
Train Epoch-4   Iter-125/706	loss 0.1114 (0.1803)	accu 1.000 (0.934)	
Train Epoch-4   Iter-150/706	loss 0.4323 (0.1801)	accu 0.875 (0.935)	
Train Epoch-4   Iter-175/706	loss 0.3889 (0.1857)	accu 0.875 (0.932)	
Train Epoch-4   Iter-200/706	loss 0.1234 (0.1819)	accu 0.875 (0.933)	
Train Epoch-4   Iter-225/706	loss 0.0182 (0.1780)	accu 1.000 (0.935)	
Train Epoch-4   Iter-250/706	loss 0.3585 (0.1791)	accu 0.875 (0.936)	
Train Epoch-4   Iter-275/706	loss 0.0238 (0.1775)	accu 1.000 (0.936)	
Train Epoch-4   Iter-300/706	loss 0.2072 (0.1892)	accu 0.875 (0.930)	
Train Epoch-4   Iter-325/706	loss 0.1018 (0.1895)	accu 1.000 (0.929)	
Train Epoch-4   Iter-350/706	loss 0.0455 (0.1859)	accu 1.000 (0.930)	
Train Epoch-4   Iter-375/706	loss 0.9901 (0.1834)	accu 0.750 (0.933)	
Train Epoch-4   Iter-400/706	loss 0.0683 (0.1878)	accu 1.000 (0.931)	
Train Epoch-4   Iter-425/706	loss 0.3943 (0.1891)	accu 0.875 (0.931)	
Train Epoch-4   Iter-450/706	loss 0.2079 (0.1897)	accu 0.875 (0.931)	
Train Epoch-4   Iter-475/706	loss 0.1426 (0.1885)	accu 1.000 (0.933)	
Train Epoch-4   Iter-500/706	loss 0.0652 (0.1902)	accu 1.000 (0.931)	
Train Epoch-4   Iter-525/706	loss 0.0337 (0.1904)	accu 1.000 (0.932)	
Train Epoch-4   Iter-550/706	loss 0.0527 (0.1873)	accu 1.000 (0.933)	
Train Epoch-4   Iter-575/706	loss 0.1683 (0.1839)	accu 0.875 (0.933)	
Train Epoch-4   Iter-600/706	loss 0.0478 (0.1833)	accu 1.000 (0.933)	
Train Epoch-4   Iter-625/706	loss 0.0439 (0.1814)	accu 1.000 (0.933)	
Train Epoch-4   Iter-650/706	loss 0.0241 (0.1810)	accu 1.000 (0.934)	
Train Epoch-4   Iter-675/706	loss 0.1049 (0.1795)	accu 1.000 (0.935)	
Train Epoch-4   Iter-700/706	loss 0.0040 (0.1765)	accu 1.000 (0.936)	
Eval Epoch-4   Iter-0  /52 	loss 1.9717 (1.9717)	accu 0.625 (0.625)	
Eval Epoch-4   Iter-25 /52 	loss 0.7538 (2.0734)	accu 0.750 (0.490)	
Eval Epoch-4   Iter-50 /52 	loss 0.7478 (1.5645)	accu 0.875 (0.642)	
Epoch-4   Train: loss 0.1758	accu 0.9363	Eval: loss 1.5360	accu 0.6490
Train Epoch-5   Iter-0  /706	loss 0.0039 (0.0039)	accu 1.000 (1.000)	
Train Epoch-5   Iter-25 /706	loss 0.0831 (0.1814)	accu 1.000 (0.957)	
Train Epoch-5   Iter-50 /706	loss 0.1622 (0.1475)	accu 0.875 (0.956)	
Train Epoch-5   Iter-75 /706	loss 0.0181 (0.1653)	accu 1.000 (0.947)	
Train Epoch-5   Iter-100/706	loss 0.3257 (0.1806)	accu 0.875 (0.946)	
Train Epoch-5   Iter-125/706	loss 0.1053 (0.1713)	accu 0.875 (0.948)	
Train Epoch-5   Iter-150/706	loss 0.1955 (0.1727)	accu 0.875 (0.949)	
Train Epoch-5   Iter-175/706	loss 0.0410 (0.1761)	accu 1.000 (0.947)	
Train Epoch-5   Iter-200/706	loss 0.0184 (0.1791)	accu 1.000 (0.944)	
Train Epoch-5   Iter-225/706	loss 0.0285 (0.1813)	accu 1.000 (0.944)	
Train Epoch-5   Iter-250/706	loss 0.1143 (0.1713)	accu 0.875 (0.947)	
Train Epoch-5   Iter-275/706	loss 0.4428 (0.1735)	accu 0.750 (0.946)	
Train Epoch-5   Iter-300/706	loss 0.1837 (0.1749)	accu 0.875 (0.944)	
Train Epoch-5   Iter-325/706	loss 0.0312 (0.1728)	accu 1.000 (0.945)	
Train Epoch-5   Iter-350/706	loss 0.0346 (0.1714)	accu 1.000 (0.944)	
Train Epoch-5   Iter-375/706	loss 0.2023 (0.1753)	accu 0.875 (0.941)	
Train Epoch-5   Iter-400/706	loss 0.0179 (0.1744)	accu 1.000 (0.940)	
Train Epoch-5   Iter-425/706	loss 0.3752 (0.1809)	accu 0.875 (0.938)	
Train Epoch-5   Iter-450/706	loss 0.0982 (0.1879)	accu 1.000 (0.933)	
Train Epoch-5   Iter-475/706	loss 0.5334 (0.1901)	accu 0.875 (0.933)	
Train Epoch-5   Iter-500/706	loss 0.1646 (0.1917)	accu 1.000 (0.931)	
Train Epoch-5   Iter-525/706	loss 0.1511 (0.1923)	accu 1.000 (0.931)	
Train Epoch-5   Iter-550/706	loss 0.3325 (0.1901)	accu 0.875 (0.932)	
Train Epoch-5   Iter-575/706	loss 0.0766 (0.1895)	accu 1.000 (0.932)	
Train Epoch-5   Iter-600/706	loss 0.3700 (0.1883)	accu 0.875 (0.933)	
Train Epoch-5   Iter-625/706	loss 0.1349 (0.1883)	accu 1.000 (0.933)	
Train Epoch-5   Iter-650/706	loss 0.0513 (0.1862)	accu 1.000 (0.934)	
Train Epoch-5   Iter-675/706	loss 0.0358 (0.1862)	accu 1.000 (0.934)	
Train Epoch-5   Iter-700/706	loss 0.0481 (0.1852)	accu 1.000 (0.935)	
Eval Epoch-5   Iter-0  /52 	loss 0.9865 (0.9865)	accu 0.750 (0.750)	
Eval Epoch-5   Iter-25 /52 	loss 0.5762 (1.3520)	accu 0.750 (0.486)	
Eval Epoch-5   Iter-50 /52 	loss 1.8041 (1.0400)	accu 0.500 (0.615)	
Epoch-5   Train: loss 0.1848	accu 0.9348	Eval: loss 1.0241	accu 0.6202
Train Epoch-6   Iter-0  /706	loss 0.0536 (0.0536)	accu 1.000 (1.000)	
Train Epoch-6   Iter-25 /706	loss 0.4451 (0.1683)	accu 0.875 (0.942)	
Train Epoch-6   Iter-50 /706	loss 0.0531 (0.1832)	accu 1.000 (0.944)	
Train Epoch-6   Iter-75 /706	loss 0.0568 (0.1834)	accu 1.000 (0.938)	
Train Epoch-6   Iter-100/706	loss 0.0268 (0.1736)	accu 1.000 (0.938)	
Train Epoch-6   Iter-125/706	loss 0.2906 (0.1822)	accu 0.875 (0.931)	
Train Epoch-6   Iter-150/706	loss 0.2224 (0.1806)	accu 0.875 (0.934)	
Train Epoch-6   Iter-175/706	loss 0.5466 (0.1719)	accu 0.750 (0.935)	
Train Epoch-6   Iter-200/706	loss 0.7271 (0.1714)	accu 0.875 (0.937)	
Train Epoch-6   Iter-225/706	loss 0.0091 (0.1661)	accu 1.000 (0.938)	
Train Epoch-6   Iter-250/706	loss 0.2147 (0.1701)	accu 1.000 (0.939)	
Train Epoch-6   Iter-275/706	loss 0.0132 (0.1632)	accu 1.000 (0.942)	
Train Epoch-6   Iter-300/706	loss 0.0721 (0.1659)	accu 1.000 (0.941)	
Train Epoch-6   Iter-325/706	loss 0.0557 (0.1686)	accu 1.000 (0.939)	
Train Epoch-6   Iter-350/706	loss 0.0224 (0.1663)	accu 1.000 (0.940)	
Train Epoch-6   Iter-375/706	loss 0.2664 (0.1672)	accu 0.875 (0.940)	
Train Epoch-6   Iter-400/706	loss 0.0509 (0.1650)	accu 1.000 (0.941)	
Train Epoch-6   Iter-425/706	loss 0.0079 (0.1678)	accu 1.000 (0.940)	
Train Epoch-6   Iter-450/706	loss 0.0205 (0.1654)	accu 1.000 (0.941)	
Train Epoch-6   Iter-475/706	loss 0.2354 (0.1676)	accu 1.000 (0.940)	
Train Epoch-6   Iter-500/706	loss 0.1305 (0.1684)	accu 0.875 (0.939)	
Train Epoch-6   Iter-525/706	loss 0.1156 (0.1760)	accu 0.875 (0.934)	
Train Epoch-6   Iter-550/706	loss 0.3313 (0.1750)	accu 0.875 (0.934)	
Train Epoch-6   Iter-575/706	loss 0.0581 (0.1737)	accu 1.000 (0.935)	
Train Epoch-6   Iter-600/706	loss 0.3636 (0.1731)	accu 0.875 (0.935)	
Train Epoch-6   Iter-625/706	loss 0.0098 (0.1721)	accu 1.000 (0.935)	
Train Epoch-6   Iter-650/706	loss 0.0037 (0.1715)	accu 1.000 (0.935)	
Train Epoch-6   Iter-675/706	loss 0.0654 (0.1719)	accu 1.000 (0.936)	
Train Epoch-6   Iter-700/706	loss 0.0387 (0.1700)	accu 1.000 (0.937)	
Eval Epoch-6   Iter-0  /52 	loss 1.1043 (1.1043)	accu 0.750 (0.750)	
Eval Epoch-6   Iter-25 /52 	loss 0.1488 (0.9011)	accu 1.000 (0.678)	
Eval Epoch-6   Iter-50 /52 	loss 1.5640 (0.8764)	accu 0.500 (0.691)	
Epoch-6   Train: loss 0.1708	accu 0.9368	Eval: loss 0.8611	accu 0.6971
Train Epoch-7   Iter-0  /706	loss 0.1571 (0.1571)	accu 0.875 (0.875)	
Train Epoch-7   Iter-25 /706	loss 0.3444 (0.2211)	accu 0.875 (0.913)	
Train Epoch-7   Iter-50 /706	loss 0.2137 (0.1671)	accu 0.875 (0.939)	
Train Epoch-7   Iter-75 /706	loss 0.0384 (0.1498)	accu 1.000 (0.947)	
Train Epoch-7   Iter-100/706	loss 0.0838 (0.1568)	accu 1.000 (0.941)	
Train Epoch-7   Iter-125/706	loss 0.0168 (0.1475)	accu 1.000 (0.943)	
Train Epoch-7   Iter-150/706	loss 0.0872 (0.1414)	accu 1.000 (0.946)	
Train Epoch-7   Iter-175/706	loss 0.5638 (0.1525)	accu 0.750 (0.940)	
Train Epoch-7   Iter-200/706	loss 0.0431 (0.1496)	accu 1.000 (0.942)	
Train Epoch-7   Iter-225/706	loss 0.1940 (0.1480)	accu 0.875 (0.943)	
Train Epoch-7   Iter-250/706	loss 0.0110 (0.1442)	accu 1.000 (0.945)	
Train Epoch-7   Iter-275/706	loss 0.0654 (0.1498)	accu 1.000 (0.945)	
Train Epoch-7   Iter-300/706	loss 0.2051 (0.1518)	accu 0.875 (0.944)	
Train Epoch-7   Iter-325/706	loss 0.3273 (0.1527)	accu 0.875 (0.944)	
Train Epoch-7   Iter-350/706	loss 0.0692 (0.1526)	accu 1.000 (0.944)	
Train Epoch-7   Iter-375/706	loss 0.3402 (0.1534)	accu 0.875 (0.944)	
Train Epoch-7   Iter-400/706	loss 0.0097 (0.1503)	accu 1.000 (0.945)	
Train Epoch-7   Iter-425/706	loss 0.0103 (0.1494)	accu 1.000 (0.945)	
Train Epoch-7   Iter-450/706	loss 0.1264 (0.1481)	accu 1.000 (0.945)	
Train Epoch-7   Iter-475/706	loss 0.0324 (0.1478)	accu 1.000 (0.946)	
Train Epoch-7   Iter-500/706	loss 0.1563 (0.1490)	accu 1.000 (0.944)	
Train Epoch-7   Iter-525/706	loss 0.0078 (0.1463)	accu 1.000 (0.946)	
Train Epoch-7   Iter-550/706	loss 0.8243 (0.1459)	accu 0.625 (0.946)	
Train Epoch-7   Iter-575/706	loss 0.1646 (0.1480)	accu 0.875 (0.945)	
Train Epoch-7   Iter-600/706	loss 0.1360 (0.1463)	accu 0.875 (0.945)	
Train Epoch-7   Iter-625/706	loss 0.2555 (0.1474)	accu 0.875 (0.945)	
Train Epoch-7   Iter-650/706	loss 0.0139 (0.1474)	accu 1.000 (0.945)	
Train Epoch-7   Iter-675/706	loss 0.0192 (0.1461)	accu 1.000 (0.946)	
Train Epoch-7   Iter-700/706	loss 0.0305 (0.1452)	accu 1.000 (0.946)	
Eval Epoch-7   Iter-0  /52 	loss 0.8372 (0.8372)	accu 0.750 (0.750)	
Eval Epoch-7   Iter-25 /52 	loss 0.3222 (0.7318)	accu 0.750 (0.630)	
Eval Epoch-7   Iter-50 /52 	loss 1.2397 (0.8051)	accu 0.625 (0.652)	
Epoch-7   Train: loss 0.1474	accu 0.9457	Eval: loss 0.7982	accu 0.6562
Epoch     8: reducing learning rate of group 0 to 3.0000e-05.
Train Epoch-8   Iter-0  /706	loss 0.1196 (0.1196)	accu 1.000 (1.000)	
Train Epoch-8   Iter-25 /706	loss 0.1163 (0.2114)	accu 1.000 (0.942)	
Train Epoch-8   Iter-50 /706	loss 0.1735 (0.1806)	accu 0.875 (0.944)	
Train Epoch-8   Iter-75 /706	loss 0.0828 (0.1664)	accu 1.000 (0.947)	
Train Epoch-8   Iter-100/706	loss 0.1662 (0.1820)	accu 0.875 (0.941)	
Train Epoch-8   Iter-125/706	loss 0.0039 (0.1698)	accu 1.000 (0.942)	
Train Epoch-8   Iter-150/706	loss 0.0360 (0.1653)	accu 1.000 (0.941)	
Train Epoch-8   Iter-175/706	loss 0.0990 (0.1582)	accu 1.000 (0.944)	
Train Epoch-8   Iter-200/706	loss 0.0374 (0.1542)	accu 1.000 (0.944)	
Train Epoch-8   Iter-225/706	loss 0.0106 (0.1532)	accu 1.000 (0.944)	
Train Epoch-8   Iter-250/706	loss 0.0331 (0.1464)	accu 1.000 (0.948)	
Train Epoch-8   Iter-275/706	loss 0.6371 (0.1435)	accu 0.875 (0.949)	
Train Epoch-8   Iter-300/706	loss 0.0130 (0.1414)	accu 1.000 (0.950)	
Train Epoch-8   Iter-325/706	loss 0.0318 (0.1413)	accu 1.000 (0.951)	
Train Epoch-8   Iter-350/706	loss 0.2683 (0.1406)	accu 0.875 (0.949)	
Train Epoch-8   Iter-375/706	loss 0.0559 (0.1418)	accu 1.000 (0.948)	
Train Epoch-8   Iter-400/706	loss 0.0063 (0.1376)	accu 1.000 (0.950)	
Train Epoch-8   Iter-425/706	loss 0.2981 (0.1374)	accu 0.875 (0.950)	
Train Epoch-8   Iter-450/706	loss 0.0270 (0.1352)	accu 1.000 (0.951)	
Train Epoch-8   Iter-475/706	loss 0.0370 (0.1347)	accu 1.000 (0.951)	
Train Epoch-8   Iter-500/706	loss 0.2216 (0.1336)	accu 0.875 (0.952)	
Train Epoch-8   Iter-525/706	loss 0.0113 (0.1358)	accu 1.000 (0.952)	
Train Epoch-8   Iter-550/706	loss 0.2509 (0.1349)	accu 0.875 (0.952)	
Train Epoch-8   Iter-575/706	loss 0.1747 (0.1317)	accu 0.875 (0.953)	
Train Epoch-8   Iter-600/706	loss 0.1407 (0.1329)	accu 1.000 (0.952)	
Train Epoch-8   Iter-625/706	loss 0.0487 (0.1325)	accu 1.000 (0.952)	
Train Epoch-8   Iter-650/706	loss 0.0158 (0.1316)	accu 1.000 (0.952)	
Train Epoch-8   Iter-675/706	loss 0.0333 (0.1307)	accu 1.000 (0.952)	
Train Epoch-8   Iter-700/706	loss 0.0097 (0.1288)	accu 1.000 (0.953)	
Eval Epoch-8   Iter-0  /52 	loss 1.8314 (1.8314)	accu 0.500 (0.500)	
Eval Epoch-8   Iter-25 /52 	loss 0.2474 (1.5140)	accu 0.875 (0.534)	
Eval Epoch-8   Iter-50 /52 	loss 0.7891 (1.1118)	accu 0.875 (0.654)	
Epoch-8   Train: loss 0.1283	accu 0.9533	Eval: loss 1.0948	accu 0.6587
Train Epoch-9   Iter-0  /706	loss 0.0097 (0.0097)	accu 1.000 (1.000)	
Train Epoch-9   Iter-25 /706	loss 0.2810 (0.0846)	accu 0.875 (0.976)	
Train Epoch-9   Iter-50 /706	loss 0.0247 (0.0841)	accu 1.000 (0.975)	
Train Epoch-9   Iter-75 /706	loss 0.0137 (0.0934)	accu 1.000 (0.970)	
Train Epoch-9   Iter-100/706	loss 0.0066 (0.1003)	accu 1.000 (0.963)	
Train Epoch-9   Iter-125/706	loss 0.0170 (0.1176)	accu 1.000 (0.953)	
Train Epoch-9   Iter-150/706	loss 0.0391 (0.1215)	accu 1.000 (0.954)	
Train Epoch-9   Iter-175/706	loss 0.1038 (0.1168)	accu 0.875 (0.955)	
Train Epoch-9   Iter-200/706	loss 0.0185 (0.1157)	accu 1.000 (0.956)	
Train Epoch-9   Iter-225/706	loss 0.0359 (0.1112)	accu 1.000 (0.959)	
Train Epoch-9   Iter-250/706	loss 0.0978 (0.1101)	accu 1.000 (0.959)	
Train Epoch-9   Iter-275/706	loss 0.2459 (0.1097)	accu 0.875 (0.959)	
Train Epoch-9   Iter-300/706	loss 0.0605 (0.1130)	accu 1.000 (0.958)	
Train Epoch-9   Iter-325/706	loss 0.1720 (0.1140)	accu 0.875 (0.957)	
Train Epoch-9   Iter-350/706	loss 0.0349 (0.1108)	accu 1.000 (0.959)	
Train Epoch-9   Iter-375/706	loss 0.0782 (0.1101)	accu 1.000 (0.959)	
Train Epoch-9   Iter-400/706	loss 0.4980 (0.1101)	accu 0.750 (0.959)	
Train Epoch-9   Iter-425/706	loss 0.0831 (0.1119)	accu 1.000 (0.959)	
Train Epoch-9   Iter-450/706	loss 0.0212 (0.1095)	accu 1.000 (0.960)	
Train Epoch-9   Iter-475/706	loss 0.0328 (0.1083)	accu 1.000 (0.960)	
Train Epoch-9   Iter-500/706	loss 0.0532 (0.1109)	accu 1.000 (0.959)	
Train Epoch-9   Iter-525/706	loss 0.0166 (0.1100)	accu 1.000 (0.959)	
Train Epoch-9   Iter-550/706	loss 0.0781 (0.1115)	accu 1.000 (0.959)	
Train Epoch-9   Iter-575/706	loss 0.0129 (0.1133)	accu 1.000 (0.959)	
Train Epoch-9   Iter-600/706	loss 0.0033 (0.1127)	accu 1.000 (0.959)	
Train Epoch-9   Iter-625/706	loss 0.3059 (0.1126)	accu 0.875 (0.959)	
Train Epoch-9   Iter-650/706	loss 0.0428 (0.1136)	accu 1.000 (0.958)	
Train Epoch-9   Iter-675/706	loss 0.0133 (0.1125)	accu 1.000 (0.958)	
Train Epoch-9   Iter-700/706	loss 0.2029 (0.1128)	accu 0.875 (0.958)	
Eval Epoch-9   Iter-0  /52 	loss 1.7094 (1.7094)	accu 0.500 (0.500)	
Eval Epoch-9   Iter-25 /52 	loss 0.1850 (1.4781)	accu 0.875 (0.524)	
Eval Epoch-9   Iter-50 /52 	loss 1.2604 (1.1344)	accu 0.625 (0.642)	
Epoch-9   Train: loss 0.1125	accu 0.9582	Eval: loss 1.1165	accu 0.6466
Train Epoch-10  Iter-0  /706	loss 0.0260 (0.0260)	accu 1.000 (1.000)	
Train Epoch-10  Iter-25 /706	loss 0.0328 (0.1216)	accu 1.000 (0.971)	
Train Epoch-10  Iter-50 /706	loss 0.3444 (0.1146)	accu 0.875 (0.966)	
Train Epoch-10  Iter-75 /706	loss 0.0054 (0.0992)	accu 1.000 (0.970)	
Train Epoch-10  Iter-100/706	loss 0.4248 (0.0966)	accu 0.875 (0.970)	
Train Epoch-10  Iter-125/706	loss 0.0416 (0.1002)	accu 1.000 (0.969)	
Train Epoch-10  Iter-150/706	loss 0.0552 (0.0960)	accu 1.000 (0.970)	
Train Epoch-10  Iter-175/706	loss 0.0118 (0.1038)	accu 1.000 (0.967)	
Train Epoch-10  Iter-200/706	loss 0.0168 (0.0966)	accu 1.000 (0.970)	
Train Epoch-10  Iter-225/706	loss 0.0111 (0.1008)	accu 1.000 (0.970)	
Train Epoch-10  Iter-250/706	loss 0.0093 (0.1027)	accu 1.000 (0.969)	
Train Epoch-10  Iter-275/706	loss 0.0245 (0.1026)	accu 1.000 (0.967)	
Train Epoch-10  Iter-300/706	loss 0.0172 (0.1037)	accu 1.000 (0.966)	
Train Epoch-10  Iter-325/706	loss 0.0313 (0.1061)	accu 1.000 (0.965)	
Train Epoch-10  Iter-350/706	loss 0.0284 (0.1062)	accu 1.000 (0.965)	
Train Epoch-10  Iter-375/706	loss 0.1896 (0.1060)	accu 0.875 (0.964)	
Train Epoch-10  Iter-400/706	loss 0.1457 (0.1100)	accu 0.875 (0.961)	
Train Epoch-10  Iter-425/706	loss 0.0250 (0.1088)	accu 1.000 (0.961)	
Train Epoch-10  Iter-450/706	loss 0.5175 (0.1080)	accu 0.750 (0.961)	
Train Epoch-10  Iter-475/706	loss 0.0055 (0.1056)	accu 1.000 (0.962)	
Train Epoch-10  Iter-500/706	loss 0.2209 (0.1053)	accu 0.875 (0.962)	
Train Epoch-10  Iter-525/706	loss 0.0831 (0.1030)	accu 1.000 (0.963)	
Train Epoch-10  Iter-550/706	loss 0.4796 (0.1017)	accu 0.750 (0.963)	
Train Epoch-10  Iter-575/706	loss 0.0713 (0.1027)	accu 1.000 (0.962)	
Train Epoch-10  Iter-600/706	loss 0.0776 (0.1045)	accu 1.000 (0.961)	
Train Epoch-10  Iter-625/706	loss 0.0895 (0.1048)	accu 1.000 (0.961)	
Train Epoch-10  Iter-650/706	loss 0.0098 (0.1045)	accu 1.000 (0.961)	
Train Epoch-10  Iter-675/706	loss 0.0417 (0.1037)	accu 1.000 (0.961)	
Train Epoch-10  Iter-700/706	loss 0.1308 (0.1030)	accu 0.875 (0.961)	
Eval Epoch-10  Iter-0  /52 	loss 1.7071 (1.7071)	accu 0.500 (0.500)	
Eval Epoch-10  Iter-25 /52 	loss 0.1271 (1.4947)	accu 0.875 (0.548)	
Eval Epoch-10  Iter-50 /52 	loss 1.4313 (1.2021)	accu 0.625 (0.650)	
Epoch-10  Train: loss 0.1037	accu 0.9604	Eval: loss 1.1837	accu 0.6538
Train Epoch-11  Iter-0  /706	loss 0.0056 (0.0056)	accu 1.000 (1.000)	
Train Epoch-11  Iter-25 /706	loss 0.0206 (0.1315)	accu 1.000 (0.942)	
Train Epoch-11  Iter-50 /706	loss 0.0064 (0.1232)	accu 1.000 (0.949)	
Train Epoch-11  Iter-75 /706	loss 0.0167 (0.1258)	accu 1.000 (0.951)	
Train Epoch-11  Iter-100/706	loss 0.1353 (0.1201)	accu 0.875 (0.954)	
Train Epoch-11  Iter-125/706	loss 0.0810 (0.1147)	accu 1.000 (0.956)	
Train Epoch-11  Iter-150/706	loss 0.0094 (0.1134)	accu 1.000 (0.954)	
Train Epoch-11  Iter-175/706	loss 0.0944 (0.1212)	accu 0.875 (0.953)	
Train Epoch-11  Iter-200/706	loss 0.0357 (0.1220)	accu 1.000 (0.952)	
Train Epoch-11  Iter-225/706	loss 0.0340 (0.1179)	accu 1.000 (0.954)	
Train Epoch-11  Iter-250/706	loss 0.0252 (0.1134)	accu 1.000 (0.957)	
Train Epoch-11  Iter-275/706	loss 0.0070 (0.1123)	accu 1.000 (0.958)	
Train Epoch-11  Iter-300/706	loss 0.4665 (0.1094)	accu 0.875 (0.960)	
Train Epoch-11  Iter-325/706	loss 0.4044 (0.1112)	accu 0.750 (0.959)	
Train Epoch-11  Iter-350/706	loss 0.0027 (0.1104)	accu 1.000 (0.959)	
Train Epoch-11  Iter-375/706	loss 0.7277 (0.1090)	accu 0.875 (0.961)	
Train Epoch-11  Iter-400/706	loss 0.0494 (0.1071)	accu 1.000 (0.962)	
Train Epoch-11  Iter-425/706	loss 0.0406 (0.1101)	accu 1.000 (0.961)	
Train Epoch-11  Iter-450/706	loss 0.0113 (0.1095)	accu 1.000 (0.962)	
Train Epoch-11  Iter-475/706	loss 0.0587 (0.1095)	accu 1.000 (0.962)	
Train Epoch-11  Iter-500/706	loss 0.0628 (0.1098)	accu 1.000 (0.962)	
Train Epoch-11  Iter-525/706	loss 0.0196 (0.1102)	accu 1.000 (0.961)	
Train Epoch-11  Iter-550/706	loss 0.0046 (0.1090)	accu 1.000 (0.962)	
Train Epoch-11  Iter-575/706	loss 0.2583 (0.1094)	accu 0.875 (0.961)	
Train Epoch-11  Iter-600/706	loss 0.0182 (0.1096)	accu 1.000 (0.961)	
Train Epoch-11  Iter-625/706	loss 0.1859 (0.1083)	accu 0.875 (0.962)	
Train Epoch-11  Iter-650/706	loss 0.4987 (0.1092)	accu 0.875 (0.962)	
Train Epoch-11  Iter-675/706	loss 0.0083 (0.1081)	accu 1.000 (0.962)	
Train Epoch-11  Iter-700/706	loss 0.0014 (0.1079)	accu 1.000 (0.961)	
Eval Epoch-11  Iter-0  /52 	loss 1.7248 (1.7248)	accu 0.500 (0.500)	
Eval Epoch-11  Iter-25 /52 	loss 0.0720 (1.5855)	accu 1.000 (0.519)	
Eval Epoch-11  Iter-50 /52 	loss 1.2093 (1.2071)	accu 0.750 (0.650)	
Epoch-11  Train: loss 0.1073	accu 0.9618	Eval: loss 1.1870	accu 0.6562
Train Epoch-12  Iter-0  /706	loss 0.0459 (0.0459)	accu 1.000 (1.000)	
Train Epoch-12  Iter-25 /706	loss 0.0912 (0.1143)	accu 1.000 (0.952)	
Train Epoch-12  Iter-50 /706	loss 0.0041 (0.0868)	accu 1.000 (0.968)	
Train Epoch-12  Iter-75 /706	loss 0.0532 (0.1024)	accu 1.000 (0.965)	
Train Epoch-12  Iter-100/706	loss 0.7465 (0.1114)	accu 0.750 (0.963)	
Train Epoch-12  Iter-125/706	loss 0.0538 (0.1137)	accu 1.000 (0.960)	
Train Epoch-12  Iter-150/706	loss 0.0626 (0.1125)	accu 1.000 (0.961)	
Train Epoch-12  Iter-175/706	loss 0.0023 (0.1055)	accu 1.000 (0.964)	
Train Epoch-12  Iter-200/706	loss 0.0659 (0.1063)	accu 1.000 (0.964)	
Train Epoch-12  Iter-225/706	loss 0.0108 (0.1048)	accu 1.000 (0.963)	
Train Epoch-12  Iter-250/706	loss 0.1661 (0.1097)	accu 0.875 (0.960)	
Train Epoch-12  Iter-275/706	loss 0.0685 (0.1083)	accu 1.000 (0.961)	
Train Epoch-12  Iter-300/706	loss 0.0293 (0.1080)	accu 1.000 (0.961)	
Train Epoch-12  Iter-325/706	loss 0.0008 (0.1078)	accu 1.000 (0.961)	
Train Epoch-12  Iter-350/706	loss 0.0106 (0.1071)	accu 1.000 (0.961)	
Train Epoch-12  Iter-375/706	loss 0.0745 (0.1072)	accu 1.000 (0.961)	
Train Epoch-12  Iter-400/706	loss 0.0187 (0.1053)	accu 1.000 (0.962)	
Train Epoch-12  Iter-425/706	loss 0.2085 (0.1064)	accu 0.875 (0.962)	
Train Epoch-12  Iter-450/706	loss 0.0265 (0.1063)	accu 1.000 (0.962)	
Train Epoch-12  Iter-475/706	loss 0.2915 (0.1074)	accu 0.875 (0.961)	
Train Epoch-12  Iter-500/706	loss 0.0360 (0.1055)	accu 1.000 (0.962)	
Train Epoch-12  Iter-525/706	loss 0.0027 (0.1036)	accu 1.000 (0.963)	
Train Epoch-12  Iter-550/706	loss 0.0189 (0.1027)	accu 1.000 (0.963)	
Train Epoch-12  Iter-575/706	loss 0.0321 (0.1057)	accu 1.000 (0.962)	
Train Epoch-12  Iter-600/706	loss 0.0606 (0.1055)	accu 1.000 (0.962)	
Train Epoch-12  Iter-625/706	loss 0.0346 (0.1042)	accu 1.000 (0.962)	
Train Epoch-12  Iter-650/706	loss 0.0929 (0.1054)	accu 1.000 (0.962)	
Train Epoch-12  Iter-675/706	loss 0.0256 (0.1053)	accu 1.000 (0.962)	
Train Epoch-12  Iter-700/706	loss 0.0471 (0.1050)	accu 1.000 (0.962)	
Eval Epoch-12  Iter-0  /52 	loss 2.5171 (2.5171)	accu 0.375 (0.375)	
Eval Epoch-12  Iter-25 /52 	loss 0.2493 (1.6229)	accu 0.875 (0.476)	
Eval Epoch-12  Iter-50 /52 	loss 0.7811 (1.1656)	accu 0.875 (0.623)	
Epoch-12  Train: loss 0.1053	accu 0.9618	Eval: loss 1.1453	accu 0.6298
Train Epoch-13  Iter-0  /706	loss 0.0669 (0.0669)	accu 1.000 (1.000)	
Train Epoch-13  Iter-25 /706	loss 0.0093 (0.1381)	accu 1.000 (0.938)	
Train Epoch-13  Iter-50 /706	loss 0.0226 (0.1082)	accu 1.000 (0.949)	
Train Epoch-13  Iter-75 /706	loss 0.0008 (0.0918)	accu 1.000 (0.959)	
Train Epoch-13  Iter-100/706	loss 0.0477 (0.0923)	accu 1.000 (0.959)	
Train Epoch-13  Iter-125/706	loss 0.1499 (0.0856)	accu 0.875 (0.964)	
Train Epoch-13  Iter-150/706	loss 0.0096 (0.0849)	accu 1.000 (0.966)	
Train Epoch-13  Iter-175/706	loss 0.0359 (0.0830)	accu 1.000 (0.967)	
Train Epoch-13  Iter-200/706	loss 0.1547 (0.0842)	accu 0.875 (0.965)	
Train Epoch-13  Iter-225/706	loss 0.0075 (0.0796)	accu 1.000 (0.967)	
Train Epoch-13  Iter-250/706	loss 0.0521 (0.0804)	accu 1.000 (0.967)	
Train Epoch-13  Iter-275/706	loss 0.0292 (0.0822)	accu 1.000 (0.966)	
Train Epoch-13  Iter-300/706	loss 0.1961 (0.0807)	accu 0.875 (0.967)	
Train Epoch-13  Iter-325/706	loss 0.0206 (0.0794)	accu 1.000 (0.969)	
Train Epoch-13  Iter-350/706	loss 0.4082 (0.0824)	accu 0.875 (0.967)	
Train Epoch-13  Iter-375/706	loss 0.0075 (0.0830)	accu 1.000 (0.968)	
Train Epoch-13  Iter-400/706	loss 0.0179 (0.0838)	accu 1.000 (0.968)	
Train Epoch-13  Iter-425/706	loss 0.4928 (0.0851)	accu 0.875 (0.968)	
Train Epoch-13  Iter-450/706	loss 0.0048 (0.0883)	accu 1.000 (0.967)	
Train Epoch-13  Iter-475/706	loss 0.0334 (0.0863)	accu 1.000 (0.968)	
Train Epoch-13  Iter-500/706	loss 0.0922 (0.0898)	accu 0.875 (0.966)	
Train Epoch-13  Iter-525/706	loss 0.1070 (0.0913)	accu 1.000 (0.966)	
Train Epoch-13  Iter-550/706	loss 0.3046 (0.0955)	accu 0.875 (0.964)	
Train Epoch-13  Iter-575/706	loss 0.0123 (0.0966)	accu 1.000 (0.964)	
Train Epoch-13  Iter-600/706	loss 0.0180 (0.0959)	accu 1.000 (0.964)	
Train Epoch-13  Iter-625/706	loss 0.0075 (0.0959)	accu 1.000 (0.964)	
Train Epoch-13  Iter-650/706	loss 0.0039 (0.0973)	accu 1.000 (0.963)	
Train Epoch-13  Iter-675/706	loss 0.0149 (0.0966)	accu 1.000 (0.963)	
Train Epoch-13  Iter-700/706	loss 0.0022 (0.0961)	accu 1.000 (0.964)	
Eval Epoch-13  Iter-0  /52 	loss 2.5366 (2.5366)	accu 0.375 (0.375)	
Eval Epoch-13  Iter-25 /52 	loss 0.1700 (1.6575)	accu 0.875 (0.490)	
Eval Epoch-13  Iter-50 /52 	loss 1.0472 (1.2569)	accu 0.750 (0.625)	
Epoch-13  Train: loss 0.0959	accu 0.9637	Eval: loss 1.2357	accu 0.6322
Epoch    14: reducing learning rate of group 0 to 3.0000e-06.
Train Epoch-14  Iter-0  /706	loss 0.1414 (0.1414)	accu 0.875 (0.875)	
Train Epoch-14  Iter-25 /706	loss 0.7767 (0.1388)	accu 0.750 (0.952)	
Train Epoch-14  Iter-50 /706	loss 0.0599 (0.1027)	accu 1.000 (0.963)	
Train Epoch-14  Iter-75 /706	loss 0.0033 (0.0857)	accu 1.000 (0.972)	
Train Epoch-14  Iter-100/706	loss 0.1763 (0.1024)	accu 0.875 (0.963)	
Train Epoch-14  Iter-125/706	loss 0.3147 (0.0975)	accu 0.875 (0.964)	
Train Epoch-14  Iter-150/706	loss 0.0265 (0.0960)	accu 1.000 (0.964)	
Train Epoch-14  Iter-175/706	loss 0.0048 (0.0930)	accu 1.000 (0.966)	
Train Epoch-14  Iter-200/706	loss 0.0526 (0.0919)	accu 1.000 (0.966)	
Train Epoch-14  Iter-225/706	loss 0.0010 (0.0941)	accu 1.000 (0.965)	
Train Epoch-14  Iter-250/706	loss 0.0077 (0.0911)	accu 1.000 (0.966)	
Train Epoch-14  Iter-275/706	loss 0.0021 (0.0907)	accu 1.000 (0.966)	
Train Epoch-14  Iter-300/706	loss 0.0613 (0.0937)	accu 1.000 (0.965)	
Train Epoch-14  Iter-325/706	loss 0.4866 (0.0969)	accu 0.875 (0.964)	
Train Epoch-14  Iter-350/706	loss 0.2749 (0.0942)	accu 0.875 (0.965)	
Train Epoch-14  Iter-375/706	loss 0.0160 (0.0953)	accu 1.000 (0.964)	
Train Epoch-14  Iter-400/706	loss 0.0040 (0.0946)	accu 1.000 (0.965)	
Train Epoch-14  Iter-425/706	loss 0.0085 (0.0938)	accu 1.000 (0.965)	
Train Epoch-14  Iter-450/706	loss 0.0648 (0.0954)	accu 1.000 (0.965)	
Train Epoch-14  Iter-475/706	loss 0.0058 (0.0967)	accu 1.000 (0.964)	
Train Epoch-14  Iter-500/706	loss 0.2149 (0.0957)	accu 0.875 (0.965)	
Train Epoch-14  Iter-525/706	loss 0.0192 (0.0954)	accu 1.000 (0.965)	
Train Epoch-14  Iter-550/706	loss 0.0544 (0.0951)	accu 1.000 (0.964)	
Train Epoch-14  Iter-575/706	loss 0.0029 (0.0952)	accu 1.000 (0.964)	
Train Epoch-14  Iter-600/706	loss 0.0045 (0.0933)	accu 1.000 (0.964)	
Train Epoch-14  Iter-625/706	loss 0.0540 (0.0933)	accu 1.000 (0.964)	
Train Epoch-14  Iter-650/706	loss 0.0175 (0.0911)	accu 1.000 (0.965)	
Train Epoch-14  Iter-675/706	loss 0.1665 (0.0909)	accu 0.875 (0.965)	
Train Epoch-14  Iter-700/706	loss 0.0157 (0.0904)	accu 1.000 (0.965)	
Eval Epoch-14  Iter-0  /52 	loss 2.4676 (2.4676)	accu 0.375 (0.375)	
Eval Epoch-14  Iter-25 /52 	loss 0.1657 (1.6422)	accu 0.875 (0.500)	
Eval Epoch-14  Iter-50 /52 	loss 1.1945 (1.2910)	accu 0.750 (0.630)	
Epoch-14  Train: loss 0.0899	accu 0.9655	Eval: loss 1.2697	accu 0.6370
Train Epoch-15  Iter-0  /706	loss 0.0121 (0.0121)	accu 1.000 (1.000)	
Train Epoch-15  Iter-25 /706	loss 0.0084 (0.1477)	accu 1.000 (0.952)	
Train Epoch-15  Iter-50 /706	loss 0.3584 (0.1370)	accu 0.875 (0.951)	
Train Epoch-15  Iter-75 /706	loss 0.0088 (0.1137)	accu 1.000 (0.959)	
Train Epoch-15  Iter-100/706	loss 0.0029 (0.1143)	accu 1.000 (0.955)	
Train Epoch-15  Iter-125/706	loss 0.0026 (0.1049)	accu 1.000 (0.959)	
Train Epoch-15  Iter-150/706	loss 0.1538 (0.1024)	accu 0.875 (0.960)	
Train Epoch-15  Iter-175/706	loss 0.0215 (0.0972)	accu 1.000 (0.962)	
Train Epoch-15  Iter-200/706	loss 0.2289 (0.0955)	accu 0.875 (0.963)	
Train Epoch-15  Iter-225/706	loss 0.4837 (0.0925)	accu 0.875 (0.965)	
Train Epoch-15  Iter-250/706	loss 0.0331 (0.0938)	accu 1.000 (0.965)	
Train Epoch-15  Iter-275/706	loss 0.0141 (0.0944)	accu 1.000 (0.966)	
Train Epoch-15  Iter-300/706	loss 0.0106 (0.0946)	accu 1.000 (0.965)	
Train Epoch-15  Iter-325/706	loss 0.0762 (0.0923)	accu 1.000 (0.967)	
Train Epoch-15  Iter-350/706	loss 0.4686 (0.0911)	accu 0.875 (0.967)	
Train Epoch-15  Iter-375/706	loss 0.0136 (0.0911)	accu 1.000 (0.967)	
Train Epoch-15  Iter-400/706	loss 0.0017 (0.0913)	accu 1.000 (0.967)	
Train Epoch-15  Iter-425/706	loss 0.0042 (0.0889)	accu 1.000 (0.967)	
Train Epoch-15  Iter-450/706	loss 0.0047 (0.0897)	accu 1.000 (0.967)	
Train Epoch-15  Iter-475/706	loss 0.3714 (0.0898)	accu 0.875 (0.967)	
Train Epoch-15  Iter-500/706	loss 0.0018 (0.0883)	accu 1.000 (0.968)	
Train Epoch-15  Iter-525/706	loss 0.2635 (0.0891)	accu 0.875 (0.967)	
Train Epoch-15  Iter-550/706	loss 0.0101 (0.0891)	accu 1.000 (0.967)	
Train Epoch-15  Iter-575/706	loss 0.0060 (0.0907)	accu 1.000 (0.967)	
Train Epoch-15  Iter-600/706	loss 0.3822 (0.0931)	accu 0.875 (0.966)	
Train Epoch-15  Iter-625/706	loss 0.0455 (0.0920)	accu 1.000 (0.966)	
Train Epoch-15  Iter-650/706	loss 0.0064 (0.0930)	accu 1.000 (0.965)	
Train Epoch-15  Iter-675/706	loss 0.0050 (0.0917)	accu 1.000 (0.966)	
Train Epoch-15  Iter-700/706	loss 0.1270 (0.0943)	accu 0.875 (0.965)	
Eval Epoch-15  Iter-0  /52 	loss 2.3447 (2.3447)	accu 0.375 (0.375)	
Eval Epoch-15  Iter-25 /52 	loss 0.1696 (1.6416)	accu 0.875 (0.495)	
Eval Epoch-15  Iter-50 /52 	loss 1.1918 (1.2932)	accu 0.750 (0.627)	
Epoch-15  Train: loss 0.0952	accu 0.9642	Eval: loss 1.2722	accu 0.6322
Train Epoch-16  Iter-0  /706	loss 0.0021 (0.0021)	accu 1.000 (1.000)	
Train Epoch-16  Iter-25 /706	loss 0.4114 (0.0734)	accu 0.875 (0.971)	
Train Epoch-16  Iter-50 /706	loss 0.0348 (0.0650)	accu 1.000 (0.973)	
Train Epoch-16  Iter-75 /706	loss 0.0858 (0.0634)	accu 1.000 (0.975)	
Train Epoch-16  Iter-100/706	loss 0.0273 (0.0616)	accu 1.000 (0.976)	
Train Epoch-16  Iter-125/706	loss 0.0088 (0.0615)	accu 1.000 (0.978)	
Train Epoch-16  Iter-150/706	loss 0.0037 (0.0664)	accu 1.000 (0.975)	
Train Epoch-16  Iter-175/706	loss 0.1451 (0.0705)	accu 1.000 (0.975)	
Train Epoch-16  Iter-200/706	loss 0.0213 (0.0755)	accu 1.000 (0.973)	
Train Epoch-16  Iter-225/706	loss 0.1838 (0.0794)	accu 0.875 (0.971)	
Train Epoch-16  Iter-250/706	loss 0.0083 (0.0790)	accu 1.000 (0.973)	
Train Epoch-16  Iter-275/706	loss 0.4685 (0.0885)	accu 0.875 (0.969)	
Train Epoch-16  Iter-300/706	loss 0.0305 (0.0847)	accu 1.000 (0.971)	
Train Epoch-16  Iter-325/706	loss 0.2266 (0.0855)	accu 0.875 (0.970)	
Train Epoch-16  Iter-350/706	loss 0.0881 (0.0871)	accu 1.000 (0.970)	
Train Epoch-16  Iter-375/706	loss 0.0013 (0.0875)	accu 1.000 (0.970)	
Train Epoch-16  Iter-400/706	loss 0.0022 (0.0883)	accu 1.000 (0.969)	
Train Epoch-16  Iter-425/706	loss 0.0101 (0.0853)	accu 1.000 (0.970)	
Train Epoch-16  Iter-450/706	loss 0.0478 (0.0873)	accu 1.000 (0.969)	
Train Epoch-16  Iter-475/706	loss 0.0101 (0.0883)	accu 1.000 (0.968)	
Train Epoch-16  Iter-500/706	loss 0.1450 (0.0867)	accu 0.875 (0.969)	
Train Epoch-16  Iter-525/706	loss 0.1059 (0.0880)	accu 1.000 (0.969)	
Train Epoch-16  Iter-550/706	loss 0.0112 (0.0881)	accu 1.000 (0.968)	
Train Epoch-16  Iter-575/706	loss 0.4311 (0.0872)	accu 0.875 (0.969)	
Train Epoch-16  Iter-600/706	loss 0.0010 (0.0871)	accu 1.000 (0.969)	
Train Epoch-16  Iter-625/706	loss 0.3347 (0.0868)	accu 0.875 (0.968)	
Train Epoch-16  Iter-650/706	loss 0.0100 (0.0852)	accu 1.000 (0.969)	
Train Epoch-16  Iter-675/706	loss 0.0368 (0.0869)	accu 1.000 (0.968)	
Train Epoch-16  Iter-700/706	loss 0.2048 (0.0877)	accu 0.875 (0.967)	
Eval Epoch-16  Iter-0  /52 	loss 2.2636 (2.2636)	accu 0.375 (0.375)	
Eval Epoch-16  Iter-25 /52 	loss 0.1684 (1.6063)	accu 0.875 (0.519)	
Eval Epoch-16  Iter-50 /52 	loss 1.2597 (1.2956)	accu 0.750 (0.637)	
Epoch-16  Train: loss 0.0873	accu 0.9676	Eval: loss 1.2751	accu 0.6418
Train Epoch-17  Iter-0  /706	loss 0.1534 (0.1534)	accu 0.875 (0.875)	
Train Epoch-17  Iter-25 /706	loss 0.0019 (0.0511)	accu 1.000 (0.986)	
Train Epoch-17  Iter-50 /706	loss 0.0052 (0.0851)	accu 1.000 (0.973)	
Train Epoch-17  Iter-75 /706	loss 0.5377 (0.0936)	accu 0.875 (0.964)	
Train Epoch-17  Iter-100/706	loss 0.0109 (0.0916)	accu 1.000 (0.967)	
Train Epoch-17  Iter-125/706	loss 0.0917 (0.0933)	accu 0.875 (0.966)	
Train Epoch-17  Iter-150/706	loss 0.0165 (0.0901)	accu 1.000 (0.967)	
Train Epoch-17  Iter-175/706	loss 0.0243 (0.0867)	accu 1.000 (0.969)	
Train Epoch-17  Iter-200/706	loss 0.0089 (0.0873)	accu 1.000 (0.968)	
Train Epoch-17  Iter-225/706	loss 0.1663 (0.0858)	accu 0.875 (0.969)	
Train Epoch-17  Iter-250/706	loss 0.5471 (0.0871)	accu 0.875 (0.969)	
Train Epoch-17  Iter-275/706	loss 0.0307 (0.0878)	accu 1.000 (0.969)	
Train Epoch-17  Iter-300/706	loss 0.3287 (0.0906)	accu 0.875 (0.967)	
Train Epoch-17  Iter-325/706	loss 0.0016 (0.0903)	accu 1.000 (0.966)	
Train Epoch-17  Iter-350/706	loss 0.0171 (0.0867)	accu 1.000 (0.968)	
Train Epoch-17  Iter-375/706	loss 0.0571 (0.0860)	accu 1.000 (0.968)	
Train Epoch-17  Iter-400/706	loss 0.0141 (0.0872)	accu 1.000 (0.968)	
Train Epoch-17  Iter-425/706	loss 0.0060 (0.0887)	accu 1.000 (0.968)	
Train Epoch-17  Iter-450/706	loss 0.1447 (0.0882)	accu 0.875 (0.968)	
Train Epoch-17  Iter-475/706	loss 0.0486 (0.0902)	accu 1.000 (0.968)	
Train Epoch-17  Iter-500/706	loss 0.0153 (0.0908)	accu 1.000 (0.969)	
Train Epoch-17  Iter-525/706	loss 0.1386 (0.0925)	accu 0.875 (0.968)	
Train Epoch-17  Iter-550/706	loss 0.0013 (0.0918)	accu 1.000 (0.968)	
Train Epoch-17  Iter-575/706	loss 0.1831 (0.0919)	accu 0.875 (0.968)	
Train Epoch-17  Iter-600/706	loss 0.0250 (0.0936)	accu 1.000 (0.967)	
Train Epoch-17  Iter-625/706	loss 0.0897 (0.0937)	accu 0.875 (0.967)	
Train Epoch-17  Iter-650/706	loss 0.0739 (0.0923)	accu 1.000 (0.967)	
Train Epoch-17  Iter-675/706	loss 0.0327 (0.0931)	accu 1.000 (0.967)	
Train Epoch-17  Iter-700/706	loss 0.0568 (0.0921)	accu 1.000 (0.967)	
Eval Epoch-17  Iter-0  /52 	loss 2.5191 (2.5191)	accu 0.375 (0.375)	
Eval Epoch-17  Iter-25 /52 	loss 0.1788 (1.6582)	accu 0.875 (0.510)	
Eval Epoch-17  Iter-50 /52 	loss 1.2189 (1.3129)	accu 0.750 (0.632)	
Epoch-17  Train: loss 0.0916	accu 0.9674	Eval: loss 1.2921	accu 0.6370
Train Epoch-18  Iter-0  /706	loss 0.1500 (0.1500)	accu 0.875 (0.875)	
Train Epoch-18  Iter-25 /706	loss 0.0576 (0.0874)	accu 1.000 (0.971)	
Train Epoch-18  Iter-50 /706	loss 0.0103 (0.1057)	accu 1.000 (0.961)	
Train Epoch-18  Iter-75 /706	loss 0.4056 (0.1078)	accu 0.875 (0.961)	
Train Epoch-18  Iter-100/706	loss 0.0010 (0.0945)	accu 1.000 (0.967)	
Train Epoch-18  Iter-125/706	loss 0.1257 (0.0869)	accu 0.875 (0.969)	
Train Epoch-18  Iter-150/706	loss 0.1009 (0.0837)	accu 0.875 (0.971)	
Train Epoch-18  Iter-175/706	loss 0.0071 (0.0841)	accu 1.000 (0.969)	
Train Epoch-18  Iter-200/706	loss 0.0092 (0.0853)	accu 1.000 (0.969)	
Train Epoch-18  Iter-225/706	loss 0.0124 (0.0841)	accu 1.000 (0.970)	
Train Epoch-18  Iter-250/706	loss 0.0143 (0.0837)	accu 1.000 (0.969)	
Train Epoch-18  Iter-275/706	loss 0.0021 (0.0827)	accu 1.000 (0.969)	
Train Epoch-18  Iter-300/706	loss 0.3008 (0.0815)	accu 0.875 (0.970)	
Train Epoch-18  Iter-325/706	loss 0.1763 (0.0824)	accu 0.875 (0.969)	
Train Epoch-18  Iter-350/706	loss 0.3287 (0.0822)	accu 0.875 (0.969)	
Train Epoch-18  Iter-375/706	loss 0.0486 (0.0814)	accu 1.000 (0.970)	
Train Epoch-18  Iter-400/706	loss 0.1291 (0.0819)	accu 0.875 (0.969)	
Train Epoch-18  Iter-425/706	loss 0.0449 (0.0809)	accu 1.000 (0.970)	
Train Epoch-18  Iter-450/706	loss 0.7338 (0.0829)	accu 0.750 (0.970)	
Train Epoch-18  Iter-475/706	loss 0.0047 (0.0821)	accu 1.000 (0.969)	
Train Epoch-18  Iter-500/706	loss 0.3978 (0.0819)	accu 0.750 (0.969)	
Train Epoch-18  Iter-525/706	loss 0.0360 (0.0806)	accu 1.000 (0.969)	
Train Epoch-18  Iter-550/706	loss 0.0630 (0.0825)	accu 1.000 (0.968)	
Train Epoch-18  Iter-575/706	loss 0.0203 (0.0821)	accu 1.000 (0.969)	
Train Epoch-18  Iter-600/706	loss 0.0011 (0.0802)	accu 1.000 (0.970)	
Train Epoch-18  Iter-625/706	loss 0.6627 (0.0812)	accu 0.625 (0.969)	
Train Epoch-18  Iter-650/706	loss 0.0336 (0.0827)	accu 1.000 (0.969)	
Train Epoch-18  Iter-675/706	loss 0.2900 (0.0824)	accu 0.875 (0.969)	
Train Epoch-18  Iter-700/706	loss 0.0220 (0.0821)	accu 1.000 (0.969)	
Eval Epoch-18  Iter-0  /52 	loss 2.5056 (2.5056)	accu 0.375 (0.375)	
Eval Epoch-18  Iter-25 /52 	loss 0.1950 (1.7161)	accu 0.875 (0.514)	
Eval Epoch-18  Iter-50 /52 	loss 1.2615 (1.3820)	accu 0.750 (0.630)	
Epoch-18  Train: loss 0.0817	accu 0.9688	Eval: loss 1.3605	accu 0.6346
Train Epoch-19  Iter-0  /706	loss 0.1600 (0.1600)	accu 0.875 (0.875)	
Train Epoch-19  Iter-25 /706	loss 0.1096 (0.1350)	accu 0.875 (0.938)	
Train Epoch-19  Iter-50 /706	loss 0.0073 (0.0988)	accu 1.000 (0.963)	
Train Epoch-19  Iter-75 /706	loss 0.0214 (0.0984)	accu 1.000 (0.965)	
Train Epoch-19  Iter-100/706	loss 0.0933 (0.0998)	accu 1.000 (0.962)	
Train Epoch-19  Iter-125/706	loss 0.0080 (0.0903)	accu 1.000 (0.966)	
Train Epoch-19  Iter-150/706	loss 0.0652 (0.0929)	accu 1.000 (0.965)	
Train Epoch-19  Iter-175/706	loss 0.0790 (0.0914)	accu 1.000 (0.966)	
Train Epoch-19  Iter-200/706	loss 0.0309 (0.0901)	accu 1.000 (0.966)	
Train Epoch-19  Iter-225/706	loss 0.0963 (0.0913)	accu 0.875 (0.966)	
Train Epoch-19  Iter-250/706	loss 0.0141 (0.0938)	accu 1.000 (0.965)	
Train Epoch-19  Iter-275/706	loss 0.0101 (0.0930)	accu 1.000 (0.966)	
Train Epoch-19  Iter-300/706	loss 0.1668 (0.0907)	accu 0.875 (0.965)	
Train Epoch-19  Iter-325/706	loss 0.1344 (0.0911)	accu 0.875 (0.964)	
Train Epoch-19  Iter-350/706	loss 0.0064 (0.0913)	accu 1.000 (0.964)	
Train Epoch-19  Iter-375/706	loss 0.1182 (0.0939)	accu 0.875 (0.964)	
Train Epoch-19  Iter-400/706	loss 0.0427 (0.0953)	accu 1.000 (0.963)	
Train Epoch-19  Iter-425/706	loss 0.1388 (0.0940)	accu 0.875 (0.963)	
Train Epoch-19  Iter-450/706	loss 0.0358 (0.0943)	accu 1.000 (0.963)	
Train Epoch-19  Iter-475/706	loss 0.0341 (0.0919)	accu 1.000 (0.965)	
Train Epoch-19  Iter-500/706	loss 0.0449 (0.0915)	accu 1.000 (0.965)	
Train Epoch-19  Iter-525/706	loss 0.0343 (0.0900)	accu 1.000 (0.966)	
Train Epoch-19  Iter-550/706	loss 0.0100 (0.0899)	accu 1.000 (0.966)	
Train Epoch-19  Iter-575/706	loss 0.0812 (0.0883)	accu 1.000 (0.967)	
Train Epoch-19  Iter-600/706	loss 0.0063 (0.0871)	accu 1.000 (0.968)	
Train Epoch-19  Iter-625/706	loss 0.0821 (0.0884)	accu 1.000 (0.967)	
Train Epoch-19  Iter-650/706	loss 0.0793 (0.0906)	accu 1.000 (0.966)	
Train Epoch-19  Iter-675/706	loss 0.0546 (0.0900)	accu 1.000 (0.966)	
Train Epoch-19  Iter-700/706	loss 0.1701 (0.0887)	accu 0.875 (0.966)	
Eval Epoch-19  Iter-0  /52 	loss 2.6445 (2.6445)	accu 0.375 (0.375)	
Eval Epoch-19  Iter-25 /52 	loss 0.1852 (1.7038)	accu 0.875 (0.519)	
Eval Epoch-19  Iter-50 /52 	loss 1.2140 (1.3702)	accu 0.750 (0.637)	
Epoch-19  Train: loss 0.0889	accu 0.9660	Eval: loss 1.3485	accu 0.6418
Epoch    20: reducing learning rate of group 0 to 3.0000e-07.
Train Epoch-20  Iter-0  /706	loss 0.0222 (0.0222)	accu 1.000 (1.000)	
Train Epoch-20  Iter-25 /706	loss 0.0012 (0.0800)	accu 1.000 (0.971)	
Train Epoch-20  Iter-50 /706	loss 0.0054 (0.0788)	accu 1.000 (0.968)	
Train Epoch-20  Iter-75 /706	loss 0.0396 (0.0748)	accu 1.000 (0.972)	
Train Epoch-20  Iter-100/706	loss 0.0166 (0.0704)	accu 1.000 (0.976)	
Train Epoch-20  Iter-125/706	loss 0.0309 (0.0754)	accu 1.000 (0.974)	
Train Epoch-20  Iter-150/706	loss 0.0199 (0.0711)	accu 1.000 (0.977)	
Train Epoch-20  Iter-175/706	loss 0.0005 (0.0786)	accu 1.000 (0.973)	
Train Epoch-20  Iter-200/706	loss 0.0266 (0.0912)	accu 1.000 (0.966)	
Train Epoch-20  Iter-225/706	loss 0.0678 (0.0882)	accu 1.000 (0.968)	
Train Epoch-20  Iter-250/706	loss 0.0606 (0.0888)	accu 1.000 (0.967)	
Train Epoch-20  Iter-275/706	loss 0.1700 (0.0893)	accu 0.875 (0.965)	
Train Epoch-20  Iter-300/706	loss 0.5194 (0.0892)	accu 0.875 (0.965)	
Train Epoch-20  Iter-325/706	loss 0.1574 (0.0908)	accu 0.875 (0.964)	
Train Epoch-20  Iter-350/706	loss 0.3408 (0.0922)	accu 0.875 (0.963)	
Train Epoch-20  Iter-375/706	loss 0.0620 (0.0900)	accu 1.000 (0.964)	
Train Epoch-20  Iter-400/706	loss 0.0012 (0.0875)	accu 1.000 (0.965)	
Train Epoch-20  Iter-425/706	loss 0.0517 (0.0855)	accu 1.000 (0.966)	
Train Epoch-20  Iter-450/706	loss 0.0146 (0.0862)	accu 1.000 (0.966)	
Train Epoch-20  Iter-475/706	loss 0.1089 (0.0859)	accu 1.000 (0.966)	
Train Epoch-20  Iter-500/706	loss 0.2676 (0.0861)	accu 0.875 (0.965)	
Train Epoch-20  Iter-525/706	loss 0.0090 (0.0846)	accu 1.000 (0.966)	
Train Epoch-20  Iter-550/706	loss 0.0014 (0.0845)	accu 1.000 (0.966)	
Train Epoch-20  Iter-575/706	loss 0.0099 (0.0827)	accu 1.000 (0.967)	
Train Epoch-20  Iter-600/706	loss 0.0036 (0.0825)	accu 1.000 (0.967)	
Train Epoch-20  Iter-625/706	loss 0.0017 (0.0816)	accu 1.000 (0.968)	
Train Epoch-20  Iter-650/706	loss 0.0142 (0.0836)	accu 1.000 (0.967)	
Train Epoch-20  Iter-675/706	loss 0.0136 (0.0844)	accu 1.000 (0.966)	
Train Epoch-20  Iter-700/706	loss 0.0273 (0.0853)	accu 1.000 (0.966)	
Eval Epoch-20  Iter-0  /52 	loss 2.6593 (2.6593)	accu 0.375 (0.375)	
Eval Epoch-20  Iter-25 /52 	loss 0.1869 (1.7133)	accu 0.875 (0.519)	
Eval Epoch-20  Iter-50 /52 	loss 1.2119 (1.3748)	accu 0.750 (0.637)	
Epoch-20  Train: loss 0.0853	accu 0.9658	Eval: loss 1.3530	accu 0.6418
Train Epoch-21  Iter-0  /706	loss 0.0060 (0.0060)	accu 1.000 (1.000)	
Train Epoch-21  Iter-25 /706	loss 0.4577 (0.0819)	accu 0.875 (0.966)	
Train Epoch-21  Iter-50 /706	loss 0.0052 (0.0746)	accu 1.000 (0.973)	
Train Epoch-21  Iter-75 /706	loss 0.5428 (0.1085)	accu 0.875 (0.965)	
Train Epoch-21  Iter-100/706	loss 0.0452 (0.1044)	accu 1.000 (0.967)	
Train Epoch-21  Iter-125/706	loss 0.0771 (0.1035)	accu 1.000 (0.965)	
Train Epoch-21  Iter-150/706	loss 0.1089 (0.1011)	accu 1.000 (0.967)	
Train Epoch-21  Iter-175/706	loss 0.0027 (0.1030)	accu 1.000 (0.967)	
Train Epoch-21  Iter-200/706	loss 0.0687 (0.0975)	accu 1.000 (0.969)	
Train Epoch-21  Iter-225/706	loss 0.0480 (0.0948)	accu 1.000 (0.969)	
Train Epoch-21  Iter-250/706	loss 0.2786 (0.0928)	accu 0.875 (0.970)	
Train Epoch-21  Iter-275/706	loss 0.0202 (0.0895)	accu 1.000 (0.970)	
Train Epoch-21  Iter-300/706	loss 0.0138 (0.0917)	accu 1.000 (0.969)	
Train Epoch-21  Iter-325/706	loss 0.0203 (0.0877)	accu 1.000 (0.970)	
Train Epoch-21  Iter-350/706	loss 0.0031 (0.0888)	accu 1.000 (0.969)	
Train Epoch-21  Iter-375/706	loss 0.0454 (0.0864)	accu 1.000 (0.970)	
Train Epoch-21  Iter-400/706	loss 0.2119 (0.0886)	accu 0.875 (0.969)	
Train Epoch-21  Iter-425/706	loss 0.0257 (0.0871)	accu 1.000 (0.969)	
Train Epoch-21  Iter-450/706	loss 0.0123 (0.0867)	accu 1.000 (0.969)	
Train Epoch-21  Iter-475/706	loss 0.3451 (0.0878)	accu 0.875 (0.968)	
Train Epoch-21  Iter-500/706	loss 0.0830 (0.0890)	accu 1.000 (0.968)	
Train Epoch-21  Iter-525/706	loss 0.0513 (0.0877)	accu 1.000 (0.968)	
Train Epoch-21  Iter-550/706	loss 0.1299 (0.0873)	accu 0.875 (0.968)	
Train Epoch-21  Iter-575/706	loss 0.0028 (0.0889)	accu 1.000 (0.967)	
Train Epoch-21  Iter-600/706	loss 0.0109 (0.0887)	accu 1.000 (0.967)	
Train Epoch-21  Iter-625/706	loss 0.0215 (0.0889)	accu 1.000 (0.967)	
Train Epoch-21  Iter-650/706	loss 0.0627 (0.0869)	accu 1.000 (0.968)	
Train Epoch-21  Iter-675/706	loss 0.0010 (0.0878)	accu 1.000 (0.967)	
Train Epoch-21  Iter-700/706	loss 0.0239 (0.0870)	accu 1.000 (0.967)	
Eval Epoch-21  Iter-0  /52 	loss 2.6396 (2.6396)	accu 0.375 (0.375)	
Eval Epoch-21  Iter-25 /52 	loss 0.1866 (1.7036)	accu 0.875 (0.519)	
Eval Epoch-21  Iter-50 /52 	loss 1.2192 (1.3736)	accu 0.750 (0.637)	
Epoch-21  Train: loss 0.0887	accu 0.9665	Eval: loss 1.3519	accu 0.6418
Train Epoch-22  Iter-0  /706	loss 0.3978 (0.3978)	accu 0.750 (0.750)	
Train Epoch-22  Iter-25 /706	loss 0.1836 (0.1010)	accu 0.875 (0.966)	
Train Epoch-22  Iter-50 /706	loss 0.0527 (0.0941)	accu 1.000 (0.968)	
Train Epoch-22  Iter-75 /706	loss 0.0847 (0.0991)	accu 1.000 (0.967)	
Train Epoch-22  Iter-100/706	loss 0.1377 (0.0913)	accu 0.875 (0.970)	
Train Epoch-22  Iter-125/706	loss 0.1025 (0.0971)	accu 1.000 (0.967)	
Train Epoch-22  Iter-150/706	loss 0.0047 (0.0930)	accu 1.000 (0.969)	
Train Epoch-22  Iter-175/706	loss 0.0877 (0.0913)	accu 1.000 (0.971)	
Train Epoch-22  Iter-200/706	loss 0.1369 (0.0926)	accu 0.875 (0.969)	
Train Epoch-22  Iter-225/706	loss 0.0177 (0.0908)	accu 1.000 (0.969)	
Train Epoch-22  Iter-250/706	loss 0.3590 (0.0895)	accu 0.750 (0.969)	
Train Epoch-22  Iter-275/706	loss 0.0025 (0.0889)	accu 1.000 (0.969)	
Train Epoch-22  Iter-300/706	loss 0.0740 (0.0870)	accu 1.000 (0.969)	
Train Epoch-22  Iter-325/706	loss 0.0026 (0.0854)	accu 1.000 (0.969)	
Train Epoch-22  Iter-350/706	loss 0.2662 (0.0853)	accu 0.875 (0.969)	
Train Epoch-22  Iter-375/706	loss 0.0015 (0.0826)	accu 1.000 (0.970)	
Train Epoch-22  Iter-400/706	loss 0.0335 (0.0827)	accu 1.000 (0.969)	
Train Epoch-22  Iter-425/706	loss 0.1458 (0.0823)	accu 1.000 (0.969)	
Train Epoch-22  Iter-450/706	loss 0.1436 (0.0808)	accu 0.875 (0.970)	
Train Epoch-22  Iter-475/706	loss 0.0087 (0.0831)	accu 1.000 (0.969)	
Train Epoch-22  Iter-500/706	loss 0.3337 (0.0860)	accu 0.875 (0.968)	
Train Epoch-22  Iter-525/706	loss 0.0036 (0.0857)	accu 1.000 (0.968)	
Train Epoch-22  Iter-550/706	loss 0.0056 (0.0853)	accu 1.000 (0.968)	
Train Epoch-22  Iter-575/706	loss 0.0119 (0.0852)	accu 1.000 (0.968)	
Train Epoch-22  Iter-600/706	loss 0.1740 (0.0863)	accu 1.000 (0.968)	
Train Epoch-22  Iter-625/706	loss 0.1130 (0.0875)	accu 1.000 (0.967)	
Train Epoch-22  Iter-650/706	loss 0.1627 (0.0880)	accu 0.875 (0.967)	
Train Epoch-22  Iter-675/706	loss 0.7631 (0.0894)	accu 0.750 (0.966)	
Train Epoch-22  Iter-700/706	loss 0.0187 (0.0916)	accu 1.000 (0.965)	
Eval Epoch-22  Iter-0  /52 	loss 2.6398 (2.6398)	accu 0.375 (0.375)	
Eval Epoch-22  Iter-25 /52 	loss 0.1852 (1.7025)	accu 0.875 (0.519)	
Eval Epoch-22  Iter-50 /52 	loss 1.2128 (1.3715)	accu 0.750 (0.637)	
Epoch-22  Train: loss 0.0911	accu 0.9653	Eval: loss 1.3499	accu 0.6418
Train Epoch-23  Iter-0  /706	loss 0.0013 (0.0013)	accu 1.000 (1.000)	
Train Epoch-23  Iter-25 /706	loss 0.2698 (0.0830)	accu 0.875 (0.976)	
Train Epoch-23  Iter-50 /706	loss 0.0480 (0.0618)	accu 1.000 (0.980)	
Train Epoch-23  Iter-75 /706	loss 0.5697 (0.0827)	accu 0.750 (0.965)	
Train Epoch-23  Iter-100/706	loss 0.0006 (0.0686)	accu 1.000 (0.973)	
Train Epoch-23  Iter-125/706	loss 0.1346 (0.0798)	accu 0.875 (0.970)	
Train Epoch-23  Iter-150/706	loss 0.7378 (0.0825)	accu 0.875 (0.969)	
Train Epoch-23  Iter-175/706	loss 0.0100 (0.0845)	accu 1.000 (0.968)	
Train Epoch-23  Iter-200/706	loss 0.0608 (0.0808)	accu 1.000 (0.970)	
Train Epoch-23  Iter-225/706	loss 0.0044 (0.0821)	accu 1.000 (0.969)	
Train Epoch-23  Iter-250/706	loss 0.0357 (0.0830)	accu 1.000 (0.969)	
Train Epoch-23  Iter-275/706	loss 0.2291 (0.0864)	accu 0.875 (0.968)	
Train Epoch-23  Iter-300/706	loss 0.0105 (0.0859)	accu 1.000 (0.968)	
Train Epoch-23  Iter-325/706	loss 0.0929 (0.0851)	accu 1.000 (0.968)	
Train Epoch-23  Iter-350/706	loss 0.0346 (0.0835)	accu 1.000 (0.969)	
Train Epoch-23  Iter-375/706	loss 0.0057 (0.0841)	accu 1.000 (0.969)	
Train Epoch-23  Iter-400/706	loss 0.6479 (0.0854)	accu 0.875 (0.969)	
Train Epoch-23  Iter-425/706	loss 0.0097 (0.0830)	accu 1.000 (0.970)	
Train Epoch-23  Iter-450/706	loss 0.1505 (0.0823)	accu 0.875 (0.970)	
Train Epoch-23  Iter-475/706	loss 0.1154 (0.0819)	accu 0.875 (0.970)	
Train Epoch-23  Iter-500/706	loss 0.1370 (0.0829)	accu 0.875 (0.969)	
Train Epoch-23  Iter-525/706	loss 0.0424 (0.0822)	accu 1.000 (0.969)	
Train Epoch-23  Iter-550/706	loss 0.0106 (0.0815)	accu 1.000 (0.970)	
Train Epoch-23  Iter-575/706	loss 0.0145 (0.0813)	accu 1.000 (0.969)	
Train Epoch-23  Iter-600/706	loss 0.2987 (0.0822)	accu 0.875 (0.969)	
Train Epoch-23  Iter-625/706	loss 0.0366 (0.0813)	accu 1.000 (0.969)	
Train Epoch-23  Iter-650/706	loss 0.0257 (0.0828)	accu 1.000 (0.969)	
Train Epoch-23  Iter-675/706	loss 0.0949 (0.0834)	accu 1.000 (0.969)	
Train Epoch-23  Iter-700/706	loss 0.4347 (0.0832)	accu 0.875 (0.969)	
Eval Epoch-23  Iter-0  /52 	loss 2.6538 (2.6538)	accu 0.375 (0.375)	
Eval Epoch-23  Iter-25 /52 	loss 0.1869 (1.7137)	accu 0.875 (0.519)	
Eval Epoch-23  Iter-50 /52 	loss 1.2048 (1.3787)	accu 0.750 (0.637)	
Epoch-23  Train: loss 0.0836	accu 0.9690	Eval: loss 1.3568	accu 0.6418
Train Epoch-24  Iter-0  /706	loss 0.0485 (0.0485)	accu 1.000 (1.000)	
Train Epoch-24  Iter-25 /706	loss 0.2059 (0.0711)	accu 0.875 (0.971)	
Train Epoch-24  Iter-50 /706	loss 0.1183 (0.0588)	accu 1.000 (0.978)	
Train Epoch-24  Iter-75 /706	loss 0.0009 (0.0784)	accu 1.000 (0.970)	
Train Epoch-24  Iter-100/706	loss 0.0146 (0.0754)	accu 1.000 (0.970)	
Train Epoch-24  Iter-125/706	loss 0.0005 (0.0734)	accu 1.000 (0.971)	
Train Epoch-24  Iter-150/706	loss 0.0017 (0.0716)	accu 1.000 (0.972)	
Train Epoch-24  Iter-175/706	loss 0.0006 (0.0790)	accu 1.000 (0.967)	
Train Epoch-24  Iter-200/706	loss 0.0099 (0.0851)	accu 1.000 (0.966)	
Train Epoch-24  Iter-225/706	loss 0.1353 (0.0900)	accu 0.875 (0.965)	
Train Epoch-24  Iter-250/706	loss 0.0069 (0.0929)	accu 1.000 (0.962)	
Train Epoch-24  Iter-275/706	loss 0.0130 (0.0903)	accu 1.000 (0.964)	
Train Epoch-24  Iter-300/706	loss 0.0631 (0.0917)	accu 1.000 (0.963)	
Train Epoch-24  Iter-325/706	loss 0.0674 (0.0910)	accu 1.000 (0.964)	
Train Epoch-24  Iter-350/706	loss 0.0350 (0.0924)	accu 1.000 (0.963)	
Train Epoch-24  Iter-375/706	loss 0.4924 (0.0937)	accu 0.625 (0.962)	
Train Epoch-24  Iter-400/706	loss 0.0065 (0.0961)	accu 1.000 (0.962)	
Train Epoch-24  Iter-425/706	loss 0.2847 (0.0973)	accu 0.875 (0.962)	
Train Epoch-24  Iter-450/706	loss 0.0402 (0.0969)	accu 1.000 (0.963)	
Train Epoch-24  Iter-475/706	loss 0.0957 (0.0959)	accu 0.875 (0.962)	
Train Epoch-24  Iter-500/706	loss 0.1320 (0.0942)	accu 0.875 (0.963)	
Train Epoch-24  Iter-525/706	loss 0.0628 (0.0957)	accu 1.000 (0.962)	
Train Epoch-24  Iter-550/706	loss 0.0013 (0.0934)	accu 1.000 (0.963)	
Train Epoch-24  Iter-575/706	loss 0.0210 (0.0934)	accu 1.000 (0.964)	
Train Epoch-24  Iter-600/706	loss 0.0715 (0.0917)	accu 1.000 (0.964)	
Train Epoch-24  Iter-625/706	loss 0.0043 (0.0904)	accu 1.000 (0.965)	
Train Epoch-24  Iter-650/706	loss 0.0110 (0.0900)	accu 1.000 (0.965)	
Train Epoch-24  Iter-675/706	loss 0.0300 (0.0898)	accu 1.000 (0.965)	
Train Epoch-24  Iter-700/706	loss 0.2643 (0.0883)	accu 0.875 (0.965)	
Eval Epoch-24  Iter-0  /52 	loss 2.6392 (2.6392)	accu 0.375 (0.375)	
Eval Epoch-24  Iter-25 /52 	loss 0.1861 (1.7063)	accu 0.875 (0.519)	
Eval Epoch-24  Iter-50 /52 	loss 1.2078 (1.3763)	accu 0.750 (0.637)	
Epoch-24  Train: loss 0.0883	accu 0.9655	Eval: loss 1.3546	accu 0.6418
Train Epoch-25  Iter-0  /706	loss 0.1168 (0.1168)	accu 0.875 (0.875)	
Train Epoch-25  Iter-25 /706	loss 0.0069 (0.0597)	accu 1.000 (0.971)	
Train Epoch-25  Iter-50 /706	loss 0.0109 (0.0602)	accu 1.000 (0.978)	
Train Epoch-25  Iter-75 /706	loss 0.0367 (0.0681)	accu 1.000 (0.979)	
Train Epoch-25  Iter-100/706	loss 0.0029 (0.0695)	accu 1.000 (0.974)	
Train Epoch-25  Iter-125/706	loss 0.0118 (0.0637)	accu 1.000 (0.978)	
Train Epoch-25  Iter-150/706	loss 0.3915 (0.0683)	accu 0.875 (0.975)	
Train Epoch-25  Iter-175/706	loss 0.0120 (0.0757)	accu 1.000 (0.972)	
Train Epoch-25  Iter-200/706	loss 0.0117 (0.0809)	accu 1.000 (0.968)	
Train Epoch-25  Iter-225/706	loss 0.0128 (0.0796)	accu 1.000 (0.970)	
Train Epoch-25  Iter-250/706	loss 0.0400 (0.0817)	accu 1.000 (0.970)	
Train Epoch-25  Iter-275/706	loss 0.4803 (0.0883)	accu 0.875 (0.967)	
Train Epoch-25  Iter-300/706	loss 0.4540 (0.0891)	accu 0.875 (0.967)	
Train Epoch-25  Iter-325/706	loss 0.0104 (0.0905)	accu 1.000 (0.967)	
Train Epoch-25  Iter-350/706	loss 0.0174 (0.0909)	accu 1.000 (0.967)	
Train Epoch-25  Iter-375/706	loss 0.1602 (0.0909)	accu 0.875 (0.966)	
Train Epoch-25  Iter-400/706	loss 0.0434 (0.0912)	accu 1.000 (0.967)	
Train Epoch-25  Iter-425/706	loss 0.0015 (0.0899)	accu 1.000 (0.968)	
Train Epoch-25  Iter-450/706	loss 0.1319 (0.0883)	accu 0.875 (0.968)	
Train Epoch-25  Iter-475/706	loss 0.1032 (0.0918)	accu 1.000 (0.967)	
Train Epoch-25  Iter-500/706	loss 0.1911 (0.0919)	accu 0.875 (0.966)	
Train Epoch-25  Iter-525/706	loss 0.0029 (0.0915)	accu 1.000 (0.965)	
Train Epoch-25  Iter-550/706	loss 0.0066 (0.0933)	accu 1.000 (0.964)	
Train Epoch-25  Iter-575/706	loss 0.5668 (0.0918)	accu 0.625 (0.964)	
Train Epoch-25  Iter-600/706	loss 0.1527 (0.0918)	accu 0.875 (0.964)	
Train Epoch-25  Iter-625/706	loss 0.1260 (0.0911)	accu 0.875 (0.964)	
Train Epoch-25  Iter-650/706	loss 0.0029 (0.0900)	accu 1.000 (0.964)	
Train Epoch-25  Iter-675/706	loss 0.3156 (0.0887)	accu 0.875 (0.964)	
Train Epoch-25  Iter-700/706	loss 0.0326 (0.0876)	accu 1.000 (0.965)	
Eval Epoch-25  Iter-0  /52 	loss 2.6771 (2.6771)	accu 0.375 (0.375)	
Eval Epoch-25  Iter-25 /52 	loss 0.1904 (1.7258)	accu 0.875 (0.514)	
Eval Epoch-25  Iter-50 /52 	loss 1.1788 (1.3815)	accu 0.750 (0.635)	
Epoch-25  Train: loss 0.0871	accu 0.9653	Eval: loss 1.3595	accu 0.6394
Epoch    26: reducing learning rate of group 0 to 3.0000e-08.
Train Epoch-26  Iter-0  /706	loss 0.0178 (0.0178)	accu 1.000 (1.000)	
Train Epoch-26  Iter-25 /706	loss 0.0106 (0.1149)	accu 1.000 (0.962)	
Train Epoch-26  Iter-50 /706	loss 0.0078 (0.1361)	accu 1.000 (0.944)	
Train Epoch-26  Iter-75 /706	loss 0.0377 (0.1223)	accu 1.000 (0.947)	
Train Epoch-26  Iter-100/706	loss 0.0015 (0.1140)	accu 1.000 (0.955)	
Train Epoch-26  Iter-125/706	loss 0.0414 (0.1030)	accu 1.000 (0.961)	
Train Epoch-26  Iter-150/706	loss 0.1554 (0.1007)	accu 0.875 (0.959)	
Train Epoch-26  Iter-175/706	loss 0.0330 (0.0980)	accu 1.000 (0.960)	
Train Epoch-26  Iter-200/706	loss 0.0067 (0.1012)	accu 1.000 (0.959)	
Train Epoch-26  Iter-225/706	loss 0.0433 (0.0956)	accu 1.000 (0.961)	
Train Epoch-26  Iter-250/706	loss 0.0116 (0.0969)	accu 1.000 (0.960)	
Train Epoch-26  Iter-275/706	loss 0.0392 (0.0947)	accu 1.000 (0.962)	
Train Epoch-26  Iter-300/706	loss 0.0556 (0.0925)	accu 1.000 (0.963)	
Train Epoch-26  Iter-325/706	loss 0.0928 (0.0910)	accu 1.000 (0.964)	
Train Epoch-26  Iter-350/706	loss 0.5232 (0.0898)	accu 0.750 (0.964)	
Train Epoch-26  Iter-375/706	loss 0.0063 (0.0892)	accu 1.000 (0.965)	
Train Epoch-26  Iter-400/706	loss 0.0688 (0.0885)	accu 1.000 (0.965)	
Train Epoch-26  Iter-425/706	loss 0.0231 (0.0921)	accu 1.000 (0.964)	
Train Epoch-26  Iter-450/706	loss 0.0163 (0.0909)	accu 1.000 (0.965)	
Train Epoch-26  Iter-475/706	loss 0.0135 (0.0922)	accu 1.000 (0.964)	
Train Epoch-26  Iter-500/706	loss 0.0108 (0.0912)	accu 1.000 (0.965)	
Train Epoch-26  Iter-525/706	loss 0.0524 (0.0911)	accu 1.000 (0.964)	
Train Epoch-26  Iter-550/706	loss 0.0076 (0.0923)	accu 1.000 (0.963)	
Train Epoch-26  Iter-575/706	loss 0.0155 (0.0921)	accu 1.000 (0.964)	
Train Epoch-26  Iter-600/706	loss 0.0683 (0.0910)	accu 1.000 (0.964)	
Train Epoch-26  Iter-625/706	loss 0.0036 (0.0909)	accu 1.000 (0.964)	
Train Epoch-26  Iter-650/706	loss 0.0277 (0.0905)	accu 1.000 (0.965)	
Train Epoch-26  Iter-675/706	loss 0.0383 (0.0901)	accu 1.000 (0.964)	
Train Epoch-26  Iter-700/706	loss 0.2572 (0.0903)	accu 0.875 (0.964)	
Eval Epoch-26  Iter-0  /52 	loss 2.6772 (2.6772)	accu 0.375 (0.375)	
Eval Epoch-26  Iter-25 /52 	loss 0.1904 (1.7260)	accu 0.875 (0.514)	
Eval Epoch-26  Iter-50 /52 	loss 1.1793 (1.3817)	accu 0.750 (0.635)	
Epoch-26  Train: loss 0.0898	accu 0.9646	Eval: loss 1.3598	accu 0.6394
Train Epoch-27  Iter-0  /706	loss 0.0519 (0.0519)	accu 1.000 (1.000)	
Train Epoch-27  Iter-25 /706	loss 0.0070 (0.0511)	accu 1.000 (0.990)	
Train Epoch-27  Iter-50 /706	loss 0.0454 (0.0681)	accu 1.000 (0.975)	
Train Epoch-27  Iter-75 /706	loss 0.0215 (0.0742)	accu 1.000 (0.970)	
Train Epoch-27  Iter-100/706	loss 0.0031 (0.0709)	accu 1.000 (0.973)	
Train Epoch-27  Iter-125/706	loss 0.0164 (0.0731)	accu 1.000 (0.972)	
Train Epoch-27  Iter-150/706	loss 0.1736 (0.0893)	accu 0.875 (0.969)	
Train Epoch-27  Iter-175/706	loss 0.0075 (0.0916)	accu 1.000 (0.967)	
Train Epoch-27  Iter-200/706	loss 0.0601 (0.0859)	accu 1.000 (0.970)	
Train Epoch-27  Iter-225/706	loss 0.0009 (0.0814)	accu 1.000 (0.972)	
Train Epoch-27  Iter-250/706	loss 0.0089 (0.0798)	accu 1.000 (0.974)	
Train Epoch-27  Iter-275/706	loss 0.0192 (0.0801)	accu 1.000 (0.973)	
Train Epoch-27  Iter-300/706	loss 0.0049 (0.0816)	accu 1.000 (0.972)	
Train Epoch-27  Iter-325/706	loss 0.0124 (0.0843)	accu 1.000 (0.972)	
Train Epoch-27  Iter-350/706	loss 0.4610 (0.0933)	accu 0.750 (0.969)	
Train Epoch-27  Iter-375/706	loss 0.0110 (0.0963)	accu 1.000 (0.967)	
Train Epoch-27  Iter-400/706	loss 0.0255 (0.0988)	accu 1.000 (0.965)	
Train Epoch-27  Iter-425/706	loss 0.1447 (0.0959)	accu 1.000 (0.966)	
Train Epoch-27  Iter-450/706	loss 0.0213 (0.0942)	accu 1.000 (0.966)	
Train Epoch-27  Iter-475/706	loss 0.2515 (0.0963)	accu 0.875 (0.965)	
Train Epoch-27  Iter-500/706	loss 0.0453 (0.0944)	accu 1.000 (0.966)	
Train Epoch-27  Iter-525/706	loss 0.0177 (0.0941)	accu 1.000 (0.967)	
Train Epoch-27  Iter-550/706	loss 0.1279 (0.0938)	accu 0.875 (0.967)	
Train Epoch-27  Iter-575/706	loss 0.0414 (0.0938)	accu 1.000 (0.966)	
Train Epoch-27  Iter-600/706	loss 0.2675 (0.0950)	accu 0.875 (0.965)	
Train Epoch-27  Iter-625/706	loss 0.0298 (0.0969)	accu 1.000 (0.965)	
Train Epoch-27  Iter-650/706	loss 0.0171 (0.0978)	accu 1.000 (0.965)	
Train Epoch-27  Iter-675/706	loss 0.0114 (0.0967)	accu 1.000 (0.965)	
Train Epoch-27  Iter-700/706	loss 0.0021 (0.0956)	accu 1.000 (0.965)	
Eval Epoch-27  Iter-0  /52 	loss 2.6793 (2.6793)	accu 0.375 (0.375)	
Eval Epoch-27  Iter-25 /52 	loss 0.1907 (1.7270)	accu 0.875 (0.514)	
Eval Epoch-27  Iter-50 /52 	loss 1.1769 (1.3815)	accu 0.750 (0.635)	
Epoch-27  Train: loss 0.0954	accu 0.9653	Eval: loss 1.3595	accu 0.6394
Train Epoch-28  Iter-0  /706	loss 0.0038 (0.0038)	accu 1.000 (1.000)	
Train Epoch-28  Iter-25 /706	loss 0.1645 (0.0704)	accu 0.875 (0.962)	
Train Epoch-28  Iter-50 /706	loss 0.1787 (0.0750)	accu 0.875 (0.968)	
Train Epoch-28  Iter-75 /706	loss 0.0150 (0.0797)	accu 1.000 (0.970)	
Train Epoch-28  Iter-100/706	loss 0.0008 (0.0803)	accu 1.000 (0.967)	
Train Epoch-28  Iter-125/706	loss 0.0518 (0.0817)	accu 1.000 (0.968)	
Train Epoch-28  Iter-150/706	loss 0.2921 (0.0847)	accu 0.875 (0.967)	
Train Epoch-28  Iter-175/706	loss 0.0059 (0.0819)	accu 1.000 (0.967)	
Train Epoch-28  Iter-200/706	loss 0.0401 (0.0796)	accu 1.000 (0.969)	
Train Epoch-28  Iter-225/706	loss 0.0077 (0.0831)	accu 1.000 (0.966)	
Train Epoch-28  Iter-250/706	loss 0.1976 (0.0855)	accu 0.875 (0.966)	
Train Epoch-28  Iter-275/706	loss 0.0456 (0.0892)	accu 1.000 (0.966)	
Train Epoch-28  Iter-300/706	loss 0.2574 (0.0897)	accu 0.750 (0.965)	
Train Epoch-28  Iter-325/706	loss 0.4758 (0.0915)	accu 0.875 (0.964)	
Train Epoch-28  Iter-350/706	loss 0.1279 (0.0905)	accu 1.000 (0.965)	
Train Epoch-28  Iter-375/706	loss 0.0055 (0.0905)	accu 1.000 (0.966)	
Train Epoch-28  Iter-400/706	loss 0.0404 (0.0896)	accu 1.000 (0.966)	
Train Epoch-28  Iter-425/706	loss 0.0079 (0.0900)	accu 1.000 (0.966)	
Train Epoch-28  Iter-450/706	loss 0.0022 (0.0911)	accu 1.000 (0.966)	
Train Epoch-28  Iter-475/706	loss 0.0016 (0.0952)	accu 1.000 (0.965)	
Train Epoch-28  Iter-500/706	loss 0.0342 (0.0941)	accu 1.000 (0.965)	
Train Epoch-28  Iter-525/706	loss 0.0137 (0.0941)	accu 1.000 (0.965)	
Train Epoch-28  Iter-550/706	loss 0.0010 (0.0928)	accu 1.000 (0.966)	
Train Epoch-28  Iter-575/706	loss 0.3242 (0.0954)	accu 0.875 (0.964)	
Train Epoch-28  Iter-600/706	loss 0.3430 (0.0937)	accu 0.875 (0.965)	
Train Epoch-28  Iter-625/706	loss 0.2561 (0.0934)	accu 0.875 (0.965)	
Train Epoch-28  Iter-650/706	loss 0.0097 (0.0932)	accu 1.000 (0.964)	
Train Epoch-28  Iter-675/706	loss 0.0087 (0.0913)	accu 1.000 (0.966)	
Train Epoch-28  Iter-700/706	loss 0.0592 (0.0917)	accu 1.000 (0.966)	
Eval Epoch-28  Iter-0  /52 	loss 2.6789 (2.6789)	accu 0.375 (0.375)	
Eval Epoch-28  Iter-25 /52 	loss 0.1907 (1.7270)	accu 0.875 (0.514)	
Eval Epoch-28  Iter-50 /52 	loss 1.1767 (1.3815)	accu 0.750 (0.635)	
Epoch-28  Train: loss 0.0920	accu 0.9657	Eval: loss 1.3595	accu 0.6394
Train Epoch-29  Iter-0  /706	loss 0.0028 (0.0028)	accu 1.000 (1.000)	
Train Epoch-29  Iter-25 /706	loss 0.0023 (0.0733)	accu 1.000 (0.971)	
Train Epoch-29  Iter-50 /706	loss 0.0050 (0.0753)	accu 1.000 (0.973)	
Train Epoch-29  Iter-75 /706	loss 0.0681 (0.0967)	accu 1.000 (0.969)	
Train Epoch-29  Iter-100/706	loss 0.4927 (0.1046)	accu 0.875 (0.968)	
Train Epoch-29  Iter-125/706	loss 0.0135 (0.0932)	accu 1.000 (0.970)	
Train Epoch-29  Iter-150/706	loss 0.0281 (0.0948)	accu 1.000 (0.969)	
Train Epoch-29  Iter-175/706	loss 0.0101 (0.0890)	accu 1.000 (0.970)	
Train Epoch-29  Iter-200/706	loss 0.0296 (0.0856)	accu 1.000 (0.971)	
Train Epoch-29  Iter-225/706	loss 0.0371 (0.0851)	accu 1.000 (0.970)	
Train Epoch-29  Iter-250/706	loss 0.0054 (0.0821)	accu 1.000 (0.971)	
Train Epoch-29  Iter-275/706	loss 0.0148 (0.0815)	accu 1.000 (0.972)	
Train Epoch-29  Iter-300/706	loss 0.0907 (0.0864)	accu 0.875 (0.970)	
Train Epoch-29  Iter-325/706	loss 0.0055 (0.0851)	accu 1.000 (0.970)	
Train Epoch-29  Iter-350/706	loss 0.3720 (0.0836)	accu 0.875 (0.970)	
Train Epoch-29  Iter-375/706	loss 0.3696 (0.0864)	accu 0.875 (0.969)	
Train Epoch-29  Iter-400/706	loss 0.1568 (0.0849)	accu 0.875 (0.969)	
Train Epoch-29  Iter-425/706	loss 0.0321 (0.0846)	accu 1.000 (0.969)	
Train Epoch-29  Iter-450/706	loss 0.0715 (0.0852)	accu 1.000 (0.969)	
Train Epoch-29  Iter-475/706	loss 0.1422 (0.0861)	accu 0.875 (0.968)	
Train Epoch-29  Iter-500/706	loss 0.2407 (0.0875)	accu 0.750 (0.968)	
Train Epoch-29  Iter-525/706	loss 0.0067 (0.0859)	accu 1.000 (0.968)	
Train Epoch-29  Iter-550/706	loss 0.0009 (0.0872)	accu 1.000 (0.968)	
Train Epoch-29  Iter-575/706	loss 0.0012 (0.0862)	accu 1.000 (0.967)	
Train Epoch-29  Iter-600/706	loss 0.0162 (0.0860)	accu 1.000 (0.967)	
Train Epoch-29  Iter-625/706	loss 0.0007 (0.0878)	accu 1.000 (0.966)	
Train Epoch-29  Iter-650/706	loss 0.0240 (0.0869)	accu 1.000 (0.966)	
Train Epoch-29  Iter-675/706	loss 0.0667 (0.0876)	accu 1.000 (0.966)	
Train Epoch-29  Iter-700/706	loss 0.3432 (0.0877)	accu 0.750 (0.966)	
Eval Epoch-29  Iter-0  /52 	loss 2.6797 (2.6797)	accu 0.375 (0.375)	
Eval Epoch-29  Iter-25 /52 	loss 0.1907 (1.7271)	accu 0.875 (0.514)	
Eval Epoch-29  Iter-50 /52 	loss 1.1762 (1.3813)	accu 0.750 (0.635)	
Epoch-29  Train: loss 0.0871	accu 0.9660	Eval: loss 1.3593	accu 0.6394
Eval Epoch-0   Iter-0  /52 	loss 0.7929 (0.7929)	accu 0.750 (0.750)	
Eval Epoch-0   Iter-25 /52 	loss 0.0638 (0.7371)	accu 1.000 (0.572)	
Eval Epoch-0   Iter-50 /52 	loss 1.6514 (0.6443)	accu 0.500 (0.689)	
Eval: loss 0.6361	accu 0.6947
Test Epoch-0   Iter-0  /59 	loss 0.5686 (0.5686)	accu 0.625 (0.625)	
Test Epoch-0   Iter-25 /59 	loss 1.4708 (0.6258)	accu 0.000 (0.615)	
Test Epoch-0   Iter-50 /59 	loss 1.4452 (0.6895)	accu 0.375 (0.652)	
Test: loss 0.7433	accu 0.6547
wandb: Waiting for W&B process to finish... (success).
wandb: 
wandb: Run history:
wandb:   Eval Acc ▃█▂▅▄▁█▄▅▃▄▄▂▂▃▂▃▃▂▃▃▃▃▃▃▃▃▃▃▃
wandb:  Eval Loss ▃▁▃▅█▄▃▂▅▅▅▅▅▆▆▆▆▆▇▇▇▇▇▇▇▇▇▇▇▇
wandb:  Train Acc ▁▅▆▆▇▇▇▇▇█████████████████████
wandb: Train Loss █▅▄▄▃▃▃▂▂▂▁▂▁▁▁▁▁▁▁▁▁▁▁▁▁▁▁▁▁▁
wandb: 
wandb: Run summary:
wandb:   Eval Acc 0.63942
wandb:  Eval Loss 1.35932
wandb:  Train Acc 0.96601
wandb: Train Loss 0.0871
wandb: 
wandb: 🚀 View run playful-jazz-265 at: https://wandb.ai/is_project/vision_models/runs/s8ny1nsa
wandb: Synced 6 W&B file(s), 0 media file(s), 2 artifact file(s) and 0 other file(s)
wandb: Find logs at: ./wandb/run-20230612_181636-s8ny1nsa/logs
