Namespace(add_comment=True, add_description=True, add_other_comments=False, add_title=True, add_transcription=False, add_video=False, batch_size=8, clip_embeedings_path='data/CLIP_embeddings', debug=False, desc_keyphrase_extract=True, desc_token_count=512, freeze_lf_layers=23, gpu='7', lr=0.0003, max_epochs=30, max_len=512, metadata_path='data/extra_data_trans.csv', model='bert-large-cased', multitask=False, num_workers=0, other_comments_path='data/extra_data_other_comments.csv', other_comments_token_count=300, pad_metadata=True, remove_none=False, test_question_file='data/with_aug_ttv/test.csv', title_token_count=50, train_question_file='data/with_aug_ttv/train.csv', transcript_keyphrase_extract=False, transcript_token_count=300, validation_question_file='data/with_aug_ttv/eval.csv', video_path='data/videos/', work_dir='model_comment/')
wandb: Currently logged in as: shrey2809 (is_project). Use `wandb login --relogin` to force relogin
wandb: Tracking run with wandb version 0.15.4
wandb: Run data is saved locally in /scratch/AzureNfsServer_INPUT1/vc_data/users/gmanish/multiModalHate/IS-Hate-Speech/wandb/run-20230612_181636-kepj2y58
wandb: Run `wandb offline` to turn off syncing.
wandb: Syncing run worthy-firefly-260
wandb: ⭐️ View project at https://wandb.ai/is_project/vision_models
wandb: 🚀 View run at https://wandb.ai/is_project/vision_models/runs/kepj2y58
number of available devices: 1
obtained dataloaders
Some weights of the model checkpoint at bert-large-cased were not used when initializing BertModel: ['cls.predictions.transform.LayerNorm.weight', 'cls.predictions.transform.LayerNorm.bias', 'cls.predictions.transform.dense.weight', 'cls.seq_relationship.bias', 'cls.seq_relationship.weight', 'cls.predictions.transform.dense.bias', 'cls.predictions.decoder.weight', 'cls.predictions.bias']
- This IS expected if you are initializing BertModel from the checkpoint of a model trained on another task or with another architecture (e.g. initializing a BertForSequenceClassification model from a BertForPreTraining model).
- This IS NOT expected if you are initializing BertModel from the checkpoint of a model that you expect to be exactly identical (initializing a BertForSequenceClassification model from a BertForSequenceClassification model).
loaded models
Train Epoch-0   Iter-0  /706	loss 0.6956 (0.6956)	accu 0.250 (0.250)	
Train Epoch-0   Iter-25 /706	loss 0.7352 (0.7286)	accu 0.625 (0.529)	
Train Epoch-0   Iter-50 /706	loss 0.6775 (0.7169)	accu 0.500 (0.517)	
Train Epoch-0   Iter-75 /706	loss 0.6584 (0.7140)	accu 0.625 (0.526)	
Train Epoch-0   Iter-100/706	loss 0.6294 (0.6999)	accu 0.750 (0.547)	
Train Epoch-0   Iter-125/706	loss 0.5482 (0.6766)	accu 0.750 (0.580)	
Train Epoch-0   Iter-150/706	loss 0.4491 (0.6696)	accu 0.875 (0.601)	
Train Epoch-0   Iter-175/706	loss 1.0386 (0.6536)	accu 0.375 (0.621)	
Train Epoch-0   Iter-200/706	loss 0.8448 (0.6352)	accu 0.625 (0.641)	
Train Epoch-0   Iter-225/706	loss 0.4181 (0.6156)	accu 0.750 (0.655)	
Train Epoch-0   Iter-250/706	loss 0.6744 (0.5945)	accu 0.875 (0.672)	
Train Epoch-0   Iter-275/706	loss 0.3312 (0.5834)	accu 0.875 (0.685)	
Train Epoch-0   Iter-300/706	loss 0.3480 (0.5694)	accu 0.875 (0.696)	
Train Epoch-0   Iter-325/706	loss 0.1790 (0.5521)	accu 1.000 (0.710)	
Train Epoch-0   Iter-350/706	loss 0.3411 (0.5352)	accu 0.875 (0.719)	
Train Epoch-0   Iter-375/706	loss 0.2130 (0.5270)	accu 0.875 (0.727)	
Train Epoch-0   Iter-400/706	loss 0.1854 (0.5162)	accu 1.000 (0.734)	
Train Epoch-0   Iter-425/706	loss 0.1966 (0.5033)	accu 0.875 (0.743)	
Train Epoch-0   Iter-450/706	loss 0.1064 (0.4960)	accu 1.000 (0.750)	
Train Epoch-0   Iter-475/706	loss 0.0599 (0.4849)	accu 1.000 (0.758)	
Train Epoch-0   Iter-500/706	loss 0.4124 (0.4797)	accu 0.750 (0.762)	
Train Epoch-0   Iter-525/706	loss 0.0351 (0.4684)	accu 1.000 (0.769)	
Train Epoch-0   Iter-550/706	loss 0.3035 (0.4595)	accu 0.875 (0.775)	
Train Epoch-0   Iter-575/706	loss 0.2365 (0.4508)	accu 0.875 (0.779)	
Train Epoch-0   Iter-600/706	loss 0.0176 (0.4408)	accu 1.000 (0.785)	
Train Epoch-0   Iter-625/706	loss 0.2908 (0.4367)	accu 0.875 (0.788)	
Train Epoch-0   Iter-650/706	loss 0.2347 (0.4319)	accu 0.875 (0.791)	
Train Epoch-0   Iter-675/706	loss 0.3118 (0.4277)	accu 0.875 (0.795)	
Train Epoch-0   Iter-700/706	loss 0.0366 (0.4218)	accu 1.000 (0.798)	
Eval Epoch-0   Iter-0  /52 	loss 0.5342 (0.5342)	accu 0.875 (0.875)	
Eval Epoch-0   Iter-25 /52 	loss 0.0797 (0.6013)	accu 1.000 (0.774)	
Eval Epoch-0   Iter-50 /52 	loss 0.8755 (0.6428)	accu 0.750 (0.775)	
Epoch-0   Train: loss 0.4210	accu 0.7982	Eval: loss 0.6744	accu 0.7692
Train Epoch-1   Iter-0  /706	loss 0.0356 (0.0356)	accu 1.000 (1.000)	
Train Epoch-1   Iter-25 /706	loss 0.2363 (0.1855)	accu 0.875 (0.923)	
Train Epoch-1   Iter-50 /706	loss 0.0868 (0.1867)	accu 1.000 (0.931)	
Train Epoch-1   Iter-75 /706	loss 0.0211 (0.1899)	accu 1.000 (0.929)	
Train Epoch-1   Iter-100/706	loss 0.1860 (0.1993)	accu 1.000 (0.927)	
Train Epoch-1   Iter-125/706	loss 0.1073 (0.2067)	accu 1.000 (0.924)	
Train Epoch-1   Iter-150/706	loss 0.0229 (0.2142)	accu 1.000 (0.920)	
Train Epoch-1   Iter-175/706	loss 0.3958 (0.2180)	accu 0.875 (0.919)	
Train Epoch-1   Iter-200/706	loss 0.2961 (0.2261)	accu 0.875 (0.916)	
Train Epoch-1   Iter-225/706	loss 0.2743 (0.2249)	accu 0.875 (0.917)	
Train Epoch-1   Iter-250/706	loss 0.0460 (0.2251)	accu 1.000 (0.915)	
Train Epoch-1   Iter-275/706	loss 0.2187 (0.2212)	accu 0.875 (0.916)	
Train Epoch-1   Iter-300/706	loss 0.7200 (0.2255)	accu 0.875 (0.914)	
Train Epoch-1   Iter-325/706	loss 0.0189 (0.2239)	accu 1.000 (0.914)	
Train Epoch-1   Iter-350/706	loss 0.0867 (0.2203)	accu 1.000 (0.915)	
Train Epoch-1   Iter-375/706	loss 0.3202 (0.2258)	accu 0.875 (0.914)	
Train Epoch-1   Iter-400/706	loss 0.0196 (0.2236)	accu 1.000 (0.915)	
Train Epoch-1   Iter-425/706	loss 0.0937 (0.2217)	accu 1.000 (0.917)	
Train Epoch-1   Iter-450/706	loss 0.2092 (0.2200)	accu 0.875 (0.917)	
Train Epoch-1   Iter-475/706	loss 0.0887 (0.2181)	accu 1.000 (0.918)	
Train Epoch-1   Iter-500/706	loss 0.2167 (0.2176)	accu 0.750 (0.918)	
Train Epoch-1   Iter-525/706	loss 0.4875 (0.2161)	accu 0.750 (0.918)	
Train Epoch-1   Iter-550/706	loss 0.1342 (0.2159)	accu 0.875 (0.918)	
Train Epoch-1   Iter-575/706	loss 0.0162 (0.2139)	accu 1.000 (0.918)	
Train Epoch-1   Iter-600/706	loss 0.2470 (0.2137)	accu 0.875 (0.919)	
Train Epoch-1   Iter-625/706	loss 0.0443 (0.2125)	accu 1.000 (0.919)	
Train Epoch-1   Iter-650/706	loss 0.0292 (0.2113)	accu 1.000 (0.918)	
Train Epoch-1   Iter-675/706	loss 0.0313 (0.2113)	accu 1.000 (0.918)	
Train Epoch-1   Iter-700/706	loss 0.0627 (0.2111)	accu 1.000 (0.918)	
Eval Epoch-1   Iter-0  /52 	loss 0.6740 (0.6740)	accu 0.625 (0.625)	
Eval Epoch-1   Iter-25 /52 	loss 0.1177 (0.4335)	accu 0.875 (0.788)	
Eval Epoch-1   Iter-50 /52 	loss 1.2092 (0.5307)	accu 0.500 (0.777)	
Epoch-1   Train: loss 0.2105	accu 0.9182	Eval: loss 0.5508	accu 0.7716
Train Epoch-2   Iter-0  /706	loss 0.2756 (0.2756)	accu 0.875 (0.875)	
Train Epoch-2   Iter-25 /706	loss 0.0067 (0.1238)	accu 1.000 (0.952)	
Train Epoch-2   Iter-50 /706	loss 0.0120 (0.1520)	accu 1.000 (0.941)	
Train Epoch-2   Iter-75 /706	loss 0.6022 (0.1696)	accu 0.750 (0.938)	
Train Epoch-2   Iter-100/706	loss 0.0151 (0.1671)	accu 1.000 (0.937)	
Train Epoch-2   Iter-125/706	loss 0.4728 (0.1860)	accu 0.750 (0.931)	
Train Epoch-2   Iter-150/706	loss 0.0528 (0.1897)	accu 1.000 (0.931)	
Train Epoch-2   Iter-175/706	loss 0.0945 (0.1903)	accu 1.000 (0.931)	
Train Epoch-2   Iter-200/706	loss 0.1066 (0.1845)	accu 1.000 (0.933)	
Train Epoch-2   Iter-225/706	loss 0.0559 (0.1811)	accu 1.000 (0.935)	
Train Epoch-2   Iter-250/706	loss 0.0072 (0.1779)	accu 1.000 (0.936)	
Train Epoch-2   Iter-275/706	loss 0.3044 (0.1763)	accu 0.875 (0.939)	
Train Epoch-2   Iter-300/706	loss 0.0518 (0.1735)	accu 1.000 (0.939)	
Train Epoch-2   Iter-325/706	loss 0.0179 (0.1791)	accu 1.000 (0.937)	
Train Epoch-2   Iter-350/706	loss 0.4565 (0.1802)	accu 0.875 (0.937)	
Train Epoch-2   Iter-375/706	loss 0.2482 (0.1761)	accu 0.875 (0.939)	
Train Epoch-2   Iter-400/706	loss 0.0371 (0.1753)	accu 1.000 (0.939)	
Train Epoch-2   Iter-425/706	loss 0.4956 (0.1805)	accu 0.750 (0.936)	
Train Epoch-2   Iter-450/706	loss 0.0201 (0.1780)	accu 1.000 (0.937)	
Train Epoch-2   Iter-475/706	loss 0.1145 (0.1782)	accu 0.875 (0.937)	
Train Epoch-2   Iter-500/706	loss 0.5086 (0.1799)	accu 0.750 (0.937)	
Train Epoch-2   Iter-525/706	loss 0.0122 (0.1796)	accu 1.000 (0.937)	
Train Epoch-2   Iter-550/706	loss 0.0394 (0.1792)	accu 1.000 (0.937)	
Train Epoch-2   Iter-575/706	loss 0.2999 (0.1818)	accu 0.875 (0.937)	
Train Epoch-2   Iter-600/706	loss 0.1304 (0.1831)	accu 0.875 (0.937)	
Train Epoch-2   Iter-625/706	loss 0.4070 (0.1841)	accu 0.625 (0.935)	
Train Epoch-2   Iter-650/706	loss 0.1866 (0.1852)	accu 0.875 (0.933)	
Train Epoch-2   Iter-675/706	loss 0.0391 (0.1837)	accu 1.000 (0.934)	
Train Epoch-2   Iter-700/706	loss 0.3556 (0.1837)	accu 0.625 (0.933)	
Eval Epoch-2   Iter-0  /52 	loss 0.5652 (0.5652)	accu 0.750 (0.750)	
Eval Epoch-2   Iter-25 /52 	loss 0.2255 (0.5066)	accu 0.875 (0.707)	
Eval Epoch-2   Iter-50 /52 	loss 0.6248 (0.4548)	accu 0.625 (0.767)	
Epoch-2   Train: loss 0.1843	accu 0.9331	Eval: loss 0.4608	accu 0.7644
Train Epoch-3   Iter-0  /706	loss 0.3745 (0.3745)	accu 0.875 (0.875)	
Train Epoch-3   Iter-25 /706	loss 0.1266 (0.1380)	accu 0.875 (0.947)	
Train Epoch-3   Iter-50 /706	loss 0.0364 (0.1551)	accu 1.000 (0.934)	
Train Epoch-3   Iter-75 /706	loss 0.0449 (0.1627)	accu 1.000 (0.934)	
Train Epoch-3   Iter-100/706	loss 0.0106 (0.1521)	accu 1.000 (0.941)	
Train Epoch-3   Iter-125/706	loss 0.3669 (0.1706)	accu 0.875 (0.933)	
Train Epoch-3   Iter-150/706	loss 0.0623 (0.1751)	accu 1.000 (0.932)	
Train Epoch-3   Iter-175/706	loss 0.2905 (0.1755)	accu 0.875 (0.934)	
Train Epoch-3   Iter-200/706	loss 0.6790 (0.1761)	accu 0.750 (0.934)	
Train Epoch-3   Iter-225/706	loss 0.0074 (0.1722)	accu 1.000 (0.936)	
Train Epoch-3   Iter-250/706	loss 0.2512 (0.1649)	accu 0.875 (0.938)	
Train Epoch-3   Iter-275/706	loss 0.2075 (0.1726)	accu 0.875 (0.934)	
Train Epoch-3   Iter-300/706	loss 0.0381 (0.1731)	accu 1.000 (0.934)	
Train Epoch-3   Iter-325/706	loss 0.4514 (0.1744)	accu 0.625 (0.933)	
Train Epoch-3   Iter-350/706	loss 0.0470 (0.1708)	accu 1.000 (0.935)	
Train Epoch-3   Iter-375/706	loss 0.1593 (0.1740)	accu 1.000 (0.935)	
Train Epoch-3   Iter-400/706	loss 0.0338 (0.1705)	accu 1.000 (0.936)	
Train Epoch-3   Iter-425/706	loss 0.1464 (0.1693)	accu 0.875 (0.938)	
Train Epoch-3   Iter-450/706	loss 0.4688 (0.1701)	accu 0.875 (0.938)	
Train Epoch-3   Iter-475/706	loss 0.0481 (0.1724)	accu 1.000 (0.938)	
Train Epoch-3   Iter-500/706	loss 0.0352 (0.1709)	accu 1.000 (0.938)	
Train Epoch-3   Iter-525/706	loss 0.2889 (0.1724)	accu 0.875 (0.938)	
Train Epoch-3   Iter-550/706	loss 0.0558 (0.1751)	accu 1.000 (0.936)	
Train Epoch-3   Iter-575/706	loss 0.0329 (0.1762)	accu 1.000 (0.935)	
Train Epoch-3   Iter-600/706	loss 0.0116 (0.1752)	accu 1.000 (0.936)	
Train Epoch-3   Iter-625/706	loss 0.3993 (0.1744)	accu 0.875 (0.936)	
Train Epoch-3   Iter-650/706	loss 0.3797 (0.1757)	accu 0.875 (0.936)	
Train Epoch-3   Iter-675/706	loss 0.0022 (0.1733)	accu 1.000 (0.936)	
Train Epoch-3   Iter-700/706	loss 0.2591 (0.1750)	accu 0.875 (0.936)	
Eval Epoch-3   Iter-0  /52 	loss 0.6336 (0.6336)	accu 0.750 (0.750)	
Eval Epoch-3   Iter-25 /52 	loss 0.1653 (0.4475)	accu 1.000 (0.740)	
Eval Epoch-3   Iter-50 /52 	loss 0.4541 (0.4066)	accu 0.875 (0.792)	
Epoch-3   Train: loss 0.1766	accu 0.9351	Eval: loss 0.4183	accu 0.7909
Train Epoch-4   Iter-0  /706	loss 0.2778 (0.2778)	accu 0.875 (0.875)	
Train Epoch-4   Iter-25 /706	loss 0.0211 (0.1423)	accu 1.000 (0.947)	
Train Epoch-4   Iter-50 /706	loss 0.0543 (0.1221)	accu 1.000 (0.951)	
Train Epoch-4   Iter-75 /706	loss 0.0069 (0.1430)	accu 1.000 (0.941)	
Train Epoch-4   Iter-100/706	loss 0.0086 (0.1413)	accu 1.000 (0.941)	
Train Epoch-4   Iter-125/706	loss 0.0723 (0.1401)	accu 1.000 (0.942)	
Train Epoch-4   Iter-150/706	loss 0.0214 (0.1469)	accu 1.000 (0.945)	
Train Epoch-4   Iter-175/706	loss 0.2172 (0.1600)	accu 0.875 (0.944)	
Train Epoch-4   Iter-200/706	loss 0.0993 (0.1636)	accu 1.000 (0.941)	
Train Epoch-4   Iter-225/706	loss 0.0258 (0.1637)	accu 1.000 (0.941)	
Train Epoch-4   Iter-250/706	loss 0.2844 (0.1619)	accu 0.875 (0.942)	
Train Epoch-4   Iter-275/706	loss 0.0241 (0.1631)	accu 1.000 (0.941)	
Train Epoch-4   Iter-300/706	loss 0.1930 (0.1636)	accu 0.875 (0.939)	
Train Epoch-4   Iter-325/706	loss 0.0493 (0.1629)	accu 1.000 (0.938)	
Train Epoch-4   Iter-350/706	loss 0.2986 (0.1636)	accu 0.875 (0.938)	
Train Epoch-4   Iter-375/706	loss 0.0160 (0.1640)	accu 1.000 (0.938)	
Train Epoch-4   Iter-400/706	loss 0.0170 (0.1626)	accu 1.000 (0.940)	
Train Epoch-4   Iter-425/706	loss 0.0262 (0.1613)	accu 1.000 (0.941)	
Train Epoch-4   Iter-450/706	loss 0.0088 (0.1610)	accu 1.000 (0.942)	
Train Epoch-4   Iter-475/706	loss 0.3909 (0.1652)	accu 0.875 (0.939)	
Train Epoch-4   Iter-500/706	loss 0.0901 (0.1654)	accu 1.000 (0.939)	
Train Epoch-4   Iter-525/706	loss 0.0329 (0.1657)	accu 1.000 (0.939)	
Train Epoch-4   Iter-550/706	loss 0.6574 (0.1638)	accu 0.875 (0.939)	
Train Epoch-4   Iter-575/706	loss 0.3244 (0.1630)	accu 0.875 (0.939)	
Train Epoch-4   Iter-600/706	loss 0.1970 (0.1634)	accu 0.875 (0.940)	
Train Epoch-4   Iter-625/706	loss 0.4918 (0.1654)	accu 0.875 (0.939)	
Train Epoch-4   Iter-650/706	loss 0.0142 (0.1648)	accu 1.000 (0.939)	
Train Epoch-4   Iter-675/706	loss 0.0231 (0.1634)	accu 1.000 (0.940)	
Train Epoch-4   Iter-700/706	loss 0.0558 (0.1617)	accu 1.000 (0.941)	
Eval Epoch-4   Iter-0  /52 	loss 0.4431 (0.4431)	accu 0.875 (0.875)	
Eval Epoch-4   Iter-25 /52 	loss 0.1569 (0.7075)	accu 1.000 (0.755)	
Eval Epoch-4   Iter-50 /52 	loss 0.8469 (0.6135)	accu 0.875 (0.806)	
Epoch-4   Train: loss 0.1606	accu 0.9412	Eval: loss 0.6172	accu 0.8005
Train Epoch-5   Iter-0  /706	loss 0.0030 (0.0030)	accu 1.000 (1.000)	
Train Epoch-5   Iter-25 /706	loss 0.2606 (0.1963)	accu 0.875 (0.942)	
Train Epoch-5   Iter-50 /706	loss 0.1260 (0.1725)	accu 1.000 (0.946)	
Train Epoch-5   Iter-75 /706	loss 0.0988 (0.1655)	accu 0.875 (0.946)	
Train Epoch-5   Iter-100/706	loss 0.0358 (0.1498)	accu 1.000 (0.949)	
Train Epoch-5   Iter-125/706	loss 0.0266 (0.1408)	accu 1.000 (0.951)	
Train Epoch-5   Iter-150/706	loss 0.0035 (0.1372)	accu 1.000 (0.952)	
Train Epoch-5   Iter-175/706	loss 0.0047 (0.1280)	accu 1.000 (0.955)	
Train Epoch-5   Iter-200/706	loss 0.0138 (0.1344)	accu 1.000 (0.951)	
Train Epoch-5   Iter-225/706	loss 0.3025 (0.1373)	accu 0.875 (0.951)	
Train Epoch-5   Iter-250/706	loss 0.3182 (0.1393)	accu 0.875 (0.949)	
Train Epoch-5   Iter-275/706	loss 0.0315 (0.1429)	accu 1.000 (0.948)	
Train Epoch-5   Iter-300/706	loss 0.9834 (0.1445)	accu 0.750 (0.948)	
Train Epoch-5   Iter-325/706	loss 0.0388 (0.1470)	accu 1.000 (0.949)	
Train Epoch-5   Iter-350/706	loss 0.1139 (0.1534)	accu 1.000 (0.946)	
Train Epoch-5   Iter-375/706	loss 0.1443 (0.1588)	accu 0.875 (0.942)	
Train Epoch-5   Iter-400/706	loss 0.0122 (0.1564)	accu 1.000 (0.943)	
Train Epoch-5   Iter-425/706	loss 0.3945 (0.1556)	accu 0.875 (0.943)	
Train Epoch-5   Iter-450/706	loss 0.4573 (0.1555)	accu 0.750 (0.944)	
Train Epoch-5   Iter-475/706	loss 0.7893 (0.1549)	accu 0.875 (0.945)	
Train Epoch-5   Iter-500/706	loss 0.0100 (0.1531)	accu 1.000 (0.944)	
Train Epoch-5   Iter-525/706	loss 0.1716 (0.1562)	accu 0.875 (0.944)	
Train Epoch-5   Iter-550/706	loss 0.1597 (0.1569)	accu 1.000 (0.944)	
Train Epoch-5   Iter-575/706	loss 0.0156 (0.1544)	accu 1.000 (0.944)	
Train Epoch-5   Iter-600/706	loss 0.0366 (0.1530)	accu 1.000 (0.944)	
Train Epoch-5   Iter-625/706	loss 0.0090 (0.1516)	accu 1.000 (0.945)	
Train Epoch-5   Iter-650/706	loss 0.0276 (0.1503)	accu 1.000 (0.946)	
Train Epoch-5   Iter-675/706	loss 0.4448 (0.1523)	accu 0.875 (0.945)	
Train Epoch-5   Iter-700/706	loss 0.0064 (0.1536)	accu 1.000 (0.945)	
Eval Epoch-5   Iter-0  /52 	loss 1.3540 (1.3540)	accu 0.500 (0.500)	
Eval Epoch-5   Iter-25 /52 	loss 0.5038 (0.7867)	accu 0.625 (0.673)	
Eval Epoch-5   Iter-50 /52 	loss 0.6750 (0.6366)	accu 0.875 (0.748)	
Epoch-5   Train: loss 0.1536	accu 0.9453	Eval: loss 0.6495	accu 0.7428
Train Epoch-6   Iter-0  /706	loss 0.0452 (0.0452)	accu 1.000 (1.000)	
Train Epoch-6   Iter-25 /706	loss 0.1357 (0.1223)	accu 0.875 (0.952)	
Train Epoch-6   Iter-50 /706	loss 0.3493 (0.1202)	accu 0.875 (0.951)	
Train Epoch-6   Iter-75 /706	loss 0.0555 (0.1225)	accu 1.000 (0.952)	
Train Epoch-6   Iter-100/706	loss 0.0245 (0.1166)	accu 1.000 (0.954)	
Train Epoch-6   Iter-125/706	loss 0.2145 (0.1267)	accu 0.875 (0.951)	
Train Epoch-6   Iter-150/706	loss 0.1797 (0.1272)	accu 0.875 (0.950)	
Train Epoch-6   Iter-175/706	loss 0.0180 (0.1343)	accu 1.000 (0.948)	
Train Epoch-6   Iter-200/706	loss 0.0617 (0.1288)	accu 1.000 (0.952)	
Train Epoch-6   Iter-225/706	loss 0.1985 (0.1293)	accu 0.875 (0.951)	
Train Epoch-6   Iter-250/706	loss 0.3571 (0.1290)	accu 0.875 (0.953)	
Train Epoch-6   Iter-275/706	loss 0.0234 (0.1335)	accu 1.000 (0.952)	
Train Epoch-6   Iter-300/706	loss 0.0129 (0.1323)	accu 1.000 (0.953)	
Train Epoch-6   Iter-325/706	loss 0.0259 (0.1369)	accu 1.000 (0.952)	
Train Epoch-6   Iter-350/706	loss 0.3293 (0.1398)	accu 0.875 (0.951)	
Train Epoch-6   Iter-375/706	loss 0.0440 (0.1393)	accu 1.000 (0.951)	
Train Epoch-6   Iter-400/706	loss 0.2343 (0.1410)	accu 0.875 (0.950)	
Train Epoch-6   Iter-425/706	loss 0.2796 (0.1441)	accu 0.875 (0.950)	
Train Epoch-6   Iter-450/706	loss 0.0481 (0.1437)	accu 1.000 (0.950)	
Train Epoch-6   Iter-475/706	loss 0.1451 (0.1422)	accu 0.875 (0.950)	
Train Epoch-6   Iter-500/706	loss 0.5478 (0.1427)	accu 0.750 (0.951)	
Train Epoch-6   Iter-525/706	loss 0.1477 (0.1411)	accu 0.875 (0.951)	
Train Epoch-6   Iter-550/706	loss 0.0495 (0.1424)	accu 1.000 (0.951)	
Train Epoch-6   Iter-575/706	loss 0.0165 (0.1419)	accu 1.000 (0.951)	
Train Epoch-6   Iter-600/706	loss 0.0689 (0.1438)	accu 1.000 (0.950)	
Train Epoch-6   Iter-625/706	loss 0.0951 (0.1434)	accu 1.000 (0.950)	
Train Epoch-6   Iter-650/706	loss 0.2420 (0.1447)	accu 0.875 (0.950)	
Train Epoch-6   Iter-675/706	loss 0.0614 (0.1443)	accu 1.000 (0.950)	
Train Epoch-6   Iter-700/706	loss 0.4112 (0.1442)	accu 0.875 (0.951)	
Eval Epoch-6   Iter-0  /52 	loss 1.6726 (1.6726)	accu 0.375 (0.375)	
Eval Epoch-6   Iter-25 /52 	loss 0.3560 (1.5410)	accu 0.750 (0.399)	
Eval Epoch-6   Iter-50 /52 	loss 0.0916 (1.0654)	accu 1.000 (0.608)	
Epoch-6   Train: loss 0.1458	accu 0.9504	Eval: loss 1.0598	accu 0.6106
Train Epoch-7   Iter-0  /706	loss 0.3590 (0.3590)	accu 0.750 (0.750)	
Train Epoch-7   Iter-25 /706	loss 0.0569 (0.1604)	accu 1.000 (0.913)	
Train Epoch-7   Iter-50 /706	loss 0.0328 (0.1365)	accu 1.000 (0.939)	
Train Epoch-7   Iter-75 /706	loss 0.0052 (0.1273)	accu 1.000 (0.944)	
Train Epoch-7   Iter-100/706	loss 0.2145 (0.1327)	accu 0.875 (0.942)	
Train Epoch-7   Iter-125/706	loss 0.0545 (0.1554)	accu 1.000 (0.937)	
Train Epoch-7   Iter-150/706	loss 0.0130 (0.1492)	accu 1.000 (0.939)	
Train Epoch-7   Iter-175/706	loss 0.0246 (0.1495)	accu 1.000 (0.940)	
Train Epoch-7   Iter-200/706	loss 0.2613 (0.1552)	accu 0.875 (0.937)	
Train Epoch-7   Iter-225/706	loss 0.0065 (0.1493)	accu 1.000 (0.940)	
Train Epoch-7   Iter-250/706	loss 0.0232 (0.1403)	accu 1.000 (0.945)	
Train Epoch-7   Iter-275/706	loss 0.0228 (0.1330)	accu 1.000 (0.948)	
Train Epoch-7   Iter-300/706	loss 0.0017 (0.1277)	accu 1.000 (0.951)	
Train Epoch-7   Iter-325/706	loss 0.0123 (0.1262)	accu 1.000 (0.952)	
Train Epoch-7   Iter-350/706	loss 0.1161 (0.1266)	accu 1.000 (0.951)	
Train Epoch-7   Iter-375/706	loss 0.0103 (0.1269)	accu 1.000 (0.951)	
Train Epoch-7   Iter-400/706	loss 0.3221 (0.1253)	accu 0.875 (0.952)	
Train Epoch-7   Iter-425/706	loss 0.0297 (0.1266)	accu 1.000 (0.951)	
Train Epoch-7   Iter-450/706	loss 0.0085 (0.1299)	accu 1.000 (0.950)	
Train Epoch-7   Iter-475/706	loss 0.0043 (0.1268)	accu 1.000 (0.952)	
Train Epoch-7   Iter-500/706	loss 0.0040 (0.1297)	accu 1.000 (0.953)	
Train Epoch-7   Iter-525/706	loss 0.0119 (0.1294)	accu 1.000 (0.953)	
Train Epoch-7   Iter-550/706	loss 0.2026 (0.1310)	accu 1.000 (0.953)	
Train Epoch-7   Iter-575/706	loss 0.4211 (0.1329)	accu 0.875 (0.952)	
Train Epoch-7   Iter-600/706	loss 0.2664 (0.1335)	accu 0.875 (0.952)	
Train Epoch-7   Iter-625/706	loss 0.1841 (0.1343)	accu 0.875 (0.950)	
Train Epoch-7   Iter-650/706	loss 0.1451 (0.1338)	accu 0.875 (0.950)	
Train Epoch-7   Iter-675/706	loss 0.0030 (0.1323)	accu 1.000 (0.951)	
Train Epoch-7   Iter-700/706	loss 0.0107 (0.1331)	accu 1.000 (0.950)	
Eval Epoch-7   Iter-0  /52 	loss 1.8486 (1.8486)	accu 0.375 (0.375)	
Eval Epoch-7   Iter-25 /52 	loss 0.4846 (1.1092)	accu 0.875 (0.702)	
Eval Epoch-7   Iter-50 /52 	loss 1.0931 (0.8549)	accu 0.750 (0.770)	
Epoch-7   Train: loss 0.1328	accu 0.9504	Eval: loss 0.8610	accu 0.7668
Train Epoch-8   Iter-0  /706	loss 0.1018 (0.1018)	accu 0.875 (0.875)	
Train Epoch-8   Iter-25 /706	loss 0.1404 (0.1749)	accu 0.875 (0.928)	
Train Epoch-8   Iter-50 /706	loss 0.0569 (0.1601)	accu 1.000 (0.936)	
Train Epoch-8   Iter-75 /706	loss 0.1436 (0.1530)	accu 0.875 (0.931)	
Train Epoch-8   Iter-100/706	loss 0.0039 (0.1318)	accu 1.000 (0.943)	
Train Epoch-8   Iter-125/706	loss 0.0239 (0.1287)	accu 1.000 (0.945)	
Train Epoch-8   Iter-150/706	loss 0.5969 (0.1246)	accu 0.875 (0.950)	
Train Epoch-8   Iter-175/706	loss 0.1427 (0.1348)	accu 0.875 (0.948)	
Train Epoch-8   Iter-200/706	loss 0.0029 (0.1232)	accu 1.000 (0.953)	
Train Epoch-8   Iter-225/706	loss 0.0045 (0.1202)	accu 1.000 (0.955)	
Train Epoch-8   Iter-250/706	loss 0.6907 (0.1270)	accu 0.750 (0.953)	
Train Epoch-8   Iter-275/706	loss 0.0509 (0.1247)	accu 1.000 (0.955)	
Train Epoch-8   Iter-300/706	loss 0.0352 (0.1251)	accu 1.000 (0.955)	
Train Epoch-8   Iter-325/706	loss 0.1243 (0.1294)	accu 0.875 (0.952)	
Train Epoch-8   Iter-350/706	loss 0.7847 (0.1351)	accu 0.750 (0.951)	
Train Epoch-8   Iter-375/706	loss 0.0996 (0.1355)	accu 1.000 (0.951)	
Train Epoch-8   Iter-400/706	loss 0.0439 (0.1374)	accu 1.000 (0.951)	
Train Epoch-8   Iter-425/706	loss 0.3529 (0.1390)	accu 0.875 (0.951)	
Train Epoch-8   Iter-450/706	loss 0.0097 (0.1361)	accu 1.000 (0.953)	
Train Epoch-8   Iter-475/706	loss 0.0562 (0.1355)	accu 1.000 (0.953)	
Train Epoch-8   Iter-500/706	loss 0.0290 (0.1343)	accu 1.000 (0.954)	
Train Epoch-8   Iter-525/706	loss 0.4766 (0.1333)	accu 0.875 (0.954)	
Train Epoch-8   Iter-550/706	loss 0.1219 (0.1345)	accu 0.875 (0.954)	
Train Epoch-8   Iter-575/706	loss 0.4260 (0.1354)	accu 0.875 (0.954)	
Train Epoch-8   Iter-600/706	loss 0.0404 (0.1362)	accu 1.000 (0.953)	
Train Epoch-8   Iter-625/706	loss 0.1207 (0.1356)	accu 0.875 (0.953)	
Train Epoch-8   Iter-650/706	loss 0.0369 (0.1351)	accu 1.000 (0.954)	
Train Epoch-8   Iter-675/706	loss 0.0197 (0.1325)	accu 1.000 (0.955)	
Train Epoch-8   Iter-700/706	loss 0.0293 (0.1322)	accu 1.000 (0.955)	
Eval Epoch-8   Iter-0  /52 	loss 0.9795 (0.9795)	accu 0.500 (0.500)	
Eval Epoch-8   Iter-25 /52 	loss 0.6655 (0.9035)	accu 0.500 (0.572)	
Eval Epoch-8   Iter-50 /52 	loss 1.0319 (0.7635)	accu 0.875 (0.691)	
Epoch-8   Train: loss 0.1316	accu 0.9556	Eval: loss 0.7849	accu 0.6875
Train Epoch-9   Iter-0  /706	loss 0.0280 (0.0280)	accu 1.000 (1.000)	
Train Epoch-9   Iter-25 /706	loss 0.2439 (0.1478)	accu 0.750 (0.938)	
Train Epoch-9   Iter-50 /706	loss 0.0830 (0.1838)	accu 1.000 (0.931)	
Train Epoch-9   Iter-75 /706	loss 0.0963 (0.1720)	accu 1.000 (0.934)	
Train Epoch-9   Iter-100/706	loss 0.0119 (0.1512)	accu 1.000 (0.944)	
Train Epoch-9   Iter-125/706	loss 0.0125 (0.1557)	accu 1.000 (0.943)	
Train Epoch-9   Iter-150/706	loss 0.0253 (0.1523)	accu 1.000 (0.945)	
Train Epoch-9   Iter-175/706	loss 0.0051 (0.1448)	accu 1.000 (0.946)	
Train Epoch-9   Iter-200/706	loss 0.0544 (0.1342)	accu 1.000 (0.950)	
Train Epoch-9   Iter-225/706	loss 0.0042 (0.1402)	accu 1.000 (0.951)	
Train Epoch-9   Iter-250/706	loss 0.0055 (0.1397)	accu 1.000 (0.954)	
Train Epoch-9   Iter-275/706	loss 0.3620 (0.1358)	accu 0.875 (0.956)	
Train Epoch-9   Iter-300/706	loss 0.0343 (0.1421)	accu 1.000 (0.953)	
Train Epoch-9   Iter-325/706	loss 0.4338 (0.1384)	accu 0.875 (0.954)	
Train Epoch-9   Iter-350/706	loss 0.1442 (0.1356)	accu 0.875 (0.954)	
Train Epoch-9   Iter-375/706	loss 0.0316 (0.1347)	accu 1.000 (0.954)	
Train Epoch-9   Iter-400/706	loss 0.0125 (0.1328)	accu 1.000 (0.954)	
Train Epoch-9   Iter-425/706	loss 0.0433 (0.1304)	accu 1.000 (0.954)	
Train Epoch-9   Iter-450/706	loss 0.2091 (0.1335)	accu 0.875 (0.952)	
Train Epoch-9   Iter-475/706	loss 0.1417 (0.1323)	accu 0.875 (0.953)	
Train Epoch-9   Iter-500/706	loss 0.0483 (0.1306)	accu 1.000 (0.954)	
Train Epoch-9   Iter-525/706	loss 0.0313 (0.1302)	accu 1.000 (0.954)	
Train Epoch-9   Iter-550/706	loss 0.0258 (0.1286)	accu 1.000 (0.954)	
Train Epoch-9   Iter-575/706	loss 0.5547 (0.1271)	accu 0.875 (0.955)	
Train Epoch-9   Iter-600/706	loss 0.0098 (0.1289)	accu 1.000 (0.955)	
Train Epoch-9   Iter-625/706	loss 0.0079 (0.1279)	accu 1.000 (0.955)	
Train Epoch-9   Iter-650/706	loss 0.3075 (0.1270)	accu 0.875 (0.955)	
Train Epoch-9   Iter-675/706	loss 0.0498 (0.1277)	accu 1.000 (0.955)	
Train Epoch-9   Iter-700/706	loss 0.1030 (0.1273)	accu 1.000 (0.955)	
Eval Epoch-9   Iter-0  /52 	loss 0.7875 (0.7875)	accu 0.625 (0.625)	
Eval Epoch-9   Iter-25 /52 	loss 0.0158 (0.6979)	accu 1.000 (0.663)	
Eval Epoch-9   Iter-50 /52 	loss 0.8501 (0.6468)	accu 0.875 (0.743)	
Epoch-9   Train: loss 0.1269	accu 0.9552	Eval: loss 0.6620	accu 0.7380
Epoch    10: reducing learning rate of group 0 to 3.0000e-05.
Train Epoch-10  Iter-0  /706	loss 0.0277 (0.0277)	accu 1.000 (1.000)	
Train Epoch-10  Iter-25 /706	loss 0.8013 (0.1613)	accu 0.875 (0.947)	
Train Epoch-10  Iter-50 /706	loss 0.4787 (0.1367)	accu 0.875 (0.951)	
Train Epoch-10  Iter-75 /706	loss 0.0208 (0.1196)	accu 1.000 (0.961)	
Train Epoch-10  Iter-100/706	loss 0.0022 (0.1102)	accu 1.000 (0.965)	
Train Epoch-10  Iter-125/706	loss 0.0823 (0.1197)	accu 1.000 (0.960)	
Train Epoch-10  Iter-150/706	loss 0.0121 (0.1093)	accu 1.000 (0.964)	
Train Epoch-10  Iter-175/706	loss 0.0180 (0.1081)	accu 1.000 (0.963)	
Train Epoch-10  Iter-200/706	loss 0.0069 (0.1069)	accu 1.000 (0.963)	
Train Epoch-10  Iter-225/706	loss 0.0767 (0.1006)	accu 1.000 (0.966)	
Train Epoch-10  Iter-250/706	loss 0.0130 (0.0983)	accu 1.000 (0.966)	
Train Epoch-10  Iter-275/706	loss 0.0367 (0.0961)	accu 1.000 (0.966)	
Train Epoch-10  Iter-300/706	loss 0.1284 (0.0948)	accu 0.875 (0.966)	
Train Epoch-10  Iter-325/706	loss 0.0253 (0.0970)	accu 1.000 (0.965)	
Train Epoch-10  Iter-350/706	loss 0.0088 (0.0980)	accu 1.000 (0.964)	
Train Epoch-10  Iter-375/706	loss 0.0013 (0.0973)	accu 1.000 (0.964)	
Train Epoch-10  Iter-400/706	loss 0.1232 (0.0968)	accu 1.000 (0.964)	
Train Epoch-10  Iter-425/706	loss 0.0364 (0.0958)	accu 1.000 (0.965)	
Train Epoch-10  Iter-450/706	loss 0.0071 (0.0936)	accu 1.000 (0.966)	
Train Epoch-10  Iter-475/706	loss 0.0141 (0.0935)	accu 1.000 (0.967)	
Train Epoch-10  Iter-500/706	loss 0.0157 (0.0924)	accu 1.000 (0.967)	
Train Epoch-10  Iter-525/706	loss 0.0215 (0.0909)	accu 1.000 (0.967)	
Train Epoch-10  Iter-550/706	loss 0.5304 (0.0922)	accu 0.875 (0.967)	
Train Epoch-10  Iter-575/706	loss 0.1151 (0.0908)	accu 0.875 (0.967)	
Train Epoch-10  Iter-600/706	loss 0.0341 (0.0919)	accu 1.000 (0.967)	
Train Epoch-10  Iter-625/706	loss 0.0242 (0.0905)	accu 1.000 (0.967)	
Train Epoch-10  Iter-650/706	loss 0.0025 (0.0900)	accu 1.000 (0.967)	
Train Epoch-10  Iter-675/706	loss 0.5625 (0.0902)	accu 0.875 (0.967)	
Train Epoch-10  Iter-700/706	loss 0.0144 (0.0916)	accu 1.000 (0.967)	
Eval Epoch-10  Iter-0  /52 	loss 0.7690 (0.7690)	accu 0.625 (0.625)	
Eval Epoch-10  Iter-25 /52 	loss 0.1509 (0.8187)	accu 0.875 (0.692)	
Eval Epoch-10  Iter-50 /52 	loss 0.9705 (0.7557)	accu 0.750 (0.748)	
Epoch-10  Train: loss 0.0910	accu 0.9674	Eval: loss 0.7652	accu 0.7428
Train Epoch-11  Iter-0  /706	loss 0.3233 (0.3233)	accu 0.875 (0.875)	
Train Epoch-11  Iter-25 /706	loss 0.0428 (0.1162)	accu 1.000 (0.952)	
Train Epoch-11  Iter-50 /706	loss 0.0376 (0.0946)	accu 1.000 (0.961)	
Train Epoch-11  Iter-75 /706	loss 0.0673 (0.1128)	accu 1.000 (0.961)	
Train Epoch-11  Iter-100/706	loss 0.2532 (0.0997)	accu 0.875 (0.962)	
Train Epoch-11  Iter-125/706	loss 0.0066 (0.1012)	accu 1.000 (0.962)	
Train Epoch-11  Iter-150/706	loss 0.0088 (0.0951)	accu 1.000 (0.965)	
Train Epoch-11  Iter-175/706	loss 0.7554 (0.0939)	accu 0.875 (0.968)	
Train Epoch-11  Iter-200/706	loss 0.1618 (0.1003)	accu 0.875 (0.965)	
Train Epoch-11  Iter-225/706	loss 0.8130 (0.1082)	accu 0.625 (0.961)	
Train Epoch-11  Iter-250/706	loss 0.0051 (0.1064)	accu 1.000 (0.963)	
Train Epoch-11  Iter-275/706	loss 0.0138 (0.1048)	accu 1.000 (0.963)	
Train Epoch-11  Iter-300/706	loss 0.0273 (0.1003)	accu 1.000 (0.964)	
Train Epoch-11  Iter-325/706	loss 0.0527 (0.0983)	accu 1.000 (0.965)	
Train Epoch-11  Iter-350/706	loss 0.0052 (0.0958)	accu 1.000 (0.967)	
Train Epoch-11  Iter-375/706	loss 0.0474 (0.0928)	accu 1.000 (0.967)	
Train Epoch-11  Iter-400/706	loss 0.1408 (0.0929)	accu 0.875 (0.966)	
Train Epoch-11  Iter-425/706	loss 0.1229 (0.0905)	accu 1.000 (0.967)	
Train Epoch-11  Iter-450/706	loss 0.0022 (0.0919)	accu 1.000 (0.966)	
Train Epoch-11  Iter-475/706	loss 0.2679 (0.0913)	accu 0.875 (0.966)	
Train Epoch-11  Iter-500/706	loss 0.0184 (0.0892)	accu 1.000 (0.967)	
Train Epoch-11  Iter-525/706	loss 0.3040 (0.0903)	accu 0.875 (0.967)	
Train Epoch-11  Iter-550/706	loss 0.1400 (0.0906)	accu 0.875 (0.966)	
Train Epoch-11  Iter-575/706	loss 0.0009 (0.0894)	accu 1.000 (0.967)	
Train Epoch-11  Iter-600/706	loss 0.0579 (0.0893)	accu 1.000 (0.966)	
Train Epoch-11  Iter-625/706	loss 0.0369 (0.0881)	accu 1.000 (0.967)	
Train Epoch-11  Iter-650/706	loss 0.5280 (0.0887)	accu 0.875 (0.967)	
Train Epoch-11  Iter-675/706	loss 0.0077 (0.0868)	accu 1.000 (0.967)	
Train Epoch-11  Iter-700/706	loss 0.0462 (0.0860)	accu 1.000 (0.968)	
Eval Epoch-11  Iter-0  /52 	loss 0.5651 (0.5651)	accu 0.625 (0.625)	
Eval Epoch-11  Iter-25 /52 	loss 0.1297 (0.7172)	accu 0.875 (0.707)	
Eval Epoch-11  Iter-50 /52 	loss 1.0985 (0.7034)	accu 0.750 (0.743)	
Epoch-11  Train: loss 0.0862	accu 0.9683	Eval: loss 0.7164	accu 0.7380
Train Epoch-12  Iter-0  /706	loss 0.1903 (0.1903)	accu 0.875 (0.875)	
Train Epoch-12  Iter-25 /706	loss 0.0130 (0.0643)	accu 1.000 (0.966)	
Train Epoch-12  Iter-50 /706	loss 0.1255 (0.0712)	accu 0.875 (0.963)	
Train Epoch-12  Iter-75 /706	loss 0.0049 (0.0728)	accu 1.000 (0.965)	
Train Epoch-12  Iter-100/706	loss 0.0659 (0.0756)	accu 1.000 (0.967)	
Train Epoch-12  Iter-125/706	loss 0.0050 (0.0740)	accu 1.000 (0.968)	
Train Epoch-12  Iter-150/706	loss 0.2134 (0.0749)	accu 0.875 (0.968)	
Train Epoch-12  Iter-175/706	loss 0.0084 (0.0810)	accu 1.000 (0.968)	
Train Epoch-12  Iter-200/706	loss 0.3327 (0.0818)	accu 0.875 (0.968)	
Train Epoch-12  Iter-225/706	loss 0.0012 (0.0818)	accu 1.000 (0.969)	
Train Epoch-12  Iter-250/706	loss 0.0206 (0.0808)	accu 1.000 (0.969)	
Train Epoch-12  Iter-275/706	loss 0.0009 (0.0818)	accu 1.000 (0.968)	
Train Epoch-12  Iter-300/706	loss 0.0798 (0.0810)	accu 1.000 (0.969)	
Train Epoch-12  Iter-325/706	loss 0.0332 (0.0814)	accu 1.000 (0.969)	
Train Epoch-12  Iter-350/706	loss 0.0049 (0.0825)	accu 1.000 (0.969)	
Train Epoch-12  Iter-375/706	loss 0.0075 (0.0854)	accu 1.000 (0.968)	
Train Epoch-12  Iter-400/706	loss 0.1651 (0.0867)	accu 0.875 (0.968)	
Train Epoch-12  Iter-425/706	loss 0.0872 (0.0844)	accu 1.000 (0.969)	
Train Epoch-12  Iter-450/706	loss 0.2501 (0.0838)	accu 0.875 (0.970)	
Train Epoch-12  Iter-475/706	loss 0.0019 (0.0825)	accu 1.000 (0.970)	
Train Epoch-12  Iter-500/706	loss 0.0781 (0.0855)	accu 1.000 (0.970)	
Train Epoch-12  Iter-525/706	loss 0.2310 (0.0841)	accu 0.875 (0.970)	
Train Epoch-12  Iter-550/706	loss 0.0120 (0.0852)	accu 1.000 (0.970)	
Train Epoch-12  Iter-575/706	loss 0.6361 (0.0837)	accu 0.875 (0.971)	
Train Epoch-12  Iter-600/706	loss 0.0057 (0.0849)	accu 1.000 (0.970)	
Train Epoch-12  Iter-625/706	loss 0.0153 (0.0842)	accu 1.000 (0.970)	
Train Epoch-12  Iter-650/706	loss 0.0517 (0.0844)	accu 1.000 (0.970)	
Train Epoch-12  Iter-675/706	loss 0.0417 (0.0846)	accu 1.000 (0.970)	
Train Epoch-12  Iter-700/706	loss 0.1256 (0.0857)	accu 0.875 (0.970)	
Eval Epoch-12  Iter-0  /52 	loss 0.3746 (0.3746)	accu 0.625 (0.625)	
Eval Epoch-12  Iter-25 /52 	loss 0.1971 (0.5408)	accu 0.875 (0.764)	
Eval Epoch-12  Iter-50 /52 	loss 1.2064 (0.6375)	accu 0.750 (0.775)	
Epoch-12  Train: loss 0.0854	accu 0.9701	Eval: loss 0.6581	accu 0.7692
Train Epoch-13  Iter-0  /706	loss 0.0035 (0.0035)	accu 1.000 (1.000)	
Train Epoch-13  Iter-25 /706	loss 0.0008 (0.0683)	accu 1.000 (0.971)	
Train Epoch-13  Iter-50 /706	loss 0.2696 (0.0681)	accu 0.875 (0.973)	
Train Epoch-13  Iter-75 /706	loss 0.0284 (0.0656)	accu 1.000 (0.977)	
Train Epoch-13  Iter-100/706	loss 0.0137 (0.0647)	accu 1.000 (0.978)	
Train Epoch-13  Iter-125/706	loss 0.0593 (0.0645)	accu 1.000 (0.977)	
Train Epoch-13  Iter-150/706	loss 0.0223 (0.0765)	accu 1.000 (0.974)	
Train Epoch-13  Iter-175/706	loss 0.0267 (0.0749)	accu 1.000 (0.974)	
Train Epoch-13  Iter-200/706	loss 0.0090 (0.0723)	accu 1.000 (0.976)	
Train Epoch-13  Iter-225/706	loss 0.0040 (0.0712)	accu 1.000 (0.976)	
Train Epoch-13  Iter-250/706	loss 0.0016 (0.0734)	accu 1.000 (0.977)	
Train Epoch-13  Iter-275/706	loss 0.0610 (0.0775)	accu 1.000 (0.975)	
Train Epoch-13  Iter-300/706	loss 0.0094 (0.0759)	accu 1.000 (0.976)	
Train Epoch-13  Iter-325/706	loss 0.0161 (0.0773)	accu 1.000 (0.974)	
Train Epoch-13  Iter-350/706	loss 0.0272 (0.0770)	accu 1.000 (0.974)	
Train Epoch-13  Iter-375/706	loss 0.0056 (0.0763)	accu 1.000 (0.973)	
Train Epoch-13  Iter-400/706	loss 0.0181 (0.0736)	accu 1.000 (0.975)	
Train Epoch-13  Iter-425/706	loss 0.0207 (0.0774)	accu 1.000 (0.974)	
Train Epoch-13  Iter-450/706	loss 0.0116 (0.0750)	accu 1.000 (0.975)	
Train Epoch-13  Iter-475/706	loss 0.0252 (0.0749)	accu 1.000 (0.975)	
Train Epoch-13  Iter-500/706	loss 0.0044 (0.0732)	accu 1.000 (0.975)	
Train Epoch-13  Iter-525/706	loss 0.3369 (0.0728)	accu 0.875 (0.975)	
Train Epoch-13  Iter-550/706	loss 0.5523 (0.0742)	accu 0.875 (0.975)	
Train Epoch-13  Iter-575/706	loss 0.0615 (0.0755)	accu 1.000 (0.973)	
Train Epoch-13  Iter-600/706	loss 0.1535 (0.0766)	accu 0.875 (0.973)	
Train Epoch-13  Iter-625/706	loss 0.0209 (0.0767)	accu 1.000 (0.973)	
Train Epoch-13  Iter-650/706	loss 0.0612 (0.0799)	accu 1.000 (0.972)	
Train Epoch-13  Iter-675/706	loss 0.0069 (0.0788)	accu 1.000 (0.973)	
Train Epoch-13  Iter-700/706	loss 0.6335 (0.0811)	accu 0.875 (0.972)	
Eval Epoch-13  Iter-0  /52 	loss 0.5472 (0.5472)	accu 0.625 (0.625)	
Eval Epoch-13  Iter-25 /52 	loss 0.1728 (0.6167)	accu 0.875 (0.731)	
Eval Epoch-13  Iter-50 /52 	loss 1.1147 (0.6289)	accu 0.750 (0.757)	
Epoch-13  Train: loss 0.0806	accu 0.9724	Eval: loss 0.6371	accu 0.7524
Train Epoch-14  Iter-0  /706	loss 0.0569 (0.0569)	accu 1.000 (1.000)	
Train Epoch-14  Iter-25 /706	loss 0.0542 (0.0554)	accu 1.000 (0.981)	
Train Epoch-14  Iter-50 /706	loss 0.0100 (0.0540)	accu 1.000 (0.983)	
Train Epoch-14  Iter-75 /706	loss 0.2853 (0.0678)	accu 0.875 (0.980)	
Train Epoch-14  Iter-100/706	loss 0.0231 (0.0700)	accu 1.000 (0.975)	
Train Epoch-14  Iter-125/706	loss 0.0166 (0.0649)	accu 1.000 (0.977)	
Train Epoch-14  Iter-150/706	loss 0.0835 (0.0683)	accu 1.000 (0.976)	
Train Epoch-14  Iter-175/706	loss 0.0416 (0.0628)	accu 1.000 (0.979)	
Train Epoch-14  Iter-200/706	loss 0.0036 (0.0685)	accu 1.000 (0.977)	
Train Epoch-14  Iter-225/706	loss 0.0344 (0.0753)	accu 1.000 (0.975)	
Train Epoch-14  Iter-250/706	loss 0.0468 (0.0723)	accu 1.000 (0.975)	
Train Epoch-14  Iter-275/706	loss 0.0083 (0.0737)	accu 1.000 (0.975)	
Train Epoch-14  Iter-300/706	loss 0.0597 (0.0755)	accu 1.000 (0.974)	
Train Epoch-14  Iter-325/706	loss 0.0067 (0.0740)	accu 1.000 (0.974)	
Train Epoch-14  Iter-350/706	loss 0.4880 (0.0741)	accu 0.875 (0.974)	
Train Epoch-14  Iter-375/706	loss 0.0006 (0.0739)	accu 1.000 (0.974)	
Train Epoch-14  Iter-400/706	loss 0.0488 (0.0777)	accu 1.000 (0.973)	
Train Epoch-14  Iter-425/706	loss 0.0030 (0.0755)	accu 1.000 (0.974)	
Train Epoch-14  Iter-450/706	loss 0.0172 (0.0747)	accu 1.000 (0.975)	
Train Epoch-14  Iter-475/706	loss 0.0195 (0.0736)	accu 1.000 (0.975)	
Train Epoch-14  Iter-500/706	loss 0.0055 (0.0728)	accu 1.000 (0.976)	
Train Epoch-14  Iter-525/706	loss 0.0010 (0.0733)	accu 1.000 (0.976)	
Train Epoch-14  Iter-550/706	loss 0.0009 (0.0749)	accu 1.000 (0.974)	
Train Epoch-14  Iter-575/706	loss 0.5487 (0.0772)	accu 0.875 (0.974)	
Train Epoch-14  Iter-600/706	loss 0.0392 (0.0768)	accu 1.000 (0.974)	
Train Epoch-14  Iter-625/706	loss 0.0101 (0.0767)	accu 1.000 (0.973)	
Train Epoch-14  Iter-650/706	loss 0.2086 (0.0778)	accu 0.875 (0.973)	
Train Epoch-14  Iter-675/706	loss 0.2263 (0.0784)	accu 0.875 (0.973)	
Train Epoch-14  Iter-700/706	loss 0.0127 (0.0782)	accu 1.000 (0.973)	
Eval Epoch-14  Iter-0  /52 	loss 0.5499 (0.5499)	accu 0.625 (0.625)	
Eval Epoch-14  Iter-25 /52 	loss 0.0685 (0.6733)	accu 1.000 (0.726)	
Eval Epoch-14  Iter-50 /52 	loss 0.9687 (0.6300)	accu 0.750 (0.757)	
Epoch-14  Train: loss 0.0778	accu 0.9731	Eval: loss 0.6392	accu 0.7524
Train Epoch-15  Iter-0  /706	loss 0.0185 (0.0185)	accu 1.000 (1.000)	
Train Epoch-15  Iter-25 /706	loss 0.0205 (0.0628)	accu 1.000 (0.976)	
Train Epoch-15  Iter-50 /706	loss 0.0505 (0.0807)	accu 1.000 (0.975)	
Train Epoch-15  Iter-75 /706	loss 0.0214 (0.0728)	accu 1.000 (0.975)	
Train Epoch-15  Iter-100/706	loss 0.0133 (0.0633)	accu 1.000 (0.980)	
Train Epoch-15  Iter-125/706	loss 0.0761 (0.0617)	accu 1.000 (0.979)	
Train Epoch-15  Iter-150/706	loss 0.1183 (0.0627)	accu 1.000 (0.978)	
Train Epoch-15  Iter-175/706	loss 0.0074 (0.0671)	accu 1.000 (0.976)	
Train Epoch-15  Iter-200/706	loss 0.2530 (0.0687)	accu 0.875 (0.976)	
Train Epoch-15  Iter-225/706	loss 0.0007 (0.0720)	accu 1.000 (0.973)	
Train Epoch-15  Iter-250/706	loss 0.0234 (0.0698)	accu 1.000 (0.974)	
Train Epoch-15  Iter-275/706	loss 0.0068 (0.0702)	accu 1.000 (0.974)	
Train Epoch-15  Iter-300/706	loss 0.0150 (0.0692)	accu 1.000 (0.974)	
Train Epoch-15  Iter-325/706	loss 0.0307 (0.0704)	accu 1.000 (0.973)	
Train Epoch-15  Iter-350/706	loss 0.0022 (0.0703)	accu 1.000 (0.973)	
Train Epoch-15  Iter-375/706	loss 0.4267 (0.0722)	accu 0.875 (0.972)	
Train Epoch-15  Iter-400/706	loss 0.1533 (0.0730)	accu 0.875 (0.972)	
Train Epoch-15  Iter-425/706	loss 0.0019 (0.0728)	accu 1.000 (0.972)	
Train Epoch-15  Iter-450/706	loss 0.0115 (0.0720)	accu 1.000 (0.972)	
Train Epoch-15  Iter-475/706	loss 0.0033 (0.0710)	accu 1.000 (0.973)	
Train Epoch-15  Iter-500/706	loss 0.0079 (0.0697)	accu 1.000 (0.974)	
Train Epoch-15  Iter-525/706	loss 0.0008 (0.0700)	accu 1.000 (0.973)	
Train Epoch-15  Iter-550/706	loss 0.0080 (0.0689)	accu 1.000 (0.973)	
Train Epoch-15  Iter-575/706	loss 0.5733 (0.0702)	accu 0.875 (0.973)	
Train Epoch-15  Iter-600/706	loss 0.0046 (0.0698)	accu 1.000 (0.974)	
Train Epoch-15  Iter-625/706	loss 0.0259 (0.0690)	accu 1.000 (0.974)	
Train Epoch-15  Iter-650/706	loss 0.2821 (0.0699)	accu 0.875 (0.974)	
Train Epoch-15  Iter-675/706	loss 0.0038 (0.0689)	accu 1.000 (0.974)	
Train Epoch-15  Iter-700/706	loss 0.0223 (0.0687)	accu 1.000 (0.974)	
Eval Epoch-15  Iter-0  /52 	loss 0.4597 (0.4597)	accu 0.625 (0.625)	
Eval Epoch-15  Iter-25 /52 	loss 0.0351 (0.6845)	accu 1.000 (0.745)	
Eval Epoch-15  Iter-50 /52 	loss 1.0848 (0.6799)	accu 0.750 (0.760)	
Epoch-15  Train: loss 0.0690	accu 0.9742	Eval: loss 0.6918	accu 0.7548
Epoch    16: reducing learning rate of group 0 to 3.0000e-06.
Train Epoch-16  Iter-0  /706	loss 0.2633 (0.2633)	accu 0.875 (0.875)	
Train Epoch-16  Iter-25 /706	loss 0.0179 (0.0663)	accu 1.000 (0.976)	
Train Epoch-16  Iter-50 /706	loss 0.0369 (0.0666)	accu 1.000 (0.975)	
Train Epoch-16  Iter-75 /706	loss 0.0424 (0.0657)	accu 1.000 (0.975)	
Train Epoch-16  Iter-100/706	loss 0.0085 (0.0659)	accu 1.000 (0.976)	
Train Epoch-16  Iter-125/706	loss 0.3498 (0.0659)	accu 0.875 (0.976)	
Train Epoch-16  Iter-150/706	loss 0.0065 (0.0666)	accu 1.000 (0.978)	
Train Epoch-16  Iter-175/706	loss 0.0341 (0.0746)	accu 1.000 (0.974)	
Train Epoch-16  Iter-200/706	loss 0.0146 (0.0747)	accu 1.000 (0.975)	
Train Epoch-16  Iter-225/706	loss 0.0075 (0.0725)	accu 1.000 (0.976)	
Train Epoch-16  Iter-250/706	loss 0.0166 (0.0704)	accu 1.000 (0.975)	
Train Epoch-16  Iter-275/706	loss 0.0051 (0.0690)	accu 1.000 (0.976)	
Train Epoch-16  Iter-300/706	loss 0.0005 (0.0704)	accu 1.000 (0.976)	
Train Epoch-16  Iter-325/706	loss 0.0188 (0.0696)	accu 1.000 (0.975)	
Train Epoch-16  Iter-350/706	loss 0.0153 (0.0691)	accu 1.000 (0.975)	
Train Epoch-16  Iter-375/706	loss 0.0064 (0.0673)	accu 1.000 (0.976)	
Train Epoch-16  Iter-400/706	loss 0.0133 (0.0657)	accu 1.000 (0.977)	
Train Epoch-16  Iter-425/706	loss 0.0078 (0.0640)	accu 1.000 (0.977)	
Train Epoch-16  Iter-450/706	loss 0.0048 (0.0670)	accu 1.000 (0.976)	
Train Epoch-16  Iter-475/706	loss 0.0033 (0.0655)	accu 1.000 (0.977)	
Train Epoch-16  Iter-500/706	loss 0.0215 (0.0645)	accu 1.000 (0.977)	
Train Epoch-16  Iter-525/706	loss 0.0022 (0.0655)	accu 1.000 (0.977)	
Train Epoch-16  Iter-550/706	loss 0.0062 (0.0681)	accu 1.000 (0.976)	
Train Epoch-16  Iter-575/706	loss 0.1444 (0.0682)	accu 0.875 (0.976)	
Train Epoch-16  Iter-600/706	loss 0.0724 (0.0684)	accu 1.000 (0.976)	
Train Epoch-16  Iter-625/706	loss 0.0160 (0.0681)	accu 1.000 (0.976)	
Train Epoch-16  Iter-650/706	loss 0.0094 (0.0668)	accu 1.000 (0.976)	
Train Epoch-16  Iter-675/706	loss 0.0044 (0.0680)	accu 1.000 (0.975)	
Train Epoch-16  Iter-700/706	loss 0.0038 (0.0677)	accu 1.000 (0.976)	
Eval Epoch-16  Iter-0  /52 	loss 0.4027 (0.4027)	accu 0.625 (0.625)	
Eval Epoch-16  Iter-25 /52 	loss 0.0330 (0.6257)	accu 1.000 (0.755)	
Eval Epoch-16  Iter-50 /52 	loss 1.1519 (0.6632)	accu 0.750 (0.770)	
Epoch-16  Train: loss 0.0678	accu 0.9756	Eval: loss 0.6771	accu 0.7644
Train Epoch-17  Iter-0  /706	loss 0.2267 (0.2267)	accu 0.875 (0.875)	
Train Epoch-17  Iter-25 /706	loss 0.0019 (0.0648)	accu 1.000 (0.976)	
Train Epoch-17  Iter-50 /706	loss 0.0542 (0.0678)	accu 1.000 (0.971)	
Train Epoch-17  Iter-75 /706	loss 0.0025 (0.0749)	accu 1.000 (0.970)	
Train Epoch-17  Iter-100/706	loss 0.0231 (0.0769)	accu 1.000 (0.973)	
Train Epoch-17  Iter-125/706	loss 0.0740 (0.0651)	accu 1.000 (0.978)	
Train Epoch-17  Iter-150/706	loss 0.0209 (0.0705)	accu 1.000 (0.977)	
Train Epoch-17  Iter-175/706	loss 0.0041 (0.0687)	accu 1.000 (0.977)	
Train Epoch-17  Iter-200/706	loss 0.0088 (0.0733)	accu 1.000 (0.976)	
Train Epoch-17  Iter-225/706	loss 0.0029 (0.0700)	accu 1.000 (0.977)	
Train Epoch-17  Iter-250/706	loss 0.1638 (0.0668)	accu 0.875 (0.977)	
Train Epoch-17  Iter-275/706	loss 0.1389 (0.0641)	accu 0.875 (0.978)	
Train Epoch-17  Iter-300/706	loss 0.0666 (0.0655)	accu 1.000 (0.978)	
Train Epoch-17  Iter-325/706	loss 0.0122 (0.0663)	accu 1.000 (0.977)	
Train Epoch-17  Iter-350/706	loss 0.0226 (0.0649)	accu 1.000 (0.977)	
Train Epoch-17  Iter-375/706	loss 0.0084 (0.0666)	accu 1.000 (0.976)	
Train Epoch-17  Iter-400/706	loss 0.0767 (0.0670)	accu 1.000 (0.975)	
Train Epoch-17  Iter-425/706	loss 0.0816 (0.0678)	accu 1.000 (0.975)	
Train Epoch-17  Iter-450/706	loss 0.0217 (0.0665)	accu 1.000 (0.976)	
Train Epoch-17  Iter-475/706	loss 0.0203 (0.0685)	accu 1.000 (0.976)	
Train Epoch-17  Iter-500/706	loss 0.0251 (0.0708)	accu 1.000 (0.975)	
Train Epoch-17  Iter-525/706	loss 0.0150 (0.0692)	accu 1.000 (0.976)	
Train Epoch-17  Iter-550/706	loss 0.0112 (0.0693)	accu 1.000 (0.975)	
Train Epoch-17  Iter-575/706	loss 0.0005 (0.0684)	accu 1.000 (0.976)	
Train Epoch-17  Iter-600/706	loss 0.4634 (0.0698)	accu 0.750 (0.975)	
Train Epoch-17  Iter-625/706	loss 0.0243 (0.0705)	accu 1.000 (0.974)	
Train Epoch-17  Iter-650/706	loss 0.0014 (0.0711)	accu 1.000 (0.974)	
Train Epoch-17  Iter-675/706	loss 0.0515 (0.0722)	accu 1.000 (0.974)	
Train Epoch-17  Iter-700/706	loss 0.1211 (0.0716)	accu 0.875 (0.974)	
Eval Epoch-17  Iter-0  /52 	loss 0.4309 (0.4309)	accu 0.625 (0.625)	
Eval Epoch-17  Iter-25 /52 	loss 0.0307 (0.6446)	accu 1.000 (0.755)	
Eval Epoch-17  Iter-50 /52 	loss 1.1448 (0.6736)	accu 0.750 (0.765)	
Epoch-17  Train: loss 0.0713	accu 0.9742	Eval: loss 0.6881	accu 0.7596
Train Epoch-18  Iter-0  /706	loss 0.0048 (0.0048)	accu 1.000 (1.000)	
Train Epoch-18  Iter-25 /706	loss 0.1181 (0.0878)	accu 0.875 (0.962)	
Train Epoch-18  Iter-50 /706	loss 0.0096 (0.0809)	accu 1.000 (0.968)	
Train Epoch-18  Iter-75 /706	loss 0.0050 (0.0698)	accu 1.000 (0.972)	
Train Epoch-18  Iter-100/706	loss 0.0005 (0.0766)	accu 1.000 (0.973)	
Train Epoch-18  Iter-125/706	loss 0.1442 (0.0728)	accu 0.875 (0.972)	
Train Epoch-18  Iter-150/706	loss 0.2992 (0.0723)	accu 0.875 (0.974)	
Train Epoch-18  Iter-175/706	loss 0.0068 (0.0695)	accu 1.000 (0.973)	
Train Epoch-18  Iter-200/706	loss 0.0005 (0.0684)	accu 1.000 (0.973)	
Train Epoch-18  Iter-225/706	loss 0.0489 (0.0701)	accu 1.000 (0.972)	
Train Epoch-18  Iter-250/706	loss 0.0051 (0.0680)	accu 1.000 (0.974)	
Train Epoch-18  Iter-275/706	loss 0.0064 (0.0658)	accu 1.000 (0.975)	
Train Epoch-18  Iter-300/706	loss 0.0132 (0.0707)	accu 1.000 (0.972)	
Train Epoch-18  Iter-325/706	loss 0.0177 (0.0716)	accu 1.000 (0.972)	
Train Epoch-18  Iter-350/706	loss 0.0007 (0.0700)	accu 1.000 (0.973)	
Train Epoch-18  Iter-375/706	loss 0.0092 (0.0702)	accu 1.000 (0.973)	
Train Epoch-18  Iter-400/706	loss 0.4896 (0.0698)	accu 0.875 (0.974)	
Train Epoch-18  Iter-425/706	loss 0.1448 (0.0684)	accu 0.875 (0.974)	
Train Epoch-18  Iter-450/706	loss 0.0005 (0.0658)	accu 1.000 (0.975)	
Train Epoch-18  Iter-475/706	loss 0.0051 (0.0675)	accu 1.000 (0.974)	
Train Epoch-18  Iter-500/706	loss 0.0867 (0.0669)	accu 1.000 (0.975)	
Train Epoch-18  Iter-525/706	loss 0.0531 (0.0650)	accu 1.000 (0.975)	
Train Epoch-18  Iter-550/706	loss 0.0090 (0.0643)	accu 1.000 (0.976)	
Train Epoch-18  Iter-575/706	loss 0.5216 (0.0655)	accu 0.875 (0.975)	
Train Epoch-18  Iter-600/706	loss 0.2034 (0.0671)	accu 0.875 (0.975)	
Train Epoch-18  Iter-625/706	loss 0.1471 (0.0664)	accu 1.000 (0.975)	
Train Epoch-18  Iter-650/706	loss 0.0108 (0.0654)	accu 1.000 (0.976)	
Train Epoch-18  Iter-675/706	loss 0.0075 (0.0664)	accu 1.000 (0.975)	
Train Epoch-18  Iter-700/706	loss 0.0443 (0.0670)	accu 1.000 (0.975)	
Eval Epoch-18  Iter-0  /52 	loss 0.4251 (0.4251)	accu 0.625 (0.625)	
Eval Epoch-18  Iter-25 /52 	loss 0.0289 (0.6380)	accu 1.000 (0.755)	
Eval Epoch-18  Iter-50 /52 	loss 1.1853 (0.6763)	accu 0.750 (0.767)	
Epoch-18  Train: loss 0.0669	accu 0.9745	Eval: loss 0.6913	accu 0.7620
Train Epoch-19  Iter-0  /706	loss 0.0455 (0.0455)	accu 1.000 (1.000)	
Train Epoch-19  Iter-25 /706	loss 0.0033 (0.0651)	accu 1.000 (0.971)	
Train Epoch-19  Iter-50 /706	loss 0.2510 (0.0657)	accu 0.875 (0.973)	
Train Epoch-19  Iter-75 /706	loss 0.0051 (0.0616)	accu 1.000 (0.977)	
Train Epoch-19  Iter-100/706	loss 0.0314 (0.0637)	accu 1.000 (0.976)	
Train Epoch-19  Iter-125/706	loss 0.0040 (0.0645)	accu 1.000 (0.976)	
Train Epoch-19  Iter-150/706	loss 0.0241 (0.0626)	accu 1.000 (0.976)	
Train Epoch-19  Iter-175/706	loss 0.0004 (0.0571)	accu 1.000 (0.979)	
Train Epoch-19  Iter-200/706	loss 0.0058 (0.0612)	accu 1.000 (0.976)	
Train Epoch-19  Iter-225/706	loss 0.1453 (0.0643)	accu 0.875 (0.976)	
Train Epoch-19  Iter-250/706	loss 0.4937 (0.0669)	accu 0.875 (0.974)	
Train Epoch-19  Iter-275/706	loss 0.0132 (0.0689)	accu 1.000 (0.974)	
Train Epoch-19  Iter-300/706	loss 0.0114 (0.0722)	accu 1.000 (0.974)	
Train Epoch-19  Iter-325/706	loss 0.0209 (0.0700)	accu 1.000 (0.975)	
Train Epoch-19  Iter-350/706	loss 0.1795 (0.0699)	accu 0.875 (0.974)	
Train Epoch-19  Iter-375/706	loss 0.0207 (0.0687)	accu 1.000 (0.974)	
Train Epoch-19  Iter-400/706	loss 0.0192 (0.0672)	accu 1.000 (0.975)	
Train Epoch-19  Iter-425/706	loss 0.0115 (0.0662)	accu 1.000 (0.976)	
Train Epoch-19  Iter-450/706	loss 0.2801 (0.0664)	accu 0.875 (0.975)	
Train Epoch-19  Iter-475/706	loss 0.0231 (0.0671)	accu 1.000 (0.975)	
Train Epoch-19  Iter-500/706	loss 0.1447 (0.0656)	accu 0.875 (0.976)	
Train Epoch-19  Iter-525/706	loss 0.0274 (0.0666)	accu 1.000 (0.976)	
Train Epoch-19  Iter-550/706	loss 0.0229 (0.0658)	accu 1.000 (0.976)	
Train Epoch-19  Iter-575/706	loss 0.1385 (0.0651)	accu 1.000 (0.977)	
Train Epoch-19  Iter-600/706	loss 0.0075 (0.0654)	accu 1.000 (0.976)	
Train Epoch-19  Iter-625/706	loss 0.0021 (0.0646)	accu 1.000 (0.977)	
Train Epoch-19  Iter-650/706	loss 0.0073 (0.0642)	accu 1.000 (0.977)	
Train Epoch-19  Iter-675/706	loss 0.0042 (0.0657)	accu 1.000 (0.976)	
Train Epoch-19  Iter-700/706	loss 0.0198 (0.0662)	accu 1.000 (0.976)	
Eval Epoch-19  Iter-0  /52 	loss 0.3785 (0.3785)	accu 0.750 (0.750)	
Eval Epoch-19  Iter-25 /52 	loss 0.0186 (0.5918)	accu 1.000 (0.760)	
Eval Epoch-19  Iter-50 /52 	loss 1.2384 (0.6649)	accu 0.750 (0.770)	
Epoch-19  Train: loss 0.0668	accu 0.9756	Eval: loss 0.6816	accu 0.7644
Train Epoch-20  Iter-0  /706	loss 0.0063 (0.0063)	accu 1.000 (1.000)	
Train Epoch-20  Iter-25 /706	loss 0.0161 (0.0811)	accu 1.000 (0.976)	
Train Epoch-20  Iter-50 /706	loss 0.0042 (0.0792)	accu 1.000 (0.973)	
Train Epoch-20  Iter-75 /706	loss 0.1295 (0.0818)	accu 1.000 (0.972)	
Train Epoch-20  Iter-100/706	loss 0.0124 (0.0796)	accu 1.000 (0.975)	
Train Epoch-20  Iter-125/706	loss 0.1335 (0.0758)	accu 0.875 (0.976)	
Train Epoch-20  Iter-150/706	loss 0.1605 (0.0749)	accu 0.875 (0.977)	
Train Epoch-20  Iter-175/706	loss 0.0075 (0.0745)	accu 1.000 (0.976)	
Train Epoch-20  Iter-200/706	loss 0.0081 (0.0757)	accu 1.000 (0.973)	
Train Epoch-20  Iter-225/706	loss 0.0491 (0.0752)	accu 1.000 (0.972)	
Train Epoch-20  Iter-250/706	loss 0.0047 (0.0728)	accu 1.000 (0.973)	
Train Epoch-20  Iter-275/706	loss 0.0206 (0.0703)	accu 1.000 (0.973)	
Train Epoch-20  Iter-300/706	loss 0.1699 (0.0743)	accu 0.875 (0.972)	
Train Epoch-20  Iter-325/706	loss 0.0043 (0.0744)	accu 1.000 (0.972)	
Train Epoch-20  Iter-350/706	loss 0.0081 (0.0735)	accu 1.000 (0.972)	
Train Epoch-20  Iter-375/706	loss 0.0153 (0.0713)	accu 1.000 (0.973)	
Train Epoch-20  Iter-400/706	loss 0.0015 (0.0708)	accu 1.000 (0.972)	
Train Epoch-20  Iter-425/706	loss 0.0400 (0.0702)	accu 1.000 (0.972)	
Train Epoch-20  Iter-450/706	loss 0.0009 (0.0715)	accu 1.000 (0.972)	
Train Epoch-20  Iter-475/706	loss 0.1105 (0.0727)	accu 1.000 (0.971)	
Train Epoch-20  Iter-500/706	loss 0.0518 (0.0716)	accu 1.000 (0.972)	
Train Epoch-20  Iter-525/706	loss 0.4513 (0.0710)	accu 0.875 (0.972)	
Train Epoch-20  Iter-550/706	loss 0.0057 (0.0700)	accu 1.000 (0.973)	
Train Epoch-20  Iter-575/706	loss 0.0091 (0.0690)	accu 1.000 (0.973)	
Train Epoch-20  Iter-600/706	loss 0.0139 (0.0704)	accu 1.000 (0.973)	
Train Epoch-20  Iter-625/706	loss 0.0369 (0.0694)	accu 1.000 (0.973)	
Train Epoch-20  Iter-650/706	loss 0.2890 (0.0700)	accu 0.875 (0.973)	
Train Epoch-20  Iter-675/706	loss 0.0046 (0.0689)	accu 1.000 (0.973)	
Train Epoch-20  Iter-700/706	loss 0.0452 (0.0700)	accu 1.000 (0.973)	
Eval Epoch-20  Iter-0  /52 	loss 0.3901 (0.3901)	accu 0.625 (0.625)	
Eval Epoch-20  Iter-25 /52 	loss 0.0206 (0.6024)	accu 1.000 (0.755)	
Eval Epoch-20  Iter-50 /52 	loss 1.2429 (0.6646)	accu 0.750 (0.770)	
Epoch-20  Train: loss 0.0712	accu 0.9724	Eval: loss 0.6798	accu 0.7644
Train Epoch-21  Iter-0  /706	loss 0.0014 (0.0014)	accu 1.000 (1.000)	
Train Epoch-21  Iter-25 /706	loss 0.1164 (0.0695)	accu 1.000 (0.976)	
Train Epoch-21  Iter-50 /706	loss 0.0329 (0.0702)	accu 1.000 (0.980)	
Train Epoch-21  Iter-75 /706	loss 0.2857 (0.0771)	accu 0.875 (0.972)	
Train Epoch-21  Iter-100/706	loss 0.0287 (0.0686)	accu 1.000 (0.976)	
Train Epoch-21  Iter-125/706	loss 0.1923 (0.0666)	accu 0.875 (0.976)	
Train Epoch-21  Iter-150/706	loss 0.0735 (0.0746)	accu 1.000 (0.974)	
Train Epoch-21  Iter-175/706	loss 0.0036 (0.0700)	accu 1.000 (0.974)	
Train Epoch-21  Iter-200/706	loss 0.0172 (0.0698)	accu 1.000 (0.975)	
Train Epoch-21  Iter-225/706	loss 0.0139 (0.0764)	accu 1.000 (0.973)	
Train Epoch-21  Iter-250/706	loss 0.0005 (0.0735)	accu 1.000 (0.974)	
Train Epoch-21  Iter-275/706	loss 0.0276 (0.0722)	accu 1.000 (0.974)	
Train Epoch-21  Iter-300/706	loss 0.0051 (0.0714)	accu 1.000 (0.975)	
Train Epoch-21  Iter-325/706	loss 0.0321 (0.0686)	accu 1.000 (0.977)	
Train Epoch-21  Iter-350/706	loss 0.0021 (0.0670)	accu 1.000 (0.976)	
Train Epoch-21  Iter-375/706	loss 0.0605 (0.0656)	accu 1.000 (0.976)	
Train Epoch-21  Iter-400/706	loss 0.0357 (0.0651)	accu 1.000 (0.977)	
Train Epoch-21  Iter-425/706	loss 0.7369 (0.0676)	accu 0.875 (0.976)	
Train Epoch-21  Iter-450/706	loss 0.0380 (0.0673)	accu 1.000 (0.977)	
Train Epoch-21  Iter-475/706	loss 0.0148 (0.0660)	accu 1.000 (0.977)	
Train Epoch-21  Iter-500/706	loss 0.0770 (0.0686)	accu 1.000 (0.976)	
Train Epoch-21  Iter-525/706	loss 0.0037 (0.0675)	accu 1.000 (0.976)	
Train Epoch-21  Iter-550/706	loss 0.0227 (0.0674)	accu 1.000 (0.976)	
Train Epoch-21  Iter-575/706	loss 0.0017 (0.0668)	accu 1.000 (0.976)	
Train Epoch-21  Iter-600/706	loss 0.0569 (0.0671)	accu 1.000 (0.975)	
Train Epoch-21  Iter-625/706	loss 0.0117 (0.0674)	accu 1.000 (0.976)	
Train Epoch-21  Iter-650/706	loss 0.0016 (0.0667)	accu 1.000 (0.976)	
Train Epoch-21  Iter-675/706	loss 0.0287 (0.0667)	accu 1.000 (0.976)	
Train Epoch-21  Iter-700/706	loss 0.0010 (0.0654)	accu 1.000 (0.977)	
Eval Epoch-21  Iter-0  /52 	loss 0.3959 (0.3959)	accu 0.625 (0.625)	
Eval Epoch-21  Iter-25 /52 	loss 0.0220 (0.6189)	accu 1.000 (0.755)	
Eval Epoch-21  Iter-50 /52 	loss 1.2571 (0.6768)	accu 0.750 (0.770)	
Epoch-21  Train: loss 0.0651	accu 0.9770	Eval: loss 0.6923	accu 0.7644
Epoch    22: reducing learning rate of group 0 to 3.0000e-07.
Train Epoch-22  Iter-0  /706	loss 0.0199 (0.0199)	accu 1.000 (1.000)	
Train Epoch-22  Iter-25 /706	loss 0.0187 (0.0285)	accu 1.000 (0.990)	
Train Epoch-22  Iter-50 /706	loss 0.0049 (0.0587)	accu 1.000 (0.973)	
Train Epoch-22  Iter-75 /706	loss 0.0015 (0.0750)	accu 1.000 (0.969)	
Train Epoch-22  Iter-100/706	loss 0.0061 (0.0737)	accu 1.000 (0.968)	
Train Epoch-22  Iter-125/706	loss 0.0016 (0.0800)	accu 1.000 (0.968)	
Train Epoch-22  Iter-150/706	loss 0.0032 (0.0753)	accu 1.000 (0.971)	
Train Epoch-22  Iter-175/706	loss 0.0016 (0.0787)	accu 1.000 (0.970)	
Train Epoch-22  Iter-200/706	loss 0.0009 (0.0778)	accu 1.000 (0.971)	
Train Epoch-22  Iter-225/706	loss 0.0119 (0.0765)	accu 1.000 (0.971)	
Train Epoch-22  Iter-250/706	loss 0.0119 (0.0733)	accu 1.000 (0.973)	
Train Epoch-22  Iter-275/706	loss 0.0335 (0.0739)	accu 1.000 (0.973)	
Train Epoch-22  Iter-300/706	loss 0.0025 (0.0707)	accu 1.000 (0.974)	
Train Epoch-22  Iter-325/706	loss 0.0194 (0.0700)	accu 1.000 (0.974)	
Train Epoch-22  Iter-350/706	loss 0.0246 (0.0692)	accu 1.000 (0.974)	
Train Epoch-22  Iter-375/706	loss 0.1255 (0.0666)	accu 1.000 (0.976)	
Train Epoch-22  Iter-400/706	loss 0.0426 (0.0677)	accu 1.000 (0.976)	
Train Epoch-22  Iter-425/706	loss 0.0377 (0.0663)	accu 1.000 (0.977)	
Train Epoch-22  Iter-450/706	loss 0.1334 (0.0659)	accu 0.875 (0.976)	
Train Epoch-22  Iter-475/706	loss 0.0342 (0.0650)	accu 1.000 (0.977)	
Train Epoch-22  Iter-500/706	loss 0.0050 (0.0642)	accu 1.000 (0.978)	
Train Epoch-22  Iter-525/706	loss 0.0008 (0.0643)	accu 1.000 (0.977)	
Train Epoch-22  Iter-550/706	loss 0.0046 (0.0664)	accu 1.000 (0.976)	
Train Epoch-22  Iter-575/706	loss 0.0006 (0.0656)	accu 1.000 (0.976)	
Train Epoch-22  Iter-600/706	loss 0.0080 (0.0657)	accu 1.000 (0.977)	
Train Epoch-22  Iter-625/706	loss 0.0015 (0.0650)	accu 1.000 (0.977)	
Train Epoch-22  Iter-650/706	loss 0.0438 (0.0660)	accu 1.000 (0.977)	
Train Epoch-22  Iter-675/706	loss 0.0751 (0.0655)	accu 1.000 (0.977)	
Train Epoch-22  Iter-700/706	loss 0.0146 (0.0672)	accu 1.000 (0.976)	
Eval Epoch-22  Iter-0  /52 	loss 0.3966 (0.3966)	accu 0.625 (0.625)	
Eval Epoch-22  Iter-25 /52 	loss 0.0219 (0.6198)	accu 1.000 (0.755)	
Eval Epoch-22  Iter-50 /52 	loss 1.2594 (0.6778)	accu 0.750 (0.770)	
Epoch-22  Train: loss 0.0672	accu 0.9761	Eval: loss 0.6934	accu 0.7644
Train Epoch-23  Iter-0  /706	loss 0.0273 (0.0273)	accu 1.000 (1.000)	
Train Epoch-23  Iter-25 /706	loss 0.5105 (0.0642)	accu 0.875 (0.971)	
Train Epoch-23  Iter-50 /706	loss 0.0046 (0.0754)	accu 1.000 (0.968)	
Train Epoch-23  Iter-75 /706	loss 0.0178 (0.0750)	accu 1.000 (0.964)	
Train Epoch-23  Iter-100/706	loss 0.0444 (0.0653)	accu 1.000 (0.970)	
Train Epoch-23  Iter-125/706	loss 0.0142 (0.0644)	accu 1.000 (0.973)	
Train Epoch-23  Iter-150/706	loss 0.0753 (0.0766)	accu 1.000 (0.969)	
Train Epoch-23  Iter-175/706	loss 0.0026 (0.0712)	accu 1.000 (0.972)	
Train Epoch-23  Iter-200/706	loss 0.0718 (0.0698)	accu 1.000 (0.971)	
Train Epoch-23  Iter-225/706	loss 0.0088 (0.0655)	accu 1.000 (0.973)	
Train Epoch-23  Iter-250/706	loss 0.0094 (0.0644)	accu 1.000 (0.974)	
Train Epoch-23  Iter-275/706	loss 0.0056 (0.0608)	accu 1.000 (0.976)	
Train Epoch-23  Iter-300/706	loss 0.0060 (0.0615)	accu 1.000 (0.975)	
Train Epoch-23  Iter-325/706	loss 0.0058 (0.0589)	accu 1.000 (0.977)	
Train Epoch-23  Iter-350/706	loss 0.1679 (0.0586)	accu 0.875 (0.977)	
Train Epoch-23  Iter-375/706	loss 0.1492 (0.0574)	accu 1.000 (0.977)	
Train Epoch-23  Iter-400/706	loss 0.2675 (0.0586)	accu 0.875 (0.977)	
Train Epoch-23  Iter-425/706	loss 0.0039 (0.0586)	accu 1.000 (0.977)	
Train Epoch-23  Iter-450/706	loss 0.0053 (0.0587)	accu 1.000 (0.976)	
Train Epoch-23  Iter-475/706	loss 0.1400 (0.0582)	accu 0.875 (0.976)	
Train Epoch-23  Iter-500/706	loss 0.0068 (0.0574)	accu 1.000 (0.977)	
Train Epoch-23  Iter-525/706	loss 0.4289 (0.0607)	accu 0.875 (0.976)	
Train Epoch-23  Iter-550/706	loss 0.0176 (0.0601)	accu 1.000 (0.976)	
Train Epoch-23  Iter-575/706	loss 0.3466 (0.0607)	accu 0.875 (0.976)	
Train Epoch-23  Iter-600/706	loss 0.0621 (0.0598)	accu 1.000 (0.976)	
Train Epoch-23  Iter-625/706	loss 0.0347 (0.0616)	accu 1.000 (0.976)	
Train Epoch-23  Iter-650/706	loss 0.0002 (0.0623)	accu 1.000 (0.976)	
Train Epoch-23  Iter-675/706	loss 0.0004 (0.0611)	accu 1.000 (0.976)	
Train Epoch-23  Iter-700/706	loss 0.6231 (0.0608)	accu 0.875 (0.976)	
Eval Epoch-23  Iter-0  /52 	loss 0.3946 (0.3946)	accu 0.625 (0.625)	
Eval Epoch-23  Iter-25 /52 	loss 0.0218 (0.6178)	accu 1.000 (0.755)	
Eval Epoch-23  Iter-50 /52 	loss 1.2622 (0.6772)	accu 0.750 (0.767)	
Epoch-23  Train: loss 0.0609	accu 0.9765	Eval: loss 0.6929	accu 0.7620
Train Epoch-24  Iter-0  /706	loss 0.0061 (0.0061)	accu 1.000 (1.000)	
Train Epoch-24  Iter-25 /706	loss 0.0395 (0.0418)	accu 1.000 (0.986)	
Train Epoch-24  Iter-50 /706	loss 0.0522 (0.0462)	accu 1.000 (0.983)	
Train Epoch-24  Iter-75 /706	loss 0.0005 (0.0481)	accu 1.000 (0.982)	
Train Epoch-24  Iter-100/706	loss 0.0223 (0.0510)	accu 1.000 (0.984)	
Train Epoch-24  Iter-125/706	loss 0.0262 (0.0600)	accu 1.000 (0.981)	
Train Epoch-24  Iter-150/706	loss 0.0045 (0.0578)	accu 1.000 (0.980)	
Train Epoch-24  Iter-175/706	loss 0.0134 (0.0696)	accu 1.000 (0.977)	
Train Epoch-24  Iter-200/706	loss 0.0788 (0.0691)	accu 1.000 (0.977)	
Train Epoch-24  Iter-225/706	loss 0.0015 (0.0647)	accu 1.000 (0.978)	
Train Epoch-24  Iter-250/706	loss 0.0630 (0.0652)	accu 1.000 (0.978)	
Train Epoch-24  Iter-275/706	loss 0.0032 (0.0667)	accu 1.000 (0.977)	
Train Epoch-24  Iter-300/706	loss 0.0035 (0.0625)	accu 1.000 (0.979)	
Train Epoch-24  Iter-325/706	loss 0.2158 (0.0655)	accu 0.875 (0.978)	
Train Epoch-24  Iter-350/706	loss 0.3671 (0.0668)	accu 0.875 (0.977)	
Train Epoch-24  Iter-375/706	loss 0.0197 (0.0654)	accu 1.000 (0.978)	
Train Epoch-24  Iter-400/706	loss 0.0020 (0.0654)	accu 1.000 (0.978)	
Train Epoch-24  Iter-425/706	loss 0.0018 (0.0637)	accu 1.000 (0.978)	
Train Epoch-24  Iter-450/706	loss 0.0195 (0.0653)	accu 1.000 (0.978)	
Train Epoch-24  Iter-475/706	loss 0.1588 (0.0669)	accu 0.875 (0.977)	
Train Epoch-24  Iter-500/706	loss 0.0292 (0.0663)	accu 1.000 (0.978)	
Train Epoch-24  Iter-525/706	loss 0.0105 (0.0662)	accu 1.000 (0.978)	
Train Epoch-24  Iter-550/706	loss 0.0004 (0.0669)	accu 1.000 (0.977)	
Train Epoch-24  Iter-575/706	loss 0.0163 (0.0663)	accu 1.000 (0.977)	
Train Epoch-24  Iter-600/706	loss 0.0065 (0.0654)	accu 1.000 (0.978)	
Train Epoch-24  Iter-625/706	loss 0.0014 (0.0667)	accu 1.000 (0.977)	
Train Epoch-24  Iter-650/706	loss 0.0588 (0.0680)	accu 1.000 (0.977)	
Train Epoch-24  Iter-675/706	loss 0.1034 (0.0688)	accu 0.875 (0.976)	
Train Epoch-24  Iter-700/706	loss 0.5732 (0.0696)	accu 0.875 (0.976)	
Eval Epoch-24  Iter-0  /52 	loss 0.3985 (0.3985)	accu 0.625 (0.625)	
Eval Epoch-24  Iter-25 /52 	loss 0.0225 (0.6217)	accu 1.000 (0.755)	
Eval Epoch-24  Iter-50 /52 	loss 1.2597 (0.6779)	accu 0.750 (0.770)	
Epoch-24  Train: loss 0.0694	accu 0.9761	Eval: loss 0.6934	accu 0.7644
Train Epoch-25  Iter-0  /706	loss 0.0036 (0.0036)	accu 1.000 (1.000)	
Train Epoch-25  Iter-25 /706	loss 0.0271 (0.0572)	accu 1.000 (0.981)	
Train Epoch-25  Iter-50 /706	loss 0.3339 (0.0571)	accu 0.875 (0.980)	
Train Epoch-25  Iter-75 /706	loss 0.0046 (0.0573)	accu 1.000 (0.979)	
Train Epoch-25  Iter-100/706	loss 0.1550 (0.0607)	accu 0.875 (0.978)	
Train Epoch-25  Iter-125/706	loss 0.0004 (0.0583)	accu 1.000 (0.978)	
Train Epoch-25  Iter-150/706	loss 0.0027 (0.0578)	accu 1.000 (0.978)	
Train Epoch-25  Iter-175/706	loss 0.0094 (0.0595)	accu 1.000 (0.978)	
Train Epoch-25  Iter-200/706	loss 0.0032 (0.0603)	accu 1.000 (0.978)	
Train Epoch-25  Iter-225/706	loss 0.0216 (0.0609)	accu 1.000 (0.977)	
Train Epoch-25  Iter-250/706	loss 0.0018 (0.0604)	accu 1.000 (0.978)	
Train Epoch-25  Iter-275/706	loss 0.0049 (0.0617)	accu 1.000 (0.976)	
Train Epoch-25  Iter-300/706	loss 0.0005 (0.0610)	accu 1.000 (0.978)	
Train Epoch-25  Iter-325/706	loss 0.0025 (0.0610)	accu 1.000 (0.977)	
Train Epoch-25  Iter-350/706	loss 0.0137 (0.0626)	accu 1.000 (0.977)	
Train Epoch-25  Iter-375/706	loss 0.0261 (0.0609)	accu 1.000 (0.978)	
Train Epoch-25  Iter-400/706	loss 0.0503 (0.0618)	accu 1.000 (0.978)	
Train Epoch-25  Iter-425/706	loss 0.0066 (0.0639)	accu 1.000 (0.976)	
Train Epoch-25  Iter-450/706	loss 0.0379 (0.0631)	accu 1.000 (0.976)	
Train Epoch-25  Iter-475/706	loss 0.0151 (0.0615)	accu 1.000 (0.977)	
Train Epoch-25  Iter-500/706	loss 0.0941 (0.0621)	accu 1.000 (0.978)	
Train Epoch-25  Iter-525/706	loss 0.0150 (0.0625)	accu 1.000 (0.978)	
Train Epoch-25  Iter-550/706	loss 0.0184 (0.0611)	accu 1.000 (0.978)	
Train Epoch-25  Iter-575/706	loss 0.0032 (0.0639)	accu 1.000 (0.978)	
Train Epoch-25  Iter-600/706	loss 0.0181 (0.0650)	accu 1.000 (0.978)	
Train Epoch-25  Iter-625/706	loss 0.0018 (0.0657)	accu 1.000 (0.977)	
Train Epoch-25  Iter-650/706	loss 0.0264 (0.0651)	accu 1.000 (0.977)	
Train Epoch-25  Iter-675/706	loss 0.0053 (0.0664)	accu 1.000 (0.977)	
Train Epoch-25  Iter-700/706	loss 0.1528 (0.0675)	accu 0.875 (0.976)	
Eval Epoch-25  Iter-0  /52 	loss 0.3883 (0.3883)	accu 0.625 (0.625)	
Eval Epoch-25  Iter-25 /52 	loss 0.0213 (0.6119)	accu 1.000 (0.755)	
Eval Epoch-25  Iter-50 /52 	loss 1.2669 (0.6750)	accu 0.750 (0.767)	
Epoch-25  Train: loss 0.0671	accu 0.9759	Eval: loss 0.6909	accu 0.7620
Train Epoch-26  Iter-0  /706	loss 0.0562 (0.0562)	accu 1.000 (1.000)	
Train Epoch-26  Iter-25 /706	loss 0.0304 (0.0955)	accu 1.000 (0.976)	
Train Epoch-26  Iter-50 /706	loss 0.5385 (0.0912)	accu 0.875 (0.968)	
Train Epoch-26  Iter-75 /706	loss 0.3774 (0.0970)	accu 0.875 (0.969)	
Train Epoch-26  Iter-100/706	loss 0.0024 (0.0862)	accu 1.000 (0.972)	
Train Epoch-26  Iter-125/706	loss 0.0324 (0.0767)	accu 1.000 (0.975)	
Train Epoch-26  Iter-150/706	loss 0.0032 (0.0767)	accu 1.000 (0.977)	
Train Epoch-26  Iter-175/706	loss 0.0381 (0.0786)	accu 1.000 (0.976)	
Train Epoch-26  Iter-200/706	loss 0.0985 (0.0750)	accu 0.875 (0.976)	
Train Epoch-26  Iter-225/706	loss 0.1250 (0.0712)	accu 1.000 (0.977)	
Train Epoch-26  Iter-250/706	loss 0.0222 (0.0699)	accu 1.000 (0.977)	
Train Epoch-26  Iter-275/706	loss 0.0372 (0.0697)	accu 1.000 (0.977)	
Train Epoch-26  Iter-300/706	loss 0.0041 (0.0692)	accu 1.000 (0.977)	
Train Epoch-26  Iter-325/706	loss 0.0004 (0.0682)	accu 1.000 (0.977)	
Train Epoch-26  Iter-350/706	loss 0.0175 (0.0691)	accu 1.000 (0.976)	
Train Epoch-26  Iter-375/706	loss 0.0199 (0.0705)	accu 1.000 (0.976)	
Train Epoch-26  Iter-400/706	loss 0.0856 (0.0714)	accu 1.000 (0.975)	
Train Epoch-26  Iter-425/706	loss 0.0490 (0.0716)	accu 1.000 (0.975)	
Train Epoch-26  Iter-450/706	loss 0.0142 (0.0707)	accu 1.000 (0.975)	
Train Epoch-26  Iter-475/706	loss 0.0017 (0.0677)	accu 1.000 (0.977)	
Train Epoch-26  Iter-500/706	loss 0.0006 (0.0689)	accu 1.000 (0.976)	
Train Epoch-26  Iter-525/706	loss 0.0163 (0.0684)	accu 1.000 (0.976)	
Train Epoch-26  Iter-550/706	loss 0.0434 (0.0677)	accu 1.000 (0.976)	
Train Epoch-26  Iter-575/706	loss 0.0241 (0.0676)	accu 1.000 (0.976)	
Train Epoch-26  Iter-600/706	loss 0.0266 (0.0669)	accu 1.000 (0.976)	
Train Epoch-26  Iter-625/706	loss 0.0014 (0.0665)	accu 1.000 (0.976)	
Train Epoch-26  Iter-650/706	loss 0.0470 (0.0686)	accu 1.000 (0.976)	
Train Epoch-26  Iter-675/706	loss 0.7795 (0.0711)	accu 0.875 (0.976)	
Train Epoch-26  Iter-700/706	loss 0.0050 (0.0715)	accu 1.000 (0.975)	
Eval Epoch-26  Iter-0  /52 	loss 0.3828 (0.3828)	accu 0.625 (0.625)	
Eval Epoch-26  Iter-25 /52 	loss 0.0210 (0.6052)	accu 1.000 (0.755)	
Eval Epoch-26  Iter-50 /52 	loss 1.2697 (0.6722)	accu 0.750 (0.767)	
Epoch-26  Train: loss 0.0715	accu 0.9752	Eval: loss 0.6882	accu 0.7620
Train Epoch-27  Iter-0  /706	loss 0.0020 (0.0020)	accu 1.000 (1.000)	
Train Epoch-27  Iter-25 /706	loss 0.0261 (0.0595)	accu 1.000 (0.986)	
Train Epoch-27  Iter-50 /706	loss 0.0004 (0.0484)	accu 1.000 (0.988)	
Train Epoch-27  Iter-75 /706	loss 0.0059 (0.0648)	accu 1.000 (0.985)	
Train Epoch-27  Iter-100/706	loss 0.0118 (0.0668)	accu 1.000 (0.980)	
Train Epoch-27  Iter-125/706	loss 0.0217 (0.0663)	accu 1.000 (0.979)	
Train Epoch-27  Iter-150/706	loss 0.4371 (0.0695)	accu 0.875 (0.978)	
Train Epoch-27  Iter-175/706	loss 0.0301 (0.0666)	accu 1.000 (0.978)	
Train Epoch-27  Iter-200/706	loss 0.2186 (0.0680)	accu 0.875 (0.977)	
Train Epoch-27  Iter-225/706	loss 0.0113 (0.0733)	accu 1.000 (0.976)	
Train Epoch-27  Iter-250/706	loss 0.0545 (0.0702)	accu 1.000 (0.977)	
Train Epoch-27  Iter-275/706	loss 0.0036 (0.0700)	accu 1.000 (0.975)	
Train Epoch-27  Iter-300/706	loss 0.2163 (0.0700)	accu 0.875 (0.975)	
Train Epoch-27  Iter-325/706	loss 0.0332 (0.0697)	accu 1.000 (0.975)	
Train Epoch-27  Iter-350/706	loss 0.0202 (0.0693)	accu 1.000 (0.975)	
Train Epoch-27  Iter-375/706	loss 0.0687 (0.0725)	accu 1.000 (0.974)	
Train Epoch-27  Iter-400/706	loss 0.0014 (0.0705)	accu 1.000 (0.974)	
Train Epoch-27  Iter-425/706	loss 0.0179 (0.0690)	accu 1.000 (0.975)	
Train Epoch-27  Iter-450/706	loss 0.0088 (0.0682)	accu 1.000 (0.976)	
Train Epoch-27  Iter-475/706	loss 0.1946 (0.0721)	accu 0.875 (0.974)	
Train Epoch-27  Iter-500/706	loss 0.0877 (0.0714)	accu 1.000 (0.975)	
Train Epoch-27  Iter-525/706	loss 0.1272 (0.0710)	accu 1.000 (0.975)	
Train Epoch-27  Iter-550/706	loss 0.0164 (0.0700)	accu 1.000 (0.976)	
Train Epoch-27  Iter-575/706	loss 0.0042 (0.0700)	accu 1.000 (0.976)	
Train Epoch-27  Iter-600/706	loss 0.0171 (0.0722)	accu 1.000 (0.975)	
Train Epoch-27  Iter-625/706	loss 0.0014 (0.0728)	accu 1.000 (0.975)	
Train Epoch-27  Iter-650/706	loss 0.0003 (0.0726)	accu 1.000 (0.975)	
Train Epoch-27  Iter-675/706	loss 0.0172 (0.0717)	accu 1.000 (0.976)	
Train Epoch-27  Iter-700/706	loss 0.0070 (0.0715)	accu 1.000 (0.976)	
Eval Epoch-27  Iter-0  /52 	loss 0.3862 (0.3862)	accu 0.625 (0.625)	
Eval Epoch-27  Iter-25 /52 	loss 0.0215 (0.6084)	accu 1.000 (0.755)	
Eval Epoch-27  Iter-50 /52 	loss 1.2696 (0.6732)	accu 0.750 (0.767)	
Epoch-27  Train: loss 0.0716	accu 0.9754	Eval: loss 0.6890	accu 0.7620
Epoch    28: reducing learning rate of group 0 to 3.0000e-08.
Train Epoch-28  Iter-0  /706	loss 0.0203 (0.0203)	accu 1.000 (1.000)	
Train Epoch-28  Iter-25 /706	loss 0.0255 (0.1389)	accu 1.000 (0.952)	
Train Epoch-28  Iter-50 /706	loss 0.4242 (0.1057)	accu 0.875 (0.966)	
Train Epoch-28  Iter-75 /706	loss 0.0040 (0.0937)	accu 1.000 (0.965)	
Train Epoch-28  Iter-100/706	loss 0.0005 (0.0879)	accu 1.000 (0.967)	
Train Epoch-28  Iter-125/706	loss 0.0110 (0.0791)	accu 1.000 (0.968)	
Train Epoch-28  Iter-150/706	loss 0.1046 (0.0754)	accu 0.875 (0.969)	
Train Epoch-28  Iter-175/706	loss 0.3249 (0.0747)	accu 0.875 (0.970)	
Train Epoch-28  Iter-200/706	loss 0.0228 (0.0730)	accu 1.000 (0.971)	
Train Epoch-28  Iter-225/706	loss 0.0251 (0.0704)	accu 1.000 (0.973)	
Train Epoch-28  Iter-250/706	loss 0.0599 (0.0728)	accu 1.000 (0.972)	
Train Epoch-28  Iter-275/706	loss 0.0687 (0.0724)	accu 1.000 (0.972)	
Train Epoch-28  Iter-300/706	loss 0.0215 (0.0719)	accu 1.000 (0.972)	
Train Epoch-28  Iter-325/706	loss 0.1362 (0.0695)	accu 1.000 (0.973)	
Train Epoch-28  Iter-350/706	loss 0.0007 (0.0685)	accu 1.000 (0.974)	
Train Epoch-28  Iter-375/706	loss 0.0022 (0.0680)	accu 1.000 (0.974)	
Train Epoch-28  Iter-400/706	loss 0.2147 (0.0663)	accu 0.875 (0.974)	
Train Epoch-28  Iter-425/706	loss 0.0290 (0.0654)	accu 1.000 (0.974)	
Train Epoch-28  Iter-450/706	loss 0.0054 (0.0670)	accu 1.000 (0.974)	
Train Epoch-28  Iter-475/706	loss 0.0056 (0.0662)	accu 1.000 (0.974)	
Train Epoch-28  Iter-500/706	loss 0.0031 (0.0659)	accu 1.000 (0.974)	
Train Epoch-28  Iter-525/706	loss 0.0375 (0.0665)	accu 1.000 (0.974)	
Train Epoch-28  Iter-550/706	loss 0.1326 (0.0656)	accu 0.875 (0.974)	
Train Epoch-28  Iter-575/706	loss 0.1721 (0.0665)	accu 0.875 (0.974)	
Train Epoch-28  Iter-600/706	loss 0.0212 (0.0662)	accu 1.000 (0.973)	
Train Epoch-28  Iter-625/706	loss 0.0289 (0.0647)	accu 1.000 (0.974)	
Train Epoch-28  Iter-650/706	loss 0.0033 (0.0642)	accu 1.000 (0.974)	
Train Epoch-28  Iter-675/706	loss 0.0246 (0.0644)	accu 1.000 (0.974)	
Train Epoch-28  Iter-700/706	loss 0.2360 (0.0636)	accu 0.875 (0.975)	
Eval Epoch-28  Iter-0  /52 	loss 0.3858 (0.3858)	accu 0.625 (0.625)	
Eval Epoch-28  Iter-25 /52 	loss 0.0215 (0.6080)	accu 1.000 (0.755)	
Eval Epoch-28  Iter-50 /52 	loss 1.2705 (0.6732)	accu 0.750 (0.767)	
Epoch-28  Train: loss 0.0643	accu 0.9743	Eval: loss 0.6890	accu 0.7620
Train Epoch-29  Iter-0  /706	loss 0.0048 (0.0048)	accu 1.000 (1.000)	
Train Epoch-29  Iter-25 /706	loss 0.0352 (0.0305)	accu 1.000 (0.995)	
Train Epoch-29  Iter-50 /706	loss 0.0040 (0.0487)	accu 1.000 (0.983)	
Train Epoch-29  Iter-75 /706	loss 0.0219 (0.0451)	accu 1.000 (0.985)	
Train Epoch-29  Iter-100/706	loss 0.0035 (0.0452)	accu 1.000 (0.986)	
Train Epoch-29  Iter-125/706	loss 0.0115 (0.0444)	accu 1.000 (0.987)	
Train Epoch-29  Iter-150/706	loss 0.0010 (0.0414)	accu 1.000 (0.988)	
Train Epoch-29  Iter-175/706	loss 0.0086 (0.0452)	accu 1.000 (0.987)	
Train Epoch-29  Iter-200/706	loss 0.0077 (0.0462)	accu 1.000 (0.985)	
Train Epoch-29  Iter-225/706	loss 0.0094 (0.0490)	accu 1.000 (0.984)	
Train Epoch-29  Iter-250/706	loss 0.0102 (0.0559)	accu 1.000 (0.982)	
Train Epoch-29  Iter-275/706	loss 0.0101 (0.0582)	accu 1.000 (0.980)	
Train Epoch-29  Iter-300/706	loss 0.2632 (0.0567)	accu 0.875 (0.980)	
Train Epoch-29  Iter-325/706	loss 0.0219 (0.0561)	accu 1.000 (0.980)	
Train Epoch-29  Iter-350/706	loss 0.0078 (0.0574)	accu 1.000 (0.979)	
Train Epoch-29  Iter-375/706	loss 0.0334 (0.0568)	accu 1.000 (0.979)	
Train Epoch-29  Iter-400/706	loss 0.0318 (0.0554)	accu 1.000 (0.979)	
Train Epoch-29  Iter-425/706	loss 0.0203 (0.0590)	accu 1.000 (0.979)	
Train Epoch-29  Iter-450/706	loss 0.2938 (0.0592)	accu 0.875 (0.979)	
Train Epoch-29  Iter-475/706	loss 0.0293 (0.0599)	accu 1.000 (0.978)	
Train Epoch-29  Iter-500/706	loss 0.0029 (0.0608)	accu 1.000 (0.978)	
Train Epoch-29  Iter-525/706	loss 0.0633 (0.0618)	accu 1.000 (0.977)	
Train Epoch-29  Iter-550/706	loss 0.0369 (0.0624)	accu 1.000 (0.977)	
Train Epoch-29  Iter-575/706	loss 0.0021 (0.0621)	accu 1.000 (0.977)	
Train Epoch-29  Iter-600/706	loss 0.0233 (0.0614)	accu 1.000 (0.978)	
Train Epoch-29  Iter-625/706	loss 0.0119 (0.0631)	accu 1.000 (0.977)	
Train Epoch-29  Iter-650/706	loss 0.0247 (0.0652)	accu 1.000 (0.977)	
Train Epoch-29  Iter-675/706	loss 0.0250 (0.0650)	accu 1.000 (0.977)	
Train Epoch-29  Iter-700/706	loss 0.0963 (0.0648)	accu 0.875 (0.977)	
Eval Epoch-29  Iter-0  /52 	loss 0.3865 (0.3865)	accu 0.625 (0.625)	
Eval Epoch-29  Iter-25 /52 	loss 0.0215 (0.6088)	accu 1.000 (0.755)	
Eval Epoch-29  Iter-50 /52 	loss 1.2704 (0.6735)	accu 0.750 (0.767)	
Epoch-29  Train: loss 0.0649	accu 0.9766	Eval: loss 0.6893	accu 0.7620
Eval Epoch-0   Iter-0  /52 	loss 0.6336 (0.6336)	accu 0.750 (0.750)	
Eval Epoch-0   Iter-25 /52 	loss 0.1653 (0.4475)	accu 1.000 (0.740)	
Eval Epoch-0   Iter-50 /52 	loss 0.4541 (0.4066)	accu 0.875 (0.792)	
Eval: loss 0.4183	accu 0.7909
Test Epoch-0   Iter-0  /59 	loss 0.6626 (0.6626)	accu 0.625 (0.625)	
Test Epoch-0   Iter-25 /59 	loss 0.8825 (0.6684)	accu 0.500 (0.639)	
Test Epoch-0   Iter-50 /59 	loss 0.2601 (0.5980)	accu 0.875 (0.721)	
Test: loss 0.5733	accu 0.7394
wandb: Waiting for W&B process to finish... (success).
wandb: 
wandb: Run history:
wandb:   Eval Acc ▇▇▇██▆▁▇▄▆▆▆▇▆▆▆▇▆▇▇▇▇▇▇▇▇▇▇▇▇
wandb:  Eval Loss ▄▂▁▁▃▄█▆▅▄▅▄▄▃▃▄▄▄▄▄▄▄▄▄▄▄▄▄▄▄
wandb:  Train Acc ▁▆▆▆▇▇▇▇▇▇████████████████████
wandb: Train Loss █▄▃▃▃▃▃▂▂▂▂▁▁▁▁▁▁▁▁▁▁▁▁▁▁▁▁▁▁▁
wandb: 
wandb: Run summary:
wandb:   Eval Acc 0.76202
wandb:  Eval Loss 0.68933
wandb:  Train Acc 0.97663
wandb: Train Loss 0.06489
wandb: 
wandb: 🚀 View run worthy-firefly-260 at: https://wandb.ai/is_project/vision_models/runs/kepj2y58
wandb: Synced 6 W&B file(s), 0 media file(s), 2 artifact file(s) and 0 other file(s)
wandb: Find logs at: ./wandb/run-20230612_181636-kepj2y58/logs
