Namespace(add_comment=True, add_description=True, add_other_comments=True, add_title=True, add_transcription=True, add_video=True, batch_size=8, clip_embeedings_path='data/CLIP_embeddings', debug=False, desc_keyphrase_extract=True, desc_token_count=80, freeze_lf_layers=23, gpu='1', lr=0.0003, max_epochs=30, max_len=512, metadata_path='data/extra_data_trans.csv', model='bert-large-cased', multitask=False, num_workers=0, other_comments_path='data/extra_data_other_comments.csv', other_comments_token_count=512, pad_metadata=True, remove_none=False, test_question_file='data/with_aug_ttv/test.csv', title_token_count=40, train_question_file='data/with_aug_ttv/train.csv', transcript_keyphrase_extract=True, transcript_token_count=200, validation_question_file='data/with_aug_ttv/eval.csv', video_path='data/videos/', work_dir='model_comment/')
wandb: Currently logged in as: shrey2809 (is_project). Use `wandb login --relogin` to force relogin
wandb: Tracking run with wandb version 0.15.4
wandb: Run data is saved locally in /scratch/AzureNfsServer_INPUT1/vc_data/users/gmanish/multiModalHate/IS-Hate-Speech/wandb/run-20230612_181340-n7uw036p
wandb: Run `wandb offline` to turn off syncing.
wandb: Syncing run devout-blaze-255
wandb: ⭐️ View project at https://wandb.ai/is_project/vision_models
wandb: 🚀 View run at https://wandb.ai/is_project/vision_models/runs/n7uw036p
number of available devices: 1
obtained dataloaders
Some weights of the model checkpoint at bert-large-cased were not used when initializing BertModel: ['cls.predictions.transform.LayerNorm.bias', 'cls.predictions.transform.dense.bias', 'cls.seq_relationship.bias', 'cls.predictions.decoder.weight', 'cls.seq_relationship.weight', 'cls.predictions.transform.LayerNorm.weight', 'cls.predictions.bias', 'cls.predictions.transform.dense.weight']
- This IS expected if you are initializing BertModel from the checkpoint of a model trained on another task or with another architecture (e.g. initializing a BertForSequenceClassification model from a BertForPreTraining model).
- This IS NOT expected if you are initializing BertModel from the checkpoint of a model that you expect to be exactly identical (initializing a BertForSequenceClassification model from a BertForSequenceClassification model).
loaded models
Train Epoch-0   Iter-0  /706	loss 0.6973 (0.6973)	accu 0.500 (0.500)	
Train Epoch-0   Iter-25 /706	loss 0.6927 (0.7316)	accu 0.500 (0.447)	
Train Epoch-0   Iter-50 /706	loss 0.7384 (0.6942)	accu 0.625 (0.529)	
Train Epoch-0   Iter-75 /706	loss 0.6799 (0.6529)	accu 0.750 (0.600)	
Train Epoch-0   Iter-100/706	loss 0.5848 (0.6322)	accu 0.875 (0.626)	
Train Epoch-0   Iter-125/706	loss 0.4090 (0.6106)	accu 0.875 (0.649)	
Train Epoch-0   Iter-150/706	loss 0.3699 (0.5972)	accu 0.750 (0.672)	
Train Epoch-0   Iter-175/706	loss 0.4057 (0.5823)	accu 0.875 (0.690)	
Train Epoch-0   Iter-200/706	loss 0.3857 (0.5606)	accu 0.875 (0.710)	
Train Epoch-0   Iter-225/706	loss 0.4066 (0.5510)	accu 0.750 (0.719)	
Train Epoch-0   Iter-250/706	loss 0.2249 (0.5453)	accu 1.000 (0.726)	
Train Epoch-0   Iter-275/706	loss 0.1630 (0.5336)	accu 1.000 (0.734)	
Train Epoch-0   Iter-300/706	loss 1.2409 (0.5236)	accu 0.375 (0.743)	
Train Epoch-0   Iter-325/706	loss 0.2958 (0.5193)	accu 0.875 (0.747)	
Train Epoch-0   Iter-350/706	loss 0.2813 (0.5063)	accu 0.875 (0.756)	
Train Epoch-0   Iter-375/706	loss 0.4190 (0.5020)	accu 0.750 (0.761)	
Train Epoch-0   Iter-400/706	loss 0.4404 (0.4969)	accu 0.750 (0.762)	
Train Epoch-0   Iter-425/706	loss 0.4225 (0.4895)	accu 0.875 (0.768)	
Train Epoch-0   Iter-450/706	loss 0.0825 (0.4839)	accu 1.000 (0.772)	
Train Epoch-0   Iter-475/706	loss 0.3125 (0.4765)	accu 0.875 (0.777)	
Train Epoch-0   Iter-500/706	loss 0.2151 (0.4691)	accu 1.000 (0.781)	
Train Epoch-0   Iter-525/706	loss 0.6137 (0.4605)	accu 0.750 (0.786)	
Train Epoch-0   Iter-550/706	loss 0.2248 (0.4509)	accu 0.875 (0.792)	
Train Epoch-0   Iter-575/706	loss 0.3523 (0.4452)	accu 0.875 (0.796)	
Train Epoch-0   Iter-600/706	loss 0.0331 (0.4366)	accu 1.000 (0.801)	
Train Epoch-0   Iter-625/706	loss 0.0736 (0.4294)	accu 1.000 (0.805)	
Train Epoch-0   Iter-650/706	loss 0.2872 (0.4220)	accu 0.750 (0.809)	
Train Epoch-0   Iter-675/706	loss 0.0327 (0.4137)	accu 1.000 (0.813)	
Train Epoch-0   Iter-700/706	loss 0.8803 (0.4085)	accu 0.750 (0.816)	
Eval Epoch-0   Iter-0  /52 	loss 0.7055 (0.7055)	accu 0.750 (0.750)	
Eval Epoch-0   Iter-25 /52 	loss 0.5855 (0.7694)	accu 0.750 (0.596)	
Eval Epoch-0   Iter-50 /52 	loss 0.1125 (0.5559)	accu 1.000 (0.718)	
Epoch-0   Train: loss 0.4080	accu 0.8163	Eval: loss 0.5501	accu 0.7212
Train Epoch-1   Iter-0  /706	loss 0.5612 (0.5612)	accu 0.875 (0.875)	
Train Epoch-1   Iter-25 /706	loss 0.2820 (0.2894)	accu 0.875 (0.904)	
Train Epoch-1   Iter-50 /706	loss 0.0490 (0.2629)	accu 1.000 (0.909)	
Train Epoch-1   Iter-75 /706	loss 0.0756 (0.2464)	accu 1.000 (0.914)	
Train Epoch-1   Iter-100/706	loss 0.0439 (0.2428)	accu 1.000 (0.912)	
Train Epoch-1   Iter-125/706	loss 0.3073 (0.2553)	accu 0.875 (0.903)	
Train Epoch-1   Iter-150/706	loss 0.6922 (0.2404)	accu 0.750 (0.909)	
Train Epoch-1   Iter-175/706	loss 0.1231 (0.2358)	accu 1.000 (0.911)	
Train Epoch-1   Iter-200/706	loss 0.2719 (0.2395)	accu 0.875 (0.911)	
Train Epoch-1   Iter-225/706	loss 0.8945 (0.2407)	accu 0.625 (0.911)	
Train Epoch-1   Iter-250/706	loss 0.3046 (0.2415)	accu 0.875 (0.910)	
Train Epoch-1   Iter-275/706	loss 0.0079 (0.2389)	accu 1.000 (0.910)	
Train Epoch-1   Iter-300/706	loss 0.1951 (0.2500)	accu 1.000 (0.908)	
Train Epoch-1   Iter-325/706	loss 0.7381 (0.2539)	accu 0.750 (0.905)	
Train Epoch-1   Iter-350/706	loss 0.0166 (0.2498)	accu 1.000 (0.906)	
Train Epoch-1   Iter-375/706	loss 0.8715 (0.2581)	accu 0.750 (0.906)	
Train Epoch-1   Iter-400/706	loss 0.7275 (0.2602)	accu 0.750 (0.906)	
Train Epoch-1   Iter-425/706	loss 0.0544 (0.2646)	accu 1.000 (0.905)	
Train Epoch-1   Iter-450/706	loss 0.0704 (0.2732)	accu 1.000 (0.902)	
Train Epoch-1   Iter-475/706	loss 0.4888 (0.2770)	accu 0.875 (0.901)	
Train Epoch-1   Iter-500/706	loss 0.1347 (0.2823)	accu 1.000 (0.899)	
Train Epoch-1   Iter-525/706	loss 0.0700 (0.2787)	accu 1.000 (0.901)	
Train Epoch-1   Iter-550/706	loss 0.0309 (0.2776)	accu 1.000 (0.902)	
Train Epoch-1   Iter-575/706	loss 0.0614 (0.2762)	accu 1.000 (0.902)	
Train Epoch-1   Iter-600/706	loss 0.1603 (0.2751)	accu 0.875 (0.902)	
Train Epoch-1   Iter-625/706	loss 0.0289 (0.2732)	accu 1.000 (0.903)	
Train Epoch-1   Iter-650/706	loss 0.2893 (0.2709)	accu 0.875 (0.904)	
Train Epoch-1   Iter-675/706	loss 0.5344 (0.2714)	accu 0.750 (0.904)	
Train Epoch-1   Iter-700/706	loss 0.4509 (0.2688)	accu 0.875 (0.905)	
Eval Epoch-1   Iter-0  /52 	loss 0.4272 (0.4272)	accu 0.750 (0.750)	
Eval Epoch-1   Iter-25 /52 	loss 0.0656 (0.8566)	accu 1.000 (0.659)	
Eval Epoch-1   Iter-50 /52 	loss 0.6322 (0.7031)	accu 0.625 (0.725)	
Epoch-1   Train: loss 0.2689	accu 0.9047	Eval: loss 0.7024	accu 0.7260
Train Epoch-2   Iter-0  /706	loss 0.3043 (0.3043)	accu 0.875 (0.875)	
Train Epoch-2   Iter-25 /706	loss 0.0350 (0.2310)	accu 1.000 (0.928)	
Train Epoch-2   Iter-50 /706	loss 0.2461 (0.2463)	accu 0.875 (0.926)	
Train Epoch-2   Iter-75 /706	loss 0.1184 (0.2111)	accu 0.875 (0.934)	
Train Epoch-2   Iter-100/706	loss 0.5366 (0.1965)	accu 0.875 (0.941)	
Train Epoch-2   Iter-125/706	loss 0.3674 (0.2009)	accu 0.875 (0.938)	
Train Epoch-2   Iter-150/706	loss 0.0341 (0.2040)	accu 1.000 (0.935)	
Train Epoch-2   Iter-175/706	loss 0.1793 (0.2077)	accu 0.875 (0.930)	
Train Epoch-2   Iter-200/706	loss 0.2241 (0.2118)	accu 0.875 (0.927)	
Train Epoch-2   Iter-225/706	loss 0.0097 (0.2118)	accu 1.000 (0.927)	
Train Epoch-2   Iter-250/706	loss 0.2714 (0.2161)	accu 0.875 (0.925)	
Train Epoch-2   Iter-275/706	loss 0.0219 (0.2129)	accu 1.000 (0.928)	
Train Epoch-2   Iter-300/706	loss 0.1439 (0.2141)	accu 0.875 (0.928)	
Train Epoch-2   Iter-325/706	loss 0.5019 (0.2144)	accu 0.875 (0.928)	
Train Epoch-2   Iter-350/706	loss 0.0548 (0.2074)	accu 1.000 (0.931)	
Train Epoch-2   Iter-375/706	loss 0.0389 (0.2055)	accu 1.000 (0.932)	
Train Epoch-2   Iter-400/706	loss 0.1593 (0.2061)	accu 1.000 (0.931)	
Train Epoch-2   Iter-425/706	loss 0.1559 (0.2064)	accu 0.875 (0.931)	
Train Epoch-2   Iter-450/706	loss 0.4107 (0.2071)	accu 0.875 (0.932)	
Train Epoch-2   Iter-475/706	loss 0.0351 (0.2049)	accu 1.000 (0.933)	
Train Epoch-2   Iter-500/706	loss 0.0748 (0.2044)	accu 1.000 (0.933)	
Train Epoch-2   Iter-525/706	loss 0.2398 (0.2048)	accu 0.875 (0.932)	
Train Epoch-2   Iter-550/706	loss 0.1625 (0.2026)	accu 0.875 (0.933)	
Train Epoch-2   Iter-575/706	loss 0.0588 (0.2034)	accu 1.000 (0.933)	
Train Epoch-2   Iter-600/706	loss 0.0630 (0.2029)	accu 1.000 (0.934)	
Train Epoch-2   Iter-625/706	loss 0.0603 (0.2032)	accu 1.000 (0.934)	
Train Epoch-2   Iter-650/706	loss 0.2003 (0.2007)	accu 0.875 (0.935)	
Train Epoch-2   Iter-675/706	loss 0.1104 (0.1995)	accu 1.000 (0.935)	
Train Epoch-2   Iter-700/706	loss 0.0249 (0.1967)	accu 1.000 (0.935)	
Eval Epoch-2   Iter-0  /52 	loss 0.8945 (0.8945)	accu 0.750 (0.750)	
Eval Epoch-2   Iter-25 /52 	loss 0.3569 (1.2563)	accu 0.625 (0.582)	
Eval Epoch-2   Iter-50 /52 	loss 0.1942 (0.8723)	accu 1.000 (0.703)	
Epoch-2   Train: loss 0.1960	accu 0.9359	Eval: loss 0.8672	accu 0.6995
Train Epoch-3   Iter-0  /706	loss 0.0103 (0.0103)	accu 1.000 (1.000)	
Train Epoch-3   Iter-25 /706	loss 0.4010 (0.1894)	accu 0.875 (0.923)	
Train Epoch-3   Iter-50 /706	loss 0.0485 (0.1564)	accu 1.000 (0.944)	
Train Epoch-3   Iter-75 /706	loss 0.1931 (0.1528)	accu 0.875 (0.941)	
Train Epoch-3   Iter-100/706	loss 0.4054 (0.1798)	accu 0.875 (0.928)	
Train Epoch-3   Iter-125/706	loss 0.0322 (0.1922)	accu 1.000 (0.928)	
Train Epoch-3   Iter-150/706	loss 0.1255 (0.1892)	accu 1.000 (0.928)	
Train Epoch-3   Iter-175/706	loss 0.0057 (0.1723)	accu 1.000 (0.935)	
Train Epoch-3   Iter-200/706	loss 0.0860 (0.1789)	accu 1.000 (0.934)	
Train Epoch-3   Iter-225/706	loss 0.3247 (0.1986)	accu 0.875 (0.928)	
Train Epoch-3   Iter-250/706	loss 0.0410 (0.2000)	accu 1.000 (0.927)	
Train Epoch-3   Iter-275/706	loss 0.0398 (0.2057)	accu 1.000 (0.926)	
Train Epoch-3   Iter-300/706	loss 0.2553 (0.2069)	accu 0.875 (0.925)	
Train Epoch-3   Iter-325/706	loss 0.0216 (0.1999)	accu 1.000 (0.928)	
Train Epoch-3   Iter-350/706	loss 0.0348 (0.1951)	accu 1.000 (0.930)	
Train Epoch-3   Iter-375/706	loss 0.0211 (0.1945)	accu 1.000 (0.931)	
Train Epoch-3   Iter-400/706	loss 0.1275 (0.2015)	accu 0.875 (0.929)	
Train Epoch-3   Iter-425/706	loss 0.0543 (0.2043)	accu 1.000 (0.927)	
Train Epoch-3   Iter-450/706	loss 0.0272 (0.2034)	accu 1.000 (0.928)	
Train Epoch-3   Iter-475/706	loss 0.0151 (0.2005)	accu 1.000 (0.928)	
Train Epoch-3   Iter-500/706	loss 0.1558 (0.1973)	accu 0.875 (0.929)	
Train Epoch-3   Iter-525/706	loss 0.0111 (0.1935)	accu 1.000 (0.931)	
Train Epoch-3   Iter-550/706	loss 0.1732 (0.1955)	accu 0.875 (0.930)	
Train Epoch-3   Iter-575/706	loss 0.1367 (0.1950)	accu 0.875 (0.930)	
Train Epoch-3   Iter-600/706	loss 0.3941 (0.1950)	accu 0.875 (0.929)	
Train Epoch-3   Iter-625/706	loss 0.1728 (0.1928)	accu 0.875 (0.931)	
Train Epoch-3   Iter-650/706	loss 0.6122 (0.1905)	accu 0.875 (0.932)	
Train Epoch-3   Iter-675/706	loss 0.0200 (0.1896)	accu 1.000 (0.932)	
Train Epoch-3   Iter-700/706	loss 0.1829 (0.1921)	accu 0.875 (0.931)	
Eval Epoch-3   Iter-0  /52 	loss 1.0225 (1.0225)	accu 0.750 (0.750)	
Eval Epoch-3   Iter-25 /52 	loss 0.1420 (0.7513)	accu 1.000 (0.659)	
Eval Epoch-3   Iter-50 /52 	loss 0.3145 (0.6855)	accu 0.875 (0.721)	
Epoch-3   Train: loss 0.1917	accu 0.9315	Eval: loss 0.6948	accu 0.7163
Train Epoch-4   Iter-0  /706	loss 0.0166 (0.0166)	accu 1.000 (1.000)	
Train Epoch-4   Iter-25 /706	loss 0.0225 (0.0524)	accu 1.000 (0.976)	
Train Epoch-4   Iter-50 /706	loss 0.2031 (0.0825)	accu 0.750 (0.963)	
Train Epoch-4   Iter-75 /706	loss 0.0510 (0.0988)	accu 1.000 (0.961)	
Train Epoch-4   Iter-100/706	loss 0.6967 (0.1166)	accu 0.875 (0.953)	
Train Epoch-4   Iter-125/706	loss 0.0140 (0.1172)	accu 1.000 (0.951)	
Train Epoch-4   Iter-150/706	loss 0.0086 (0.1132)	accu 1.000 (0.954)	
Train Epoch-4   Iter-175/706	loss 0.4715 (0.1199)	accu 0.875 (0.954)	
Train Epoch-4   Iter-200/706	loss 0.0658 (0.1229)	accu 1.000 (0.953)	
Train Epoch-4   Iter-225/706	loss 0.1687 (0.1265)	accu 0.875 (0.954)	
Train Epoch-4   Iter-250/706	loss 0.6728 (0.1575)	accu 0.625 (0.935)	
Train Epoch-4   Iter-275/706	loss 0.3305 (0.1607)	accu 0.875 (0.934)	
Train Epoch-4   Iter-300/706	loss 0.0745 (0.1604)	accu 1.000 (0.934)	
Train Epoch-4   Iter-325/706	loss 0.1629 (0.1589)	accu 1.000 (0.935)	
Train Epoch-4   Iter-350/706	loss 0.0572 (0.1623)	accu 1.000 (0.934)	
Train Epoch-4   Iter-375/706	loss 0.0163 (0.1626)	accu 1.000 (0.935)	
Train Epoch-4   Iter-400/706	loss 0.1201 (0.1633)	accu 1.000 (0.934)	
Train Epoch-4   Iter-425/706	loss 0.0071 (0.1643)	accu 1.000 (0.934)	
Train Epoch-4   Iter-450/706	loss 0.0385 (0.1642)	accu 1.000 (0.934)	
Train Epoch-4   Iter-475/706	loss 0.0330 (0.1629)	accu 1.000 (0.936)	
Train Epoch-4   Iter-500/706	loss 0.0151 (0.1607)	accu 1.000 (0.937)	
Train Epoch-4   Iter-525/706	loss 0.3243 (0.1615)	accu 0.875 (0.936)	
Train Epoch-4   Iter-550/706	loss 0.0430 (0.1599)	accu 1.000 (0.937)	
Train Epoch-4   Iter-575/706	loss 0.2380 (0.1629)	accu 0.875 (0.936)	
Train Epoch-4   Iter-600/706	loss 0.0191 (0.1602)	accu 1.000 (0.937)	
Train Epoch-4   Iter-625/706	loss 0.1676 (0.1585)	accu 0.875 (0.938)	
Train Epoch-4   Iter-650/706	loss 0.0774 (0.1568)	accu 1.000 (0.940)	
Train Epoch-4   Iter-675/706	loss 0.0525 (0.1580)	accu 1.000 (0.939)	
Train Epoch-4   Iter-700/706	loss 0.0885 (0.1559)	accu 1.000 (0.940)	
Eval Epoch-4   Iter-0  /52 	loss 0.9374 (0.9374)	accu 0.750 (0.750)	
Eval Epoch-4   Iter-25 /52 	loss 0.1755 (1.2381)	accu 0.875 (0.538)	
Eval Epoch-4   Iter-50 /52 	loss 0.8851 (1.0041)	accu 0.875 (0.659)	
Epoch-4   Train: loss 0.1551	accu 0.9402	Eval: loss 1.0208	accu 0.6587
Train Epoch-5   Iter-0  /706	loss 0.2903 (0.2903)	accu 0.875 (0.875)	
Train Epoch-5   Iter-25 /706	loss 0.0454 (0.1706)	accu 1.000 (0.947)	
Train Epoch-5   Iter-50 /706	loss 0.0817 (0.1579)	accu 1.000 (0.944)	
Train Epoch-5   Iter-75 /706	loss 0.0433 (0.1511)	accu 1.000 (0.949)	
Train Epoch-5   Iter-100/706	loss 0.2195 (0.1433)	accu 0.875 (0.952)	
Train Epoch-5   Iter-125/706	loss 0.3817 (0.1556)	accu 0.750 (0.948)	
Train Epoch-5   Iter-150/706	loss 0.2182 (0.1570)	accu 0.875 (0.945)	
Train Epoch-5   Iter-175/706	loss 1.2494 (0.1498)	accu 0.750 (0.948)	
Train Epoch-5   Iter-200/706	loss 0.3335 (0.1447)	accu 0.875 (0.950)	
Train Epoch-5   Iter-225/706	loss 0.0150 (0.1413)	accu 1.000 (0.950)	
Train Epoch-5   Iter-250/706	loss 0.0151 (0.1465)	accu 1.000 (0.946)	
Train Epoch-5   Iter-275/706	loss 0.0798 (0.1457)	accu 1.000 (0.947)	
Train Epoch-5   Iter-300/706	loss 0.0113 (0.1421)	accu 1.000 (0.949)	
Train Epoch-5   Iter-325/706	loss 0.0306 (0.1376)	accu 1.000 (0.951)	
Train Epoch-5   Iter-350/706	loss 0.2557 (0.1405)	accu 0.750 (0.950)	
Train Epoch-5   Iter-375/706	loss 0.1096 (0.1451)	accu 1.000 (0.946)	
Train Epoch-5   Iter-400/706	loss 0.2413 (0.1472)	accu 0.875 (0.946)	
Train Epoch-5   Iter-425/706	loss 0.0428 (0.1522)	accu 1.000 (0.943)	
Train Epoch-5   Iter-450/706	loss 0.3814 (0.1539)	accu 0.750 (0.942)	
Train Epoch-5   Iter-475/706	loss 0.4405 (0.1574)	accu 0.875 (0.941)	
Train Epoch-5   Iter-500/706	loss 0.0328 (0.1547)	accu 1.000 (0.943)	
Train Epoch-5   Iter-525/706	loss 0.0285 (0.1513)	accu 1.000 (0.944)	
Train Epoch-5   Iter-550/706	loss 0.0144 (0.1494)	accu 1.000 (0.945)	
Train Epoch-5   Iter-575/706	loss 0.0438 (0.1532)	accu 1.000 (0.944)	
Train Epoch-5   Iter-600/706	loss 0.5875 (0.1524)	accu 0.875 (0.945)	
Train Epoch-5   Iter-625/706	loss 0.0081 (0.1524)	accu 1.000 (0.945)	
Train Epoch-5   Iter-650/706	loss 0.0654 (0.1544)	accu 1.000 (0.945)	
Train Epoch-5   Iter-675/706	loss 0.0219 (0.1525)	accu 1.000 (0.945)	
Train Epoch-5   Iter-700/706	loss 0.0518 (0.1523)	accu 1.000 (0.946)	
Eval Epoch-5   Iter-0  /52 	loss 0.6340 (0.6340)	accu 0.750 (0.750)	
Eval Epoch-5   Iter-25 /52 	loss 0.1433 (0.7040)	accu 0.875 (0.663)	
Eval Epoch-5   Iter-50 /52 	loss 0.5426 (0.7767)	accu 0.875 (0.689)	
Epoch-5   Train: loss 0.1516	accu 0.9462	Eval: loss 0.8107	accu 0.6851
Train Epoch-6   Iter-0  /706	loss 0.0091 (0.0091)	accu 1.000 (1.000)	
Train Epoch-6   Iter-25 /706	loss 0.0446 (0.0843)	accu 1.000 (0.966)	
Train Epoch-6   Iter-50 /706	loss 0.1653 (0.1191)	accu 0.875 (0.961)	
Train Epoch-6   Iter-75 /706	loss 0.1892 (0.1178)	accu 0.875 (0.959)	
Train Epoch-6   Iter-100/706	loss 0.5519 (0.1342)	accu 0.875 (0.948)	
Train Epoch-6   Iter-125/706	loss 0.0165 (0.1285)	accu 1.000 (0.952)	
Train Epoch-6   Iter-150/706	loss 0.3347 (0.1256)	accu 0.875 (0.955)	
Train Epoch-6   Iter-175/706	loss 0.0106 (0.1182)	accu 1.000 (0.960)	
Train Epoch-6   Iter-200/706	loss 0.0920 (0.1187)	accu 1.000 (0.960)	
Train Epoch-6   Iter-225/706	loss 0.0148 (0.1164)	accu 1.000 (0.961)	
Train Epoch-6   Iter-250/706	loss 0.0445 (0.1226)	accu 1.000 (0.959)	
Train Epoch-6   Iter-275/706	loss 0.1088 (0.1227)	accu 1.000 (0.960)	
Train Epoch-6   Iter-300/706	loss 0.1426 (0.1203)	accu 0.875 (0.960)	
Train Epoch-6   Iter-325/706	loss 0.0087 (0.1186)	accu 1.000 (0.961)	
Train Epoch-6   Iter-350/706	loss 0.0434 (0.1202)	accu 1.000 (0.961)	
Train Epoch-6   Iter-375/706	loss 0.0551 (0.1211)	accu 1.000 (0.961)	
Train Epoch-6   Iter-400/706	loss 0.4731 (0.1233)	accu 0.750 (0.960)	
Train Epoch-6   Iter-425/706	loss 0.0503 (0.1228)	accu 1.000 (0.960)	
Train Epoch-6   Iter-450/706	loss 0.0712 (0.1210)	accu 1.000 (0.961)	
Train Epoch-6   Iter-475/706	loss 0.1244 (0.1244)	accu 0.875 (0.960)	
Train Epoch-6   Iter-500/706	loss 0.0354 (0.1239)	accu 1.000 (0.960)	
Train Epoch-6   Iter-525/706	loss 0.0303 (0.1241)	accu 1.000 (0.960)	
Train Epoch-6   Iter-550/706	loss 0.1892 (0.1241)	accu 0.875 (0.959)	
Train Epoch-6   Iter-575/706	loss 0.0330 (0.1233)	accu 1.000 (0.960)	
Train Epoch-6   Iter-600/706	loss 0.0268 (0.1278)	accu 1.000 (0.958)	
Train Epoch-6   Iter-625/706	loss 0.2060 (0.1359)	accu 0.875 (0.955)	
Train Epoch-6   Iter-650/706	loss 0.3146 (0.1430)	accu 0.750 (0.952)	
Train Epoch-6   Iter-675/706	loss 0.2947 (0.1446)	accu 0.875 (0.951)	
Train Epoch-6   Iter-700/706	loss 0.3060 (0.1464)	accu 0.875 (0.950)	
Eval Epoch-6   Iter-0  /52 	loss 0.7546 (0.7546)	accu 0.750 (0.750)	
Eval Epoch-6   Iter-25 /52 	loss 0.4621 (1.4945)	accu 0.625 (0.418)	
Eval Epoch-6   Iter-50 /52 	loss 0.3976 (1.0213)	accu 0.750 (0.596)	
Epoch-6   Train: loss 0.1474	accu 0.9496	Eval: loss 1.0287	accu 0.5938
Epoch     7: reducing learning rate of group 0 to 3.0000e-05.
Train Epoch-7   Iter-0  /706	loss 0.4725 (0.4725)	accu 0.875 (0.875)	
Train Epoch-7   Iter-25 /706	loss 0.3385 (0.1984)	accu 0.875 (0.942)	
Train Epoch-7   Iter-50 /706	loss 0.3263 (0.1802)	accu 0.875 (0.941)	
Train Epoch-7   Iter-75 /706	loss 0.1032 (0.1970)	accu 1.000 (0.928)	
Train Epoch-7   Iter-100/706	loss 0.1713 (0.1875)	accu 0.875 (0.931)	
Train Epoch-7   Iter-125/706	loss 0.0713 (0.1781)	accu 1.000 (0.934)	
Train Epoch-7   Iter-150/706	loss 0.1731 (0.1871)	accu 0.875 (0.928)	
Train Epoch-7   Iter-175/706	loss 0.2711 (0.1872)	accu 0.875 (0.929)	
Train Epoch-7   Iter-200/706	loss 0.2565 (0.1826)	accu 0.750 (0.931)	
Train Epoch-7   Iter-225/706	loss 0.0172 (0.1834)	accu 1.000 (0.930)	
Train Epoch-7   Iter-250/706	loss 0.1078 (0.1803)	accu 0.875 (0.932)	
Train Epoch-7   Iter-275/706	loss 0.0295 (0.1794)	accu 1.000 (0.934)	
Train Epoch-7   Iter-300/706	loss 0.1231 (0.1821)	accu 0.875 (0.932)	
Train Epoch-7   Iter-325/706	loss 0.0237 (0.1744)	accu 1.000 (0.936)	
Train Epoch-7   Iter-350/706	loss 0.6616 (0.1750)	accu 0.750 (0.936)	
Train Epoch-7   Iter-375/706	loss 0.0706 (0.1752)	accu 1.000 (0.936)	
Train Epoch-7   Iter-400/706	loss 0.2478 (0.1736)	accu 0.750 (0.935)	
Train Epoch-7   Iter-425/706	loss 0.4551 (0.1722)	accu 0.875 (0.936)	
Train Epoch-7   Iter-450/706	loss 0.0201 (0.1712)	accu 1.000 (0.936)	
Train Epoch-7   Iter-475/706	loss 0.4809 (0.1724)	accu 0.750 (0.935)	
Train Epoch-7   Iter-500/706	loss 0.1198 (0.1723)	accu 0.875 (0.935)	
Train Epoch-7   Iter-525/706	loss 0.0382 (0.1695)	accu 1.000 (0.936)	
Train Epoch-7   Iter-550/706	loss 0.4978 (0.1679)	accu 0.875 (0.937)	
Train Epoch-7   Iter-575/706	loss 0.0299 (0.1668)	accu 1.000 (0.937)	
Train Epoch-7   Iter-600/706	loss 0.5109 (0.1659)	accu 0.875 (0.938)	
Train Epoch-7   Iter-625/706	loss 0.0167 (0.1624)	accu 1.000 (0.940)	
Train Epoch-7   Iter-650/706	loss 0.0754 (0.1599)	accu 1.000 (0.941)	
Train Epoch-7   Iter-675/706	loss 0.0396 (0.1578)	accu 1.000 (0.942)	
Train Epoch-7   Iter-700/706	loss 0.0158 (0.1563)	accu 1.000 (0.942)	
Eval Epoch-7   Iter-0  /52 	loss 0.7800 (0.7800)	accu 0.750 (0.750)	
Eval Epoch-7   Iter-25 /52 	loss 0.0930 (0.9497)	accu 1.000 (0.663)	
Eval Epoch-7   Iter-50 /52 	loss 1.7208 (0.9125)	accu 0.500 (0.706)	
Epoch-7   Train: loss 0.1570	accu 0.9423	Eval: loss 0.9418	accu 0.7019
Train Epoch-8   Iter-0  /706	loss 0.6495 (0.6495)	accu 0.750 (0.750)	
Train Epoch-8   Iter-25 /706	loss 0.0142 (0.1883)	accu 1.000 (0.928)	
Train Epoch-8   Iter-50 /706	loss 0.0370 (0.1642)	accu 1.000 (0.934)	
Train Epoch-8   Iter-75 /706	loss 0.0364 (0.1453)	accu 1.000 (0.946)	
Train Epoch-8   Iter-100/706	loss 0.0189 (0.1476)	accu 1.000 (0.946)	
Train Epoch-8   Iter-125/706	loss 0.0227 (0.1533)	accu 1.000 (0.942)	
Train Epoch-8   Iter-150/706	loss 0.3332 (0.1451)	accu 0.875 (0.948)	
Train Epoch-8   Iter-175/706	loss 0.0484 (0.1436)	accu 1.000 (0.949)	
Train Epoch-8   Iter-200/706	loss 0.0224 (0.1402)	accu 1.000 (0.950)	
Train Epoch-8   Iter-225/706	loss 0.0726 (0.1358)	accu 1.000 (0.950)	
Train Epoch-8   Iter-250/706	loss 0.0332 (0.1333)	accu 1.000 (0.952)	
Train Epoch-8   Iter-275/706	loss 0.0154 (0.1367)	accu 1.000 (0.951)	
Train Epoch-8   Iter-300/706	loss 0.0793 (0.1432)	accu 1.000 (0.950)	
Train Epoch-8   Iter-325/706	loss 0.1455 (0.1402)	accu 0.875 (0.951)	
Train Epoch-8   Iter-350/706	loss 0.1087 (0.1419)	accu 1.000 (0.951)	
Train Epoch-8   Iter-375/706	loss 0.0398 (0.1412)	accu 1.000 (0.950)	
Train Epoch-8   Iter-400/706	loss 0.4231 (0.1396)	accu 0.750 (0.952)	
Train Epoch-8   Iter-425/706	loss 0.5332 (0.1363)	accu 0.875 (0.953)	
Train Epoch-8   Iter-450/706	loss 0.1025 (0.1344)	accu 1.000 (0.953)	
Train Epoch-8   Iter-475/706	loss 0.0428 (0.1311)	accu 1.000 (0.955)	
Train Epoch-8   Iter-500/706	loss 0.0175 (0.1302)	accu 1.000 (0.955)	
Train Epoch-8   Iter-525/706	loss 0.3033 (0.1299)	accu 0.875 (0.955)	
Train Epoch-8   Iter-550/706	loss 0.0472 (0.1266)	accu 1.000 (0.956)	
Train Epoch-8   Iter-575/706	loss 0.0658 (0.1272)	accu 1.000 (0.956)	
Train Epoch-8   Iter-600/706	loss 0.0108 (0.1265)	accu 1.000 (0.956)	
Train Epoch-8   Iter-625/706	loss 0.0251 (0.1265)	accu 1.000 (0.956)	
Train Epoch-8   Iter-650/706	loss 0.0591 (0.1258)	accu 1.000 (0.956)	
Train Epoch-8   Iter-675/706	loss 0.0175 (0.1247)	accu 1.000 (0.957)	
Train Epoch-8   Iter-700/706	loss 0.4757 (0.1239)	accu 0.875 (0.957)	
Eval Epoch-8   Iter-0  /52 	loss 0.7428 (0.7428)	accu 0.750 (0.750)	
Eval Epoch-8   Iter-25 /52 	loss 0.0465 (0.8366)	accu 1.000 (0.692)	
Eval Epoch-8   Iter-50 /52 	loss 2.0076 (0.9102)	accu 0.500 (0.703)	
Epoch-8   Train: loss 0.1234	accu 0.9570	Eval: loss 0.9468	accu 0.6995
Train Epoch-9   Iter-0  /706	loss 0.0123 (0.0123)	accu 1.000 (1.000)	
Train Epoch-9   Iter-25 /706	loss 0.4521 (0.1238)	accu 0.875 (0.957)	
Train Epoch-9   Iter-50 /706	loss 0.2786 (0.1254)	accu 0.750 (0.958)	
Train Epoch-9   Iter-75 /706	loss 0.7443 (0.1520)	accu 0.750 (0.949)	
Train Epoch-9   Iter-100/706	loss 0.0662 (0.1352)	accu 1.000 (0.955)	
Train Epoch-9   Iter-125/706	loss 0.5644 (0.1460)	accu 0.875 (0.951)	
Train Epoch-9   Iter-150/706	loss 0.0847 (0.1413)	accu 1.000 (0.954)	
Train Epoch-9   Iter-175/706	loss 0.4196 (0.1375)	accu 0.750 (0.952)	
Train Epoch-9   Iter-200/706	loss 0.3953 (0.1347)	accu 0.875 (0.953)	
Train Epoch-9   Iter-225/706	loss 0.0951 (0.1352)	accu 1.000 (0.953)	
Train Epoch-9   Iter-250/706	loss 0.0511 (0.1282)	accu 1.000 (0.956)	
Train Epoch-9   Iter-275/706	loss 0.0480 (0.1252)	accu 1.000 (0.957)	
Train Epoch-9   Iter-300/706	loss 0.0182 (0.1243)	accu 1.000 (0.957)	
Train Epoch-9   Iter-325/706	loss 0.0271 (0.1238)	accu 1.000 (0.957)	
Train Epoch-9   Iter-350/706	loss 0.0530 (0.1232)	accu 1.000 (0.957)	
Train Epoch-9   Iter-375/706	loss 0.0061 (0.1223)	accu 1.000 (0.958)	
Train Epoch-9   Iter-400/706	loss 0.0067 (0.1218)	accu 1.000 (0.959)	
Train Epoch-9   Iter-425/706	loss 0.0174 (0.1216)	accu 1.000 (0.959)	
Train Epoch-9   Iter-450/706	loss 0.4353 (0.1220)	accu 0.875 (0.959)	
Train Epoch-9   Iter-475/706	loss 0.0223 (0.1217)	accu 1.000 (0.959)	
Train Epoch-9   Iter-500/706	loss 0.0944 (0.1218)	accu 1.000 (0.959)	
Train Epoch-9   Iter-525/706	loss 0.0545 (0.1205)	accu 1.000 (0.959)	
Train Epoch-9   Iter-550/706	loss 0.5432 (0.1210)	accu 0.750 (0.959)	
Train Epoch-9   Iter-575/706	loss 0.0175 (0.1199)	accu 1.000 (0.959)	
Train Epoch-9   Iter-600/706	loss 0.4188 (0.1199)	accu 0.875 (0.959)	
Train Epoch-9   Iter-625/706	loss 0.0370 (0.1190)	accu 1.000 (0.960)	
Train Epoch-9   Iter-650/706	loss 0.1469 (0.1207)	accu 1.000 (0.959)	
Train Epoch-9   Iter-675/706	loss 0.1193 (0.1199)	accu 1.000 (0.960)	
Train Epoch-9   Iter-700/706	loss 0.0313 (0.1198)	accu 1.000 (0.960)	
Eval Epoch-9   Iter-0  /52 	loss 0.7564 (0.7564)	accu 0.750 (0.750)	
Eval Epoch-9   Iter-25 /52 	loss 0.0505 (0.7491)	accu 1.000 (0.712)	
Eval Epoch-9   Iter-50 /52 	loss 2.1458 (0.8977)	accu 0.500 (0.706)	
Epoch-9   Train: loss 0.1191	accu 0.9600	Eval: loss 0.9378	accu 0.7019
Train Epoch-10  Iter-0  /706	loss 0.1548 (0.1548)	accu 0.875 (0.875)	
Train Epoch-10  Iter-25 /706	loss 0.0158 (0.1484)	accu 1.000 (0.938)	
Train Epoch-10  Iter-50 /706	loss 0.0628 (0.1187)	accu 1.000 (0.953)	
Train Epoch-10  Iter-75 /706	loss 0.0120 (0.1079)	accu 1.000 (0.956)	
Train Epoch-10  Iter-100/706	loss 0.5629 (0.1073)	accu 0.875 (0.959)	
Train Epoch-10  Iter-125/706	loss 0.1393 (0.1057)	accu 1.000 (0.960)	
Train Epoch-10  Iter-150/706	loss 0.0163 (0.1051)	accu 1.000 (0.963)	
Train Epoch-10  Iter-175/706	loss 0.0171 (0.1133)	accu 1.000 (0.960)	
Train Epoch-10  Iter-200/706	loss 0.0072 (0.1120)	accu 1.000 (0.961)	
Train Epoch-10  Iter-225/706	loss 0.1555 (0.1110)	accu 0.875 (0.962)	
Train Epoch-10  Iter-250/706	loss 0.0558 (0.1075)	accu 1.000 (0.964)	
Train Epoch-10  Iter-275/706	loss 0.0319 (0.1093)	accu 1.000 (0.963)	
Train Epoch-10  Iter-300/706	loss 0.0115 (0.1072)	accu 1.000 (0.964)	
Train Epoch-10  Iter-325/706	loss 0.1664 (0.1044)	accu 1.000 (0.965)	
Train Epoch-10  Iter-350/706	loss 0.0075 (0.1011)	accu 1.000 (0.965)	
Train Epoch-10  Iter-375/706	loss 0.0194 (0.1024)	accu 1.000 (0.965)	
Train Epoch-10  Iter-400/706	loss 0.0211 (0.1040)	accu 1.000 (0.964)	
Train Epoch-10  Iter-425/706	loss 0.0210 (0.1074)	accu 1.000 (0.963)	
Train Epoch-10  Iter-450/706	loss 0.0085 (0.1064)	accu 1.000 (0.963)	
Train Epoch-10  Iter-475/706	loss 0.0102 (0.1076)	accu 1.000 (0.962)	
Train Epoch-10  Iter-500/706	loss 0.0487 (0.1063)	accu 1.000 (0.962)	
Train Epoch-10  Iter-525/706	loss 0.0136 (0.1066)	accu 1.000 (0.962)	
Train Epoch-10  Iter-550/706	loss 0.0301 (0.1078)	accu 1.000 (0.961)	
Train Epoch-10  Iter-575/706	loss 0.2873 (0.1077)	accu 0.875 (0.961)	
Train Epoch-10  Iter-600/706	loss 0.0138 (0.1067)	accu 1.000 (0.962)	
Train Epoch-10  Iter-625/706	loss 0.1714 (0.1050)	accu 0.875 (0.963)	
Train Epoch-10  Iter-650/706	loss 0.0290 (0.1056)	accu 1.000 (0.963)	
Train Epoch-10  Iter-675/706	loss 0.0571 (0.1067)	accu 1.000 (0.963)	
Train Epoch-10  Iter-700/706	loss 0.0127 (0.1079)	accu 1.000 (0.962)	
Eval Epoch-10  Iter-0  /52 	loss 0.8004 (0.8004)	accu 0.750 (0.750)	
Eval Epoch-10  Iter-25 /52 	loss 0.0547 (0.7251)	accu 1.000 (0.688)	
Eval Epoch-10  Iter-50 /52 	loss 1.3041 (0.8559)	accu 0.500 (0.703)	
Epoch-10  Train: loss 0.1081	accu 0.9618	Eval: loss 0.8939	accu 0.6995
Train Epoch-11  Iter-0  /706	loss 0.0969 (0.0969)	accu 1.000 (1.000)	
Train Epoch-11  Iter-25 /706	loss 0.0227 (0.0900)	accu 1.000 (0.971)	
Train Epoch-11  Iter-50 /706	loss 0.0207 (0.0921)	accu 1.000 (0.971)	
Train Epoch-11  Iter-75 /706	loss 0.0737 (0.0956)	accu 1.000 (0.967)	
Train Epoch-11  Iter-100/706	loss 0.0154 (0.0883)	accu 1.000 (0.969)	
Train Epoch-11  Iter-125/706	loss 0.0763 (0.0888)	accu 1.000 (0.970)	
Train Epoch-11  Iter-150/706	loss 0.0013 (0.0923)	accu 1.000 (0.969)	
Train Epoch-11  Iter-175/706	loss 0.0220 (0.0900)	accu 1.000 (0.969)	
Train Epoch-11  Iter-200/706	loss 0.0052 (0.0863)	accu 1.000 (0.970)	
Train Epoch-11  Iter-225/706	loss 0.0612 (0.0977)	accu 1.000 (0.967)	
Train Epoch-11  Iter-250/706	loss 0.0540 (0.0982)	accu 1.000 (0.967)	
Train Epoch-11  Iter-275/706	loss 0.1164 (0.0954)	accu 1.000 (0.968)	
Train Epoch-11  Iter-300/706	loss 0.0207 (0.0963)	accu 1.000 (0.968)	
Train Epoch-11  Iter-325/706	loss 0.1121 (0.1006)	accu 0.875 (0.967)	
Train Epoch-11  Iter-350/706	loss 0.0423 (0.1063)	accu 1.000 (0.965)	
Train Epoch-11  Iter-375/706	loss 0.0324 (0.1102)	accu 1.000 (0.963)	
Train Epoch-11  Iter-400/706	loss 0.0743 (0.1104)	accu 1.000 (0.963)	
Train Epoch-11  Iter-425/706	loss 0.0338 (0.1089)	accu 1.000 (0.964)	
Train Epoch-11  Iter-450/706	loss 0.0167 (0.1074)	accu 1.000 (0.964)	
Train Epoch-11  Iter-475/706	loss 0.0173 (0.1075)	accu 1.000 (0.964)	
Train Epoch-11  Iter-500/706	loss 0.0291 (0.1063)	accu 1.000 (0.964)	
Train Epoch-11  Iter-525/706	loss 0.0312 (0.1090)	accu 1.000 (0.963)	
Train Epoch-11  Iter-550/706	loss 0.0028 (0.1084)	accu 1.000 (0.963)	
Train Epoch-11  Iter-575/706	loss 0.0096 (0.1083)	accu 1.000 (0.963)	
Train Epoch-11  Iter-600/706	loss 0.4114 (0.1070)	accu 0.875 (0.963)	
Train Epoch-11  Iter-625/706	loss 0.1869 (0.1081)	accu 0.875 (0.962)	
Train Epoch-11  Iter-650/706	loss 0.1052 (0.1064)	accu 1.000 (0.963)	
Train Epoch-11  Iter-675/706	loss 0.0049 (0.1040)	accu 1.000 (0.964)	
Train Epoch-11  Iter-700/706	loss 0.2072 (0.1040)	accu 0.875 (0.964)	
Eval Epoch-11  Iter-0  /52 	loss 0.9219 (0.9219)	accu 0.750 (0.750)	
Eval Epoch-11  Iter-25 /52 	loss 0.0494 (0.9048)	accu 1.000 (0.668)	
Eval Epoch-11  Iter-50 /52 	loss 1.4820 (1.0171)	accu 0.500 (0.701)	
Epoch-11  Train: loss 0.1038	accu 0.9637	Eval: loss 1.0569	accu 0.6971
Train Epoch-12  Iter-0  /706	loss 0.0088 (0.0088)	accu 1.000 (1.000)	
Train Epoch-12  Iter-25 /706	loss 0.0124 (0.1051)	accu 1.000 (0.962)	
Train Epoch-12  Iter-50 /706	loss 0.0105 (0.0940)	accu 1.000 (0.963)	
Train Epoch-12  Iter-75 /706	loss 0.0171 (0.1016)	accu 1.000 (0.961)	
Train Epoch-12  Iter-100/706	loss 0.0391 (0.0929)	accu 1.000 (0.964)	
Train Epoch-12  Iter-125/706	loss 0.0055 (0.0861)	accu 1.000 (0.969)	
Train Epoch-12  Iter-150/706	loss 0.0040 (0.0871)	accu 1.000 (0.969)	
Train Epoch-12  Iter-175/706	loss 0.0294 (0.0910)	accu 1.000 (0.967)	
Train Epoch-12  Iter-200/706	loss 0.4765 (0.0981)	accu 0.750 (0.964)	
Train Epoch-12  Iter-225/706	loss 0.0104 (0.0954)	accu 1.000 (0.965)	
Train Epoch-12  Iter-250/706	loss 0.0050 (0.0898)	accu 1.000 (0.967)	
Train Epoch-12  Iter-275/706	loss 0.0189 (0.0912)	accu 1.000 (0.966)	
Train Epoch-12  Iter-300/706	loss 0.0519 (0.0947)	accu 1.000 (0.966)	
Train Epoch-12  Iter-325/706	loss 0.1651 (0.0955)	accu 0.875 (0.965)	
Train Epoch-12  Iter-350/706	loss 0.0978 (0.0948)	accu 1.000 (0.965)	
Train Epoch-12  Iter-375/706	loss 0.1003 (0.0973)	accu 1.000 (0.964)	
Train Epoch-12  Iter-400/706	loss 0.1300 (0.0987)	accu 0.875 (0.964)	
Train Epoch-12  Iter-425/706	loss 0.2198 (0.0996)	accu 0.875 (0.963)	
Train Epoch-12  Iter-450/706	loss 0.0864 (0.0968)	accu 1.000 (0.965)	
Train Epoch-12  Iter-475/706	loss 0.0550 (0.0974)	accu 1.000 (0.965)	
Train Epoch-12  Iter-500/706	loss 0.0092 (0.0975)	accu 1.000 (0.965)	
Train Epoch-12  Iter-525/706	loss 0.1268 (0.0973)	accu 0.875 (0.965)	
Train Epoch-12  Iter-550/706	loss 0.0124 (0.0999)	accu 1.000 (0.965)	
Train Epoch-12  Iter-575/706	loss 0.5499 (0.0990)	accu 0.875 (0.965)	
Train Epoch-12  Iter-600/706	loss 0.0110 (0.0990)	accu 1.000 (0.965)	
Train Epoch-12  Iter-625/706	loss 0.0147 (0.1001)	accu 1.000 (0.964)	
Train Epoch-12  Iter-650/706	loss 0.0086 (0.1005)	accu 1.000 (0.964)	
Train Epoch-12  Iter-675/706	loss 0.0101 (0.0995)	accu 1.000 (0.965)	
Train Epoch-12  Iter-700/706	loss 0.0069 (0.0983)	accu 1.000 (0.965)	
Eval Epoch-12  Iter-0  /52 	loss 0.8867 (0.8867)	accu 0.750 (0.750)	
Eval Epoch-12  Iter-25 /52 	loss 0.0720 (0.8064)	accu 1.000 (0.697)	
Eval Epoch-12  Iter-50 /52 	loss 1.1986 (0.9574)	accu 0.500 (0.711)	
Epoch-12  Train: loss 0.0984	accu 0.9653	Eval: loss 0.9954	accu 0.7067
Epoch    13: reducing learning rate of group 0 to 3.0000e-06.
Train Epoch-13  Iter-0  /706	loss 0.0133 (0.0133)	accu 1.000 (1.000)	
Train Epoch-13  Iter-25 /706	loss 0.0658 (0.0752)	accu 1.000 (0.976)	
Train Epoch-13  Iter-50 /706	loss 0.0220 (0.0717)	accu 1.000 (0.973)	
Train Epoch-13  Iter-75 /706	loss 0.0206 (0.0844)	accu 1.000 (0.972)	
Train Epoch-13  Iter-100/706	loss 0.2335 (0.0856)	accu 0.875 (0.972)	
Train Epoch-13  Iter-125/706	loss 0.1104 (0.0802)	accu 0.875 (0.972)	
Train Epoch-13  Iter-150/706	loss 0.2338 (0.0824)	accu 0.875 (0.971)	
Train Epoch-13  Iter-175/706	loss 0.0072 (0.0926)	accu 1.000 (0.968)	
Train Epoch-13  Iter-200/706	loss 0.0064 (0.0985)	accu 1.000 (0.966)	
Train Epoch-13  Iter-225/706	loss 0.4581 (0.0997)	accu 0.875 (0.966)	
Train Epoch-13  Iter-250/706	loss 0.1379 (0.1007)	accu 0.875 (0.966)	
Train Epoch-13  Iter-275/706	loss 0.1131 (0.1006)	accu 1.000 (0.967)	
Train Epoch-13  Iter-300/706	loss 0.0161 (0.1016)	accu 1.000 (0.966)	
Train Epoch-13  Iter-325/706	loss 0.0437 (0.1010)	accu 1.000 (0.966)	
Train Epoch-13  Iter-350/706	loss 0.0044 (0.0983)	accu 1.000 (0.968)	
Train Epoch-13  Iter-375/706	loss 0.0387 (0.0966)	accu 1.000 (0.968)	
Train Epoch-13  Iter-400/706	loss 0.4623 (0.0987)	accu 0.750 (0.967)	
Train Epoch-13  Iter-425/706	loss 0.2328 (0.0975)	accu 1.000 (0.968)	
Train Epoch-13  Iter-450/706	loss 0.0187 (0.0967)	accu 1.000 (0.968)	
Train Epoch-13  Iter-475/706	loss 0.0145 (0.0949)	accu 1.000 (0.969)	
Train Epoch-13  Iter-500/706	loss 0.0291 (0.0961)	accu 1.000 (0.969)	
Train Epoch-13  Iter-525/706	loss 0.2887 (0.0967)	accu 0.875 (0.969)	
Train Epoch-13  Iter-550/706	loss 0.1311 (0.0976)	accu 0.875 (0.968)	
Train Epoch-13  Iter-575/706	loss 0.3609 (0.0963)	accu 0.875 (0.969)	
Train Epoch-13  Iter-600/706	loss 0.0480 (0.0954)	accu 1.000 (0.969)	
Train Epoch-13  Iter-625/706	loss 0.0327 (0.0954)	accu 1.000 (0.969)	
Train Epoch-13  Iter-650/706	loss 0.2429 (0.0966)	accu 0.875 (0.969)	
Train Epoch-13  Iter-675/706	loss 0.2049 (0.0969)	accu 0.750 (0.968)	
Train Epoch-13  Iter-700/706	loss 0.0060 (0.0978)	accu 1.000 (0.967)	
Eval Epoch-13  Iter-0  /52 	loss 0.8428 (0.8428)	accu 0.750 (0.750)	
Eval Epoch-13  Iter-25 /52 	loss 0.0538 (0.7164)	accu 1.000 (0.731)	
Eval Epoch-13  Iter-50 /52 	loss 1.3153 (0.9301)	accu 0.500 (0.725)	
Epoch-13  Train: loss 0.0977	accu 0.9672	Eval: loss 0.9698	accu 0.7212
Train Epoch-14  Iter-0  /706	loss 0.5534 (0.5534)	accu 0.750 (0.750)	
Train Epoch-14  Iter-25 /706	loss 0.0112 (0.1310)	accu 1.000 (0.952)	
Train Epoch-14  Iter-50 /706	loss 0.1068 (0.1099)	accu 1.000 (0.968)	
Train Epoch-14  Iter-75 /706	loss 0.0045 (0.1070)	accu 1.000 (0.965)	
Train Epoch-14  Iter-100/706	loss 0.0148 (0.0994)	accu 1.000 (0.968)	
Train Epoch-14  Iter-125/706	loss 0.0067 (0.0974)	accu 1.000 (0.967)	
Train Epoch-14  Iter-150/706	loss 0.0549 (0.0937)	accu 1.000 (0.967)	
Train Epoch-14  Iter-175/706	loss 0.0124 (0.0981)	accu 1.000 (0.964)	
Train Epoch-14  Iter-200/706	loss 0.1558 (0.0966)	accu 0.875 (0.964)	
Train Epoch-14  Iter-225/706	loss 0.1889 (0.0982)	accu 0.875 (0.964)	
Train Epoch-14  Iter-250/706	loss 0.0167 (0.1047)	accu 1.000 (0.963)	
Train Epoch-14  Iter-275/706	loss 0.0149 (0.1069)	accu 1.000 (0.961)	
Train Epoch-14  Iter-300/706	loss 0.0107 (0.1095)	accu 1.000 (0.960)	
Train Epoch-14  Iter-325/706	loss 0.0092 (0.1102)	accu 1.000 (0.960)	
Train Epoch-14  Iter-350/706	loss 0.2735 (0.1076)	accu 0.875 (0.961)	
Train Epoch-14  Iter-375/706	loss 0.0107 (0.1051)	accu 1.000 (0.963)	
Train Epoch-14  Iter-400/706	loss 0.0325 (0.1036)	accu 1.000 (0.964)	
Train Epoch-14  Iter-425/706	loss 0.4502 (0.1025)	accu 0.875 (0.964)	
Train Epoch-14  Iter-450/706	loss 0.0749 (0.0994)	accu 1.000 (0.966)	
Train Epoch-14  Iter-475/706	loss 0.0080 (0.0988)	accu 1.000 (0.966)	
Train Epoch-14  Iter-500/706	loss 0.9633 (0.0987)	accu 0.625 (0.966)	
Train Epoch-14  Iter-525/706	loss 0.0312 (0.0978)	accu 1.000 (0.966)	
Train Epoch-14  Iter-550/706	loss 0.0785 (0.0968)	accu 1.000 (0.967)	
Train Epoch-14  Iter-575/706	loss 0.0146 (0.0946)	accu 1.000 (0.968)	
Train Epoch-14  Iter-600/706	loss 0.3391 (0.0951)	accu 0.875 (0.968)	
Train Epoch-14  Iter-625/706	loss 0.0222 (0.0933)	accu 1.000 (0.969)	
Train Epoch-14  Iter-650/706	loss 0.0134 (0.0922)	accu 1.000 (0.969)	
Train Epoch-14  Iter-675/706	loss 0.0064 (0.0925)	accu 1.000 (0.969)	
Train Epoch-14  Iter-700/706	loss 0.0124 (0.0942)	accu 1.000 (0.969)	
Eval Epoch-14  Iter-0  /52 	loss 0.8772 (0.8772)	accu 0.750 (0.750)	
Eval Epoch-14  Iter-25 /52 	loss 0.0677 (0.7699)	accu 1.000 (0.712)	
Eval Epoch-14  Iter-50 /52 	loss 1.1077 (0.9385)	accu 0.500 (0.716)	
Epoch-14  Train: loss 0.0946	accu 0.9687	Eval: loss 0.9777	accu 0.7115
Train Epoch-15  Iter-0  /706	loss 0.1156 (0.1156)	accu 1.000 (1.000)	
Train Epoch-15  Iter-25 /706	loss 0.0499 (0.1023)	accu 1.000 (0.971)	
Train Epoch-15  Iter-50 /706	loss 0.1117 (0.0917)	accu 0.875 (0.971)	
Train Epoch-15  Iter-75 /706	loss 0.0528 (0.0833)	accu 1.000 (0.970)	
Train Epoch-15  Iter-100/706	loss 0.1553 (0.0796)	accu 0.875 (0.972)	
Train Epoch-15  Iter-125/706	loss 0.0232 (0.0895)	accu 1.000 (0.968)	
Train Epoch-15  Iter-150/706	loss 0.0203 (0.0858)	accu 1.000 (0.968)	
Train Epoch-15  Iter-175/706	loss 0.0070 (0.0836)	accu 1.000 (0.969)	
Train Epoch-15  Iter-200/706	loss 0.0110 (0.0847)	accu 1.000 (0.970)	
Train Epoch-15  Iter-225/706	loss 0.0075 (0.0836)	accu 1.000 (0.969)	
Train Epoch-15  Iter-250/706	loss 0.0044 (0.0855)	accu 1.000 (0.969)	
Train Epoch-15  Iter-275/706	loss 0.0170 (0.0854)	accu 1.000 (0.970)	
Train Epoch-15  Iter-300/706	loss 0.0125 (0.0867)	accu 1.000 (0.970)	
Train Epoch-15  Iter-325/706	loss 0.2007 (0.0857)	accu 0.875 (0.970)	
Train Epoch-15  Iter-350/706	loss 0.0157 (0.0881)	accu 1.000 (0.970)	
Train Epoch-15  Iter-375/706	loss 0.0446 (0.0879)	accu 1.000 (0.970)	
Train Epoch-15  Iter-400/706	loss 0.0022 (0.0893)	accu 1.000 (0.970)	
Train Epoch-15  Iter-425/706	loss 0.0794 (0.0928)	accu 1.000 (0.969)	
Train Epoch-15  Iter-450/706	loss 0.0198 (0.0929)	accu 1.000 (0.969)	
Train Epoch-15  Iter-475/706	loss 0.0125 (0.0915)	accu 1.000 (0.969)	
Train Epoch-15  Iter-500/706	loss 0.0061 (0.0899)	accu 1.000 (0.970)	
Train Epoch-15  Iter-525/706	loss 0.0122 (0.0902)	accu 1.000 (0.970)	
Train Epoch-15  Iter-550/706	loss 0.0106 (0.0913)	accu 1.000 (0.969)	
Train Epoch-15  Iter-575/706	loss 0.0246 (0.0919)	accu 1.000 (0.969)	
Train Epoch-15  Iter-600/706	loss 0.0055 (0.0908)	accu 1.000 (0.969)	
Train Epoch-15  Iter-625/706	loss 0.0495 (0.0898)	accu 1.000 (0.969)	
Train Epoch-15  Iter-650/706	loss 0.0057 (0.0897)	accu 1.000 (0.970)	
Train Epoch-15  Iter-675/706	loss 0.0569 (0.0900)	accu 1.000 (0.970)	
Train Epoch-15  Iter-700/706	loss 0.0578 (0.0891)	accu 1.000 (0.970)	
Eval Epoch-15  Iter-0  /52 	loss 0.8984 (0.8984)	accu 0.750 (0.750)	
Eval Epoch-15  Iter-25 /52 	loss 0.0611 (0.7869)	accu 1.000 (0.716)	
Eval Epoch-15  Iter-50 /52 	loss 1.0840 (0.9453)	accu 0.500 (0.718)	
Epoch-15  Train: loss 0.0891	accu 0.9700	Eval: loss 0.9843	accu 0.7139
Train Epoch-16  Iter-0  /706	loss 0.0093 (0.0093)	accu 1.000 (1.000)	
Train Epoch-16  Iter-25 /706	loss 0.0051 (0.0817)	accu 1.000 (0.976)	
Train Epoch-16  Iter-50 /706	loss 0.0462 (0.0904)	accu 1.000 (0.975)	
Train Epoch-16  Iter-75 /706	loss 0.0114 (0.0860)	accu 1.000 (0.975)	
Train Epoch-16  Iter-100/706	loss 0.0073 (0.0918)	accu 1.000 (0.972)	
Train Epoch-16  Iter-125/706	loss 0.5923 (0.0931)	accu 0.875 (0.972)	
Train Epoch-16  Iter-150/706	loss 0.0251 (0.0998)	accu 1.000 (0.971)	
Train Epoch-16  Iter-175/706	loss 0.0334 (0.1028)	accu 1.000 (0.971)	
Train Epoch-16  Iter-200/706	loss 0.0130 (0.0959)	accu 1.000 (0.973)	
Train Epoch-16  Iter-225/706	loss 0.0176 (0.0982)	accu 1.000 (0.973)	
Train Epoch-16  Iter-250/706	loss 0.0095 (0.0931)	accu 1.000 (0.975)	
Train Epoch-16  Iter-275/706	loss 0.0083 (0.0969)	accu 1.000 (0.971)	
Train Epoch-16  Iter-300/706	loss 0.0124 (0.0963)	accu 1.000 (0.971)	
Train Epoch-16  Iter-325/706	loss 0.0094 (0.0985)	accu 1.000 (0.970)	
Train Epoch-16  Iter-350/706	loss 0.1611 (0.0981)	accu 0.875 (0.970)	
Train Epoch-16  Iter-375/706	loss 0.0144 (0.1017)	accu 1.000 (0.970)	
Train Epoch-16  Iter-400/706	loss 0.5486 (0.1015)	accu 0.875 (0.971)	
Train Epoch-16  Iter-425/706	loss 0.0127 (0.0993)	accu 1.000 (0.971)	
Train Epoch-16  Iter-450/706	loss 0.0106 (0.0969)	accu 1.000 (0.972)	
Train Epoch-16  Iter-475/706	loss 0.0096 (0.0971)	accu 1.000 (0.971)	
Train Epoch-16  Iter-500/706	loss 0.2048 (0.0985)	accu 0.875 (0.971)	
Train Epoch-16  Iter-525/706	loss 0.0213 (0.0967)	accu 1.000 (0.971)	
Train Epoch-16  Iter-550/706	loss 0.2319 (0.0969)	accu 0.875 (0.971)	
Train Epoch-16  Iter-575/706	loss 0.0196 (0.0962)	accu 1.000 (0.972)	
Train Epoch-16  Iter-600/706	loss 0.0174 (0.0950)	accu 1.000 (0.972)	
Train Epoch-16  Iter-625/706	loss 0.0139 (0.0960)	accu 1.000 (0.971)	
Train Epoch-16  Iter-650/706	loss 0.7446 (0.0950)	accu 0.750 (0.971)	
Train Epoch-16  Iter-675/706	loss 0.0129 (0.0943)	accu 1.000 (0.971)	
Train Epoch-16  Iter-700/706	loss 0.0098 (0.0929)	accu 1.000 (0.972)	
Eval Epoch-16  Iter-0  /52 	loss 0.8610 (0.8610)	accu 0.750 (0.750)	
Eval Epoch-16  Iter-25 /52 	loss 0.0495 (0.7060)	accu 1.000 (0.745)	
Eval Epoch-16  Iter-50 /52 	loss 1.1579 (0.9186)	accu 0.500 (0.733)	
Epoch-16  Train: loss 0.0925	accu 0.9718	Eval: loss 0.9588	accu 0.7284
Train Epoch-17  Iter-0  /706	loss 0.0177 (0.0177)	accu 1.000 (1.000)	
Train Epoch-17  Iter-25 /706	loss 0.0035 (0.0700)	accu 1.000 (0.966)	
Train Epoch-17  Iter-50 /706	loss 0.5670 (0.0829)	accu 0.875 (0.968)	
Train Epoch-17  Iter-75 /706	loss 0.0207 (0.0920)	accu 1.000 (0.969)	
Train Epoch-17  Iter-100/706	loss 0.0178 (0.0898)	accu 1.000 (0.972)	
Train Epoch-17  Iter-125/706	loss 0.0100 (0.0876)	accu 1.000 (0.970)	
Train Epoch-17  Iter-150/706	loss 0.0064 (0.0923)	accu 1.000 (0.968)	
Train Epoch-17  Iter-175/706	loss 0.0044 (0.0973)	accu 1.000 (0.966)	
Train Epoch-17  Iter-200/706	loss 0.0225 (0.1000)	accu 1.000 (0.966)	
Train Epoch-17  Iter-225/706	loss 0.0911 (0.0992)	accu 1.000 (0.967)	
Train Epoch-17  Iter-250/706	loss 0.0086 (0.0998)	accu 1.000 (0.967)	
Train Epoch-17  Iter-275/706	loss 0.2436 (0.1022)	accu 0.875 (0.966)	
Train Epoch-17  Iter-300/706	loss 0.0244 (0.0970)	accu 1.000 (0.968)	
Train Epoch-17  Iter-325/706	loss 0.0064 (0.0945)	accu 1.000 (0.969)	
Train Epoch-17  Iter-350/706	loss 0.0311 (0.0990)	accu 1.000 (0.968)	
Train Epoch-17  Iter-375/706	loss 0.0224 (0.0996)	accu 1.000 (0.968)	
Train Epoch-17  Iter-400/706	loss 0.0116 (0.0975)	accu 1.000 (0.969)	
Train Epoch-17  Iter-425/706	loss 0.0064 (0.0956)	accu 1.000 (0.970)	
Train Epoch-17  Iter-450/706	loss 0.0109 (0.0968)	accu 1.000 (0.970)	
Train Epoch-17  Iter-475/706	loss 0.0174 (0.0982)	accu 1.000 (0.969)	
Train Epoch-17  Iter-500/706	loss 0.0744 (0.0981)	accu 1.000 (0.969)	
Train Epoch-17  Iter-525/706	loss 0.0162 (0.0990)	accu 1.000 (0.967)	
Train Epoch-17  Iter-550/706	loss 0.0186 (0.0972)	accu 1.000 (0.968)	
Train Epoch-17  Iter-575/706	loss 0.1475 (0.0968)	accu 1.000 (0.968)	
Train Epoch-17  Iter-600/706	loss 0.1269 (0.0961)	accu 0.875 (0.968)	
Train Epoch-17  Iter-625/706	loss 0.0463 (0.0970)	accu 1.000 (0.968)	
Train Epoch-17  Iter-650/706	loss 0.0094 (0.0969)	accu 1.000 (0.968)	
Train Epoch-17  Iter-675/706	loss 0.0212 (0.0974)	accu 1.000 (0.968)	
Train Epoch-17  Iter-700/706	loss 0.0875 (0.0976)	accu 1.000 (0.968)	
Eval Epoch-17  Iter-0  /52 	loss 0.8547 (0.8547)	accu 0.750 (0.750)	
Eval Epoch-17  Iter-25 /52 	loss 0.0601 (0.7154)	accu 1.000 (0.726)	
Eval Epoch-17  Iter-50 /52 	loss 1.0539 (0.9003)	accu 0.500 (0.723)	
Epoch-17  Train: loss 0.0970	accu 0.9678	Eval: loss 0.9389	accu 0.7188
Train Epoch-18  Iter-0  /706	loss 0.0131 (0.0131)	accu 1.000 (1.000)	
Train Epoch-18  Iter-25 /706	loss 0.5037 (0.1324)	accu 0.750 (0.962)	
Train Epoch-18  Iter-50 /706	loss 0.2842 (0.0941)	accu 0.875 (0.971)	
Train Epoch-18  Iter-75 /706	loss 0.0083 (0.0969)	accu 1.000 (0.969)	
Train Epoch-18  Iter-100/706	loss 0.7355 (0.1017)	accu 0.750 (0.967)	
Train Epoch-18  Iter-125/706	loss 0.0243 (0.1094)	accu 1.000 (0.961)	
Train Epoch-18  Iter-150/706	loss 0.0173 (0.1135)	accu 1.000 (0.960)	
Train Epoch-18  Iter-175/706	loss 0.1178 (0.1096)	accu 1.000 (0.962)	
Train Epoch-18  Iter-200/706	loss 0.0970 (0.1133)	accu 1.000 (0.961)	
Train Epoch-18  Iter-225/706	loss 0.0291 (0.1085)	accu 1.000 (0.963)	
Train Epoch-18  Iter-250/706	loss 0.0245 (0.1063)	accu 1.000 (0.964)	
Train Epoch-18  Iter-275/706	loss 0.0070 (0.1057)	accu 1.000 (0.964)	
Train Epoch-18  Iter-300/706	loss 0.0112 (0.1046)	accu 1.000 (0.965)	
Train Epoch-18  Iter-325/706	loss 0.0715 (0.1029)	accu 1.000 (0.966)	
Train Epoch-18  Iter-350/706	loss 0.0469 (0.1008)	accu 1.000 (0.967)	
Train Epoch-18  Iter-375/706	loss 0.0259 (0.0988)	accu 1.000 (0.967)	
Train Epoch-18  Iter-400/706	loss 0.0157 (0.0955)	accu 1.000 (0.968)	
Train Epoch-18  Iter-425/706	loss 0.0087 (0.0927)	accu 1.000 (0.969)	
Train Epoch-18  Iter-450/706	loss 0.0633 (0.0906)	accu 1.000 (0.970)	
Train Epoch-18  Iter-475/706	loss 0.0141 (0.0926)	accu 1.000 (0.969)	
Train Epoch-18  Iter-500/706	loss 0.0151 (0.0931)	accu 1.000 (0.969)	
Train Epoch-18  Iter-525/706	loss 0.0307 (0.0933)	accu 1.000 (0.969)	
Train Epoch-18  Iter-550/706	loss 0.0066 (0.0948)	accu 1.000 (0.968)	
Train Epoch-18  Iter-575/706	loss 0.0096 (0.0930)	accu 1.000 (0.969)	
Train Epoch-18  Iter-600/706	loss 0.3677 (0.0949)	accu 0.875 (0.969)	
Train Epoch-18  Iter-625/706	loss 0.5181 (0.0955)	accu 0.875 (0.968)	
Train Epoch-18  Iter-650/706	loss 0.0235 (0.0953)	accu 1.000 (0.969)	
Train Epoch-18  Iter-675/706	loss 0.0423 (0.0948)	accu 1.000 (0.969)	
Train Epoch-18  Iter-700/706	loss 0.0900 (0.0931)	accu 1.000 (0.969)	
Eval Epoch-18  Iter-0  /52 	loss 0.8620 (0.8620)	accu 0.750 (0.750)	
Eval Epoch-18  Iter-25 /52 	loss 0.0511 (0.6901)	accu 1.000 (0.745)	
Eval Epoch-18  Iter-50 /52 	loss 1.1584 (0.9071)	accu 0.500 (0.730)	
Epoch-18  Train: loss 0.0926	accu 0.9694	Eval: loss 0.9468	accu 0.7260
Epoch    19: reducing learning rate of group 0 to 3.0000e-07.
Train Epoch-19  Iter-0  /706	loss 0.0300 (0.0300)	accu 1.000 (1.000)	
Train Epoch-19  Iter-25 /706	loss 0.1883 (0.0788)	accu 0.875 (0.962)	
Train Epoch-19  Iter-50 /706	loss 0.0105 (0.0725)	accu 1.000 (0.966)	
Train Epoch-19  Iter-75 /706	loss 0.0111 (0.0933)	accu 1.000 (0.962)	
Train Epoch-19  Iter-100/706	loss 0.0195 (0.0938)	accu 1.000 (0.962)	
Train Epoch-19  Iter-125/706	loss 0.1680 (0.1001)	accu 0.875 (0.959)	
Train Epoch-19  Iter-150/706	loss 0.6543 (0.1105)	accu 0.750 (0.957)	
Train Epoch-19  Iter-175/706	loss 0.0293 (0.1031)	accu 1.000 (0.961)	
Train Epoch-19  Iter-200/706	loss 0.0327 (0.1028)	accu 1.000 (0.961)	
Train Epoch-19  Iter-225/706	loss 0.1911 (0.1014)	accu 0.875 (0.962)	
Train Epoch-19  Iter-250/706	loss 0.1390 (0.0972)	accu 0.875 (0.963)	
Train Epoch-19  Iter-275/706	loss 0.0307 (0.0995)	accu 1.000 (0.963)	
Train Epoch-19  Iter-300/706	loss 0.0274 (0.1019)	accu 1.000 (0.962)	
Train Epoch-19  Iter-325/706	loss 0.0071 (0.0994)	accu 1.000 (0.963)	
Train Epoch-19  Iter-350/706	loss 0.0974 (0.0971)	accu 1.000 (0.964)	
Train Epoch-19  Iter-375/706	loss 0.0796 (0.0969)	accu 1.000 (0.965)	
Train Epoch-19  Iter-400/706	loss 0.0043 (0.0963)	accu 1.000 (0.966)	
Train Epoch-19  Iter-425/706	loss 0.0076 (0.0946)	accu 1.000 (0.967)	
Train Epoch-19  Iter-450/706	loss 0.0122 (0.0958)	accu 1.000 (0.966)	
Train Epoch-19  Iter-475/706	loss 0.4952 (0.0956)	accu 0.875 (0.966)	
Train Epoch-19  Iter-500/706	loss 0.0139 (0.0948)	accu 1.000 (0.967)	
Train Epoch-19  Iter-525/706	loss 0.0081 (0.0959)	accu 1.000 (0.966)	
Train Epoch-19  Iter-550/706	loss 0.0116 (0.0948)	accu 1.000 (0.967)	
Train Epoch-19  Iter-575/706	loss 0.0054 (0.0946)	accu 1.000 (0.966)	
Train Epoch-19  Iter-600/706	loss 0.0100 (0.0922)	accu 1.000 (0.967)	
Train Epoch-19  Iter-625/706	loss 0.0208 (0.0901)	accu 1.000 (0.968)	
Train Epoch-19  Iter-650/706	loss 0.0173 (0.0913)	accu 1.000 (0.968)	
Train Epoch-19  Iter-675/706	loss 0.0429 (0.0922)	accu 1.000 (0.968)	
Train Epoch-19  Iter-700/706	loss 0.0091 (0.0918)	accu 1.000 (0.968)	
Eval Epoch-19  Iter-0  /52 	loss 0.8688 (0.8688)	accu 0.750 (0.750)	
Eval Epoch-19  Iter-25 /52 	loss 0.0549 (0.7040)	accu 1.000 (0.745)	
Eval Epoch-19  Iter-50 /52 	loss 1.1207 (0.9072)	accu 0.500 (0.733)	
Epoch-19  Train: loss 0.0921	accu 0.9677	Eval: loss 0.9464	accu 0.7284
Train Epoch-20  Iter-0  /706	loss 0.2438 (0.2438)	accu 0.875 (0.875)	
Train Epoch-20  Iter-25 /706	loss 0.0214 (0.1353)	accu 1.000 (0.962)	
Train Epoch-20  Iter-50 /706	loss 0.0052 (0.1226)	accu 1.000 (0.958)	
Train Epoch-20  Iter-75 /706	loss 0.0099 (0.0966)	accu 1.000 (0.969)	
Train Epoch-20  Iter-100/706	loss 0.0181 (0.0905)	accu 1.000 (0.970)	
Train Epoch-20  Iter-125/706	loss 0.0283 (0.0941)	accu 1.000 (0.969)	
Train Epoch-20  Iter-150/706	loss 0.3142 (0.0853)	accu 0.875 (0.973)	
Train Epoch-20  Iter-175/706	loss 0.0052 (0.0871)	accu 1.000 (0.970)	
Train Epoch-20  Iter-200/706	loss 0.0792 (0.0836)	accu 1.000 (0.971)	
Train Epoch-20  Iter-225/706	loss 0.0089 (0.0835)	accu 1.000 (0.971)	
Train Epoch-20  Iter-250/706	loss 0.0362 (0.0807)	accu 1.000 (0.973)	
Train Epoch-20  Iter-275/706	loss 0.0066 (0.0826)	accu 1.000 (0.973)	
Train Epoch-20  Iter-300/706	loss 0.0539 (0.0834)	accu 1.000 (0.972)	
Train Epoch-20  Iter-325/706	loss 0.0058 (0.0824)	accu 1.000 (0.973)	
Train Epoch-20  Iter-350/706	loss 0.0087 (0.0811)	accu 1.000 (0.973)	
Train Epoch-20  Iter-375/706	loss 0.0069 (0.0796)	accu 1.000 (0.973)	
Train Epoch-20  Iter-400/706	loss 0.0118 (0.0817)	accu 1.000 (0.973)	
Train Epoch-20  Iter-425/706	loss 0.0210 (0.0836)	accu 1.000 (0.972)	
Train Epoch-20  Iter-450/706	loss 0.0932 (0.0818)	accu 0.875 (0.973)	
Train Epoch-20  Iter-475/706	loss 0.1035 (0.0864)	accu 1.000 (0.972)	
Train Epoch-20  Iter-500/706	loss 0.0406 (0.0883)	accu 1.000 (0.971)	
Train Epoch-20  Iter-525/706	loss 0.0123 (0.0882)	accu 1.000 (0.970)	
Train Epoch-20  Iter-550/706	loss 0.0127 (0.0892)	accu 1.000 (0.970)	
Train Epoch-20  Iter-575/706	loss 0.0613 (0.0881)	accu 1.000 (0.970)	
Train Epoch-20  Iter-600/706	loss 0.0073 (0.0872)	accu 1.000 (0.971)	
Train Epoch-20  Iter-625/706	loss 0.1118 (0.0869)	accu 1.000 (0.971)	
Train Epoch-20  Iter-650/706	loss 0.5356 (0.0890)	accu 0.875 (0.970)	
Train Epoch-20  Iter-675/706	loss 0.0393 (0.0894)	accu 1.000 (0.970)	
Train Epoch-20  Iter-700/706	loss 0.0097 (0.0903)	accu 1.000 (0.969)	
Eval Epoch-20  Iter-0  /52 	loss 0.8769 (0.8769)	accu 0.750 (0.750)	
Eval Epoch-20  Iter-25 /52 	loss 0.0581 (0.7185)	accu 1.000 (0.740)	
Eval Epoch-20  Iter-50 /52 	loss 1.0877 (0.9085)	accu 0.500 (0.730)	
Epoch-20  Train: loss 0.0900	accu 0.9694	Eval: loss 0.9473	accu 0.7260
Train Epoch-21  Iter-0  /706	loss 0.0662 (0.0662)	accu 1.000 (1.000)	
Train Epoch-21  Iter-25 /706	loss 0.0144 (0.0421)	accu 1.000 (0.990)	
Train Epoch-21  Iter-50 /706	loss 0.0053 (0.0916)	accu 1.000 (0.968)	
Train Epoch-21  Iter-75 /706	loss 0.0439 (0.0911)	accu 1.000 (0.965)	
Train Epoch-21  Iter-100/706	loss 0.2079 (0.0996)	accu 0.875 (0.963)	
Train Epoch-21  Iter-125/706	loss 0.0168 (0.0902)	accu 1.000 (0.966)	
Train Epoch-21  Iter-150/706	loss 0.0065 (0.0848)	accu 1.000 (0.969)	
Train Epoch-21  Iter-175/706	loss 0.0108 (0.0861)	accu 1.000 (0.969)	
Train Epoch-21  Iter-200/706	loss 0.0352 (0.0850)	accu 1.000 (0.970)	
Train Epoch-21  Iter-225/706	loss 0.0243 (0.0870)	accu 1.000 (0.970)	
Train Epoch-21  Iter-250/706	loss 0.0130 (0.0890)	accu 1.000 (0.970)	
Train Epoch-21  Iter-275/706	loss 0.0026 (0.0911)	accu 1.000 (0.969)	
Train Epoch-21  Iter-300/706	loss 0.0048 (0.0941)	accu 1.000 (0.969)	
Train Epoch-21  Iter-325/706	loss 0.0127 (0.0911)	accu 1.000 (0.970)	
Train Epoch-21  Iter-350/706	loss 0.4011 (0.0895)	accu 0.875 (0.970)	
Train Epoch-21  Iter-375/706	loss 0.0698 (0.0918)	accu 1.000 (0.968)	
Train Epoch-21  Iter-400/706	loss 0.0103 (0.0897)	accu 1.000 (0.969)	
Train Epoch-21  Iter-425/706	loss 0.0084 (0.0917)	accu 1.000 (0.968)	
Train Epoch-21  Iter-450/706	loss 0.0195 (0.0898)	accu 1.000 (0.969)	
Train Epoch-21  Iter-475/706	loss 0.2351 (0.0919)	accu 0.875 (0.968)	
Train Epoch-21  Iter-500/706	loss 0.0704 (0.0906)	accu 1.000 (0.969)	
Train Epoch-21  Iter-525/706	loss 0.0122 (0.0907)	accu 1.000 (0.969)	
Train Epoch-21  Iter-550/706	loss 0.0098 (0.0907)	accu 1.000 (0.969)	
Train Epoch-21  Iter-575/706	loss 0.1362 (0.0917)	accu 0.875 (0.969)	
Train Epoch-21  Iter-600/706	loss 0.0114 (0.0928)	accu 1.000 (0.969)	
Train Epoch-21  Iter-625/706	loss 0.6307 (0.0939)	accu 0.875 (0.968)	
Train Epoch-21  Iter-650/706	loss 0.0028 (0.0929)	accu 1.000 (0.968)	
Train Epoch-21  Iter-675/706	loss 0.0099 (0.0930)	accu 1.000 (0.968)	
Train Epoch-21  Iter-700/706	loss 0.0187 (0.0932)	accu 1.000 (0.968)	
Eval Epoch-21  Iter-0  /52 	loss 0.8802 (0.8802)	accu 0.750 (0.750)	
Eval Epoch-21  Iter-25 /52 	loss 0.0608 (0.7279)	accu 1.000 (0.731)	
Eval Epoch-21  Iter-50 /52 	loss 1.0612 (0.9095)	accu 0.500 (0.725)	
Epoch-21  Train: loss 0.0933	accu 0.9685	Eval: loss 0.9481	accu 0.7212
Train Epoch-22  Iter-0  /706	loss 0.0597 (0.0597)	accu 1.000 (1.000)	
Train Epoch-22  Iter-25 /706	loss 0.1319 (0.0545)	accu 0.875 (0.981)	
Train Epoch-22  Iter-50 /706	loss 0.0165 (0.0751)	accu 1.000 (0.978)	
Train Epoch-22  Iter-75 /706	loss 0.0398 (0.0883)	accu 1.000 (0.975)	
Train Epoch-22  Iter-100/706	loss 0.0136 (0.0902)	accu 1.000 (0.975)	
Train Epoch-22  Iter-125/706	loss 0.0371 (0.0860)	accu 1.000 (0.976)	
Train Epoch-22  Iter-150/706	loss 0.0972 (0.0966)	accu 1.000 (0.970)	
Train Epoch-22  Iter-175/706	loss 0.0134 (0.0939)	accu 1.000 (0.970)	
Train Epoch-22  Iter-200/706	loss 0.0040 (0.0957)	accu 1.000 (0.968)	
Train Epoch-22  Iter-225/706	loss 0.0157 (0.0954)	accu 1.000 (0.969)	
Train Epoch-22  Iter-250/706	loss 0.0082 (0.0941)	accu 1.000 (0.968)	
Train Epoch-22  Iter-275/706	loss 0.0452 (0.0941)	accu 1.000 (0.967)	
Train Epoch-22  Iter-300/706	loss 0.0193 (0.0944)	accu 1.000 (0.968)	
Train Epoch-22  Iter-325/706	loss 0.3688 (0.0938)	accu 0.875 (0.968)	
Train Epoch-22  Iter-350/706	loss 0.0194 (0.0926)	accu 1.000 (0.968)	
Train Epoch-22  Iter-375/706	loss 0.0146 (0.0906)	accu 1.000 (0.969)	
Train Epoch-22  Iter-400/706	loss 0.1167 (0.0899)	accu 1.000 (0.970)	
Train Epoch-22  Iter-425/706	loss 0.0380 (0.0896)	accu 1.000 (0.971)	
Train Epoch-22  Iter-450/706	loss 0.0223 (0.0895)	accu 1.000 (0.970)	
Train Epoch-22  Iter-475/706	loss 0.0865 (0.0897)	accu 1.000 (0.970)	
Train Epoch-22  Iter-500/706	loss 0.0130 (0.0897)	accu 1.000 (0.970)	
Train Epoch-22  Iter-525/706	loss 0.2288 (0.0901)	accu 0.875 (0.970)	
Train Epoch-22  Iter-550/706	loss 0.0307 (0.0896)	accu 1.000 (0.970)	
Train Epoch-22  Iter-575/706	loss 0.5589 (0.0927)	accu 0.875 (0.969)	
Train Epoch-22  Iter-600/706	loss 0.0088 (0.0925)	accu 1.000 (0.969)	
Train Epoch-22  Iter-625/706	loss 0.0126 (0.0931)	accu 1.000 (0.969)	
Train Epoch-22  Iter-650/706	loss 0.0143 (0.0911)	accu 1.000 (0.969)	
Train Epoch-22  Iter-675/706	loss 0.0070 (0.0901)	accu 1.000 (0.970)	
Train Epoch-22  Iter-700/706	loss 0.2038 (0.0914)	accu 0.875 (0.970)	
Eval Epoch-22  Iter-0  /52 	loss 0.8829 (0.8829)	accu 0.750 (0.750)	
Eval Epoch-22  Iter-25 /52 	loss 0.0628 (0.7363)	accu 1.000 (0.726)	
Eval Epoch-22  Iter-50 /52 	loss 1.0437 (0.9110)	accu 0.500 (0.723)	
Epoch-22  Train: loss 0.0919	accu 0.9701	Eval: loss 0.9494	accu 0.7188
Train Epoch-23  Iter-0  /706	loss 0.0157 (0.0157)	accu 1.000 (1.000)	
Train Epoch-23  Iter-25 /706	loss 0.0079 (0.0974)	accu 1.000 (0.971)	
Train Epoch-23  Iter-50 /706	loss 0.0118 (0.0928)	accu 1.000 (0.973)	
Train Epoch-23  Iter-75 /706	loss 0.0314 (0.1130)	accu 1.000 (0.969)	
Train Epoch-23  Iter-100/706	loss 0.0688 (0.1026)	accu 1.000 (0.969)	
Train Epoch-23  Iter-125/706	loss 0.0066 (0.1017)	accu 1.000 (0.968)	
Train Epoch-23  Iter-150/706	loss 0.0161 (0.1025)	accu 1.000 (0.967)	
Train Epoch-23  Iter-175/706	loss 0.1368 (0.1037)	accu 0.875 (0.967)	
Train Epoch-23  Iter-200/706	loss 0.2968 (0.1051)	accu 0.875 (0.966)	
Train Epoch-23  Iter-225/706	loss 0.1108 (0.1017)	accu 1.000 (0.967)	
Train Epoch-23  Iter-250/706	loss 0.0484 (0.1024)	accu 1.000 (0.966)	
Train Epoch-23  Iter-275/706	loss 0.0085 (0.1006)	accu 1.000 (0.966)	
Train Epoch-23  Iter-300/706	loss 0.0058 (0.0986)	accu 1.000 (0.966)	
Train Epoch-23  Iter-325/706	loss 0.0091 (0.0968)	accu 1.000 (0.967)	
Train Epoch-23  Iter-350/706	loss 0.1001 (0.0966)	accu 0.875 (0.967)	
Train Epoch-23  Iter-375/706	loss 0.0940 (0.0973)	accu 1.000 (0.965)	
Train Epoch-23  Iter-400/706	loss 0.0458 (0.0943)	accu 1.000 (0.967)	
Train Epoch-23  Iter-425/706	loss 0.0168 (0.0971)	accu 1.000 (0.967)	
Train Epoch-23  Iter-450/706	loss 0.0245 (0.0969)	accu 1.000 (0.967)	
Train Epoch-23  Iter-475/706	loss 0.0122 (0.0939)	accu 1.000 (0.968)	
Train Epoch-23  Iter-500/706	loss 0.2527 (0.0951)	accu 0.875 (0.968)	
Train Epoch-23  Iter-525/706	loss 0.0362 (0.0940)	accu 1.000 (0.968)	
Train Epoch-23  Iter-550/706	loss 0.2511 (0.0939)	accu 0.750 (0.968)	
Train Epoch-23  Iter-575/706	loss 0.0320 (0.0929)	accu 1.000 (0.968)	
Train Epoch-23  Iter-600/706	loss 0.0061 (0.0927)	accu 1.000 (0.968)	
Train Epoch-23  Iter-625/706	loss 0.0957 (0.0933)	accu 1.000 (0.968)	
Train Epoch-23  Iter-650/706	loss 0.0051 (0.0922)	accu 1.000 (0.969)	
Train Epoch-23  Iter-675/706	loss 0.0379 (0.0912)	accu 1.000 (0.969)	
Train Epoch-23  Iter-700/706	loss 0.0227 (0.0902)	accu 1.000 (0.970)	
Eval Epoch-23  Iter-0  /52 	loss 0.8887 (0.8887)	accu 0.750 (0.750)	
Eval Epoch-23  Iter-25 /52 	loss 0.0657 (0.7460)	accu 1.000 (0.726)	
Eval Epoch-23  Iter-50 /52 	loss 1.0229 (0.9126)	accu 0.500 (0.721)	
Epoch-23  Train: loss 0.0904	accu 0.9695	Eval: loss 0.9507	accu 0.7163
Train Epoch-24  Iter-0  /706	loss 0.0066 (0.0066)	accu 1.000 (1.000)	
Train Epoch-24  Iter-25 /706	loss 0.0197 (0.0698)	accu 1.000 (0.986)	
Train Epoch-24  Iter-50 /706	loss 0.0971 (0.0805)	accu 1.000 (0.975)	
Train Epoch-24  Iter-75 /706	loss 0.0254 (0.0919)	accu 1.000 (0.967)	
Train Epoch-24  Iter-100/706	loss 0.0303 (0.0893)	accu 1.000 (0.968)	
Train Epoch-24  Iter-125/706	loss 0.0589 (0.0948)	accu 1.000 (0.964)	
Train Epoch-24  Iter-150/706	loss 0.0152 (0.0916)	accu 1.000 (0.967)	
Train Epoch-24  Iter-175/706	loss 0.6137 (0.0904)	accu 0.875 (0.968)	
Train Epoch-24  Iter-200/706	loss 0.5324 (0.0883)	accu 0.750 (0.969)	
Train Epoch-24  Iter-225/706	loss 0.0514 (0.0892)	accu 1.000 (0.969)	
Train Epoch-24  Iter-250/706	loss 0.0059 (0.0891)	accu 1.000 (0.969)	
Train Epoch-24  Iter-275/706	loss 0.0377 (0.0885)	accu 1.000 (0.969)	
Train Epoch-24  Iter-300/706	loss 0.1108 (0.0894)	accu 1.000 (0.969)	
Train Epoch-24  Iter-325/706	loss 0.0559 (0.0877)	accu 1.000 (0.970)	
Train Epoch-24  Iter-350/706	loss 0.0273 (0.0877)	accu 1.000 (0.970)	
Train Epoch-24  Iter-375/706	loss 0.1238 (0.0894)	accu 0.875 (0.969)	
Train Epoch-24  Iter-400/706	loss 0.0805 (0.0898)	accu 1.000 (0.969)	
Train Epoch-24  Iter-425/706	loss 0.0757 (0.0895)	accu 1.000 (0.970)	
Train Epoch-24  Iter-450/706	loss 0.0314 (0.0873)	accu 1.000 (0.971)	
Train Epoch-24  Iter-475/706	loss 0.0233 (0.0881)	accu 1.000 (0.970)	
Train Epoch-24  Iter-500/706	loss 0.0246 (0.0856)	accu 1.000 (0.971)	
Train Epoch-24  Iter-525/706	loss 0.0793 (0.0865)	accu 1.000 (0.970)	
Train Epoch-24  Iter-550/706	loss 0.0294 (0.0866)	accu 1.000 (0.970)	
Train Epoch-24  Iter-575/706	loss 0.0624 (0.0891)	accu 1.000 (0.969)	
Train Epoch-24  Iter-600/706	loss 0.5240 (0.0901)	accu 0.875 (0.969)	
Train Epoch-24  Iter-625/706	loss 0.0240 (0.0879)	accu 1.000 (0.969)	
Train Epoch-24  Iter-650/706	loss 0.0123 (0.0881)	accu 1.000 (0.969)	
Train Epoch-24  Iter-675/706	loss 0.0216 (0.0877)	accu 1.000 (0.969)	
Train Epoch-24  Iter-700/706	loss 0.1350 (0.0870)	accu 0.875 (0.970)	
Eval Epoch-24  Iter-0  /52 	loss 0.8891 (0.8891)	accu 0.750 (0.750)	
Eval Epoch-24  Iter-25 /52 	loss 0.0643 (0.7427)	accu 1.000 (0.726)	
Eval Epoch-24  Iter-50 /52 	loss 1.0320 (0.9138)	accu 0.500 (0.723)	
Epoch-24  Train: loss 0.0879	accu 0.9689	Eval: loss 0.9522	accu 0.7188
Epoch    25: reducing learning rate of group 0 to 3.0000e-08.
Train Epoch-25  Iter-0  /706	loss 0.3181 (0.3181)	accu 0.875 (0.875)	
Train Epoch-25  Iter-25 /706	loss 0.0201 (0.0726)	accu 1.000 (0.971)	
Train Epoch-25  Iter-50 /706	loss 0.0491 (0.0922)	accu 1.000 (0.968)	
Train Epoch-25  Iter-75 /706	loss 0.3808 (0.1017)	accu 0.875 (0.965)	
Train Epoch-25  Iter-100/706	loss 0.1899 (0.1013)	accu 0.875 (0.965)	
Train Epoch-25  Iter-125/706	loss 0.0305 (0.0924)	accu 1.000 (0.969)	
Train Epoch-25  Iter-150/706	loss 0.0200 (0.0945)	accu 1.000 (0.967)	
Train Epoch-25  Iter-175/706	loss 0.5279 (0.1031)	accu 0.875 (0.964)	
Train Epoch-25  Iter-200/706	loss 0.0114 (0.0974)	accu 1.000 (0.966)	
Train Epoch-25  Iter-225/706	loss 0.0108 (0.0955)	accu 1.000 (0.967)	
Train Epoch-25  Iter-250/706	loss 0.0652 (0.0944)	accu 1.000 (0.968)	
Train Epoch-25  Iter-275/706	loss 0.0152 (0.0936)	accu 1.000 (0.967)	
Train Epoch-25  Iter-300/706	loss 0.2725 (0.0933)	accu 0.875 (0.967)	
Train Epoch-25  Iter-325/706	loss 0.0140 (0.0941)	accu 1.000 (0.967)	
Train Epoch-25  Iter-350/706	loss 0.0291 (0.0940)	accu 1.000 (0.968)	
Train Epoch-25  Iter-375/706	loss 0.0208 (0.0937)	accu 1.000 (0.967)	
Train Epoch-25  Iter-400/706	loss 0.4035 (0.0917)	accu 0.875 (0.968)	
Train Epoch-25  Iter-425/706	loss 0.1266 (0.0936)	accu 0.875 (0.967)	
Train Epoch-25  Iter-450/706	loss 0.0031 (0.0912)	accu 1.000 (0.968)	
Train Epoch-25  Iter-475/706	loss 0.1268 (0.0907)	accu 1.000 (0.968)	
Train Epoch-25  Iter-500/706	loss 0.1070 (0.0921)	accu 0.875 (0.968)	
Train Epoch-25  Iter-525/706	loss 0.2503 (0.0926)	accu 0.875 (0.968)	
Train Epoch-25  Iter-550/706	loss 0.0149 (0.0929)	accu 1.000 (0.968)	
Train Epoch-25  Iter-575/706	loss 0.0223 (0.0930)	accu 1.000 (0.967)	
Train Epoch-25  Iter-600/706	loss 0.2699 (0.0925)	accu 0.875 (0.968)	
Train Epoch-25  Iter-625/706	loss 0.0184 (0.0918)	accu 1.000 (0.968)	
Train Epoch-25  Iter-650/706	loss 0.0211 (0.0921)	accu 1.000 (0.968)	
Train Epoch-25  Iter-675/706	loss 0.0369 (0.0917)	accu 1.000 (0.968)	
Train Epoch-25  Iter-700/706	loss 0.6906 (0.0913)	accu 0.750 (0.968)	
Eval Epoch-25  Iter-0  /52 	loss 0.8887 (0.8887)	accu 0.750 (0.750)	
Eval Epoch-25  Iter-25 /52 	loss 0.0643 (0.7422)	accu 1.000 (0.726)	
Eval Epoch-25  Iter-50 /52 	loss 1.0318 (0.9135)	accu 0.500 (0.723)	
Epoch-25  Train: loss 0.0913	accu 0.9678	Eval: loss 0.9519	accu 0.7188
Train Epoch-26  Iter-0  /706	loss 0.0709 (0.0709)	accu 1.000 (1.000)	
Train Epoch-26  Iter-25 /706	loss 0.0318 (0.1188)	accu 1.000 (0.947)	
Train Epoch-26  Iter-50 /706	loss 0.0053 (0.0861)	accu 1.000 (0.966)	
Train Epoch-26  Iter-75 /706	loss 0.0290 (0.0736)	accu 1.000 (0.970)	
Train Epoch-26  Iter-100/706	loss 0.0034 (0.0803)	accu 1.000 (0.969)	
Train Epoch-26  Iter-125/706	loss 0.0069 (0.0879)	accu 1.000 (0.968)	
Train Epoch-26  Iter-150/706	loss 0.0808 (0.0831)	accu 1.000 (0.970)	
Train Epoch-26  Iter-175/706	loss 0.1010 (0.0832)	accu 0.875 (0.971)	
Train Epoch-26  Iter-200/706	loss 0.3430 (0.0889)	accu 0.875 (0.968)	
Train Epoch-26  Iter-225/706	loss 0.0299 (0.0914)	accu 1.000 (0.968)	
Train Epoch-26  Iter-250/706	loss 0.0330 (0.0888)	accu 1.000 (0.970)	
Train Epoch-26  Iter-275/706	loss 0.0253 (0.0897)	accu 1.000 (0.969)	
Train Epoch-26  Iter-300/706	loss 0.0112 (0.0913)	accu 1.000 (0.969)	
Train Epoch-26  Iter-325/706	loss 0.1305 (0.0948)	accu 1.000 (0.968)	
Train Epoch-26  Iter-350/706	loss 0.0971 (0.0947)	accu 1.000 (0.968)	
Train Epoch-26  Iter-375/706	loss 0.0133 (0.0934)	accu 1.000 (0.967)	
Train Epoch-26  Iter-400/706	loss 0.0183 (0.0933)	accu 1.000 (0.967)	
Train Epoch-26  Iter-425/706	loss 0.3463 (0.0914)	accu 0.875 (0.968)	
Train Epoch-26  Iter-450/706	loss 0.0068 (0.0904)	accu 1.000 (0.969)	
Train Epoch-26  Iter-475/706	loss 0.2014 (0.0932)	accu 0.875 (0.967)	
Train Epoch-26  Iter-500/706	loss 0.0239 (0.0921)	accu 1.000 (0.968)	
Train Epoch-26  Iter-525/706	loss 0.1454 (0.0914)	accu 0.875 (0.968)	
Train Epoch-26  Iter-550/706	loss 0.0462 (0.0915)	accu 1.000 (0.968)	
Train Epoch-26  Iter-575/706	loss 0.0181 (0.0940)	accu 1.000 (0.967)	
Train Epoch-26  Iter-600/706	loss 0.0056 (0.0933)	accu 1.000 (0.968)	
Train Epoch-26  Iter-625/706	loss 0.0115 (0.0935)	accu 1.000 (0.968)	
Train Epoch-26  Iter-650/706	loss 0.0037 (0.0946)	accu 1.000 (0.968)	
Train Epoch-26  Iter-675/706	loss 0.0112 (0.0932)	accu 1.000 (0.968)	
Train Epoch-26  Iter-700/706	loss 0.0692 (0.0933)	accu 1.000 (0.968)	
Eval Epoch-26  Iter-0  /52 	loss 0.8885 (0.8885)	accu 0.750 (0.750)	
Eval Epoch-26  Iter-25 /52 	loss 0.0643 (0.7418)	accu 1.000 (0.726)	
Eval Epoch-26  Iter-50 /52 	loss 1.0315 (0.9132)	accu 0.500 (0.723)	
Epoch-26  Train: loss 0.0927	accu 0.9683	Eval: loss 0.9516	accu 0.7188
Train Epoch-27  Iter-0  /706	loss 0.0840 (0.0840)	accu 1.000 (1.000)	
Train Epoch-27  Iter-25 /706	loss 0.0256 (0.1009)	accu 1.000 (0.971)	
Train Epoch-27  Iter-50 /706	loss 0.3934 (0.0962)	accu 0.875 (0.968)	
Train Epoch-27  Iter-75 /706	loss 0.0450 (0.0953)	accu 1.000 (0.967)	
Train Epoch-27  Iter-100/706	loss 0.0591 (0.1010)	accu 1.000 (0.965)	
Train Epoch-27  Iter-125/706	loss 0.3478 (0.1094)	accu 0.875 (0.964)	
Train Epoch-27  Iter-150/706	loss 0.0137 (0.1001)	accu 1.000 (0.969)	
Train Epoch-27  Iter-175/706	loss 0.0045 (0.0990)	accu 1.000 (0.968)	
Train Epoch-27  Iter-200/706	loss 0.0241 (0.0972)	accu 1.000 (0.969)	
Train Epoch-27  Iter-225/706	loss 0.0112 (0.0987)	accu 1.000 (0.968)	
Train Epoch-27  Iter-250/706	loss 0.0341 (0.1010)	accu 1.000 (0.966)	
Train Epoch-27  Iter-275/706	loss 0.0200 (0.0998)	accu 1.000 (0.967)	
Train Epoch-27  Iter-300/706	loss 0.0193 (0.1015)	accu 1.000 (0.966)	
Train Epoch-27  Iter-325/706	loss 0.0351 (0.0981)	accu 1.000 (0.967)	
Train Epoch-27  Iter-350/706	loss 0.0094 (0.0975)	accu 1.000 (0.968)	
Train Epoch-27  Iter-375/706	loss 0.1388 (0.0966)	accu 0.875 (0.967)	
Train Epoch-27  Iter-400/706	loss 0.0613 (0.0951)	accu 1.000 (0.968)	
Train Epoch-27  Iter-425/706	loss 0.0530 (0.0976)	accu 1.000 (0.967)	
Train Epoch-27  Iter-450/706	loss 0.2310 (0.0952)	accu 0.875 (0.967)	
Train Epoch-27  Iter-475/706	loss 0.0094 (0.0931)	accu 1.000 (0.968)	
Train Epoch-27  Iter-500/706	loss 0.0081 (0.0914)	accu 1.000 (0.969)	
Train Epoch-27  Iter-525/706	loss 0.0095 (0.0907)	accu 1.000 (0.969)	
Train Epoch-27  Iter-550/706	loss 0.0911 (0.0902)	accu 1.000 (0.969)	
Train Epoch-27  Iter-575/706	loss 0.0836 (0.0912)	accu 1.000 (0.969)	
Train Epoch-27  Iter-600/706	loss 0.1775 (0.0915)	accu 0.875 (0.968)	
Train Epoch-27  Iter-625/706	loss 0.0292 (0.0925)	accu 1.000 (0.968)	
Train Epoch-27  Iter-650/706	loss 0.0155 (0.0912)	accu 1.000 (0.968)	
Train Epoch-27  Iter-675/706	loss 0.0229 (0.0904)	accu 1.000 (0.969)	
Train Epoch-27  Iter-700/706	loss 0.0153 (0.0885)	accu 1.000 (0.970)	
Eval Epoch-27  Iter-0  /52 	loss 0.8887 (0.8887)	accu 0.750 (0.750)	
Eval Epoch-27  Iter-25 /52 	loss 0.0644 (0.7422)	accu 1.000 (0.726)	
Eval Epoch-27  Iter-50 /52 	loss 1.0300 (0.9132)	accu 0.500 (0.723)	
Epoch-27  Train: loss 0.0882	accu 0.9697	Eval: loss 0.9516	accu 0.7188
Train Epoch-28  Iter-0  /706	loss 0.2491 (0.2491)	accu 0.875 (0.875)	
Train Epoch-28  Iter-25 /706	loss 0.1405 (0.0794)	accu 0.875 (0.976)	
Train Epoch-28  Iter-50 /706	loss 0.0454 (0.0823)	accu 1.000 (0.968)	
Train Epoch-28  Iter-75 /706	loss 0.0148 (0.0870)	accu 1.000 (0.967)	
Train Epoch-28  Iter-100/706	loss 0.0230 (0.0915)	accu 1.000 (0.965)	
Train Epoch-28  Iter-125/706	loss 0.2717 (0.0876)	accu 0.875 (0.967)	
Train Epoch-28  Iter-150/706	loss 0.0234 (0.0881)	accu 1.000 (0.968)	
Train Epoch-28  Iter-175/706	loss 0.0049 (0.0871)	accu 1.000 (0.969)	
Train Epoch-28  Iter-200/706	loss 0.0487 (0.0806)	accu 1.000 (0.972)	
Train Epoch-28  Iter-225/706	loss 0.0029 (0.0844)	accu 1.000 (0.970)	
Train Epoch-28  Iter-250/706	loss 0.3498 (0.0838)	accu 0.875 (0.971)	
Train Epoch-28  Iter-275/706	loss 0.0089 (0.0829)	accu 1.000 (0.972)	
Train Epoch-28  Iter-300/706	loss 0.2020 (0.0845)	accu 0.875 (0.971)	
Train Epoch-28  Iter-325/706	loss 0.1231 (0.0838)	accu 0.875 (0.971)	
Train Epoch-28  Iter-350/706	loss 0.0089 (0.0852)	accu 1.000 (0.970)	
Train Epoch-28  Iter-375/706	loss 0.0122 (0.0885)	accu 1.000 (0.969)	
Train Epoch-28  Iter-400/706	loss 0.0552 (0.0885)	accu 1.000 (0.970)	
Train Epoch-28  Iter-425/706	loss 0.0507 (0.0873)	accu 1.000 (0.970)	
Train Epoch-28  Iter-450/706	loss 0.5691 (0.0906)	accu 0.875 (0.969)	
Train Epoch-28  Iter-475/706	loss 0.0146 (0.0886)	accu 1.000 (0.969)	
Train Epoch-28  Iter-500/706	loss 0.0164 (0.0872)	accu 1.000 (0.970)	
Train Epoch-28  Iter-525/706	loss 0.3457 (0.0849)	accu 0.875 (0.971)	
Train Epoch-28  Iter-550/706	loss 0.1286 (0.0852)	accu 0.875 (0.970)	
Train Epoch-28  Iter-575/706	loss 0.0479 (0.0878)	accu 1.000 (0.970)	
Train Epoch-28  Iter-600/706	loss 0.0258 (0.0891)	accu 1.000 (0.969)	
Train Epoch-28  Iter-625/706	loss 0.0089 (0.0893)	accu 1.000 (0.968)	
Train Epoch-28  Iter-650/706	loss 0.5667 (0.0907)	accu 0.875 (0.968)	
Train Epoch-28  Iter-675/706	loss 0.0294 (0.0901)	accu 1.000 (0.968)	
Train Epoch-28  Iter-700/706	loss 0.1919 (0.0907)	accu 0.875 (0.968)	
Eval Epoch-28  Iter-0  /52 	loss 0.8887 (0.8887)	accu 0.750 (0.750)	
Eval Epoch-28  Iter-25 /52 	loss 0.0645 (0.7421)	accu 1.000 (0.726)	
Eval Epoch-28  Iter-50 /52 	loss 1.0296 (0.9132)	accu 0.500 (0.723)	
Epoch-28  Train: loss 0.0902	accu 0.9683	Eval: loss 0.9516	accu 0.7188
Train Epoch-29  Iter-0  /706	loss 0.0073 (0.0073)	accu 1.000 (1.000)	
Train Epoch-29  Iter-25 /706	loss 0.0180 (0.0724)	accu 1.000 (0.971)	
Train Epoch-29  Iter-50 /706	loss 0.3133 (0.1081)	accu 0.875 (0.956)	
Train Epoch-29  Iter-75 /706	loss 0.0089 (0.0908)	accu 1.000 (0.962)	
Train Epoch-29  Iter-100/706	loss 0.0569 (0.0777)	accu 1.000 (0.969)	
Train Epoch-29  Iter-125/706	loss 0.1240 (0.0838)	accu 0.875 (0.969)	
Train Epoch-29  Iter-150/706	loss 0.0851 (0.0856)	accu 1.000 (0.971)	
Train Epoch-29  Iter-175/706	loss 0.0715 (0.0910)	accu 1.000 (0.968)	
Train Epoch-29  Iter-200/706	loss 0.0089 (0.0891)	accu 1.000 (0.968)	
Train Epoch-29  Iter-225/706	loss 0.4263 (0.1002)	accu 0.875 (0.964)	
Train Epoch-29  Iter-250/706	loss 0.1038 (0.0954)	accu 0.875 (0.966)	
Train Epoch-29  Iter-275/706	loss 0.0046 (0.1018)	accu 1.000 (0.964)	
Train Epoch-29  Iter-300/706	loss 0.0115 (0.1010)	accu 1.000 (0.964)	
Train Epoch-29  Iter-325/706	loss 0.0091 (0.0986)	accu 1.000 (0.966)	
Train Epoch-29  Iter-350/706	loss 0.0916 (0.0961)	accu 1.000 (0.967)	
Train Epoch-29  Iter-375/706	loss 0.3907 (0.0968)	accu 0.875 (0.967)	
Train Epoch-29  Iter-400/706	loss 0.0556 (0.0974)	accu 1.000 (0.967)	
Train Epoch-29  Iter-425/706	loss 0.0041 (0.0967)	accu 1.000 (0.967)	
Train Epoch-29  Iter-450/706	loss 0.2333 (0.0962)	accu 0.875 (0.968)	
Train Epoch-29  Iter-475/706	loss 0.0143 (0.0968)	accu 1.000 (0.968)	
Train Epoch-29  Iter-500/706	loss 0.2774 (0.0953)	accu 0.875 (0.969)	
Train Epoch-29  Iter-525/706	loss 0.0108 (0.0933)	accu 1.000 (0.969)	
Train Epoch-29  Iter-550/706	loss 0.0132 (0.0907)	accu 1.000 (0.970)	
Train Epoch-29  Iter-575/706	loss 0.0115 (0.0913)	accu 1.000 (0.970)	
Train Epoch-29  Iter-600/706	loss 0.0022 (0.0909)	accu 1.000 (0.970)	
Train Epoch-29  Iter-625/706	loss 0.0735 (0.0907)	accu 1.000 (0.970)	
Train Epoch-29  Iter-650/706	loss 0.0143 (0.0904)	accu 1.000 (0.970)	
Train Epoch-29  Iter-675/706	loss 0.1972 (0.0900)	accu 0.875 (0.970)	
Train Epoch-29  Iter-700/706	loss 0.1715 (0.0907)	accu 0.875 (0.970)	
Eval Epoch-29  Iter-0  /52 	loss 0.8884 (0.8884)	accu 0.750 (0.750)	
Eval Epoch-29  Iter-25 /52 	loss 0.0643 (0.7415)	accu 1.000 (0.726)	
Eval Epoch-29  Iter-50 /52 	loss 1.0317 (0.9132)	accu 0.500 (0.723)	
Epoch-29  Train: loss 0.0904	accu 0.9699	Eval: loss 0.9516	accu 0.7188
Eval Epoch-0   Iter-0  /52 	loss 0.7055 (0.7055)	accu 0.750 (0.750)	
Eval Epoch-0   Iter-25 /52 	loss 0.5855 (0.7694)	accu 0.750 (0.596)	
Eval Epoch-0   Iter-50 /52 	loss 0.1125 (0.5559)	accu 1.000 (0.718)	
Eval: loss 0.5501	accu 0.7212
Test Epoch-0   Iter-0  /59 	loss 0.1486 (0.1486)	accu 1.000 (1.000)	
Test Epoch-0   Iter-25 /59 	loss 0.4774 (0.6990)	accu 0.625 (0.635)	
Test Epoch-0   Iter-50 /59 	loss 0.2299 (0.5843)	accu 1.000 (0.738)	
Test: loss 0.5580	accu 0.7542
wandb: Waiting for W&B process to finish... (success).
wandb: 
wandb: Run history:
wandb:   Eval Acc ██▇▇▄▆▁▇▇▇▇▆▇█▇▇███████▇██████
wandb:  Eval Loss ▁▃▅▃█▅█▆▆▆▆█▇▇▇▇▇▆▆▆▆▆▇▇▇▇▇▇▇▇
wandb:  Train Acc ▁▅▆▆▇▇▇▇▇▇████████████████████
wandb: Train Loss █▅▃▃▂▂▂▃▂▂▁▁▁▁▁▁▁▁▁▁▁▁▁▁▁▁▁▁▁▁
wandb: 
wandb: Run summary:
wandb:   Eval Acc 0.71875
wandb:  Eval Loss 0.95165
wandb:  Train Acc 0.9699
wandb: Train Loss 0.09043
wandb: 
wandb: 🚀 View run devout-blaze-255 at: https://wandb.ai/is_project/vision_models/runs/n7uw036p
wandb: Synced 6 W&B file(s), 0 media file(s), 0 artifact file(s) and 0 other file(s)
wandb: Find logs at: ./wandb/run-20230612_181340-n7uw036p/logs
