wandb: Currently logged in as: shrey2809 (is_project). Use `wandb login --relogin` to force relogin
wandb: Tracking run with wandb version 0.15.4
wandb: Run data is saved locally in /scratch/AzureNfsServer_INPUT1/vc_data/users/gmanish/multiModalHate/IS-Hate-Speech/wandb/run-20230611_185557-05ekazsa
wandb: Run `wandb offline` to turn off syncing.
wandb: Syncing run stellar-disco-228
wandb: ⭐️ View project at https://wandb.ai/is_project/vision_models
wandb: 🚀 View run at https://wandb.ai/is_project/vision_models/runs/05ekazsa
number of available devices: 1
obtained dataloaders
Some weights of the model checkpoint at bert-large-cased were not used when initializing BertModel: ['cls.seq_relationship.bias', 'cls.predictions.bias', 'cls.predictions.transform.LayerNorm.bias', 'cls.seq_relationship.weight', 'cls.predictions.decoder.weight', 'cls.predictions.transform.dense.weight', 'cls.predictions.transform.dense.bias', 'cls.predictions.transform.LayerNorm.weight']
- This IS expected if you are initializing BertModel from the checkpoint of a model trained on another task or with another architecture (e.g. initializing a BertForSequenceClassification model from a BertForPreTraining model).
- This IS NOT expected if you are initializing BertModel from the checkpoint of a model that you expect to be exactly identical (initializing a BertForSequenceClassification model from a BertForSequenceClassification model).
loaded models
Train Epoch-0   Iter-0  /706	loss 1.6973 (1.6973)	accu 0.750 (0.750)	
Train Epoch-0   Iter-25 /706	loss 1.8145 (1.9077)	accu 0.625 (0.582)	
Train Epoch-0   Iter-50 /706	loss 1.5982 (1.8434)	accu 0.625 (0.596)	
Train Epoch-0   Iter-75 /706	loss 1.5338 (1.8363)	accu 0.750 (0.623)	
Train Epoch-0   Iter-100/706	loss 1.3895 (1.7438)	accu 0.875 (0.671)	
Train Epoch-0   Iter-125/706	loss 1.0306 (1.6925)	accu 0.875 (0.702)	
Train Epoch-0   Iter-150/706	loss 1.2832 (1.6543)	accu 0.875 (0.723)	
Train Epoch-0   Iter-175/706	loss 1.6665 (1.5839)	accu 0.750 (0.744)	
Train Epoch-0   Iter-200/706	loss 1.0167 (1.5573)	accu 0.875 (0.756)	
Train Epoch-0   Iter-225/706	loss 0.8156 (1.5100)	accu 1.000 (0.771)	
Train Epoch-0   Iter-250/706	loss 1.5534 (1.4534)	accu 0.750 (0.786)	
Train Epoch-0   Iter-275/706	loss 1.1851 (1.4245)	accu 0.875 (0.796)	
Train Epoch-0   Iter-300/706	loss 0.5726 (1.4261)	accu 0.875 (0.797)	
Train Epoch-0   Iter-325/706	loss 0.7225 (1.3933)	accu 0.875 (0.805)	
Train Epoch-0   Iter-350/706	loss 1.0493 (1.3795)	accu 0.750 (0.811)	
Train Epoch-0   Iter-375/706	loss 0.8825 (1.3568)	accu 1.000 (0.817)	
Train Epoch-0   Iter-400/706	loss 1.0728 (1.3357)	accu 0.875 (0.820)	
Train Epoch-0   Iter-425/706	loss 1.0660 (1.3221)	accu 0.875 (0.824)	
Train Epoch-0   Iter-450/706	loss 1.3356 (1.3048)	accu 0.750 (0.829)	
Train Epoch-0   Iter-475/706	loss 0.9280 (1.2881)	accu 0.875 (0.834)	
Train Epoch-0   Iter-500/706	loss 0.8968 (1.2831)	accu 0.875 (0.835)	
Train Epoch-0   Iter-525/706	loss 1.2182 (1.2719)	accu 0.750 (0.837)	
Train Epoch-0   Iter-550/706	loss 0.5239 (1.2561)	accu 1.000 (0.841)	
Train Epoch-0   Iter-575/706	loss 1.1478 (1.2435)	accu 0.875 (0.844)	
Train Epoch-0   Iter-600/706	loss 1.4711 (1.2364)	accu 0.750 (0.846)	
Train Epoch-0   Iter-625/706	loss 1.0821 (1.2373)	accu 0.875 (0.848)	
Train Epoch-0   Iter-650/706	loss 0.8352 (1.2248)	accu 1.000 (0.851)	
Train Epoch-0   Iter-675/706	loss 0.8996 (1.2146)	accu 0.875 (0.853)	
Train Epoch-0   Iter-700/706	loss 1.7564 (1.2064)	accu 0.750 (0.856)	
Eval Epoch-0   Iter-0  /52 	loss 2.8544 (2.8544)	accu 0.750 (0.750)	
Eval Epoch-0   Iter-25 /52 	loss 2.6239 (3.6629)	accu 0.750 (0.505)	
Eval Epoch-0   Iter-50 /52 	loss 0.1646 (2.5762)	accu 1.000 (0.640)	
Epoch-0   Train: loss 1.2017	accu 0.8566	Eval: loss 2.5311	accu 0.6466
Train Epoch-1   Iter-0  /706	loss 2.1292 (2.1292)	accu 0.750 (0.750)	
Train Epoch-1   Iter-25 /706	loss 0.7846 (1.1220)	accu 1.000 (0.861)	
Train Epoch-1   Iter-50 /706	loss 0.6205 (0.9788)	accu 0.750 (0.897)	
Train Epoch-1   Iter-75 /706	loss 0.7730 (0.9672)	accu 0.875 (0.906)	
Train Epoch-1   Iter-100/706	loss 1.7950 (0.9455)	accu 0.750 (0.907)	
Train Epoch-1   Iter-125/706	loss 1.7499 (0.9307)	accu 0.625 (0.903)	
Train Epoch-1   Iter-150/706	loss 0.8836 (0.9263)	accu 0.875 (0.904)	
Train Epoch-1   Iter-175/706	loss 1.0565 (0.9222)	accu 0.875 (0.903)	
Train Epoch-1   Iter-200/706	loss 0.2540 (0.9162)	accu 1.000 (0.905)	
Train Epoch-1   Iter-225/706	loss 1.5716 (0.9237)	accu 1.000 (0.907)	
Train Epoch-1   Iter-250/706	loss 1.3799 (0.9304)	accu 0.875 (0.907)	
Train Epoch-1   Iter-275/706	loss 2.4718 (0.9424)	accu 0.875 (0.908)	
Train Epoch-1   Iter-300/706	loss 0.4525 (0.9453)	accu 1.000 (0.909)	
Train Epoch-1   Iter-325/706	loss 1.3432 (0.9434)	accu 0.875 (0.909)	
Train Epoch-1   Iter-350/706	loss 2.1947 (0.9353)	accu 0.625 (0.909)	
Train Epoch-1   Iter-375/706	loss 0.6892 (0.9214)	accu 0.875 (0.911)	
Train Epoch-1   Iter-400/706	loss 0.6263 (0.9151)	accu 0.875 (0.911)	
Train Epoch-1   Iter-425/706	loss 1.2332 (0.9048)	accu 0.750 (0.912)	
Train Epoch-1   Iter-450/706	loss 0.2945 (0.8989)	accu 1.000 (0.913)	
Train Epoch-1   Iter-475/706	loss 2.7305 (0.8923)	accu 0.625 (0.914)	
Train Epoch-1   Iter-500/706	loss 0.3137 (0.8830)	accu 1.000 (0.915)	
Train Epoch-1   Iter-525/706	loss 1.4695 (0.8873)	accu 0.750 (0.914)	
Train Epoch-1   Iter-550/706	loss 0.4753 (0.8829)	accu 1.000 (0.914)	
Train Epoch-1   Iter-575/706	loss 1.3665 (0.8906)	accu 0.875 (0.914)	
Train Epoch-1   Iter-600/706	loss 0.8146 (0.8941)	accu 0.875 (0.914)	
Train Epoch-1   Iter-625/706	loss 0.5748 (0.8886)	accu 1.000 (0.914)	
Train Epoch-1   Iter-650/706	loss 0.6060 (0.8858)	accu 1.000 (0.915)	
Train Epoch-1   Iter-675/706	loss 0.4478 (0.8766)	accu 1.000 (0.916)	
Train Epoch-1   Iter-700/706	loss 0.3431 (0.8722)	accu 1.000 (0.916)	
Eval Epoch-1   Iter-0  /52 	loss 3.0728 (3.0728)	accu 0.625 (0.625)	
Eval Epoch-1   Iter-25 /52 	loss 1.6362 (3.3950)	accu 0.875 (0.438)	
Eval Epoch-1   Iter-50 /52 	loss 0.4129 (2.2291)	accu 1.000 (0.623)	
Epoch-1   Train: loss 0.8712	accu 0.9158	Eval: loss 2.2046	accu 0.6250
Train Epoch-2   Iter-0  /706	loss 0.3868 (0.3868)	accu 1.000 (1.000)	
Train Epoch-2   Iter-25 /706	loss 0.6896 (0.7820)	accu 1.000 (0.938)	
Train Epoch-2   Iter-50 /706	loss 0.5365 (0.7162)	accu 0.875 (0.941)	
Train Epoch-2   Iter-75 /706	loss 0.6828 (0.6894)	accu 1.000 (0.941)	
Train Epoch-2   Iter-100/706	loss 0.6378 (0.7233)	accu 1.000 (0.934)	
Train Epoch-2   Iter-125/706	loss 0.6560 (0.6981)	accu 1.000 (0.935)	
Train Epoch-2   Iter-150/706	loss 0.3987 (0.6726)	accu 1.000 (0.939)	
Train Epoch-2   Iter-175/706	loss 1.3093 (0.6685)	accu 0.875 (0.938)	
Train Epoch-2   Iter-200/706	loss 0.9708 (0.6634)	accu 0.875 (0.940)	
Train Epoch-2   Iter-225/706	loss 0.1520 (0.6786)	accu 1.000 (0.939)	
Train Epoch-2   Iter-250/706	loss 0.4113 (0.6914)	accu 1.000 (0.937)	
Train Epoch-2   Iter-275/706	loss 0.1944 (0.7057)	accu 1.000 (0.935)	
Train Epoch-2   Iter-300/706	loss 0.4808 (0.6911)	accu 0.875 (0.937)	
Train Epoch-2   Iter-325/706	loss 0.4248 (0.6905)	accu 0.875 (0.939)	
Train Epoch-2   Iter-350/706	loss 0.3279 (0.6810)	accu 1.000 (0.939)	
Train Epoch-2   Iter-375/706	loss 0.2209 (0.6801)	accu 1.000 (0.938)	
Train Epoch-2   Iter-400/706	loss 1.4475 (0.6915)	accu 0.750 (0.937)	
Train Epoch-2   Iter-425/706	loss 0.5110 (0.6865)	accu 0.875 (0.937)	
Train Epoch-2   Iter-450/706	loss 0.9166 (0.6776)	accu 0.875 (0.937)	
Train Epoch-2   Iter-475/706	loss 0.2992 (0.6642)	accu 1.000 (0.938)	
Train Epoch-2   Iter-500/706	loss 1.2065 (0.6604)	accu 0.750 (0.937)	
Train Epoch-2   Iter-525/706	loss 1.3958 (0.6647)	accu 0.750 (0.937)	
Train Epoch-2   Iter-550/706	loss 0.2387 (0.6622)	accu 1.000 (0.937)	
Train Epoch-2   Iter-575/706	loss 0.0825 (0.6616)	accu 1.000 (0.937)	
Train Epoch-2   Iter-600/706	loss 0.3016 (0.6520)	accu 1.000 (0.937)	
Train Epoch-2   Iter-625/706	loss 1.3265 (0.6568)	accu 0.875 (0.937)	
Train Epoch-2   Iter-650/706	loss 0.2935 (0.6574)	accu 1.000 (0.936)	
Train Epoch-2   Iter-675/706	loss 1.1084 (0.6577)	accu 0.750 (0.936)	
Train Epoch-2   Iter-700/706	loss 0.4805 (0.6559)	accu 1.000 (0.936)	
Eval Epoch-2   Iter-0  /52 	loss 3.3261 (3.3261)	accu 0.750 (0.750)	
Eval Epoch-2   Iter-25 /52 	loss 1.0387 (3.0245)	accu 1.000 (0.659)	
Eval Epoch-2   Iter-50 /52 	loss 2.6908 (2.4033)	accu 0.625 (0.713)	
Epoch-2   Train: loss 0.6586	accu 0.9358	Eval: loss 2.4055	accu 0.7115
Train Epoch-3   Iter-0  /706	loss 0.3862 (0.3862)	accu 1.000 (1.000)	
Train Epoch-3   Iter-25 /706	loss 0.8057 (0.5583)	accu 0.875 (0.947)	
Train Epoch-3   Iter-50 /706	loss 0.5719 (0.5420)	accu 1.000 (0.946)	
Train Epoch-3   Iter-75 /706	loss 0.5084 (0.5577)	accu 0.875 (0.939)	
Train Epoch-3   Iter-100/706	loss 0.4042 (0.5161)	accu 1.000 (0.946)	
Train Epoch-3   Iter-125/706	loss 0.2638 (0.4997)	accu 1.000 (0.949)	
Train Epoch-3   Iter-150/706	loss 0.7333 (0.4866)	accu 0.750 (0.946)	
Train Epoch-3   Iter-175/706	loss 0.4460 (0.4986)	accu 1.000 (0.947)	
Train Epoch-3   Iter-200/706	loss 1.1922 (0.5214)	accu 0.750 (0.946)	
Train Epoch-3   Iter-225/706	loss 0.9577 (0.5330)	accu 1.000 (0.946)	
Train Epoch-3   Iter-250/706	loss 0.3742 (0.5224)	accu 1.000 (0.949)	
Train Epoch-3   Iter-275/706	loss 1.0167 (0.5560)	accu 0.875 (0.945)	
Train Epoch-3   Iter-300/706	loss 1.0006 (0.5585)	accu 0.875 (0.944)	
Train Epoch-3   Iter-325/706	loss 0.2866 (0.5554)	accu 1.000 (0.942)	
Train Epoch-3   Iter-350/706	loss 0.5900 (0.5565)	accu 0.875 (0.941)	
Train Epoch-3   Iter-375/706	loss 0.0857 (0.5405)	accu 1.000 (0.942)	
Train Epoch-3   Iter-400/706	loss 1.2588 (0.5312)	accu 0.750 (0.943)	
Train Epoch-3   Iter-425/706	loss 0.5068 (0.5366)	accu 0.875 (0.942)	
Train Epoch-3   Iter-450/706	loss -0.0384 (0.5273)	accu 1.000 (0.943)	
Train Epoch-3   Iter-475/706	loss 0.1240 (0.5181)	accu 1.000 (0.944)	
Train Epoch-3   Iter-500/706	loss 0.0716 (0.5249)	accu 1.000 (0.944)	
Train Epoch-3   Iter-525/706	loss 0.3337 (0.5197)	accu 0.875 (0.945)	
Train Epoch-3   Iter-550/706	loss 0.4456 (0.5129)	accu 1.000 (0.946)	
Train Epoch-3   Iter-575/706	loss 2.2843 (0.5101)	accu 0.750 (0.946)	
Train Epoch-3   Iter-600/706	loss -0.0320 (0.5090)	accu 1.000 (0.946)	
Train Epoch-3   Iter-625/706	loss 0.3762 (0.5094)	accu 1.000 (0.946)	
Train Epoch-3   Iter-650/706	loss 0.1417 (0.5035)	accu 1.000 (0.947)	
Train Epoch-3   Iter-675/706	loss 0.4985 (0.5048)	accu 0.875 (0.946)	
Train Epoch-3   Iter-700/706	loss 1.8585 (0.5071)	accu 0.750 (0.945)	
Eval Epoch-3   Iter-0  /52 	loss 3.0462 (3.0462)	accu 0.750 (0.750)	
Eval Epoch-3   Iter-25 /52 	loss 1.7594 (2.5803)	accu 0.750 (0.784)	
Eval Epoch-3   Iter-50 /52 	loss 3.1504 (2.4569)	accu 0.500 (0.743)	
Epoch-3   Train: loss 0.5076	accu 0.9455	Eval: loss 2.4305	accu 0.7428
Train Epoch-4   Iter-0  /706	loss 0.5759 (0.5759)	accu 0.875 (0.875)	
Train Epoch-4   Iter-25 /706	loss 1.4304 (0.6482)	accu 0.875 (0.942)	
Train Epoch-4   Iter-50 /706	loss 1.4595 (0.5161)	accu 0.875 (0.958)	
Train Epoch-4   Iter-75 /706	loss 0.3944 (0.5143)	accu 1.000 (0.954)	
Train Epoch-4   Iter-100/706	loss 0.3857 (0.4725)	accu 0.875 (0.952)	
Train Epoch-4   Iter-125/706	loss -0.0485 (0.4373)	accu 1.000 (0.953)	
Train Epoch-4   Iter-150/706	loss 0.0066 (0.4791)	accu 1.000 (0.944)	
Train Epoch-4   Iter-175/706	loss 0.1154 (0.4938)	accu 1.000 (0.943)	
Train Epoch-4   Iter-200/706	loss 1.2929 (0.5085)	accu 0.875 (0.942)	
Train Epoch-4   Iter-225/706	loss 0.0634 (0.4811)	accu 0.875 (0.945)	
Train Epoch-4   Iter-250/706	loss 0.8396 (0.4829)	accu 1.000 (0.944)	
Train Epoch-4   Iter-275/706	loss 0.4063 (0.4938)	accu 0.875 (0.940)	
Train Epoch-4   Iter-300/706	loss 0.2919 (0.4777)	accu 0.875 (0.942)	
Train Epoch-4   Iter-325/706	loss 0.1488 (0.4882)	accu 1.000 (0.941)	
Train Epoch-4   Iter-350/706	loss 0.2501 (0.4924)	accu 1.000 (0.941)	
Train Epoch-4   Iter-375/706	loss 0.1088 (0.4915)	accu 1.000 (0.940)	
Train Epoch-4   Iter-400/706	loss 0.2149 (0.4956)	accu 1.000 (0.940)	
Train Epoch-4   Iter-425/706	loss 1.5999 (0.5054)	accu 0.875 (0.938)	
Train Epoch-4   Iter-450/706	loss 0.1421 (0.4934)	accu 1.000 (0.940)	
Train Epoch-4   Iter-475/706	loss 1.2839 (0.4802)	accu 0.875 (0.941)	
Train Epoch-4   Iter-500/706	loss 0.7981 (0.4715)	accu 0.750 (0.942)	
Train Epoch-4   Iter-525/706	loss 0.0191 (0.4625)	accu 1.000 (0.943)	
Train Epoch-4   Iter-550/706	loss 1.0200 (0.4522)	accu 0.875 (0.944)	
Train Epoch-4   Iter-575/706	loss 1.7612 (0.4602)	accu 0.500 (0.943)	
Train Epoch-4   Iter-600/706	loss -0.0387 (0.4644)	accu 1.000 (0.943)	
Train Epoch-4   Iter-625/706	loss 0.1903 (0.4638)	accu 1.000 (0.943)	
Train Epoch-4   Iter-650/706	loss 1.9790 (0.4648)	accu 0.875 (0.943)	
Train Epoch-4   Iter-675/706	loss -0.0219 (0.4574)	accu 1.000 (0.944)	
Train Epoch-4   Iter-700/706	loss 0.0645 (0.4583)	accu 1.000 (0.944)	
Eval Epoch-4   Iter-0  /52 	loss 2.6182 (2.6182)	accu 0.750 (0.750)	
Eval Epoch-4   Iter-25 /52 	loss 2.9137 (4.5248)	accu 0.750 (0.447)	
Eval Epoch-4   Iter-50 /52 	loss 3.1428 (3.2070)	accu 0.500 (0.588)	
Epoch-4   Train: loss 0.4569	accu 0.9441	Eval: loss 3.1908	accu 0.5865
Train Epoch-5   Iter-0  /706	loss 0.2146 (0.2146)	accu 1.000 (1.000)	
Train Epoch-5   Iter-25 /706	loss 0.5534 (0.4437)	accu 1.000 (0.957)	
Train Epoch-5   Iter-50 /706	loss 0.3580 (0.3713)	accu 0.875 (0.958)	
Train Epoch-5   Iter-75 /706	loss 1.0830 (0.3544)	accu 0.875 (0.951)	
Train Epoch-5   Iter-100/706	loss 0.2937 (0.3846)	accu 1.000 (0.949)	
Train Epoch-5   Iter-125/706	loss -0.1070 (0.4118)	accu 1.000 (0.946)	
Train Epoch-5   Iter-150/706	loss 0.1587 (0.4145)	accu 1.000 (0.945)	
Train Epoch-5   Iter-175/706	loss 0.2464 (0.4215)	accu 1.000 (0.945)	
Train Epoch-5   Iter-200/706	loss 0.2365 (0.4081)	accu 1.000 (0.947)	
Train Epoch-5   Iter-225/706	loss 0.3580 (0.4045)	accu 1.000 (0.945)	
Train Epoch-5   Iter-250/706	loss -0.1586 (0.3826)	accu 1.000 (0.946)	
Train Epoch-5   Iter-275/706	loss 0.2725 (0.3813)	accu 1.000 (0.948)	
Train Epoch-5   Iter-300/706	loss -0.1564 (0.3691)	accu 1.000 (0.950)	
Train Epoch-5   Iter-325/706	loss 0.1997 (0.3629)	accu 1.000 (0.951)	
Train Epoch-5   Iter-350/706	loss 0.7283 (0.3903)	accu 0.875 (0.947)	
Train Epoch-5   Iter-375/706	loss 0.4280 (0.4008)	accu 0.875 (0.944)	
Train Epoch-5   Iter-400/706	loss -0.0423 (0.3912)	accu 1.000 (0.944)	
Train Epoch-5   Iter-425/706	loss 1.3230 (0.3960)	accu 1.000 (0.945)	
Train Epoch-5   Iter-450/706	loss 0.4263 (0.3930)	accu 0.875 (0.944)	
Train Epoch-5   Iter-475/706	loss 0.2360 (0.3973)	accu 1.000 (0.945)	
Train Epoch-5   Iter-500/706	loss 0.3187 (0.3879)	accu 1.000 (0.946)	
Train Epoch-5   Iter-525/706	loss 1.1371 (0.3886)	accu 1.000 (0.945)	
Train Epoch-5   Iter-550/706	loss 0.2354 (0.3958)	accu 1.000 (0.945)	
Train Epoch-5   Iter-575/706	loss -0.2029 (0.3878)	accu 1.000 (0.946)	
Train Epoch-5   Iter-600/706	loss 0.5182 (0.3843)	accu 1.000 (0.946)	
Train Epoch-5   Iter-625/706	loss 0.1155 (0.3738)	accu 1.000 (0.947)	
Train Epoch-5   Iter-650/706	loss -0.1464 (0.3628)	accu 1.000 (0.948)	
Train Epoch-5   Iter-675/706	loss 0.8466 (0.3659)	accu 0.750 (0.948)	
Train Epoch-5   Iter-700/706	loss -0.0640 (0.3678)	accu 1.000 (0.949)	
Eval Epoch-5   Iter-0  /52 	loss 2.4931 (2.4931)	accu 0.875 (0.875)	
Eval Epoch-5   Iter-25 /52 	loss 1.6289 (4.2157)	accu 0.875 (0.659)	
Eval Epoch-5   Iter-50 /52 	loss 4.9382 (3.4329)	accu 0.500 (0.686)	
Epoch-5   Train: loss 0.3675	accu 0.9490	Eval: loss 3.4628	accu 0.6827
Train Epoch-6   Iter-0  /706	loss 0.2879 (0.2879)	accu 1.000 (1.000)	
Train Epoch-6   Iter-25 /706	loss -0.2079 (0.1762)	accu 1.000 (0.981)	
Train Epoch-6   Iter-50 /706	loss -0.0052 (0.2927)	accu 1.000 (0.968)	
Train Epoch-6   Iter-75 /706	loss 0.0187 (0.2776)	accu 1.000 (0.962)	
Train Epoch-6   Iter-100/706	loss 0.6114 (0.3118)	accu 0.875 (0.964)	
Train Epoch-6   Iter-125/706	loss -0.0287 (0.2938)	accu 1.000 (0.964)	
Train Epoch-6   Iter-150/706	loss 0.3159 (0.2796)	accu 1.000 (0.965)	
Train Epoch-6   Iter-175/706	loss 0.1355 (0.2648)	accu 0.875 (0.964)	
Train Epoch-6   Iter-200/706	loss 1.9886 (0.2718)	accu 0.875 (0.963)	
Train Epoch-6   Iter-225/706	loss 0.1641 (0.2671)	accu 1.000 (0.962)	
Train Epoch-6   Iter-250/706	loss -0.1943 (0.2595)	accu 1.000 (0.960)	
Train Epoch-6   Iter-275/706	loss 1.6179 (0.2432)	accu 0.875 (0.960)	
Train Epoch-6   Iter-300/706	loss -0.0456 (0.2553)	accu 1.000 (0.958)	
Train Epoch-6   Iter-325/706	loss -0.3149 (0.2562)	accu 1.000 (0.959)	
Train Epoch-6   Iter-350/706	loss -0.0805 (0.2521)	accu 1.000 (0.959)	
Train Epoch-6   Iter-375/706	loss -0.2369 (0.2601)	accu 1.000 (0.958)	
Train Epoch-6   Iter-400/706	loss 0.0971 (0.2565)	accu 0.875 (0.959)	
Train Epoch-6   Iter-425/706	loss 0.3422 (0.2611)	accu 1.000 (0.957)	
Train Epoch-6   Iter-450/706	loss -0.0488 (0.2516)	accu 1.000 (0.958)	
Train Epoch-6   Iter-475/706	loss -0.1606 (0.2575)	accu 1.000 (0.958)	
Train Epoch-6   Iter-500/706	loss -0.1821 (0.2646)	accu 1.000 (0.957)	
Train Epoch-6   Iter-525/706	loss 0.1661 (0.2629)	accu 1.000 (0.957)	
Train Epoch-6   Iter-550/706	loss 0.0712 (0.2543)	accu 1.000 (0.958)	
Train Epoch-6   Iter-575/706	loss 1.4410 (0.2644)	accu 0.875 (0.957)	
Train Epoch-6   Iter-600/706	loss 0.1623 (0.2602)	accu 0.875 (0.957)	
Train Epoch-6   Iter-625/706	loss -0.2632 (0.2529)	accu 1.000 (0.958)	
Train Epoch-6   Iter-650/706	loss 1.8305 (0.2563)	accu 0.875 (0.957)	
Train Epoch-6   Iter-675/706	loss 1.8369 (0.2602)	accu 0.750 (0.957)	
Train Epoch-6   Iter-700/706	loss 1.4650 (0.2564)	accu 0.875 (0.958)	
Eval Epoch-6   Iter-0  /52 	loss 4.2655 (4.2655)	accu 0.750 (0.750)	
Eval Epoch-6   Iter-25 /52 	loss 2.0648 (5.3914)	accu 0.875 (0.596)	
Eval Epoch-6   Iter-50 /52 	loss 7.6559 (4.4367)	accu 0.500 (0.654)	
Epoch-6   Train: loss 0.2575	accu 0.9577	Eval: loss 4.4656	accu 0.6514
Train Epoch-7   Iter-0  /706	loss 1.3929 (1.3929)	accu 0.750 (0.750)	
Train Epoch-7   Iter-25 /706	loss -0.1462 (0.1480)	accu 1.000 (0.966)	
Train Epoch-7   Iter-50 /706	loss -0.2539 (0.2688)	accu 1.000 (0.956)	
Train Epoch-7   Iter-75 /706	loss -0.2224 (0.2435)	accu 1.000 (0.954)	
Train Epoch-7   Iter-100/706	loss 0.1745 (0.2671)	accu 1.000 (0.955)	
Train Epoch-7   Iter-125/706	loss -0.1875 (0.2432)	accu 1.000 (0.957)	
Train Epoch-7   Iter-150/706	loss 1.2849 (0.2393)	accu 0.750 (0.956)	
Train Epoch-7   Iter-175/706	loss -0.1633 (0.2221)	accu 1.000 (0.959)	
Train Epoch-7   Iter-200/706	loss 1.8363 (0.2025)	accu 0.875 (0.961)	
Train Epoch-7   Iter-225/706	loss 1.2772 (0.1980)	accu 0.875 (0.962)	
Train Epoch-7   Iter-250/706	loss -0.0101 (0.1984)	accu 1.000 (0.963)	
Train Epoch-7   Iter-275/706	loss -0.2970 (0.1967)	accu 1.000 (0.962)	
Train Epoch-7   Iter-300/706	loss -0.0545 (0.2141)	accu 1.000 (0.961)	
Train Epoch-7   Iter-325/706	loss -0.0829 (0.2168)	accu 1.000 (0.961)	
Train Epoch-7   Iter-350/706	loss -0.2790 (0.2269)	accu 1.000 (0.958)	
Train Epoch-7   Iter-375/706	loss 0.1248 (0.2240)	accu 1.000 (0.958)	
Train Epoch-7   Iter-400/706	loss -0.3012 (0.2245)	accu 1.000 (0.958)	
Train Epoch-7   Iter-425/706	loss -0.0633 (0.2246)	accu 1.000 (0.959)	
Train Epoch-7   Iter-450/706	loss 0.2602 (0.2150)	accu 1.000 (0.960)	
Train Epoch-7   Iter-475/706	loss -0.2562 (0.2185)	accu 1.000 (0.960)	
Train Epoch-7   Iter-500/706	loss -0.0311 (0.2156)	accu 1.000 (0.959)	
Train Epoch-7   Iter-525/706	loss 0.3943 (0.2086)	accu 0.750 (0.959)	
Train Epoch-7   Iter-550/706	loss 0.0306 (0.2014)	accu 0.875 (0.960)	
Train Epoch-7   Iter-575/706	loss -0.4132 (0.2033)	accu 1.000 (0.959)	
Train Epoch-7   Iter-600/706	loss -0.2239 (0.2024)	accu 1.000 (0.959)	
Train Epoch-7   Iter-625/706	loss -0.1937 (0.2044)	accu 1.000 (0.959)	
Train Epoch-7   Iter-650/706	loss 0.1253 (0.2027)	accu 1.000 (0.959)	
Train Epoch-7   Iter-675/706	loss -0.2660 (0.2039)	accu 1.000 (0.959)	
Train Epoch-7   Iter-700/706	loss -0.0687 (0.2152)	accu 1.000 (0.958)	
Eval Epoch-7   Iter-0  /52 	loss 4.2358 (4.2358)	accu 0.750 (0.750)	
Eval Epoch-7   Iter-25 /52 	loss 3.0068 (5.4849)	accu 0.625 (0.558)	
Eval Epoch-7   Iter-50 /52 	loss 3.6602 (3.8831)	accu 0.625 (0.659)	
Epoch-7   Train: loss 0.2150	accu 0.9586	Eval: loss 3.8173	accu 0.6635
Epoch     8: reducing learning rate of group 0 to 3.0000e-05.
Train Epoch-8   Iter-0  /706	loss 0.1287 (0.1287)	accu 1.000 (1.000)	
Train Epoch-8   Iter-25 /706	loss 0.8218 (0.2505)	accu 0.875 (0.952)	
Train Epoch-8   Iter-50 /706	loss -0.4310 (0.1638)	accu 1.000 (0.961)	
Train Epoch-8   Iter-75 /706	loss 0.0497 (0.1887)	accu 1.000 (0.959)	
Train Epoch-8   Iter-100/706	loss -0.2130 (0.1702)	accu 1.000 (0.962)	
Train Epoch-8   Iter-125/706	loss -0.0808 (0.1707)	accu 1.000 (0.959)	
Train Epoch-8   Iter-150/706	loss 0.1850 (0.1662)	accu 1.000 (0.957)	
Train Epoch-8   Iter-175/706	loss -0.3714 (0.1289)	accu 1.000 (0.959)	
Train Epoch-8   Iter-200/706	loss -0.0573 (0.1104)	accu 1.000 (0.961)	
Train Epoch-8   Iter-225/706	loss -0.3549 (0.0974)	accu 1.000 (0.961)	
Train Epoch-8   Iter-250/706	loss 0.4739 (0.0941)	accu 0.875 (0.961)	
Train Epoch-8   Iter-275/706	loss 1.5066 (0.0795)	accu 0.875 (0.963)	
Train Epoch-8   Iter-300/706	loss -0.4760 (0.0737)	accu 1.000 (0.964)	
Train Epoch-8   Iter-325/706	loss -0.2518 (0.0697)	accu 1.000 (0.965)	
Train Epoch-8   Iter-350/706	loss -0.3585 (0.0646)	accu 1.000 (0.965)	
Train Epoch-8   Iter-375/706	loss 0.8107 (0.0696)	accu 0.875 (0.965)	
Train Epoch-8   Iter-400/706	loss 0.8158 (0.0663)	accu 0.875 (0.965)	
Train Epoch-8   Iter-425/706	loss -0.3348 (0.0620)	accu 1.000 (0.966)	
Train Epoch-8   Iter-450/706	loss -0.3597 (0.0549)	accu 1.000 (0.967)	
Train Epoch-8   Iter-475/706	loss -0.3535 (0.0522)	accu 1.000 (0.967)	
Train Epoch-8   Iter-500/706	loss 1.2191 (0.0491)	accu 0.750 (0.968)	
Train Epoch-8   Iter-525/706	loss 0.0480 (0.0469)	accu 1.000 (0.968)	
Train Epoch-8   Iter-550/706	loss -0.0719 (0.0451)	accu 1.000 (0.968)	
Train Epoch-8   Iter-575/706	loss 0.6075 (0.0452)	accu 0.875 (0.969)	
Train Epoch-8   Iter-600/706	loss -0.1983 (0.0452)	accu 1.000 (0.969)	
Train Epoch-8   Iter-625/706	loss 0.6396 (0.0386)	accu 1.000 (0.970)	
Train Epoch-8   Iter-650/706	loss -0.4790 (0.0355)	accu 1.000 (0.970)	
Train Epoch-8   Iter-675/706	loss 1.9880 (0.0359)	accu 0.875 (0.969)	
Train Epoch-8   Iter-700/706	loss -0.2371 (0.0336)	accu 1.000 (0.969)	
Eval Epoch-8   Iter-0  /52 	loss 4.5230 (4.5230)	accu 0.750 (0.750)	
Eval Epoch-8   Iter-25 /52 	loss 3.6421 (6.1684)	accu 0.625 (0.596)	
Eval Epoch-8   Iter-50 /52 	loss 3.9591 (4.4564)	accu 0.625 (0.674)	
Epoch-8   Train: loss 0.0315	accu 0.9694	Eval: loss 4.3726	accu 0.6779
Train Epoch-9   Iter-0  /706	loss -0.2235 (-0.2235)	accu 1.000 (1.000)	
Train Epoch-9   Iter-25 /706	loss -0.1454 (0.0544)	accu 1.000 (0.957)	
Train Epoch-9   Iter-50 /706	loss -0.5070 (-0.0533)	accu 1.000 (0.966)	
Train Epoch-9   Iter-75 /706	loss -0.2427 (-0.0245)	accu 1.000 (0.965)	
Train Epoch-9   Iter-100/706	loss -0.3385 (-0.0485)	accu 1.000 (0.967)	
Train Epoch-9   Iter-125/706	loss -0.4523 (-0.0504)	accu 1.000 (0.970)	
Train Epoch-9   Iter-150/706	loss -0.4543 (-0.0564)	accu 1.000 (0.971)	
Train Epoch-9   Iter-175/706	loss 4.3146 (-0.0299)	accu 0.875 (0.971)	
Train Epoch-9   Iter-200/706	loss 0.2959 (-0.0246)	accu 0.875 (0.970)	
Train Epoch-9   Iter-225/706	loss -0.1493 (-0.0292)	accu 1.000 (0.971)	
Train Epoch-9   Iter-250/706	loss 1.4602 (-0.0346)	accu 0.750 (0.971)	
Train Epoch-9   Iter-275/706	loss -0.3805 (-0.0365)	accu 1.000 (0.971)	
Train Epoch-9   Iter-300/706	loss -0.1867 (-0.0321)	accu 1.000 (0.971)	
Train Epoch-9   Iter-325/706	loss -0.4632 (-0.0413)	accu 1.000 (0.972)	
Train Epoch-9   Iter-350/706	loss -0.1431 (-0.0254)	accu 1.000 (0.970)	
Train Epoch-9   Iter-375/706	loss -0.1798 (-0.0320)	accu 1.000 (0.971)	
Train Epoch-9   Iter-400/706	loss -0.4070 (-0.0312)	accu 1.000 (0.972)	
Train Epoch-9   Iter-425/706	loss -0.2707 (-0.0238)	accu 1.000 (0.971)	
Train Epoch-9   Iter-450/706	loss -0.4496 (-0.0315)	accu 1.000 (0.972)	
Train Epoch-9   Iter-475/706	loss -0.2845 (-0.0363)	accu 1.000 (0.973)	
Train Epoch-9   Iter-500/706	loss -0.1787 (-0.0328)	accu 1.000 (0.972)	
Train Epoch-9   Iter-525/706	loss -0.2684 (-0.0301)	accu 1.000 (0.972)	
Train Epoch-9   Iter-550/706	loss 0.0575 (-0.0271)	accu 1.000 (0.972)	
Train Epoch-9   Iter-575/706	loss -0.3746 (-0.0315)	accu 1.000 (0.972)	
Train Epoch-9   Iter-600/706	loss 0.2127 (-0.0239)	accu 1.000 (0.971)	
Train Epoch-9   Iter-625/706	loss 0.0143 (-0.0245)	accu 1.000 (0.971)	
Train Epoch-9   Iter-650/706	loss 0.2377 (-0.0252)	accu 0.875 (0.971)	
Train Epoch-9   Iter-675/706	loss -0.3071 (-0.0234)	accu 1.000 (0.971)	
Train Epoch-9   Iter-700/706	loss -0.1981 (-0.0293)	accu 1.000 (0.972)	
Eval Epoch-9   Iter-0  /52 	loss 3.9984 (3.9984)	accu 0.750 (0.750)	
Eval Epoch-9   Iter-25 /52 	loss 2.8668 (5.4557)	accu 0.625 (0.606)	
Eval Epoch-9   Iter-50 /52 	loss 5.4278 (4.1374)	accu 0.625 (0.679)	
Epoch-9   Train: loss -0.0299	accu 0.9720	Eval: loss 4.0689	accu 0.6827
Train Epoch-10  Iter-0  /706	loss -0.1589 (-0.1589)	accu 1.000 (1.000)	
Train Epoch-10  Iter-25 /706	loss -0.0093 (-0.1263)	accu 1.000 (0.976)	
Train Epoch-10  Iter-50 /706	loss 1.3895 (-0.0609)	accu 0.875 (0.975)	
Train Epoch-10  Iter-75 /706	loss -0.2411 (-0.0695)	accu 1.000 (0.977)	
Train Epoch-10  Iter-100/706	loss 0.1289 (-0.0781)	accu 1.000 (0.978)	
Train Epoch-10  Iter-125/706	loss -0.2721 (-0.0765)	accu 1.000 (0.975)	
Train Epoch-10  Iter-150/706	loss 0.1097 (-0.0916)	accu 0.875 (0.975)	
Train Epoch-10  Iter-175/706	loss 0.1327 (-0.0695)	accu 0.875 (0.973)	
Train Epoch-10  Iter-200/706	loss -0.2842 (-0.0712)	accu 1.000 (0.973)	
Train Epoch-10  Iter-225/706	loss -0.3961 (-0.0743)	accu 1.000 (0.972)	
Train Epoch-10  Iter-250/706	loss -0.0025 (-0.0784)	accu 1.000 (0.974)	
Train Epoch-10  Iter-275/706	loss -0.0776 (-0.0751)	accu 1.000 (0.974)	
Train Epoch-10  Iter-300/706	loss 0.8538 (-0.0851)	accu 0.875 (0.974)	
Train Epoch-10  Iter-325/706	loss -0.1087 (-0.0728)	accu 1.000 (0.974)	
Train Epoch-10  Iter-350/706	loss 0.6513 (-0.0695)	accu 1.000 (0.974)	
Train Epoch-10  Iter-375/706	loss 0.0324 (-0.0659)	accu 1.000 (0.974)	
Train Epoch-10  Iter-400/706	loss -0.1169 (-0.0595)	accu 1.000 (0.974)	
Train Epoch-10  Iter-425/706	loss -0.3130 (-0.0574)	accu 1.000 (0.973)	
Train Epoch-10  Iter-450/706	loss 0.8342 (-0.0522)	accu 0.875 (0.973)	
Train Epoch-10  Iter-475/706	loss -0.2557 (-0.0441)	accu 1.000 (0.973)	
Train Epoch-10  Iter-500/706	loss -0.2852 (-0.0425)	accu 1.000 (0.973)	
Train Epoch-10  Iter-525/706	loss -0.2642 (-0.0383)	accu 1.000 (0.973)	
Train Epoch-10  Iter-550/706	loss 0.2539 (-0.0375)	accu 1.000 (0.973)	
Train Epoch-10  Iter-575/706	loss -0.0162 (-0.0371)	accu 0.875 (0.973)	
Train Epoch-10  Iter-600/706	loss 0.0369 (-0.0436)	accu 1.000 (0.973)	
Train Epoch-10  Iter-625/706	loss -0.3450 (-0.0439)	accu 1.000 (0.974)	
Train Epoch-10  Iter-650/706	loss -0.3661 (-0.0478)	accu 1.000 (0.974)	
Train Epoch-10  Iter-675/706	loss 0.2367 (-0.0529)	accu 0.875 (0.975)	
Train Epoch-10  Iter-700/706	loss 0.4062 (-0.0594)	accu 0.875 (0.975)	
Eval Epoch-10  Iter-0  /52 	loss 4.6989 (4.6989)	accu 0.625 (0.625)	
Eval Epoch-10  Iter-25 /52 	loss 4.1543 (7.4099)	accu 0.625 (0.543)	
Eval Epoch-10  Iter-50 /52 	loss 4.4219 (5.3448)	accu 0.625 (0.645)	
Epoch-10  Train: loss -0.0591	accu 0.9752	Eval: loss 5.2388	accu 0.6514
Train Epoch-11  Iter-0  /706	loss 0.9769 (0.9769)	accu 0.875 (0.875)	
Train Epoch-11  Iter-25 /706	loss 1.1881 (0.0062)	accu 0.875 (0.966)	
Train Epoch-11  Iter-50 /706	loss -0.4915 (0.0626)	accu 1.000 (0.958)	
Train Epoch-11  Iter-75 /706	loss 1.1302 (0.0490)	accu 0.875 (0.962)	
Train Epoch-11  Iter-100/706	loss 0.1733 (0.0391)	accu 1.000 (0.965)	
Train Epoch-11  Iter-125/706	loss -0.4924 (0.0694)	accu 1.000 (0.961)	
Train Epoch-11  Iter-150/706	loss 0.0318 (0.0604)	accu 1.000 (0.962)	
Train Epoch-11  Iter-175/706	loss -0.2580 (0.0335)	accu 1.000 (0.964)	
Train Epoch-11  Iter-200/706	loss -0.1541 (0.0226)	accu 1.000 (0.966)	
Train Epoch-11  Iter-225/706	loss -0.3635 (0.0076)	accu 1.000 (0.968)	
Train Epoch-11  Iter-250/706	loss -0.5144 (-0.0056)	accu 1.000 (0.970)	
Train Epoch-11  Iter-275/706	loss 0.1490 (-0.0093)	accu 0.875 (0.970)	
Train Epoch-11  Iter-300/706	loss -0.2335 (-0.0109)	accu 1.000 (0.970)	
Train Epoch-11  Iter-325/706	loss 1.1834 (-0.0137)	accu 0.875 (0.970)	
Train Epoch-11  Iter-350/706	loss -0.2480 (-0.0125)	accu 1.000 (0.970)	
Train Epoch-11  Iter-375/706	loss -0.1373 (-0.0272)	accu 0.875 (0.971)	
Train Epoch-11  Iter-400/706	loss -0.3290 (-0.0314)	accu 1.000 (0.971)	
Train Epoch-11  Iter-425/706	loss -0.4671 (-0.0380)	accu 1.000 (0.972)	
Train Epoch-11  Iter-450/706	loss 1.1298 (-0.0436)	accu 1.000 (0.973)	
Train Epoch-11  Iter-475/706	loss -0.2792 (-0.0482)	accu 1.000 (0.973)	
Train Epoch-11  Iter-500/706	loss -0.0959 (-0.0485)	accu 1.000 (0.973)	
Train Epoch-11  Iter-525/706	loss 0.0853 (-0.0573)	accu 1.000 (0.973)	
Train Epoch-11  Iter-550/706	loss -0.1531 (-0.0602)	accu 1.000 (0.974)	
Train Epoch-11  Iter-575/706	loss 0.0297 (-0.0560)	accu 1.000 (0.974)	
Train Epoch-11  Iter-600/706	loss -0.1378 (-0.0608)	accu 1.000 (0.974)	
Train Epoch-11  Iter-625/706	loss -0.4941 (-0.0689)	accu 1.000 (0.975)	
Train Epoch-11  Iter-650/706	loss -0.4150 (-0.0709)	accu 1.000 (0.975)	
Train Epoch-11  Iter-675/706	loss -0.1637 (-0.0752)	accu 1.000 (0.975)	
Train Epoch-11  Iter-700/706	loss -0.1972 (-0.0756)	accu 1.000 (0.975)	
Eval Epoch-11  Iter-0  /52 	loss 4.1524 (4.1524)	accu 0.750 (0.750)	
Eval Epoch-11  Iter-25 /52 	loss 4.8835 (7.6731)	accu 0.625 (0.577)	
Eval Epoch-11  Iter-50 /52 	loss 5.4416 (5.6775)	accu 0.625 (0.662)	
Epoch-11  Train: loss -0.0763	accu 0.9750	Eval: loss 5.5752	accu 0.6659
Train Epoch-12  Iter-0  /706	loss 1.0960 (1.0960)	accu 0.875 (0.875)	
Train Epoch-12  Iter-25 /706	loss 0.0240 (0.0299)	accu 1.000 (0.962)	
Train Epoch-12  Iter-50 /706	loss -0.4857 (-0.0600)	accu 1.000 (0.971)	
Train Epoch-12  Iter-75 /706	loss 0.7775 (-0.0522)	accu 1.000 (0.967)	
Train Epoch-12  Iter-100/706	loss -0.2431 (-0.0594)	accu 1.000 (0.968)	
Train Epoch-12  Iter-125/706	loss -0.4301 (-0.0831)	accu 1.000 (0.972)	
Train Epoch-12  Iter-150/706	loss -0.0461 (-0.1010)	accu 0.875 (0.974)	
Train Epoch-12  Iter-175/706	loss -0.2062 (-0.0987)	accu 1.000 (0.973)	
Train Epoch-12  Iter-200/706	loss 0.2487 (-0.1148)	accu 1.000 (0.975)	
Train Epoch-12  Iter-225/706	loss -0.4100 (-0.1180)	accu 1.000 (0.975)	
Train Epoch-12  Iter-250/706	loss 0.4300 (-0.1190)	accu 1.000 (0.976)	
Train Epoch-12  Iter-275/706	loss -0.4959 (-0.1218)	accu 1.000 (0.977)	
Train Epoch-12  Iter-300/706	loss -0.1153 (-0.1204)	accu 1.000 (0.978)	
Train Epoch-12  Iter-325/706	loss 0.2933 (-0.1191)	accu 1.000 (0.978)	
Train Epoch-12  Iter-350/706	loss -0.0713 (-0.1211)	accu 1.000 (0.978)	
Train Epoch-12  Iter-375/706	loss -0.3066 (-0.1052)	accu 1.000 (0.976)	
Train Epoch-12  Iter-400/706	loss -0.2836 (-0.1028)	accu 1.000 (0.976)	
Train Epoch-12  Iter-425/706	loss -0.2044 (-0.1054)	accu 1.000 (0.976)	
Train Epoch-12  Iter-450/706	loss 0.0613 (-0.1120)	accu 0.875 (0.976)	
Train Epoch-12  Iter-475/706	loss 0.7569 (-0.1069)	accu 0.875 (0.976)	
Train Epoch-12  Iter-500/706	loss -0.4356 (-0.1118)	accu 1.000 (0.977)	
Train Epoch-12  Iter-525/706	loss -0.5333 (-0.1097)	accu 1.000 (0.976)	
Train Epoch-12  Iter-550/706	loss -0.2169 (-0.1078)	accu 1.000 (0.977)	
Train Epoch-12  Iter-575/706	loss -0.1879 (-0.1042)	accu 1.000 (0.977)	
Train Epoch-12  Iter-600/706	loss 0.6779 (-0.1043)	accu 0.875 (0.976)	
Train Epoch-12  Iter-625/706	loss -0.1449 (-0.0976)	accu 1.000 (0.977)	
Train Epoch-12  Iter-650/706	loss -0.5469 (-0.1007)	accu 1.000 (0.977)	
Train Epoch-12  Iter-675/706	loss -0.3429 (-0.1006)	accu 1.000 (0.977)	
Train Epoch-12  Iter-700/706	loss -0.1791 (-0.1020)	accu 1.000 (0.977)	
Eval Epoch-12  Iter-0  /52 	loss 2.9004 (2.9004)	accu 0.750 (0.750)	
Eval Epoch-12  Iter-25 /52 	loss 4.0538 (6.4339)	accu 0.625 (0.606)	
Eval Epoch-12  Iter-50 /52 	loss 7.0888 (4.9846)	accu 0.625 (0.674)	
Epoch-12  Train: loss -0.1013	accu 0.9766	Eval: loss 4.9287	accu 0.6755
Train Epoch-13  Iter-0  /706	loss -0.0430 (-0.0430)	accu 1.000 (1.000)	
Train Epoch-13  Iter-25 /706	loss -0.4666 (-0.1135)	accu 1.000 (0.966)	
Train Epoch-13  Iter-50 /706	loss 3.4610 (-0.0893)	accu 0.750 (0.971)	
Train Epoch-13  Iter-75 /706	loss -0.5229 (-0.1331)	accu 1.000 (0.969)	
Train Epoch-13  Iter-100/706	loss -0.4609 (-0.1457)	accu 1.000 (0.970)	
Train Epoch-13  Iter-125/706	loss -0.5325 (-0.1378)	accu 1.000 (0.969)	
Train Epoch-13  Iter-150/706	loss -0.3757 (-0.1277)	accu 1.000 (0.970)	
Train Epoch-13  Iter-175/706	loss -0.4278 (-0.1293)	accu 1.000 (0.972)	
Train Epoch-13  Iter-200/706	loss -0.3782 (-0.1161)	accu 1.000 (0.971)	
Train Epoch-13  Iter-225/706	loss -0.4967 (-0.1224)	accu 1.000 (0.971)	
Train Epoch-13  Iter-250/706	loss -0.0173 (-0.1232)	accu 0.875 (0.972)	
Train Epoch-13  Iter-275/706	loss -0.5193 (-0.1193)	accu 1.000 (0.971)	
Train Epoch-13  Iter-300/706	loss -0.3438 (-0.1216)	accu 1.000 (0.972)	
Train Epoch-13  Iter-325/706	loss -0.3019 (-0.1181)	accu 1.000 (0.972)	
Train Epoch-13  Iter-350/706	loss -0.4393 (-0.1175)	accu 1.000 (0.973)	
Train Epoch-13  Iter-375/706	loss -0.2546 (-0.1244)	accu 1.000 (0.974)	
Train Epoch-13  Iter-400/706	loss -0.3028 (-0.1197)	accu 1.000 (0.974)	
Train Epoch-13  Iter-425/706	loss 0.7189 (-0.1207)	accu 1.000 (0.974)	
Train Epoch-13  Iter-450/706	loss -0.2050 (-0.1268)	accu 1.000 (0.974)	
Train Epoch-13  Iter-475/706	loss 0.7836 (-0.1289)	accu 0.875 (0.975)	
Train Epoch-13  Iter-500/706	loss -0.0506 (-0.1245)	accu 1.000 (0.974)	
Train Epoch-13  Iter-525/706	loss -0.5628 (-0.1310)	accu 1.000 (0.974)	
Train Epoch-13  Iter-550/706	loss -0.5384 (-0.1309)	accu 1.000 (0.975)	
Train Epoch-13  Iter-575/706	loss 0.3303 (-0.1370)	accu 0.875 (0.975)	
Train Epoch-13  Iter-600/706	loss -0.5363 (-0.1330)	accu 1.000 (0.976)	
Train Epoch-13  Iter-625/706	loss -0.0562 (-0.1319)	accu 1.000 (0.976)	
Train Epoch-13  Iter-650/706	loss -0.4556 (-0.1233)	accu 1.000 (0.975)	
Train Epoch-13  Iter-675/706	loss -0.2080 (-0.1290)	accu 1.000 (0.976)	
Train Epoch-13  Iter-700/706	loss -0.4970 (-0.1339)	accu 1.000 (0.977)	
Eval Epoch-13  Iter-0  /52 	loss 3.6251 (3.6251)	accu 0.750 (0.750)	
Eval Epoch-13  Iter-25 /52 	loss 4.3095 (6.8696)	accu 0.625 (0.625)	
Eval Epoch-13  Iter-50 /52 	loss 7.1399 (5.4273)	accu 0.625 (0.681)	
Epoch-13  Train: loss -0.1334	accu 0.9768	Eval: loss 5.3278	accu 0.6851
Epoch    14: reducing learning rate of group 0 to 3.0000e-06.
Train Epoch-14  Iter-0  /706	loss -0.5677 (-0.5677)	accu 1.000 (1.000)	
Train Epoch-14  Iter-25 /706	loss -0.4448 (-0.3088)	accu 1.000 (1.000)	
Train Epoch-14  Iter-50 /706	loss -0.1999 (-0.2891)	accu 1.000 (0.995)	
Train Epoch-14  Iter-75 /706	loss -0.0695 (-0.2539)	accu 1.000 (0.990)	
Train Epoch-14  Iter-100/706	loss -0.3767 (-0.2137)	accu 1.000 (0.985)	
Train Epoch-14  Iter-125/706	loss -0.0497 (-0.1922)	accu 1.000 (0.983)	
Train Epoch-14  Iter-150/706	loss 0.3890 (-0.1827)	accu 0.875 (0.981)	
Train Epoch-14  Iter-175/706	loss -0.4892 (-0.1901)	accu 1.000 (0.982)	
Train Epoch-14  Iter-200/706	loss -0.3455 (-0.1917)	accu 1.000 (0.981)	
Train Epoch-14  Iter-225/706	loss -0.0886 (-0.1980)	accu 1.000 (0.981)	
Train Epoch-14  Iter-250/706	loss 0.5731 (-0.1940)	accu 0.875 (0.982)	
Train Epoch-14  Iter-275/706	loss -0.3965 (-0.1934)	accu 1.000 (0.982)	
Train Epoch-14  Iter-300/706	loss -0.4356 (-0.1983)	accu 1.000 (0.982)	
Train Epoch-14  Iter-325/706	loss -0.4959 (-0.2010)	accu 1.000 (0.982)	
Train Epoch-14  Iter-350/706	loss -0.5257 (-0.2036)	accu 1.000 (0.982)	
Train Epoch-14  Iter-375/706	loss -0.5377 (-0.2055)	accu 1.000 (0.982)	
Train Epoch-14  Iter-400/706	loss -0.4852 (-0.2080)	accu 1.000 (0.982)	
Train Epoch-14  Iter-425/706	loss -0.3619 (-0.1994)	accu 1.000 (0.982)	
Train Epoch-14  Iter-450/706	loss -0.2830 (-0.1905)	accu 1.000 (0.981)	
Train Epoch-14  Iter-475/706	loss -0.5278 (-0.1852)	accu 1.000 (0.980)	
Train Epoch-14  Iter-500/706	loss -0.4592 (-0.1789)	accu 1.000 (0.979)	
Train Epoch-14  Iter-525/706	loss -0.5146 (-0.1812)	accu 1.000 (0.979)	
Train Epoch-14  Iter-550/706	loss -0.0578 (-0.1819)	accu 1.000 (0.980)	
Train Epoch-14  Iter-575/706	loss -0.3663 (-0.1763)	accu 1.000 (0.979)	
Train Epoch-14  Iter-600/706	loss -0.4579 (-0.1707)	accu 1.000 (0.979)	
Train Epoch-14  Iter-625/706	loss -0.4949 (-0.1715)	accu 1.000 (0.978)	
Train Epoch-14  Iter-650/706	loss -0.3983 (-0.1729)	accu 1.000 (0.978)	
Train Epoch-14  Iter-675/706	loss -0.4705 (-0.1747)	accu 1.000 (0.978)	
Train Epoch-14  Iter-700/706	loss -0.4521 (-0.1729)	accu 1.000 (0.978)	
Eval Epoch-14  Iter-0  /52 	loss 3.4241 (3.4241)	accu 0.750 (0.750)	
Eval Epoch-14  Iter-25 /52 	loss 4.2352 (6.6605)	accu 0.625 (0.635)	
Eval Epoch-14  Iter-50 /52 	loss 7.1442 (5.2957)	accu 0.625 (0.689)	
Epoch-14  Train: loss -0.1732	accu 0.9784	Eval: loss 5.1982	accu 0.6923
Train Epoch-15  Iter-0  /706	loss -0.3646 (-0.3646)	accu 1.000 (1.000)	
Train Epoch-15  Iter-25 /706	loss -0.3088 (-0.2118)	accu 1.000 (0.976)	
Train Epoch-15  Iter-50 /706	loss -0.3579 (-0.1712)	accu 1.000 (0.975)	
Train Epoch-15  Iter-75 /706	loss -0.2990 (-0.1129)	accu 1.000 (0.972)	
Train Epoch-15  Iter-100/706	loss -0.3773 (-0.1196)	accu 1.000 (0.972)	
Train Epoch-15  Iter-125/706	loss 0.2010 (-0.1173)	accu 0.875 (0.971)	
Train Epoch-15  Iter-150/706	loss -0.5046 (-0.1398)	accu 1.000 (0.974)	
Train Epoch-15  Iter-175/706	loss -0.2492 (-0.1510)	accu 1.000 (0.974)	
Train Epoch-15  Iter-200/706	loss 0.6368 (-0.1500)	accu 0.875 (0.975)	
Train Epoch-15  Iter-225/706	loss -0.4075 (-0.1505)	accu 1.000 (0.976)	
Train Epoch-15  Iter-250/706	loss -0.2243 (-0.1572)	accu 0.875 (0.977)	
Train Epoch-15  Iter-275/706	loss -0.2570 (-0.1439)	accu 1.000 (0.975)	
Train Epoch-15  Iter-300/706	loss -0.2389 (-0.1526)	accu 1.000 (0.975)	
Train Epoch-15  Iter-325/706	loss -0.4648 (-0.1615)	accu 1.000 (0.977)	
Train Epoch-15  Iter-350/706	loss 0.0114 (-0.1517)	accu 1.000 (0.976)	
Train Epoch-15  Iter-375/706	loss -0.4139 (-0.1542)	accu 1.000 (0.975)	
Train Epoch-15  Iter-400/706	loss -0.2849 (-0.1457)	accu 1.000 (0.975)	
Train Epoch-15  Iter-425/706	loss -0.3564 (-0.1405)	accu 1.000 (0.974)	
Train Epoch-15  Iter-450/706	loss -0.2948 (-0.1455)	accu 1.000 (0.975)	
Train Epoch-15  Iter-475/706	loss -0.4737 (-0.1460)	accu 1.000 (0.975)	
Train Epoch-15  Iter-500/706	loss -0.4675 (-0.1363)	accu 1.000 (0.975)	
Train Epoch-15  Iter-525/706	loss -0.5231 (-0.1452)	accu 1.000 (0.975)	
Train Epoch-15  Iter-550/706	loss -0.0107 (-0.1482)	accu 1.000 (0.976)	
Train Epoch-15  Iter-575/706	loss -0.4165 (-0.1488)	accu 1.000 (0.976)	
Train Epoch-15  Iter-600/706	loss -0.3249 (-0.1480)	accu 1.000 (0.976)	
Train Epoch-15  Iter-625/706	loss -0.2496 (-0.1473)	accu 1.000 (0.977)	
Train Epoch-15  Iter-650/706	loss -0.3750 (-0.1430)	accu 1.000 (0.976)	
Train Epoch-15  Iter-675/706	loss -0.3330 (-0.1457)	accu 1.000 (0.977)	
Train Epoch-15  Iter-700/706	loss -0.2379 (-0.1479)	accu 1.000 (0.976)	
Eval Epoch-15  Iter-0  /52 	loss 3.5025 (3.5025)	accu 0.750 (0.750)	
Eval Epoch-15  Iter-25 /52 	loss 4.5014 (6.8034)	accu 0.625 (0.630)	
Eval Epoch-15  Iter-50 /52 	loss 6.9743 (5.3268)	accu 0.625 (0.686)	
Epoch-15  Train: loss -0.1484	accu 0.9766	Eval: loss 5.2283	accu 0.6899
Train Epoch-16  Iter-0  /706	loss -0.5225 (-0.5225)	accu 1.000 (1.000)	
Train Epoch-16  Iter-25 /706	loss 0.0745 (-0.2174)	accu 1.000 (0.986)	
Train Epoch-16  Iter-50 /706	loss 0.0187 (-0.1024)	accu 1.000 (0.975)	
Train Epoch-16  Iter-75 /706	loss -0.2296 (-0.1105)	accu 1.000 (0.980)	
Train Epoch-16  Iter-100/706	loss -0.3955 (-0.1124)	accu 1.000 (0.980)	
Train Epoch-16  Iter-125/706	loss 0.3071 (-0.1440)	accu 0.875 (0.980)	
Train Epoch-16  Iter-150/706	loss -0.5730 (-0.1318)	accu 1.000 (0.976)	
Train Epoch-16  Iter-175/706	loss 0.5969 (-0.1486)	accu 1.000 (0.979)	
Train Epoch-16  Iter-200/706	loss -0.0629 (-0.1554)	accu 1.000 (0.977)	
Train Epoch-16  Iter-225/706	loss -0.3175 (-0.1577)	accu 1.000 (0.977)	
Train Epoch-16  Iter-250/706	loss -0.4733 (-0.1507)	accu 1.000 (0.979)	
Train Epoch-16  Iter-275/706	loss -0.3755 (-0.1539)	accu 1.000 (0.978)	
Train Epoch-16  Iter-300/706	loss -0.3057 (-0.1517)	accu 1.000 (0.978)	
Train Epoch-16  Iter-325/706	loss -0.4191 (-0.1272)	accu 1.000 (0.976)	
Train Epoch-16  Iter-350/706	loss -0.1069 (-0.1300)	accu 1.000 (0.977)	
Train Epoch-16  Iter-375/706	loss -0.4149 (-0.1337)	accu 1.000 (0.977)	
Train Epoch-16  Iter-400/706	loss -0.5003 (-0.1442)	accu 1.000 (0.978)	
Train Epoch-16  Iter-425/706	loss -0.4497 (-0.1374)	accu 1.000 (0.978)	
Train Epoch-16  Iter-450/706	loss -0.2739 (-0.1319)	accu 1.000 (0.978)	
Train Epoch-16  Iter-475/706	loss -0.4823 (-0.1400)	accu 1.000 (0.978)	
Train Epoch-16  Iter-500/706	loss -0.2199 (-0.1407)	accu 1.000 (0.978)	
Train Epoch-16  Iter-525/706	loss -0.3983 (-0.1425)	accu 1.000 (0.979)	
Train Epoch-16  Iter-550/706	loss -0.3478 (-0.1484)	accu 1.000 (0.980)	
Train Epoch-16  Iter-575/706	loss -0.4789 (-0.1519)	accu 1.000 (0.980)	
Train Epoch-16  Iter-600/706	loss -0.4893 (-0.1473)	accu 1.000 (0.979)	
Train Epoch-16  Iter-625/706	loss 0.2982 (-0.1506)	accu 0.875 (0.979)	
Train Epoch-16  Iter-650/706	loss -0.4714 (-0.1543)	accu 1.000 (0.980)	
Train Epoch-16  Iter-675/706	loss 0.7951 (-0.1491)	accu 0.750 (0.979)	
Train Epoch-16  Iter-700/706	loss -0.2180 (-0.1521)	accu 1.000 (0.979)	
Eval Epoch-16  Iter-0  /52 	loss 3.3422 (3.3422)	accu 0.750 (0.750)	
Eval Epoch-16  Iter-25 /52 	loss 4.1971 (6.6818)	accu 0.625 (0.615)	
Eval Epoch-16  Iter-50 /52 	loss 6.9994 (5.2620)	accu 0.625 (0.676)	
Epoch-16  Train: loss -0.1521	accu 0.9786	Eval: loss 5.1665	accu 0.6779
Train Epoch-17  Iter-0  /706	loss 0.4084 (0.4084)	accu 1.000 (1.000)	
Train Epoch-17  Iter-25 /706	loss -0.0171 (-0.2333)	accu 1.000 (0.986)	
Train Epoch-17  Iter-50 /706	loss -0.4633 (-0.2519)	accu 1.000 (0.980)	
Train Epoch-17  Iter-75 /706	loss 2.0109 (-0.1935)	accu 0.875 (0.982)	
Train Epoch-17  Iter-100/706	loss -0.3921 (-0.2101)	accu 1.000 (0.984)	
Train Epoch-17  Iter-125/706	loss -0.0826 (-0.2005)	accu 1.000 (0.985)	
Train Epoch-17  Iter-150/706	loss -0.2534 (-0.1799)	accu 1.000 (0.984)	
Train Epoch-17  Iter-175/706	loss -0.2102 (-0.1783)	accu 1.000 (0.983)	
Train Epoch-17  Iter-200/706	loss -0.2273 (-0.1709)	accu 1.000 (0.981)	
Train Epoch-17  Iter-225/706	loss 0.4525 (-0.1612)	accu 0.875 (0.978)	
Train Epoch-17  Iter-250/706	loss -0.0971 (-0.1553)	accu 1.000 (0.978)	
Train Epoch-17  Iter-275/706	loss -0.3978 (-0.1565)	accu 1.000 (0.978)	
Train Epoch-17  Iter-300/706	loss -0.0898 (-0.1656)	accu 1.000 (0.978)	
Train Epoch-17  Iter-325/706	loss -0.4540 (-0.1766)	accu 1.000 (0.979)	
Train Epoch-17  Iter-350/706	loss -0.5308 (-0.1896)	accu 1.000 (0.980)	
Train Epoch-17  Iter-375/706	loss -0.2323 (-0.1875)	accu 1.000 (0.981)	
Train Epoch-17  Iter-400/706	loss -0.3460 (-0.1770)	accu 1.000 (0.979)	
Train Epoch-17  Iter-425/706	loss -0.2153 (-0.1796)	accu 1.000 (0.979)	
Train Epoch-17  Iter-450/706	loss 0.9887 (-0.1773)	accu 0.875 (0.979)	
Train Epoch-17  Iter-475/706	loss -0.0143 (-0.1723)	accu 1.000 (0.978)	
Train Epoch-17  Iter-500/706	loss -0.5846 (-0.1778)	accu 1.000 (0.979)	
Train Epoch-17  Iter-525/706	loss -0.1921 (-0.1697)	accu 1.000 (0.978)	
Train Epoch-17  Iter-550/706	loss -0.3636 (-0.1666)	accu 1.000 (0.978)	
Train Epoch-17  Iter-575/706	loss 0.3688 (-0.1680)	accu 0.875 (0.979)	
Train Epoch-17  Iter-600/706	loss -0.5082 (-0.1736)	accu 1.000 (0.979)	
Train Epoch-17  Iter-625/706	loss 0.4120 (-0.1773)	accu 0.875 (0.979)	
Train Epoch-17  Iter-650/706	loss -0.3917 (-0.1812)	accu 1.000 (0.979)	
Train Epoch-17  Iter-675/706	loss 0.0643 (-0.1802)	accu 0.875 (0.979)	
Train Epoch-17  Iter-700/706	loss -0.1367 (-0.1785)	accu 1.000 (0.979)	
Eval Epoch-17  Iter-0  /52 	loss 3.3546 (3.3546)	accu 0.750 (0.750)	
Eval Epoch-17  Iter-25 /52 	loss 4.3243 (6.7547)	accu 0.625 (0.620)	
Eval Epoch-17  Iter-50 /52 	loss 6.9406 (5.3012)	accu 0.625 (0.674)	
Epoch-17  Train: loss -0.1769	accu 0.9789	Eval: loss 5.2035	accu 0.6779
Train Epoch-18  Iter-0  /706	loss -0.5437 (-0.5437)	accu 1.000 (1.000)	
Train Epoch-18  Iter-25 /706	loss -0.5631 (-0.2905)	accu 1.000 (0.995)	
Train Epoch-18  Iter-50 /706	loss -0.0889 (-0.1808)	accu 1.000 (0.983)	
Train Epoch-18  Iter-75 /706	loss -0.0157 (-0.2270)	accu 1.000 (0.984)	
Train Epoch-18  Iter-100/706	loss -0.2087 (-0.2062)	accu 1.000 (0.981)	
Train Epoch-18  Iter-125/706	loss -0.3979 (-0.2013)	accu 1.000 (0.983)	
Train Epoch-18  Iter-150/706	loss -0.4244 (-0.1641)	accu 1.000 (0.981)	
Train Epoch-18  Iter-175/706	loss -0.4245 (-0.1732)	accu 1.000 (0.982)	
Train Epoch-18  Iter-200/706	loss -0.4680 (-0.1570)	accu 1.000 (0.983)	
Train Epoch-18  Iter-225/706	loss 0.9342 (-0.1530)	accu 0.875 (0.983)	
Train Epoch-18  Iter-250/706	loss -0.2912 (-0.1588)	accu 1.000 (0.982)	
Train Epoch-18  Iter-275/706	loss 0.2439 (-0.1555)	accu 0.875 (0.981)	
Train Epoch-18  Iter-300/706	loss -0.5094 (-0.1596)	accu 1.000 (0.980)	
Train Epoch-18  Iter-325/706	loss -0.4923 (-0.1622)	accu 1.000 (0.980)	
Train Epoch-18  Iter-350/706	loss -0.4075 (-0.1679)	accu 1.000 (0.981)	
Train Epoch-18  Iter-375/706	loss -0.4752 (-0.1632)	accu 1.000 (0.980)	
Train Epoch-18  Iter-400/706	loss -0.3360 (-0.1717)	accu 1.000 (0.981)	
Train Epoch-18  Iter-425/706	loss -0.4708 (-0.1674)	accu 1.000 (0.980)	
Train Epoch-18  Iter-450/706	loss -0.5841 (-0.1774)	accu 1.000 (0.981)	
Train Epoch-18  Iter-475/706	loss 0.6633 (-0.1777)	accu 0.875 (0.981)	
Train Epoch-18  Iter-500/706	loss 0.0609 (-0.1733)	accu 1.000 (0.980)	
Train Epoch-18  Iter-525/706	loss -0.2915 (-0.1743)	accu 1.000 (0.980)	
Train Epoch-18  Iter-550/706	loss -0.5280 (-0.1713)	accu 1.000 (0.979)	
Train Epoch-18  Iter-575/706	loss -0.5449 (-0.1680)	accu 1.000 (0.979)	
Train Epoch-18  Iter-600/706	loss -0.5945 (-0.1685)	accu 1.000 (0.977)	
Train Epoch-18  Iter-625/706	loss -0.5600 (-0.1741)	accu 1.000 (0.978)	
Train Epoch-18  Iter-650/706	loss -0.4650 (-0.1733)	accu 1.000 (0.978)	
Train Epoch-18  Iter-675/706	loss -0.2280 (-0.1719)	accu 1.000 (0.978)	
Train Epoch-18  Iter-700/706	loss -0.2100 (-0.1697)	accu 1.000 (0.977)	
Eval Epoch-18  Iter-0  /52 	loss 3.2229 (3.2229)	accu 0.750 (0.750)	
Eval Epoch-18  Iter-25 /52 	loss 4.1302 (6.5386)	accu 0.625 (0.630)	
Eval Epoch-18  Iter-50 /52 	loss 7.1551 (5.2148)	accu 0.625 (0.679)	
Epoch-18  Train: loss -0.1703	accu 0.9773	Eval: loss 5.1217	accu 0.6803
Train Epoch-19  Iter-0  /706	loss -0.3964 (-0.3964)	accu 1.000 (1.000)	
Train Epoch-19  Iter-25 /706	loss -0.1384 (-0.1617)	accu 0.875 (0.976)	
Train Epoch-19  Iter-50 /706	loss -0.3539 (-0.2062)	accu 1.000 (0.980)	
Train Epoch-19  Iter-75 /706	loss -0.5187 (-0.2020)	accu 1.000 (0.975)	
Train Epoch-19  Iter-100/706	loss -0.3810 (-0.1869)	accu 1.000 (0.974)	
Train Epoch-19  Iter-125/706	loss -0.5016 (-0.1849)	accu 1.000 (0.975)	
Train Epoch-19  Iter-150/706	loss -0.4527 (-0.1597)	accu 1.000 (0.974)	
Train Epoch-19  Iter-175/706	loss -0.4783 (-0.1703)	accu 1.000 (0.974)	
Train Epoch-19  Iter-200/706	loss -0.5435 (-0.1599)	accu 1.000 (0.975)	
Train Epoch-19  Iter-225/706	loss 0.2205 (-0.1549)	accu 0.875 (0.973)	
Train Epoch-19  Iter-250/706	loss -0.5333 (-0.1707)	accu 1.000 (0.976)	
Train Epoch-19  Iter-275/706	loss -0.4784 (-0.1858)	accu 1.000 (0.976)	
Train Epoch-19  Iter-300/706	loss -0.1755 (-0.1834)	accu 1.000 (0.977)	
Train Epoch-19  Iter-325/706	loss -0.4260 (-0.1894)	accu 1.000 (0.978)	
Train Epoch-19  Iter-350/706	loss -0.5479 (-0.1957)	accu 1.000 (0.978)	
Train Epoch-19  Iter-375/706	loss 0.0408 (-0.1809)	accu 1.000 (0.978)	
Train Epoch-19  Iter-400/706	loss -0.3777 (-0.1864)	accu 1.000 (0.978)	
Train Epoch-19  Iter-425/706	loss -0.5159 (-0.1817)	accu 1.000 (0.978)	
Train Epoch-19  Iter-450/706	loss -0.3739 (-0.1857)	accu 1.000 (0.979)	
Train Epoch-19  Iter-475/706	loss 0.1931 (-0.1896)	accu 1.000 (0.980)	
Train Epoch-19  Iter-500/706	loss -0.2400 (-0.1857)	accu 1.000 (0.979)	
Train Epoch-19  Iter-525/706	loss -0.3628 (-0.1874)	accu 1.000 (0.979)	
Train Epoch-19  Iter-550/706	loss -0.2309 (-0.1903)	accu 1.000 (0.979)	
Train Epoch-19  Iter-575/706	loss -0.1694 (-0.1911)	accu 1.000 (0.979)	
Train Epoch-19  Iter-600/706	loss 0.2459 (-0.1923)	accu 1.000 (0.980)	
Train Epoch-19  Iter-625/706	loss -0.4177 (-0.1924)	accu 1.000 (0.980)	
Train Epoch-19  Iter-650/706	loss -0.4019 (-0.1855)	accu 1.000 (0.978)	
Train Epoch-19  Iter-675/706	loss -0.0425 (-0.1886)	accu 1.000 (0.979)	
Train Epoch-19  Iter-700/706	loss 4.0531 (-0.1812)	accu 0.750 (0.978)	
Eval Epoch-19  Iter-0  /52 	loss 3.3445 (3.3445)	accu 0.750 (0.750)	
Eval Epoch-19  Iter-25 /52 	loss 4.3671 (6.5874)	accu 0.625 (0.630)	
Eval Epoch-19  Iter-50 /52 	loss 7.1178 (5.2151)	accu 0.625 (0.684)	
Epoch-19  Train: loss -0.1813	accu 0.9784	Eval: loss 5.1194	accu 0.6875
Epoch    20: reducing learning rate of group 0 to 3.0000e-07.
Train Epoch-20  Iter-0  /706	loss -0.4230 (-0.4230)	accu 1.000 (1.000)	
Train Epoch-20  Iter-25 /706	loss -0.3685 (-0.2134)	accu 1.000 (0.981)	
Train Epoch-20  Iter-50 /706	loss -0.4829 (-0.2448)	accu 1.000 (0.983)	
Train Epoch-20  Iter-75 /706	loss -0.1275 (-0.2095)	accu 1.000 (0.980)	
Train Epoch-20  Iter-100/706	loss -0.3483 (-0.2217)	accu 1.000 (0.979)	
Train Epoch-20  Iter-125/706	loss -0.5919 (-0.1966)	accu 1.000 (0.978)	
Train Epoch-20  Iter-150/706	loss -0.5564 (-0.1932)	accu 1.000 (0.978)	
Train Epoch-20  Iter-175/706	loss -0.2474 (-0.1798)	accu 1.000 (0.979)	
Train Epoch-20  Iter-200/706	loss -0.2518 (-0.1849)	accu 1.000 (0.979)	
Train Epoch-20  Iter-225/706	loss -0.3679 (-0.2011)	accu 1.000 (0.980)	
Train Epoch-20  Iter-250/706	loss -0.3574 (-0.2061)	accu 1.000 (0.980)	
Train Epoch-20  Iter-275/706	loss 0.4117 (-0.2014)	accu 0.875 (0.979)	
Train Epoch-20  Iter-300/706	loss -0.3152 (-0.2035)	accu 1.000 (0.980)	
Train Epoch-20  Iter-325/706	loss -0.4717 (-0.2053)	accu 1.000 (0.980)	
Train Epoch-20  Iter-350/706	loss -0.4600 (-0.2029)	accu 1.000 (0.980)	
Train Epoch-20  Iter-375/706	loss 0.4873 (-0.1983)	accu 0.875 (0.979)	
Train Epoch-20  Iter-400/706	loss -0.1039 (-0.1919)	accu 0.875 (0.978)	
Train Epoch-20  Iter-425/706	loss -0.5655 (-0.1853)	accu 1.000 (0.977)	
Train Epoch-20  Iter-450/706	loss -0.0921 (-0.1859)	accu 0.875 (0.977)	
Train Epoch-20  Iter-475/706	loss -0.3115 (-0.1919)	accu 1.000 (0.978)	
Train Epoch-20  Iter-500/706	loss -0.4008 (-0.1874)	accu 1.000 (0.978)	
Train Epoch-20  Iter-525/706	loss -0.1153 (-0.1918)	accu 1.000 (0.978)	
Train Epoch-20  Iter-550/706	loss -0.5982 (-0.1958)	accu 1.000 (0.979)	
Train Epoch-20  Iter-575/706	loss -0.1723 (-0.1948)	accu 1.000 (0.979)	
Train Epoch-20  Iter-600/706	loss -0.1286 (-0.1946)	accu 0.875 (0.978)	
Train Epoch-20  Iter-625/706	loss -0.3815 (-0.1894)	accu 1.000 (0.978)	
Train Epoch-20  Iter-650/706	loss -0.4911 (-0.1852)	accu 1.000 (0.978)	
Train Epoch-20  Iter-675/706	loss -0.1090 (-0.1800)	accu 1.000 (0.977)	
Train Epoch-20  Iter-700/706	loss -0.4206 (-0.1808)	accu 1.000 (0.977)	
Eval Epoch-20  Iter-0  /52 	loss 3.3588 (3.3588)	accu 0.750 (0.750)	
Eval Epoch-20  Iter-25 /52 	loss 4.3721 (6.6014)	accu 0.625 (0.630)	
Eval Epoch-20  Iter-50 /52 	loss 7.1153 (5.2236)	accu 0.625 (0.681)	
Epoch-20  Train: loss -0.1817	accu 0.9775	Eval: loss 5.1276	accu 0.6851
Train Epoch-21  Iter-0  /706	loss 0.2765 (0.2765)	accu 0.875 (0.875)	
Train Epoch-21  Iter-25 /706	loss -0.1525 (-0.1571)	accu 1.000 (0.966)	
Train Epoch-21  Iter-50 /706	loss -0.4985 (-0.2031)	accu 1.000 (0.975)	
Train Epoch-21  Iter-75 /706	loss -0.2565 (-0.1616)	accu 1.000 (0.972)	
Train Epoch-21  Iter-100/706	loss -0.4168 (-0.1388)	accu 1.000 (0.976)	
Train Epoch-21  Iter-125/706	loss 0.3883 (-0.1248)	accu 0.875 (0.974)	
Train Epoch-21  Iter-150/706	loss -0.5555 (-0.1495)	accu 1.000 (0.977)	
Train Epoch-21  Iter-175/706	loss -0.2182 (-0.1337)	accu 1.000 (0.977)	
Train Epoch-21  Iter-200/706	loss -0.2234 (-0.1368)	accu 1.000 (0.978)	
Train Epoch-21  Iter-225/706	loss 0.0311 (-0.1413)	accu 1.000 (0.978)	
Train Epoch-21  Iter-250/706	loss -0.4751 (-0.1438)	accu 1.000 (0.979)	
Train Epoch-21  Iter-275/706	loss -0.4587 (-0.1583)	accu 1.000 (0.980)	
Train Epoch-21  Iter-300/706	loss 1.8614 (-0.1615)	accu 0.750 (0.980)	
Train Epoch-21  Iter-325/706	loss -0.2894 (-0.1604)	accu 1.000 (0.980)	
Train Epoch-21  Iter-350/706	loss -0.5000 (-0.1644)	accu 1.000 (0.979)	
Train Epoch-21  Iter-375/706	loss -0.4623 (-0.1557)	accu 1.000 (0.979)	
Train Epoch-21  Iter-400/706	loss -0.2730 (-0.1501)	accu 1.000 (0.979)	
Train Epoch-21  Iter-425/706	loss -0.2405 (-0.1557)	accu 1.000 (0.979)	
Train Epoch-21  Iter-450/706	loss -0.5424 (-0.1566)	accu 1.000 (0.979)	
Train Epoch-21  Iter-475/706	loss -0.3639 (-0.1652)	accu 1.000 (0.980)	
Train Epoch-21  Iter-500/706	loss -0.0232 (-0.1731)	accu 1.000 (0.981)	
Train Epoch-21  Iter-525/706	loss -0.3101 (-0.1760)	accu 1.000 (0.981)	
Train Epoch-21  Iter-550/706	loss -0.5680 (-0.1805)	accu 1.000 (0.981)	
Train Epoch-21  Iter-575/706	loss -0.2443 (-0.1812)	accu 1.000 (0.981)	
Train Epoch-21  Iter-600/706	loss -0.3831 (-0.1799)	accu 1.000 (0.981)	
Train Epoch-21  Iter-625/706	loss 0.2456 (-0.1778)	accu 0.875 (0.980)	
Train Epoch-21  Iter-650/706	loss -0.4685 (-0.1766)	accu 1.000 (0.980)	
Train Epoch-21  Iter-675/706	loss -0.3693 (-0.1678)	accu 1.000 (0.979)	
Train Epoch-21  Iter-700/706	loss -0.3703 (-0.1642)	accu 1.000 (0.979)	
Eval Epoch-21  Iter-0  /52 	loss 3.3848 (3.3848)	accu 0.750 (0.750)	
Eval Epoch-21  Iter-25 /52 	loss 4.3990 (6.6255)	accu 0.625 (0.630)	
Eval Epoch-21  Iter-50 /52 	loss 7.0871 (5.2333)	accu 0.625 (0.684)	
Epoch-21  Train: loss -0.1637	accu 0.9788	Eval: loss 5.1370	accu 0.6875
Train Epoch-22  Iter-0  /706	loss -0.2219 (-0.2219)	accu 1.000 (1.000)	
Train Epoch-22  Iter-25 /706	loss -0.4209 (-0.2099)	accu 1.000 (0.976)	
Train Epoch-22  Iter-50 /706	loss -0.2223 (-0.2545)	accu 1.000 (0.983)	
Train Epoch-22  Iter-75 /706	loss -0.5395 (-0.2558)	accu 1.000 (0.984)	
Train Epoch-22  Iter-100/706	loss -0.3371 (-0.2196)	accu 1.000 (0.981)	
Train Epoch-22  Iter-125/706	loss -0.4709 (-0.2349)	accu 1.000 (0.983)	
Train Epoch-22  Iter-150/706	loss -0.4470 (-0.2243)	accu 1.000 (0.983)	
Train Epoch-22  Iter-175/706	loss -0.1139 (-0.2397)	accu 1.000 (0.984)	
Train Epoch-22  Iter-200/706	loss 0.8084 (-0.2264)	accu 1.000 (0.982)	
Train Epoch-22  Iter-225/706	loss -0.3667 (-0.2032)	accu 1.000 (0.981)	
Train Epoch-22  Iter-250/706	loss 0.1048 (-0.2028)	accu 1.000 (0.981)	
Train Epoch-22  Iter-275/706	loss -0.3693 (-0.1906)	accu 1.000 (0.980)	
Train Epoch-22  Iter-300/706	loss -0.0402 (-0.1973)	accu 1.000 (0.981)	
Train Epoch-22  Iter-325/706	loss -0.5275 (-0.1983)	accu 1.000 (0.980)	
Train Epoch-22  Iter-350/706	loss -0.5408 (-0.1994)	accu 1.000 (0.981)	
Train Epoch-22  Iter-375/706	loss -0.4550 (-0.1960)	accu 1.000 (0.980)	
Train Epoch-22  Iter-400/706	loss -0.3263 (-0.1866)	accu 1.000 (0.980)	
Train Epoch-22  Iter-425/706	loss -0.5351 (-0.1891)	accu 1.000 (0.980)	
Train Epoch-22  Iter-450/706	loss -0.2633 (-0.1904)	accu 1.000 (0.981)	
Train Epoch-22  Iter-475/706	loss -0.3793 (-0.1951)	accu 1.000 (0.981)	
Train Epoch-22  Iter-500/706	loss -0.2318 (-0.1932)	accu 1.000 (0.981)	
Train Epoch-22  Iter-525/706	loss -0.4401 (-0.1897)	accu 1.000 (0.981)	
Train Epoch-22  Iter-550/706	loss -0.1951 (-0.1824)	accu 1.000 (0.981)	
Train Epoch-22  Iter-575/706	loss -0.3261 (-0.1748)	accu 1.000 (0.980)	
Train Epoch-22  Iter-600/706	loss -0.3888 (-0.1792)	accu 1.000 (0.980)	
Train Epoch-22  Iter-625/706	loss -0.4020 (-0.1823)	accu 1.000 (0.980)	
Train Epoch-22  Iter-650/706	loss -0.5472 (-0.1855)	accu 1.000 (0.980)	
Train Epoch-22  Iter-675/706	loss -0.2539 (-0.1834)	accu 0.875 (0.979)	
Train Epoch-22  Iter-700/706	loss -0.3624 (-0.1868)	accu 1.000 (0.979)	
Eval Epoch-22  Iter-0  /52 	loss 3.3560 (3.3560)	accu 0.750 (0.750)	
Eval Epoch-22  Iter-25 /52 	loss 4.3688 (6.5979)	accu 0.625 (0.630)	
Eval Epoch-22  Iter-50 /52 	loss 7.1036 (5.2215)	accu 0.625 (0.684)	
Epoch-22  Train: loss -0.1874	accu 0.9791	Eval: loss 5.1257	accu 0.6851
Train Epoch-23  Iter-0  /706	loss -0.1993 (-0.1993)	accu 1.000 (1.000)	
Train Epoch-23  Iter-25 /706	loss -0.5544 (-0.2517)	accu 1.000 (0.986)	
Train Epoch-23  Iter-50 /706	loss 0.2270 (-0.2060)	accu 1.000 (0.973)	
Train Epoch-23  Iter-75 /706	loss -0.3755 (-0.2204)	accu 1.000 (0.974)	
Train Epoch-23  Iter-100/706	loss -0.3502 (-0.2343)	accu 1.000 (0.976)	
Train Epoch-23  Iter-125/706	loss -0.4904 (-0.2341)	accu 1.000 (0.978)	
Train Epoch-23  Iter-150/706	loss 1.7319 (-0.2174)	accu 0.875 (0.978)	
Train Epoch-23  Iter-175/706	loss -0.0440 (-0.1977)	accu 0.875 (0.976)	
Train Epoch-23  Iter-200/706	loss -0.4374 (-0.2052)	accu 1.000 (0.977)	
Train Epoch-23  Iter-225/706	loss -0.4967 (-0.2132)	accu 1.000 (0.978)	
Train Epoch-23  Iter-250/706	loss 1.0252 (-0.2008)	accu 0.875 (0.977)	
Train Epoch-23  Iter-275/706	loss -0.5162 (-0.2011)	accu 1.000 (0.977)	
Train Epoch-23  Iter-300/706	loss -0.3156 (-0.2011)	accu 1.000 (0.977)	
Train Epoch-23  Iter-325/706	loss -0.2034 (-0.2108)	accu 1.000 (0.978)	
Train Epoch-23  Iter-350/706	loss 0.2675 (-0.2116)	accu 0.875 (0.978)	
Train Epoch-23  Iter-375/706	loss -0.5737 (-0.2105)	accu 1.000 (0.978)	
Train Epoch-23  Iter-400/706	loss -0.3369 (-0.2153)	accu 1.000 (0.979)	
Train Epoch-23  Iter-425/706	loss -0.4686 (-0.2220)	accu 1.000 (0.980)	
Train Epoch-23  Iter-450/706	loss -0.4198 (-0.2111)	accu 1.000 (0.979)	
Train Epoch-23  Iter-475/706	loss -0.2344 (-0.2176)	accu 1.000 (0.980)	
Train Epoch-23  Iter-500/706	loss 0.2687 (-0.2194)	accu 0.875 (0.980)	
Train Epoch-23  Iter-525/706	loss -0.1643 (-0.2162)	accu 1.000 (0.980)	
Train Epoch-23  Iter-550/706	loss -0.3843 (-0.2110)	accu 1.000 (0.980)	
Train Epoch-23  Iter-575/706	loss -0.4455 (-0.2169)	accu 1.000 (0.980)	
Train Epoch-23  Iter-600/706	loss -0.1873 (-0.2166)	accu 1.000 (0.980)	
Train Epoch-23  Iter-625/706	loss 0.9131 (-0.2109)	accu 0.875 (0.981)	
Train Epoch-23  Iter-650/706	loss 0.1758 (-0.2091)	accu 1.000 (0.981)	
Train Epoch-23  Iter-675/706	loss -0.2897 (-0.2083)	accu 1.000 (0.981)	
Train Epoch-23  Iter-700/706	loss -0.4457 (-0.2048)	accu 1.000 (0.980)	
Eval Epoch-23  Iter-0  /52 	loss 3.3551 (3.3551)	accu 0.750 (0.750)	
Eval Epoch-23  Iter-25 /52 	loss 4.3534 (6.5993)	accu 0.625 (0.630)	
Eval Epoch-23  Iter-50 /52 	loss 7.1012 (5.2266)	accu 0.625 (0.684)	
Epoch-23  Train: loss -0.2050	accu 0.9803	Eval: loss 5.1310	accu 0.6851
Train Epoch-24  Iter-0  /706	loss -0.1699 (-0.1699)	accu 1.000 (1.000)	
Train Epoch-24  Iter-25 /706	loss -0.4165 (-0.1876)	accu 1.000 (0.981)	
Train Epoch-24  Iter-50 /706	loss 0.1078 (-0.1541)	accu 1.000 (0.983)	
Train Epoch-24  Iter-75 /706	loss -0.3278 (-0.1767)	accu 1.000 (0.984)	
Train Epoch-24  Iter-100/706	loss -0.3754 (-0.1665)	accu 1.000 (0.979)	
Train Epoch-24  Iter-125/706	loss -0.3288 (-0.1891)	accu 1.000 (0.981)	
Train Epoch-24  Iter-150/706	loss -0.2838 (-0.1550)	accu 1.000 (0.977)	
Train Epoch-24  Iter-175/706	loss -0.4577 (-0.1694)	accu 1.000 (0.978)	
Train Epoch-24  Iter-200/706	loss -0.5452 (-0.1791)	accu 1.000 (0.979)	
Train Epoch-24  Iter-225/706	loss -0.3505 (-0.1675)	accu 1.000 (0.979)	
Train Epoch-24  Iter-250/706	loss 0.6941 (-0.1597)	accu 0.875 (0.979)	
Train Epoch-24  Iter-275/706	loss 0.2433 (-0.1732)	accu 0.875 (0.979)	
Train Epoch-24  Iter-300/706	loss -0.2616 (-0.1671)	accu 1.000 (0.978)	
Train Epoch-24  Iter-325/706	loss -0.3355 (-0.1708)	accu 1.000 (0.979)	
Train Epoch-24  Iter-350/706	loss -0.1011 (-0.1793)	accu 1.000 (0.980)	
Train Epoch-24  Iter-375/706	loss -0.0465 (-0.1881)	accu 1.000 (0.981)	
Train Epoch-24  Iter-400/706	loss 2.0628 (-0.1776)	accu 0.750 (0.980)	
Train Epoch-24  Iter-425/706	loss -0.4344 (-0.1822)	accu 1.000 (0.980)	
Train Epoch-24  Iter-450/706	loss -0.3795 (-0.1825)	accu 1.000 (0.980)	
Train Epoch-24  Iter-475/706	loss -0.5298 (-0.1869)	accu 1.000 (0.981)	
Train Epoch-24  Iter-500/706	loss -0.3280 (-0.1914)	accu 1.000 (0.981)	
Train Epoch-24  Iter-525/706	loss -0.0044 (-0.1856)	accu 0.875 (0.980)	
Train Epoch-24  Iter-550/706	loss -0.2131 (-0.1831)	accu 1.000 (0.980)	
Train Epoch-24  Iter-575/706	loss -0.2569 (-0.1882)	accu 1.000 (0.980)	
Train Epoch-24  Iter-600/706	loss -0.4695 (-0.1928)	accu 1.000 (0.980)	
Train Epoch-24  Iter-625/706	loss -0.5015 (-0.1873)	accu 1.000 (0.979)	
Train Epoch-24  Iter-650/706	loss 0.3906 (-0.1879)	accu 0.875 (0.979)	
Train Epoch-24  Iter-675/706	loss -0.5778 (-0.1887)	accu 1.000 (0.980)	
Train Epoch-24  Iter-700/706	loss -0.4219 (-0.1941)	accu 1.000 (0.980)	
Eval Epoch-24  Iter-0  /52 	loss 3.3860 (3.3860)	accu 0.750 (0.750)	
Eval Epoch-24  Iter-25 /52 	loss 4.3743 (6.6462)	accu 0.625 (0.630)	
Eval Epoch-24  Iter-50 /52 	loss 7.0676 (5.2487)	accu 0.625 (0.684)	
Epoch-24  Train: loss -0.1950	accu 0.9805	Eval: loss 5.1520	accu 0.6875
Train Epoch-25  Iter-0  /706	loss -0.1542 (-0.1542)	accu 1.000 (1.000)	
Train Epoch-25  Iter-25 /706	loss 0.7597 (-0.1723)	accu 0.875 (0.986)	
Train Epoch-25  Iter-50 /706	loss -0.1739 (-0.2050)	accu 1.000 (0.988)	
Train Epoch-25  Iter-75 /706	loss -0.2202 (-0.2080)	accu 1.000 (0.984)	
Train Epoch-25  Iter-100/706	loss 1.3613 (-0.1787)	accu 0.875 (0.979)	
Train Epoch-25  Iter-125/706	loss -0.4563 (-0.1612)	accu 1.000 (0.979)	
Train Epoch-25  Iter-150/706	loss -0.0562 (-0.1705)	accu 1.000 (0.978)	
Train Epoch-25  Iter-175/706	loss 0.5795 (-0.1535)	accu 0.875 (0.977)	
Train Epoch-25  Iter-200/706	loss -0.5247 (-0.1481)	accu 1.000 (0.976)	
Train Epoch-25  Iter-225/706	loss -0.0401 (-0.1439)	accu 0.875 (0.977)	
Train Epoch-25  Iter-250/706	loss -0.4210 (-0.1485)	accu 1.000 (0.976)	
Train Epoch-25  Iter-275/706	loss -0.4784 (-0.1511)	accu 1.000 (0.976)	
Train Epoch-25  Iter-300/706	loss -0.3306 (-0.1459)	accu 1.000 (0.975)	
Train Epoch-25  Iter-325/706	loss -0.5078 (-0.1587)	accu 1.000 (0.976)	
Train Epoch-25  Iter-350/706	loss 0.2837 (-0.1639)	accu 0.875 (0.976)	
Train Epoch-25  Iter-375/706	loss -0.3440 (-0.1682)	accu 1.000 (0.976)	
Train Epoch-25  Iter-400/706	loss -0.4309 (-0.1772)	accu 1.000 (0.977)	
Train Epoch-25  Iter-425/706	loss -0.1953 (-0.1750)	accu 1.000 (0.977)	
Train Epoch-25  Iter-450/706	loss -0.4436 (-0.1789)	accu 1.000 (0.978)	
Train Epoch-25  Iter-475/706	loss 0.5297 (-0.1758)	accu 0.875 (0.977)	
Train Epoch-25  Iter-500/706	loss -0.4675 (-0.1774)	accu 1.000 (0.977)	
Train Epoch-25  Iter-525/706	loss 0.0765 (-0.1709)	accu 0.875 (0.976)	
Train Epoch-25  Iter-550/706	loss -0.5195 (-0.1711)	accu 1.000 (0.976)	
Train Epoch-25  Iter-575/706	loss -0.4632 (-0.1707)	accu 1.000 (0.976)	
Train Epoch-25  Iter-600/706	loss -0.3672 (-0.1664)	accu 1.000 (0.975)	
Train Epoch-25  Iter-625/706	loss -0.3521 (-0.1733)	accu 1.000 (0.976)	
Train Epoch-25  Iter-650/706	loss 1.2255 (-0.1754)	accu 0.875 (0.977)	
Train Epoch-25  Iter-675/706	loss 0.4771 (-0.1744)	accu 0.875 (0.976)	
Train Epoch-25  Iter-700/706	loss -0.3558 (-0.1717)	accu 1.000 (0.976)	
Eval Epoch-25  Iter-0  /52 	loss 3.3924 (3.3924)	accu 0.750 (0.750)	
Eval Epoch-25  Iter-25 /52 	loss 4.3714 (6.6527)	accu 0.625 (0.630)	
Eval Epoch-25  Iter-50 /52 	loss 7.0701 (5.2525)	accu 0.625 (0.684)	
Epoch-25  Train: loss -0.1723	accu 0.9765	Eval: loss 5.1560	accu 0.6875
Epoch    26: reducing learning rate of group 0 to 3.0000e-08.
Train Epoch-26  Iter-0  /706	loss -0.5359 (-0.5359)	accu 1.000 (1.000)	
Train Epoch-26  Iter-25 /706	loss -0.0873 (-0.2479)	accu 1.000 (0.995)	
Train Epoch-26  Iter-50 /706	loss -0.3500 (-0.2327)	accu 1.000 (0.995)	
Train Epoch-26  Iter-75 /706	loss -0.3575 (-0.2211)	accu 1.000 (0.988)	
Train Epoch-26  Iter-100/706	loss 0.3426 (-0.1829)	accu 0.875 (0.981)	
Train Epoch-26  Iter-125/706	loss 0.3298 (-0.2044)	accu 0.875 (0.983)	
Train Epoch-26  Iter-150/706	loss 1.3842 (-0.2057)	accu 0.875 (0.983)	
Train Epoch-26  Iter-175/706	loss -0.3256 (-0.2038)	accu 1.000 (0.982)	
Train Epoch-26  Iter-200/706	loss -0.4527 (-0.2045)	accu 1.000 (0.981)	
Train Epoch-26  Iter-225/706	loss -0.4669 (-0.2123)	accu 1.000 (0.982)	
Train Epoch-26  Iter-250/706	loss -0.4528 (-0.2248)	accu 1.000 (0.984)	
Train Epoch-26  Iter-275/706	loss -0.5579 (-0.2206)	accu 1.000 (0.983)	
Train Epoch-26  Iter-300/706	loss -0.2928 (-0.2187)	accu 1.000 (0.982)	
Train Epoch-26  Iter-325/706	loss -0.2596 (-0.1974)	accu 1.000 (0.981)	
Train Epoch-26  Iter-350/706	loss -0.5931 (-0.1957)	accu 1.000 (0.981)	
Train Epoch-26  Iter-375/706	loss -0.5468 (-0.1953)	accu 1.000 (0.981)	
Train Epoch-26  Iter-400/706	loss -0.3486 (-0.1998)	accu 1.000 (0.981)	
Train Epoch-26  Iter-425/706	loss -0.5549 (-0.1989)	accu 1.000 (0.981)	
Train Epoch-26  Iter-450/706	loss -0.5152 (-0.1982)	accu 1.000 (0.981)	
Train Epoch-26  Iter-475/706	loss -0.3541 (-0.1977)	accu 1.000 (0.981)	
Train Epoch-26  Iter-500/706	loss 0.0889 (-0.2012)	accu 0.875 (0.981)	
Train Epoch-26  Iter-525/706	loss -0.4645 (-0.1976)	accu 1.000 (0.980)	
Train Epoch-26  Iter-550/706	loss -0.4139 (-0.1954)	accu 1.000 (0.980)	
Train Epoch-26  Iter-575/706	loss -0.3010 (-0.1968)	accu 1.000 (0.980)	
Train Epoch-26  Iter-600/706	loss -0.6109 (-0.1927)	accu 1.000 (0.979)	
Train Epoch-26  Iter-625/706	loss 0.4411 (-0.1931)	accu 0.875 (0.979)	
Train Epoch-26  Iter-650/706	loss -0.4626 (-0.1918)	accu 1.000 (0.978)	
Train Epoch-26  Iter-675/706	loss -0.1994 (-0.1949)	accu 1.000 (0.978)	
Train Epoch-26  Iter-700/706	loss -0.2299 (-0.1980)	accu 1.000 (0.979)	
Eval Epoch-26  Iter-0  /52 	loss 3.3902 (3.3902)	accu 0.750 (0.750)	
Eval Epoch-26  Iter-25 /52 	loss 4.3706 (6.6501)	accu 0.625 (0.630)	
Eval Epoch-26  Iter-50 /52 	loss 7.0712 (5.2515)	accu 0.625 (0.684)	
Epoch-26  Train: loss -0.1967	accu 0.9788	Eval: loss 5.1550	accu 0.6875
Train Epoch-27  Iter-0  /706	loss -0.3907 (-0.3907)	accu 1.000 (1.000)	
Train Epoch-27  Iter-25 /706	loss 0.3999 (-0.2284)	accu 0.875 (0.981)	
Train Epoch-27  Iter-50 /706	loss 0.1412 (-0.1629)	accu 1.000 (0.980)	
Train Epoch-27  Iter-75 /706	loss -0.5184 (-0.1893)	accu 1.000 (0.980)	
Train Epoch-27  Iter-100/706	loss -0.4809 (-0.2013)	accu 1.000 (0.983)	
Train Epoch-27  Iter-125/706	loss -0.4099 (-0.1849)	accu 1.000 (0.982)	
Train Epoch-27  Iter-150/706	loss -0.2564 (-0.1750)	accu 1.000 (0.983)	
Train Epoch-27  Iter-175/706	loss -0.2598 (-0.1686)	accu 1.000 (0.981)	
Train Epoch-27  Iter-200/706	loss -0.2433 (-0.1750)	accu 1.000 (0.982)	
Train Epoch-27  Iter-225/706	loss -0.4887 (-0.1861)	accu 1.000 (0.982)	
Train Epoch-27  Iter-250/706	loss -0.3922 (-0.1929)	accu 1.000 (0.982)	
Train Epoch-27  Iter-275/706	loss -0.3833 (-0.1986)	accu 1.000 (0.982)	
Train Epoch-27  Iter-300/706	loss -0.5974 (-0.1952)	accu 1.000 (0.981)	
Train Epoch-27  Iter-325/706	loss 2.4518 (-0.1756)	accu 0.875 (0.980)	
Train Epoch-27  Iter-350/706	loss -0.4516 (-0.1783)	accu 1.000 (0.980)	
Train Epoch-27  Iter-375/706	loss -0.5300 (-0.1818)	accu 1.000 (0.980)	
Train Epoch-27  Iter-400/706	loss -0.2124 (-0.1845)	accu 1.000 (0.980)	
Train Epoch-27  Iter-425/706	loss -0.4972 (-0.1871)	accu 1.000 (0.981)	
Train Epoch-27  Iter-450/706	loss 0.0515 (-0.1889)	accu 1.000 (0.981)	
Train Epoch-27  Iter-475/706	loss 3.3616 (-0.1709)	accu 0.875 (0.979)	
Train Epoch-27  Iter-500/706	loss -0.4541 (-0.1774)	accu 1.000 (0.979)	
Train Epoch-27  Iter-525/706	loss -0.1492 (-0.1739)	accu 1.000 (0.979)	
Train Epoch-27  Iter-550/706	loss -0.1277 (-0.1653)	accu 1.000 (0.978)	
Train Epoch-27  Iter-575/706	loss -0.4774 (-0.1703)	accu 1.000 (0.979)	
Train Epoch-27  Iter-600/706	loss -0.5514 (-0.1626)	accu 1.000 (0.979)	
Train Epoch-27  Iter-625/706	loss -0.4380 (-0.1644)	accu 1.000 (0.979)	
Train Epoch-27  Iter-650/706	loss -0.0133 (-0.1661)	accu 1.000 (0.980)	
Train Epoch-27  Iter-675/706	loss -0.4845 (-0.1593)	accu 1.000 (0.980)	
Train Epoch-27  Iter-700/706	loss -0.5556 (-0.1580)	accu 1.000 (0.979)	
Eval Epoch-27  Iter-0  /52 	loss 3.3884 (3.3884)	accu 0.750 (0.750)	
Eval Epoch-27  Iter-25 /52 	loss 4.3692 (6.6490)	accu 0.625 (0.630)	
Eval Epoch-27  Iter-50 /52 	loss 7.0726 (5.2510)	accu 0.625 (0.684)	
Epoch-27  Train: loss -0.1582	accu 0.9789	Eval: loss 5.1546	accu 0.6875
Train Epoch-28  Iter-0  /706	loss -0.2349 (-0.2349)	accu 1.000 (1.000)	
Train Epoch-28  Iter-25 /706	loss -0.2514 (-0.1612)	accu 1.000 (0.971)	
Train Epoch-28  Iter-50 /706	loss -0.4672 (-0.1636)	accu 1.000 (0.973)	
Train Epoch-28  Iter-75 /706	loss 5.7262 (-0.0822)	accu 0.750 (0.969)	
Train Epoch-28  Iter-100/706	loss -0.5077 (-0.1273)	accu 1.000 (0.972)	
Train Epoch-28  Iter-125/706	loss -0.0107 (-0.1393)	accu 1.000 (0.973)	
Train Epoch-28  Iter-150/706	loss -0.3722 (-0.1697)	accu 1.000 (0.975)	
Train Epoch-28  Iter-175/706	loss -0.5540 (-0.1781)	accu 1.000 (0.977)	
Train Epoch-28  Iter-200/706	loss -0.5512 (-0.1711)	accu 1.000 (0.978)	
Train Epoch-28  Iter-225/706	loss 0.4947 (-0.1516)	accu 1.000 (0.977)	
Train Epoch-28  Iter-250/706	loss -0.0230 (-0.1550)	accu 1.000 (0.979)	
Train Epoch-28  Iter-275/706	loss -0.4211 (-0.1554)	accu 1.000 (0.977)	
Train Epoch-28  Iter-300/706	loss -0.4687 (-0.1653)	accu 1.000 (0.978)	
Train Epoch-28  Iter-325/706	loss -0.3218 (-0.1607)	accu 1.000 (0.977)	
Train Epoch-28  Iter-350/706	loss 0.3639 (-0.1684)	accu 1.000 (0.978)	
Train Epoch-28  Iter-375/706	loss 0.6519 (-0.1775)	accu 1.000 (0.979)	
Train Epoch-28  Iter-400/706	loss -0.3550 (-0.1774)	accu 1.000 (0.978)	
Train Epoch-28  Iter-425/706	loss -0.2982 (-0.1832)	accu 1.000 (0.979)	
Train Epoch-28  Iter-450/706	loss 1.2028 (-0.1796)	accu 1.000 (0.979)	
Train Epoch-28  Iter-475/706	loss -0.4998 (-0.1831)	accu 1.000 (0.980)	
Train Epoch-28  Iter-500/706	loss -0.5569 (-0.1855)	accu 1.000 (0.980)	
Train Epoch-28  Iter-525/706	loss -0.5059 (-0.1916)	accu 1.000 (0.980)	
Train Epoch-28  Iter-550/706	loss 0.0667 (-0.1844)	accu 0.875 (0.979)	
Train Epoch-28  Iter-575/706	loss -0.3650 (-0.1898)	accu 1.000 (0.980)	
Train Epoch-28  Iter-600/706	loss -0.5472 (-0.1845)	accu 1.000 (0.980)	
Train Epoch-28  Iter-625/706	loss -0.5881 (-0.1836)	accu 1.000 (0.980)	
Train Epoch-28  Iter-650/706	loss -0.5102 (-0.1768)	accu 1.000 (0.979)	
Train Epoch-28  Iter-675/706	loss -0.3217 (-0.1802)	accu 1.000 (0.979)	
Train Epoch-28  Iter-700/706	loss -0.4978 (-0.1802)	accu 1.000 (0.980)	
Eval Epoch-28  Iter-0  /52 	loss 3.3873 (3.3873)	accu 0.750 (0.750)	
Eval Epoch-28  Iter-25 /52 	loss 4.3643 (6.6478)	accu 0.625 (0.630)	
Eval Epoch-28  Iter-50 /52 	loss 7.0757 (5.2506)	accu 0.625 (0.684)	
Epoch-28  Train: loss -0.1801	accu 0.9796	Eval: loss 5.1543	accu 0.6875
Train Epoch-29  Iter-0  /706	loss -0.3850 (-0.3850)	accu 1.000 (1.000)	
Train Epoch-29  Iter-25 /706	loss -0.4820 (-0.1610)	accu 1.000 (0.981)	
Train Epoch-29  Iter-50 /706	loss -0.0348 (-0.2200)	accu 1.000 (0.990)	
Train Epoch-29  Iter-75 /706	loss -0.5152 (-0.2367)	accu 1.000 (0.992)	
Train Epoch-29  Iter-100/706	loss -0.4384 (-0.2222)	accu 1.000 (0.984)	
Train Epoch-29  Iter-125/706	loss -0.2984 (-0.2065)	accu 1.000 (0.981)	
Train Epoch-29  Iter-150/706	loss -0.2929 (-0.2154)	accu 1.000 (0.983)	
Train Epoch-29  Iter-175/706	loss 0.8676 (-0.2124)	accu 1.000 (0.983)	
Train Epoch-29  Iter-200/706	loss -0.3395 (-0.2167)	accu 1.000 (0.984)	
Train Epoch-29  Iter-225/706	loss -0.4106 (-0.1939)	accu 1.000 (0.981)	
Train Epoch-29  Iter-250/706	loss -0.1492 (-0.1998)	accu 1.000 (0.982)	
Train Epoch-29  Iter-275/706	loss -0.4680 (-0.1859)	accu 1.000 (0.980)	
Train Epoch-29  Iter-300/706	loss -0.5444 (-0.1808)	accu 1.000 (0.980)	
Train Epoch-29  Iter-325/706	loss -0.3237 (-0.1880)	accu 1.000 (0.980)	
Train Epoch-29  Iter-350/706	loss -0.2422 (-0.1880)	accu 1.000 (0.980)	
Train Epoch-29  Iter-375/706	loss -0.5163 (-0.1755)	accu 1.000 (0.979)	
Train Epoch-29  Iter-400/706	loss -0.5142 (-0.1720)	accu 1.000 (0.979)	
Train Epoch-29  Iter-425/706	loss -0.3781 (-0.1818)	accu 1.000 (0.979)	
Train Epoch-29  Iter-450/706	loss -0.4204 (-0.1780)	accu 1.000 (0.979)	
Train Epoch-29  Iter-475/706	loss 0.7930 (-0.1825)	accu 1.000 (0.980)	
Train Epoch-29  Iter-500/706	loss 1.1871 (-0.1798)	accu 0.875 (0.980)	
