wandb: Currently logged in as: shrey2809 (is_project). Use `wandb login --relogin` to force relogin
wandb: Tracking run with wandb version 0.15.4
wandb: Run data is saved locally in /scratch/AzureNfsServer_INPUT1/vc_data/users/gmanish/multiModalHate/IS-Hate-Speech/wandb/run-20230611_185557-c4fgr78a
wandb: Run `wandb offline` to turn off syncing.
wandb: Syncing run frosty-glitter-231
wandb: ⭐️ View project at https://wandb.ai/is_project/vision_models
wandb: 🚀 View run at https://wandb.ai/is_project/vision_models/runs/c4fgr78a
number of available devices: 1
obtained dataloaders
Some weights of the model checkpoint at bert-large-cased were not used when initializing BertModel: ['cls.predictions.transform.LayerNorm.weight', 'cls.predictions.decoder.weight', 'cls.seq_relationship.bias', 'cls.seq_relationship.weight', 'cls.predictions.bias', 'cls.predictions.transform.dense.bias', 'cls.predictions.transform.LayerNorm.bias', 'cls.predictions.transform.dense.weight']
- This IS expected if you are initializing BertModel from the checkpoint of a model trained on another task or with another architecture (e.g. initializing a BertForSequenceClassification model from a BertForPreTraining model).
- This IS NOT expected if you are initializing BertModel from the checkpoint of a model that you expect to be exactly identical (initializing a BertForSequenceClassification model from a BertForSequenceClassification model).
Downloading (…)solve/main/vocab.txt:   0%|          | 0.00/213k [00:00<?, ?B/s]Downloading (…)solve/main/vocab.txt: 100%|██████████| 213k/213k [00:00<00:00, 31.6MB/s]
Downloading (…)okenizer_config.json:   0%|          | 0.00/29.0 [00:00<?, ?B/s]Downloading (…)okenizer_config.json: 100%|██████████| 29.0/29.0 [00:00<00:00, 7.81kB/s]
loaded models
Train Epoch-0   Iter-0  /706	loss 1.2915 (1.2915)	accu 0.750 (0.750)	
Train Epoch-0   Iter-25 /706	loss 2.0437 (2.3341)	accu 0.500 (0.529)	
Train Epoch-0   Iter-50 /706	loss 1.8559 (2.0872)	accu 0.625 (0.534)	
Train Epoch-0   Iter-75 /706	loss 1.1477 (2.0056)	accu 0.875 (0.558)	
Train Epoch-0   Iter-100/706	loss 1.8081 (1.9922)	accu 0.625 (0.575)	
Train Epoch-0   Iter-125/706	loss 2.2236 (1.9526)	accu 0.625 (0.585)	
Train Epoch-0   Iter-150/706	loss 1.9385 (1.9148)	accu 0.500 (0.595)	
Train Epoch-0   Iter-175/706	loss 2.1231 (1.9023)	accu 0.875 (0.604)	
Train Epoch-0   Iter-200/706	loss 1.6263 (1.8791)	accu 0.375 (0.603)	
Train Epoch-0   Iter-225/706	loss 1.9199 (1.8669)	accu 0.875 (0.616)	
Train Epoch-0   Iter-250/706	loss 1.4959 (1.8399)	accu 0.750 (0.617)	
Train Epoch-0   Iter-275/706	loss 1.0799 (1.8135)	accu 1.000 (0.630)	
Train Epoch-0   Iter-300/706	loss 1.7639 (1.8006)	accu 0.750 (0.640)	
Train Epoch-0   Iter-325/706	loss 1.4336 (1.7775)	accu 0.875 (0.649)	
Train Epoch-0   Iter-350/706	loss 2.4305 (1.7569)	accu 0.375 (0.660)	
Train Epoch-0   Iter-375/706	loss 1.4567 (1.7365)	accu 0.750 (0.667)	
Train Epoch-0   Iter-400/706	loss 1.7042 (1.7257)	accu 0.750 (0.673)	
Train Epoch-0   Iter-425/706	loss 1.4202 (1.7139)	accu 0.875 (0.680)	
Train Epoch-0   Iter-450/706	loss 0.9072 (1.7034)	accu 1.000 (0.682)	
Train Epoch-0   Iter-475/706	loss 0.8755 (1.6891)	accu 0.875 (0.683)	
Train Epoch-0   Iter-500/706	loss 1.1289 (1.6761)	accu 0.875 (0.689)	
Train Epoch-0   Iter-525/706	loss 1.0639 (1.6681)	accu 1.000 (0.692)	
Train Epoch-0   Iter-550/706	loss 2.0174 (1.6583)	accu 0.375 (0.696)	
Train Epoch-0   Iter-575/706	loss 1.4987 (1.6417)	accu 0.750 (0.702)	
Train Epoch-0   Iter-600/706	loss 1.3775 (1.6223)	accu 0.875 (0.709)	
Train Epoch-0   Iter-625/706	loss 1.0795 (1.6116)	accu 0.875 (0.713)	
Train Epoch-0   Iter-650/706	loss 0.8996 (1.6052)	accu 1.000 (0.716)	
Train Epoch-0   Iter-675/706	loss 2.4961 (1.5887)	accu 0.625 (0.722)	
Train Epoch-0   Iter-700/706	loss 1.4962 (1.5774)	accu 0.875 (0.726)	
Eval Epoch-0   Iter-0  /52 	loss 2.0647 (2.0647)	accu 0.750 (0.750)	
Eval Epoch-0   Iter-25 /52 	loss 2.0173 (1.9490)	accu 1.000 (0.721)	
Eval Epoch-0   Iter-50 /52 	loss 1.2127 (1.6140)	accu 0.750 (0.718)	
Epoch-0   Train: loss 1.5764	accu 0.7268	Eval: loss 1.6226	accu 0.7139
Train Epoch-1   Iter-0  /706	loss 1.5618 (1.5618)	accu 0.750 (0.750)	
Train Epoch-1   Iter-25 /706	loss 1.0177 (1.2370)	accu 0.875 (0.861)	
Train Epoch-1   Iter-50 /706	loss 0.6388 (1.2315)	accu 1.000 (0.855)	
Train Epoch-1   Iter-75 /706	loss 0.3846 (1.1888)	accu 0.875 (0.865)	
Train Epoch-1   Iter-100/706	loss 1.1502 (1.1977)	accu 1.000 (0.859)	
Train Epoch-1   Iter-125/706	loss 1.3716 (1.1856)	accu 0.750 (0.864)	
Train Epoch-1   Iter-150/706	loss 0.7515 (1.1766)	accu 1.000 (0.863)	
Train Epoch-1   Iter-175/706	loss 0.9657 (1.1862)	accu 0.750 (0.865)	
Train Epoch-1   Iter-200/706	loss 1.8819 (1.1833)	accu 0.625 (0.863)	
Train Epoch-1   Iter-225/706	loss 2.5739 (1.1856)	accu 0.750 (0.859)	
Train Epoch-1   Iter-250/706	loss 0.4888 (1.1716)	accu 1.000 (0.860)	
Train Epoch-1   Iter-275/706	loss 1.2993 (1.1752)	accu 0.750 (0.861)	
Train Epoch-1   Iter-300/706	loss 1.0152 (1.1777)	accu 0.875 (0.859)	
Train Epoch-1   Iter-325/706	loss 0.6578 (1.1732)	accu 1.000 (0.858)	
Train Epoch-1   Iter-350/706	loss 0.5280 (1.1766)	accu 1.000 (0.856)	
Train Epoch-1   Iter-375/706	loss 0.7405 (1.1685)	accu 0.875 (0.858)	
Train Epoch-1   Iter-400/706	loss 0.5986 (1.1632)	accu 0.875 (0.860)	
Train Epoch-1   Iter-425/706	loss 1.9819 (1.1584)	accu 0.875 (0.862)	
Train Epoch-1   Iter-450/706	loss 1.2543 (1.1570)	accu 0.750 (0.863)	
Train Epoch-1   Iter-475/706	loss 1.9525 (1.1581)	accu 0.625 (0.862)	
Train Epoch-1   Iter-500/706	loss 1.5421 (1.1560)	accu 0.875 (0.864)	
Train Epoch-1   Iter-525/706	loss 1.1985 (1.1516)	accu 0.625 (0.864)	
Train Epoch-1   Iter-550/706	loss 1.0466 (1.1488)	accu 0.875 (0.865)	
Train Epoch-1   Iter-575/706	loss 1.3845 (1.1417)	accu 0.875 (0.867)	
Train Epoch-1   Iter-600/706	loss 1.2041 (1.1376)	accu 0.875 (0.868)	
Train Epoch-1   Iter-625/706	loss 1.9253 (1.1413)	accu 0.750 (0.867)	
Train Epoch-1   Iter-650/706	loss 0.9133 (1.1399)	accu 1.000 (0.867)	
Train Epoch-1   Iter-675/706	loss 0.6548 (1.1334)	accu 0.875 (0.867)	
Train Epoch-1   Iter-700/706	loss 0.6867 (1.1290)	accu 1.000 (0.869)	
Eval Epoch-1   Iter-0  /52 	loss 1.9861 (1.9861)	accu 0.875 (0.875)	
Eval Epoch-1   Iter-25 /52 	loss 1.7626 (2.4701)	accu 0.875 (0.731)	
Eval Epoch-1   Iter-50 /52 	loss 0.9296 (1.8843)	accu 0.875 (0.765)	
Epoch-1   Train: loss 1.1284	accu 0.8695	Eval: loss 1.8974	accu 0.7596
Train Epoch-2   Iter-0  /706	loss 1.3419 (1.3419)	accu 0.875 (0.875)	
Train Epoch-2   Iter-25 /706	loss 1.0284 (1.1562)	accu 0.875 (0.875)	
Train Epoch-2   Iter-50 /706	loss 0.3284 (1.0959)	accu 1.000 (0.895)	
Train Epoch-2   Iter-75 /706	loss 0.3646 (1.0634)	accu 1.000 (0.901)	
Train Epoch-2   Iter-100/706	loss 0.6853 (1.0589)	accu 1.000 (0.901)	
Train Epoch-2   Iter-125/706	loss 1.2135 (1.0344)	accu 0.750 (0.901)	
Train Epoch-2   Iter-150/706	loss 1.0319 (1.0315)	accu 0.875 (0.903)	
Train Epoch-2   Iter-175/706	loss 1.6025 (1.0473)	accu 0.625 (0.896)	
Train Epoch-2   Iter-200/706	loss 2.1831 (1.0533)	accu 0.625 (0.894)	
Train Epoch-2   Iter-225/706	loss 1.0503 (1.0500)	accu 0.875 (0.894)	
Train Epoch-2   Iter-250/706	loss 0.2982 (1.0391)	accu 1.000 (0.896)	
Train Epoch-2   Iter-275/706	loss 1.6306 (1.0326)	accu 0.875 (0.896)	
Train Epoch-2   Iter-300/706	loss 0.8832 (1.0254)	accu 0.875 (0.897)	
Train Epoch-2   Iter-325/706	loss 0.3880 (1.0170)	accu 0.875 (0.894)	
Train Epoch-2   Iter-350/706	loss 0.7034 (1.0121)	accu 0.875 (0.895)	
Train Epoch-2   Iter-375/706	loss 1.1483 (1.0247)	accu 0.875 (0.892)	
Train Epoch-2   Iter-400/706	loss 0.3919 (1.0178)	accu 1.000 (0.894)	
Train Epoch-2   Iter-425/706	loss 0.9779 (1.0350)	accu 1.000 (0.893)	
Train Epoch-2   Iter-450/706	loss 0.9342 (1.0309)	accu 0.875 (0.894)	
Train Epoch-2   Iter-475/706	loss 1.1816 (1.0385)	accu 1.000 (0.892)	
Train Epoch-2   Iter-500/706	loss 0.6614 (1.0389)	accu 0.875 (0.891)	
Train Epoch-2   Iter-525/706	loss 0.4903 (1.0379)	accu 1.000 (0.892)	
Train Epoch-2   Iter-550/706	loss 1.8766 (1.0444)	accu 0.750 (0.891)	
Train Epoch-2   Iter-575/706	loss 0.4576 (1.0447)	accu 0.875 (0.890)	
Train Epoch-2   Iter-600/706	loss 1.2746 (1.0446)	accu 0.875 (0.890)	
Train Epoch-2   Iter-625/706	loss 0.8929 (1.0411)	accu 0.875 (0.890)	
Train Epoch-2   Iter-650/706	loss 0.9495 (1.0318)	accu 0.875 (0.892)	
Train Epoch-2   Iter-675/706	loss 0.9310 (1.0346)	accu 0.875 (0.891)	
Train Epoch-2   Iter-700/706	loss 2.0367 (1.0352)	accu 0.750 (0.891)	
Eval Epoch-2   Iter-0  /52 	loss 1.4078 (1.4078)	accu 0.750 (0.750)	
Eval Epoch-2   Iter-25 /52 	loss 2.2697 (1.9092)	accu 0.750 (0.702)	
Eval Epoch-2   Iter-50 /52 	loss 1.0924 (1.5654)	accu 0.875 (0.718)	
Epoch-2   Train: loss 1.0356	accu 0.8899	Eval: loss 1.5809	accu 0.7139
Train Epoch-3   Iter-0  /706	loss 0.6672 (0.6672)	accu 1.000 (1.000)	
Train Epoch-3   Iter-25 /706	loss 0.3720 (1.0159)	accu 1.000 (0.889)	
Train Epoch-3   Iter-50 /706	loss 0.6616 (0.9071)	accu 0.875 (0.909)	
Train Epoch-3   Iter-75 /706	loss 0.1647 (0.8696)	accu 1.000 (0.901)	
Train Epoch-3   Iter-100/706	loss 1.4095 (0.8531)	accu 0.750 (0.910)	
Train Epoch-3   Iter-125/706	loss 0.7663 (0.8952)	accu 1.000 (0.902)	
Train Epoch-3   Iter-150/706	loss 0.5309 (0.8890)	accu 0.875 (0.901)	
Train Epoch-3   Iter-175/706	loss 1.6957 (0.8982)	accu 0.750 (0.903)	
Train Epoch-3   Iter-200/706	loss 0.7213 (0.8968)	accu 0.875 (0.907)	
Train Epoch-3   Iter-225/706	loss 1.9579 (0.9140)	accu 0.875 (0.900)	
Train Epoch-3   Iter-250/706	loss 0.8653 (0.9040)	accu 1.000 (0.904)	
Train Epoch-3   Iter-275/706	loss 0.8885 (0.8902)	accu 1.000 (0.908)	
Train Epoch-3   Iter-300/706	loss 0.6365 (0.8869)	accu 1.000 (0.908)	
Train Epoch-3   Iter-325/706	loss 0.3164 (0.8866)	accu 1.000 (0.910)	
Train Epoch-3   Iter-350/706	loss 0.8978 (0.8925)	accu 0.875 (0.909)	
Train Epoch-3   Iter-375/706	loss 1.3407 (0.8927)	accu 0.750 (0.910)	
Train Epoch-3   Iter-400/706	loss 0.9514 (0.9066)	accu 0.875 (0.907)	
Train Epoch-3   Iter-425/706	loss 0.4629 (0.9219)	accu 1.000 (0.904)	
Train Epoch-3   Iter-450/706	loss 1.4487 (0.9179)	accu 0.750 (0.905)	
Train Epoch-3   Iter-475/706	loss 0.6623 (0.9130)	accu 0.875 (0.906)	
Train Epoch-3   Iter-500/706	loss 0.6650 (0.9122)	accu 0.875 (0.906)	
Train Epoch-3   Iter-525/706	loss 0.7603 (0.9092)	accu 1.000 (0.906)	
Train Epoch-3   Iter-550/706	loss 0.9905 (0.9078)	accu 0.875 (0.907)	
Train Epoch-3   Iter-575/706	loss 0.6912 (0.9092)	accu 1.000 (0.905)	
Train Epoch-3   Iter-600/706	loss 0.5425 (0.9035)	accu 1.000 (0.906)	
Train Epoch-3   Iter-625/706	loss 0.5561 (0.8964)	accu 0.875 (0.907)	
Train Epoch-3   Iter-650/706	loss 1.4065 (0.8924)	accu 0.875 (0.908)	
Train Epoch-3   Iter-675/706	loss 0.3823 (0.8908)	accu 1.000 (0.910)	
Train Epoch-3   Iter-700/706	loss 1.6650 (0.8874)	accu 0.750 (0.910)	
Eval Epoch-3   Iter-0  /52 	loss 2.1911 (2.1911)	accu 0.750 (0.750)	
Eval Epoch-3   Iter-25 /52 	loss 1.6341 (1.8259)	accu 0.750 (0.812)	
Eval Epoch-3   Iter-50 /52 	loss 0.5605 (1.5810)	accu 0.875 (0.765)	
Epoch-3   Train: loss 0.8870	accu 0.9099	Eval: loss 1.6081	accu 0.7596
Train Epoch-4   Iter-0  /706	loss 0.5150 (0.5150)	accu 1.000 (1.000)	
Train Epoch-4   Iter-25 /706	loss 1.4394 (0.9837)	accu 0.875 (0.904)	
Train Epoch-4   Iter-50 /706	loss 0.5029 (0.8692)	accu 0.875 (0.917)	
Train Epoch-4   Iter-75 /706	loss 0.5589 (0.8202)	accu 0.875 (0.921)	
Train Epoch-4   Iter-100/706	loss 1.4280 (0.8140)	accu 0.875 (0.922)	
Train Epoch-4   Iter-125/706	loss 0.1842 (0.8036)	accu 1.000 (0.922)	
Train Epoch-4   Iter-150/706	loss 0.6840 (0.8178)	accu 1.000 (0.924)	
Train Epoch-4   Iter-175/706	loss 1.3391 (0.8437)	accu 0.875 (0.920)	
Train Epoch-4   Iter-200/706	loss 0.4221 (0.8304)	accu 1.000 (0.922)	
Train Epoch-4   Iter-225/706	loss 1.2819 (0.8424)	accu 0.875 (0.919)	
Train Epoch-4   Iter-250/706	loss 1.2301 (0.8643)	accu 0.875 (0.914)	
Train Epoch-4   Iter-275/706	loss 0.4012 (0.8569)	accu 1.000 (0.911)	
Train Epoch-4   Iter-300/706	loss 1.3443 (0.8544)	accu 0.750 (0.910)	
Train Epoch-4   Iter-325/706	loss 0.9444 (0.8481)	accu 0.750 (0.910)	
Train Epoch-4   Iter-350/706	loss 0.7427 (0.8693)	accu 1.000 (0.906)	
Train Epoch-4   Iter-375/706	loss 1.4616 (0.8812)	accu 0.750 (0.904)	
Train Epoch-4   Iter-400/706	loss 0.7134 (0.8791)	accu 1.000 (0.903)	
Train Epoch-4   Iter-425/706	loss 1.5175 (0.8664)	accu 0.875 (0.904)	
Train Epoch-4   Iter-450/706	loss 0.9833 (0.8618)	accu 0.875 (0.905)	
Train Epoch-4   Iter-475/706	loss 0.7432 (0.8558)	accu 0.750 (0.906)	
Train Epoch-4   Iter-500/706	loss 0.9308 (0.8483)	accu 0.875 (0.906)	
Train Epoch-4   Iter-525/706	loss 1.2745 (0.8428)	accu 0.750 (0.905)	
Train Epoch-4   Iter-550/706	loss 2.9171 (0.8481)	accu 0.875 (0.904)	
Train Epoch-4   Iter-575/706	loss 0.8583 (0.8391)	accu 0.875 (0.906)	
Train Epoch-4   Iter-600/706	loss 0.7131 (0.8423)	accu 1.000 (0.905)	
Train Epoch-4   Iter-625/706	loss 0.8047 (0.8438)	accu 0.875 (0.904)	
Train Epoch-4   Iter-650/706	loss 1.6448 (0.8389)	accu 0.750 (0.905)	
Train Epoch-4   Iter-675/706	loss 0.7413 (0.8362)	accu 0.875 (0.906)	
Train Epoch-4   Iter-700/706	loss 0.8180 (0.8329)	accu 0.875 (0.906)	
Eval Epoch-4   Iter-0  /52 	loss 1.6368 (1.6368)	accu 0.750 (0.750)	
Eval Epoch-4   Iter-25 /52 	loss 1.0840 (2.3744)	accu 1.000 (0.697)	
Eval Epoch-4   Iter-50 /52 	loss 0.6796 (1.9641)	accu 0.875 (0.706)	
Epoch-4   Train: loss 0.8315	accu 0.9065	Eval: loss 1.9627	accu 0.7043
Train Epoch-5   Iter-0  /706	loss 0.8060 (0.8060)	accu 1.000 (1.000)	
Train Epoch-5   Iter-25 /706	loss 1.5302 (0.6158)	accu 0.750 (0.957)	
Train Epoch-5   Iter-50 /706	loss 0.5281 (0.6976)	accu 0.875 (0.917)	
Train Epoch-5   Iter-75 /706	loss 0.6150 (0.7378)	accu 1.000 (0.919)	
Train Epoch-5   Iter-100/706	loss 1.1161 (0.7513)	accu 0.750 (0.921)	
Train Epoch-5   Iter-125/706	loss 1.5174 (0.7442)	accu 0.875 (0.925)	
Train Epoch-5   Iter-150/706	loss 0.5144 (0.7094)	accu 0.750 (0.930)	
Train Epoch-5   Iter-175/706	loss 0.8658 (0.6922)	accu 0.875 (0.933)	
Train Epoch-5   Iter-200/706	loss 0.6855 (0.6856)	accu 0.875 (0.933)	
Train Epoch-5   Iter-225/706	loss 1.4420 (0.6799)	accu 0.875 (0.935)	
Train Epoch-5   Iter-250/706	loss 0.4339 (0.6891)	accu 1.000 (0.933)	
Train Epoch-5   Iter-275/706	loss 0.1732 (0.6818)	accu 1.000 (0.933)	
Train Epoch-5   Iter-300/706	loss 0.9533 (0.6679)	accu 0.875 (0.935)	
Train Epoch-5   Iter-325/706	loss 0.8349 (0.6699)	accu 0.875 (0.935)	
Train Epoch-5   Iter-350/706	loss 0.4816 (0.6722)	accu 1.000 (0.936)	
Train Epoch-5   Iter-375/706	loss 1.0671 (0.6751)	accu 0.875 (0.935)	
Train Epoch-5   Iter-400/706	loss 1.7827 (0.6728)	accu 0.750 (0.935)	
Train Epoch-5   Iter-425/706	loss 0.2836 (0.6806)	accu 1.000 (0.932)	
Train Epoch-5   Iter-450/706	loss 0.2530 (0.6781)	accu 1.000 (0.933)	
Train Epoch-5   Iter-475/706	loss 0.4969 (0.6796)	accu 1.000 (0.933)	
Train Epoch-5   Iter-500/706	loss 0.8542 (0.6849)	accu 1.000 (0.932)	
Train Epoch-5   Iter-525/706	loss 1.7093 (0.6844)	accu 0.625 (0.932)	
Train Epoch-5   Iter-550/706	loss 1.1468 (0.6905)	accu 0.750 (0.930)	
Train Epoch-5   Iter-575/706	loss 0.1846 (0.6896)	accu 1.000 (0.930)	
Train Epoch-5   Iter-600/706	loss 0.0830 (0.6770)	accu 1.000 (0.931)	
Train Epoch-5   Iter-625/706	loss 0.2921 (0.6767)	accu 1.000 (0.932)	
Train Epoch-5   Iter-650/706	loss 1.7248 (0.6805)	accu 0.750 (0.931)	
Train Epoch-5   Iter-675/706	loss 0.7011 (0.6847)	accu 0.875 (0.930)	
Train Epoch-5   Iter-700/706	loss 0.2454 (0.6785)	accu 1.000 (0.932)	
Eval Epoch-5   Iter-0  /52 	loss 2.3423 (2.3423)	accu 0.750 (0.750)	
Eval Epoch-5   Iter-25 /52 	loss 0.6743 (1.8281)	accu 1.000 (0.846)	
Eval Epoch-5   Iter-50 /52 	loss 2.0399 (1.9054)	accu 0.750 (0.772)	
Epoch-5   Train: loss 0.6775	accu 0.9317	Eval: loss 1.9594	accu 0.7668
Train Epoch-6   Iter-0  /706	loss 0.2055 (0.2055)	accu 1.000 (1.000)	
Train Epoch-6   Iter-25 /706	loss 0.4043 (0.5333)	accu 1.000 (0.957)	
Train Epoch-6   Iter-50 /706	loss 0.4041 (0.5705)	accu 1.000 (0.951)	
Train Epoch-6   Iter-75 /706	loss 0.8772 (0.5684)	accu 0.875 (0.952)	
Train Epoch-6   Iter-100/706	loss 0.0705 (0.5529)	accu 1.000 (0.949)	
Train Epoch-6   Iter-125/706	loss 1.0435 (0.5772)	accu 1.000 (0.947)	
Train Epoch-6   Iter-150/706	loss 0.0705 (0.5627)	accu 1.000 (0.950)	
Train Epoch-6   Iter-175/706	loss 0.5393 (0.5474)	accu 0.875 (0.953)	
Train Epoch-6   Iter-200/706	loss 0.5783 (0.5717)	accu 0.875 (0.947)	
Train Epoch-6   Iter-225/706	loss 0.7021 (0.5731)	accu 0.875 (0.946)	
Train Epoch-6   Iter-250/706	loss 0.1170 (0.5813)	accu 1.000 (0.942)	
Train Epoch-6   Iter-275/706	loss 1.6781 (0.5834)	accu 0.875 (0.942)	
Train Epoch-6   Iter-300/706	loss 1.1104 (0.5986)	accu 0.875 (0.940)	
Train Epoch-6   Iter-325/706	loss 0.5657 (0.6058)	accu 0.875 (0.939)	
Train Epoch-6   Iter-350/706	loss 0.3354 (0.6129)	accu 0.875 (0.938)	
Train Epoch-6   Iter-375/706	loss 3.7986 (0.6402)	accu 0.750 (0.935)	
Train Epoch-6   Iter-400/706	loss 1.0013 (0.6410)	accu 0.875 (0.935)	
Train Epoch-6   Iter-425/706	loss 3.0540 (0.6400)	accu 0.875 (0.935)	
Train Epoch-6   Iter-450/706	loss 0.4848 (0.6417)	accu 1.000 (0.935)	
Train Epoch-6   Iter-475/706	loss 0.0566 (0.6308)	accu 1.000 (0.936)	
Train Epoch-6   Iter-500/706	loss 0.2319 (0.6262)	accu 1.000 (0.937)	
Train Epoch-6   Iter-525/706	loss 0.1487 (0.6282)	accu 1.000 (0.937)	
Train Epoch-6   Iter-550/706	loss 0.0347 (0.6270)	accu 1.000 (0.936)	
Train Epoch-6   Iter-575/706	loss 0.7139 (0.6190)	accu 0.875 (0.937)	
Train Epoch-6   Iter-600/706	loss 0.4312 (0.6187)	accu 1.000 (0.937)	
Train Epoch-6   Iter-625/706	loss 0.5456 (0.6130)	accu 0.875 (0.938)	
Train Epoch-6   Iter-650/706	loss 0.4472 (0.6167)	accu 1.000 (0.937)	
Train Epoch-6   Iter-675/706	loss 0.1676 (0.6136)	accu 1.000 (0.938)	
Train Epoch-6   Iter-700/706	loss 0.6756 (0.6145)	accu 0.875 (0.938)	
Eval Epoch-6   Iter-0  /52 	loss 2.6412 (2.6412)	accu 0.750 (0.750)	
Eval Epoch-6   Iter-25 /52 	loss 1.6508 (3.2577)	accu 0.875 (0.635)	
Eval Epoch-6   Iter-50 /52 	loss 0.7734 (2.3855)	accu 0.875 (0.699)	
Epoch-6   Train: loss 0.6137	accu 0.9377	Eval: loss 2.3654	accu 0.6947
Train Epoch-7   Iter-0  /706	loss 0.8961 (0.8961)	accu 0.750 (0.750)	
Train Epoch-7   Iter-25 /706	loss 0.6178 (0.6083)	accu 1.000 (0.933)	
Train Epoch-7   Iter-50 /706	loss 0.5510 (0.6122)	accu 1.000 (0.931)	
Train Epoch-7   Iter-75 /706	loss 0.7455 (0.5968)	accu 0.875 (0.934)	
Train Epoch-7   Iter-100/706	loss 1.0184 (0.6341)	accu 0.750 (0.932)	
Train Epoch-7   Iter-125/706	loss 0.7137 (0.6415)	accu 0.875 (0.931)	
Train Epoch-7   Iter-150/706	loss 0.3101 (0.6156)	accu 1.000 (0.934)	
Train Epoch-7   Iter-175/706	loss 1.3026 (0.5954)	accu 0.875 (0.939)	
Train Epoch-7   Iter-200/706	loss 0.5971 (0.6060)	accu 0.875 (0.937)	
Train Epoch-7   Iter-225/706	loss 0.1527 (0.6031)	accu 1.000 (0.936)	
Train Epoch-7   Iter-250/706	loss 0.8117 (0.5916)	accu 0.875 (0.936)	
Train Epoch-7   Iter-275/706	loss 1.0076 (0.6069)	accu 1.000 (0.938)	
Train Epoch-7   Iter-300/706	loss 0.9521 (0.5985)	accu 0.750 (0.938)	
Train Epoch-7   Iter-325/706	loss 1.0342 (0.5860)	accu 0.875 (0.940)	
Train Epoch-7   Iter-350/706	loss 0.0640 (0.5817)	accu 1.000 (0.940)	
Train Epoch-7   Iter-375/706	loss 0.4716 (0.5789)	accu 0.875 (0.941)	
Train Epoch-7   Iter-400/706	loss 0.1932 (0.5710)	accu 1.000 (0.942)	
Train Epoch-7   Iter-425/706	loss 0.0973 (0.5652)	accu 1.000 (0.942)	
Train Epoch-7   Iter-450/706	loss 0.2613 (0.5577)	accu 1.000 (0.942)	
Train Epoch-7   Iter-475/706	loss 0.7752 (0.5607)	accu 0.875 (0.941)	
Train Epoch-7   Iter-500/706	loss 1.4384 (0.5489)	accu 0.875 (0.943)	
Train Epoch-7   Iter-525/706	loss 0.8337 (0.5441)	accu 0.750 (0.943)	
Train Epoch-7   Iter-550/706	loss 0.0409 (0.5361)	accu 1.000 (0.943)	
Train Epoch-7   Iter-575/706	loss -0.0928 (0.5334)	accu 1.000 (0.944)	
Train Epoch-7   Iter-600/706	loss 0.0713 (0.5254)	accu 1.000 (0.944)	
Train Epoch-7   Iter-625/706	loss 0.2985 (0.5295)	accu 1.000 (0.945)	
Train Epoch-7   Iter-650/706	loss 1.1452 (0.5287)	accu 0.875 (0.945)	
Train Epoch-7   Iter-675/706	loss 0.9040 (0.5254)	accu 0.875 (0.945)	
Train Epoch-7   Iter-700/706	loss 0.2478 (0.5291)	accu 1.000 (0.945)	
Eval Epoch-7   Iter-0  /52 	loss 1.1141 (1.1141)	accu 0.875 (0.875)	
Eval Epoch-7   Iter-25 /52 	loss 0.7591 (1.5861)	accu 0.875 (0.788)	
Eval Epoch-7   Iter-50 /52 	loss 1.7515 (1.8373)	accu 0.875 (0.750)	
Epoch-7   Train: loss 0.5307	accu 0.9448	Eval: loss 1.8992	accu 0.7452
Train Epoch-8   Iter-0  /706	loss 0.2503 (0.2503)	accu 1.000 (1.000)	
Train Epoch-8   Iter-25 /706	loss 0.3266 (0.5129)	accu 1.000 (0.923)	
Train Epoch-8   Iter-50 /706	loss 0.5521 (0.4512)	accu 0.875 (0.929)	
Train Epoch-8   Iter-75 /706	loss 0.0457 (0.3979)	accu 1.000 (0.941)	
Train Epoch-8   Iter-100/706	loss -0.0343 (0.4500)	accu 1.000 (0.938)	
Train Epoch-8   Iter-125/706	loss -0.2202 (0.4177)	accu 1.000 (0.942)	
Train Epoch-8   Iter-150/706	loss 1.3196 (0.4594)	accu 0.750 (0.938)	
Train Epoch-8   Iter-175/706	loss 0.3513 (0.4571)	accu 1.000 (0.938)	
Train Epoch-8   Iter-200/706	loss -0.1201 (0.4426)	accu 1.000 (0.942)	
Train Epoch-8   Iter-225/706	loss 0.0644 (0.4185)	accu 1.000 (0.946)	
Train Epoch-8   Iter-250/706	loss 3.4098 (0.4340)	accu 0.875 (0.945)	
Train Epoch-8   Iter-275/706	loss 0.1182 (0.4433)	accu 1.000 (0.944)	
Train Epoch-8   Iter-300/706	loss 1.9092 (0.4504)	accu 0.875 (0.941)	
Train Epoch-8   Iter-325/706	loss 0.3757 (0.4562)	accu 1.000 (0.942)	
Train Epoch-8   Iter-350/706	loss 0.6048 (0.4542)	accu 0.750 (0.943)	
Train Epoch-8   Iter-375/706	loss 0.1322 (0.4589)	accu 1.000 (0.940)	
Train Epoch-8   Iter-400/706	loss 0.3731 (0.4588)	accu 0.875 (0.941)	
Train Epoch-8   Iter-425/706	loss 0.7488 (0.4576)	accu 1.000 (0.942)	
Train Epoch-8   Iter-450/706	loss -0.0853 (0.4562)	accu 1.000 (0.943)	
Train Epoch-8   Iter-475/706	loss -0.0697 (0.4608)	accu 1.000 (0.943)	
Train Epoch-8   Iter-500/706	loss 1.1536 (0.4519)	accu 0.875 (0.945)	
Train Epoch-8   Iter-525/706	loss 0.2782 (0.4500)	accu 1.000 (0.945)	
Train Epoch-8   Iter-550/706	loss 1.2244 (0.4635)	accu 0.750 (0.944)	
Train Epoch-8   Iter-575/706	loss 0.4685 (0.4614)	accu 1.000 (0.945)	
Train Epoch-8   Iter-600/706	loss 1.6661 (0.4658)	accu 0.875 (0.944)	
Train Epoch-8   Iter-625/706	loss -0.0423 (0.4660)	accu 1.000 (0.944)	
Train Epoch-8   Iter-650/706	loss 1.0851 (0.4681)	accu 1.000 (0.944)	
Train Epoch-8   Iter-675/706	loss 0.1893 (0.4670)	accu 1.000 (0.944)	
Train Epoch-8   Iter-700/706	loss 0.1561 (0.4586)	accu 1.000 (0.945)	
Eval Epoch-8   Iter-0  /52 	loss 3.6487 (3.6487)	accu 0.750 (0.750)	
Eval Epoch-8   Iter-25 /52 	loss 2.4562 (4.3601)	accu 0.750 (0.596)	
Eval Epoch-8   Iter-50 /52 	loss -0.2298 (3.0276)	accu 1.000 (0.689)	
Epoch-8   Train: loss 0.4574	accu 0.9449	Eval: loss 2.9967	accu 0.6899
Epoch     9: reducing learning rate of group 0 to 3.0000e-05.
Train Epoch-9   Iter-0  /706	loss 1.6207 (1.6207)	accu 0.875 (0.875)	
Train Epoch-9   Iter-25 /706	loss -0.1702 (0.2105)	accu 1.000 (0.971)	
Train Epoch-9   Iter-50 /706	loss 0.2235 (0.2573)	accu 1.000 (0.971)	
Train Epoch-9   Iter-75 /706	loss 0.3726 (0.2828)	accu 1.000 (0.967)	
Train Epoch-9   Iter-100/706	loss 0.4144 (0.2765)	accu 0.875 (0.967)	
Train Epoch-9   Iter-125/706	loss -0.1726 (0.2793)	accu 1.000 (0.963)	
Train Epoch-9   Iter-150/706	loss 0.2187 (0.2955)	accu 1.000 (0.962)	
Train Epoch-9   Iter-175/706	loss 0.0461 (0.2909)	accu 1.000 (0.962)	
Train Epoch-9   Iter-200/706	loss 0.1490 (0.2905)	accu 1.000 (0.963)	
Train Epoch-9   Iter-225/706	loss 0.3495 (0.2873)	accu 1.000 (0.963)	
Train Epoch-9   Iter-250/706	loss 1.3944 (0.3088)	accu 0.875 (0.961)	
Train Epoch-9   Iter-275/706	loss 0.8104 (0.3080)	accu 0.875 (0.961)	
Train Epoch-9   Iter-300/706	loss 1.4412 (0.3056)	accu 0.750 (0.961)	
Train Epoch-9   Iter-325/706	loss 2.2675 (0.3077)	accu 0.750 (0.961)	
Train Epoch-9   Iter-350/706	loss 1.5504 (0.3201)	accu 0.875 (0.959)	
Train Epoch-9   Iter-375/706	loss -0.0786 (0.3252)	accu 1.000 (0.958)	
Train Epoch-9   Iter-400/706	loss 1.0857 (0.3266)	accu 0.750 (0.957)	
Train Epoch-9   Iter-425/706	loss 0.1988 (0.3232)	accu 1.000 (0.958)	
Train Epoch-9   Iter-450/706	loss -0.0304 (0.3188)	accu 1.000 (0.958)	
Train Epoch-9   Iter-475/706	loss 3.3154 (0.3179)	accu 0.875 (0.959)	
Train Epoch-9   Iter-500/706	loss 0.1967 (0.3173)	accu 1.000 (0.958)	
Train Epoch-9   Iter-525/706	loss -0.0067 (0.3141)	accu 1.000 (0.958)	
Train Epoch-9   Iter-550/706	loss 0.9217 (0.3092)	accu 0.875 (0.958)	
Train Epoch-9   Iter-575/706	loss 0.1069 (0.3036)	accu 1.000 (0.959)	
Train Epoch-9   Iter-600/706	loss 0.0035 (0.3051)	accu 1.000 (0.959)	
Train Epoch-9   Iter-625/706	loss 0.0968 (0.2994)	accu 1.000 (0.960)	
Train Epoch-9   Iter-650/706	loss 0.1805 (0.2987)	accu 1.000 (0.960)	
Train Epoch-9   Iter-675/706	loss 0.0389 (0.2921)	accu 1.000 (0.960)	
Train Epoch-9   Iter-700/706	loss 0.0211 (0.2875)	accu 1.000 (0.961)	
Eval Epoch-9   Iter-0  /52 	loss 4.8777 (4.8777)	accu 0.750 (0.750)	
Eval Epoch-9   Iter-25 /52 	loss 2.0156 (3.8254)	accu 0.750 (0.683)	
Eval Epoch-9   Iter-50 /52 	loss -0.2293 (2.7964)	accu 1.000 (0.730)	
Epoch-9   Train: loss 0.2853	accu 0.9610	Eval: loss 2.7798	accu 0.7260
Train Epoch-10  Iter-0  /706	loss 0.4345 (0.4345)	accu 1.000 (1.000)	
Train Epoch-10  Iter-25 /706	loss 0.7020 (0.1261)	accu 0.875 (0.976)	
Train Epoch-10  Iter-50 /706	loss 0.3177 (0.2507)	accu 0.875 (0.966)	
Train Epoch-10  Iter-75 /706	loss -0.0143 (0.2787)	accu 1.000 (0.964)	
Train Epoch-10  Iter-100/706	loss 0.3072 (0.2862)	accu 1.000 (0.964)	
Train Epoch-10  Iter-125/706	loss 0.5447 (0.3131)	accu 0.875 (0.961)	
Train Epoch-10  Iter-150/706	loss 0.0363 (0.2872)	accu 1.000 (0.963)	
Train Epoch-10  Iter-175/706	loss -0.0253 (0.2906)	accu 1.000 (0.963)	
Train Epoch-10  Iter-200/706	loss 0.0337 (0.2899)	accu 1.000 (0.963)	
Train Epoch-10  Iter-225/706	loss 0.1719 (0.2839)	accu 1.000 (0.965)	
Train Epoch-10  Iter-250/706	loss 0.3356 (0.2928)	accu 0.875 (0.963)	
Train Epoch-10  Iter-275/706	loss 0.0156 (0.2903)	accu 1.000 (0.962)	
Train Epoch-10  Iter-300/706	loss -0.1672 (0.2934)	accu 1.000 (0.961)	
Train Epoch-10  Iter-325/706	loss 0.0861 (0.2869)	accu 1.000 (0.962)	
Train Epoch-10  Iter-350/706	loss 0.5058 (0.2815)	accu 1.000 (0.964)	
Train Epoch-10  Iter-375/706	loss -0.2801 (0.2718)	accu 1.000 (0.965)	
Train Epoch-10  Iter-400/706	loss 0.3120 (0.2646)	accu 1.000 (0.966)	
Train Epoch-10  Iter-425/706	loss -0.1555 (0.2632)	accu 1.000 (0.965)	
Train Epoch-10  Iter-450/706	loss 0.0988 (0.2656)	accu 1.000 (0.965)	
Train Epoch-10  Iter-475/706	loss -0.0988 (0.2569)	accu 1.000 (0.966)	
Train Epoch-10  Iter-500/706	loss 0.5006 (0.2524)	accu 0.875 (0.966)	
Train Epoch-10  Iter-525/706	loss -0.1176 (0.2496)	accu 1.000 (0.966)	
Train Epoch-10  Iter-550/706	loss 0.0771 (0.2600)	accu 1.000 (0.966)	
Train Epoch-10  Iter-575/706	loss 0.0591 (0.2619)	accu 1.000 (0.966)	
Train Epoch-10  Iter-600/706	loss 0.3707 (0.2629)	accu 0.875 (0.966)	
Train Epoch-10  Iter-625/706	loss -0.1325 (0.2696)	accu 1.000 (0.965)	
Train Epoch-10  Iter-650/706	loss 0.1121 (0.2745)	accu 1.000 (0.964)	
Train Epoch-10  Iter-675/706	loss 0.0328 (0.2747)	accu 1.000 (0.964)	
Train Epoch-10  Iter-700/706	loss -0.1376 (0.2712)	accu 1.000 (0.964)	
Eval Epoch-10  Iter-0  /52 	loss 3.6564 (3.6564)	accu 0.750 (0.750)	
Eval Epoch-10  Iter-25 /52 	loss 1.4858 (3.1139)	accu 0.750 (0.716)	
Eval Epoch-10  Iter-50 /52 	loss 0.0742 (2.3129)	accu 1.000 (0.743)	
Epoch-10  Train: loss 0.2717	accu 0.9641	Eval: loss 2.3079	accu 0.7380
Train Epoch-11  Iter-0  /706	loss -0.0835 (-0.0835)	accu 1.000 (1.000)	
Train Epoch-11  Iter-25 /706	loss 0.2148 (0.3754)	accu 1.000 (0.957)	
Train Epoch-11  Iter-50 /706	loss 0.0944 (0.3250)	accu 1.000 (0.958)	
Train Epoch-11  Iter-75 /706	loss 0.7903 (0.3149)	accu 0.875 (0.959)	
Train Epoch-11  Iter-100/706	loss -0.1086 (0.2499)	accu 1.000 (0.963)	
Train Epoch-11  Iter-125/706	loss -0.0697 (0.2456)	accu 1.000 (0.962)	
Train Epoch-11  Iter-150/706	loss -0.0344 (0.2634)	accu 1.000 (0.960)	
Train Epoch-11  Iter-175/706	loss -0.0059 (0.2758)	accu 1.000 (0.962)	
Train Epoch-11  Iter-200/706	loss 0.2408 (0.2566)	accu 1.000 (0.963)	
Train Epoch-11  Iter-225/706	loss -0.0484 (0.2659)	accu 1.000 (0.962)	
Train Epoch-11  Iter-250/706	loss 0.6061 (0.2720)	accu 1.000 (0.961)	
Train Epoch-11  Iter-275/706	loss -0.0021 (0.2500)	accu 1.000 (0.963)	
Train Epoch-11  Iter-300/706	loss -0.0397 (0.2538)	accu 1.000 (0.963)	
Train Epoch-11  Iter-325/706	loss 0.3882 (0.2576)	accu 0.875 (0.960)	
Train Epoch-11  Iter-350/706	loss 0.0972 (0.2580)	accu 1.000 (0.960)	
Train Epoch-11  Iter-375/706	loss 0.6313 (0.2573)	accu 0.875 (0.961)	
Train Epoch-11  Iter-400/706	loss 0.5321 (0.2530)	accu 1.000 (0.962)	
Train Epoch-11  Iter-425/706	loss 0.1950 (0.2508)	accu 1.000 (0.961)	
Train Epoch-11  Iter-450/706	loss -0.0469 (0.2556)	accu 1.000 (0.961)	
Train Epoch-11  Iter-475/706	loss 0.1133 (0.2574)	accu 0.875 (0.961)	
Train Epoch-11  Iter-500/706	loss 2.7283 (0.2606)	accu 0.875 (0.961)	
Train Epoch-11  Iter-525/706	loss 0.2798 (0.2659)	accu 0.875 (0.960)	
Train Epoch-11  Iter-550/706	loss 0.7254 (0.2669)	accu 0.875 (0.960)	
Train Epoch-11  Iter-575/706	loss 0.3161 (0.2652)	accu 1.000 (0.960)	
Train Epoch-11  Iter-600/706	loss 0.2627 (0.2614)	accu 0.875 (0.961)	
Train Epoch-11  Iter-625/706	loss 2.5319 (0.2578)	accu 0.750 (0.961)	
Train Epoch-11  Iter-650/706	loss -0.0192 (0.2553)	accu 1.000 (0.962)	
Train Epoch-11  Iter-675/706	loss 0.6278 (0.2489)	accu 0.875 (0.962)	
Train Epoch-11  Iter-700/706	loss 0.1257 (0.2508)	accu 0.875 (0.962)	
Eval Epoch-11  Iter-0  /52 	loss 4.4429 (4.4429)	accu 0.750 (0.750)	
Eval Epoch-11  Iter-25 /52 	loss 1.5123 (3.5736)	accu 0.750 (0.707)	
Eval Epoch-11  Iter-50 /52 	loss -0.0652 (2.6322)	accu 1.000 (0.735)	
Epoch-11  Train: loss 0.2499	accu 0.9621	Eval: loss 2.6247	accu 0.7308
Train Epoch-12  Iter-0  /706	loss 0.8288 (0.8288)	accu 0.875 (0.875)	
Train Epoch-12  Iter-25 /706	loss 1.5325 (0.2482)	accu 0.875 (0.976)	
Train Epoch-12  Iter-50 /706	loss -0.1207 (0.2275)	accu 1.000 (0.971)	
Train Epoch-12  Iter-75 /706	loss -0.0981 (0.2011)	accu 1.000 (0.972)	
Train Epoch-12  Iter-100/706	loss -0.1269 (0.2252)	accu 1.000 (0.967)	
Train Epoch-12  Iter-125/706	loss -0.0214 (0.2284)	accu 1.000 (0.965)	
Train Epoch-12  Iter-150/706	loss 0.6503 (0.2264)	accu 0.875 (0.967)	
Train Epoch-12  Iter-175/706	loss 1.0225 (0.2290)	accu 0.875 (0.965)	
Train Epoch-12  Iter-200/706	loss -0.0211 (0.2087)	accu 1.000 (0.967)	
Train Epoch-12  Iter-225/706	loss -0.1213 (0.2328)	accu 1.000 (0.966)	
Train Epoch-12  Iter-250/706	loss 0.0325 (0.2163)	accu 1.000 (0.967)	
Train Epoch-12  Iter-275/706	loss -0.0213 (0.2086)	accu 1.000 (0.968)	
Train Epoch-12  Iter-300/706	loss -0.2218 (0.2170)	accu 1.000 (0.966)	
Train Epoch-12  Iter-325/706	loss -0.0938 (0.2117)	accu 1.000 (0.967)	
Train Epoch-12  Iter-350/706	loss 0.0229 (0.2160)	accu 1.000 (0.967)	
Train Epoch-12  Iter-375/706	loss 0.2392 (0.2292)	accu 0.875 (0.966)	
Train Epoch-12  Iter-400/706	loss 0.6659 (0.2303)	accu 0.750 (0.966)	
Train Epoch-12  Iter-425/706	loss 0.0183 (0.2296)	accu 1.000 (0.966)	
Train Epoch-12  Iter-450/706	loss 0.0908 (0.2275)	accu 1.000 (0.966)	
Train Epoch-12  Iter-475/706	loss 0.1426 (0.2311)	accu 1.000 (0.965)	
Train Epoch-12  Iter-500/706	loss 0.1354 (0.2267)	accu 1.000 (0.966)	
Train Epoch-12  Iter-525/706	loss -0.1032 (0.2216)	accu 1.000 (0.967)	
Train Epoch-12  Iter-550/706	loss -0.1830 (0.2158)	accu 1.000 (0.967)	
Train Epoch-12  Iter-575/706	loss -0.1708 (0.2153)	accu 1.000 (0.967)	
Train Epoch-12  Iter-600/706	loss 0.2117 (0.2156)	accu 1.000 (0.967)	
Train Epoch-12  Iter-625/706	loss 0.0886 (0.2158)	accu 1.000 (0.968)	
Train Epoch-12  Iter-650/706	loss 0.2632 (0.2097)	accu 1.000 (0.969)	
Train Epoch-12  Iter-675/706	loss 0.6190 (0.2045)	accu 0.875 (0.969)	
Train Epoch-12  Iter-700/706	loss 0.0221 (0.2052)	accu 1.000 (0.969)	
Eval Epoch-12  Iter-0  /52 	loss 4.2688 (4.2688)	accu 0.750 (0.750)	
Eval Epoch-12  Iter-25 /52 	loss 2.2739 (3.7127)	accu 0.750 (0.702)	
Eval Epoch-12  Iter-50 /52 	loss 0.0470 (2.7508)	accu 0.875 (0.728)	
Epoch-12  Train: loss 0.2060	accu 0.9694	Eval: loss 2.7525	accu 0.7236
Train Epoch-13  Iter-0  /706	loss 0.0966 (0.0966)	accu 1.000 (1.000)	
Train Epoch-13  Iter-25 /706	loss 0.2651 (0.2395)	accu 0.875 (0.976)	
Train Epoch-13  Iter-50 /706	loss 0.0069 (0.2064)	accu 1.000 (0.973)	
Train Epoch-13  Iter-75 /706	loss -0.0146 (0.1493)	accu 1.000 (0.977)	
Train Epoch-13  Iter-100/706	loss 1.0310 (0.1457)	accu 0.875 (0.975)	
Train Epoch-13  Iter-125/706	loss -0.0246 (0.1370)	accu 1.000 (0.975)	
Train Epoch-13  Iter-150/706	loss -0.2365 (0.1184)	accu 1.000 (0.976)	
Train Epoch-13  Iter-175/706	loss 1.7234 (0.1341)	accu 0.875 (0.974)	
Train Epoch-13  Iter-200/706	loss -0.0446 (0.1439)	accu 1.000 (0.973)	
Train Epoch-13  Iter-225/706	loss 0.0897 (0.1925)	accu 1.000 (0.970)	
Train Epoch-13  Iter-250/706	loss -0.0296 (0.1955)	accu 1.000 (0.970)	
Train Epoch-13  Iter-275/706	loss 0.8987 (0.1885)	accu 0.875 (0.970)	
Train Epoch-13  Iter-300/706	loss -0.0899 (0.2004)	accu 1.000 (0.967)	
Train Epoch-13  Iter-325/706	loss -0.1792 (0.1974)	accu 1.000 (0.967)	
Train Epoch-13  Iter-350/706	loss -0.2029 (0.2088)	accu 1.000 (0.968)	
Train Epoch-13  Iter-375/706	loss 0.0667 (0.2049)	accu 1.000 (0.968)	
Train Epoch-13  Iter-400/706	loss 0.1972 (0.1992)	accu 0.875 (0.968)	
Train Epoch-13  Iter-425/706	loss -0.2567 (0.1976)	accu 1.000 (0.968)	
Train Epoch-13  Iter-450/706	loss -0.3541 (0.1911)	accu 1.000 (0.968)	
Train Epoch-13  Iter-475/706	loss 0.0139 (0.1968)	accu 1.000 (0.967)	
Train Epoch-13  Iter-500/706	loss -0.1084 (0.2007)	accu 1.000 (0.966)	
Train Epoch-13  Iter-525/706	loss -0.0526 (0.1981)	accu 1.000 (0.966)	
Train Epoch-13  Iter-550/706	loss 0.2642 (0.2018)	accu 0.875 (0.965)	
Train Epoch-13  Iter-575/706	loss 0.0470 (0.2015)	accu 1.000 (0.965)	
Train Epoch-13  Iter-600/706	loss -0.1594 (0.1986)	accu 1.000 (0.965)	
Train Epoch-13  Iter-625/706	loss 0.0296 (0.1975)	accu 1.000 (0.966)	
Train Epoch-13  Iter-650/706	loss 0.8772 (0.2012)	accu 0.875 (0.966)	
Train Epoch-13  Iter-675/706	loss 0.1963 (0.1994)	accu 1.000 (0.966)	
Train Epoch-13  Iter-700/706	loss -0.0566 (0.1982)	accu 1.000 (0.966)	
Eval Epoch-13  Iter-0  /52 	loss 3.0602 (3.0602)	accu 0.750 (0.750)	
Eval Epoch-13  Iter-25 /52 	loss 1.5701 (2.9917)	accu 0.875 (0.750)	
Eval Epoch-13  Iter-50 /52 	loss 0.2573 (2.3315)	accu 0.875 (0.752)	
Epoch-13  Train: loss 0.1989	accu 0.9657	Eval: loss 2.3399	accu 0.7500
Train Epoch-14  Iter-0  /706	loss -0.0567 (-0.0567)	accu 1.000 (1.000)	
Train Epoch-14  Iter-25 /706	loss -0.2129 (0.2153)	accu 1.000 (0.966)	
Train Epoch-14  Iter-50 /706	loss 0.0483 (0.1754)	accu 1.000 (0.971)	
Train Epoch-14  Iter-75 /706	loss 0.0534 (0.2762)	accu 1.000 (0.961)	
Train Epoch-14  Iter-100/706	loss -0.0242 (0.2526)	accu 1.000 (0.965)	
Train Epoch-14  Iter-125/706	loss 0.4957 (0.2722)	accu 0.875 (0.966)	
Train Epoch-14  Iter-150/706	loss 0.7024 (0.2443)	accu 0.875 (0.968)	
Train Epoch-14  Iter-175/706	loss 0.0936 (0.2332)	accu 1.000 (0.968)	
Train Epoch-14  Iter-200/706	loss 1.2351 (0.2313)	accu 0.875 (0.968)	
Train Epoch-14  Iter-225/706	loss -0.1413 (0.2169)	accu 1.000 (0.968)	
Train Epoch-14  Iter-250/706	loss -0.1821 (0.2075)	accu 1.000 (0.969)	
Train Epoch-14  Iter-275/706	loss 0.0499 (0.1923)	accu 1.000 (0.970)	
Train Epoch-14  Iter-300/706	loss 0.3950 (0.1880)	accu 0.875 (0.970)	
Train Epoch-14  Iter-325/706	loss 1.0247 (0.1844)	accu 0.750 (0.970)	
Train Epoch-14  Iter-350/706	loss -0.0788 (0.1847)	accu 1.000 (0.970)	
Train Epoch-14  Iter-375/706	loss -0.1679 (0.1792)	accu 1.000 (0.969)	
Train Epoch-14  Iter-400/706	loss -0.0829 (0.1852)	accu 1.000 (0.969)	
Train Epoch-14  Iter-425/706	loss 0.5947 (0.1904)	accu 0.875 (0.967)	
Train Epoch-14  Iter-450/706	loss 0.4032 (0.1932)	accu 0.875 (0.967)	
Train Epoch-14  Iter-475/706	loss -0.3518 (0.1872)	accu 1.000 (0.968)	
Train Epoch-14  Iter-500/706	loss -0.1217 (0.1806)	accu 1.000 (0.969)	
Train Epoch-14  Iter-525/706	loss 0.0743 (0.1762)	accu 1.000 (0.969)	
Train Epoch-14  Iter-550/706	loss 0.4181 (0.1683)	accu 1.000 (0.970)	
Train Epoch-14  Iter-575/706	loss -0.2943 (0.1647)	accu 1.000 (0.971)	
Train Epoch-14  Iter-600/706	loss -0.0299 (0.1604)	accu 1.000 (0.970)	
Train Epoch-14  Iter-625/706	loss 0.1258 (0.1579)	accu 0.875 (0.971)	
Train Epoch-14  Iter-650/706	loss 1.4881 (0.1547)	accu 0.875 (0.971)	
Train Epoch-14  Iter-675/706	loss 0.1105 (0.1599)	accu 1.000 (0.971)	
Train Epoch-14  Iter-700/706	loss -0.0396 (0.1600)	accu 1.000 (0.971)	
Eval Epoch-14  Iter-0  /52 	loss 3.3222 (3.3222)	accu 0.750 (0.750)	
Eval Epoch-14  Iter-25 /52 	loss 1.7200 (3.8964)	accu 0.875 (0.736)	
Eval Epoch-14  Iter-50 /52 	loss 0.0533 (2.9415)	accu 0.875 (0.748)	
Epoch-14  Train: loss 0.1622	accu 0.9705	Eval: loss 2.9387	accu 0.7428
Epoch    15: reducing learning rate of group 0 to 3.0000e-06.
Train Epoch-15  Iter-0  /706	loss -0.1177 (-0.1177)	accu 1.000 (1.000)	
Train Epoch-15  Iter-25 /706	loss -0.0653 (0.1161)	accu 1.000 (0.976)	
Train Epoch-15  Iter-50 /706	loss 0.9273 (0.1344)	accu 0.750 (0.973)	
Train Epoch-15  Iter-75 /706	loss -0.0417 (0.1436)	accu 1.000 (0.972)	
Train Epoch-15  Iter-100/706	loss -0.0237 (0.1413)	accu 1.000 (0.973)	
Train Epoch-15  Iter-125/706	loss -0.0174 (0.1264)	accu 1.000 (0.974)	
Train Epoch-15  Iter-150/706	loss 0.0568 (0.1612)	accu 1.000 (0.972)	
Train Epoch-15  Iter-175/706	loss -0.0834 (0.1614)	accu 1.000 (0.970)	
Train Epoch-15  Iter-200/706	loss 0.0471 (0.1643)	accu 1.000 (0.970)	
Train Epoch-15  Iter-225/706	loss -0.0752 (0.1626)	accu 1.000 (0.971)	
Train Epoch-15  Iter-250/706	loss 0.0026 (0.1693)	accu 1.000 (0.971)	
Train Epoch-15  Iter-275/706	loss 0.0269 (0.1551)	accu 1.000 (0.972)	
Train Epoch-15  Iter-300/706	loss 0.0628 (0.1476)	accu 1.000 (0.973)	
Train Epoch-15  Iter-325/706	loss -0.1873 (0.1548)	accu 1.000 (0.973)	
Train Epoch-15  Iter-350/706	loss 1.0530 (0.1529)	accu 1.000 (0.974)	
Train Epoch-15  Iter-375/706	loss -0.0439 (0.1492)	accu 1.000 (0.975)	
Train Epoch-15  Iter-400/706	loss 0.4108 (0.1603)	accu 1.000 (0.972)	
Train Epoch-15  Iter-425/706	loss -0.2833 (0.1475)	accu 1.000 (0.973)	
Train Epoch-15  Iter-450/706	loss 0.3994 (0.1444)	accu 1.000 (0.973)	
Train Epoch-15  Iter-475/706	loss 0.6538 (0.1507)	accu 1.000 (0.973)	
Train Epoch-15  Iter-500/706	loss 0.1379 (0.1530)	accu 0.875 (0.971)	
Train Epoch-15  Iter-525/706	loss -0.0657 (0.1462)	accu 1.000 (0.972)	
Train Epoch-15  Iter-550/706	loss 2.1381 (0.1520)	accu 0.875 (0.972)	
Train Epoch-15  Iter-575/706	loss -0.1238 (0.1507)	accu 1.000 (0.972)	
Train Epoch-15  Iter-600/706	loss -0.1800 (0.1449)	accu 1.000 (0.972)	
Train Epoch-15  Iter-625/706	loss -0.0561 (0.1408)	accu 1.000 (0.972)	
Train Epoch-15  Iter-650/706	loss -0.3668 (0.1447)	accu 1.000 (0.972)	
Train Epoch-15  Iter-675/706	loss -0.1427 (0.1476)	accu 1.000 (0.972)	
Train Epoch-15  Iter-700/706	loss -0.2210 (0.1400)	accu 1.000 (0.973)	
Eval Epoch-15  Iter-0  /52 	loss 2.7552 (2.7552)	accu 0.750 (0.750)	
Eval Epoch-15  Iter-25 /52 	loss 1.6417 (3.6055)	accu 0.875 (0.740)	
Eval Epoch-15  Iter-50 /52 	loss 0.1569 (2.7577)	accu 0.875 (0.752)	
Epoch-15  Train: loss 0.1395	accu 0.9727	Eval: loss 2.7562	accu 0.7476
Train Epoch-16  Iter-0  /706	loss -0.0414 (-0.0414)	accu 1.000 (1.000)	
Train Epoch-16  Iter-25 /706	loss -0.1817 (0.2002)	accu 1.000 (0.976)	
Train Epoch-16  Iter-50 /706	loss 0.0252 (0.1453)	accu 1.000 (0.978)	
Train Epoch-16  Iter-75 /706	loss 0.0401 (0.2109)	accu 1.000 (0.969)	
Train Epoch-16  Iter-100/706	loss 0.0090 (0.1798)	accu 1.000 (0.973)	
Train Epoch-16  Iter-125/706	loss 0.0093 (0.1868)	accu 1.000 (0.972)	
Train Epoch-16  Iter-150/706	loss -0.3408 (0.1717)	accu 1.000 (0.971)	
Train Epoch-16  Iter-175/706	loss 0.8631 (0.1866)	accu 1.000 (0.970)	
Train Epoch-16  Iter-200/706	loss -0.2271 (0.1728)	accu 1.000 (0.971)	
Train Epoch-16  Iter-225/706	loss -0.2663 (0.1786)	accu 1.000 (0.970)	
Train Epoch-16  Iter-250/706	loss 0.8299 (0.1686)	accu 1.000 (0.971)	
Train Epoch-16  Iter-275/706	loss -0.1160 (0.1736)	accu 1.000 (0.970)	
Train Epoch-16  Iter-300/706	loss 0.3783 (0.1778)	accu 0.875 (0.968)	
Train Epoch-16  Iter-325/706	loss 0.0380 (0.1656)	accu 1.000 (0.969)	
Train Epoch-16  Iter-350/706	loss -0.2132 (0.1643)	accu 1.000 (0.969)	
Train Epoch-16  Iter-375/706	loss 0.0247 (0.1643)	accu 1.000 (0.969)	
Train Epoch-16  Iter-400/706	loss -0.1122 (0.1624)	accu 1.000 (0.969)	
Train Epoch-16  Iter-425/706	loss -0.3568 (0.1529)	accu 1.000 (0.969)	
Train Epoch-16  Iter-450/706	loss -0.1657 (0.1514)	accu 1.000 (0.969)	
Train Epoch-16  Iter-475/706	loss 0.0067 (0.1504)	accu 1.000 (0.969)	
Train Epoch-16  Iter-500/706	loss 0.2217 (0.1464)	accu 1.000 (0.969)	
Train Epoch-16  Iter-525/706	loss -0.1737 (0.1402)	accu 1.000 (0.970)	
Train Epoch-16  Iter-550/706	loss 0.6826 (0.1376)	accu 1.000 (0.970)	
Train Epoch-16  Iter-575/706	loss 0.0805 (0.1404)	accu 1.000 (0.970)	
Train Epoch-16  Iter-600/706	loss 0.0931 (0.1444)	accu 1.000 (0.970)	
Train Epoch-16  Iter-625/706	loss -0.1546 (0.1366)	accu 1.000 (0.971)	
Train Epoch-16  Iter-650/706	loss -0.1081 (0.1379)	accu 1.000 (0.971)	
Train Epoch-16  Iter-675/706	loss -0.1742 (0.1384)	accu 1.000 (0.971)	
Train Epoch-16  Iter-700/706	loss 0.5634 (0.1409)	accu 0.875 (0.970)	
Eval Epoch-16  Iter-0  /52 	loss 2.9446 (2.9446)	accu 0.750 (0.750)	
Eval Epoch-16  Iter-25 /52 	loss 1.7852 (3.8055)	accu 0.875 (0.731)	
Eval Epoch-16  Iter-50 /52 	loss 0.0487 (2.8536)	accu 0.875 (0.745)	
Epoch-16  Train: loss 0.1410	accu 0.9703	Eval: loss 2.8457	accu 0.7452
Train Epoch-17  Iter-0  /706	loss -0.0529 (-0.0529)	accu 1.000 (1.000)	
Train Epoch-17  Iter-25 /706	loss 0.0926 (0.1764)	accu 1.000 (0.981)	
Train Epoch-17  Iter-50 /706	loss -0.0905 (0.1230)	accu 1.000 (0.980)	
Train Epoch-17  Iter-75 /706	loss 0.1996 (0.2313)	accu 0.875 (0.964)	
Train Epoch-17  Iter-100/706	loss -0.3760 (0.2108)	accu 1.000 (0.964)	
Train Epoch-17  Iter-125/706	loss -0.0609 (0.1762)	accu 0.875 (0.967)	
Train Epoch-17  Iter-150/706	loss 0.5940 (0.1463)	accu 0.875 (0.969)	
Train Epoch-17  Iter-175/706	loss 0.1314 (0.1272)	accu 1.000 (0.969)	
Train Epoch-17  Iter-200/706	loss 0.3897 (0.1221)	accu 0.875 (0.968)	
Train Epoch-17  Iter-225/706	loss -0.1405 (0.1403)	accu 1.000 (0.968)	
Train Epoch-17  Iter-250/706	loss 0.6262 (0.1410)	accu 0.875 (0.969)	
Train Epoch-17  Iter-275/706	loss 0.0797 (0.1315)	accu 1.000 (0.969)	
Train Epoch-17  Iter-300/706	loss 0.1482 (0.1355)	accu 1.000 (0.968)	
Train Epoch-17  Iter-325/706	loss -0.2817 (0.1328)	accu 1.000 (0.969)	
Train Epoch-17  Iter-350/706	loss -0.1036 (0.1293)	accu 1.000 (0.970)	
Train Epoch-17  Iter-375/706	loss -0.1856 (0.1309)	accu 1.000 (0.971)	
Train Epoch-17  Iter-400/706	loss 1.8465 (0.1477)	accu 0.875 (0.970)	
Train Epoch-17  Iter-425/706	loss 0.0718 (0.1481)	accu 1.000 (0.969)	
Train Epoch-17  Iter-450/706	loss 0.3771 (0.1481)	accu 0.875 (0.969)	
Train Epoch-17  Iter-475/706	loss 0.1115 (0.1478)	accu 1.000 (0.970)	
Train Epoch-17  Iter-500/706	loss 0.2373 (0.1656)	accu 1.000 (0.970)	
Train Epoch-17  Iter-525/706	loss 0.0290 (0.1580)	accu 1.000 (0.970)	
Train Epoch-17  Iter-550/706	loss -0.0115 (0.1620)	accu 1.000 (0.970)	
Train Epoch-17  Iter-575/706	loss 0.1453 (0.1636)	accu 0.875 (0.970)	
Train Epoch-17  Iter-600/706	loss -0.0381 (0.1625)	accu 1.000 (0.970)	
Train Epoch-17  Iter-625/706	loss -0.3601 (0.1589)	accu 1.000 (0.969)	
Train Epoch-17  Iter-650/706	loss -0.0667 (0.1584)	accu 1.000 (0.970)	
Train Epoch-17  Iter-675/706	loss 0.2754 (0.1541)	accu 0.875 (0.970)	
Train Epoch-17  Iter-700/706	loss 0.6566 (0.1575)	accu 0.875 (0.970)	
Eval Epoch-17  Iter-0  /52 	loss 2.7529 (2.7529)	accu 0.750 (0.750)	
Eval Epoch-17  Iter-25 /52 	loss 1.7464 (3.6591)	accu 0.875 (0.731)	
Eval Epoch-17  Iter-50 /52 	loss 0.0995 (2.7698)	accu 0.875 (0.745)	
Epoch-17  Train: loss 0.1568	accu 0.9704	Eval: loss 2.7634	accu 0.7428
Train Epoch-18  Iter-0  /706	loss 0.3247 (0.3247)	accu 1.000 (1.000)	
Train Epoch-18  Iter-25 /706	loss -0.0536 (0.1313)	accu 1.000 (0.966)	
Train Epoch-18  Iter-50 /706	loss 0.2462 (0.1560)	accu 0.875 (0.963)	
Train Epoch-18  Iter-75 /706	loss 0.6524 (0.2060)	accu 1.000 (0.962)	
Train Epoch-18  Iter-100/706	loss 0.0375 (0.1840)	accu 1.000 (0.965)	
Train Epoch-18  Iter-125/706	loss 0.8145 (0.1902)	accu 1.000 (0.967)	
Train Epoch-18  Iter-150/706	loss 0.1798 (0.2219)	accu 1.000 (0.968)	
Train Epoch-18  Iter-175/706	loss -0.1072 (0.2005)	accu 1.000 (0.970)	
Train Epoch-18  Iter-200/706	loss -0.0909 (0.1830)	accu 1.000 (0.973)	
Train Epoch-18  Iter-225/706	loss -0.1097 (0.1767)	accu 1.000 (0.973)	
Train Epoch-18  Iter-250/706	loss 0.0433 (0.1719)	accu 1.000 (0.973)	
Train Epoch-18  Iter-275/706	loss -0.1757 (0.1821)	accu 1.000 (0.973)	
Train Epoch-18  Iter-300/706	loss -0.2034 (0.1751)	accu 1.000 (0.973)	
Train Epoch-18  Iter-325/706	loss -0.0792 (0.1684)	accu 1.000 (0.973)	
Train Epoch-18  Iter-350/706	loss 0.0220 (0.1756)	accu 1.000 (0.971)	
Train Epoch-18  Iter-375/706	loss 0.2583 (0.1758)	accu 1.000 (0.971)	
Train Epoch-18  Iter-400/706	loss -0.0545 (0.1637)	accu 1.000 (0.973)	
Train Epoch-18  Iter-425/706	loss -0.2009 (0.1677)	accu 1.000 (0.972)	
Train Epoch-18  Iter-450/706	loss 0.4740 (0.1682)	accu 1.000 (0.972)	
Train Epoch-18  Iter-475/706	loss -0.2003 (0.1639)	accu 1.000 (0.971)	
Train Epoch-18  Iter-500/706	loss 1.0199 (0.1632)	accu 0.875 (0.971)	
Train Epoch-18  Iter-525/706	loss 0.2600 (0.1626)	accu 1.000 (0.971)	
Train Epoch-18  Iter-550/706	loss 0.1317 (0.1627)	accu 0.875 (0.970)	
Train Epoch-18  Iter-575/706	loss 0.0213 (0.1576)	accu 1.000 (0.970)	
Train Epoch-18  Iter-600/706	loss 0.1259 (0.1623)	accu 1.000 (0.969)	
Train Epoch-18  Iter-625/706	loss 0.2380 (0.1566)	accu 1.000 (0.969)	
Train Epoch-18  Iter-650/706	loss -0.0936 (0.1557)	accu 1.000 (0.970)	
Train Epoch-18  Iter-675/706	loss 0.2779 (0.1595)	accu 0.875 (0.970)	
Train Epoch-18  Iter-700/706	loss -0.1332 (0.1556)	accu 1.000 (0.971)	
Eval Epoch-18  Iter-0  /52 	loss 2.6389 (2.6389)	accu 0.750 (0.750)	
Eval Epoch-18  Iter-25 /52 	loss 1.6725 (3.5529)	accu 0.875 (0.736)	
Eval Epoch-18  Iter-50 /52 	loss 0.1309 (2.7033)	accu 0.875 (0.750)	
Epoch-18  Train: loss 0.1555	accu 0.9704	Eval: loss 2.6987	accu 0.7476
Train Epoch-19  Iter-0  /706	loss 0.2589 (0.2589)	accu 1.000 (1.000)	
Train Epoch-19  Iter-25 /706	loss 0.7998 (0.0589)	accu 0.875 (0.976)	
Train Epoch-19  Iter-50 /706	loss -0.1402 (0.0097)	accu 1.000 (0.988)	
Train Epoch-19  Iter-75 /706	loss -0.2275 (0.0506)	accu 1.000 (0.987)	
Train Epoch-19  Iter-100/706	loss -0.3521 (0.1024)	accu 1.000 (0.985)	
Train Epoch-19  Iter-125/706	loss -0.0618 (0.1359)	accu 1.000 (0.981)	
Train Epoch-19  Iter-150/706	loss 0.0612 (0.1385)	accu 1.000 (0.978)	
Train Epoch-19  Iter-175/706	loss -0.0811 (0.1370)	accu 1.000 (0.976)	
Train Epoch-19  Iter-200/706	loss -0.1599 (0.1245)	accu 1.000 (0.975)	
Train Epoch-19  Iter-225/706	loss -0.3370 (0.1174)	accu 1.000 (0.975)	
Train Epoch-19  Iter-250/706	loss -0.3226 (0.1067)	accu 1.000 (0.976)	
Train Epoch-19  Iter-275/706	loss 0.3411 (0.1004)	accu 1.000 (0.977)	
Train Epoch-19  Iter-300/706	loss 0.5338 (0.1071)	accu 0.875 (0.976)	
Train Epoch-19  Iter-325/706	loss 0.0643 (0.1061)	accu 0.875 (0.976)	
Train Epoch-19  Iter-350/706	loss 0.0180 (0.1044)	accu 1.000 (0.976)	
Train Epoch-19  Iter-375/706	loss -0.0835 (0.1176)	accu 1.000 (0.973)	
Train Epoch-19  Iter-400/706	loss -0.0881 (0.1210)	accu 1.000 (0.973)	
Train Epoch-19  Iter-425/706	loss -0.0708 (0.1222)	accu 1.000 (0.972)	
Train Epoch-19  Iter-450/706	loss 0.1168 (0.1213)	accu 1.000 (0.972)	
Train Epoch-19  Iter-475/706	loss 0.0904 (0.1203)	accu 0.875 (0.972)	
Train Epoch-19  Iter-500/706	loss 0.1292 (0.1238)	accu 0.875 (0.972)	
Train Epoch-19  Iter-525/706	loss -0.1529 (0.1242)	accu 1.000 (0.972)	
Train Epoch-19  Iter-550/706	loss 0.4359 (0.1230)	accu 1.000 (0.972)	
Train Epoch-19  Iter-575/706	loss 0.4482 (0.1158)	accu 1.000 (0.973)	
Train Epoch-19  Iter-600/706	loss -0.0838 (0.1124)	accu 1.000 (0.974)	
Train Epoch-19  Iter-625/706	loss 1.5523 (0.1161)	accu 0.875 (0.974)	
Train Epoch-19  Iter-650/706	loss 0.3610 (0.1215)	accu 0.875 (0.973)	
Train Epoch-19  Iter-675/706	loss 0.8762 (0.1212)	accu 0.875 (0.973)	
Train Epoch-19  Iter-700/706	loss 1.1152 (0.1219)	accu 0.750 (0.973)	
Eval Epoch-19  Iter-0  /52 	loss 2.6522 (2.6522)	accu 0.750 (0.750)	
Eval Epoch-19  Iter-25 /52 	loss 1.6840 (3.5986)	accu 0.875 (0.740)	
Eval Epoch-19  Iter-50 /52 	loss 0.0957 (2.7386)	accu 0.875 (0.752)	
Epoch-19  Train: loss 0.1218	accu 0.9733	Eval: loss 2.7359	accu 0.7500
Train Epoch-20  Iter-0  /706	loss 0.3381 (0.3381)	accu 1.000 (1.000)	
Train Epoch-20  Iter-25 /706	loss 0.0138 (0.0984)	accu 1.000 (0.981)	
Train Epoch-20  Iter-50 /706	loss -0.1699 (0.0777)	accu 1.000 (0.978)	
Train Epoch-20  Iter-75 /706	loss -0.2798 (0.0840)	accu 1.000 (0.977)	
Train Epoch-20  Iter-100/706	loss 0.8090 (0.0495)	accu 1.000 (0.980)	
Train Epoch-20  Iter-125/706	loss 0.0158 (0.0689)	accu 1.000 (0.978)	
Train Epoch-20  Iter-150/706	loss -0.1520 (0.0800)	accu 1.000 (0.977)	
Train Epoch-20  Iter-175/706	loss -0.2686 (0.1066)	accu 1.000 (0.974)	
Train Epoch-20  Iter-200/706	loss -0.0653 (0.1061)	accu 1.000 (0.973)	
Train Epoch-20  Iter-225/706	loss -0.1470 (0.0954)	accu 1.000 (0.975)	
Train Epoch-20  Iter-250/706	loss -0.3457 (0.1254)	accu 1.000 (0.974)	
Train Epoch-20  Iter-275/706	loss -0.0127 (0.1329)	accu 1.000 (0.974)	
Train Epoch-20  Iter-300/706	loss 0.4155 (0.1352)	accu 0.875 (0.974)	
Train Epoch-20  Iter-325/706	loss -0.3022 (0.1296)	accu 1.000 (0.975)	
Train Epoch-20  Iter-350/706	loss 0.3483 (0.1349)	accu 0.875 (0.974)	
Train Epoch-20  Iter-375/706	loss 0.0077 (0.1258)	accu 0.875 (0.974)	
Train Epoch-20  Iter-400/706	loss -0.1166 (0.1277)	accu 1.000 (0.974)	
Train Epoch-20  Iter-425/706	loss -0.1129 (0.1163)	accu 1.000 (0.975)	
Train Epoch-20  Iter-450/706	loss -0.2500 (0.1086)	accu 1.000 (0.975)	
Train Epoch-20  Iter-475/706	loss 0.2156 (0.1084)	accu 1.000 (0.975)	
Train Epoch-20  Iter-500/706	loss -0.1279 (0.1152)	accu 1.000 (0.974)	
Train Epoch-20  Iter-525/706	loss 0.2532 (0.1088)	accu 0.875 (0.975)	
Train Epoch-20  Iter-550/706	loss -0.0590 (0.1114)	accu 1.000 (0.975)	
Train Epoch-20  Iter-575/706	loss 0.1200 (0.1105)	accu 1.000 (0.974)	
Train Epoch-20  Iter-600/706	loss 0.1320 (0.1111)	accu 1.000 (0.974)	
Train Epoch-20  Iter-625/706	loss 0.1272 (0.1114)	accu 1.000 (0.974)	
Train Epoch-20  Iter-650/706	loss -0.1690 (0.1123)	accu 1.000 (0.974)	
Train Epoch-20  Iter-675/706	loss 0.8967 (0.1166)	accu 0.875 (0.973)	
Train Epoch-20  Iter-700/706	loss 1.0539 (0.1166)	accu 1.000 (0.973)	
Eval Epoch-20  Iter-0  /52 	loss 2.6313 (2.6313)	accu 0.750 (0.750)	
Eval Epoch-20  Iter-25 /52 	loss 1.7029 (3.5641)	accu 0.875 (0.740)	
Eval Epoch-20  Iter-50 /52 	loss 0.1097 (2.7412)	accu 0.875 (0.750)	
Epoch-20  Train: loss 0.1160	accu 0.9731	Eval: loss 2.7382	accu 0.7452
Epoch    21: reducing learning rate of group 0 to 3.0000e-07.
Train Epoch-21  Iter-0  /706	loss -0.3174 (-0.3174)	accu 1.000 (1.000)	
Train Epoch-21  Iter-25 /706	loss -0.3219 (0.1146)	accu 1.000 (0.962)	
Train Epoch-21  Iter-50 /706	loss 0.2951 (0.0535)	accu 1.000 (0.973)	
Train Epoch-21  Iter-75 /706	loss 0.0834 (0.0864)	accu 1.000 (0.969)	
Train Epoch-21  Iter-100/706	loss 0.1207 (0.0883)	accu 1.000 (0.967)	
Train Epoch-21  Iter-125/706	loss -0.0562 (0.1343)	accu 1.000 (0.965)	
Train Epoch-21  Iter-150/706	loss -0.0914 (0.1258)	accu 1.000 (0.966)	
Train Epoch-21  Iter-175/706	loss -0.1897 (0.1094)	accu 1.000 (0.969)	
Train Epoch-21  Iter-200/706	loss 0.6083 (0.1122)	accu 0.875 (0.970)	
Train Epoch-21  Iter-225/706	loss 2.6917 (0.1139)	accu 0.875 (0.970)	
Train Epoch-21  Iter-250/706	loss -0.1146 (0.1056)	accu 1.000 (0.972)	
Train Epoch-21  Iter-275/706	loss 0.3996 (0.0953)	accu 0.875 (0.973)	
Train Epoch-21  Iter-300/706	loss -0.3342 (0.0891)	accu 1.000 (0.975)	
Train Epoch-21  Iter-325/706	loss 3.0101 (0.1080)	accu 0.750 (0.973)	
Train Epoch-21  Iter-350/706	loss -0.3635 (0.1119)	accu 1.000 (0.972)	
Train Epoch-21  Iter-375/706	loss 0.4011 (0.1078)	accu 0.875 (0.972)	
Train Epoch-21  Iter-400/706	loss 0.1383 (0.1047)	accu 1.000 (0.973)	
Train Epoch-21  Iter-425/706	loss 0.2071 (0.1009)	accu 1.000 (0.972)	
Train Epoch-21  Iter-450/706	loss 0.4079 (0.1063)	accu 1.000 (0.972)	
Train Epoch-21  Iter-475/706	loss 0.0445 (0.1051)	accu 1.000 (0.972)	
Train Epoch-21  Iter-500/706	loss -0.0839 (0.1069)	accu 1.000 (0.972)	
Train Epoch-21  Iter-525/706	loss 0.2794 (0.1098)	accu 0.875 (0.972)	
Train Epoch-21  Iter-550/706	loss -0.2062 (0.1141)	accu 1.000 (0.972)	
Train Epoch-21  Iter-575/706	loss -0.1300 (0.1088)	accu 1.000 (0.972)	
Train Epoch-21  Iter-600/706	loss -0.2177 (0.1160)	accu 1.000 (0.972)	
Train Epoch-21  Iter-625/706	loss -0.3047 (0.1141)	accu 1.000 (0.972)	
Train Epoch-21  Iter-650/706	loss -0.2377 (0.1114)	accu 1.000 (0.973)	
Train Epoch-21  Iter-675/706	loss 0.0575 (0.1130)	accu 1.000 (0.972)	
Train Epoch-21  Iter-700/706	loss 0.6221 (0.1123)	accu 0.875 (0.972)	
Eval Epoch-21  Iter-0  /52 	loss 2.6623 (2.6623)	accu 0.750 (0.750)	
Eval Epoch-21  Iter-25 /52 	loss 1.7281 (3.5939)	accu 0.875 (0.736)	
Eval Epoch-21  Iter-50 /52 	loss 0.0957 (2.7557)	accu 0.875 (0.748)	
Epoch-21  Train: loss 0.1114	accu 0.9724	Eval: loss 2.7519	accu 0.7452
Train Epoch-22  Iter-0  /706	loss -0.2709 (-0.2709)	accu 1.000 (1.000)	
Train Epoch-22  Iter-25 /706	loss 0.0832 (0.2627)	accu 1.000 (0.952)	
Train Epoch-22  Iter-50 /706	loss -0.0424 (0.1469)	accu 1.000 (0.966)	
Train Epoch-22  Iter-75 /706	loss -0.1048 (0.1306)	accu 1.000 (0.972)	
Train Epoch-22  Iter-100/706	loss -0.2426 (0.1213)	accu 1.000 (0.974)	
Train Epoch-22  Iter-125/706	loss -0.2486 (0.1069)	accu 1.000 (0.975)	
Train Epoch-22  Iter-150/706	loss -0.0952 (0.0765)	accu 1.000 (0.978)	
Train Epoch-22  Iter-175/706	loss -0.0108 (0.1146)	accu 1.000 (0.977)	
Train Epoch-22  Iter-200/706	loss 0.7407 (0.1202)	accu 0.875 (0.976)	
Train Epoch-22  Iter-225/706	loss 0.9258 (0.1156)	accu 0.875 (0.976)	
Train Epoch-22  Iter-250/706	loss 0.4422 (0.1163)	accu 1.000 (0.975)	
Train Epoch-22  Iter-275/706	loss 1.1882 (0.1132)	accu 0.875 (0.974)	
Train Epoch-22  Iter-300/706	loss -0.0711 (0.1332)	accu 1.000 (0.972)	
Train Epoch-22  Iter-325/706	loss -0.1813 (0.1356)	accu 1.000 (0.972)	
Train Epoch-22  Iter-350/706	loss 0.2977 (0.1420)	accu 0.875 (0.971)	
Train Epoch-22  Iter-375/706	loss -0.0507 (0.1363)	accu 1.000 (0.971)	
Train Epoch-22  Iter-400/706	loss -0.2618 (0.1345)	accu 1.000 (0.972)	
Train Epoch-22  Iter-425/706	loss -0.2063 (0.1316)	accu 1.000 (0.972)	
Train Epoch-22  Iter-450/706	loss -0.0558 (0.1390)	accu 1.000 (0.971)	
Train Epoch-22  Iter-475/706	loss -0.2887 (0.1375)	accu 1.000 (0.971)	
Train Epoch-22  Iter-500/706	loss -0.2873 (0.1329)	accu 1.000 (0.972)	
Train Epoch-22  Iter-525/706	loss -0.0408 (0.1371)	accu 1.000 (0.972)	
Train Epoch-22  Iter-550/706	loss -0.0229 (0.1347)	accu 1.000 (0.972)	
Train Epoch-22  Iter-575/706	loss -0.1158 (0.1349)	accu 1.000 (0.972)	
Train Epoch-22  Iter-600/706	loss -0.0366 (0.1302)	accu 1.000 (0.972)	
Train Epoch-22  Iter-625/706	loss 0.0499 (0.1239)	accu 1.000 (0.973)	
Train Epoch-22  Iter-650/706	loss 0.8626 (0.1193)	accu 0.875 (0.973)	
Train Epoch-22  Iter-675/706	loss -0.0816 (0.1154)	accu 1.000 (0.973)	
Train Epoch-22  Iter-700/706	loss -0.0104 (0.1136)	accu 1.000 (0.973)	
Eval Epoch-22  Iter-0  /52 	loss 2.6702 (2.6702)	accu 0.750 (0.750)	
Eval Epoch-22  Iter-25 /52 	loss 1.7428 (3.6046)	accu 0.875 (0.736)	
Eval Epoch-22  Iter-50 /52 	loss 0.0882 (2.7601)	accu 0.875 (0.748)	
Epoch-22  Train: loss 0.1165	accu 0.9729	Eval: loss 2.7561	accu 0.7452
Train Epoch-23  Iter-0  /706	loss 0.3033 (0.3033)	accu 0.875 (0.875)	
Train Epoch-23  Iter-25 /706	loss 0.0904 (0.0253)	accu 1.000 (0.986)	
Train Epoch-23  Iter-50 /706	loss 0.0846 (0.1052)	accu 1.000 (0.975)	
Train Epoch-23  Iter-75 /706	loss 0.3627 (0.0960)	accu 1.000 (0.977)	
Train Epoch-23  Iter-100/706	loss -0.1911 (0.0703)	accu 1.000 (0.978)	
Train Epoch-23  Iter-125/706	loss 0.9971 (0.0682)	accu 0.875 (0.975)	
Train Epoch-23  Iter-150/706	loss -0.1701 (0.0937)	accu 1.000 (0.975)	
Train Epoch-23  Iter-175/706	loss 0.1532 (0.0796)	accu 1.000 (0.977)	
Train Epoch-23  Iter-200/706	loss -0.1571 (0.1094)	accu 1.000 (0.974)	
Train Epoch-23  Iter-225/706	loss 1.0077 (0.1029)	accu 0.875 (0.974)	
Train Epoch-23  Iter-250/706	loss -0.3846 (0.0935)	accu 1.000 (0.974)	
Train Epoch-23  Iter-275/706	loss 0.2054 (0.0879)	accu 1.000 (0.975)	
Train Epoch-23  Iter-300/706	loss -0.2933 (0.0897)	accu 1.000 (0.974)	
Train Epoch-23  Iter-325/706	loss -0.1881 (0.0797)	accu 1.000 (0.975)	
Train Epoch-23  Iter-350/706	loss -0.0237 (0.0783)	accu 1.000 (0.976)	
Train Epoch-23  Iter-375/706	loss -0.2407 (0.0716)	accu 1.000 (0.977)	
Train Epoch-23  Iter-400/706	loss -0.0037 (0.0735)	accu 1.000 (0.977)	
Train Epoch-23  Iter-425/706	loss -0.3251 (0.0712)	accu 1.000 (0.977)	
Train Epoch-23  Iter-450/706	loss 0.3878 (0.0793)	accu 1.000 (0.975)	
Train Epoch-23  Iter-475/706	loss 0.2451 (0.0749)	accu 0.875 (0.976)	
Train Epoch-23  Iter-500/706	loss -0.2369 (0.0800)	accu 1.000 (0.975)	
Train Epoch-23  Iter-525/706	loss 0.0838 (0.0814)	accu 1.000 (0.976)	
Train Epoch-23  Iter-550/706	loss 0.5180 (0.1002)	accu 0.875 (0.974)	
Train Epoch-23  Iter-575/706	loss 0.0040 (0.1055)	accu 1.000 (0.973)	
Train Epoch-23  Iter-600/706	loss 0.1675 (0.1056)	accu 1.000 (0.973)	
Train Epoch-23  Iter-625/706	loss -0.3077 (0.1051)	accu 1.000 (0.973)	
Train Epoch-23  Iter-650/706	loss 0.2334 (0.1044)	accu 1.000 (0.973)	
Train Epoch-23  Iter-675/706	loss -0.1354 (0.1013)	accu 1.000 (0.973)	
Train Epoch-23  Iter-700/706	loss -0.2013 (0.1011)	accu 1.000 (0.974)	
Eval Epoch-23  Iter-0  /52 	loss 2.6820 (2.6820)	accu 0.750 (0.750)	
Eval Epoch-23  Iter-25 /52 	loss 1.7435 (3.6129)	accu 0.875 (0.736)	
Eval Epoch-23  Iter-50 /52 	loss 0.0889 (2.7669)	accu 0.875 (0.748)	
Epoch-23  Train: loss 0.0989	accu 0.9738	Eval: loss 2.7629	accu 0.7452
Train Epoch-24  Iter-0  /706	loss 0.0590 (0.0590)	accu 1.000 (1.000)	
Train Epoch-24  Iter-25 /706	loss -0.1572 (0.1714)	accu 1.000 (0.971)	
Train Epoch-24  Iter-50 /706	loss -0.2735 (0.1243)	accu 1.000 (0.978)	
Train Epoch-24  Iter-75 /706	loss 0.1237 (0.1212)	accu 0.875 (0.974)	
Train Epoch-24  Iter-100/706	loss -0.1699 (0.1695)	accu 1.000 (0.967)	
Train Epoch-24  Iter-125/706	loss -0.3596 (0.1574)	accu 1.000 (0.966)	
Train Epoch-24  Iter-150/706	loss 0.0998 (0.1394)	accu 1.000 (0.969)	
Train Epoch-24  Iter-175/706	loss -0.2710 (0.1318)	accu 1.000 (0.972)	
Train Epoch-24  Iter-200/706	loss -0.2382 (0.1263)	accu 1.000 (0.972)	
Train Epoch-24  Iter-225/706	loss 0.1460 (0.1142)	accu 1.000 (0.974)	
Train Epoch-24  Iter-250/706	loss -0.0221 (0.1150)	accu 1.000 (0.973)	
Train Epoch-24  Iter-275/706	loss -0.1229 (0.1074)	accu 1.000 (0.973)	
Train Epoch-24  Iter-300/706	loss 0.1035 (0.1062)	accu 1.000 (0.974)	
Train Epoch-24  Iter-325/706	loss -0.2392 (0.0960)	accu 1.000 (0.975)	
Train Epoch-24  Iter-350/706	loss 0.1693 (0.1054)	accu 1.000 (0.973)	
Train Epoch-24  Iter-375/706	loss 0.0861 (0.1048)	accu 1.000 (0.973)	
Train Epoch-24  Iter-400/706	loss 0.0611 (0.1213)	accu 1.000 (0.972)	
Train Epoch-24  Iter-425/706	loss -0.0338 (0.1140)	accu 1.000 (0.972)	
Train Epoch-24  Iter-450/706	loss 1.0094 (0.1170)	accu 0.875 (0.972)	
Train Epoch-24  Iter-475/706	loss 0.6734 (0.1115)	accu 0.875 (0.972)	
Train Epoch-24  Iter-500/706	loss -0.3011 (0.1166)	accu 1.000 (0.971)	
Train Epoch-24  Iter-525/706	loss -0.1971 (0.1187)	accu 1.000 (0.971)	
Train Epoch-24  Iter-550/706	loss 0.0269 (0.1144)	accu 1.000 (0.972)	
Train Epoch-24  Iter-575/706	loss 0.0120 (0.1111)	accu 0.875 (0.972)	
Train Epoch-24  Iter-600/706	loss 0.0909 (0.1110)	accu 1.000 (0.972)	
Train Epoch-24  Iter-625/706	loss -0.0228 (0.1073)	accu 1.000 (0.972)	
Train Epoch-24  Iter-650/706	loss -0.1927 (0.1120)	accu 1.000 (0.971)	
Train Epoch-24  Iter-675/706	loss -0.3037 (0.1259)	accu 1.000 (0.971)	
Train Epoch-24  Iter-700/706	loss 0.0427 (0.1250)	accu 1.000 (0.971)	
Eval Epoch-24  Iter-0  /52 	loss 2.6995 (2.6995)	accu 0.750 (0.750)	
Eval Epoch-24  Iter-25 /52 	loss 1.7596 (3.6326)	accu 0.875 (0.736)	
Eval Epoch-24  Iter-50 /52 	loss 0.0801 (2.7762)	accu 0.875 (0.748)	
Epoch-24  Train: loss 0.1236	accu 0.9715	Eval: loss 2.7715	accu 0.7476
Train Epoch-25  Iter-0  /706	loss 0.4526 (0.4526)	accu 0.875 (0.875)	
Train Epoch-25  Iter-25 /706	loss -0.0982 (0.1838)	accu 1.000 (0.962)	
Train Epoch-25  Iter-50 /706	loss -0.2780 (0.1599)	accu 1.000 (0.968)	
Train Epoch-25  Iter-75 /706	loss 2.7426 (0.1727)	accu 0.750 (0.965)	
Train Epoch-25  Iter-100/706	loss -0.1182 (0.1248)	accu 1.000 (0.969)	
Train Epoch-25  Iter-125/706	loss -0.3259 (0.1234)	accu 1.000 (0.970)	
Train Epoch-25  Iter-150/706	loss -0.1907 (0.1562)	accu 1.000 (0.966)	
Train Epoch-25  Iter-175/706	loss 0.0244 (0.1458)	accu 1.000 (0.967)	
Train Epoch-25  Iter-200/706	loss -0.3336 (0.1220)	accu 1.000 (0.968)	
Train Epoch-25  Iter-225/706	loss -0.1593 (0.1441)	accu 1.000 (0.968)	
Train Epoch-25  Iter-250/706	loss -0.2631 (0.1304)	accu 1.000 (0.970)	
Train Epoch-25  Iter-275/706	loss -0.2140 (0.1349)	accu 1.000 (0.968)	
Train Epoch-25  Iter-300/706	loss 0.0016 (0.1372)	accu 1.000 (0.969)	
