Namespace(add_comment=True, add_description=True, add_other_comments=False, add_title=True, add_transcription=True, add_video=True, batch_size=8, clip_embeedings_path='data/CLIP_embeddings', debug=False, desc_keyphrase_extract=True, desc_token_count=100, freeze_lf_layers=23, gpu='0', lr=0.0003, max_epochs=30, max_len=512, metadata_path='data/extra_data_trans.csv', model='bert-large-cased', multitask=False, num_workers=0, other_comments_path='data/extra_data_other_comments.csv', other_comments_token_count=300, pad_metadata=True, remove_none=False, test_question_file='data/with_aug_ttv/test.csv', title_token_count=50, train_question_file='data/with_aug_ttv/train.csv', transcript_keyphrase_extract=True, transcript_token_count=512, validation_question_file='data/with_aug_ttv/eval.csv', video_path='data/videos/', work_dir='model_comment/')
wandb: Currently logged in as: shrey2809 (is_project). Use `wandb login --relogin` to force relogin
wandb: Tracking run with wandb version 0.15.4
wandb: Run data is saved locally in /scratch/AzureNfsServer_INPUT1/vc_data/users/gmanish/multiModalHate/IS-Hate-Speech/wandb/run-20230612_181340-lz1l32jp
wandb: Run `wandb offline` to turn off syncing.
wandb: Syncing run toasty-disco-254
wandb: ⭐️ View project at https://wandb.ai/is_project/vision_models
wandb: 🚀 View run at https://wandb.ai/is_project/vision_models/runs/lz1l32jp
number of available devices: 1
obtained dataloaders
Some weights of the model checkpoint at bert-large-cased were not used when initializing BertModel: ['cls.predictions.transform.dense.bias', 'cls.predictions.transform.LayerNorm.weight', 'cls.seq_relationship.weight', 'cls.predictions.bias', 'cls.predictions.transform.dense.weight', 'cls.seq_relationship.bias', 'cls.predictions.transform.LayerNorm.bias', 'cls.predictions.decoder.weight']
- This IS expected if you are initializing BertModel from the checkpoint of a model trained on another task or with another architecture (e.g. initializing a BertForSequenceClassification model from a BertForPreTraining model).
- This IS NOT expected if you are initializing BertModel from the checkpoint of a model that you expect to be exactly identical (initializing a BertForSequenceClassification model from a BertForSequenceClassification model).
loaded models
Train Epoch-0   Iter-0  /706	loss 0.6961 (0.6961)	accu 0.500 (0.500)	
Train Epoch-0   Iter-25 /706	loss 0.6810 (0.6873)	accu 0.625 (0.572)	
Train Epoch-0   Iter-50 /706	loss 0.8849 (0.6576)	accu 0.375 (0.613)	
Train Epoch-0   Iter-75 /706	loss 0.4509 (0.6202)	accu 0.875 (0.660)	
Train Epoch-0   Iter-100/706	loss 0.4975 (0.5840)	accu 0.750 (0.692)	
Train Epoch-0   Iter-125/706	loss 0.1189 (0.5511)	accu 1.000 (0.722)	
Train Epoch-0   Iter-150/706	loss 0.3084 (0.5244)	accu 0.875 (0.744)	
Train Epoch-0   Iter-175/706	loss 0.2001 (0.5095)	accu 1.000 (0.758)	
Train Epoch-0   Iter-200/706	loss 0.2790 (0.4949)	accu 0.875 (0.765)	
Train Epoch-0   Iter-225/706	loss 0.2571 (0.4817)	accu 0.875 (0.776)	
Train Epoch-0   Iter-250/706	loss 0.8192 (0.4730)	accu 0.625 (0.783)	
Train Epoch-0   Iter-275/706	loss 0.2597 (0.4539)	accu 0.875 (0.793)	
Train Epoch-0   Iter-300/706	loss 0.5840 (0.4501)	accu 0.875 (0.797)	
Train Epoch-0   Iter-325/706	loss 0.5734 (0.4452)	accu 0.625 (0.801)	
Train Epoch-0   Iter-350/706	loss 0.1290 (0.4378)	accu 1.000 (0.806)	
Train Epoch-0   Iter-375/706	loss 0.0619 (0.4256)	accu 1.000 (0.813)	
Train Epoch-0   Iter-400/706	loss 0.6308 (0.4268)	accu 0.750 (0.816)	
Train Epoch-0   Iter-425/706	loss 0.1347 (0.4200)	accu 1.000 (0.820)	
Train Epoch-0   Iter-450/706	loss 0.3982 (0.4186)	accu 0.875 (0.823)	
Train Epoch-0   Iter-475/706	loss 0.9280 (0.4119)	accu 0.750 (0.827)	
Train Epoch-0   Iter-500/706	loss 0.1116 (0.4093)	accu 1.000 (0.830)	
Train Epoch-0   Iter-525/706	loss 0.1523 (0.4031)	accu 1.000 (0.834)	
Train Epoch-0   Iter-550/706	loss 0.0900 (0.3990)	accu 1.000 (0.837)	
Train Epoch-0   Iter-575/706	loss 0.4075 (0.3906)	accu 0.750 (0.841)	
Train Epoch-0   Iter-600/706	loss 0.0507 (0.3829)	accu 1.000 (0.845)	
Train Epoch-0   Iter-625/706	loss 0.0806 (0.3748)	accu 1.000 (0.849)	
Train Epoch-0   Iter-650/706	loss 0.1720 (0.3705)	accu 0.875 (0.852)	
Train Epoch-0   Iter-675/706	loss 0.1279 (0.3667)	accu 1.000 (0.854)	
Train Epoch-0   Iter-700/706	loss 0.0556 (0.3645)	accu 1.000 (0.855)	
Eval Epoch-0   Iter-0  /52 	loss 0.3663 (0.3663)	accu 0.875 (0.875)	
Eval Epoch-0   Iter-25 /52 	loss 0.0443 (0.7425)	accu 1.000 (0.712)	
Eval Epoch-0   Iter-50 /52 	loss 1.4122 (0.7473)	accu 0.500 (0.718)	
Epoch-0   Train: loss 0.3654	accu 0.8547	Eval: loss 0.7377	accu 0.7212
Train Epoch-1   Iter-0  /706	loss 0.0536 (0.0536)	accu 1.000 (1.000)	
Train Epoch-1   Iter-25 /706	loss 0.0446 (0.1968)	accu 1.000 (0.947)	
Train Epoch-1   Iter-50 /706	loss 0.7279 (0.2694)	accu 0.750 (0.917)	
Train Epoch-1   Iter-75 /706	loss 0.1522 (0.2821)	accu 1.000 (0.903)	
Train Epoch-1   Iter-100/706	loss 0.1946 (0.3082)	accu 1.000 (0.885)	
Train Epoch-1   Iter-125/706	loss 0.1084 (0.3363)	accu 1.000 (0.875)	
Train Epoch-1   Iter-150/706	loss 0.2909 (0.3387)	accu 0.875 (0.877)	
Train Epoch-1   Iter-175/706	loss 0.0810 (0.3365)	accu 1.000 (0.877)	
Train Epoch-1   Iter-200/706	loss 0.0699 (0.3271)	accu 1.000 (0.879)	
Train Epoch-1   Iter-225/706	loss 0.2651 (0.3191)	accu 0.875 (0.885)	
Train Epoch-1   Iter-250/706	loss 0.0242 (0.3104)	accu 1.000 (0.887)	
Train Epoch-1   Iter-275/706	loss 0.1539 (0.3106)	accu 0.875 (0.886)	
Train Epoch-1   Iter-300/706	loss 0.0454 (0.3027)	accu 1.000 (0.890)	
Train Epoch-1   Iter-325/706	loss 0.3077 (0.2983)	accu 0.750 (0.891)	
Train Epoch-1   Iter-350/706	loss 0.0656 (0.2981)	accu 1.000 (0.889)	
Train Epoch-1   Iter-375/706	loss 0.3914 (0.2941)	accu 0.875 (0.891)	
Train Epoch-1   Iter-400/706	loss 0.0645 (0.2928)	accu 1.000 (0.890)	
Train Epoch-1   Iter-425/706	loss 0.2082 (0.2902)	accu 0.875 (0.892)	
Train Epoch-1   Iter-450/706	loss 1.1057 (0.2910)	accu 0.625 (0.893)	
Train Epoch-1   Iter-475/706	loss 0.0748 (0.2885)	accu 1.000 (0.894)	
Train Epoch-1   Iter-500/706	loss 0.2488 (0.2847)	accu 0.875 (0.896)	
Train Epoch-1   Iter-525/706	loss 0.0953 (0.2810)	accu 1.000 (0.898)	
Train Epoch-1   Iter-550/706	loss 0.1101 (0.2806)	accu 1.000 (0.899)	
Train Epoch-1   Iter-575/706	loss 0.4421 (0.2803)	accu 0.750 (0.900)	
Train Epoch-1   Iter-600/706	loss 0.3345 (0.2770)	accu 0.875 (0.901)	
Train Epoch-1   Iter-625/706	loss 0.0336 (0.2739)	accu 1.000 (0.903)	
Train Epoch-1   Iter-650/706	loss 0.0254 (0.2691)	accu 1.000 (0.905)	
Train Epoch-1   Iter-675/706	loss 0.2087 (0.2689)	accu 0.875 (0.905)	
Train Epoch-1   Iter-700/706	loss 0.0877 (0.2692)	accu 1.000 (0.906)	
Eval Epoch-1   Iter-0  /52 	loss 0.2931 (0.2931)	accu 0.750 (0.750)	
Eval Epoch-1   Iter-25 /52 	loss 0.0170 (0.5557)	accu 1.000 (0.750)	
Eval Epoch-1   Iter-50 /52 	loss 2.0704 (0.8346)	accu 0.500 (0.699)	
Epoch-1   Train: loss 0.2685	accu 0.9062	Eval: loss 0.8472	accu 0.6947
Train Epoch-2   Iter-0  /706	loss 0.0970 (0.0970)	accu 1.000 (1.000)	
Train Epoch-2   Iter-25 /706	loss 1.0380 (0.1719)	accu 0.750 (0.957)	
Train Epoch-2   Iter-50 /706	loss 0.5010 (0.1675)	accu 0.875 (0.953)	
Train Epoch-2   Iter-75 /706	loss 0.3334 (0.1880)	accu 0.750 (0.941)	
Train Epoch-2   Iter-100/706	loss 0.0375 (0.1935)	accu 1.000 (0.936)	
Train Epoch-2   Iter-125/706	loss 0.0745 (0.1952)	accu 1.000 (0.937)	
Train Epoch-2   Iter-150/706	loss 0.2813 (0.2095)	accu 0.750 (0.930)	
Train Epoch-2   Iter-175/706	loss 0.1525 (0.1993)	accu 0.875 (0.934)	
Train Epoch-2   Iter-200/706	loss 0.0444 (0.2026)	accu 1.000 (0.932)	
Train Epoch-2   Iter-225/706	loss 0.0137 (0.2016)	accu 1.000 (0.934)	
Train Epoch-2   Iter-250/706	loss 0.0900 (0.2068)	accu 1.000 (0.933)	
Train Epoch-2   Iter-275/706	loss 0.4457 (0.2012)	accu 0.875 (0.935)	
Train Epoch-2   Iter-300/706	loss 0.0226 (0.1949)	accu 1.000 (0.937)	
Train Epoch-2   Iter-325/706	loss 0.0539 (0.1972)	accu 1.000 (0.936)	
Train Epoch-2   Iter-350/706	loss 0.0328 (0.1928)	accu 1.000 (0.937)	
Train Epoch-2   Iter-375/706	loss 0.3136 (0.1913)	accu 0.875 (0.938)	
Train Epoch-2   Iter-400/706	loss 0.5803 (0.1937)	accu 0.875 (0.936)	
Train Epoch-2   Iter-425/706	loss 0.0123 (0.1909)	accu 1.000 (0.937)	
Train Epoch-2   Iter-450/706	loss 0.4815 (0.1965)	accu 0.750 (0.935)	
Train Epoch-2   Iter-475/706	loss 0.1283 (0.1913)	accu 1.000 (0.937)	
Train Epoch-2   Iter-500/706	loss 0.0764 (0.1943)	accu 1.000 (0.937)	
Train Epoch-2   Iter-525/706	loss 0.4896 (0.1934)	accu 0.875 (0.938)	
Train Epoch-2   Iter-550/706	loss 0.0612 (0.1935)	accu 1.000 (0.938)	
Train Epoch-2   Iter-575/706	loss 0.0382 (0.1952)	accu 1.000 (0.938)	
Train Epoch-2   Iter-600/706	loss 0.0302 (0.1947)	accu 1.000 (0.937)	
Train Epoch-2   Iter-625/706	loss 0.0806 (0.1962)	accu 1.000 (0.937)	
Train Epoch-2   Iter-650/706	loss 0.0217 (0.1962)	accu 1.000 (0.936)	
Train Epoch-2   Iter-675/706	loss 0.0331 (0.1973)	accu 1.000 (0.936)	
Train Epoch-2   Iter-700/706	loss 0.0427 (0.1983)	accu 1.000 (0.936)	
Eval Epoch-2   Iter-0  /52 	loss 0.0622 (0.0622)	accu 1.000 (1.000)	
Eval Epoch-2   Iter-25 /52 	loss 0.0119 (0.3659)	accu 1.000 (0.817)	
Eval Epoch-2   Iter-50 /52 	loss 2.2851 (0.8154)	accu 0.500 (0.716)	
Epoch-2   Train: loss 0.1985	accu 0.9354	Eval: loss 0.8327	accu 0.7091
Train Epoch-3   Iter-0  /706	loss 0.4462 (0.4462)	accu 0.875 (0.875)	
Train Epoch-3   Iter-25 /706	loss 0.2262 (0.1894)	accu 0.875 (0.923)	
Train Epoch-3   Iter-50 /706	loss 0.2000 (0.1855)	accu 0.875 (0.929)	
Train Epoch-3   Iter-75 /706	loss 0.4515 (0.2010)	accu 0.750 (0.923)	
Train Epoch-3   Iter-100/706	loss 0.1475 (0.2043)	accu 0.875 (0.925)	
Train Epoch-3   Iter-125/706	loss 0.1428 (0.2084)	accu 1.000 (0.917)	
Train Epoch-3   Iter-150/706	loss 0.5219 (0.2032)	accu 0.875 (0.921)	
Train Epoch-3   Iter-175/706	loss 0.2766 (0.2126)	accu 0.875 (0.920)	
Train Epoch-3   Iter-200/706	loss 0.0517 (0.2047)	accu 1.000 (0.925)	
Train Epoch-3   Iter-225/706	loss 0.0168 (0.1922)	accu 1.000 (0.930)	
Train Epoch-3   Iter-250/706	loss 0.1444 (0.2057)	accu 0.875 (0.928)	
Train Epoch-3   Iter-275/706	loss 0.0321 (0.2054)	accu 1.000 (0.926)	
Train Epoch-3   Iter-300/706	loss 0.0188 (0.2068)	accu 1.000 (0.925)	
Train Epoch-3   Iter-325/706	loss 0.1550 (0.2159)	accu 0.875 (0.921)	
Train Epoch-3   Iter-350/706	loss 0.0503 (0.2172)	accu 1.000 (0.920)	
Train Epoch-3   Iter-375/706	loss 0.0557 (0.2221)	accu 1.000 (0.919)	
Train Epoch-3   Iter-400/706	loss 0.1935 (0.2227)	accu 0.875 (0.918)	
Train Epoch-3   Iter-425/706	loss 0.3188 (0.2169)	accu 0.875 (0.921)	
Train Epoch-3   Iter-450/706	loss 0.1413 (0.2117)	accu 1.000 (0.924)	
Train Epoch-3   Iter-475/706	loss 0.0521 (0.2082)	accu 1.000 (0.925)	
Train Epoch-3   Iter-500/706	loss 0.2613 (0.2048)	accu 0.875 (0.927)	
Train Epoch-3   Iter-525/706	loss 0.0682 (0.2028)	accu 1.000 (0.928)	
Train Epoch-3   Iter-550/706	loss 0.4943 (0.2074)	accu 0.875 (0.926)	
Train Epoch-3   Iter-575/706	loss 0.1273 (0.2045)	accu 0.875 (0.928)	
Train Epoch-3   Iter-600/706	loss 0.5089 (0.2012)	accu 0.875 (0.930)	
Train Epoch-3   Iter-625/706	loss 0.2537 (0.2030)	accu 0.875 (0.929)	
Train Epoch-3   Iter-650/706	loss 0.2900 (0.2040)	accu 0.875 (0.929)	
Train Epoch-3   Iter-675/706	loss 0.0812 (0.2063)	accu 1.000 (0.928)	
Train Epoch-3   Iter-700/706	loss 0.0223 (0.2036)	accu 1.000 (0.929)	
Eval Epoch-3   Iter-0  /52 	loss 0.6053 (0.6053)	accu 0.875 (0.875)	
Eval Epoch-3   Iter-25 /52 	loss 0.0108 (0.4011)	accu 1.000 (0.851)	
Eval Epoch-3   Iter-50 /52 	loss 2.0188 (0.6677)	accu 0.500 (0.770)	
Epoch-3   Train: loss 0.2043	accu 0.9285	Eval: loss 0.6792	accu 0.7644
Train Epoch-4   Iter-0  /706	loss 0.1303 (0.1303)	accu 1.000 (1.000)	
Train Epoch-4   Iter-25 /706	loss 0.0400 (0.0656)	accu 1.000 (0.981)	
Train Epoch-4   Iter-50 /706	loss 0.1852 (0.1408)	accu 0.875 (0.958)	
Train Epoch-4   Iter-75 /706	loss 0.0245 (0.1457)	accu 1.000 (0.956)	
Train Epoch-4   Iter-100/706	loss 0.0440 (0.1607)	accu 1.000 (0.950)	
Train Epoch-4   Iter-125/706	loss 0.0149 (0.1501)	accu 1.000 (0.953)	
Train Epoch-4   Iter-150/706	loss 0.0157 (0.1536)	accu 1.000 (0.952)	
Train Epoch-4   Iter-175/706	loss 0.4911 (0.1581)	accu 0.875 (0.951)	
Train Epoch-4   Iter-200/706	loss 0.6705 (0.1604)	accu 0.875 (0.950)	
Train Epoch-4   Iter-225/706	loss 0.3466 (0.1638)	accu 0.875 (0.949)	
Train Epoch-4   Iter-250/706	loss 0.0120 (0.1600)	accu 1.000 (0.950)	
Train Epoch-4   Iter-275/706	loss 0.0176 (0.1627)	accu 1.000 (0.947)	
Train Epoch-4   Iter-300/706	loss 0.1123 (0.1604)	accu 1.000 (0.948)	
Train Epoch-4   Iter-325/706	loss 0.3278 (0.1602)	accu 0.750 (0.948)	
Train Epoch-4   Iter-350/706	loss 0.0613 (0.1599)	accu 1.000 (0.947)	
Train Epoch-4   Iter-375/706	loss 0.0855 (0.1604)	accu 1.000 (0.946)	
Train Epoch-4   Iter-400/706	loss 0.2277 (0.1591)	accu 0.875 (0.947)	
Train Epoch-4   Iter-425/706	loss 0.0896 (0.1597)	accu 1.000 (0.946)	
Train Epoch-4   Iter-450/706	loss 0.4069 (0.1597)	accu 0.750 (0.946)	
Train Epoch-4   Iter-475/706	loss 0.0940 (0.1609)	accu 1.000 (0.945)	
Train Epoch-4   Iter-500/706	loss 0.0456 (0.1635)	accu 1.000 (0.945)	
Train Epoch-4   Iter-525/706	loss 0.0428 (0.1658)	accu 1.000 (0.945)	
Train Epoch-4   Iter-550/706	loss 0.0995 (0.1641)	accu 1.000 (0.944)	
Train Epoch-4   Iter-575/706	loss 0.3121 (0.1658)	accu 0.875 (0.944)	
Train Epoch-4   Iter-600/706	loss 0.2134 (0.1660)	accu 0.875 (0.943)	
Train Epoch-4   Iter-625/706	loss 0.9018 (0.1658)	accu 0.750 (0.943)	
Train Epoch-4   Iter-650/706	loss 0.0658 (0.1654)	accu 1.000 (0.942)	
Train Epoch-4   Iter-675/706	loss 0.5598 (0.1654)	accu 0.750 (0.942)	
Train Epoch-4   Iter-700/706	loss 0.1475 (0.1653)	accu 0.875 (0.942)	
Eval Epoch-4   Iter-0  /52 	loss 1.4570 (1.4570)	accu 0.625 (0.625)	
Eval Epoch-4   Iter-25 /52 	loss 0.0110 (0.6459)	accu 1.000 (0.750)	
Eval Epoch-4   Iter-50 /52 	loss 1.3431 (0.8176)	accu 0.500 (0.721)	
Epoch-4   Train: loss 0.1647	accu 0.9426	Eval: loss 0.8126	accu 0.7212
Train Epoch-5   Iter-0  /706	loss 0.0523 (0.0523)	accu 1.000 (1.000)	
Train Epoch-5   Iter-25 /706	loss 0.4283 (0.1554)	accu 0.875 (0.947)	
Train Epoch-5   Iter-50 /706	loss 0.0081 (0.1470)	accu 1.000 (0.946)	
Train Epoch-5   Iter-75 /706	loss 0.0147 (0.1513)	accu 1.000 (0.947)	
Train Epoch-5   Iter-100/706	loss 0.1054 (0.1479)	accu 0.875 (0.947)	
Train Epoch-5   Iter-125/706	loss 0.3240 (0.1435)	accu 0.750 (0.947)	
Train Epoch-5   Iter-150/706	loss 0.6447 (0.1504)	accu 0.750 (0.945)	
Train Epoch-5   Iter-175/706	loss 0.0239 (0.1603)	accu 1.000 (0.942)	
Train Epoch-5   Iter-200/706	loss 0.0617 (0.1609)	accu 1.000 (0.944)	
Train Epoch-5   Iter-225/706	loss 0.0333 (0.1519)	accu 1.000 (0.948)	
Train Epoch-5   Iter-250/706	loss 0.0406 (0.1554)	accu 1.000 (0.948)	
Train Epoch-5   Iter-275/706	loss 0.6446 (0.1572)	accu 0.750 (0.947)	
Train Epoch-5   Iter-300/706	loss 0.0968 (0.1565)	accu 1.000 (0.948)	
Train Epoch-5   Iter-325/706	loss 0.0383 (0.1595)	accu 1.000 (0.947)	
Train Epoch-5   Iter-350/706	loss 0.1205 (0.1587)	accu 1.000 (0.947)	
Train Epoch-5   Iter-375/706	loss 0.3926 (0.1607)	accu 0.750 (0.946)	
Train Epoch-5   Iter-400/706	loss 0.0130 (0.1603)	accu 1.000 (0.946)	
Train Epoch-5   Iter-425/706	loss 0.0981 (0.1631)	accu 1.000 (0.945)	
Train Epoch-5   Iter-450/706	loss 0.4001 (0.1618)	accu 0.875 (0.945)	
Train Epoch-5   Iter-475/706	loss 0.0632 (0.1633)	accu 1.000 (0.945)	
Train Epoch-5   Iter-500/706	loss 0.0242 (0.1615)	accu 1.000 (0.946)	
Train Epoch-5   Iter-525/706	loss 0.0203 (0.1592)	accu 1.000 (0.947)	
Train Epoch-5   Iter-550/706	loss 0.2527 (0.1612)	accu 0.875 (0.946)	
Train Epoch-5   Iter-575/706	loss 0.0882 (0.1617)	accu 1.000 (0.945)	
Train Epoch-5   Iter-600/706	loss 0.0561 (0.1611)	accu 1.000 (0.946)	
Train Epoch-5   Iter-625/706	loss 0.0090 (0.1587)	accu 1.000 (0.946)	
Train Epoch-5   Iter-650/706	loss 0.0044 (0.1552)	accu 1.000 (0.948)	
Train Epoch-5   Iter-675/706	loss 0.0663 (0.1532)	accu 1.000 (0.949)	
Train Epoch-5   Iter-700/706	loss 0.6610 (0.1524)	accu 0.625 (0.949)	
Eval Epoch-5   Iter-0  /52 	loss 1.4878 (1.4878)	accu 0.500 (0.500)	
Eval Epoch-5   Iter-25 /52 	loss 0.1820 (1.4537)	accu 0.875 (0.548)	
Eval Epoch-5   Iter-50 /52 	loss 0.6054 (1.2373)	accu 0.625 (0.630)	
Epoch-5   Train: loss 0.1522	accu 0.9494	Eval: loss 1.2149	accu 0.6370
Train Epoch-6   Iter-0  /706	loss 0.5751 (0.5751)	accu 0.875 (0.875)	
Train Epoch-6   Iter-25 /706	loss 0.1683 (0.1580)	accu 1.000 (0.966)	
Train Epoch-6   Iter-50 /706	loss 0.0205 (0.1461)	accu 1.000 (0.963)	
Train Epoch-6   Iter-75 /706	loss 0.3142 (0.1367)	accu 0.875 (0.961)	
Train Epoch-6   Iter-100/706	loss 0.0138 (0.1272)	accu 1.000 (0.958)	
Train Epoch-6   Iter-125/706	loss 0.1805 (0.1387)	accu 0.875 (0.951)	
Train Epoch-6   Iter-150/706	loss 0.4027 (0.1440)	accu 0.875 (0.948)	
Train Epoch-6   Iter-175/706	loss 0.0145 (0.1365)	accu 1.000 (0.952)	
Train Epoch-6   Iter-200/706	loss 0.0198 (0.1362)	accu 1.000 (0.951)	
Train Epoch-6   Iter-225/706	loss 0.0317 (0.1390)	accu 1.000 (0.951)	
Train Epoch-6   Iter-250/706	loss 0.0190 (0.1391)	accu 1.000 (0.951)	
Train Epoch-6   Iter-275/706	loss 0.1246 (0.1369)	accu 0.875 (0.952)	
Train Epoch-6   Iter-300/706	loss 0.0110 (0.1386)	accu 1.000 (0.952)	
Train Epoch-6   Iter-325/706	loss 0.0680 (0.1416)	accu 1.000 (0.951)	
Train Epoch-6   Iter-350/706	loss 0.0304 (0.1391)	accu 1.000 (0.952)	
Train Epoch-6   Iter-375/706	loss 0.2779 (0.1428)	accu 0.875 (0.951)	
Train Epoch-6   Iter-400/706	loss 0.0158 (0.1428)	accu 1.000 (0.951)	
Train Epoch-6   Iter-425/706	loss 0.5774 (0.1392)	accu 0.875 (0.952)	
Train Epoch-6   Iter-450/706	loss 0.1190 (0.1433)	accu 0.875 (0.950)	
Train Epoch-6   Iter-475/706	loss 0.2387 (0.1469)	accu 0.875 (0.948)	
Train Epoch-6   Iter-500/706	loss 0.1732 (0.1467)	accu 1.000 (0.948)	
Train Epoch-6   Iter-525/706	loss 0.4571 (0.1452)	accu 0.875 (0.948)	
Train Epoch-6   Iter-550/706	loss 0.2131 (0.1443)	accu 0.875 (0.948)	
Train Epoch-6   Iter-575/706	loss 0.3200 (0.1445)	accu 0.875 (0.948)	
Train Epoch-6   Iter-600/706	loss 0.5337 (0.1457)	accu 0.750 (0.948)	
Train Epoch-6   Iter-625/706	loss 0.0052 (0.1450)	accu 1.000 (0.948)	
Train Epoch-6   Iter-650/706	loss 0.8727 (0.1438)	accu 0.625 (0.949)	
Train Epoch-6   Iter-675/706	loss 0.7054 (0.1436)	accu 0.875 (0.948)	
Train Epoch-6   Iter-700/706	loss 0.1527 (0.1445)	accu 1.000 (0.948)	
Eval Epoch-6   Iter-0  /52 	loss 1.0806 (1.0806)	accu 0.750 (0.750)	
Eval Epoch-6   Iter-25 /52 	loss 0.0541 (0.5183)	accu 1.000 (0.726)	
Eval Epoch-6   Iter-50 /52 	loss 1.3523 (0.6931)	accu 0.500 (0.691)	
Epoch-6   Train: loss 0.1445	accu 0.9485	Eval: loss 0.7103	accu 0.6875
Train Epoch-7   Iter-0  /706	loss 0.0415 (0.0415)	accu 1.000 (1.000)	
Train Epoch-7   Iter-25 /706	loss 0.0475 (0.1805)	accu 1.000 (0.938)	
Train Epoch-7   Iter-50 /706	loss 0.0674 (0.1624)	accu 1.000 (0.946)	
Train Epoch-7   Iter-75 /706	loss 0.2350 (0.1691)	accu 0.875 (0.941)	
Train Epoch-7   Iter-100/706	loss 0.0706 (0.1773)	accu 1.000 (0.942)	
Train Epoch-7   Iter-125/706	loss 0.0117 (0.1688)	accu 1.000 (0.944)	
Train Epoch-7   Iter-150/706	loss 0.0183 (0.1568)	accu 1.000 (0.948)	
Train Epoch-7   Iter-175/706	loss 0.0499 (0.1536)	accu 1.000 (0.950)	
Train Epoch-7   Iter-200/706	loss 0.0975 (0.1555)	accu 1.000 (0.951)	
Train Epoch-7   Iter-225/706	loss 0.0119 (0.1537)	accu 1.000 (0.951)	
Train Epoch-7   Iter-250/706	loss 0.0044 (0.1456)	accu 1.000 (0.953)	
Train Epoch-7   Iter-275/706	loss 0.0247 (0.1455)	accu 1.000 (0.952)	
Train Epoch-7   Iter-300/706	loss 0.3232 (0.1516)	accu 0.875 (0.949)	
Train Epoch-7   Iter-325/706	loss 0.0099 (0.1504)	accu 1.000 (0.949)	
Train Epoch-7   Iter-350/706	loss 0.5789 (0.1527)	accu 0.875 (0.949)	
Train Epoch-7   Iter-375/706	loss 0.1634 (0.1513)	accu 0.875 (0.949)	
Train Epoch-7   Iter-400/706	loss 0.0345 (0.1553)	accu 1.000 (0.948)	
Train Epoch-7   Iter-425/706	loss 0.0484 (0.1558)	accu 1.000 (0.947)	
Train Epoch-7   Iter-450/706	loss 0.0087 (0.1520)	accu 1.000 (0.949)	
Train Epoch-7   Iter-475/706	loss 0.0142 (0.1535)	accu 1.000 (0.948)	
Train Epoch-7   Iter-500/706	loss 0.0033 (0.1504)	accu 1.000 (0.950)	
Train Epoch-7   Iter-525/706	loss 0.1036 (0.1534)	accu 1.000 (0.949)	
Train Epoch-7   Iter-550/706	loss 0.0384 (0.1531)	accu 1.000 (0.949)	
Train Epoch-7   Iter-575/706	loss 0.4066 (0.1538)	accu 0.875 (0.949)	
Train Epoch-7   Iter-600/706	loss 0.0133 (0.1512)	accu 1.000 (0.950)	
Train Epoch-7   Iter-625/706	loss 0.0112 (0.1476)	accu 1.000 (0.950)	
Train Epoch-7   Iter-650/706	loss 0.0099 (0.1483)	accu 1.000 (0.950)	
Train Epoch-7   Iter-675/706	loss 0.3936 (0.1475)	accu 0.875 (0.950)	
Train Epoch-7   Iter-700/706	loss 0.7658 (0.1491)	accu 0.750 (0.949)	
Eval Epoch-7   Iter-0  /52 	loss 1.2533 (1.2533)	accu 0.500 (0.500)	
Eval Epoch-7   Iter-25 /52 	loss 0.0394 (0.8056)	accu 1.000 (0.659)	
Eval Epoch-7   Iter-50 /52 	loss 0.4501 (0.8233)	accu 0.750 (0.664)	
Epoch-7   Train: loss 0.1485	accu 0.9497	Eval: loss 0.8344	accu 0.6611
Train Epoch-8   Iter-0  /706	loss 0.0225 (0.0225)	accu 1.000 (1.000)	
Train Epoch-8   Iter-25 /706	loss 0.2932 (0.1047)	accu 0.875 (0.962)	
Train Epoch-8   Iter-50 /706	loss 0.0201 (0.1375)	accu 1.000 (0.953)	
Train Epoch-8   Iter-75 /706	loss 0.2259 (0.1355)	accu 0.875 (0.954)	
Train Epoch-8   Iter-100/706	loss 0.0227 (0.1233)	accu 1.000 (0.958)	
Train Epoch-8   Iter-125/706	loss 0.2844 (0.1201)	accu 0.875 (0.960)	
Train Epoch-8   Iter-150/706	loss 0.3025 (0.1220)	accu 0.875 (0.960)	
Train Epoch-8   Iter-175/706	loss 0.0148 (0.1259)	accu 1.000 (0.959)	
Train Epoch-8   Iter-200/706	loss 0.0376 (0.1296)	accu 1.000 (0.958)	
Train Epoch-8   Iter-225/706	loss 0.1197 (0.1218)	accu 0.875 (0.961)	
Train Epoch-8   Iter-250/706	loss 0.3410 (0.1213)	accu 0.875 (0.961)	
Train Epoch-8   Iter-275/706	loss 0.0288 (0.1249)	accu 1.000 (0.960)	
Train Epoch-8   Iter-300/706	loss 0.6480 (0.1271)	accu 0.875 (0.959)	
Train Epoch-8   Iter-325/706	loss 0.2006 (0.1252)	accu 0.875 (0.959)	
Train Epoch-8   Iter-350/706	loss 0.0321 (0.1185)	accu 1.000 (0.962)	
Train Epoch-8   Iter-375/706	loss 0.0636 (0.1180)	accu 1.000 (0.962)	
Train Epoch-8   Iter-400/706	loss 0.1736 (0.1193)	accu 0.875 (0.961)	
Train Epoch-8   Iter-425/706	loss 0.0218 (0.1199)	accu 1.000 (0.960)	
Train Epoch-8   Iter-450/706	loss 0.0111 (0.1168)	accu 1.000 (0.961)	
Train Epoch-8   Iter-475/706	loss 0.0070 (0.1147)	accu 1.000 (0.962)	
Train Epoch-8   Iter-500/706	loss 0.0061 (0.1151)	accu 1.000 (0.962)	
Train Epoch-8   Iter-525/706	loss 0.0108 (0.1158)	accu 1.000 (0.961)	
Train Epoch-8   Iter-550/706	loss 0.0671 (0.1158)	accu 1.000 (0.961)	
Train Epoch-8   Iter-575/706	loss 0.0634 (0.1142)	accu 1.000 (0.962)	
Train Epoch-8   Iter-600/706	loss 0.0032 (0.1138)	accu 1.000 (0.962)	
Train Epoch-8   Iter-625/706	loss 0.0531 (0.1146)	accu 1.000 (0.961)	
Train Epoch-8   Iter-650/706	loss 0.0294 (0.1141)	accu 1.000 (0.962)	
Train Epoch-8   Iter-675/706	loss 0.1813 (0.1156)	accu 0.875 (0.960)	
Train Epoch-8   Iter-700/706	loss 0.0446 (0.1182)	accu 1.000 (0.959)	
Eval Epoch-8   Iter-0  /52 	loss 0.5198 (0.5198)	accu 0.750 (0.750)	
Eval Epoch-8   Iter-25 /52 	loss 0.0183 (0.4355)	accu 1.000 (0.750)	
Eval Epoch-8   Iter-50 /52 	loss 0.9613 (0.7155)	accu 0.625 (0.725)	
Epoch-8   Train: loss 0.1181	accu 0.9591	Eval: loss 0.7270	accu 0.7212
Train Epoch-9   Iter-0  /706	loss 0.1495 (0.1495)	accu 0.875 (0.875)	
Train Epoch-9   Iter-25 /706	loss 0.0707 (0.1620)	accu 1.000 (0.928)	
Train Epoch-9   Iter-50 /706	loss 0.0043 (0.1350)	accu 1.000 (0.944)	
Train Epoch-9   Iter-75 /706	loss 0.0051 (0.1329)	accu 1.000 (0.947)	
Train Epoch-9   Iter-100/706	loss 0.0193 (0.1158)	accu 1.000 (0.954)	
Train Epoch-9   Iter-125/706	loss 0.0087 (0.1159)	accu 1.000 (0.958)	
Train Epoch-9   Iter-150/706	loss 0.0032 (0.1088)	accu 1.000 (0.960)	
Train Epoch-9   Iter-175/706	loss 0.0043 (0.1135)	accu 1.000 (0.957)	
Train Epoch-9   Iter-200/706	loss 0.0181 (0.1133)	accu 1.000 (0.959)	
Train Epoch-9   Iter-225/706	loss 0.2990 (0.1245)	accu 0.875 (0.955)	
Train Epoch-9   Iter-250/706	loss 0.0207 (0.1211)	accu 1.000 (0.956)	
Train Epoch-9   Iter-275/706	loss 0.0854 (0.1185)	accu 1.000 (0.957)	
Train Epoch-9   Iter-300/706	loss 0.0105 (0.1200)	accu 1.000 (0.956)	
Train Epoch-9   Iter-325/706	loss 0.2355 (0.1209)	accu 0.875 (0.955)	
Train Epoch-9   Iter-350/706	loss 0.0178 (0.1241)	accu 1.000 (0.954)	
Train Epoch-9   Iter-375/706	loss 0.8916 (0.1245)	accu 0.750 (0.954)	
Train Epoch-9   Iter-400/706	loss 0.0211 (0.1272)	accu 1.000 (0.954)	
Train Epoch-9   Iter-425/706	loss 0.0742 (0.1305)	accu 1.000 (0.954)	
Train Epoch-9   Iter-450/706	loss 0.0035 (0.1252)	accu 1.000 (0.956)	
Train Epoch-9   Iter-475/706	loss 0.8648 (0.1279)	accu 0.625 (0.955)	
Train Epoch-9   Iter-500/706	loss 0.0065 (0.1273)	accu 1.000 (0.955)	
Train Epoch-9   Iter-525/706	loss 0.0158 (0.1251)	accu 1.000 (0.956)	
Train Epoch-9   Iter-550/706	loss 0.3333 (0.1267)	accu 0.875 (0.956)	
Train Epoch-9   Iter-575/706	loss 0.0160 (0.1266)	accu 1.000 (0.956)	
Train Epoch-9   Iter-600/706	loss 0.7241 (0.1272)	accu 0.875 (0.956)	
Train Epoch-9   Iter-625/706	loss 0.5961 (0.1279)	accu 0.750 (0.956)	
Train Epoch-9   Iter-650/706	loss 0.0139 (0.1252)	accu 1.000 (0.957)	
Train Epoch-9   Iter-675/706	loss 0.0101 (0.1263)	accu 1.000 (0.956)	
Train Epoch-9   Iter-700/706	loss 0.0183 (0.1259)	accu 1.000 (0.956)	
Eval Epoch-9   Iter-0  /52 	loss 0.3067 (0.3067)	accu 0.875 (0.875)	
Eval Epoch-9   Iter-25 /52 	loss 0.0063 (0.5878)	accu 1.000 (0.808)	
Eval Epoch-9   Iter-50 /52 	loss 1.2931 (0.7284)	accu 0.375 (0.755)	
Epoch-9   Train: loss 0.1254	accu 0.9566	Eval: loss 0.7383	accu 0.7524
Epoch    10: reducing learning rate of group 0 to 3.0000e-05.
Train Epoch-10  Iter-0  /706	loss 0.0292 (0.0292)	accu 1.000 (1.000)	
Train Epoch-10  Iter-25 /706	loss 0.0135 (0.0731)	accu 1.000 (0.976)	
Train Epoch-10  Iter-50 /706	loss 0.0824 (0.1095)	accu 1.000 (0.956)	
Train Epoch-10  Iter-75 /706	loss 0.0383 (0.1116)	accu 1.000 (0.954)	
Train Epoch-10  Iter-100/706	loss 0.0146 (0.1089)	accu 1.000 (0.954)	
Train Epoch-10  Iter-125/706	loss 0.0142 (0.1000)	accu 1.000 (0.958)	
Train Epoch-10  Iter-150/706	loss 0.0213 (0.0981)	accu 1.000 (0.960)	
Train Epoch-10  Iter-175/706	loss 0.0592 (0.0976)	accu 1.000 (0.962)	
Train Epoch-10  Iter-200/706	loss 0.0371 (0.1018)	accu 1.000 (0.960)	
Train Epoch-10  Iter-225/706	loss 0.0239 (0.1009)	accu 1.000 (0.960)	
Train Epoch-10  Iter-250/706	loss 0.1068 (0.1025)	accu 1.000 (0.960)	
Train Epoch-10  Iter-275/706	loss 0.0060 (0.1022)	accu 1.000 (0.961)	
Train Epoch-10  Iter-300/706	loss 0.0368 (0.1015)	accu 1.000 (0.962)	
Train Epoch-10  Iter-325/706	loss 0.0244 (0.1021)	accu 1.000 (0.962)	
Train Epoch-10  Iter-350/706	loss 0.0664 (0.1014)	accu 1.000 (0.962)	
Train Epoch-10  Iter-375/706	loss 0.0412 (0.1014)	accu 1.000 (0.961)	
Train Epoch-10  Iter-400/706	loss 0.0520 (0.1037)	accu 1.000 (0.961)	
Train Epoch-10  Iter-425/706	loss 0.0047 (0.1007)	accu 1.000 (0.962)	
Train Epoch-10  Iter-450/706	loss 0.0131 (0.0984)	accu 1.000 (0.963)	
Train Epoch-10  Iter-475/706	loss 0.0107 (0.0963)	accu 1.000 (0.964)	
Train Epoch-10  Iter-500/706	loss 0.0282 (0.0961)	accu 1.000 (0.964)	
Train Epoch-10  Iter-525/706	loss 0.2230 (0.0945)	accu 0.875 (0.965)	
Train Epoch-10  Iter-550/706	loss 0.0413 (0.0940)	accu 1.000 (0.965)	
Train Epoch-10  Iter-575/706	loss 0.0362 (0.0916)	accu 1.000 (0.966)	
Train Epoch-10  Iter-600/706	loss 0.1601 (0.0931)	accu 0.875 (0.965)	
Train Epoch-10  Iter-625/706	loss 0.0232 (0.0928)	accu 1.000 (0.966)	
Train Epoch-10  Iter-650/706	loss 0.0086 (0.0931)	accu 1.000 (0.966)	
Train Epoch-10  Iter-675/706	loss 0.0125 (0.0926)	accu 1.000 (0.966)	
Train Epoch-10  Iter-700/706	loss 0.0023 (0.0914)	accu 1.000 (0.967)	
Eval Epoch-10  Iter-0  /52 	loss 0.2427 (0.2427)	accu 0.875 (0.875)	
Eval Epoch-10  Iter-25 /52 	loss 0.0022 (0.5867)	accu 1.000 (0.812)	
Eval Epoch-10  Iter-50 /52 	loss 1.4190 (0.7878)	accu 0.375 (0.752)	
Epoch-10  Train: loss 0.0912	accu 0.9667	Eval: loss 0.8029	accu 0.7476
Train Epoch-11  Iter-0  /706	loss 0.0238 (0.0238)	accu 1.000 (1.000)	
Train Epoch-11  Iter-25 /706	loss 0.0494 (0.0659)	accu 1.000 (0.986)	
Train Epoch-11  Iter-50 /706	loss 0.0506 (0.0728)	accu 1.000 (0.978)	
Train Epoch-11  Iter-75 /706	loss 0.0104 (0.0764)	accu 1.000 (0.979)	
Train Epoch-11  Iter-100/706	loss 0.0133 (0.0860)	accu 1.000 (0.972)	
Train Epoch-11  Iter-125/706	loss 0.0246 (0.0836)	accu 1.000 (0.970)	
Train Epoch-11  Iter-150/706	loss 0.5841 (0.0793)	accu 0.750 (0.971)	
Train Epoch-11  Iter-175/706	loss 0.2163 (0.0809)	accu 0.875 (0.970)	
Train Epoch-11  Iter-200/706	loss 0.0023 (0.0835)	accu 1.000 (0.969)	
Train Epoch-11  Iter-225/706	loss 0.0568 (0.0818)	accu 1.000 (0.969)	
Train Epoch-11  Iter-250/706	loss 0.1602 (0.0851)	accu 0.875 (0.968)	
Train Epoch-11  Iter-275/706	loss 0.0181 (0.0853)	accu 1.000 (0.967)	
Train Epoch-11  Iter-300/706	loss 0.1818 (0.0814)	accu 0.875 (0.969)	
Train Epoch-11  Iter-325/706	loss 0.0136 (0.0822)	accu 1.000 (0.969)	
Train Epoch-11  Iter-350/706	loss 0.3457 (0.0836)	accu 0.750 (0.968)	
Train Epoch-11  Iter-375/706	loss 0.1899 (0.0845)	accu 0.875 (0.967)	
Train Epoch-11  Iter-400/706	loss 0.0824 (0.0815)	accu 1.000 (0.969)	
Train Epoch-11  Iter-425/706	loss 0.0302 (0.0841)	accu 1.000 (0.969)	
Train Epoch-11  Iter-450/706	loss 0.0038 (0.0859)	accu 1.000 (0.968)	
Train Epoch-11  Iter-475/706	loss 0.0285 (0.0852)	accu 1.000 (0.968)	
Train Epoch-11  Iter-500/706	loss 0.0331 (0.0848)	accu 1.000 (0.969)	
Train Epoch-11  Iter-525/706	loss 0.0069 (0.0824)	accu 1.000 (0.970)	
Train Epoch-11  Iter-550/706	loss 0.0033 (0.0813)	accu 1.000 (0.970)	
Train Epoch-11  Iter-575/706	loss 0.0445 (0.0833)	accu 1.000 (0.970)	
Train Epoch-11  Iter-600/706	loss 0.0264 (0.0817)	accu 1.000 (0.970)	
Train Epoch-11  Iter-625/706	loss 0.0019 (0.0822)	accu 1.000 (0.970)	
Train Epoch-11  Iter-650/706	loss 0.3211 (0.0810)	accu 0.875 (0.970)	
Train Epoch-11  Iter-675/706	loss 0.0062 (0.0812)	accu 1.000 (0.970)	
Train Epoch-11  Iter-700/706	loss 0.1906 (0.0814)	accu 0.875 (0.970)	
Eval Epoch-11  Iter-0  /52 	loss 0.3368 (0.3368)	accu 0.750 (0.750)	
Eval Epoch-11  Iter-25 /52 	loss 0.0008 (0.4947)	accu 1.000 (0.822)	
Eval Epoch-11  Iter-50 /52 	loss 1.8801 (0.8388)	accu 0.375 (0.755)	
Epoch-11  Train: loss 0.0812	accu 0.9695	Eval: loss 0.8617	accu 0.7500
Train Epoch-12  Iter-0  /706	loss 0.0040 (0.0040)	accu 1.000 (1.000)	
Train Epoch-12  Iter-25 /706	loss 0.0020 (0.0722)	accu 1.000 (0.966)	
Train Epoch-12  Iter-50 /706	loss 0.0097 (0.0837)	accu 1.000 (0.971)	
Train Epoch-12  Iter-75 /706	loss 0.0060 (0.0847)	accu 1.000 (0.970)	
Train Epoch-12  Iter-100/706	loss 0.0368 (0.0866)	accu 1.000 (0.970)	
Train Epoch-12  Iter-125/706	loss 0.0306 (0.0818)	accu 1.000 (0.970)	
Train Epoch-12  Iter-150/706	loss 0.0096 (0.0774)	accu 1.000 (0.971)	
Train Epoch-12  Iter-175/706	loss 0.0508 (0.0751)	accu 1.000 (0.972)	
Train Epoch-12  Iter-200/706	loss 0.2087 (0.0806)	accu 0.875 (0.969)	
Train Epoch-12  Iter-225/706	loss 0.0061 (0.0782)	accu 1.000 (0.970)	
Train Epoch-12  Iter-250/706	loss 0.0751 (0.0760)	accu 1.000 (0.970)	
Train Epoch-12  Iter-275/706	loss 0.1820 (0.0715)	accu 0.875 (0.972)	
Train Epoch-12  Iter-300/706	loss 0.0293 (0.0706)	accu 1.000 (0.971)	
Train Epoch-12  Iter-325/706	loss 0.0398 (0.0716)	accu 1.000 (0.972)	
Train Epoch-12  Iter-350/706	loss 0.1580 (0.0718)	accu 0.875 (0.971)	
Train Epoch-12  Iter-375/706	loss 0.0018 (0.0730)	accu 1.000 (0.971)	
Train Epoch-12  Iter-400/706	loss 0.0169 (0.0723)	accu 1.000 (0.971)	
Train Epoch-12  Iter-425/706	loss 0.0372 (0.0710)	accu 1.000 (0.972)	
Train Epoch-12  Iter-450/706	loss 0.1790 (0.0701)	accu 0.875 (0.973)	
Train Epoch-12  Iter-475/706	loss 0.0169 (0.0673)	accu 1.000 (0.974)	
Train Epoch-12  Iter-500/706	loss 0.0657 (0.0686)	accu 1.000 (0.974)	
Train Epoch-12  Iter-525/706	loss 0.0205 (0.0674)	accu 1.000 (0.974)	
Train Epoch-12  Iter-550/706	loss 0.0014 (0.0685)	accu 1.000 (0.974)	
Train Epoch-12  Iter-575/706	loss 0.0245 (0.0701)	accu 1.000 (0.974)	
Train Epoch-12  Iter-600/706	loss 0.0092 (0.0695)	accu 1.000 (0.973)	
Train Epoch-12  Iter-625/706	loss 0.0017 (0.0690)	accu 1.000 (0.973)	
Train Epoch-12  Iter-650/706	loss 0.0167 (0.0688)	accu 1.000 (0.974)	
Train Epoch-12  Iter-675/706	loss 0.0081 (0.0684)	accu 1.000 (0.974)	
Train Epoch-12  Iter-700/706	loss 0.1461 (0.0697)	accu 0.875 (0.973)	
Eval Epoch-12  Iter-0  /52 	loss 0.2425 (0.2425)	accu 0.750 (0.750)	
Eval Epoch-12  Iter-25 /52 	loss 0.0006 (0.4688)	accu 1.000 (0.822)	
Eval Epoch-12  Iter-50 /52 	loss 2.3563 (0.8878)	accu 0.500 (0.748)	
Epoch-12  Train: loss 0.0698	accu 0.9727	Eval: loss 0.9163	accu 0.7428
Train Epoch-13  Iter-0  /706	loss 0.4948 (0.4948)	accu 0.875 (0.875)	
Train Epoch-13  Iter-25 /706	loss 0.0672 (0.1335)	accu 1.000 (0.947)	
Train Epoch-13  Iter-50 /706	loss 0.0025 (0.1051)	accu 1.000 (0.953)	
Train Epoch-13  Iter-75 /706	loss 0.0735 (0.0968)	accu 1.000 (0.956)	
Train Epoch-13  Iter-100/706	loss 0.0279 (0.0823)	accu 1.000 (0.962)	
Train Epoch-13  Iter-125/706	loss 0.0223 (0.0740)	accu 1.000 (0.967)	
Train Epoch-13  Iter-150/706	loss 0.0248 (0.0722)	accu 1.000 (0.969)	
Train Epoch-13  Iter-175/706	loss 0.0019 (0.0687)	accu 1.000 (0.971)	
Train Epoch-13  Iter-200/706	loss 0.0033 (0.0698)	accu 1.000 (0.971)	
Train Epoch-13  Iter-225/706	loss 0.0279 (0.0691)	accu 1.000 (0.972)	
Train Epoch-13  Iter-250/706	loss 0.0284 (0.0679)	accu 1.000 (0.973)	
Train Epoch-13  Iter-275/706	loss 0.0085 (0.0663)	accu 1.000 (0.973)	
Train Epoch-13  Iter-300/706	loss 0.0796 (0.0675)	accu 1.000 (0.973)	
Train Epoch-13  Iter-325/706	loss 0.0044 (0.0672)	accu 1.000 (0.973)	
Train Epoch-13  Iter-350/706	loss 0.0161 (0.0688)	accu 1.000 (0.973)	
Train Epoch-13  Iter-375/706	loss 0.0254 (0.0683)	accu 1.000 (0.973)	
Train Epoch-13  Iter-400/706	loss 0.0058 (0.0713)	accu 1.000 (0.972)	
Train Epoch-13  Iter-425/706	loss 0.0118 (0.0705)	accu 1.000 (0.973)	
Train Epoch-13  Iter-450/706	loss 0.0019 (0.0700)	accu 1.000 (0.973)	
Train Epoch-13  Iter-475/706	loss 0.1958 (0.0691)	accu 0.875 (0.973)	
Train Epoch-13  Iter-500/706	loss 0.0384 (0.0690)	accu 1.000 (0.974)	
Train Epoch-13  Iter-525/706	loss 0.1403 (0.0706)	accu 1.000 (0.973)	
Train Epoch-13  Iter-550/706	loss 0.3885 (0.0704)	accu 0.875 (0.973)	
Train Epoch-13  Iter-575/706	loss 0.1027 (0.0710)	accu 1.000 (0.973)	
Train Epoch-13  Iter-600/706	loss 0.0998 (0.0706)	accu 1.000 (0.973)	
Train Epoch-13  Iter-625/706	loss 0.0240 (0.0698)	accu 1.000 (0.973)	
Train Epoch-13  Iter-650/706	loss 0.0020 (0.0712)	accu 1.000 (0.973)	
Train Epoch-13  Iter-675/706	loss 0.0484 (0.0714)	accu 1.000 (0.972)	
Train Epoch-13  Iter-700/706	loss 0.0008 (0.0708)	accu 1.000 (0.973)	
Eval Epoch-13  Iter-0  /52 	loss 0.4583 (0.4583)	accu 0.750 (0.750)	
Eval Epoch-13  Iter-25 /52 	loss 0.0007 (0.6217)	accu 1.000 (0.788)	
Eval Epoch-13  Iter-50 /52 	loss 1.7009 (0.8888)	accu 0.500 (0.750)	
Epoch-13  Train: loss 0.0703	accu 0.9729	Eval: loss 0.9073	accu 0.7452
Train Epoch-14  Iter-0  /706	loss 0.0028 (0.0028)	accu 1.000 (1.000)	
Train Epoch-14  Iter-25 /706	loss 0.0028 (0.0820)	accu 1.000 (0.971)	
Train Epoch-14  Iter-50 /706	loss 0.0217 (0.0672)	accu 1.000 (0.978)	
Train Epoch-14  Iter-75 /706	loss 0.0103 (0.0730)	accu 1.000 (0.972)	
Train Epoch-14  Iter-100/706	loss 0.0008 (0.0732)	accu 1.000 (0.972)	
Train Epoch-14  Iter-125/706	loss 0.0078 (0.0698)	accu 1.000 (0.972)	
Train Epoch-14  Iter-150/706	loss 0.0648 (0.0707)	accu 1.000 (0.973)	
Train Epoch-14  Iter-175/706	loss 0.0044 (0.0647)	accu 1.000 (0.975)	
Train Epoch-14  Iter-200/706	loss 0.0035 (0.0623)	accu 1.000 (0.976)	
Train Epoch-14  Iter-225/706	loss 0.0869 (0.0603)	accu 1.000 (0.976)	
Train Epoch-14  Iter-250/706	loss 0.0013 (0.0580)	accu 1.000 (0.977)	
Train Epoch-14  Iter-275/706	loss 0.0044 (0.0552)	accu 1.000 (0.978)	
Train Epoch-14  Iter-300/706	loss 0.0008 (0.0593)	accu 1.000 (0.976)	
Train Epoch-14  Iter-325/706	loss 0.0017 (0.0611)	accu 1.000 (0.976)	
Train Epoch-14  Iter-350/706	loss 0.0015 (0.0605)	accu 1.000 (0.977)	
Train Epoch-14  Iter-375/706	loss 0.1940 (0.0624)	accu 0.875 (0.976)	
Train Epoch-14  Iter-400/706	loss 0.0006 (0.0610)	accu 1.000 (0.977)	
Train Epoch-14  Iter-425/706	loss 0.0064 (0.0624)	accu 1.000 (0.977)	
Train Epoch-14  Iter-450/706	loss 0.0158 (0.0629)	accu 1.000 (0.976)	
Train Epoch-14  Iter-475/706	loss 0.3107 (0.0617)	accu 0.750 (0.977)	
Train Epoch-14  Iter-500/706	loss 0.3684 (0.0640)	accu 0.875 (0.976)	
Train Epoch-14  Iter-525/706	loss 0.0596 (0.0647)	accu 1.000 (0.976)	
Train Epoch-14  Iter-550/706	loss 0.1176 (0.0664)	accu 0.875 (0.975)	
Train Epoch-14  Iter-575/706	loss 0.0013 (0.0668)	accu 1.000 (0.975)	
Train Epoch-14  Iter-600/706	loss 0.0244 (0.0659)	accu 1.000 (0.975)	
Train Epoch-14  Iter-625/706	loss 0.0188 (0.0657)	accu 1.000 (0.976)	
Train Epoch-14  Iter-650/706	loss 0.0063 (0.0665)	accu 1.000 (0.975)	
Train Epoch-14  Iter-675/706	loss 0.0480 (0.0667)	accu 1.000 (0.976)	
Train Epoch-14  Iter-700/706	loss 0.0281 (0.0661)	accu 1.000 (0.975)	
Eval Epoch-14  Iter-0  /52 	loss 0.6079 (0.6079)	accu 0.750 (0.750)	
Eval Epoch-14  Iter-25 /52 	loss 0.0004 (0.6188)	accu 1.000 (0.784)	
Eval Epoch-14  Iter-50 /52 	loss 1.8857 (0.9710)	accu 0.500 (0.752)	
Epoch-14  Train: loss 0.0658	accu 0.9756	Eval: loss 0.9950	accu 0.7476
Train Epoch-15  Iter-0  /706	loss 0.0151 (0.0151)	accu 1.000 (1.000)	
Train Epoch-15  Iter-25 /706	loss 0.0052 (0.0568)	accu 1.000 (0.990)	
Train Epoch-15  Iter-50 /706	loss 0.0032 (0.0643)	accu 1.000 (0.980)	
Train Epoch-15  Iter-75 /706	loss 0.0805 (0.0579)	accu 1.000 (0.984)	
Train Epoch-15  Iter-100/706	loss 0.0925 (0.0605)	accu 0.875 (0.980)	
Train Epoch-15  Iter-125/706	loss 0.0312 (0.0664)	accu 1.000 (0.975)	
Train Epoch-15  Iter-150/706	loss 0.3764 (0.0667)	accu 0.750 (0.976)	
Train Epoch-15  Iter-175/706	loss 0.0014 (0.0622)	accu 1.000 (0.978)	
Train Epoch-15  Iter-200/706	loss 0.0006 (0.0607)	accu 1.000 (0.978)	
Train Epoch-15  Iter-225/706	loss 0.0260 (0.0633)	accu 1.000 (0.977)	
Train Epoch-15  Iter-250/706	loss 0.1325 (0.0614)	accu 0.875 (0.978)	
Train Epoch-15  Iter-275/706	loss 0.0069 (0.0600)	accu 1.000 (0.978)	
Train Epoch-15  Iter-300/706	loss 0.0017 (0.0599)	accu 1.000 (0.977)	
Train Epoch-15  Iter-325/706	loss 0.0008 (0.0587)	accu 1.000 (0.977)	
Train Epoch-15  Iter-350/706	loss 0.0443 (0.0571)	accu 1.000 (0.978)	
Train Epoch-15  Iter-375/706	loss 0.0058 (0.0562)	accu 1.000 (0.978)	
Train Epoch-15  Iter-400/706	loss 0.0017 (0.0555)	accu 1.000 (0.978)	
Train Epoch-15  Iter-425/706	loss 0.0102 (0.0545)	accu 1.000 (0.979)	
Train Epoch-15  Iter-450/706	loss 0.0345 (0.0531)	accu 1.000 (0.979)	
Train Epoch-15  Iter-475/706	loss 0.0006 (0.0537)	accu 1.000 (0.979)	
Train Epoch-15  Iter-500/706	loss 0.2016 (0.0550)	accu 0.875 (0.979)	
Train Epoch-15  Iter-525/706	loss 0.0055 (0.0552)	accu 1.000 (0.978)	
Train Epoch-15  Iter-550/706	loss 0.0444 (0.0570)	accu 1.000 (0.978)	
Train Epoch-15  Iter-575/706	loss 0.1134 (0.0576)	accu 0.875 (0.978)	
Train Epoch-15  Iter-600/706	loss 0.0194 (0.0581)	accu 1.000 (0.977)	
Train Epoch-15  Iter-625/706	loss 0.4946 (0.0605)	accu 0.875 (0.976)	
Train Epoch-15  Iter-650/706	loss 0.0250 (0.0605)	accu 1.000 (0.977)	
Train Epoch-15  Iter-675/706	loss 0.0449 (0.0606)	accu 1.000 (0.977)	
Train Epoch-15  Iter-700/706	loss 0.0217 (0.0606)	accu 1.000 (0.976)	
Eval Epoch-15  Iter-0  /52 	loss 0.8568 (0.8568)	accu 0.750 (0.750)	
Eval Epoch-15  Iter-25 /52 	loss 0.0003 (0.6282)	accu 1.000 (0.808)	
Eval Epoch-15  Iter-50 /52 	loss 1.6178 (0.9829)	accu 0.500 (0.755)	
Epoch-15  Train: loss 0.0609	accu 0.9763	Eval: loss 1.0090	accu 0.7500
Epoch    16: reducing learning rate of group 0 to 3.0000e-06.
Train Epoch-16  Iter-0  /706	loss 0.0009 (0.0009)	accu 1.000 (1.000)	
Train Epoch-16  Iter-25 /706	loss 0.0161 (0.0499)	accu 1.000 (0.986)	
Train Epoch-16  Iter-50 /706	loss 0.0083 (0.0580)	accu 1.000 (0.978)	
Train Epoch-16  Iter-75 /706	loss 0.0260 (0.0900)	accu 1.000 (0.970)	
Train Epoch-16  Iter-100/706	loss 0.0011 (0.0805)	accu 1.000 (0.975)	
Train Epoch-16  Iter-125/706	loss 0.0016 (0.0765)	accu 1.000 (0.976)	
Train Epoch-16  Iter-150/706	loss 0.0079 (0.0698)	accu 1.000 (0.978)	
Train Epoch-16  Iter-175/706	loss 0.0043 (0.0668)	accu 1.000 (0.979)	
Train Epoch-16  Iter-200/706	loss 0.0006 (0.0652)	accu 1.000 (0.978)	
Train Epoch-16  Iter-225/706	loss 0.0050 (0.0687)	accu 1.000 (0.976)	
Train Epoch-16  Iter-250/706	loss 0.0320 (0.0660)	accu 1.000 (0.977)	
Train Epoch-16  Iter-275/706	loss 0.0350 (0.0673)	accu 1.000 (0.976)	
Train Epoch-16  Iter-300/706	loss 0.0030 (0.0678)	accu 1.000 (0.975)	
Train Epoch-16  Iter-325/706	loss 0.1422 (0.0680)	accu 0.875 (0.975)	
Train Epoch-16  Iter-350/706	loss 0.0011 (0.0676)	accu 1.000 (0.976)	
Train Epoch-16  Iter-375/706	loss 0.0112 (0.0661)	accu 1.000 (0.976)	
Train Epoch-16  Iter-400/706	loss 0.1212 (0.0655)	accu 0.875 (0.976)	
Train Epoch-16  Iter-425/706	loss 0.0072 (0.0645)	accu 1.000 (0.977)	
Train Epoch-16  Iter-450/706	loss 0.0067 (0.0636)	accu 1.000 (0.977)	
Train Epoch-16  Iter-475/706	loss 0.3035 (0.0635)	accu 0.875 (0.977)	
Train Epoch-16  Iter-500/706	loss 0.0080 (0.0629)	accu 1.000 (0.977)	
Train Epoch-16  Iter-525/706	loss 0.0519 (0.0638)	accu 1.000 (0.976)	
Train Epoch-16  Iter-550/706	loss 0.0113 (0.0648)	accu 1.000 (0.976)	
Train Epoch-16  Iter-575/706	loss 0.0883 (0.0631)	accu 0.875 (0.977)	
Train Epoch-16  Iter-600/706	loss 0.0392 (0.0617)	accu 1.000 (0.977)	
Train Epoch-16  Iter-625/706	loss 0.1062 (0.0630)	accu 0.875 (0.977)	
Train Epoch-16  Iter-650/706	loss 0.3668 (0.0626)	accu 0.875 (0.977)	
Train Epoch-16  Iter-675/706	loss 0.0564 (0.0624)	accu 1.000 (0.977)	
Train Epoch-16  Iter-700/706	loss 0.0380 (0.0618)	accu 1.000 (0.978)	
Eval Epoch-16  Iter-0  /52 	loss 1.0487 (1.0487)	accu 0.750 (0.750)	
Eval Epoch-16  Iter-25 /52 	loss 0.0003 (0.7545)	accu 1.000 (0.769)	
Eval Epoch-16  Iter-50 /52 	loss 1.2648 (1.0154)	accu 0.625 (0.748)	
Epoch-16  Train: loss 0.0614	accu 0.9779	Eval: loss 1.0381	accu 0.7428
Train Epoch-17  Iter-0  /706	loss 0.0682 (0.0682)	accu 1.000 (1.000)	
Train Epoch-17  Iter-25 /706	loss 0.0036 (0.0306)	accu 1.000 (0.990)	
Train Epoch-17  Iter-50 /706	loss 0.0004 (0.0385)	accu 1.000 (0.988)	
Train Epoch-17  Iter-75 /706	loss 0.0070 (0.0396)	accu 1.000 (0.987)	
Train Epoch-17  Iter-100/706	loss 0.4831 (0.0545)	accu 0.875 (0.981)	
Train Epoch-17  Iter-125/706	loss 0.0018 (0.0588)	accu 1.000 (0.981)	
Train Epoch-17  Iter-150/706	loss 0.0434 (0.0602)	accu 1.000 (0.978)	
Train Epoch-17  Iter-175/706	loss 0.0517 (0.0609)	accu 1.000 (0.978)	
Train Epoch-17  Iter-200/706	loss 0.0527 (0.0620)	accu 1.000 (0.978)	
Train Epoch-17  Iter-225/706	loss 0.0020 (0.0675)	accu 1.000 (0.977)	
Train Epoch-17  Iter-250/706	loss 0.0022 (0.0677)	accu 1.000 (0.976)	
Train Epoch-17  Iter-275/706	loss 0.1475 (0.0666)	accu 0.875 (0.976)	
Train Epoch-17  Iter-300/706	loss 0.0549 (0.0641)	accu 1.000 (0.977)	
Train Epoch-17  Iter-325/706	loss 0.0413 (0.0639)	accu 1.000 (0.977)	
Train Epoch-17  Iter-350/706	loss 0.0010 (0.0664)	accu 1.000 (0.977)	
Train Epoch-17  Iter-375/706	loss 0.0847 (0.0648)	accu 1.000 (0.978)	
Train Epoch-17  Iter-400/706	loss 0.0233 (0.0634)	accu 1.000 (0.978)	
Train Epoch-17  Iter-425/706	loss 0.0475 (0.0622)	accu 1.000 (0.979)	
Train Epoch-17  Iter-450/706	loss 0.0501 (0.0637)	accu 1.000 (0.979)	
Train Epoch-17  Iter-475/706	loss 0.0017 (0.0620)	accu 1.000 (0.979)	
Train Epoch-17  Iter-500/706	loss 0.0337 (0.0628)	accu 1.000 (0.979)	
Train Epoch-17  Iter-525/706	loss 0.0007 (0.0624)	accu 1.000 (0.979)	
Train Epoch-17  Iter-550/706	loss 0.0033 (0.0614)	accu 1.000 (0.979)	
Train Epoch-17  Iter-575/706	loss 0.4721 (0.0620)	accu 0.750 (0.979)	
Train Epoch-17  Iter-600/706	loss 0.0225 (0.0614)	accu 1.000 (0.978)	
Train Epoch-17  Iter-625/706	loss 0.0978 (0.0608)	accu 1.000 (0.979)	
Train Epoch-17  Iter-650/706	loss 0.0107 (0.0616)	accu 1.000 (0.978)	
Train Epoch-17  Iter-675/706	loss 0.0016 (0.0603)	accu 1.000 (0.979)	
Train Epoch-17  Iter-700/706	loss 0.0007 (0.0609)	accu 1.000 (0.979)	
Eval Epoch-17  Iter-0  /52 	loss 1.0417 (1.0417)	accu 0.750 (0.750)	
Eval Epoch-17  Iter-25 /52 	loss 0.0003 (0.7239)	accu 1.000 (0.779)	
Eval Epoch-17  Iter-50 /52 	loss 1.3374 (1.0049)	accu 0.625 (0.752)	
Epoch-17  Train: loss 0.0607	accu 0.9789	Eval: loss 1.0291	accu 0.7476
Train Epoch-18  Iter-0  /706	loss 0.0030 (0.0030)	accu 1.000 (1.000)	
Train Epoch-18  Iter-25 /706	loss 0.0853 (0.0748)	accu 1.000 (0.966)	
Train Epoch-18  Iter-50 /706	loss 0.0173 (0.0647)	accu 1.000 (0.975)	
Train Epoch-18  Iter-75 /706	loss 0.1504 (0.0607)	accu 0.875 (0.977)	
Train Epoch-18  Iter-100/706	loss 0.0550 (0.0572)	accu 1.000 (0.979)	
Train Epoch-18  Iter-125/706	loss 0.0008 (0.0589)	accu 1.000 (0.981)	
Train Epoch-18  Iter-150/706	loss 0.0148 (0.0585)	accu 1.000 (0.980)	
Train Epoch-18  Iter-175/706	loss 0.0029 (0.0651)	accu 1.000 (0.977)	
Train Epoch-18  Iter-200/706	loss 0.0007 (0.0643)	accu 1.000 (0.976)	
Train Epoch-18  Iter-225/706	loss 0.0242 (0.0631)	accu 1.000 (0.976)	
Train Epoch-18  Iter-250/706	loss 0.0064 (0.0584)	accu 1.000 (0.979)	
Train Epoch-18  Iter-275/706	loss 0.0115 (0.0596)	accu 1.000 (0.978)	
Train Epoch-18  Iter-300/706	loss 0.0203 (0.0609)	accu 1.000 (0.978)	
Train Epoch-18  Iter-325/706	loss 0.0012 (0.0609)	accu 1.000 (0.978)	
Train Epoch-18  Iter-350/706	loss 0.0090 (0.0602)	accu 1.000 (0.979)	
Train Epoch-18  Iter-375/706	loss 0.0567 (0.0633)	accu 1.000 (0.978)	
Train Epoch-18  Iter-400/706	loss 0.0028 (0.0640)	accu 1.000 (0.978)	
Train Epoch-18  Iter-425/706	loss 0.0241 (0.0637)	accu 1.000 (0.978)	
Train Epoch-18  Iter-450/706	loss 0.0054 (0.0620)	accu 1.000 (0.978)	
Train Epoch-18  Iter-475/706	loss 0.0105 (0.0620)	accu 1.000 (0.979)	
Train Epoch-18  Iter-500/706	loss 0.0062 (0.0618)	accu 1.000 (0.979)	
Train Epoch-18  Iter-525/706	loss 0.0612 (0.0617)	accu 1.000 (0.979)	
Train Epoch-18  Iter-550/706	loss 0.0009 (0.0616)	accu 1.000 (0.979)	
Train Epoch-18  Iter-575/706	loss 0.0042 (0.0604)	accu 1.000 (0.979)	
Train Epoch-18  Iter-600/706	loss 0.0010 (0.0598)	accu 1.000 (0.979)	
Train Epoch-18  Iter-625/706	loss 0.0006 (0.0594)	accu 1.000 (0.980)	
Train Epoch-18  Iter-650/706	loss 0.0787 (0.0592)	accu 1.000 (0.979)	
Train Epoch-18  Iter-675/706	loss 0.0016 (0.0590)	accu 1.000 (0.979)	
Train Epoch-18  Iter-700/706	loss 0.0124 (0.0589)	accu 1.000 (0.979)	
Eval Epoch-18  Iter-0  /52 	loss 1.1126 (1.1126)	accu 0.750 (0.750)	
Eval Epoch-18  Iter-25 /52 	loss 0.0003 (0.7798)	accu 1.000 (0.769)	
Eval Epoch-18  Iter-50 /52 	loss 1.3276 (1.0345)	accu 0.625 (0.748)	
Epoch-18  Train: loss 0.0587	accu 0.9791	Eval: loss 1.0573	accu 0.7428
Train Epoch-19  Iter-0  /706	loss 0.0446 (0.0446)	accu 1.000 (1.000)	
Train Epoch-19  Iter-25 /706	loss 0.0013 (0.0706)	accu 1.000 (0.981)	
Train Epoch-19  Iter-50 /706	loss 0.0246 (0.0817)	accu 1.000 (0.975)	
Train Epoch-19  Iter-75 /706	loss 0.0087 (0.0692)	accu 1.000 (0.979)	
Train Epoch-19  Iter-100/706	loss 0.0237 (0.0703)	accu 1.000 (0.976)	
Train Epoch-19  Iter-125/706	loss 0.0005 (0.0665)	accu 1.000 (0.977)	
Train Epoch-19  Iter-150/706	loss 0.0023 (0.0690)	accu 1.000 (0.976)	
Train Epoch-19  Iter-175/706	loss 0.0142 (0.0661)	accu 1.000 (0.976)	
Train Epoch-19  Iter-200/706	loss 0.0128 (0.0657)	accu 1.000 (0.977)	
Train Epoch-19  Iter-225/706	loss 0.0955 (0.0651)	accu 1.000 (0.978)	
Train Epoch-19  Iter-250/706	loss 0.1805 (0.0624)	accu 0.875 (0.979)	
Train Epoch-19  Iter-275/706	loss 0.0457 (0.0591)	accu 1.000 (0.980)	
Train Epoch-19  Iter-300/706	loss 0.0580 (0.0628)	accu 1.000 (0.978)	
Train Epoch-19  Iter-325/706	loss 0.1977 (0.0609)	accu 0.875 (0.978)	
Train Epoch-19  Iter-350/706	loss 0.0250 (0.0611)	accu 1.000 (0.977)	
Train Epoch-19  Iter-375/706	loss 0.1609 (0.0627)	accu 0.875 (0.977)	
Train Epoch-19  Iter-400/706	loss 0.0638 (0.0625)	accu 1.000 (0.977)	
Train Epoch-19  Iter-425/706	loss 0.0149 (0.0616)	accu 1.000 (0.977)	
Train Epoch-19  Iter-450/706	loss 0.0012 (0.0617)	accu 1.000 (0.977)	
Train Epoch-19  Iter-475/706	loss 0.0005 (0.0601)	accu 1.000 (0.978)	
Train Epoch-19  Iter-500/706	loss 0.0027 (0.0602)	accu 1.000 (0.978)	
Train Epoch-19  Iter-525/706	loss 0.1249 (0.0610)	accu 0.875 (0.978)	
Train Epoch-19  Iter-550/706	loss 0.0009 (0.0601)	accu 1.000 (0.978)	
Train Epoch-19  Iter-575/706	loss 0.1515 (0.0593)	accu 0.875 (0.979)	
Train Epoch-19  Iter-600/706	loss 0.0022 (0.0591)	accu 1.000 (0.979)	
Train Epoch-19  Iter-625/706	loss 0.0219 (0.0591)	accu 1.000 (0.979)	
Train Epoch-19  Iter-650/706	loss 0.1252 (0.0592)	accu 1.000 (0.979)	
Train Epoch-19  Iter-675/706	loss 0.0103 (0.0584)	accu 1.000 (0.979)	
Train Epoch-19  Iter-700/706	loss 0.0636 (0.0597)	accu 1.000 (0.979)	
Eval Epoch-19  Iter-0  /52 	loss 1.0724 (1.0724)	accu 0.750 (0.750)	
Eval Epoch-19  Iter-25 /52 	loss 0.0003 (0.7605)	accu 1.000 (0.774)	
Eval Epoch-19  Iter-50 /52 	loss 1.3929 (1.0250)	accu 0.625 (0.752)	
Epoch-19  Train: loss 0.0599	accu 0.9789	Eval: loss 1.0484	accu 0.7476
Train Epoch-20  Iter-0  /706	loss 0.0891 (0.0891)	accu 1.000 (1.000)	
Train Epoch-20  Iter-25 /706	loss 0.0931 (0.0601)	accu 1.000 (0.976)	
Train Epoch-20  Iter-50 /706	loss 0.0006 (0.0713)	accu 1.000 (0.978)	
Train Epoch-20  Iter-75 /706	loss 0.0099 (0.0627)	accu 1.000 (0.980)	
Train Epoch-20  Iter-100/706	loss 0.0007 (0.0625)	accu 1.000 (0.979)	
Train Epoch-20  Iter-125/706	loss 0.0032 (0.0623)	accu 1.000 (0.979)	
Train Epoch-20  Iter-150/706	loss 0.0070 (0.0599)	accu 1.000 (0.979)	
Train Epoch-20  Iter-175/706	loss 0.0009 (0.0589)	accu 1.000 (0.979)	
Train Epoch-20  Iter-200/706	loss 0.0079 (0.0615)	accu 1.000 (0.978)	
Train Epoch-20  Iter-225/706	loss 0.0276 (0.0632)	accu 1.000 (0.978)	
Train Epoch-20  Iter-250/706	loss 0.0004 (0.0605)	accu 1.000 (0.979)	
Train Epoch-20  Iter-275/706	loss 0.3969 (0.0600)	accu 0.875 (0.979)	
Train Epoch-20  Iter-300/706	loss 0.0596 (0.0573)	accu 1.000 (0.980)	
Train Epoch-20  Iter-325/706	loss 0.0060 (0.0586)	accu 1.000 (0.979)	
Train Epoch-20  Iter-350/706	loss 0.0055 (0.0586)	accu 1.000 (0.979)	
Train Epoch-20  Iter-375/706	loss 0.0057 (0.0576)	accu 1.000 (0.980)	
Train Epoch-20  Iter-400/706	loss 0.0024 (0.0581)	accu 1.000 (0.979)	
Train Epoch-20  Iter-425/706	loss 0.0007 (0.0581)	accu 1.000 (0.979)	
Train Epoch-20  Iter-450/706	loss 0.0017 (0.0590)	accu 1.000 (0.978)	
Train Epoch-20  Iter-475/706	loss 0.2712 (0.0612)	accu 0.875 (0.977)	
Train Epoch-20  Iter-500/706	loss 0.0006 (0.0634)	accu 1.000 (0.976)	
Train Epoch-20  Iter-525/706	loss 0.0576 (0.0623)	accu 1.000 (0.977)	
Train Epoch-20  Iter-550/706	loss 0.0012 (0.0610)	accu 1.000 (0.977)	
Train Epoch-20  Iter-575/706	loss 0.0287 (0.0608)	accu 1.000 (0.977)	
Train Epoch-20  Iter-600/706	loss 0.2877 (0.0604)	accu 0.875 (0.977)	
Train Epoch-20  Iter-625/706	loss 0.0203 (0.0588)	accu 1.000 (0.978)	
Train Epoch-20  Iter-650/706	loss 0.3269 (0.0582)	accu 0.875 (0.978)	
Train Epoch-20  Iter-675/706	loss 0.0008 (0.0575)	accu 1.000 (0.979)	
Train Epoch-20  Iter-700/706	loss 0.0607 (0.0568)	accu 1.000 (0.979)	
Eval Epoch-20  Iter-0  /52 	loss 1.0788 (1.0788)	accu 0.750 (0.750)	
Eval Epoch-20  Iter-25 /52 	loss 0.0003 (0.7704)	accu 1.000 (0.769)	
Eval Epoch-20  Iter-50 /52 	loss 1.3508 (1.0297)	accu 0.625 (0.748)	
Epoch-20  Train: loss 0.0574	accu 0.9786	Eval: loss 1.0526	accu 0.7428
Train Epoch-21  Iter-0  /706	loss 0.0666 (0.0666)	accu 1.000 (1.000)	
Train Epoch-21  Iter-25 /706	loss 0.1066 (0.0319)	accu 0.875 (0.990)	
Train Epoch-21  Iter-50 /706	loss 0.0131 (0.0255)	accu 1.000 (0.993)	
Train Epoch-21  Iter-75 /706	loss 0.0131 (0.0326)	accu 1.000 (0.987)	
Train Epoch-21  Iter-100/706	loss 0.3025 (0.0426)	accu 0.875 (0.983)	
Train Epoch-21  Iter-125/706	loss 0.0010 (0.0500)	accu 1.000 (0.979)	
Train Epoch-21  Iter-150/706	loss 0.0223 (0.0486)	accu 1.000 (0.980)	
Train Epoch-21  Iter-175/706	loss 0.0026 (0.0478)	accu 1.000 (0.981)	
Train Epoch-21  Iter-200/706	loss 0.0845 (0.0553)	accu 1.000 (0.978)	
Train Epoch-21  Iter-225/706	loss 0.0280 (0.0576)	accu 1.000 (0.976)	
Train Epoch-21  Iter-250/706	loss 0.0465 (0.0619)	accu 1.000 (0.975)	
Train Epoch-21  Iter-275/706	loss 0.0209 (0.0587)	accu 1.000 (0.976)	
Train Epoch-21  Iter-300/706	loss 0.0031 (0.0589)	accu 1.000 (0.976)	
Train Epoch-21  Iter-325/706	loss 0.1190 (0.0608)	accu 1.000 (0.975)	
Train Epoch-21  Iter-350/706	loss 0.0114 (0.0582)	accu 1.000 (0.976)	
Train Epoch-21  Iter-375/706	loss 0.0103 (0.0614)	accu 1.000 (0.976)	
Train Epoch-21  Iter-400/706	loss 0.0177 (0.0612)	accu 1.000 (0.975)	
Train Epoch-21  Iter-425/706	loss 0.0035 (0.0632)	accu 1.000 (0.974)	
Train Epoch-21  Iter-450/706	loss 0.2849 (0.0633)	accu 0.875 (0.975)	
Train Epoch-21  Iter-475/706	loss 0.0066 (0.0623)	accu 1.000 (0.975)	
Train Epoch-21  Iter-500/706	loss 0.0004 (0.0607)	accu 1.000 (0.976)	
Train Epoch-21  Iter-525/706	loss 0.0103 (0.0587)	accu 1.000 (0.977)	
Train Epoch-21  Iter-550/706	loss 0.0038 (0.0585)	accu 1.000 (0.977)	
Train Epoch-21  Iter-575/706	loss 0.0015 (0.0584)	accu 1.000 (0.977)	
Train Epoch-21  Iter-600/706	loss 0.0728 (0.0583)	accu 1.000 (0.977)	
Train Epoch-21  Iter-625/706	loss 0.3028 (0.0590)	accu 0.875 (0.977)	
Train Epoch-21  Iter-650/706	loss 0.0013 (0.0583)	accu 1.000 (0.978)	
Train Epoch-21  Iter-675/706	loss 0.0359 (0.0579)	accu 1.000 (0.978)	
Train Epoch-21  Iter-700/706	loss 0.0098 (0.0584)	accu 1.000 (0.978)	
Eval Epoch-21  Iter-0  /52 	loss 1.1034 (1.1034)	accu 0.750 (0.750)	
Eval Epoch-21  Iter-25 /52 	loss 0.0003 (0.7737)	accu 1.000 (0.774)	
Eval Epoch-21  Iter-50 /52 	loss 1.3647 (1.0371)	accu 0.625 (0.752)	
Epoch-21  Train: loss 0.0583	accu 0.9780	Eval: loss 1.0602	accu 0.7476
Epoch    22: reducing learning rate of group 0 to 3.0000e-07.
Train Epoch-22  Iter-0  /706	loss 0.0281 (0.0281)	accu 1.000 (1.000)	
Train Epoch-22  Iter-25 /706	loss 0.0108 (0.0544)	accu 1.000 (0.976)	
Train Epoch-22  Iter-50 /706	loss 0.0523 (0.0503)	accu 1.000 (0.980)	
Train Epoch-22  Iter-75 /706	loss 0.0244 (0.0491)	accu 1.000 (0.984)	
Train Epoch-22  Iter-100/706	loss 0.0003 (0.0489)	accu 1.000 (0.984)	
Train Epoch-22  Iter-125/706	loss 0.0026 (0.0505)	accu 1.000 (0.983)	
Train Epoch-22  Iter-150/706	loss 0.3317 (0.0554)	accu 0.875 (0.982)	
Train Epoch-22  Iter-175/706	loss 0.0004 (0.0608)	accu 1.000 (0.980)	
Train Epoch-22  Iter-200/706	loss 0.2299 (0.0598)	accu 0.875 (0.980)	
Train Epoch-22  Iter-225/706	loss 0.0973 (0.0608)	accu 0.875 (0.980)	
Train Epoch-22  Iter-250/706	loss 0.0007 (0.0575)	accu 1.000 (0.981)	
Train Epoch-22  Iter-275/706	loss 0.0474 (0.0578)	accu 1.000 (0.981)	
Train Epoch-22  Iter-300/706	loss 0.1339 (0.0591)	accu 1.000 (0.981)	
Train Epoch-22  Iter-325/706	loss 0.0021 (0.0610)	accu 1.000 (0.980)	
Train Epoch-22  Iter-350/706	loss 0.5586 (0.0606)	accu 0.875 (0.980)	
Train Epoch-22  Iter-375/706	loss 0.0011 (0.0639)	accu 1.000 (0.980)	
Train Epoch-22  Iter-400/706	loss 0.0454 (0.0630)	accu 1.000 (0.980)	
Train Epoch-22  Iter-425/706	loss 0.0005 (0.0620)	accu 1.000 (0.981)	
Train Epoch-22  Iter-450/706	loss 0.1736 (0.0655)	accu 0.875 (0.978)	
Train Epoch-22  Iter-475/706	loss 0.0118 (0.0650)	accu 1.000 (0.979)	
Train Epoch-22  Iter-500/706	loss 0.0070 (0.0638)	accu 1.000 (0.980)	
Train Epoch-22  Iter-525/706	loss 0.1274 (0.0630)	accu 0.875 (0.980)	
Train Epoch-22  Iter-550/706	loss 0.5898 (0.0631)	accu 0.750 (0.979)	
Train Epoch-22  Iter-575/706	loss 0.0320 (0.0632)	accu 1.000 (0.979)	
Train Epoch-22  Iter-600/706	loss 0.0111 (0.0636)	accu 1.000 (0.979)	
Train Epoch-22  Iter-625/706	loss 0.0202 (0.0631)	accu 1.000 (0.979)	
Train Epoch-22  Iter-650/706	loss 0.0090 (0.0617)	accu 1.000 (0.979)	
Train Epoch-22  Iter-675/706	loss 0.0012 (0.0608)	accu 1.000 (0.980)	
Train Epoch-22  Iter-700/706	loss 0.0018 (0.0611)	accu 1.000 (0.979)	
Eval Epoch-22  Iter-0  /52 	loss 1.1011 (1.1011)	accu 0.750 (0.750)	
Eval Epoch-22  Iter-25 /52 	loss 0.0003 (0.7792)	accu 1.000 (0.774)	
Eval Epoch-22  Iter-50 /52 	loss 1.3564 (1.0390)	accu 0.625 (0.752)	
Epoch-22  Train: loss 0.0610	accu 0.9791	Eval: loss 1.0619	accu 0.7476
Train Epoch-23  Iter-0  /706	loss 0.0181 (0.0181)	accu 1.000 (1.000)	
Train Epoch-23  Iter-25 /706	loss 0.0012 (0.0971)	accu 1.000 (0.966)	
Train Epoch-23  Iter-50 /706	loss 0.0088 (0.0953)	accu 1.000 (0.971)	
Train Epoch-23  Iter-75 /706	loss 0.0157 (0.0762)	accu 1.000 (0.977)	
Train Epoch-23  Iter-100/706	loss 0.0148 (0.0708)	accu 1.000 (0.975)	
Train Epoch-23  Iter-125/706	loss 0.3454 (0.0641)	accu 0.875 (0.977)	
Train Epoch-23  Iter-150/706	loss 0.1932 (0.0637)	accu 0.875 (0.976)	
Train Epoch-23  Iter-175/706	loss 0.0407 (0.0631)	accu 1.000 (0.977)	
Train Epoch-23  Iter-200/706	loss 0.0006 (0.0583)	accu 1.000 (0.978)	
Train Epoch-23  Iter-225/706	loss 0.0405 (0.0568)	accu 1.000 (0.980)	
Train Epoch-23  Iter-250/706	loss 0.0008 (0.0556)	accu 1.000 (0.980)	
Train Epoch-23  Iter-275/706	loss 0.0194 (0.0535)	accu 1.000 (0.981)	
Train Epoch-23  Iter-300/706	loss 0.0319 (0.0530)	accu 1.000 (0.980)	
Train Epoch-23  Iter-325/706	loss 0.0031 (0.0553)	accu 1.000 (0.979)	
Train Epoch-23  Iter-350/706	loss 0.0584 (0.0557)	accu 1.000 (0.979)	
Train Epoch-23  Iter-375/706	loss 0.0011 (0.0550)	accu 1.000 (0.979)	
Train Epoch-23  Iter-400/706	loss 0.0597 (0.0537)	accu 1.000 (0.979)	
Train Epoch-23  Iter-425/706	loss 0.0558 (0.0546)	accu 1.000 (0.979)	
Train Epoch-23  Iter-450/706	loss 0.0014 (0.0535)	accu 1.000 (0.980)	
Train Epoch-23  Iter-475/706	loss 0.0879 (0.0549)	accu 0.875 (0.979)	
Train Epoch-23  Iter-500/706	loss 0.0010 (0.0545)	accu 1.000 (0.979)	
Train Epoch-23  Iter-525/706	loss 0.0012 (0.0529)	accu 1.000 (0.980)	
Train Epoch-23  Iter-550/706	loss 0.0010 (0.0531)	accu 1.000 (0.979)	
Train Epoch-23  Iter-575/706	loss 0.0028 (0.0530)	accu 1.000 (0.980)	
Train Epoch-23  Iter-600/706	loss 0.0039 (0.0538)	accu 1.000 (0.979)	
Train Epoch-23  Iter-625/706	loss 0.0020 (0.0536)	accu 1.000 (0.979)	
Train Epoch-23  Iter-650/706	loss 0.0020 (0.0539)	accu 1.000 (0.979)	
Train Epoch-23  Iter-675/706	loss 0.0009 (0.0543)	accu 1.000 (0.979)	
Train Epoch-23  Iter-700/706	loss 0.1833 (0.0551)	accu 0.875 (0.978)	
Eval Epoch-23  Iter-0  /52 	loss 1.1021 (1.1021)	accu 0.750 (0.750)	
Eval Epoch-23  Iter-25 /52 	loss 0.0003 (0.7785)	accu 1.000 (0.774)	
Eval Epoch-23  Iter-50 /52 	loss 1.3616 (1.0392)	accu 0.625 (0.752)	
Epoch-23  Train: loss 0.0549	accu 0.9786	Eval: loss 1.0622	accu 0.7476
Train Epoch-24  Iter-0  /706	loss 0.0482 (0.0482)	accu 1.000 (1.000)	
Train Epoch-24  Iter-25 /706	loss 0.0084 (0.0331)	accu 1.000 (0.981)	
Train Epoch-24  Iter-50 /706	loss 0.0025 (0.0414)	accu 1.000 (0.978)	
Train Epoch-24  Iter-75 /706	loss 0.0080 (0.0364)	accu 1.000 (0.982)	
Train Epoch-24  Iter-100/706	loss 0.1736 (0.0362)	accu 0.875 (0.981)	
Train Epoch-24  Iter-125/706	loss 0.3768 (0.0386)	accu 0.875 (0.982)	
Train Epoch-24  Iter-150/706	loss 0.0022 (0.0427)	accu 1.000 (0.982)	
Train Epoch-24  Iter-175/706	loss 0.0007 (0.0475)	accu 1.000 (0.982)	
Train Epoch-24  Iter-200/706	loss 0.1292 (0.0523)	accu 0.875 (0.979)	
Train Epoch-24  Iter-225/706	loss 0.0065 (0.0508)	accu 1.000 (0.981)	
Train Epoch-24  Iter-250/706	loss 0.0778 (0.0520)	accu 1.000 (0.981)	
Train Epoch-24  Iter-275/706	loss 0.0169 (0.0549)	accu 1.000 (0.981)	
Train Epoch-24  Iter-300/706	loss 0.0097 (0.0561)	accu 1.000 (0.980)	
Train Epoch-24  Iter-325/706	loss 0.0333 (0.0546)	accu 1.000 (0.981)	
Train Epoch-24  Iter-350/706	loss 0.0018 (0.0541)	accu 1.000 (0.981)	
Train Epoch-24  Iter-375/706	loss 0.0574 (0.0554)	accu 1.000 (0.981)	
Train Epoch-24  Iter-400/706	loss 0.0399 (0.0554)	accu 1.000 (0.980)	
Train Epoch-24  Iter-425/706	loss 0.0068 (0.0564)	accu 1.000 (0.980)	
Train Epoch-24  Iter-450/706	loss 0.0004 (0.0544)	accu 1.000 (0.981)	
Train Epoch-24  Iter-475/706	loss 0.0010 (0.0549)	accu 1.000 (0.981)	
Train Epoch-24  Iter-500/706	loss 0.0128 (0.0556)	accu 1.000 (0.980)	
Train Epoch-24  Iter-525/706	loss 0.0019 (0.0566)	accu 1.000 (0.980)	
Train Epoch-24  Iter-550/706	loss 0.0058 (0.0560)	accu 1.000 (0.980)	
Train Epoch-24  Iter-575/706	loss 0.0032 (0.0551)	accu 1.000 (0.980)	
Train Epoch-24  Iter-600/706	loss 0.0732 (0.0553)	accu 1.000 (0.981)	
Train Epoch-24  Iter-625/706	loss 0.0021 (0.0570)	accu 1.000 (0.980)	
Train Epoch-24  Iter-650/706	loss 0.3762 (0.0582)	accu 0.750 (0.979)	
Train Epoch-24  Iter-675/706	loss 0.0010 (0.0582)	accu 1.000 (0.979)	
Train Epoch-24  Iter-700/706	loss 0.0841 (0.0584)	accu 1.000 (0.979)	
Eval Epoch-24  Iter-0  /52 	loss 1.0997 (1.0997)	accu 0.750 (0.750)	
Eval Epoch-24  Iter-25 /52 	loss 0.0003 (0.7786)	accu 1.000 (0.774)	
Eval Epoch-24  Iter-50 /52 	loss 1.3497 (1.0382)	accu 0.625 (0.750)	
Epoch-24  Train: loss 0.0581	accu 0.9796	Eval: loss 1.0611	accu 0.7452
Train Epoch-25  Iter-0  /706	loss 0.0006 (0.0006)	accu 1.000 (1.000)	
Train Epoch-25  Iter-25 /706	loss 0.0072 (0.1135)	accu 1.000 (0.966)	
Train Epoch-25  Iter-50 /706	loss 0.0907 (0.0774)	accu 1.000 (0.978)	
Train Epoch-25  Iter-75 /706	loss 0.0007 (0.0681)	accu 1.000 (0.977)	
Train Epoch-25  Iter-100/706	loss 0.1777 (0.0660)	accu 0.875 (0.975)	
Train Epoch-25  Iter-125/706	loss 0.0011 (0.0628)	accu 1.000 (0.976)	
Train Epoch-25  Iter-150/706	loss 0.0124 (0.0630)	accu 1.000 (0.978)	
Train Epoch-25  Iter-175/706	loss 0.0129 (0.0635)	accu 1.000 (0.979)	
Train Epoch-25  Iter-200/706	loss 0.0011 (0.0664)	accu 1.000 (0.978)	
Train Epoch-25  Iter-225/706	loss 0.0126 (0.0637)	accu 1.000 (0.978)	
Train Epoch-25  Iter-250/706	loss 0.4144 (0.0605)	accu 0.875 (0.980)	
Train Epoch-25  Iter-275/706	loss 0.0051 (0.0589)	accu 1.000 (0.981)	
Train Epoch-25  Iter-300/706	loss 0.0007 (0.0566)	accu 1.000 (0.982)	
Train Epoch-25  Iter-325/706	loss 0.1584 (0.0584)	accu 0.875 (0.980)	
Train Epoch-25  Iter-350/706	loss 0.0023 (0.0576)	accu 1.000 (0.980)	
Train Epoch-25  Iter-375/706	loss 0.0342 (0.0569)	accu 1.000 (0.980)	
Train Epoch-25  Iter-400/706	loss 0.0005 (0.0564)	accu 1.000 (0.980)	
Train Epoch-25  Iter-425/706	loss 0.0071 (0.0564)	accu 1.000 (0.979)	
Train Epoch-25  Iter-450/706	loss 0.0698 (0.0570)	accu 1.000 (0.979)	
Train Epoch-25  Iter-475/706	loss 0.0150 (0.0567)	accu 1.000 (0.979)	
Train Epoch-25  Iter-500/706	loss 0.0071 (0.0589)	accu 1.000 (0.979)	
Train Epoch-25  Iter-525/706	loss 0.0793 (0.0574)	accu 1.000 (0.979)	
Train Epoch-25  Iter-550/706	loss 0.2286 (0.0571)	accu 0.875 (0.979)	
Train Epoch-25  Iter-575/706	loss 0.0029 (0.0574)	accu 1.000 (0.979)	
Train Epoch-25  Iter-600/706	loss 0.0018 (0.0570)	accu 1.000 (0.979)	
Train Epoch-25  Iter-625/706	loss 0.0033 (0.0565)	accu 1.000 (0.980)	
Train Epoch-25  Iter-650/706	loss 0.1459 (0.0562)	accu 0.875 (0.979)	
Train Epoch-25  Iter-675/706	loss 0.0160 (0.0555)	accu 1.000 (0.979)	
Train Epoch-25  Iter-700/706	loss 0.0315 (0.0544)	accu 1.000 (0.980)	
Eval Epoch-25  Iter-0  /52 	loss 1.0971 (1.0971)	accu 0.750 (0.750)	
Eval Epoch-25  Iter-25 /52 	loss 0.0003 (0.7798)	accu 1.000 (0.774)	
Eval Epoch-25  Iter-50 /52 	loss 1.3518 (1.0395)	accu 0.625 (0.750)	
Epoch-25  Train: loss 0.0553	accu 0.9798	Eval: loss 1.0624	accu 0.7452
Train Epoch-26  Iter-0  /706	loss 0.0214 (0.0214)	accu 1.000 (1.000)	
Train Epoch-26  Iter-25 /706	loss 0.0023 (0.0388)	accu 1.000 (0.976)	
Train Epoch-26  Iter-50 /706	loss 0.0169 (0.0379)	accu 1.000 (0.978)	
Train Epoch-26  Iter-75 /706	loss 0.0120 (0.0467)	accu 1.000 (0.975)	
Train Epoch-26  Iter-100/706	loss 0.0015 (0.0482)	accu 1.000 (0.976)	
Train Epoch-26  Iter-125/706	loss 0.0415 (0.0488)	accu 1.000 (0.976)	
Train Epoch-26  Iter-150/706	loss 0.1623 (0.0524)	accu 0.875 (0.974)	
Train Epoch-26  Iter-175/706	loss 0.0003 (0.0527)	accu 1.000 (0.974)	
Train Epoch-26  Iter-200/706	loss 0.0004 (0.0525)	accu 1.000 (0.976)	
Train Epoch-26  Iter-225/706	loss 0.0743 (0.0516)	accu 1.000 (0.977)	
Train Epoch-26  Iter-250/706	loss 0.0015 (0.0592)	accu 1.000 (0.974)	
Train Epoch-26  Iter-275/706	loss 0.0164 (0.0595)	accu 1.000 (0.976)	
Train Epoch-26  Iter-300/706	loss 0.0074 (0.0590)	accu 1.000 (0.975)	
Train Epoch-26  Iter-325/706	loss 0.0512 (0.0594)	accu 1.000 (0.975)	
Train Epoch-26  Iter-350/706	loss 0.0010 (0.0570)	accu 1.000 (0.977)	
Train Epoch-26  Iter-375/706	loss 0.0098 (0.0559)	accu 1.000 (0.977)	
Train Epoch-26  Iter-400/706	loss 0.0005 (0.0554)	accu 1.000 (0.977)	
Train Epoch-26  Iter-425/706	loss 0.0480 (0.0573)	accu 1.000 (0.977)	
Train Epoch-26  Iter-450/706	loss 0.0004 (0.0602)	accu 1.000 (0.976)	
Train Epoch-26  Iter-475/706	loss 0.0151 (0.0594)	accu 1.000 (0.977)	
Train Epoch-26  Iter-500/706	loss 0.0016 (0.0578)	accu 1.000 (0.977)	
Train Epoch-26  Iter-525/706	loss 0.0188 (0.0580)	accu 1.000 (0.977)	
Train Epoch-26  Iter-550/706	loss 0.0114 (0.0565)	accu 1.000 (0.978)	
Train Epoch-26  Iter-575/706	loss 0.1493 (0.0582)	accu 0.875 (0.977)	
Train Epoch-26  Iter-600/706	loss 0.0412 (0.0595)	accu 1.000 (0.976)	
Train Epoch-26  Iter-625/706	loss 0.0046 (0.0590)	accu 1.000 (0.977)	
Train Epoch-26  Iter-650/706	loss 0.0010 (0.0579)	accu 1.000 (0.978)	
Train Epoch-26  Iter-675/706	loss 0.0007 (0.0576)	accu 1.000 (0.977)	
Train Epoch-26  Iter-700/706	loss 0.0021 (0.0569)	accu 1.000 (0.978)	
Eval Epoch-26  Iter-0  /52 	loss 1.0930 (1.0930)	accu 0.750 (0.750)	
Eval Epoch-26  Iter-25 /52 	loss 0.0003 (0.7710)	accu 1.000 (0.774)	
Eval Epoch-26  Iter-50 /52 	loss 1.3788 (1.0374)	accu 0.625 (0.752)	
Epoch-26  Train: loss 0.0569	accu 0.9777	Eval: loss 1.0606	accu 0.7476
Train Epoch-27  Iter-0  /706	loss 0.0085 (0.0085)	accu 1.000 (1.000)	
Train Epoch-27  Iter-25 /706	loss 0.0012 (0.0446)	accu 1.000 (0.986)	
Train Epoch-27  Iter-50 /706	loss 0.0030 (0.0421)	accu 1.000 (0.983)	
Train Epoch-27  Iter-75 /706	loss 0.0265 (0.0424)	accu 1.000 (0.985)	
Train Epoch-27  Iter-100/706	loss 0.0525 (0.0411)	accu 1.000 (0.984)	
Train Epoch-27  Iter-125/706	loss 0.0745 (0.0537)	accu 1.000 (0.982)	
Train Epoch-27  Iter-150/706	loss 0.0062 (0.0574)	accu 1.000 (0.980)	
Train Epoch-27  Iter-175/706	loss 0.0136 (0.0572)	accu 1.000 (0.979)	
Train Epoch-27  Iter-200/706	loss 0.4680 (0.0598)	accu 0.875 (0.978)	
Train Epoch-27  Iter-225/706	loss 0.0754 (0.0624)	accu 1.000 (0.977)	
Train Epoch-27  Iter-250/706	loss 0.0079 (0.0633)	accu 1.000 (0.976)	
Train Epoch-27  Iter-275/706	loss 0.0522 (0.0625)	accu 1.000 (0.976)	
Train Epoch-27  Iter-300/706	loss 0.0170 (0.0607)	accu 1.000 (0.977)	
Train Epoch-27  Iter-325/706	loss 0.0623 (0.0597)	accu 1.000 (0.977)	
Train Epoch-27  Iter-350/706	loss 0.0015 (0.0586)	accu 1.000 (0.978)	
Train Epoch-27  Iter-375/706	loss 0.0142 (0.0597)	accu 1.000 (0.978)	
Train Epoch-27  Iter-400/706	loss 0.0500 (0.0589)	accu 1.000 (0.978)	
Train Epoch-27  Iter-425/706	loss 0.2985 (0.0596)	accu 0.875 (0.977)	
Train Epoch-27  Iter-450/706	loss 0.2118 (0.0586)	accu 0.875 (0.978)	
Train Epoch-27  Iter-475/706	loss 0.0063 (0.0602)	accu 1.000 (0.978)	
Train Epoch-27  Iter-500/706	loss 0.2067 (0.0593)	accu 0.750 (0.978)	
Train Epoch-27  Iter-525/706	loss 0.1914 (0.0607)	accu 0.875 (0.978)	
Train Epoch-27  Iter-550/706	loss 0.0198 (0.0589)	accu 1.000 (0.978)	
Train Epoch-27  Iter-575/706	loss 0.1464 (0.0593)	accu 0.875 (0.978)	
Train Epoch-27  Iter-600/706	loss 0.0137 (0.0579)	accu 1.000 (0.979)	
Train Epoch-27  Iter-625/706	loss 0.0013 (0.0570)	accu 1.000 (0.979)	
Train Epoch-27  Iter-650/706	loss 0.0012 (0.0560)	accu 1.000 (0.979)	
Train Epoch-27  Iter-675/706	loss 0.0475 (0.0567)	accu 1.000 (0.979)	
Train Epoch-27  Iter-700/706	loss 0.0098 (0.0573)	accu 1.000 (0.979)	
Eval Epoch-27  Iter-0  /52 	loss 1.0919 (1.0919)	accu 0.750 (0.750)	
Eval Epoch-27  Iter-25 /52 	loss 0.0003 (0.7701)	accu 1.000 (0.774)	
Eval Epoch-27  Iter-50 /52 	loss 1.3867 (1.0371)	accu 0.625 (0.752)	
Epoch-27  Train: loss 0.0575	accu 0.9786	Eval: loss 1.0603	accu 0.7476
Epoch    28: reducing learning rate of group 0 to 3.0000e-08.
Train Epoch-28  Iter-0  /706	loss 0.0021 (0.0021)	accu 1.000 (1.000)	
Train Epoch-28  Iter-25 /706	loss 0.1243 (0.0595)	accu 1.000 (0.971)	
Train Epoch-28  Iter-50 /706	loss 0.0037 (0.0700)	accu 1.000 (0.973)	
Train Epoch-28  Iter-75 /706	loss 0.0660 (0.0811)	accu 1.000 (0.969)	
Train Epoch-28  Iter-100/706	loss 0.1300 (0.0738)	accu 1.000 (0.973)	
Train Epoch-28  Iter-125/706	loss 0.0037 (0.0743)	accu 1.000 (0.970)	
Train Epoch-28  Iter-150/706	loss 0.0007 (0.0704)	accu 1.000 (0.973)	
Train Epoch-28  Iter-175/706	loss 0.0023 (0.0676)	accu 1.000 (0.975)	
Train Epoch-28  Iter-200/706	loss 0.0344 (0.0697)	accu 1.000 (0.975)	
Train Epoch-28  Iter-225/706	loss 0.0044 (0.0672)	accu 1.000 (0.975)	
Train Epoch-28  Iter-250/706	loss 0.0012 (0.0648)	accu 1.000 (0.977)	
Train Epoch-28  Iter-275/706	loss 0.1282 (0.0623)	accu 0.875 (0.978)	
Train Epoch-28  Iter-300/706	loss 0.0009 (0.0632)	accu 1.000 (0.976)	
Train Epoch-28  Iter-325/706	loss 0.0102 (0.0622)	accu 1.000 (0.977)	
Train Epoch-28  Iter-350/706	loss 0.0294 (0.0643)	accu 1.000 (0.977)	
Train Epoch-28  Iter-375/706	loss 0.0050 (0.0638)	accu 1.000 (0.976)	
Train Epoch-28  Iter-400/706	loss 0.0033 (0.0629)	accu 1.000 (0.977)	
Train Epoch-28  Iter-425/706	loss 0.0251 (0.0635)	accu 1.000 (0.976)	
Train Epoch-28  Iter-450/706	loss 0.0007 (0.0631)	accu 1.000 (0.976)	
Train Epoch-28  Iter-475/706	loss 0.0039 (0.0617)	accu 1.000 (0.977)	
Train Epoch-28  Iter-500/706	loss 0.0020 (0.0604)	accu 1.000 (0.977)	
Train Epoch-28  Iter-525/706	loss 0.0448 (0.0621)	accu 1.000 (0.976)	
Train Epoch-28  Iter-550/706	loss 0.1623 (0.0616)	accu 0.875 (0.976)	
Train Epoch-28  Iter-575/706	loss 0.0006 (0.0611)	accu 1.000 (0.977)	
Train Epoch-28  Iter-600/706	loss 0.0010 (0.0603)	accu 1.000 (0.977)	
Train Epoch-28  Iter-625/706	loss 0.0206 (0.0604)	accu 1.000 (0.977)	
Train Epoch-28  Iter-650/706	loss 0.1214 (0.0596)	accu 0.875 (0.977)	
Train Epoch-28  Iter-675/706	loss 0.0110 (0.0591)	accu 1.000 (0.977)	
Train Epoch-28  Iter-700/706	loss 0.0405 (0.0584)	accu 1.000 (0.978)	
Eval Epoch-28  Iter-0  /52 	loss 1.0921 (1.0921)	accu 0.750 (0.750)	
Eval Epoch-28  Iter-25 /52 	loss 0.0003 (0.7701)	accu 1.000 (0.774)	
Eval Epoch-28  Iter-50 /52 	loss 1.3857 (1.0370)	accu 0.625 (0.752)	
Epoch-28  Train: loss 0.0586	accu 0.9779	Eval: loss 1.0602	accu 0.7476
Train Epoch-29  Iter-0  /706	loss 0.0406 (0.0406)	accu 1.000 (1.000)	
Train Epoch-29  Iter-25 /706	loss 0.0022 (0.0615)	accu 1.000 (0.976)	
Train Epoch-29  Iter-50 /706	loss 0.0007 (0.0523)	accu 1.000 (0.978)	
Train Epoch-29  Iter-75 /706	loss 0.0947 (0.0548)	accu 1.000 (0.979)	
Train Epoch-29  Iter-100/706	loss 0.0009 (0.0536)	accu 1.000 (0.979)	
Train Epoch-29  Iter-125/706	loss 0.0561 (0.0527)	accu 1.000 (0.980)	
Train Epoch-29  Iter-150/706	loss 0.0553 (0.0593)	accu 1.000 (0.979)	
Train Epoch-29  Iter-175/706	loss 0.0196 (0.0606)	accu 1.000 (0.979)	
Train Epoch-29  Iter-200/706	loss 0.0077 (0.0598)	accu 1.000 (0.978)	
Train Epoch-29  Iter-225/706	loss 0.1104 (0.0609)	accu 0.875 (0.977)	
Train Epoch-29  Iter-250/706	loss 0.0435 (0.0648)	accu 1.000 (0.976)	
Train Epoch-29  Iter-275/706	loss 0.0015 (0.0631)	accu 1.000 (0.976)	
Train Epoch-29  Iter-300/706	loss 0.0138 (0.0620)	accu 1.000 (0.977)	
Train Epoch-29  Iter-325/706	loss 0.0125 (0.0634)	accu 1.000 (0.977)	
Train Epoch-29  Iter-350/706	loss 0.0687 (0.0644)	accu 1.000 (0.976)	
Train Epoch-29  Iter-375/706	loss 0.0177 (0.0632)	accu 1.000 (0.977)	
Train Epoch-29  Iter-400/706	loss 0.0005 (0.0625)	accu 1.000 (0.977)	
Train Epoch-29  Iter-425/706	loss 0.0110 (0.0616)	accu 1.000 (0.977)	
Train Epoch-29  Iter-450/706	loss 0.0006 (0.0651)	accu 1.000 (0.977)	
Train Epoch-29  Iter-475/706	loss 0.0286 (0.0658)	accu 1.000 (0.976)	
Train Epoch-29  Iter-500/706	loss 0.0132 (0.0652)	accu 1.000 (0.976)	
Train Epoch-29  Iter-525/706	loss 0.0212 (0.0650)	accu 1.000 (0.976)	
Train Epoch-29  Iter-550/706	loss 0.0147 (0.0644)	accu 1.000 (0.976)	
Train Epoch-29  Iter-575/706	loss 0.0989 (0.0636)	accu 0.875 (0.976)	
Train Epoch-29  Iter-600/706	loss 0.0153 (0.0626)	accu 1.000 (0.976)	
Train Epoch-29  Iter-625/706	loss 0.1994 (0.0622)	accu 0.875 (0.976)	
Train Epoch-29  Iter-650/706	loss 0.1174 (0.0617)	accu 0.875 (0.976)	
Train Epoch-29  Iter-675/706	loss 0.0250 (0.0603)	accu 1.000 (0.977)	
Train Epoch-29  Iter-700/706	loss 0.0397 (0.0599)	accu 1.000 (0.978)	
Eval Epoch-29  Iter-0  /52 	loss 1.0916 (1.0916)	accu 0.750 (0.750)	
Eval Epoch-29  Iter-25 /52 	loss 0.0003 (0.7698)	accu 1.000 (0.774)	
Eval Epoch-29  Iter-50 /52 	loss 1.3848 (1.0368)	accu 0.625 (0.752)	
Epoch-29  Train: loss 0.0597	accu 0.9777	Eval: loss 1.0600	accu 0.7476
Eval Epoch-0   Iter-0  /52 	loss 0.6053 (0.6053)	accu 0.875 (0.875)	
Eval Epoch-0   Iter-25 /52 	loss 0.0108 (0.4011)	accu 1.000 (0.851)	
Eval Epoch-0   Iter-50 /52 	loss 2.0188 (0.6677)	accu 0.500 (0.770)	
Eval: loss 0.6792	accu 0.7644
Test Epoch-0   Iter-0  /59 	loss 0.9579 (0.9579)	accu 0.500 (0.500)	
Test Epoch-0   Iter-25 /59 	loss 0.0172 (0.7304)	accu 1.000 (0.726)	
Test Epoch-0   Iter-50 /59 	loss 0.1838 (0.7471)	accu 1.000 (0.745)	
Test: loss 0.7555	accu 0.7352
wandb: Waiting for W&B process to finish... (success).
wandb: 
wandb: Run history:
wandb:   Eval Acc ▆▄▅█▆▁▄▂▆▇▇▇▇▇▇▇▇▇▇▇▇▇▇▇▇▇▇▇▇▇
wandb:  Eval Loss ▂▃▃▁▃█▁▃▂▂▃▃▄▄▅▅▆▆▆▆▆▆▆▆▆▆▆▆▆▆
wandb:  Train Acc ▁▄▆▅▆▆▆▆▇▇▇▇██████████████████
wandb: Train Loss █▆▄▄▃▃▃▃▂▃▂▂▁▁▁▁▁▁▁▁▁▁▁▁▁▁▁▁▁▁
wandb: 
wandb: Run summary:
wandb:   Eval Acc 0.7476
wandb:  Eval Loss 1.06002
wandb:  Train Acc 0.97769
wandb: Train Loss 0.05975
wandb: 
wandb: 🚀 View run toasty-disco-254 at: https://wandb.ai/is_project/vision_models/runs/lz1l32jp
wandb: Synced 6 W&B file(s), 0 media file(s), 0 artifact file(s) and 0 other file(s)
wandb: Find logs at: ./wandb/run-20230612_181340-lz1l32jp/logs
