Namespace(add_comment=True, add_description=True, add_other_comments=True, add_title=False, add_transcription=True, add_video=False, batch_size=8, clip_embeedings_path='data/CLIP_embeddings', debug=False, desc_keyphrase_extract=True, desc_token_count=80, freeze_lf_layers=23, gpu='3', lr=0.0003, max_epochs=30, max_len=512, metadata_path='data/extra_data_trans.csv', model='bert-large-cased', multitask=False, num_workers=0, other_comments_path='data/extra_data_other_comments.csv', other_comments_token_count=512, pad_metadata=True, remove_none=False, test_question_file='data/with_aug_ttv/test.csv', title_token_count=50, train_question_file='data/with_aug_ttv/train.csv', transcript_keyphrase_extract=True, transcript_token_count=200, validation_question_file='data/with_aug_ttv/eval.csv', video_path='data/videos/', work_dir='model_comment/')
wandb: Currently logged in as: shrey2809 (is_project). Use `wandb login --relogin` to force relogin
wandb: Tracking run with wandb version 0.15.4
wandb: Run data is saved locally in /scratch/AzureNfsServer_INPUT1/vc_data/users/gmanish/multiModalHate/IS-Hate-Speech/wandb/run-20230612_181636-c5jx1sck
wandb: Run `wandb offline` to turn off syncing.
wandb: Syncing run fanciful-puddle-265
wandb: ⭐️ View project at https://wandb.ai/is_project/vision_models
wandb: 🚀 View run at https://wandb.ai/is_project/vision_models/runs/c5jx1sck
number of available devices: 1
obtained dataloaders
Some weights of the model checkpoint at bert-large-cased were not used when initializing BertModel: ['cls.predictions.transform.dense.bias', 'cls.predictions.transform.LayerNorm.weight', 'cls.predictions.transform.dense.weight', 'cls.seq_relationship.weight', 'cls.predictions.bias', 'cls.seq_relationship.bias', 'cls.predictions.decoder.weight', 'cls.predictions.transform.LayerNorm.bias']
- This IS expected if you are initializing BertModel from the checkpoint of a model trained on another task or with another architecture (e.g. initializing a BertForSequenceClassification model from a BertForPreTraining model).
- This IS NOT expected if you are initializing BertModel from the checkpoint of a model that you expect to be exactly identical (initializing a BertForSequenceClassification model from a BertForSequenceClassification model).
loaded models
Train Epoch-0   Iter-0  /706	loss 0.7443 (0.7443)	accu 0.500 (0.500)	
Train Epoch-0   Iter-25 /706	loss 0.7374 (0.7125)	accu 0.250 (0.476)	
Train Epoch-0   Iter-50 /706	loss 0.6443 (0.7017)	accu 0.625 (0.500)	
Train Epoch-0   Iter-75 /706	loss 0.6756 (0.7027)	accu 0.625 (0.513)	
Train Epoch-0   Iter-100/706	loss 0.6359 (0.6981)	accu 0.750 (0.524)	
Train Epoch-0   Iter-125/706	loss 0.7545 (0.6854)	accu 0.500 (0.551)	
Train Epoch-0   Iter-150/706	loss 0.6193 (0.6755)	accu 0.500 (0.570)	
Train Epoch-0   Iter-175/706	loss 0.4407 (0.6632)	accu 0.875 (0.587)	
Train Epoch-0   Iter-200/706	loss 0.2604 (0.6393)	accu 0.875 (0.614)	
Train Epoch-0   Iter-225/706	loss 0.6392 (0.6289)	accu 0.750 (0.631)	
Train Epoch-0   Iter-250/706	loss 0.3723 (0.6108)	accu 0.875 (0.653)	
Train Epoch-0   Iter-275/706	loss 0.7065 (0.6043)	accu 0.625 (0.664)	
Train Epoch-0   Iter-300/706	loss 0.7672 (0.6077)	accu 0.250 (0.659)	
Train Epoch-0   Iter-325/706	loss 0.6600 (0.6123)	accu 0.625 (0.653)	
Train Epoch-0   Iter-350/706	loss 0.5579 (0.6144)	accu 0.500 (0.649)	
Train Epoch-0   Iter-375/706	loss 0.7575 (0.6139)	accu 0.500 (0.652)	
Train Epoch-0   Iter-400/706	loss 0.4808 (0.6031)	accu 0.875 (0.665)	
Train Epoch-0   Iter-425/706	loss 0.7588 (0.5931)	accu 0.500 (0.673)	
Train Epoch-0   Iter-450/706	loss 0.9069 (0.5868)	accu 0.625 (0.679)	
Train Epoch-0   Iter-475/706	loss 0.7866 (0.5802)	accu 0.375 (0.684)	
Train Epoch-0   Iter-500/706	loss 0.3662 (0.5705)	accu 0.750 (0.690)	
Train Epoch-0   Iter-525/706	loss 0.5704 (0.5614)	accu 0.875 (0.696)	
Train Epoch-0   Iter-550/706	loss 1.2525 (0.5522)	accu 0.750 (0.704)	
Train Epoch-0   Iter-575/706	loss 0.3370 (0.5468)	accu 0.875 (0.709)	
Train Epoch-0   Iter-600/706	loss 0.5130 (0.5366)	accu 0.875 (0.716)	
Train Epoch-0   Iter-625/706	loss 0.2154 (0.5261)	accu 0.875 (0.724)	
Train Epoch-0   Iter-650/706	loss 0.4980 (0.5237)	accu 0.750 (0.727)	
Train Epoch-0   Iter-675/706	loss 0.1073 (0.5169)	accu 1.000 (0.734)	
Train Epoch-0   Iter-700/706	loss 0.0851 (0.5116)	accu 1.000 (0.738)	
Eval Epoch-0   Iter-0  /52 	loss 0.7059 (0.7059)	accu 0.750 (0.750)	
Eval Epoch-0   Iter-25 /52 	loss 0.0768 (0.7111)	accu 1.000 (0.644)	
Eval Epoch-0   Iter-50 /52 	loss 0.8439 (0.6912)	accu 0.625 (0.659)	
Epoch-0   Train: loss 0.5118	accu 0.7384	Eval: loss 0.6999	accu 0.6562
Train Epoch-1   Iter-0  /706	loss 0.2935 (0.2935)	accu 0.875 (0.875)	
Train Epoch-1   Iter-25 /706	loss 0.1352 (0.4387)	accu 1.000 (0.841)	
Train Epoch-1   Iter-50 /706	loss 0.1828 (0.3987)	accu 0.875 (0.850)	
Train Epoch-1   Iter-75 /706	loss 0.1231 (0.3893)	accu 1.000 (0.852)	
Train Epoch-1   Iter-100/706	loss 0.4235 (0.3834)	accu 0.875 (0.848)	
Train Epoch-1   Iter-125/706	loss 0.4216 (0.3773)	accu 0.875 (0.852)	
Train Epoch-1   Iter-150/706	loss 0.1837 (0.3621)	accu 0.875 (0.858)	
Train Epoch-1   Iter-175/706	loss 0.3540 (0.3491)	accu 0.875 (0.864)	
Train Epoch-1   Iter-200/706	loss 0.0401 (0.3387)	accu 1.000 (0.868)	
Train Epoch-1   Iter-225/706	loss 0.0871 (0.3294)	accu 1.000 (0.873)	
Train Epoch-1   Iter-250/706	loss 0.2586 (0.3194)	accu 0.875 (0.876)	
Train Epoch-1   Iter-275/706	loss 0.0560 (0.3172)	accu 1.000 (0.879)	
Train Epoch-1   Iter-300/706	loss 0.0711 (0.3174)	accu 1.000 (0.877)	
Train Epoch-1   Iter-325/706	loss 0.0617 (0.3161)	accu 1.000 (0.878)	
Train Epoch-1   Iter-350/706	loss 0.7952 (0.3205)	accu 0.750 (0.876)	
Train Epoch-1   Iter-375/706	loss 0.2661 (0.3199)	accu 0.875 (0.876)	
Train Epoch-1   Iter-400/706	loss 0.7382 (0.3219)	accu 0.750 (0.875)	
Train Epoch-1   Iter-425/706	loss 0.7415 (0.3186)	accu 0.625 (0.877)	
Train Epoch-1   Iter-450/706	loss 0.2293 (0.3189)	accu 1.000 (0.877)	
Train Epoch-1   Iter-475/706	loss 0.1200 (0.3160)	accu 1.000 (0.879)	
Train Epoch-1   Iter-500/706	loss 0.0437 (0.3137)	accu 1.000 (0.881)	
Train Epoch-1   Iter-525/706	loss 0.1869 (0.3097)	accu 0.875 (0.882)	
Train Epoch-1   Iter-550/706	loss 0.2588 (0.3078)	accu 0.875 (0.883)	
Train Epoch-1   Iter-575/706	loss 0.3185 (0.3079)	accu 0.875 (0.883)	
Train Epoch-1   Iter-600/706	loss 0.0644 (0.3052)	accu 1.000 (0.884)	
Train Epoch-1   Iter-625/706	loss 0.1116 (0.3010)	accu 1.000 (0.886)	
Train Epoch-1   Iter-650/706	loss 0.4748 (0.3026)	accu 0.750 (0.885)	
Train Epoch-1   Iter-675/706	loss 0.1766 (0.3007)	accu 1.000 (0.886)	
Train Epoch-1   Iter-700/706	loss 0.1172 (0.2977)	accu 1.000 (0.887)	
Eval Epoch-1   Iter-0  /52 	loss 0.9318 (0.9318)	accu 0.625 (0.625)	
Eval Epoch-1   Iter-25 /52 	loss 0.1148 (0.6376)	accu 0.875 (0.707)	
Eval Epoch-1   Iter-50 /52 	loss 1.0121 (0.6556)	accu 0.625 (0.725)	
Epoch-1   Train: loss 0.2976	accu 0.8874	Eval: loss 0.6745	accu 0.7212
Train Epoch-2   Iter-0  /706	loss 0.0579 (0.0579)	accu 1.000 (1.000)	
Train Epoch-2   Iter-25 /706	loss 0.5353 (0.2041)	accu 0.875 (0.923)	
Train Epoch-2   Iter-50 /706	loss 0.1317 (0.2322)	accu 1.000 (0.912)	
Train Epoch-2   Iter-75 /706	loss 0.2646 (0.2255)	accu 0.875 (0.916)	
Train Epoch-2   Iter-100/706	loss 0.5697 (0.2354)	accu 0.875 (0.916)	
Train Epoch-2   Iter-125/706	loss 0.0691 (0.2421)	accu 1.000 (0.918)	
Train Epoch-2   Iter-150/706	loss 0.0352 (0.2432)	accu 1.000 (0.917)	
Train Epoch-2   Iter-175/706	loss 0.1068 (0.2360)	accu 1.000 (0.920)	
Train Epoch-2   Iter-200/706	loss 0.1351 (0.2379)	accu 0.875 (0.920)	
Train Epoch-2   Iter-225/706	loss 0.5770 (0.2368)	accu 0.875 (0.920)	
Train Epoch-2   Iter-250/706	loss 0.0249 (0.2346)	accu 1.000 (0.922)	
Train Epoch-2   Iter-275/706	loss 0.0476 (0.2444)	accu 1.000 (0.918)	
Train Epoch-2   Iter-300/706	loss 0.5990 (0.2370)	accu 0.750 (0.919)	
Train Epoch-2   Iter-325/706	loss 0.0626 (0.2365)	accu 1.000 (0.919)	
Train Epoch-2   Iter-350/706	loss 0.0938 (0.2336)	accu 1.000 (0.920)	
Train Epoch-2   Iter-375/706	loss 0.9611 (0.2358)	accu 0.500 (0.920)	
Train Epoch-2   Iter-400/706	loss 0.2199 (0.2366)	accu 0.875 (0.920)	
Train Epoch-2   Iter-425/706	loss 0.9285 (0.2421)	accu 0.625 (0.917)	
Train Epoch-2   Iter-450/706	loss 0.3553 (0.2546)	accu 0.875 (0.912)	
Train Epoch-2   Iter-475/706	loss 0.7864 (0.2566)	accu 0.625 (0.912)	
Train Epoch-2   Iter-500/706	loss 0.4526 (0.2584)	accu 0.875 (0.911)	
Train Epoch-2   Iter-525/706	loss 0.0640 (0.2622)	accu 1.000 (0.910)	
Train Epoch-2   Iter-550/706	loss 0.5366 (0.2624)	accu 0.750 (0.910)	
Train Epoch-2   Iter-575/706	loss 0.2492 (0.2662)	accu 0.875 (0.908)	
Train Epoch-2   Iter-600/706	loss 0.3191 (0.2657)	accu 0.875 (0.907)	
Train Epoch-2   Iter-625/706	loss 0.0940 (0.2627)	accu 1.000 (0.908)	
Train Epoch-2   Iter-650/706	loss 0.1932 (0.2640)	accu 0.875 (0.908)	
Train Epoch-2   Iter-675/706	loss 0.3828 (0.2609)	accu 0.875 (0.909)	
Train Epoch-2   Iter-700/706	loss 0.0878 (0.2604)	accu 1.000 (0.909)	
Eval Epoch-2   Iter-0  /52 	loss 0.6054 (0.6054)	accu 0.875 (0.875)	
Eval Epoch-2   Iter-25 /52 	loss 0.1336 (0.6641)	accu 1.000 (0.731)	
Eval Epoch-2   Iter-50 /52 	loss 0.6115 (0.6154)	accu 0.750 (0.743)	
Epoch-2   Train: loss 0.2596	accu 0.9097	Eval: loss 0.6087	accu 0.7428
Train Epoch-3   Iter-0  /706	loss 0.2633 (0.2633)	accu 0.875 (0.875)	
Train Epoch-3   Iter-25 /706	loss 0.0893 (0.3068)	accu 1.000 (0.885)	
Train Epoch-3   Iter-50 /706	loss 0.4001 (0.2708)	accu 0.875 (0.895)	
Train Epoch-3   Iter-75 /706	loss 0.1385 (0.2485)	accu 0.875 (0.896)	
Train Epoch-3   Iter-100/706	loss 0.5343 (0.2336)	accu 0.875 (0.910)	
Train Epoch-3   Iter-125/706	loss 0.1428 (0.2255)	accu 0.875 (0.910)	
Train Epoch-3   Iter-150/706	loss 0.2650 (0.2258)	accu 0.875 (0.914)	
Train Epoch-3   Iter-175/706	loss 0.1288 (0.2225)	accu 0.875 (0.915)	
Train Epoch-3   Iter-200/706	loss 0.5787 (0.2209)	accu 0.875 (0.919)	
Train Epoch-3   Iter-225/706	loss 0.0342 (0.2146)	accu 1.000 (0.922)	
Train Epoch-3   Iter-250/706	loss 0.1964 (0.2222)	accu 0.875 (0.919)	
Train Epoch-3   Iter-275/706	loss 0.0163 (0.2197)	accu 1.000 (0.921)	
Train Epoch-3   Iter-300/706	loss 0.4531 (0.2202)	accu 0.875 (0.921)	
Train Epoch-3   Iter-325/706	loss 0.0783 (0.2207)	accu 1.000 (0.920)	
Train Epoch-3   Iter-350/706	loss 0.2941 (0.2205)	accu 0.875 (0.921)	
Train Epoch-3   Iter-375/706	loss 0.1030 (0.2169)	accu 1.000 (0.923)	
Train Epoch-3   Iter-400/706	loss 0.0284 (0.2126)	accu 1.000 (0.925)	
Train Epoch-3   Iter-425/706	loss 0.0688 (0.2105)	accu 1.000 (0.927)	
Train Epoch-3   Iter-450/706	loss 0.0737 (0.2099)	accu 1.000 (0.927)	
Train Epoch-3   Iter-475/706	loss 0.4412 (0.2112)	accu 0.750 (0.926)	
Train Epoch-3   Iter-500/706	loss 0.3449 (0.2082)	accu 0.875 (0.927)	
Train Epoch-3   Iter-525/706	loss 0.2627 (0.2104)	accu 0.875 (0.926)	
Train Epoch-3   Iter-550/706	loss 0.3387 (0.2084)	accu 0.875 (0.927)	
Train Epoch-3   Iter-575/706	loss 0.0812 (0.2095)	accu 1.000 (0.927)	
Train Epoch-3   Iter-600/706	loss 0.0543 (0.2070)	accu 1.000 (0.928)	
Train Epoch-3   Iter-625/706	loss 0.0586 (0.2067)	accu 1.000 (0.928)	
Train Epoch-3   Iter-650/706	loss 0.1483 (0.2063)	accu 1.000 (0.929)	
Train Epoch-3   Iter-675/706	loss 0.0496 (0.2058)	accu 1.000 (0.929)	
Train Epoch-3   Iter-700/706	loss 0.0229 (0.2033)	accu 1.000 (0.930)	
Eval Epoch-3   Iter-0  /52 	loss 1.3210 (1.3210)	accu 0.500 (0.500)	
Eval Epoch-3   Iter-25 /52 	loss 0.8056 (1.1172)	accu 0.625 (0.577)	
Eval Epoch-3   Iter-50 /52 	loss 0.3996 (0.8809)	accu 0.625 (0.659)	
Epoch-3   Train: loss 0.2041	accu 0.9301	Eval: loss 0.8670	accu 0.6659
Train Epoch-4   Iter-0  /706	loss 0.1580 (0.1580)	accu 0.875 (0.875)	
Train Epoch-4   Iter-25 /706	loss 0.0979 (0.2277)	accu 1.000 (0.923)	
Train Epoch-4   Iter-50 /706	loss 0.1467 (0.2128)	accu 1.000 (0.922)	
Train Epoch-4   Iter-75 /706	loss 0.0445 (0.1773)	accu 1.000 (0.936)	
Train Epoch-4   Iter-100/706	loss 0.1232 (0.1815)	accu 1.000 (0.933)	
Train Epoch-4   Iter-125/706	loss 0.0755 (0.1845)	accu 1.000 (0.931)	
Train Epoch-4   Iter-150/706	loss 0.0711 (0.1817)	accu 1.000 (0.930)	
Train Epoch-4   Iter-175/706	loss 0.0250 (0.1765)	accu 1.000 (0.931)	
Train Epoch-4   Iter-200/706	loss 0.5855 (0.1846)	accu 0.750 (0.928)	
Train Epoch-4   Iter-225/706	loss 0.0137 (0.1789)	accu 1.000 (0.932)	
Train Epoch-4   Iter-250/706	loss 0.1295 (0.1730)	accu 0.875 (0.933)	
Train Epoch-4   Iter-275/706	loss 0.0575 (0.1770)	accu 1.000 (0.933)	
Train Epoch-4   Iter-300/706	loss 0.0619 (0.1789)	accu 1.000 (0.934)	
Train Epoch-4   Iter-325/706	loss 0.0115 (0.1775)	accu 1.000 (0.934)	
Train Epoch-4   Iter-350/706	loss 0.0183 (0.1734)	accu 1.000 (0.935)	
Train Epoch-4   Iter-375/706	loss 0.1049 (0.1692)	accu 0.875 (0.936)	
Train Epoch-4   Iter-400/706	loss 0.0171 (0.1723)	accu 1.000 (0.934)	
Train Epoch-4   Iter-425/706	loss 0.2070 (0.1727)	accu 0.875 (0.933)	
Train Epoch-4   Iter-450/706	loss 0.0085 (0.1707)	accu 1.000 (0.933)	
Train Epoch-4   Iter-475/706	loss 0.2643 (0.1720)	accu 0.875 (0.933)	
Train Epoch-4   Iter-500/706	loss 0.0213 (0.1741)	accu 1.000 (0.931)	
Train Epoch-4   Iter-525/706	loss 0.0316 (0.1738)	accu 1.000 (0.932)	
Train Epoch-4   Iter-550/706	loss 0.3935 (0.1746)	accu 0.875 (0.931)	
Train Epoch-4   Iter-575/706	loss 0.1145 (0.1732)	accu 1.000 (0.932)	
Train Epoch-4   Iter-600/706	loss 0.2432 (0.1732)	accu 0.750 (0.931)	
Train Epoch-4   Iter-625/706	loss 0.3046 (0.1722)	accu 0.875 (0.932)	
Train Epoch-4   Iter-650/706	loss 0.4864 (0.1750)	accu 0.625 (0.931)	
Train Epoch-4   Iter-675/706	loss 0.0314 (0.1781)	accu 1.000 (0.930)	
Train Epoch-4   Iter-700/706	loss 0.0137 (0.1764)	accu 1.000 (0.932)	
Eval Epoch-4   Iter-0  /52 	loss 1.5731 (1.5731)	accu 0.625 (0.625)	
Eval Epoch-4   Iter-25 /52 	loss 0.7761 (1.0450)	accu 0.750 (0.620)	
Eval Epoch-4   Iter-50 /52 	loss 0.0565 (0.8156)	accu 1.000 (0.701)	
Epoch-4   Train: loss 0.1767	accu 0.9315	Eval: loss 0.8049	accu 0.7043
Train Epoch-5   Iter-0  /706	loss 0.0181 (0.0181)	accu 1.000 (1.000)	
Train Epoch-5   Iter-25 /706	loss 0.0076 (0.0662)	accu 1.000 (0.981)	
Train Epoch-5   Iter-50 /706	loss 0.0438 (0.1208)	accu 1.000 (0.958)	
Train Epoch-5   Iter-75 /706	loss 0.0618 (0.1413)	accu 1.000 (0.947)	
Train Epoch-5   Iter-100/706	loss 0.1133 (0.1330)	accu 1.000 (0.952)	
Train Epoch-5   Iter-125/706	loss 0.1368 (0.1454)	accu 0.875 (0.941)	
Train Epoch-5   Iter-150/706	loss 0.0808 (0.1521)	accu 1.000 (0.941)	
Train Epoch-5   Iter-175/706	loss 0.0622 (0.1591)	accu 1.000 (0.940)	
Train Epoch-5   Iter-200/706	loss 0.0152 (0.1585)	accu 1.000 (0.942)	
Train Epoch-5   Iter-225/706	loss 0.1476 (0.1603)	accu 1.000 (0.941)	
Train Epoch-5   Iter-250/706	loss 0.0484 (0.1659)	accu 1.000 (0.940)	
Train Epoch-5   Iter-275/706	loss 0.0783 (0.1656)	accu 1.000 (0.941)	
Train Epoch-5   Iter-300/706	loss 0.1427 (0.1667)	accu 0.875 (0.941)	
Train Epoch-5   Iter-325/706	loss 0.0582 (0.1644)	accu 1.000 (0.941)	
Train Epoch-5   Iter-350/706	loss 0.2529 (0.1654)	accu 0.875 (0.941)	
Train Epoch-5   Iter-375/706	loss 0.0157 (0.1658)	accu 1.000 (0.939)	
Train Epoch-5   Iter-400/706	loss 0.1411 (0.1628)	accu 0.875 (0.940)	
Train Epoch-5   Iter-425/706	loss 0.0509 (0.1639)	accu 1.000 (0.939)	
Train Epoch-5   Iter-450/706	loss 0.1121 (0.1623)	accu 0.875 (0.939)	
Train Epoch-5   Iter-475/706	loss 0.1781 (0.1586)	accu 0.875 (0.939)	
Train Epoch-5   Iter-500/706	loss 0.1632 (0.1659)	accu 0.875 (0.937)	
Train Epoch-5   Iter-525/706	loss 0.4069 (0.1688)	accu 0.875 (0.937)	
Train Epoch-5   Iter-550/706	loss 0.0247 (0.1674)	accu 1.000 (0.938)	
Train Epoch-5   Iter-575/706	loss 0.0270 (0.1675)	accu 1.000 (0.938)	
Train Epoch-5   Iter-600/706	loss 0.0373 (0.1666)	accu 1.000 (0.938)	
Train Epoch-5   Iter-625/706	loss 0.0469 (0.1663)	accu 1.000 (0.939)	
Train Epoch-5   Iter-650/706	loss 0.0456 (0.1653)	accu 1.000 (0.939)	
Train Epoch-5   Iter-675/706	loss 0.3562 (0.1660)	accu 0.875 (0.939)	
Train Epoch-5   Iter-700/706	loss 0.0257 (0.1648)	accu 1.000 (0.939)	
Eval Epoch-5   Iter-0  /52 	loss 2.1006 (2.1006)	accu 0.500 (0.500)	
Eval Epoch-5   Iter-25 /52 	loss 1.5480 (1.8399)	accu 0.625 (0.505)	
Eval Epoch-5   Iter-50 /52 	loss 0.0158 (1.2600)	accu 1.000 (0.654)	
Epoch-5   Train: loss 0.1646	accu 0.9393	Eval: loss 1.2379	accu 0.6611
Train Epoch-6   Iter-0  /706	loss 0.0100 (0.0100)	accu 1.000 (1.000)	
Train Epoch-6   Iter-25 /706	loss 0.0394 (0.1820)	accu 1.000 (0.913)	
Train Epoch-6   Iter-50 /706	loss 0.0357 (0.1877)	accu 1.000 (0.924)	
Train Epoch-6   Iter-75 /706	loss 0.2103 (0.1963)	accu 0.875 (0.919)	
Train Epoch-6   Iter-100/706	loss 0.0130 (0.1769)	accu 1.000 (0.928)	
Train Epoch-6   Iter-125/706	loss 0.0449 (0.1646)	accu 1.000 (0.937)	
Train Epoch-6   Iter-150/706	loss 0.1649 (0.1742)	accu 0.875 (0.932)	
Train Epoch-6   Iter-175/706	loss 0.1913 (0.1672)	accu 0.875 (0.935)	
Train Epoch-6   Iter-200/706	loss 0.0439 (0.1684)	accu 1.000 (0.936)	
Train Epoch-6   Iter-225/706	loss 0.1473 (0.1675)	accu 0.875 (0.936)	
Train Epoch-6   Iter-250/706	loss 0.1328 (0.1671)	accu 1.000 (0.936)	
Train Epoch-6   Iter-275/706	loss 0.1725 (0.1703)	accu 0.875 (0.937)	
Train Epoch-6   Iter-300/706	loss 0.0244 (0.1636)	accu 1.000 (0.940)	
Train Epoch-6   Iter-325/706	loss 0.0383 (0.1649)	accu 1.000 (0.939)	
Train Epoch-6   Iter-350/706	loss 0.0170 (0.1620)	accu 1.000 (0.941)	
Train Epoch-6   Iter-375/706	loss 0.0353 (0.1605)	accu 1.000 (0.942)	
Train Epoch-6   Iter-400/706	loss 0.0938 (0.1597)	accu 1.000 (0.942)	
Train Epoch-6   Iter-425/706	loss 0.1370 (0.1591)	accu 0.875 (0.942)	
Train Epoch-6   Iter-450/706	loss 0.1718 (0.1581)	accu 0.875 (0.943)	
Train Epoch-6   Iter-475/706	loss 0.2289 (0.1584)	accu 0.875 (0.942)	
Train Epoch-6   Iter-500/706	loss 0.0662 (0.1578)	accu 1.000 (0.942)	
Train Epoch-6   Iter-525/706	loss 0.0020 (0.1571)	accu 1.000 (0.942)	
Train Epoch-6   Iter-550/706	loss 0.1648 (0.1543)	accu 0.875 (0.942)	
Train Epoch-6   Iter-575/706	loss 0.1139 (0.1572)	accu 1.000 (0.942)	
Train Epoch-6   Iter-600/706	loss 0.6084 (0.1569)	accu 0.875 (0.943)	
Train Epoch-6   Iter-625/706	loss 0.4549 (0.1589)	accu 0.750 (0.943)	
Train Epoch-6   Iter-650/706	loss 0.3601 (0.1580)	accu 0.875 (0.943)	
Train Epoch-6   Iter-675/706	loss 0.0324 (0.1581)	accu 1.000 (0.943)	
Train Epoch-6   Iter-700/706	loss 0.0124 (0.1582)	accu 1.000 (0.943)	
Eval Epoch-6   Iter-0  /52 	loss 1.4017 (1.4017)	accu 0.750 (0.750)	
Eval Epoch-6   Iter-25 /52 	loss 0.4815 (1.0734)	accu 0.750 (0.615)	
Eval Epoch-6   Iter-50 /52 	loss 0.3040 (0.8170)	accu 0.875 (0.713)	
Epoch-6   Train: loss 0.1574	accu 0.9435	Eval: loss 0.8072	accu 0.7163
Train Epoch-7   Iter-0  /706	loss 0.0392 (0.0392)	accu 1.000 (1.000)	
Train Epoch-7   Iter-25 /706	loss 0.0451 (0.2006)	accu 1.000 (0.913)	
Train Epoch-7   Iter-50 /706	loss 0.0072 (0.1522)	accu 1.000 (0.931)	
Train Epoch-7   Iter-75 /706	loss 0.1107 (0.1564)	accu 1.000 (0.936)	
Train Epoch-7   Iter-100/706	loss 0.2216 (0.1456)	accu 0.875 (0.944)	
Train Epoch-7   Iter-125/706	loss 0.1371 (0.1511)	accu 0.875 (0.944)	
Train Epoch-7   Iter-150/706	loss 0.0828 (0.1456)	accu 1.000 (0.950)	
Train Epoch-7   Iter-175/706	loss 0.0213 (0.1414)	accu 1.000 (0.949)	
Train Epoch-7   Iter-200/706	loss 0.3781 (0.1454)	accu 0.750 (0.947)	
Train Epoch-7   Iter-225/706	loss 0.2113 (0.1459)	accu 0.875 (0.946)	
Train Epoch-7   Iter-250/706	loss 0.0143 (0.1421)	accu 1.000 (0.948)	
Train Epoch-7   Iter-275/706	loss 0.0544 (0.1470)	accu 1.000 (0.945)	
Train Epoch-7   Iter-300/706	loss 0.0155 (0.1444)	accu 1.000 (0.946)	
Train Epoch-7   Iter-325/706	loss 0.0841 (0.1446)	accu 1.000 (0.948)	
Train Epoch-7   Iter-350/706	loss 0.0737 (0.1407)	accu 1.000 (0.950)	
Train Epoch-7   Iter-375/706	loss 0.1388 (0.1418)	accu 0.875 (0.949)	
Train Epoch-7   Iter-400/706	loss 0.4347 (0.1407)	accu 0.750 (0.948)	
Train Epoch-7   Iter-425/706	loss 0.0629 (0.1456)	accu 1.000 (0.945)	
Train Epoch-7   Iter-450/706	loss 0.1039 (0.1487)	accu 1.000 (0.943)	
Train Epoch-7   Iter-475/706	loss 0.0423 (0.1485)	accu 1.000 (0.944)	
Train Epoch-7   Iter-500/706	loss 0.0249 (0.1463)	accu 1.000 (0.945)	
Train Epoch-7   Iter-525/706	loss 0.0124 (0.1444)	accu 1.000 (0.946)	
Train Epoch-7   Iter-550/706	loss 0.6007 (0.1460)	accu 0.750 (0.945)	
Train Epoch-7   Iter-575/706	loss 0.0675 (0.1481)	accu 1.000 (0.945)	
Train Epoch-7   Iter-600/706	loss 0.0988 (0.1492)	accu 0.875 (0.944)	
Train Epoch-7   Iter-625/706	loss 0.0555 (0.1491)	accu 1.000 (0.944)	
Train Epoch-7   Iter-650/706	loss 0.0427 (0.1476)	accu 1.000 (0.944)	
Train Epoch-7   Iter-675/706	loss 0.1285 (0.1490)	accu 1.000 (0.944)	
Train Epoch-7   Iter-700/706	loss 0.0022 (0.1495)	accu 1.000 (0.944)	
Eval Epoch-7   Iter-0  /52 	loss 0.8188 (0.8188)	accu 0.750 (0.750)	
Eval Epoch-7   Iter-25 /52 	loss 0.0470 (0.8028)	accu 1.000 (0.688)	
Eval Epoch-7   Iter-50 /52 	loss 0.2902 (0.7073)	accu 0.750 (0.738)	
Epoch-7   Train: loss 0.1487	accu 0.9439	Eval: loss 0.6977	accu 0.7428
Train Epoch-8   Iter-0  /706	loss 0.0171 (0.0171)	accu 1.000 (1.000)	
Train Epoch-8   Iter-25 /706	loss 0.0903 (0.0864)	accu 1.000 (0.971)	
Train Epoch-8   Iter-50 /706	loss 0.0554 (0.1052)	accu 1.000 (0.966)	
Train Epoch-8   Iter-75 /706	loss 0.0660 (0.1300)	accu 1.000 (0.954)	
Train Epoch-8   Iter-100/706	loss 0.0041 (0.1250)	accu 1.000 (0.953)	
Train Epoch-8   Iter-125/706	loss 0.2150 (0.1462)	accu 0.875 (0.948)	
Train Epoch-8   Iter-150/706	loss 0.0134 (0.1643)	accu 1.000 (0.935)	
Train Epoch-8   Iter-175/706	loss 0.1959 (0.1687)	accu 0.875 (0.933)	
Train Epoch-8   Iter-200/706	loss 0.2134 (0.1703)	accu 0.875 (0.932)	
Train Epoch-8   Iter-225/706	loss 0.5317 (0.1756)	accu 0.750 (0.929)	
Train Epoch-8   Iter-250/706	loss 0.1224 (0.1758)	accu 1.000 (0.930)	
Train Epoch-8   Iter-275/706	loss 0.2470 (0.1736)	accu 0.875 (0.932)	
Train Epoch-8   Iter-300/706	loss 0.2872 (0.1689)	accu 0.875 (0.934)	
Train Epoch-8   Iter-325/706	loss 0.0505 (0.1672)	accu 1.000 (0.935)	
Train Epoch-8   Iter-350/706	loss 0.1800 (0.1680)	accu 1.000 (0.936)	
Train Epoch-8   Iter-375/706	loss 0.0034 (0.1629)	accu 1.000 (0.938)	
Train Epoch-8   Iter-400/706	loss 0.0202 (0.1641)	accu 1.000 (0.940)	
Train Epoch-8   Iter-425/706	loss 0.0185 (0.1599)	accu 1.000 (0.941)	
Train Epoch-8   Iter-450/706	loss 0.0655 (0.1603)	accu 1.000 (0.941)	
Train Epoch-8   Iter-475/706	loss 0.1976 (0.1598)	accu 0.875 (0.941)	
Train Epoch-8   Iter-500/706	loss 0.0245 (0.1554)	accu 1.000 (0.942)	
Train Epoch-8   Iter-525/706	loss 0.1152 (0.1559)	accu 1.000 (0.942)	
Train Epoch-8   Iter-550/706	loss 0.2387 (0.1570)	accu 0.875 (0.941)	
Train Epoch-8   Iter-575/706	loss 0.0986 (0.1557)	accu 0.875 (0.940)	
Train Epoch-8   Iter-600/706	loss 0.0681 (0.1569)	accu 1.000 (0.940)	
Train Epoch-8   Iter-625/706	loss 0.0839 (0.1589)	accu 1.000 (0.940)	
Train Epoch-8   Iter-650/706	loss 0.0170 (0.1566)	accu 1.000 (0.941)	
Train Epoch-8   Iter-675/706	loss 0.3809 (0.1538)	accu 0.875 (0.942)	
Train Epoch-8   Iter-700/706	loss 0.3502 (0.1546)	accu 0.750 (0.942)	
Eval Epoch-8   Iter-0  /52 	loss 0.6243 (0.6243)	accu 0.875 (0.875)	
Eval Epoch-8   Iter-25 /52 	loss 0.2950 (1.0843)	accu 0.875 (0.635)	
Eval Epoch-8   Iter-50 /52 	loss 0.3251 (0.7366)	accu 0.750 (0.730)	
Epoch-8   Train: loss 0.1553	accu 0.9416	Eval: loss 0.7261	accu 0.7332
Epoch     9: reducing learning rate of group 0 to 3.0000e-05.
Train Epoch-9   Iter-0  /706	loss 0.0974 (0.0974)	accu 1.000 (1.000)	
Train Epoch-9   Iter-25 /706	loss 0.0411 (0.1370)	accu 1.000 (0.957)	
Train Epoch-9   Iter-50 /706	loss 0.1511 (0.1364)	accu 1.000 (0.951)	
Train Epoch-9   Iter-75 /706	loss 0.2788 (0.1226)	accu 0.875 (0.959)	
Train Epoch-9   Iter-100/706	loss 0.3049 (0.1319)	accu 0.750 (0.949)	
Train Epoch-9   Iter-125/706	loss 0.5573 (0.1286)	accu 0.750 (0.948)	
Train Epoch-9   Iter-150/706	loss 0.0180 (0.1256)	accu 1.000 (0.951)	
Train Epoch-9   Iter-175/706	loss 0.1452 (0.1266)	accu 0.875 (0.952)	
Train Epoch-9   Iter-200/706	loss 0.1906 (0.1278)	accu 0.875 (0.950)	
Train Epoch-9   Iter-225/706	loss 0.2323 (0.1265)	accu 0.875 (0.950)	
Train Epoch-9   Iter-250/706	loss 0.0678 (0.1262)	accu 1.000 (0.951)	
Train Epoch-9   Iter-275/706	loss 0.0617 (0.1278)	accu 1.000 (0.951)	
Train Epoch-9   Iter-300/706	loss 0.1143 (0.1283)	accu 0.875 (0.951)	
Train Epoch-9   Iter-325/706	loss 0.0332 (0.1257)	accu 1.000 (0.952)	
Train Epoch-9   Iter-350/706	loss 0.0267 (0.1264)	accu 1.000 (0.950)	
Train Epoch-9   Iter-375/706	loss 0.0214 (0.1289)	accu 1.000 (0.950)	
Train Epoch-9   Iter-400/706	loss 0.3958 (0.1305)	accu 0.875 (0.950)	
Train Epoch-9   Iter-425/706	loss 0.1636 (0.1325)	accu 0.875 (0.949)	
Train Epoch-9   Iter-450/706	loss 0.0638 (0.1327)	accu 1.000 (0.950)	
Train Epoch-9   Iter-475/706	loss 0.0571 (0.1318)	accu 1.000 (0.950)	
Train Epoch-9   Iter-500/706	loss 0.0221 (0.1317)	accu 1.000 (0.950)	
Train Epoch-9   Iter-525/706	loss 0.0177 (0.1333)	accu 1.000 (0.949)	
Train Epoch-9   Iter-550/706	loss 0.0296 (0.1331)	accu 1.000 (0.949)	
Train Epoch-9   Iter-575/706	loss 0.0749 (0.1309)	accu 1.000 (0.950)	
Train Epoch-9   Iter-600/706	loss 0.0055 (0.1285)	accu 1.000 (0.951)	
Train Epoch-9   Iter-625/706	loss 0.1642 (0.1269)	accu 0.875 (0.951)	
Train Epoch-9   Iter-650/706	loss 0.0032 (0.1271)	accu 1.000 (0.952)	
Train Epoch-9   Iter-675/706	loss 0.1452 (0.1267)	accu 0.875 (0.952)	
Train Epoch-9   Iter-700/706	loss 0.0162 (0.1267)	accu 1.000 (0.951)	
Eval Epoch-9   Iter-0  /52 	loss 0.7986 (0.7986)	accu 0.875 (0.875)	
Eval Epoch-9   Iter-25 /52 	loss 0.1657 (0.9535)	accu 1.000 (0.659)	
Eval Epoch-9   Iter-50 /52 	loss 0.4952 (0.6966)	accu 0.750 (0.743)	
Epoch-9   Train: loss 0.1262	accu 0.9511	Eval: loss 0.6902	accu 0.7452
Train Epoch-10  Iter-0  /706	loss 0.0201 (0.0201)	accu 1.000 (1.000)	
Train Epoch-10  Iter-25 /706	loss 0.0204 (0.1635)	accu 1.000 (0.942)	
Train Epoch-10  Iter-50 /706	loss 0.0155 (0.1314)	accu 1.000 (0.951)	
Train Epoch-10  Iter-75 /706	loss 0.0100 (0.1118)	accu 1.000 (0.956)	
Train Epoch-10  Iter-100/706	loss 0.0173 (0.1095)	accu 1.000 (0.953)	
Train Epoch-10  Iter-125/706	loss 0.0220 (0.1143)	accu 1.000 (0.950)	
Train Epoch-10  Iter-150/706	loss 0.0352 (0.1093)	accu 1.000 (0.954)	
Train Epoch-10  Iter-175/706	loss 0.0121 (0.1055)	accu 1.000 (0.956)	
Train Epoch-10  Iter-200/706	loss 0.0209 (0.1041)	accu 1.000 (0.958)	
Train Epoch-10  Iter-225/706	loss 0.0649 (0.1116)	accu 1.000 (0.956)	
Train Epoch-10  Iter-250/706	loss 0.4608 (0.1131)	accu 0.875 (0.956)	
Train Epoch-10  Iter-275/706	loss 0.0267 (0.1156)	accu 1.000 (0.955)	
Train Epoch-10  Iter-300/706	loss 0.1370 (0.1153)	accu 0.875 (0.954)	
Train Epoch-10  Iter-325/706	loss 0.0461 (0.1136)	accu 1.000 (0.955)	
Train Epoch-10  Iter-350/706	loss 0.0037 (0.1145)	accu 1.000 (0.955)	
Train Epoch-10  Iter-375/706	loss 0.0405 (0.1142)	accu 1.000 (0.956)	
Train Epoch-10  Iter-400/706	loss 0.0160 (0.1162)	accu 1.000 (0.954)	
Train Epoch-10  Iter-425/706	loss 0.0405 (0.1167)	accu 1.000 (0.953)	
Train Epoch-10  Iter-450/706	loss 0.2299 (0.1174)	accu 0.875 (0.953)	
Train Epoch-10  Iter-475/706	loss 0.0466 (0.1174)	accu 1.000 (0.954)	
Train Epoch-10  Iter-500/706	loss 0.0633 (0.1173)	accu 1.000 (0.954)	
Train Epoch-10  Iter-525/706	loss 0.0072 (0.1176)	accu 1.000 (0.954)	
Train Epoch-10  Iter-550/706	loss 0.4638 (0.1171)	accu 0.750 (0.954)	
Train Epoch-10  Iter-575/706	loss 0.0677 (0.1146)	accu 1.000 (0.956)	
Train Epoch-10  Iter-600/706	loss 0.0199 (0.1159)	accu 1.000 (0.955)	
Train Epoch-10  Iter-625/706	loss 0.0319 (0.1144)	accu 1.000 (0.956)	
Train Epoch-10  Iter-650/706	loss 0.0381 (0.1138)	accu 1.000 (0.956)	
Train Epoch-10  Iter-675/706	loss 0.0045 (0.1118)	accu 1.000 (0.956)	
Train Epoch-10  Iter-700/706	loss 0.0233 (0.1106)	accu 1.000 (0.957)	
Eval Epoch-10  Iter-0  /52 	loss 0.9755 (0.9755)	accu 0.875 (0.875)	
Eval Epoch-10  Iter-25 /52 	loss 0.2199 (1.0995)	accu 0.875 (0.639)	
Eval Epoch-10  Iter-50 /52 	loss 0.3894 (0.7782)	accu 0.625 (0.730)	
Epoch-10  Train: loss 0.1103	accu 0.9575	Eval: loss 0.7723	accu 0.7308
Train Epoch-11  Iter-0  /706	loss 0.0261 (0.0261)	accu 1.000 (1.000)	
Train Epoch-11  Iter-25 /706	loss 0.0230 (0.1354)	accu 1.000 (0.938)	
Train Epoch-11  Iter-50 /706	loss 0.0053 (0.1454)	accu 1.000 (0.939)	
Train Epoch-11  Iter-75 /706	loss 0.0038 (0.1175)	accu 1.000 (0.949)	
Train Epoch-11  Iter-100/706	loss 0.0548 (0.1185)	accu 1.000 (0.953)	
Train Epoch-11  Iter-125/706	loss 0.2630 (0.1108)	accu 0.875 (0.957)	
Train Epoch-11  Iter-150/706	loss 0.1339 (0.1100)	accu 0.875 (0.958)	
Train Epoch-11  Iter-175/706	loss 0.0083 (0.1109)	accu 1.000 (0.957)	
Train Epoch-11  Iter-200/706	loss 0.0156 (0.1071)	accu 1.000 (0.960)	
Train Epoch-11  Iter-225/706	loss 0.0277 (0.1067)	accu 1.000 (0.959)	
Train Epoch-11  Iter-250/706	loss 0.1594 (0.1096)	accu 0.875 (0.956)	
Train Epoch-11  Iter-275/706	loss 0.0007 (0.1059)	accu 1.000 (0.957)	
Train Epoch-11  Iter-300/706	loss 0.1486 (0.1050)	accu 1.000 (0.958)	
Train Epoch-11  Iter-325/706	loss 0.0354 (0.1096)	accu 1.000 (0.957)	
Train Epoch-11  Iter-350/706	loss 0.6031 (0.1134)	accu 0.875 (0.955)	
Train Epoch-11  Iter-375/706	loss 0.0807 (0.1123)	accu 1.000 (0.955)	
Train Epoch-11  Iter-400/706	loss 0.2047 (0.1133)	accu 0.875 (0.954)	
Train Epoch-11  Iter-425/706	loss 0.0113 (0.1102)	accu 1.000 (0.956)	
Train Epoch-11  Iter-450/706	loss 0.0193 (0.1079)	accu 1.000 (0.958)	
Train Epoch-11  Iter-475/706	loss 0.0365 (0.1090)	accu 1.000 (0.957)	
Train Epoch-11  Iter-500/706	loss 0.0753 (0.1100)	accu 1.000 (0.958)	
Train Epoch-11  Iter-525/706	loss 0.0201 (0.1096)	accu 1.000 (0.958)	
Train Epoch-11  Iter-550/706	loss 0.0523 (0.1076)	accu 1.000 (0.959)	
Train Epoch-11  Iter-575/706	loss 0.3747 (0.1088)	accu 0.875 (0.959)	
Train Epoch-11  Iter-600/706	loss 0.0418 (0.1066)	accu 1.000 (0.959)	
Train Epoch-11  Iter-625/706	loss 0.0031 (0.1059)	accu 1.000 (0.960)	
Train Epoch-11  Iter-650/706	loss 0.0032 (0.1032)	accu 1.000 (0.961)	
Train Epoch-11  Iter-675/706	loss 0.0049 (0.1047)	accu 1.000 (0.961)	
Train Epoch-11  Iter-700/706	loss 0.7715 (0.1043)	accu 0.875 (0.961)	
Eval Epoch-11  Iter-0  /52 	loss 0.9859 (0.9859)	accu 0.875 (0.875)	
Eval Epoch-11  Iter-25 /52 	loss 0.1181 (1.0034)	accu 1.000 (0.663)	
Eval Epoch-11  Iter-50 /52 	loss 0.6709 (0.7714)	accu 0.625 (0.740)	
Epoch-11  Train: loss 0.1039	accu 0.9609	Eval: loss 0.7722	accu 0.7404
Train Epoch-12  Iter-0  /706	loss 0.0394 (0.0394)	accu 1.000 (1.000)	
Train Epoch-12  Iter-25 /706	loss 0.0768 (0.0975)	accu 1.000 (0.966)	
Train Epoch-12  Iter-50 /706	loss 0.0722 (0.1132)	accu 1.000 (0.961)	
Train Epoch-12  Iter-75 /706	loss 0.0490 (0.1246)	accu 1.000 (0.957)	
Train Epoch-12  Iter-100/706	loss 0.3737 (0.1214)	accu 0.750 (0.955)	
Train Epoch-12  Iter-125/706	loss 0.0036 (0.1101)	accu 1.000 (0.959)	
Train Epoch-12  Iter-150/706	loss 0.0077 (0.1008)	accu 1.000 (0.962)	
Train Epoch-12  Iter-175/706	loss 0.0902 (0.1013)	accu 1.000 (0.962)	
Train Epoch-12  Iter-200/706	loss 0.0099 (0.1002)	accu 1.000 (0.963)	
Train Epoch-12  Iter-225/706	loss 0.0018 (0.0998)	accu 1.000 (0.963)	
Train Epoch-12  Iter-250/706	loss 0.4353 (0.1091)	accu 0.625 (0.959)	
Train Epoch-12  Iter-275/706	loss 0.0969 (0.1072)	accu 1.000 (0.960)	
Train Epoch-12  Iter-300/706	loss 0.1140 (0.1031)	accu 0.875 (0.961)	
Train Epoch-12  Iter-325/706	loss 0.0311 (0.1031)	accu 1.000 (0.962)	
Train Epoch-12  Iter-350/706	loss 0.0969 (0.0998)	accu 0.875 (0.963)	
Train Epoch-12  Iter-375/706	loss 0.6866 (0.1040)	accu 0.875 (0.961)	
Train Epoch-12  Iter-400/706	loss 0.1415 (0.1039)	accu 0.875 (0.961)	
Train Epoch-12  Iter-425/706	loss 0.1519 (0.1059)	accu 0.875 (0.959)	
Train Epoch-12  Iter-450/706	loss 0.0467 (0.1062)	accu 1.000 (0.959)	
Train Epoch-12  Iter-475/706	loss 0.0203 (0.1053)	accu 1.000 (0.959)	
Train Epoch-12  Iter-500/706	loss 0.1916 (0.1038)	accu 0.875 (0.960)	
Train Epoch-12  Iter-525/706	loss 0.0635 (0.1037)	accu 1.000 (0.960)	
Train Epoch-12  Iter-550/706	loss 0.0288 (0.1032)	accu 1.000 (0.961)	
Train Epoch-12  Iter-575/706	loss 0.0082 (0.1023)	accu 1.000 (0.961)	
Train Epoch-12  Iter-600/706	loss 0.0328 (0.1021)	accu 1.000 (0.961)	
Train Epoch-12  Iter-625/706	loss 0.0134 (0.1024)	accu 1.000 (0.961)	
Train Epoch-12  Iter-650/706	loss 0.4589 (0.1025)	accu 0.875 (0.961)	
Train Epoch-12  Iter-675/706	loss 0.1158 (0.1030)	accu 0.875 (0.960)	
Train Epoch-12  Iter-700/706	loss 0.0913 (0.1037)	accu 1.000 (0.960)	
Eval Epoch-12  Iter-0  /52 	loss 0.9566 (0.9566)	accu 0.875 (0.875)	
Eval Epoch-12  Iter-25 /52 	loss 0.2020 (0.9209)	accu 1.000 (0.649)	
Eval Epoch-12  Iter-50 /52 	loss 0.4627 (0.7096)	accu 0.750 (0.743)	
Epoch-12  Train: loss 0.1037	accu 0.9600	Eval: loss 0.7127	accu 0.7428
Train Epoch-13  Iter-0  /706	loss 0.1538 (0.1538)	accu 0.875 (0.875)	
Train Epoch-13  Iter-25 /706	loss 0.0171 (0.0850)	accu 1.000 (0.957)	
Train Epoch-13  Iter-50 /706	loss 0.3309 (0.0956)	accu 0.750 (0.953)	
Train Epoch-13  Iter-75 /706	loss 0.0350 (0.0939)	accu 1.000 (0.959)	
Train Epoch-13  Iter-100/706	loss 0.1734 (0.0902)	accu 1.000 (0.963)	
Train Epoch-13  Iter-125/706	loss 0.1871 (0.0910)	accu 0.875 (0.962)	
Train Epoch-13  Iter-150/706	loss 0.0158 (0.0847)	accu 1.000 (0.966)	
Train Epoch-13  Iter-175/706	loss 0.1965 (0.0846)	accu 0.875 (0.967)	
Train Epoch-13  Iter-200/706	loss 0.1348 (0.0858)	accu 0.875 (0.966)	
Train Epoch-13  Iter-225/706	loss 0.0555 (0.0858)	accu 1.000 (0.966)	
Train Epoch-13  Iter-250/706	loss 0.0201 (0.0903)	accu 1.000 (0.965)	
Train Epoch-13  Iter-275/706	loss 0.0208 (0.0890)	accu 1.000 (0.966)	
Train Epoch-13  Iter-300/706	loss 0.0975 (0.0893)	accu 0.875 (0.965)	
Train Epoch-13  Iter-325/706	loss 0.0114 (0.0890)	accu 1.000 (0.965)	
Train Epoch-13  Iter-350/706	loss 0.0041 (0.0881)	accu 1.000 (0.965)	
Train Epoch-13  Iter-375/706	loss 0.0272 (0.0866)	accu 1.000 (0.966)	
Train Epoch-13  Iter-400/706	loss 0.0190 (0.0858)	accu 1.000 (0.966)	
Train Epoch-13  Iter-425/706	loss 0.1657 (0.0859)	accu 0.875 (0.966)	
Train Epoch-13  Iter-450/706	loss 0.0005 (0.0870)	accu 1.000 (0.966)	
Train Epoch-13  Iter-475/706	loss 0.0047 (0.0864)	accu 1.000 (0.965)	
Train Epoch-13  Iter-500/706	loss 0.0057 (0.0872)	accu 1.000 (0.965)	
Train Epoch-13  Iter-525/706	loss 0.1777 (0.0865)	accu 1.000 (0.965)	
Train Epoch-13  Iter-550/706	loss 0.0056 (0.0865)	accu 1.000 (0.965)	
Train Epoch-13  Iter-575/706	loss 0.0099 (0.0863)	accu 1.000 (0.965)	
Train Epoch-13  Iter-600/706	loss 0.0054 (0.0856)	accu 1.000 (0.966)	
Train Epoch-13  Iter-625/706	loss 0.0337 (0.0869)	accu 1.000 (0.965)	
Train Epoch-13  Iter-650/706	loss 0.0030 (0.0861)	accu 1.000 (0.966)	
Train Epoch-13  Iter-675/706	loss 0.0779 (0.0871)	accu 1.000 (0.966)	
Train Epoch-13  Iter-700/706	loss 0.0964 (0.0867)	accu 0.875 (0.966)	
Eval Epoch-13  Iter-0  /52 	loss 1.0289 (1.0289)	accu 0.875 (0.875)	
Eval Epoch-13  Iter-25 /52 	loss 0.1425 (1.0758)	accu 1.000 (0.659)	
Eval Epoch-13  Iter-50 /52 	loss 0.4663 (0.8300)	accu 0.750 (0.740)	
Epoch-13  Train: loss 0.0872	accu 0.9654	Eval: loss 0.8316	accu 0.7404
Train Epoch-14  Iter-0  /706	loss 0.0993 (0.0993)	accu 1.000 (1.000)	
Train Epoch-14  Iter-25 /706	loss 0.0048 (0.0848)	accu 1.000 (0.976)	
Train Epoch-14  Iter-50 /706	loss 0.0365 (0.0946)	accu 1.000 (0.966)	
Train Epoch-14  Iter-75 /706	loss 0.0183 (0.0996)	accu 1.000 (0.962)	
Train Epoch-14  Iter-100/706	loss 0.0067 (0.0928)	accu 1.000 (0.967)	
Train Epoch-14  Iter-125/706	loss 0.0031 (0.1031)	accu 1.000 (0.961)	
Train Epoch-14  Iter-150/706	loss 0.0055 (0.0991)	accu 1.000 (0.964)	
Train Epoch-14  Iter-175/706	loss 0.0247 (0.0963)	accu 1.000 (0.963)	
Train Epoch-14  Iter-200/706	loss 0.0010 (0.0920)	accu 1.000 (0.965)	
Train Epoch-14  Iter-225/706	loss 0.0212 (0.0876)	accu 1.000 (0.966)	
Train Epoch-14  Iter-250/706	loss 0.3749 (0.0879)	accu 0.750 (0.966)	
Train Epoch-14  Iter-275/706	loss 0.2903 (0.0883)	accu 0.875 (0.967)	
Train Epoch-14  Iter-300/706	loss 0.1514 (0.0871)	accu 0.875 (0.967)	
Train Epoch-14  Iter-325/706	loss 0.0132 (0.0887)	accu 1.000 (0.967)	
Train Epoch-14  Iter-350/706	loss 0.0943 (0.0892)	accu 1.000 (0.967)	
Train Epoch-14  Iter-375/706	loss 0.0192 (0.0876)	accu 1.000 (0.967)	
Train Epoch-14  Iter-400/706	loss 0.0287 (0.0894)	accu 1.000 (0.966)	
Train Epoch-14  Iter-425/706	loss 0.0051 (0.0878)	accu 1.000 (0.967)	
Train Epoch-14  Iter-450/706	loss 0.0336 (0.0880)	accu 1.000 (0.967)	
Train Epoch-14  Iter-475/706	loss 0.1309 (0.0894)	accu 0.875 (0.965)	
Train Epoch-14  Iter-500/706	loss 0.1219 (0.0884)	accu 1.000 (0.966)	
Train Epoch-14  Iter-525/706	loss 0.0618 (0.0885)	accu 1.000 (0.966)	
Train Epoch-14  Iter-550/706	loss 0.3644 (0.0891)	accu 0.875 (0.966)	
Train Epoch-14  Iter-575/706	loss 0.0262 (0.0916)	accu 1.000 (0.965)	
Train Epoch-14  Iter-600/706	loss 0.0444 (0.0915)	accu 1.000 (0.965)	
Train Epoch-14  Iter-625/706	loss 0.0032 (0.0904)	accu 1.000 (0.965)	
Train Epoch-14  Iter-650/706	loss 0.1283 (0.0907)	accu 1.000 (0.965)	
Train Epoch-14  Iter-675/706	loss 0.0316 (0.0892)	accu 1.000 (0.966)	
Train Epoch-14  Iter-700/706	loss 0.0063 (0.0903)	accu 1.000 (0.966)	
Eval Epoch-14  Iter-0  /52 	loss 0.9983 (0.9983)	accu 0.875 (0.875)	
Eval Epoch-14  Iter-25 /52 	loss 0.0723 (0.8599)	accu 1.000 (0.707)	
Eval Epoch-14  Iter-50 /52 	loss 0.7586 (0.7407)	accu 0.625 (0.740)	
Epoch-14  Train: loss 0.0908	accu 0.9655	Eval: loss 0.7448	accu 0.7380
Epoch    15: reducing learning rate of group 0 to 3.0000e-06.
Train Epoch-15  Iter-0  /706	loss 0.0575 (0.0575)	accu 1.000 (1.000)	
Train Epoch-15  Iter-25 /706	loss 0.0173 (0.1007)	accu 1.000 (0.957)	
Train Epoch-15  Iter-50 /706	loss 0.5646 (0.1106)	accu 0.875 (0.961)	
Train Epoch-15  Iter-75 /706	loss 0.0981 (0.0924)	accu 1.000 (0.970)	
Train Epoch-15  Iter-100/706	loss 0.0306 (0.0863)	accu 1.000 (0.973)	
Train Epoch-15  Iter-125/706	loss 0.0167 (0.0833)	accu 1.000 (0.971)	
Train Epoch-15  Iter-150/706	loss 0.0037 (0.0842)	accu 1.000 (0.971)	
Train Epoch-15  Iter-175/706	loss 0.0623 (0.0773)	accu 1.000 (0.974)	
Train Epoch-15  Iter-200/706	loss 0.0083 (0.0764)	accu 1.000 (0.973)	
Train Epoch-15  Iter-225/706	loss 0.0033 (0.0781)	accu 1.000 (0.974)	
Train Epoch-15  Iter-250/706	loss 0.0500 (0.0780)	accu 1.000 (0.973)	
Train Epoch-15  Iter-275/706	loss 0.0112 (0.0786)	accu 1.000 (0.972)	
Train Epoch-15  Iter-300/706	loss 0.0285 (0.0786)	accu 1.000 (0.973)	
Train Epoch-15  Iter-325/706	loss 0.0492 (0.0796)	accu 1.000 (0.971)	
Train Epoch-15  Iter-350/706	loss 0.0365 (0.0802)	accu 1.000 (0.970)	
Train Epoch-15  Iter-375/706	loss 0.0163 (0.0766)	accu 1.000 (0.972)	
Train Epoch-15  Iter-400/706	loss 0.0685 (0.0763)	accu 1.000 (0.972)	
Train Epoch-15  Iter-425/706	loss 0.0458 (0.0780)	accu 1.000 (0.972)	
Train Epoch-15  Iter-450/706	loss 0.0208 (0.0767)	accu 1.000 (0.971)	
Train Epoch-15  Iter-475/706	loss 0.0351 (0.0770)	accu 1.000 (0.971)	
Train Epoch-15  Iter-500/706	loss 0.0183 (0.0771)	accu 1.000 (0.971)	
Train Epoch-15  Iter-525/706	loss 0.0077 (0.0786)	accu 1.000 (0.971)	
Train Epoch-15  Iter-550/706	loss 0.2414 (0.0806)	accu 0.875 (0.970)	
Train Epoch-15  Iter-575/706	loss 0.0042 (0.0820)	accu 1.000 (0.968)	
Train Epoch-15  Iter-600/706	loss 0.0866 (0.0812)	accu 1.000 (0.969)	
Train Epoch-15  Iter-625/706	loss 0.0009 (0.0813)	accu 1.000 (0.968)	
Train Epoch-15  Iter-650/706	loss 0.0075 (0.0816)	accu 1.000 (0.968)	
Train Epoch-15  Iter-675/706	loss 0.3792 (0.0829)	accu 0.875 (0.967)	
Train Epoch-15  Iter-700/706	loss 0.4328 (0.0826)	accu 0.875 (0.967)	
Eval Epoch-15  Iter-0  /52 	loss 1.0379 (1.0379)	accu 0.875 (0.875)	
Eval Epoch-15  Iter-25 /52 	loss 0.0991 (0.9806)	accu 1.000 (0.673)	
Eval Epoch-15  Iter-50 /52 	loss 0.6256 (0.7905)	accu 0.750 (0.740)	
Epoch-15  Train: loss 0.0828	accu 0.9672	Eval: loss 0.7914	accu 0.7404
Train Epoch-16  Iter-0  /706	loss 0.3511 (0.3511)	accu 0.875 (0.875)	
Train Epoch-16  Iter-25 /706	loss 0.0531 (0.1268)	accu 1.000 (0.952)	
Train Epoch-16  Iter-50 /706	loss 0.0111 (0.0946)	accu 1.000 (0.971)	
Train Epoch-16  Iter-75 /706	loss 0.0372 (0.0896)	accu 1.000 (0.972)	
Train Epoch-16  Iter-100/706	loss 0.0103 (0.0919)	accu 1.000 (0.968)	
Train Epoch-16  Iter-125/706	loss 0.0603 (0.0923)	accu 1.000 (0.968)	
Train Epoch-16  Iter-150/706	loss 0.0191 (0.0929)	accu 1.000 (0.968)	
Train Epoch-16  Iter-175/706	loss 0.0006 (0.0887)	accu 1.000 (0.969)	
Train Epoch-16  Iter-200/706	loss 0.0349 (0.0887)	accu 1.000 (0.970)	
Train Epoch-16  Iter-225/706	loss 0.0661 (0.0882)	accu 1.000 (0.970)	
Train Epoch-16  Iter-250/706	loss 0.0004 (0.0857)	accu 1.000 (0.970)	
Train Epoch-16  Iter-275/706	loss 0.0751 (0.0841)	accu 1.000 (0.969)	
Train Epoch-16  Iter-300/706	loss 0.0075 (0.0835)	accu 1.000 (0.969)	
Train Epoch-16  Iter-325/706	loss 0.0284 (0.0846)	accu 1.000 (0.969)	
Train Epoch-16  Iter-350/706	loss 0.1253 (0.0868)	accu 0.875 (0.968)	
Train Epoch-16  Iter-375/706	loss 0.3473 (0.0871)	accu 0.750 (0.967)	
Train Epoch-16  Iter-400/706	loss 0.0689 (0.0882)	accu 1.000 (0.967)	
Train Epoch-16  Iter-425/706	loss 0.1779 (0.0873)	accu 0.875 (0.967)	
Train Epoch-16  Iter-450/706	loss 0.1487 (0.0902)	accu 0.875 (0.965)	
Train Epoch-16  Iter-475/706	loss 0.0673 (0.0874)	accu 1.000 (0.967)	
Train Epoch-16  Iter-500/706	loss 0.0139 (0.0875)	accu 1.000 (0.967)	
Train Epoch-16  Iter-525/706	loss 0.0042 (0.0871)	accu 1.000 (0.967)	
Train Epoch-16  Iter-550/706	loss 0.4163 (0.0879)	accu 0.875 (0.966)	
Train Epoch-16  Iter-575/706	loss 0.0026 (0.0893)	accu 1.000 (0.966)	
Train Epoch-16  Iter-600/706	loss 0.1378 (0.0884)	accu 0.875 (0.966)	
Train Epoch-16  Iter-625/706	loss 0.0579 (0.0896)	accu 1.000 (0.966)	
Train Epoch-16  Iter-650/706	loss 0.0044 (0.0904)	accu 1.000 (0.966)	
Train Epoch-16  Iter-675/706	loss 0.0202 (0.0898)	accu 1.000 (0.966)	
Train Epoch-16  Iter-700/706	loss 0.1759 (0.0895)	accu 0.875 (0.966)	
Eval Epoch-16  Iter-0  /52 	loss 1.0611 (1.0611)	accu 0.875 (0.875)	
Eval Epoch-16  Iter-25 /52 	loss 0.1171 (1.0590)	accu 1.000 (0.673)	
Eval Epoch-16  Iter-50 /52 	loss 0.5572 (0.8257)	accu 0.750 (0.743)	
Epoch-16  Train: loss 0.0893	accu 0.9662	Eval: loss 0.8238	accu 0.7428
Train Epoch-17  Iter-0  /706	loss 0.1323 (0.1323)	accu 0.875 (0.875)	
Train Epoch-17  Iter-25 /706	loss 0.0039 (0.0693)	accu 1.000 (0.971)	
Train Epoch-17  Iter-50 /706	loss 0.0022 (0.0802)	accu 1.000 (0.966)	
Train Epoch-17  Iter-75 /706	loss 0.1819 (0.0836)	accu 0.875 (0.961)	
Train Epoch-17  Iter-100/706	loss 0.0060 (0.0740)	accu 1.000 (0.967)	
Train Epoch-17  Iter-125/706	loss 0.0049 (0.0802)	accu 1.000 (0.965)	
Train Epoch-17  Iter-150/706	loss 0.2711 (0.0780)	accu 0.875 (0.966)	
Train Epoch-17  Iter-175/706	loss 0.0232 (0.0749)	accu 1.000 (0.967)	
Train Epoch-17  Iter-200/706	loss 0.0321 (0.0748)	accu 1.000 (0.968)	
Train Epoch-17  Iter-225/706	loss 0.0089 (0.0759)	accu 1.000 (0.967)	
Train Epoch-17  Iter-250/706	loss 0.2142 (0.0772)	accu 0.875 (0.966)	
Train Epoch-17  Iter-275/706	loss 0.0049 (0.0822)	accu 1.000 (0.964)	
Train Epoch-17  Iter-300/706	loss 0.0031 (0.0823)	accu 1.000 (0.965)	
Train Epoch-17  Iter-325/706	loss 0.1333 (0.0842)	accu 0.875 (0.964)	
Train Epoch-17  Iter-350/706	loss 0.2411 (0.0826)	accu 0.875 (0.965)	
Train Epoch-17  Iter-375/706	loss 0.0783 (0.0822)	accu 1.000 (0.965)	
Train Epoch-17  Iter-400/706	loss 0.1896 (0.0856)	accu 0.875 (0.964)	
Train Epoch-17  Iter-425/706	loss 0.3127 (0.0855)	accu 0.875 (0.964)	
Train Epoch-17  Iter-450/706	loss 0.0713 (0.0835)	accu 1.000 (0.965)	
Train Epoch-17  Iter-475/706	loss 0.0732 (0.0856)	accu 1.000 (0.964)	
Train Epoch-17  Iter-500/706	loss 0.0209 (0.0863)	accu 1.000 (0.964)	
Train Epoch-17  Iter-525/706	loss 0.0024 (0.0853)	accu 1.000 (0.964)	
Train Epoch-17  Iter-550/706	loss 0.0086 (0.0850)	accu 1.000 (0.964)	
Train Epoch-17  Iter-575/706	loss 0.0625 (0.0836)	accu 1.000 (0.965)	
Train Epoch-17  Iter-600/706	loss 0.0254 (0.0829)	accu 1.000 (0.965)	
Train Epoch-17  Iter-625/706	loss 0.1442 (0.0824)	accu 0.875 (0.965)	
Train Epoch-17  Iter-650/706	loss 0.0970 (0.0827)	accu 1.000 (0.965)	
Train Epoch-17  Iter-675/706	loss 0.0114 (0.0826)	accu 1.000 (0.965)	
Train Epoch-17  Iter-700/706	loss 0.0716 (0.0834)	accu 1.000 (0.965)	
Eval Epoch-17  Iter-0  /52 	loss 1.0776 (1.0776)	accu 0.875 (0.875)	
Eval Epoch-17  Iter-25 /52 	loss 0.1282 (1.0768)	accu 1.000 (0.673)	
Eval Epoch-17  Iter-50 /52 	loss 0.5340 (0.8332)	accu 0.750 (0.745)	
Epoch-17  Train: loss 0.0834	accu 0.9648	Eval: loss 0.8300	accu 0.7452
Train Epoch-18  Iter-0  /706	loss 0.1693 (0.1693)	accu 0.875 (0.875)	
Train Epoch-18  Iter-25 /706	loss 0.0045 (0.0627)	accu 1.000 (0.971)	
Train Epoch-18  Iter-50 /706	loss 0.0158 (0.0960)	accu 1.000 (0.966)	
Train Epoch-18  Iter-75 /706	loss 0.0005 (0.0920)	accu 1.000 (0.962)	
Train Epoch-18  Iter-100/706	loss 0.0383 (0.0974)	accu 1.000 (0.960)	
Train Epoch-18  Iter-125/706	loss 0.0726 (0.0982)	accu 1.000 (0.961)	
Train Epoch-18  Iter-150/706	loss 0.2076 (0.0905)	accu 0.875 (0.965)	
Train Epoch-18  Iter-175/706	loss 0.0060 (0.0961)	accu 1.000 (0.962)	
Train Epoch-18  Iter-200/706	loss 0.0085 (0.0917)	accu 1.000 (0.963)	
Train Epoch-18  Iter-225/706	loss 0.2965 (0.0993)	accu 0.875 (0.959)	
Train Epoch-18  Iter-250/706	loss 0.0073 (0.0968)	accu 1.000 (0.960)	
Train Epoch-18  Iter-275/706	loss 0.0309 (0.0923)	accu 1.000 (0.962)	
Train Epoch-18  Iter-300/706	loss 0.0370 (0.0897)	accu 1.000 (0.963)	
Train Epoch-18  Iter-325/706	loss 0.0029 (0.0931)	accu 1.000 (0.962)	
Train Epoch-18  Iter-350/706	loss 0.0131 (0.0906)	accu 1.000 (0.963)	
Train Epoch-18  Iter-375/706	loss 0.0076 (0.0917)	accu 1.000 (0.963)	
Train Epoch-18  Iter-400/706	loss 0.0030 (0.0905)	accu 1.000 (0.964)	
Train Epoch-18  Iter-425/706	loss 0.0058 (0.0897)	accu 1.000 (0.964)	
Train Epoch-18  Iter-450/706	loss 0.2542 (0.0905)	accu 0.875 (0.965)	
Train Epoch-18  Iter-475/706	loss 0.0024 (0.0909)	accu 1.000 (0.963)	
Train Epoch-18  Iter-500/706	loss 0.2907 (0.0904)	accu 0.875 (0.964)	
Train Epoch-18  Iter-525/706	loss 0.0852 (0.0887)	accu 1.000 (0.965)	
Train Epoch-18  Iter-550/706	loss 0.1374 (0.0879)	accu 0.875 (0.965)	
Train Epoch-18  Iter-575/706	loss 0.0249 (0.0860)	accu 1.000 (0.966)	
Train Epoch-18  Iter-600/706	loss 0.0496 (0.0857)	accu 1.000 (0.966)	
Train Epoch-18  Iter-625/706	loss 0.0206 (0.0850)	accu 1.000 (0.966)	
Train Epoch-18  Iter-650/706	loss 0.0156 (0.0850)	accu 1.000 (0.966)	
Train Epoch-18  Iter-675/706	loss 0.0132 (0.0852)	accu 1.000 (0.966)	
Train Epoch-18  Iter-700/706	loss 0.0035 (0.0860)	accu 1.000 (0.966)	
Eval Epoch-18  Iter-0  /52 	loss 1.0699 (1.0699)	accu 0.875 (0.875)	
Eval Epoch-18  Iter-25 /52 	loss 0.1138 (1.0459)	accu 1.000 (0.673)	
Eval Epoch-18  Iter-50 /52 	loss 0.5831 (0.8234)	accu 0.750 (0.740)	
Epoch-18  Train: loss 0.0855	accu 0.9662	Eval: loss 0.8205	accu 0.7404
Train Epoch-19  Iter-0  /706	loss 0.0867 (0.0867)	accu 1.000 (1.000)	
Train Epoch-19  Iter-25 /706	loss 0.0106 (0.0514)	accu 1.000 (0.976)	
Train Epoch-19  Iter-50 /706	loss 0.2935 (0.0663)	accu 0.875 (0.968)	
Train Epoch-19  Iter-75 /706	loss 0.0160 (0.0816)	accu 1.000 (0.967)	
Train Epoch-19  Iter-100/706	loss 0.0926 (0.1034)	accu 1.000 (0.965)	
Train Epoch-19  Iter-125/706	loss 0.0005 (0.0932)	accu 1.000 (0.966)	
Train Epoch-19  Iter-150/706	loss 0.0519 (0.0964)	accu 1.000 (0.964)	
Train Epoch-19  Iter-175/706	loss 0.0150 (0.0987)	accu 1.000 (0.962)	
Train Epoch-19  Iter-200/706	loss 0.1306 (0.0987)	accu 1.000 (0.961)	
Train Epoch-19  Iter-225/706	loss 0.0138 (0.0964)	accu 1.000 (0.961)	
Train Epoch-19  Iter-250/706	loss 0.0643 (0.1023)	accu 1.000 (0.959)	
Train Epoch-19  Iter-275/706	loss 0.0240 (0.1033)	accu 1.000 (0.958)	
Train Epoch-19  Iter-300/706	loss 0.0051 (0.0996)	accu 1.000 (0.960)	
Train Epoch-19  Iter-325/706	loss 0.0345 (0.0939)	accu 1.000 (0.963)	
Train Epoch-19  Iter-350/706	loss 0.0126 (0.0951)	accu 1.000 (0.962)	
Train Epoch-19  Iter-375/706	loss 0.0013 (0.0927)	accu 1.000 (0.963)	
Train Epoch-19  Iter-400/706	loss 0.0403 (0.0915)	accu 1.000 (0.964)	
Train Epoch-19  Iter-425/706	loss 0.3339 (0.0922)	accu 0.875 (0.964)	
Train Epoch-19  Iter-450/706	loss 0.0300 (0.0916)	accu 1.000 (0.964)	
Train Epoch-19  Iter-475/706	loss 0.0096 (0.0910)	accu 1.000 (0.965)	
Train Epoch-19  Iter-500/706	loss 0.0271 (0.0909)	accu 1.000 (0.965)	
Train Epoch-19  Iter-525/706	loss 0.0414 (0.0904)	accu 1.000 (0.965)	
Train Epoch-19  Iter-550/706	loss 0.0102 (0.0904)	accu 1.000 (0.965)	
Train Epoch-19  Iter-575/706	loss 0.0028 (0.0903)	accu 1.000 (0.964)	
Train Epoch-19  Iter-600/706	loss 0.1131 (0.0895)	accu 0.875 (0.965)	
Train Epoch-19  Iter-625/706	loss 0.4048 (0.0892)	accu 0.750 (0.965)	
Train Epoch-19  Iter-650/706	loss 0.4421 (0.0875)	accu 0.875 (0.965)	
Train Epoch-19  Iter-675/706	loss 0.0130 (0.0875)	accu 1.000 (0.965)	
Train Epoch-19  Iter-700/706	loss 0.0070 (0.0864)	accu 1.000 (0.965)	
Eval Epoch-19  Iter-0  /52 	loss 1.0649 (1.0649)	accu 0.875 (0.875)	
Eval Epoch-19  Iter-25 /52 	loss 0.1129 (1.0613)	accu 1.000 (0.678)	
Eval Epoch-19  Iter-50 /52 	loss 0.5633 (0.8293)	accu 0.750 (0.745)	
Epoch-19  Train: loss 0.0859	accu 0.9657	Eval: loss 0.8232	accu 0.7452
Train Epoch-20  Iter-0  /706	loss 0.5046 (0.5046)	accu 0.875 (0.875)	
Train Epoch-20  Iter-25 /706	loss 0.0791 (0.0958)	accu 1.000 (0.966)	
Train Epoch-20  Iter-50 /706	loss 0.0283 (0.0745)	accu 1.000 (0.973)	
Train Epoch-20  Iter-75 /706	loss 0.4020 (0.0732)	accu 0.875 (0.972)	
Train Epoch-20  Iter-100/706	loss 0.1670 (0.0826)	accu 0.875 (0.969)	
Train Epoch-20  Iter-125/706	loss 0.1563 (0.0841)	accu 0.875 (0.968)	
Train Epoch-20  Iter-150/706	loss 0.0002 (0.0847)	accu 1.000 (0.968)	
Train Epoch-20  Iter-175/706	loss 0.0093 (0.0827)	accu 1.000 (0.968)	
Train Epoch-20  Iter-200/706	loss 0.0316 (0.0791)	accu 1.000 (0.971)	
Train Epoch-20  Iter-225/706	loss 0.0369 (0.0756)	accu 1.000 (0.972)	
Train Epoch-20  Iter-250/706	loss 0.0373 (0.0809)	accu 1.000 (0.968)	
Train Epoch-20  Iter-275/706	loss 0.4792 (0.0825)	accu 0.875 (0.968)	
Train Epoch-20  Iter-300/706	loss 0.0073 (0.0804)	accu 1.000 (0.968)	
Train Epoch-20  Iter-325/706	loss 0.0565 (0.0807)	accu 1.000 (0.968)	
Train Epoch-20  Iter-350/706	loss 0.0909 (0.0854)	accu 1.000 (0.967)	
Train Epoch-20  Iter-375/706	loss 0.0579 (0.0860)	accu 1.000 (0.967)	
Train Epoch-20  Iter-400/706	loss 0.0107 (0.0860)	accu 1.000 (0.967)	
Train Epoch-20  Iter-425/706	loss 0.0480 (0.0844)	accu 1.000 (0.968)	
Train Epoch-20  Iter-450/706	loss 0.0062 (0.0848)	accu 1.000 (0.967)	
Train Epoch-20  Iter-475/706	loss 0.0020 (0.0857)	accu 1.000 (0.966)	
Train Epoch-20  Iter-500/706	loss 0.3019 (0.0871)	accu 0.875 (0.966)	
Train Epoch-20  Iter-525/706	loss 0.1938 (0.0880)	accu 0.875 (0.966)	
Train Epoch-20  Iter-550/706	loss 0.0004 (0.0877)	accu 1.000 (0.966)	
Train Epoch-20  Iter-575/706	loss 0.1467 (0.0887)	accu 0.875 (0.965)	
Train Epoch-20  Iter-600/706	loss 0.0527 (0.0886)	accu 1.000 (0.965)	
Train Epoch-20  Iter-625/706	loss 0.0711 (0.0879)	accu 1.000 (0.966)	
Train Epoch-20  Iter-650/706	loss 0.1605 (0.0878)	accu 1.000 (0.966)	
Train Epoch-20  Iter-675/706	loss 0.2057 (0.0898)	accu 0.875 (0.965)	
Train Epoch-20  Iter-700/706	loss 0.0075 (0.0905)	accu 1.000 (0.965)	
Eval Epoch-20  Iter-0  /52 	loss 1.0418 (1.0418)	accu 0.875 (0.875)	
Eval Epoch-20  Iter-25 /52 	loss 0.0978 (0.9777)	accu 1.000 (0.683)	
Eval Epoch-20  Iter-50 /52 	loss 0.6251 (0.7884)	accu 0.625 (0.738)	
Epoch-20  Train: loss 0.0920	accu 0.9646	Eval: loss 0.7851	accu 0.7356
Epoch    21: reducing learning rate of group 0 to 3.0000e-07.
Train Epoch-21  Iter-0  /706	loss 0.0929 (0.0929)	accu 1.000 (1.000)	
Train Epoch-21  Iter-25 /706	loss 0.0552 (0.1018)	accu 1.000 (0.957)	
Train Epoch-21  Iter-50 /706	loss 0.0676 (0.0782)	accu 1.000 (0.971)	
Train Epoch-21  Iter-75 /706	loss 0.1929 (0.0773)	accu 0.875 (0.969)	
Train Epoch-21  Iter-100/706	loss 0.0809 (0.0837)	accu 1.000 (0.967)	
Train Epoch-21  Iter-125/706	loss 0.0044 (0.0739)	accu 1.000 (0.971)	
Train Epoch-21  Iter-150/706	loss 0.0027 (0.0761)	accu 1.000 (0.973)	
Train Epoch-21  Iter-175/706	loss 0.0690 (0.0727)	accu 1.000 (0.974)	
Train Epoch-21  Iter-200/706	loss 0.1147 (0.0731)	accu 0.875 (0.973)	
Train Epoch-21  Iter-225/706	loss 0.0046 (0.0699)	accu 1.000 (0.974)	
Train Epoch-21  Iter-250/706	loss 0.0484 (0.0697)	accu 1.000 (0.975)	
Train Epoch-21  Iter-275/706	loss 0.0150 (0.0689)	accu 1.000 (0.975)	
Train Epoch-21  Iter-300/706	loss 0.0026 (0.0754)	accu 1.000 (0.972)	
Train Epoch-21  Iter-325/706	loss 0.0619 (0.0759)	accu 1.000 (0.972)	
Train Epoch-21  Iter-350/706	loss 0.0675 (0.0779)	accu 1.000 (0.970)	
Train Epoch-21  Iter-375/706	loss 0.0121 (0.0786)	accu 1.000 (0.970)	
Train Epoch-21  Iter-400/706	loss 0.0030 (0.0786)	accu 1.000 (0.970)	
Train Epoch-21  Iter-425/706	loss 0.0200 (0.0784)	accu 1.000 (0.971)	
Train Epoch-21  Iter-450/706	loss 0.0531 (0.0795)	accu 1.000 (0.970)	
Train Epoch-21  Iter-475/706	loss 0.0092 (0.0777)	accu 1.000 (0.971)	
Train Epoch-21  Iter-500/706	loss 0.0224 (0.0775)	accu 1.000 (0.971)	
Train Epoch-21  Iter-525/706	loss 0.0710 (0.0777)	accu 1.000 (0.971)	
Train Epoch-21  Iter-550/706	loss 0.0057 (0.0776)	accu 1.000 (0.970)	
Train Epoch-21  Iter-575/706	loss 0.2048 (0.0781)	accu 0.875 (0.970)	
Train Epoch-21  Iter-600/706	loss 0.0041 (0.0771)	accu 1.000 (0.970)	
Train Epoch-21  Iter-625/706	loss 0.0417 (0.0769)	accu 1.000 (0.970)	
Train Epoch-21  Iter-650/706	loss 0.0447 (0.0789)	accu 1.000 (0.968)	
Train Epoch-21  Iter-675/706	loss 0.1070 (0.0813)	accu 1.000 (0.967)	
Train Epoch-21  Iter-700/706	loss 0.5511 (0.0828)	accu 0.750 (0.966)	
Eval Epoch-21  Iter-0  /52 	loss 1.0470 (1.0470)	accu 0.875 (0.875)	
Eval Epoch-21  Iter-25 /52 	loss 0.1019 (0.9964)	accu 1.000 (0.678)	
Eval Epoch-21  Iter-50 /52 	loss 0.6072 (0.7970)	accu 0.625 (0.740)	
Epoch-21  Train: loss 0.0833	accu 0.9662	Eval: loss 0.7931	accu 0.7380
Train Epoch-22  Iter-0  /706	loss 0.0848 (0.0848)	accu 1.000 (1.000)	
Train Epoch-22  Iter-25 /706	loss 0.2334 (0.0942)	accu 0.875 (0.981)	
Train Epoch-22  Iter-50 /706	loss 0.1626 (0.0974)	accu 0.875 (0.971)	
Train Epoch-22  Iter-75 /706	loss 0.0228 (0.0878)	accu 1.000 (0.972)	
Train Epoch-22  Iter-100/706	loss 0.0017 (0.0856)	accu 1.000 (0.972)	
Train Epoch-22  Iter-125/706	loss 0.1125 (0.0869)	accu 1.000 (0.968)	
Train Epoch-22  Iter-150/706	loss 0.1869 (0.0853)	accu 0.875 (0.969)	
Train Epoch-22  Iter-175/706	loss 0.0132 (0.0874)	accu 1.000 (0.967)	
Train Epoch-22  Iter-200/706	loss 0.0569 (0.0824)	accu 1.000 (0.969)	
Train Epoch-22  Iter-225/706	loss 0.0234 (0.0775)	accu 1.000 (0.971)	
Train Epoch-22  Iter-250/706	loss 0.0870 (0.0760)	accu 1.000 (0.972)	
Train Epoch-22  Iter-275/706	loss 0.0155 (0.0764)	accu 1.000 (0.972)	
Train Epoch-22  Iter-300/706	loss 0.0798 (0.0757)	accu 1.000 (0.972)	
Train Epoch-22  Iter-325/706	loss 0.0296 (0.0772)	accu 1.000 (0.971)	
Train Epoch-22  Iter-350/706	loss 0.0516 (0.0761)	accu 1.000 (0.972)	
Train Epoch-22  Iter-375/706	loss 0.1777 (0.0752)	accu 0.875 (0.971)	
Train Epoch-22  Iter-400/706	loss 0.0509 (0.0749)	accu 1.000 (0.971)	
Train Epoch-22  Iter-425/706	loss 0.0030 (0.0763)	accu 1.000 (0.971)	
Train Epoch-22  Iter-450/706	loss 0.0377 (0.0749)	accu 1.000 (0.972)	
Train Epoch-22  Iter-475/706	loss 0.0076 (0.0766)	accu 1.000 (0.970)	
Train Epoch-22  Iter-500/706	loss 0.1969 (0.0768)	accu 0.875 (0.970)	
Train Epoch-22  Iter-525/706	loss 0.1213 (0.0774)	accu 1.000 (0.970)	
Train Epoch-22  Iter-550/706	loss 0.1196 (0.0785)	accu 0.875 (0.968)	
Train Epoch-22  Iter-575/706	loss 0.0040 (0.0796)	accu 1.000 (0.968)	
Train Epoch-22  Iter-600/706	loss 0.0085 (0.0798)	accu 1.000 (0.967)	
Train Epoch-22  Iter-625/706	loss 0.1249 (0.0794)	accu 0.875 (0.967)	
Train Epoch-22  Iter-650/706	loss 0.0230 (0.0795)	accu 1.000 (0.967)	
Train Epoch-22  Iter-675/706	loss 0.1028 (0.0814)	accu 1.000 (0.966)	
Train Epoch-22  Iter-700/706	loss 0.0558 (0.0818)	accu 1.000 (0.966)	
Eval Epoch-22  Iter-0  /52 	loss 1.0494 (1.0494)	accu 0.875 (0.875)	
Eval Epoch-22  Iter-25 /52 	loss 0.1019 (1.0028)	accu 1.000 (0.673)	
Eval Epoch-22  Iter-50 /52 	loss 0.6068 (0.8008)	accu 0.625 (0.738)	
Epoch-22  Train: loss 0.0818	accu 0.9657	Eval: loss 0.7967	accu 0.7356
Train Epoch-23  Iter-0  /706	loss 0.1502 (0.1502)	accu 0.875 (0.875)	
Train Epoch-23  Iter-25 /706	loss 0.0560 (0.0749)	accu 1.000 (0.966)	
Train Epoch-23  Iter-50 /706	loss 0.0012 (0.0784)	accu 1.000 (0.966)	
Train Epoch-23  Iter-75 /706	loss 0.0090 (0.0847)	accu 1.000 (0.962)	
Train Epoch-23  Iter-100/706	loss 0.0043 (0.0821)	accu 1.000 (0.963)	
Train Epoch-23  Iter-125/706	loss 0.1615 (0.0840)	accu 0.875 (0.961)	
Train Epoch-23  Iter-150/706	loss 0.0899 (0.0866)	accu 1.000 (0.961)	
Train Epoch-23  Iter-175/706	loss 0.0239 (0.0863)	accu 1.000 (0.962)	
Train Epoch-23  Iter-200/706	loss 0.0117 (0.0886)	accu 1.000 (0.959)	
Train Epoch-23  Iter-225/706	loss 0.0131 (0.0852)	accu 1.000 (0.961)	
Train Epoch-23  Iter-250/706	loss 0.6158 (0.0838)	accu 0.750 (0.963)	
Train Epoch-23  Iter-275/706	loss 0.1462 (0.0874)	accu 0.875 (0.961)	
Train Epoch-23  Iter-300/706	loss 0.0149 (0.0847)	accu 1.000 (0.963)	
Train Epoch-23  Iter-325/706	loss 0.0233 (0.0831)	accu 1.000 (0.964)	
Train Epoch-23  Iter-350/706	loss 0.0190 (0.0839)	accu 1.000 (0.964)	
Train Epoch-23  Iter-375/706	loss 0.0087 (0.0827)	accu 1.000 (0.964)	
Train Epoch-23  Iter-400/706	loss 0.0244 (0.0806)	accu 1.000 (0.966)	
Train Epoch-23  Iter-425/706	loss 0.0003 (0.0808)	accu 1.000 (0.965)	
Train Epoch-23  Iter-450/706	loss 0.0402 (0.0817)	accu 1.000 (0.966)	
Train Epoch-23  Iter-475/706	loss 0.1224 (0.0803)	accu 0.875 (0.967)	
Train Epoch-23  Iter-500/706	loss 0.0333 (0.0807)	accu 1.000 (0.967)	
Train Epoch-23  Iter-525/706	loss 0.0048 (0.0796)	accu 1.000 (0.968)	
Train Epoch-23  Iter-550/706	loss 0.0068 (0.0804)	accu 1.000 (0.967)	
Train Epoch-23  Iter-575/706	loss 0.0087 (0.0812)	accu 1.000 (0.967)	
Train Epoch-23  Iter-600/706	loss 0.0278 (0.0808)	accu 1.000 (0.967)	
Train Epoch-23  Iter-625/706	loss 0.0025 (0.0821)	accu 1.000 (0.967)	
Train Epoch-23  Iter-650/706	loss 0.0376 (0.0816)	accu 1.000 (0.967)	
Train Epoch-23  Iter-675/706	loss 0.0106 (0.0815)	accu 1.000 (0.967)	
Train Epoch-23  Iter-700/706	loss 0.0892 (0.0810)	accu 1.000 (0.967)	
Eval Epoch-23  Iter-0  /52 	loss 1.0528 (1.0528)	accu 0.875 (0.875)	
Eval Epoch-23  Iter-25 /52 	loss 0.1026 (1.0133)	accu 1.000 (0.673)	
Eval Epoch-23  Iter-50 /52 	loss 0.6002 (0.8068)	accu 0.625 (0.740)	
Epoch-23  Train: loss 0.0809	accu 0.9671	Eval: loss 0.8025	accu 0.7380
Train Epoch-24  Iter-0  /706	loss 0.1085 (0.1085)	accu 1.000 (1.000)	
Train Epoch-24  Iter-25 /706	loss 0.1993 (0.0839)	accu 1.000 (0.976)	
Train Epoch-24  Iter-50 /706	loss 0.0648 (0.0826)	accu 1.000 (0.971)	
Train Epoch-24  Iter-75 /706	loss 0.0039 (0.0723)	accu 1.000 (0.974)	
Train Epoch-24  Iter-100/706	loss 0.0750 (0.0731)	accu 1.000 (0.973)	
Train Epoch-24  Iter-125/706	loss 0.0834 (0.0823)	accu 1.000 (0.968)	
Train Epoch-24  Iter-150/706	loss 0.0063 (0.0823)	accu 1.000 (0.969)	
Train Epoch-24  Iter-175/706	loss 0.2591 (0.0803)	accu 0.875 (0.968)	
Train Epoch-24  Iter-200/706	loss 0.1962 (0.0817)	accu 0.875 (0.968)	
Train Epoch-24  Iter-225/706	loss 0.0329 (0.0783)	accu 1.000 (0.971)	
Train Epoch-24  Iter-250/706	loss 0.0709 (0.0778)	accu 1.000 (0.971)	
Train Epoch-24  Iter-275/706	loss 0.0210 (0.0761)	accu 1.000 (0.971)	
Train Epoch-24  Iter-300/706	loss 0.0067 (0.0774)	accu 1.000 (0.971)	
Train Epoch-24  Iter-325/706	loss 0.0011 (0.0778)	accu 1.000 (0.970)	
Train Epoch-24  Iter-350/706	loss 0.1390 (0.0780)	accu 1.000 (0.970)	
Train Epoch-24  Iter-375/706	loss 0.0253 (0.0780)	accu 1.000 (0.970)	
Train Epoch-24  Iter-400/706	loss 0.0061 (0.0799)	accu 1.000 (0.970)	
Train Epoch-24  Iter-425/706	loss 0.0015 (0.0791)	accu 1.000 (0.970)	
Train Epoch-24  Iter-450/706	loss 0.2333 (0.0807)	accu 0.875 (0.970)	
Train Epoch-24  Iter-475/706	loss 0.0026 (0.0796)	accu 1.000 (0.970)	
Train Epoch-24  Iter-500/706	loss 0.0613 (0.0807)	accu 1.000 (0.970)	
Train Epoch-24  Iter-525/706	loss 0.0260 (0.0814)	accu 1.000 (0.970)	
Train Epoch-24  Iter-550/706	loss 0.0733 (0.0820)	accu 1.000 (0.970)	
Train Epoch-24  Iter-575/706	loss 0.0096 (0.0829)	accu 1.000 (0.970)	
Train Epoch-24  Iter-600/706	loss 0.0465 (0.0831)	accu 1.000 (0.969)	
Train Epoch-24  Iter-625/706	loss 0.0009 (0.0829)	accu 1.000 (0.969)	
Train Epoch-24  Iter-650/706	loss 0.1229 (0.0814)	accu 1.000 (0.969)	
Train Epoch-24  Iter-675/706	loss 0.1276 (0.0812)	accu 0.875 (0.969)	
Train Epoch-24  Iter-700/706	loss 0.0002 (0.0810)	accu 1.000 (0.970)	
Eval Epoch-24  Iter-0  /52 	loss 1.0566 (1.0566)	accu 0.875 (0.875)	
Eval Epoch-24  Iter-25 /52 	loss 0.1054 (1.0276)	accu 1.000 (0.673)	
Eval Epoch-24  Iter-50 /52 	loss 0.5886 (0.8139)	accu 0.625 (0.740)	
Epoch-24  Train: loss 0.0811	accu 0.9696	Eval: loss 0.8093	accu 0.7380
Train Epoch-25  Iter-0  /706	loss 0.1831 (0.1831)	accu 0.875 (0.875)	
Train Epoch-25  Iter-25 /706	loss 0.0570 (0.1206)	accu 1.000 (0.942)	
Train Epoch-25  Iter-50 /706	loss 0.0033 (0.1002)	accu 1.000 (0.951)	
Train Epoch-25  Iter-75 /706	loss 0.0120 (0.0906)	accu 1.000 (0.956)	
Train Epoch-25  Iter-100/706	loss 0.1696 (0.0891)	accu 0.875 (0.960)	
Train Epoch-25  Iter-125/706	loss 0.0402 (0.0865)	accu 1.000 (0.962)	
Train Epoch-25  Iter-150/706	loss 0.1322 (0.0875)	accu 1.000 (0.961)	
Train Epoch-25  Iter-175/706	loss 0.1261 (0.0825)	accu 0.875 (0.965)	
Train Epoch-25  Iter-200/706	loss 0.0046 (0.0878)	accu 1.000 (0.965)	
Train Epoch-25  Iter-225/706	loss 0.0157 (0.0844)	accu 1.000 (0.965)	
Train Epoch-25  Iter-250/706	loss 0.0024 (0.0803)	accu 1.000 (0.967)	
Train Epoch-25  Iter-275/706	loss 0.0006 (0.0807)	accu 1.000 (0.968)	
Train Epoch-25  Iter-300/706	loss 0.0302 (0.0837)	accu 1.000 (0.968)	
Train Epoch-25  Iter-325/706	loss 0.0059 (0.0854)	accu 1.000 (0.967)	
Train Epoch-25  Iter-350/706	loss 0.2416 (0.0901)	accu 0.875 (0.966)	
Train Epoch-25  Iter-375/706	loss 0.0061 (0.0885)	accu 1.000 (0.966)	
Train Epoch-25  Iter-400/706	loss 0.0461 (0.0867)	accu 1.000 (0.967)	
Train Epoch-25  Iter-425/706	loss 0.1123 (0.0858)	accu 1.000 (0.967)	
Train Epoch-25  Iter-450/706	loss 0.0449 (0.0839)	accu 1.000 (0.968)	
Train Epoch-25  Iter-475/706	loss 0.0495 (0.0867)	accu 1.000 (0.966)	
Train Epoch-25  Iter-500/706	loss 0.3861 (0.0859)	accu 0.875 (0.967)	
Train Epoch-25  Iter-525/706	loss 0.0273 (0.0855)	accu 1.000 (0.966)	
Train Epoch-25  Iter-550/706	loss 0.0004 (0.0871)	accu 1.000 (0.966)	
Train Epoch-25  Iter-575/706	loss 0.0035 (0.0856)	accu 1.000 (0.966)	
Train Epoch-25  Iter-600/706	loss 0.1665 (0.0860)	accu 0.875 (0.965)	
Train Epoch-25  Iter-625/706	loss 0.0002 (0.0854)	accu 1.000 (0.966)	
Train Epoch-25  Iter-650/706	loss 0.4184 (0.0855)	accu 0.875 (0.966)	
Train Epoch-25  Iter-675/706	loss 0.1123 (0.0843)	accu 0.875 (0.966)	
Train Epoch-25  Iter-700/706	loss 0.0184 (0.0834)	accu 1.000 (0.967)	
Eval Epoch-25  Iter-0  /52 	loss 1.0550 (1.0550)	accu 0.875 (0.875)	
Eval Epoch-25  Iter-25 /52 	loss 0.1029 (1.0212)	accu 1.000 (0.673)	
Eval Epoch-25  Iter-50 /52 	loss 0.5996 (0.8120)	accu 0.625 (0.740)	
Epoch-25  Train: loss 0.0829	accu 0.9669	Eval: loss 0.8076	accu 0.7380
Train Epoch-26  Iter-0  /706	loss 0.0224 (0.0224)	accu 1.000 (1.000)	
Train Epoch-26  Iter-25 /706	loss 0.5029 (0.0983)	accu 0.875 (0.952)	
Train Epoch-26  Iter-50 /706	loss 0.0286 (0.0839)	accu 1.000 (0.966)	
Train Epoch-26  Iter-75 /706	loss 0.0053 (0.0805)	accu 1.000 (0.964)	
Train Epoch-26  Iter-100/706	loss 0.0202 (0.0792)	accu 1.000 (0.968)	
Train Epoch-26  Iter-125/706	loss 0.4438 (0.0867)	accu 0.875 (0.964)	
Train Epoch-26  Iter-150/706	loss 0.0115 (0.0862)	accu 1.000 (0.965)	
Train Epoch-26  Iter-175/706	loss 0.0010 (0.0815)	accu 1.000 (0.967)	
Train Epoch-26  Iter-200/706	loss 0.2786 (0.0832)	accu 0.875 (0.966)	
Train Epoch-26  Iter-225/706	loss 0.0080 (0.0861)	accu 1.000 (0.966)	
Train Epoch-26  Iter-250/706	loss 0.0094 (0.0847)	accu 1.000 (0.967)	
Train Epoch-26  Iter-275/706	loss 0.1430 (0.0836)	accu 1.000 (0.967)	
Train Epoch-26  Iter-300/706	loss 0.0066 (0.0873)	accu 1.000 (0.966)	
Train Epoch-26  Iter-325/706	loss 0.0036 (0.0849)	accu 1.000 (0.966)	
Train Epoch-26  Iter-350/706	loss 0.2789 (0.0842)	accu 0.875 (0.967)	
Train Epoch-26  Iter-375/706	loss 0.0099 (0.0841)	accu 1.000 (0.967)	
Train Epoch-26  Iter-400/706	loss 0.0170 (0.0828)	accu 1.000 (0.968)	
Train Epoch-26  Iter-425/706	loss 0.0163 (0.0816)	accu 1.000 (0.969)	
Train Epoch-26  Iter-450/706	loss 0.0082 (0.0814)	accu 1.000 (0.968)	
Train Epoch-26  Iter-475/706	loss 0.1092 (0.0818)	accu 0.875 (0.968)	
Train Epoch-26  Iter-500/706	loss 0.0608 (0.0825)	accu 1.000 (0.968)	
Train Epoch-26  Iter-525/706	loss 0.0921 (0.0811)	accu 1.000 (0.969)	
Train Epoch-26  Iter-550/706	loss 0.0176 (0.0826)	accu 1.000 (0.968)	
Train Epoch-26  Iter-575/706	loss 0.0020 (0.0830)	accu 1.000 (0.968)	
Train Epoch-26  Iter-600/706	loss 0.4088 (0.0842)	accu 0.875 (0.967)	
Train Epoch-26  Iter-625/706	loss 0.1196 (0.0837)	accu 0.875 (0.967)	
Train Epoch-26  Iter-650/706	loss 0.0912 (0.0835)	accu 1.000 (0.967)	
Train Epoch-26  Iter-675/706	loss 0.1407 (0.0828)	accu 0.875 (0.967)	
Train Epoch-26  Iter-700/706	loss 0.0362 (0.0826)	accu 1.000 (0.967)	
Eval Epoch-26  Iter-0  /52 	loss 1.0598 (1.0598)	accu 0.875 (0.875)	
Eval Epoch-26  Iter-25 /52 	loss 0.1063 (1.0365)	accu 1.000 (0.668)	
Eval Epoch-26  Iter-50 /52 	loss 0.5857 (0.8193)	accu 0.625 (0.735)	
Epoch-26  Train: loss 0.0824	accu 0.9672	Eval: loss 0.8147	accu 0.7332
Epoch    27: reducing learning rate of group 0 to 3.0000e-08.
Train Epoch-27  Iter-0  /706	loss 0.0095 (0.0095)	accu 1.000 (1.000)	
Train Epoch-27  Iter-25 /706	loss 0.0044 (0.1208)	accu 1.000 (0.957)	
Train Epoch-27  Iter-50 /706	loss 0.2537 (0.0981)	accu 0.875 (0.963)	
Train Epoch-27  Iter-75 /706	loss 0.0002 (0.0813)	accu 1.000 (0.969)	
Train Epoch-27  Iter-100/706	loss 0.0093 (0.0744)	accu 1.000 (0.973)	
Train Epoch-27  Iter-125/706	loss 0.2061 (0.0752)	accu 0.875 (0.969)	
Train Epoch-27  Iter-150/706	loss 0.0059 (0.0757)	accu 1.000 (0.971)	
Train Epoch-27  Iter-175/706	loss 0.0068 (0.0790)	accu 1.000 (0.970)	
Train Epoch-27  Iter-200/706	loss 0.0696 (0.0773)	accu 1.000 (0.971)	
Train Epoch-27  Iter-225/706	loss 0.0688 (0.0792)	accu 1.000 (0.970)	
Train Epoch-27  Iter-250/706	loss 0.4308 (0.0782)	accu 0.750 (0.969)	
Train Epoch-27  Iter-275/706	loss 0.0688 (0.0779)	accu 1.000 (0.971)	
Train Epoch-27  Iter-300/706	loss 0.0569 (0.0776)	accu 1.000 (0.971)	
Train Epoch-27  Iter-325/706	loss 0.0221 (0.0794)	accu 1.000 (0.970)	
Train Epoch-27  Iter-350/706	loss 0.0130 (0.0786)	accu 1.000 (0.970)	
Train Epoch-27  Iter-375/706	loss 0.0005 (0.0773)	accu 1.000 (0.971)	
Train Epoch-27  Iter-400/706	loss 0.1472 (0.0783)	accu 0.875 (0.970)	
Train Epoch-27  Iter-425/706	loss 0.0038 (0.0814)	accu 1.000 (0.968)	
Train Epoch-27  Iter-450/706	loss 0.0053 (0.0816)	accu 1.000 (0.968)	
Train Epoch-27  Iter-475/706	loss 0.0264 (0.0824)	accu 1.000 (0.967)	
Train Epoch-27  Iter-500/706	loss 0.0432 (0.0811)	accu 1.000 (0.968)	
Train Epoch-27  Iter-525/706	loss 0.0023 (0.0815)	accu 1.000 (0.967)	
Train Epoch-27  Iter-550/706	loss 0.0012 (0.0807)	accu 1.000 (0.968)	
Train Epoch-27  Iter-575/706	loss 0.0106 (0.0809)	accu 1.000 (0.968)	
Train Epoch-27  Iter-600/706	loss 0.0532 (0.0808)	accu 1.000 (0.968)	
Train Epoch-27  Iter-625/706	loss 0.0482 (0.0796)	accu 1.000 (0.968)	
Train Epoch-27  Iter-650/706	loss 0.5104 (0.0791)	accu 0.875 (0.968)	
Train Epoch-27  Iter-675/706	loss 0.0013 (0.0801)	accu 1.000 (0.967)	
Train Epoch-27  Iter-700/706	loss 0.2022 (0.0798)	accu 0.875 (0.968)	
Eval Epoch-27  Iter-0  /52 	loss 1.0602 (1.0602)	accu 0.875 (0.875)	
Eval Epoch-27  Iter-25 /52 	loss 0.1066 (1.0379)	accu 1.000 (0.668)	
Eval Epoch-27  Iter-50 /52 	loss 0.5842 (0.8199)	accu 0.625 (0.735)	
Epoch-27  Train: loss 0.0796	accu 0.9678	Eval: loss 0.8152	accu 0.7332
Train Epoch-28  Iter-0  /706	loss 0.0012 (0.0012)	accu 1.000 (1.000)	
Train Epoch-28  Iter-25 /706	loss 0.0024 (0.1128)	accu 1.000 (0.957)	
Train Epoch-28  Iter-50 /706	loss 0.0032 (0.0857)	accu 1.000 (0.968)	
Train Epoch-28  Iter-75 /706	loss 0.0525 (0.0814)	accu 1.000 (0.970)	
Train Epoch-28  Iter-100/706	loss 0.0018 (0.0784)	accu 1.000 (0.970)	
Train Epoch-28  Iter-125/706	loss 0.0034 (0.0846)	accu 1.000 (0.968)	
Train Epoch-28  Iter-150/706	loss 0.1448 (0.0871)	accu 0.875 (0.966)	
Train Epoch-28  Iter-175/706	loss 0.0012 (0.0823)	accu 1.000 (0.969)	
Train Epoch-28  Iter-200/706	loss 0.0219 (0.0782)	accu 1.000 (0.971)	
Train Epoch-28  Iter-225/706	loss 0.0127 (0.0766)	accu 1.000 (0.971)	
Train Epoch-28  Iter-250/706	loss 0.0826 (0.0785)	accu 1.000 (0.972)	
Train Epoch-28  Iter-275/706	loss 0.0025 (0.0776)	accu 1.000 (0.972)	
Train Epoch-28  Iter-300/706	loss 0.0625 (0.0778)	accu 1.000 (0.971)	
Train Epoch-28  Iter-325/706	loss 0.0104 (0.0801)	accu 1.000 (0.970)	
Train Epoch-28  Iter-350/706	loss 0.0376 (0.0787)	accu 1.000 (0.971)	
Train Epoch-28  Iter-375/706	loss 0.0249 (0.0792)	accu 1.000 (0.970)	
Train Epoch-28  Iter-400/706	loss 0.0011 (0.0770)	accu 1.000 (0.971)	
Train Epoch-28  Iter-425/706	loss 0.1293 (0.0791)	accu 1.000 (0.971)	
Train Epoch-28  Iter-450/706	loss 0.0076 (0.0781)	accu 1.000 (0.971)	
Train Epoch-28  Iter-475/706	loss 0.0116 (0.0766)	accu 1.000 (0.972)	
Train Epoch-28  Iter-500/706	loss 0.0591 (0.0771)	accu 1.000 (0.972)	
Train Epoch-28  Iter-525/706	loss 0.0021 (0.0773)	accu 1.000 (0.972)	
Train Epoch-28  Iter-550/706	loss 0.1988 (0.0769)	accu 0.875 (0.972)	
Train Epoch-28  Iter-575/706	loss 0.1163 (0.0765)	accu 1.000 (0.972)	
Train Epoch-28  Iter-600/706	loss 0.0107 (0.0754)	accu 1.000 (0.972)	
Train Epoch-28  Iter-625/706	loss 0.0379 (0.0751)	accu 1.000 (0.972)	
Train Epoch-28  Iter-650/706	loss 0.0568 (0.0756)	accu 1.000 (0.972)	
Train Epoch-28  Iter-675/706	loss 0.1145 (0.0759)	accu 1.000 (0.972)	
Train Epoch-28  Iter-700/706	loss 0.1139 (0.0769)	accu 0.875 (0.971)	
Eval Epoch-28  Iter-0  /52 	loss 1.0603 (1.0603)	accu 0.875 (0.875)	
Eval Epoch-28  Iter-25 /52 	loss 0.1064 (1.0381)	accu 1.000 (0.668)	
Eval Epoch-28  Iter-50 /52 	loss 0.5847 (0.8202)	accu 0.625 (0.735)	
Epoch-28  Train: loss 0.0773	accu 0.9710	Eval: loss 0.8155	accu 0.7332
Train Epoch-29  Iter-0  /706	loss 0.0991 (0.0991)	accu 0.875 (0.875)	
Train Epoch-29  Iter-25 /706	loss 0.0321 (0.1007)	accu 1.000 (0.966)	
Train Epoch-29  Iter-50 /706	loss 0.0047 (0.1040)	accu 1.000 (0.961)	
Train Epoch-29  Iter-75 /706	loss 0.1142 (0.0926)	accu 1.000 (0.967)	
Train Epoch-29  Iter-100/706	loss 0.0159 (0.0870)	accu 1.000 (0.968)	
Train Epoch-29  Iter-125/706	loss 0.0009 (0.0823)	accu 1.000 (0.970)	
Train Epoch-29  Iter-150/706	loss 0.1061 (0.0836)	accu 0.875 (0.969)	
Train Epoch-29  Iter-175/706	loss 0.0402 (0.0897)	accu 1.000 (0.964)	
Train Epoch-29  Iter-200/706	loss 0.0240 (0.0894)	accu 1.000 (0.965)	
Train Epoch-29  Iter-225/706	loss 0.0560 (0.0888)	accu 1.000 (0.966)	
Train Epoch-29  Iter-250/706	loss 0.2981 (0.0887)	accu 0.875 (0.965)	
Train Epoch-29  Iter-275/706	loss 0.1795 (0.0883)	accu 0.875 (0.965)	
Train Epoch-29  Iter-300/706	loss 0.7280 (0.0897)	accu 0.875 (0.965)	
Train Epoch-29  Iter-325/706	loss 0.1097 (0.0888)	accu 1.000 (0.965)	
Train Epoch-29  Iter-350/706	loss 0.0868 (0.0886)	accu 1.000 (0.965)	
Train Epoch-29  Iter-375/706	loss 0.4028 (0.0888)	accu 0.875 (0.965)	
Train Epoch-29  Iter-400/706	loss 0.0185 (0.0867)	accu 1.000 (0.965)	
Train Epoch-29  Iter-425/706	loss 0.0256 (0.0850)	accu 1.000 (0.965)	
Train Epoch-29  Iter-450/706	loss 0.0058 (0.0858)	accu 1.000 (0.964)	
Train Epoch-29  Iter-475/706	loss 0.0130 (0.0846)	accu 1.000 (0.965)	
Train Epoch-29  Iter-500/706	loss 0.0471 (0.0841)	accu 1.000 (0.966)	
Train Epoch-29  Iter-525/706	loss 0.0126 (0.0834)	accu 1.000 (0.966)	
Train Epoch-29  Iter-550/706	loss 0.0409 (0.0829)	accu 1.000 (0.966)	
Train Epoch-29  Iter-575/706	loss 0.1447 (0.0841)	accu 0.875 (0.965)	
Train Epoch-29  Iter-600/706	loss 0.0099 (0.0831)	accu 1.000 (0.966)	
Train Epoch-29  Iter-625/706	loss 0.0517 (0.0835)	accu 1.000 (0.966)	
Train Epoch-29  Iter-650/706	loss 0.0224 (0.0828)	accu 1.000 (0.966)	
Train Epoch-29  Iter-675/706	loss 0.6030 (0.0829)	accu 0.875 (0.967)	
Train Epoch-29  Iter-700/706	loss 0.0662 (0.0831)	accu 1.000 (0.967)	
Eval Epoch-29  Iter-0  /52 	loss 1.0605 (1.0605)	accu 0.875 (0.875)	
Eval Epoch-29  Iter-25 /52 	loss 0.1066 (1.0385)	accu 1.000 (0.668)	
Eval Epoch-29  Iter-50 /52 	loss 0.5840 (0.8204)	accu 0.625 (0.735)	
Epoch-29  Train: loss 0.0827	accu 0.9671	Eval: loss 0.8157	accu 0.7332
Eval Epoch-0   Iter-0  /52 	loss 0.6054 (0.6054)	accu 0.875 (0.875)	
Eval Epoch-0   Iter-25 /52 	loss 0.1336 (0.6641)	accu 1.000 (0.731)	
Eval Epoch-0   Iter-50 /52 	loss 0.6115 (0.6154)	accu 0.750 (0.743)	
Eval: loss 0.6087	accu 0.7428
Test Epoch-0   Iter-0  /59 	loss 0.2920 (0.2920)	accu 0.875 (0.875)	
Test Epoch-0   Iter-25 /59 	loss 0.7205 (0.9716)	accu 0.750 (0.625)	
Test Epoch-0   Iter-50 /59 	loss 0.1534 (0.7370)	accu 1.000 (0.718)	
Test: loss 0.6766	accu 0.7373
wandb: Waiting for W&B process to finish... (success).
wandb: 
wandb: Run history:
wandb:   Eval Acc ▁▆█▂▅▁▆█▇█▇███▇█████▇▇▇▇▇▇▇▇▇▇
wandb:  Eval Loss ▂▂▁▄▃█▃▂▂▂▃▃▂▃▃▃▃▃▃▃▃▃▃▃▃▃▃▃▃▃
wandb:  Train Acc ▁▅▆▇▇▇▇▇▇▇████████████████████
wandb: Train Loss █▅▄▃▃▂▂▂▂▂▂▁▁▁▁▁▁▁▁▁▁▁▁▁▁▁▁▁▁▁
wandb: 
wandb: Run summary:
wandb:   Eval Acc 0.73317
wandb:  Eval Loss 0.81572
wandb:  Train Acc 0.96707
wandb: Train Loss 0.08265
wandb: 
wandb: 🚀 View run fanciful-puddle-265 at: https://wandb.ai/is_project/vision_models/runs/c5jx1sck
wandb: Synced 6 W&B file(s), 0 media file(s), 0 artifact file(s) and 0 other file(s)
wandb: Find logs at: ./wandb/run-20230612_181636-c5jx1sck/logs
