Namespace(add_comment=True, add_description=True, add_other_comments=True, add_title=True, add_transcription=True, add_video=False, batch_size=8, clip_embeedings_path='data/CLIP_embeddings', debug=False, desc_keyphrase_extract=True, desc_token_count=80, freeze_lf_layers=23, gpu='1', lr=0.0003, max_epochs=30, max_len=512, metadata_path='data/extra_data_trans.csv', model='bert-large-cased', multitask=False, num_workers=0, other_comments_path='data/extra_data_other_comments.csv', other_comments_token_count=512, pad_metadata=True, remove_none=False, test_question_file='data/with_aug_ttv/test.csv', title_token_count=40, train_question_file='data/with_aug_ttv/train.csv', transcript_keyphrase_extract=True, transcript_token_count=200, validation_question_file='data/with_aug_ttv/eval.csv', video_path='data/videos/', work_dir='model_comment/')
wandb: Currently logged in as: shrey2809 (is_project). Use `wandb login --relogin` to force relogin
wandb: Tracking run with wandb version 0.15.4
wandb: Run data is saved locally in /scratch/AzureNfsServer_INPUT1/vc_data/users/gmanish/multiModalHate/IS-Hate-Speech/wandb/run-20230612_181636-m2z0pw4f
wandb: Run `wandb offline` to turn off syncing.
wandb: Syncing run twilight-snowflake-263
wandb: ⭐️ View project at https://wandb.ai/is_project/vision_models
wandb: 🚀 View run at https://wandb.ai/is_project/vision_models/runs/m2z0pw4f
number of available devices: 1
obtained dataloaders
Some weights of the model checkpoint at bert-large-cased were not used when initializing BertModel: ['cls.predictions.transform.LayerNorm.weight', 'cls.predictions.bias', 'cls.seq_relationship.weight', 'cls.predictions.transform.dense.weight', 'cls.predictions.decoder.weight', 'cls.seq_relationship.bias', 'cls.predictions.transform.dense.bias', 'cls.predictions.transform.LayerNorm.bias']
- This IS expected if you are initializing BertModel from the checkpoint of a model trained on another task or with another architecture (e.g. initializing a BertForSequenceClassification model from a BertForPreTraining model).
- This IS NOT expected if you are initializing BertModel from the checkpoint of a model that you expect to be exactly identical (initializing a BertForSequenceClassification model from a BertForSequenceClassification model).
loaded models
Train Epoch-0   Iter-0  /706	loss 0.6691 (0.6691)	accu 0.625 (0.625)	
Train Epoch-0   Iter-25 /706	loss 0.7185 (0.7294)	accu 0.625 (0.524)	
Train Epoch-0   Iter-50 /706	loss 0.6902 (0.7155)	accu 0.500 (0.522)	
Train Epoch-0   Iter-75 /706	loss 0.6439 (0.6917)	accu 0.625 (0.559)	
Train Epoch-0   Iter-100/706	loss 0.4644 (0.6616)	accu 0.875 (0.593)	
Train Epoch-0   Iter-125/706	loss 0.2704 (0.6205)	accu 0.875 (0.636)	
Train Epoch-0   Iter-150/706	loss 0.3196 (0.6114)	accu 0.875 (0.644)	
Train Epoch-0   Iter-175/706	loss 0.2463 (0.5897)	accu 1.000 (0.666)	
Train Epoch-0   Iter-200/706	loss 0.6306 (0.5797)	accu 0.625 (0.680)	
Train Epoch-0   Iter-225/706	loss 0.4721 (0.5590)	accu 0.875 (0.700)	
Train Epoch-0   Iter-250/706	loss 0.1808 (0.5467)	accu 1.000 (0.709)	
Train Epoch-0   Iter-275/706	loss 0.6264 (0.5330)	accu 0.625 (0.721)	
Train Epoch-0   Iter-300/706	loss 1.0690 (0.5196)	accu 0.625 (0.733)	
Train Epoch-0   Iter-325/706	loss 0.2483 (0.5066)	accu 0.875 (0.742)	
Train Epoch-0   Iter-350/706	loss 1.6613 (0.4988)	accu 0.375 (0.749)	
Train Epoch-0   Iter-375/706	loss 0.9318 (0.5000)	accu 0.500 (0.748)	
Train Epoch-0   Iter-400/706	loss 0.2516 (0.4874)	accu 0.750 (0.757)	
Train Epoch-0   Iter-425/706	loss 0.4860 (0.4821)	accu 0.875 (0.762)	
Train Epoch-0   Iter-450/706	loss 0.3298 (0.4790)	accu 0.750 (0.764)	
Train Epoch-0   Iter-475/706	loss 0.0648 (0.4718)	accu 1.000 (0.770)	
Train Epoch-0   Iter-500/706	loss 0.4250 (0.4633)	accu 0.875 (0.776)	
Train Epoch-0   Iter-525/706	loss 0.7697 (0.4551)	accu 0.750 (0.782)	
Train Epoch-0   Iter-550/706	loss 0.4134 (0.4479)	accu 0.875 (0.787)	
Train Epoch-0   Iter-575/706	loss 0.3136 (0.4408)	accu 0.875 (0.792)	
Train Epoch-0   Iter-600/706	loss 0.5708 (0.4368)	accu 0.750 (0.796)	
Train Epoch-0   Iter-625/706	loss 0.4751 (0.4343)	accu 0.875 (0.798)	
Train Epoch-0   Iter-650/706	loss 0.1150 (0.4300)	accu 1.000 (0.801)	
Train Epoch-0   Iter-675/706	loss 0.0517 (0.4294)	accu 1.000 (0.802)	
Train Epoch-0   Iter-700/706	loss 1.1394 (0.4281)	accu 0.625 (0.804)	
Eval Epoch-0   Iter-0  /52 	loss 0.2369 (0.2369)	accu 0.875 (0.875)	
Eval Epoch-0   Iter-25 /52 	loss 0.5632 (0.6598)	accu 0.875 (0.707)	
Eval Epoch-0   Iter-50 /52 	loss 0.5957 (0.7165)	accu 0.625 (0.667)	
Epoch-0   Train: loss 0.4292	accu 0.8040	Eval: loss 0.7112	accu 0.6707
Train Epoch-1   Iter-0  /706	loss 0.3730 (0.3730)	accu 0.875 (0.875)	
Train Epoch-1   Iter-25 /706	loss 0.0889 (0.3271)	accu 1.000 (0.870)	
Train Epoch-1   Iter-50 /706	loss 0.5680 (0.3828)	accu 0.625 (0.850)	
Train Epoch-1   Iter-75 /706	loss 0.1271 (0.3830)	accu 1.000 (0.845)	
Train Epoch-1   Iter-100/706	loss 0.1211 (0.3790)	accu 1.000 (0.850)	
Train Epoch-1   Iter-125/706	loss 0.1714 (0.3865)	accu 1.000 (0.849)	
Train Epoch-1   Iter-150/706	loss 0.2338 (0.3917)	accu 0.875 (0.846)	
Train Epoch-1   Iter-175/706	loss 0.4827 (0.3997)	accu 0.750 (0.842)	
Train Epoch-1   Iter-200/706	loss 0.4398 (0.3903)	accu 0.625 (0.845)	
Train Epoch-1   Iter-225/706	loss 0.0398 (0.3865)	accu 1.000 (0.846)	
Train Epoch-1   Iter-250/706	loss 0.5408 (0.3752)	accu 0.875 (0.850)	
Train Epoch-1   Iter-275/706	loss 0.1780 (0.3657)	accu 0.875 (0.854)	
Train Epoch-1   Iter-300/706	loss 0.1558 (0.3553)	accu 0.875 (0.858)	
Train Epoch-1   Iter-325/706	loss 0.3886 (0.3471)	accu 0.875 (0.861)	
Train Epoch-1   Iter-350/706	loss 0.0561 (0.3431)	accu 1.000 (0.864)	
Train Epoch-1   Iter-375/706	loss 0.0621 (0.3357)	accu 1.000 (0.867)	
Train Epoch-1   Iter-400/706	loss 0.2110 (0.3330)	accu 0.875 (0.868)	
Train Epoch-1   Iter-425/706	loss 0.0530 (0.3302)	accu 1.000 (0.872)	
Train Epoch-1   Iter-450/706	loss 0.0801 (0.3237)	accu 1.000 (0.875)	
Train Epoch-1   Iter-475/706	loss 1.3242 (0.3240)	accu 0.500 (0.875)	
Train Epoch-1   Iter-500/706	loss 0.1934 (0.3192)	accu 0.875 (0.878)	
Train Epoch-1   Iter-525/706	loss 0.6726 (0.3158)	accu 0.750 (0.880)	
Train Epoch-1   Iter-550/706	loss 0.4014 (0.3137)	accu 0.875 (0.881)	
Train Epoch-1   Iter-575/706	loss 0.1616 (0.3080)	accu 1.000 (0.884)	
Train Epoch-1   Iter-600/706	loss 0.6204 (0.3052)	accu 0.750 (0.886)	
Train Epoch-1   Iter-625/706	loss 0.1026 (0.3051)	accu 1.000 (0.886)	
Train Epoch-1   Iter-650/706	loss 0.1760 (0.3025)	accu 0.875 (0.887)	
Train Epoch-1   Iter-675/706	loss 0.4133 (0.3019)	accu 0.875 (0.887)	
Train Epoch-1   Iter-700/706	loss 0.5499 (0.2992)	accu 0.750 (0.888)	
Eval Epoch-1   Iter-0  /52 	loss 0.0106 (0.0106)	accu 1.000 (1.000)	
Eval Epoch-1   Iter-25 /52 	loss 0.0173 (0.1244)	accu 1.000 (0.942)	
Eval Epoch-1   Iter-50 /52 	loss 0.6738 (0.8030)	accu 0.750 (0.738)	
Epoch-1   Train: loss 0.2982	accu 0.8885	Eval: loss 0.8107	accu 0.7332
Train Epoch-2   Iter-0  /706	loss 0.0307 (0.0307)	accu 1.000 (1.000)	
Train Epoch-2   Iter-25 /706	loss 0.1101 (0.3296)	accu 1.000 (0.870)	
Train Epoch-2   Iter-50 /706	loss 0.3499 (0.3008)	accu 0.875 (0.890)	
Train Epoch-2   Iter-75 /706	loss 0.4276 (0.3063)	accu 0.875 (0.888)	
Train Epoch-2   Iter-100/706	loss 0.0201 (0.2605)	accu 1.000 (0.907)	
Train Epoch-2   Iter-125/706	loss 0.3069 (0.2633)	accu 0.750 (0.907)	
Train Epoch-2   Iter-150/706	loss 0.0644 (0.2416)	accu 1.000 (0.915)	
Train Epoch-2   Iter-175/706	loss 0.0967 (0.2527)	accu 1.000 (0.910)	
Train Epoch-2   Iter-200/706	loss 0.0389 (0.2394)	accu 1.000 (0.915)	
Train Epoch-2   Iter-225/706	loss 0.4491 (0.2540)	accu 0.625 (0.908)	
Train Epoch-2   Iter-250/706	loss 0.3284 (0.2525)	accu 0.875 (0.908)	
Train Epoch-2   Iter-275/706	loss 0.0834 (0.2471)	accu 1.000 (0.910)	
Train Epoch-2   Iter-300/706	loss 0.1235 (0.2425)	accu 0.875 (0.913)	
Train Epoch-2   Iter-325/706	loss 0.5556 (0.2401)	accu 0.750 (0.914)	
Train Epoch-2   Iter-350/706	loss 0.6048 (0.2384)	accu 0.750 (0.916)	
Train Epoch-2   Iter-375/706	loss 0.0742 (0.2333)	accu 1.000 (0.918)	
Train Epoch-2   Iter-400/706	loss 0.0371 (0.2315)	accu 1.000 (0.919)	
Train Epoch-2   Iter-425/706	loss 0.1505 (0.2315)	accu 0.875 (0.919)	
Train Epoch-2   Iter-450/706	loss 0.0708 (0.2239)	accu 1.000 (0.922)	
Train Epoch-2   Iter-475/706	loss 0.4659 (0.2241)	accu 0.875 (0.923)	
Train Epoch-2   Iter-500/706	loss 0.0603 (0.2227)	accu 1.000 (0.924)	
Train Epoch-2   Iter-525/706	loss 0.3257 (0.2244)	accu 0.875 (0.923)	
Train Epoch-2   Iter-550/706	loss 0.3968 (0.2228)	accu 0.875 (0.925)	
Train Epoch-2   Iter-575/706	loss 0.0591 (0.2236)	accu 1.000 (0.924)	
Train Epoch-2   Iter-600/706	loss 0.0821 (0.2233)	accu 1.000 (0.924)	
Train Epoch-2   Iter-625/706	loss 0.1589 (0.2216)	accu 0.875 (0.925)	
Train Epoch-2   Iter-650/706	loss 0.6563 (0.2228)	accu 0.875 (0.924)	
Train Epoch-2   Iter-675/706	loss 0.3700 (0.2221)	accu 0.875 (0.925)	
Train Epoch-2   Iter-700/706	loss 0.0605 (0.2183)	accu 1.000 (0.926)	
Eval Epoch-2   Iter-0  /52 	loss 0.0128 (0.0128)	accu 1.000 (1.000)	
Eval Epoch-2   Iter-25 /52 	loss 0.0055 (0.7821)	accu 1.000 (0.736)	
Eval Epoch-2   Iter-50 /52 	loss 0.4891 (0.8956)	accu 0.875 (0.708)	
Epoch-2   Train: loss 0.2175	accu 0.9263	Eval: loss 0.9187	accu 0.7043
Train Epoch-3   Iter-0  /706	loss 0.2578 (0.2578)	accu 0.875 (0.875)	
Train Epoch-3   Iter-25 /706	loss 0.0458 (0.1771)	accu 1.000 (0.938)	
Train Epoch-3   Iter-50 /706	loss 0.1130 (0.1693)	accu 1.000 (0.944)	
Train Epoch-3   Iter-75 /706	loss 0.0359 (0.1790)	accu 1.000 (0.939)	
Train Epoch-3   Iter-100/706	loss 0.0992 (0.1897)	accu 1.000 (0.932)	
Train Epoch-3   Iter-125/706	loss 0.2970 (0.1941)	accu 0.875 (0.932)	
Train Epoch-3   Iter-150/706	loss 0.0082 (0.1828)	accu 1.000 (0.935)	
Train Epoch-3   Iter-175/706	loss 0.0445 (0.1972)	accu 1.000 (0.930)	
Train Epoch-3   Iter-200/706	loss 0.3400 (0.1954)	accu 0.875 (0.932)	
Train Epoch-3   Iter-225/706	loss 0.1133 (0.1949)	accu 1.000 (0.931)	
Train Epoch-3   Iter-250/706	loss 0.0132 (0.1833)	accu 1.000 (0.937)	
Train Epoch-3   Iter-275/706	loss 0.4251 (0.1822)	accu 0.875 (0.937)	
Train Epoch-3   Iter-300/706	loss 0.0177 (0.1788)	accu 1.000 (0.938)	
Train Epoch-3   Iter-325/706	loss 0.3709 (0.1832)	accu 0.875 (0.936)	
Train Epoch-3   Iter-350/706	loss 0.3219 (0.1869)	accu 0.875 (0.934)	
Train Epoch-3   Iter-375/706	loss 0.0042 (0.1826)	accu 1.000 (0.936)	
Train Epoch-3   Iter-400/706	loss 0.1141 (0.1828)	accu 1.000 (0.936)	
Train Epoch-3   Iter-425/706	loss 0.0198 (0.1778)	accu 1.000 (0.938)	
Train Epoch-3   Iter-450/706	loss 0.0223 (0.1803)	accu 1.000 (0.937)	
Train Epoch-3   Iter-475/706	loss 0.0388 (0.1834)	accu 1.000 (0.936)	
Train Epoch-3   Iter-500/706	loss 0.0274 (0.1823)	accu 1.000 (0.937)	
Train Epoch-3   Iter-525/706	loss 1.1260 (0.1796)	accu 0.750 (0.938)	
Train Epoch-3   Iter-550/706	loss 0.0911 (0.1799)	accu 1.000 (0.938)	
Train Epoch-3   Iter-575/706	loss 0.3236 (0.1791)	accu 0.875 (0.938)	
Train Epoch-3   Iter-600/706	loss 0.2566 (0.1765)	accu 0.875 (0.938)	
Train Epoch-3   Iter-625/706	loss 0.0890 (0.1763)	accu 1.000 (0.938)	
Train Epoch-3   Iter-650/706	loss 0.0169 (0.1740)	accu 1.000 (0.939)	
Train Epoch-3   Iter-675/706	loss 0.3754 (0.1738)	accu 0.750 (0.938)	
Train Epoch-3   Iter-700/706	loss 0.0110 (0.1737)	accu 1.000 (0.937)	
Eval Epoch-3   Iter-0  /52 	loss 0.0696 (0.0696)	accu 1.000 (1.000)	
Eval Epoch-3   Iter-25 /52 	loss 0.0064 (0.4616)	accu 1.000 (0.764)	
Eval Epoch-3   Iter-50 /52 	loss 0.7325 (0.6801)	accu 0.500 (0.716)	
Epoch-3   Train: loss 0.1763	accu 0.9369	Eval: loss 0.7024	accu 0.7115
Train Epoch-4   Iter-0  /706	loss 0.1302 (0.1302)	accu 0.875 (0.875)	
Train Epoch-4   Iter-25 /706	loss 0.0132 (0.1539)	accu 1.000 (0.952)	
Train Epoch-4   Iter-50 /706	loss 0.0523 (0.1779)	accu 1.000 (0.949)	
Train Epoch-4   Iter-75 /706	loss 0.5092 (0.1935)	accu 0.625 (0.938)	
Train Epoch-4   Iter-100/706	loss 0.0917 (0.1883)	accu 1.000 (0.933)	
Train Epoch-4   Iter-125/706	loss 0.3621 (0.2017)	accu 0.750 (0.933)	
Train Epoch-4   Iter-150/706	loss 0.0818 (0.1887)	accu 1.000 (0.935)	
Train Epoch-4   Iter-175/706	loss 0.0782 (0.1842)	accu 1.000 (0.936)	
Train Epoch-4   Iter-200/706	loss 0.1520 (0.1884)	accu 1.000 (0.935)	
Train Epoch-4   Iter-225/706	loss 0.0256 (0.1847)	accu 1.000 (0.936)	
Train Epoch-4   Iter-250/706	loss 0.0091 (0.1802)	accu 1.000 (0.937)	
Train Epoch-4   Iter-275/706	loss 0.2826 (0.1826)	accu 0.875 (0.935)	
Train Epoch-4   Iter-300/706	loss 0.0325 (0.1808)	accu 1.000 (0.935)	
Train Epoch-4   Iter-325/706	loss 0.0220 (0.1834)	accu 1.000 (0.932)	
Train Epoch-4   Iter-350/706	loss 0.0825 (0.1825)	accu 1.000 (0.933)	
Train Epoch-4   Iter-375/706	loss 0.0154 (0.1830)	accu 1.000 (0.933)	
Train Epoch-4   Iter-400/706	loss 0.3831 (0.1804)	accu 0.875 (0.934)	
Train Epoch-4   Iter-425/706	loss 0.1595 (0.1768)	accu 0.875 (0.935)	
Train Epoch-4   Iter-450/706	loss 0.0206 (0.1757)	accu 1.000 (0.936)	
Train Epoch-4   Iter-475/706	loss 0.1180 (0.1806)	accu 1.000 (0.934)	
Train Epoch-4   Iter-500/706	loss 0.3015 (0.1815)	accu 0.875 (0.934)	
Train Epoch-4   Iter-525/706	loss 0.0872 (0.1821)	accu 1.000 (0.934)	
Train Epoch-4   Iter-550/706	loss 0.2106 (0.1810)	accu 0.875 (0.934)	
Train Epoch-4   Iter-575/706	loss 0.2125 (0.1809)	accu 0.875 (0.934)	
Train Epoch-4   Iter-600/706	loss 0.1659 (0.1783)	accu 0.875 (0.935)	
Train Epoch-4   Iter-625/706	loss 0.3765 (0.1754)	accu 0.875 (0.936)	
Train Epoch-4   Iter-650/706	loss 0.0091 (0.1717)	accu 1.000 (0.938)	
Train Epoch-4   Iter-675/706	loss 0.1085 (0.1701)	accu 0.875 (0.939)	
Train Epoch-4   Iter-700/706	loss 0.4212 (0.1684)	accu 0.875 (0.940)	
Eval Epoch-4   Iter-0  /52 	loss 0.3486 (0.3486)	accu 0.875 (0.875)	
Eval Epoch-4   Iter-25 /52 	loss 0.2530 (0.7172)	accu 0.875 (0.697)	
Eval Epoch-4   Iter-50 /52 	loss 0.3859 (0.7393)	accu 0.875 (0.728)	
Epoch-4   Train: loss 0.1689	accu 0.9394	Eval: loss 0.7617	accu 0.7260
Train Epoch-5   Iter-0  /706	loss 0.2160 (0.2160)	accu 0.875 (0.875)	
Train Epoch-5   Iter-25 /706	loss 0.0323 (0.0957)	accu 1.000 (0.971)	
Train Epoch-5   Iter-50 /706	loss 0.3160 (0.1213)	accu 0.750 (0.958)	
Train Epoch-5   Iter-75 /706	loss 0.0495 (0.1414)	accu 1.000 (0.951)	
Train Epoch-5   Iter-100/706	loss 0.0055 (0.1309)	accu 1.000 (0.950)	
Train Epoch-5   Iter-125/706	loss 1.1368 (0.1566)	accu 0.625 (0.941)	
Train Epoch-5   Iter-150/706	loss 0.0566 (0.1799)	accu 1.000 (0.935)	
Train Epoch-5   Iter-175/706	loss 0.5598 (0.1939)	accu 0.875 (0.928)	
Train Epoch-5   Iter-200/706	loss 0.5356 (0.2223)	accu 0.875 (0.919)	
Train Epoch-5   Iter-225/706	loss 0.5559 (0.2372)	accu 0.875 (0.912)	
Train Epoch-5   Iter-250/706	loss 0.1235 (0.2398)	accu 1.000 (0.913)	
Train Epoch-5   Iter-275/706	loss 0.1276 (0.2470)	accu 0.875 (0.910)	
Train Epoch-5   Iter-300/706	loss 0.2108 (0.2483)	accu 0.875 (0.910)	
Train Epoch-5   Iter-325/706	loss 0.3112 (0.2469)	accu 0.750 (0.909)	
Train Epoch-5   Iter-350/706	loss 1.0906 (0.2464)	accu 0.750 (0.910)	
Train Epoch-5   Iter-375/706	loss 0.0164 (0.2427)	accu 1.000 (0.912)	
Train Epoch-5   Iter-400/706	loss 0.0199 (0.2430)	accu 1.000 (0.913)	
Train Epoch-5   Iter-425/706	loss 0.0539 (0.2451)	accu 1.000 (0.911)	
Train Epoch-5   Iter-450/706	loss 0.0361 (0.2369)	accu 1.000 (0.914)	
Train Epoch-5   Iter-475/706	loss 0.1493 (0.2332)	accu 0.875 (0.915)	
Train Epoch-5   Iter-500/706	loss 0.8223 (0.2325)	accu 0.750 (0.916)	
Train Epoch-5   Iter-525/706	loss 0.3340 (0.2317)	accu 0.875 (0.917)	
Train Epoch-5   Iter-550/706	loss 0.0721 (0.2302)	accu 1.000 (0.917)	
Train Epoch-5   Iter-575/706	loss 0.0590 (0.2269)	accu 1.000 (0.919)	
Train Epoch-5   Iter-600/706	loss 0.0414 (0.2270)	accu 1.000 (0.919)	
Train Epoch-5   Iter-625/706	loss 0.3065 (0.2265)	accu 0.875 (0.920)	
Train Epoch-5   Iter-650/706	loss 0.0323 (0.2258)	accu 1.000 (0.921)	
Train Epoch-5   Iter-675/706	loss 0.0544 (0.2236)	accu 1.000 (0.921)	
Train Epoch-5   Iter-700/706	loss 0.0168 (0.2211)	accu 1.000 (0.922)	
Eval Epoch-5   Iter-0  /52 	loss 0.0443 (0.0443)	accu 1.000 (1.000)	
Eval Epoch-5   Iter-25 /52 	loss 1.4336 (0.7272)	accu 0.500 (0.721)	
Eval Epoch-5   Iter-50 /52 	loss 0.2483 (0.7366)	accu 0.875 (0.679)	
Epoch-5   Train: loss 0.2229	accu 0.9214	Eval: loss 0.7443	accu 0.6755
Train Epoch-6   Iter-0  /706	loss 0.1227 (0.1227)	accu 0.875 (0.875)	
Train Epoch-6   Iter-25 /706	loss 0.0337 (0.1378)	accu 1.000 (0.947)	
Train Epoch-6   Iter-50 /706	loss 0.1178 (0.1636)	accu 1.000 (0.941)	
Train Epoch-6   Iter-75 /706	loss 0.4954 (0.1724)	accu 0.875 (0.934)	
Train Epoch-6   Iter-100/706	loss 0.3051 (0.1809)	accu 0.875 (0.932)	
Train Epoch-6   Iter-125/706	loss 0.0342 (0.1728)	accu 1.000 (0.935)	
Train Epoch-6   Iter-150/706	loss 0.1604 (0.1822)	accu 1.000 (0.934)	
Train Epoch-6   Iter-175/706	loss 0.0169 (0.1725)	accu 1.000 (0.939)	
Train Epoch-6   Iter-200/706	loss 0.1939 (0.1756)	accu 0.875 (0.940)	
Train Epoch-6   Iter-225/706	loss 0.0148 (0.1736)	accu 1.000 (0.941)	
Train Epoch-6   Iter-250/706	loss 0.0240 (0.1704)	accu 1.000 (0.943)	
Train Epoch-6   Iter-275/706	loss 0.6107 (0.1679)	accu 0.875 (0.943)	
Train Epoch-6   Iter-300/706	loss 0.4440 (0.1702)	accu 0.875 (0.942)	
Train Epoch-6   Iter-325/706	loss 0.3217 (0.1734)	accu 0.875 (0.941)	
Train Epoch-6   Iter-350/706	loss 0.1783 (0.1725)	accu 0.875 (0.942)	
Train Epoch-6   Iter-375/706	loss 0.2279 (0.1731)	accu 0.875 (0.941)	
Train Epoch-6   Iter-400/706	loss 0.0428 (0.1707)	accu 1.000 (0.942)	
Train Epoch-6   Iter-425/706	loss 0.0533 (0.1713)	accu 1.000 (0.942)	
Train Epoch-6   Iter-450/706	loss 0.2120 (0.1694)	accu 0.875 (0.943)	
Train Epoch-6   Iter-475/706	loss 0.1802 (0.1694)	accu 0.875 (0.942)	
Train Epoch-6   Iter-500/706	loss 0.5130 (0.1721)	accu 0.875 (0.942)	
Train Epoch-6   Iter-525/706	loss 0.0379 (0.1708)	accu 1.000 (0.943)	
Train Epoch-6   Iter-550/706	loss 0.2478 (0.1706)	accu 0.875 (0.943)	
Train Epoch-6   Iter-575/706	loss 0.0999 (0.1707)	accu 1.000 (0.943)	
Train Epoch-6   Iter-600/706	loss 0.0141 (0.1688)	accu 1.000 (0.944)	
Train Epoch-6   Iter-625/706	loss 0.0643 (0.1682)	accu 1.000 (0.944)	
Train Epoch-6   Iter-650/706	loss 0.0577 (0.1699)	accu 1.000 (0.943)	
Train Epoch-6   Iter-675/706	loss 0.2012 (0.1700)	accu 0.875 (0.942)	
Train Epoch-6   Iter-700/706	loss 0.6230 (0.1671)	accu 0.875 (0.944)	
Eval Epoch-6   Iter-0  /52 	loss 0.3404 (0.3404)	accu 0.875 (0.875)	
Eval Epoch-6   Iter-25 /52 	loss 1.0824 (1.4937)	accu 0.750 (0.567)	
Eval Epoch-6   Iter-50 /52 	loss 0.3547 (1.2525)	accu 0.875 (0.640)	
Epoch-6   Train: loss 0.1662	accu 0.9441	Eval: loss 1.2648	accu 0.6394
Train Epoch-7   Iter-0  /706	loss 0.0056 (0.0056)	accu 1.000 (1.000)	
Train Epoch-7   Iter-25 /706	loss 0.0259 (0.0624)	accu 1.000 (0.976)	
Train Epoch-7   Iter-50 /706	loss 0.1016 (0.0817)	accu 0.875 (0.966)	
Train Epoch-7   Iter-75 /706	loss 0.0095 (0.0940)	accu 1.000 (0.969)	
Train Epoch-7   Iter-100/706	loss 0.0052 (0.0906)	accu 1.000 (0.969)	
Train Epoch-7   Iter-125/706	loss 0.5340 (0.0898)	accu 0.875 (0.970)	
Train Epoch-7   Iter-150/706	loss 0.0514 (0.1031)	accu 1.000 (0.964)	
Train Epoch-7   Iter-175/706	loss 0.1817 (0.1160)	accu 0.875 (0.959)	
Train Epoch-7   Iter-200/706	loss 0.0291 (0.1176)	accu 1.000 (0.956)	
Train Epoch-7   Iter-225/706	loss 0.0703 (0.1189)	accu 1.000 (0.957)	
Train Epoch-7   Iter-250/706	loss 0.0138 (0.1289)	accu 1.000 (0.953)	
Train Epoch-7   Iter-275/706	loss 0.0606 (0.1316)	accu 1.000 (0.953)	
Train Epoch-7   Iter-300/706	loss 0.0542 (0.1329)	accu 1.000 (0.952)	
Train Epoch-7   Iter-325/706	loss 0.0136 (0.1389)	accu 1.000 (0.948)	
Train Epoch-7   Iter-350/706	loss 0.3343 (0.1361)	accu 0.875 (0.949)	
Train Epoch-7   Iter-375/706	loss 0.2170 (0.1403)	accu 0.750 (0.947)	
Train Epoch-7   Iter-400/706	loss 0.1261 (0.1423)	accu 0.875 (0.947)	
Train Epoch-7   Iter-425/706	loss 0.0592 (0.1436)	accu 1.000 (0.947)	
Train Epoch-7   Iter-450/706	loss 0.0487 (0.1460)	accu 1.000 (0.947)	
Train Epoch-7   Iter-475/706	loss 0.0179 (0.1474)	accu 1.000 (0.947)	
Train Epoch-7   Iter-500/706	loss 0.4408 (0.1503)	accu 0.875 (0.946)	
Train Epoch-7   Iter-525/706	loss 0.0368 (0.1519)	accu 1.000 (0.946)	
Train Epoch-7   Iter-550/706	loss 0.0520 (0.1508)	accu 1.000 (0.947)	
Train Epoch-7   Iter-575/706	loss 0.0160 (0.1507)	accu 1.000 (0.947)	
Train Epoch-7   Iter-600/706	loss 0.0159 (0.1500)	accu 1.000 (0.947)	
Train Epoch-7   Iter-625/706	loss 0.8124 (0.1498)	accu 0.750 (0.947)	
Train Epoch-7   Iter-650/706	loss 0.0094 (0.1478)	accu 1.000 (0.947)	
Train Epoch-7   Iter-675/706	loss 0.7630 (0.1499)	accu 0.750 (0.946)	
Train Epoch-7   Iter-700/706	loss 0.3085 (0.1513)	accu 0.875 (0.945)	
Eval Epoch-7   Iter-0  /52 	loss 0.0927 (0.0927)	accu 1.000 (1.000)	
Eval Epoch-7   Iter-25 /52 	loss 0.0809 (0.3721)	accu 1.000 (0.837)	
Eval Epoch-7   Iter-50 /52 	loss 0.6964 (0.5183)	accu 0.875 (0.784)	
Epoch-7   Train: loss 0.1514	accu 0.9449	Eval: loss 0.5476	accu 0.7788
Train Epoch-8   Iter-0  /706	loss 0.0773 (0.0773)	accu 1.000 (1.000)	
Train Epoch-8   Iter-25 /706	loss 0.1325 (0.0869)	accu 0.875 (0.957)	
Train Epoch-8   Iter-50 /706	loss 0.0318 (0.0996)	accu 1.000 (0.956)	
Train Epoch-8   Iter-75 /706	loss 0.0687 (0.1088)	accu 1.000 (0.959)	
Train Epoch-8   Iter-100/706	loss 0.0182 (0.1105)	accu 1.000 (0.958)	
Train Epoch-8   Iter-125/706	loss 0.0129 (0.1126)	accu 1.000 (0.956)	
Train Epoch-8   Iter-150/706	loss 0.2205 (0.1162)	accu 0.750 (0.955)	
Train Epoch-8   Iter-175/706	loss 0.0457 (0.1169)	accu 1.000 (0.955)	
Train Epoch-8   Iter-200/706	loss 0.2172 (0.1176)	accu 0.875 (0.955)	
Train Epoch-8   Iter-225/706	loss 0.6345 (0.1214)	accu 0.875 (0.954)	
Train Epoch-8   Iter-250/706	loss 0.0728 (0.1214)	accu 1.000 (0.954)	
Train Epoch-8   Iter-275/706	loss 0.0159 (0.1222)	accu 1.000 (0.953)	
Train Epoch-8   Iter-300/706	loss 0.2351 (0.1252)	accu 0.875 (0.952)	
Train Epoch-8   Iter-325/706	loss 0.2593 (0.1266)	accu 0.875 (0.952)	
Train Epoch-8   Iter-350/706	loss 0.0295 (0.1310)	accu 1.000 (0.952)	
Train Epoch-8   Iter-375/706	loss 0.0969 (0.1299)	accu 1.000 (0.952)	
Train Epoch-8   Iter-400/706	loss 0.3579 (0.1306)	accu 0.750 (0.951)	
Train Epoch-8   Iter-425/706	loss 0.3816 (0.1312)	accu 0.875 (0.952)	
Train Epoch-8   Iter-450/706	loss 0.0364 (0.1331)	accu 1.000 (0.952)	
Train Epoch-8   Iter-475/706	loss 0.1027 (0.1319)	accu 1.000 (0.953)	
Train Epoch-8   Iter-500/706	loss 0.3906 (0.1310)	accu 0.875 (0.954)	
Train Epoch-8   Iter-525/706	loss 0.1120 (0.1286)	accu 1.000 (0.955)	
Train Epoch-8   Iter-550/706	loss 0.0098 (0.1301)	accu 1.000 (0.953)	
Train Epoch-8   Iter-575/706	loss 0.4112 (0.1337)	accu 0.750 (0.952)	
Train Epoch-8   Iter-600/706	loss 0.0268 (0.1332)	accu 1.000 (0.953)	
Train Epoch-8   Iter-625/706	loss 0.3615 (0.1327)	accu 0.875 (0.953)	
Train Epoch-8   Iter-650/706	loss 0.0122 (0.1330)	accu 1.000 (0.953)	
Train Epoch-8   Iter-675/706	loss 0.0165 (0.1338)	accu 1.000 (0.953)	
Train Epoch-8   Iter-700/706	loss 0.1082 (0.1338)	accu 1.000 (0.952)	
Eval Epoch-8   Iter-0  /52 	loss 0.0628 (0.0628)	accu 1.000 (1.000)	
Eval Epoch-8   Iter-25 /52 	loss 0.4549 (0.3719)	accu 0.875 (0.885)	
Eval Epoch-8   Iter-50 /52 	loss 0.8854 (0.6650)	accu 0.875 (0.775)	
Epoch-8   Train: loss 0.1335	accu 0.9520	Eval: loss 0.6788	accu 0.7692
Train Epoch-9   Iter-0  /706	loss 0.3986 (0.3986)	accu 0.750 (0.750)	
Train Epoch-9   Iter-25 /706	loss 0.0196 (0.1070)	accu 1.000 (0.962)	
Train Epoch-9   Iter-50 /706	loss 0.2572 (0.1331)	accu 0.875 (0.949)	
Train Epoch-9   Iter-75 /706	loss 0.3780 (0.1061)	accu 0.875 (0.962)	
Train Epoch-9   Iter-100/706	loss 0.0028 (0.1065)	accu 1.000 (0.964)	
Train Epoch-9   Iter-125/706	loss 0.0062 (0.1246)	accu 1.000 (0.959)	
Train Epoch-9   Iter-150/706	loss 0.2780 (0.1338)	accu 0.875 (0.955)	
Train Epoch-9   Iter-175/706	loss 0.1199 (0.1358)	accu 1.000 (0.954)	
Train Epoch-9   Iter-200/706	loss 0.4991 (0.1310)	accu 0.875 (0.955)	
Train Epoch-9   Iter-225/706	loss 0.0472 (0.1298)	accu 1.000 (0.955)	
Train Epoch-9   Iter-250/706	loss 0.0201 (0.1269)	accu 1.000 (0.956)	
Train Epoch-9   Iter-275/706	loss 0.2801 (0.1269)	accu 0.875 (0.956)	
Train Epoch-9   Iter-300/706	loss 0.6743 (0.1271)	accu 0.750 (0.955)	
Train Epoch-9   Iter-325/706	loss 0.2681 (0.1273)	accu 0.875 (0.955)	
Train Epoch-9   Iter-350/706	loss 0.1510 (0.1283)	accu 0.875 (0.953)	
Train Epoch-9   Iter-375/706	loss 0.4470 (0.1288)	accu 0.750 (0.952)	
Train Epoch-9   Iter-400/706	loss 0.0161 (0.1279)	accu 1.000 (0.953)	
Train Epoch-9   Iter-425/706	loss 0.7850 (0.1256)	accu 0.750 (0.954)	
Train Epoch-9   Iter-450/706	loss 0.0885 (0.1278)	accu 1.000 (0.953)	
Train Epoch-9   Iter-475/706	loss 0.5975 (0.1298)	accu 0.750 (0.952)	
Train Epoch-9   Iter-500/706	loss 0.0194 (0.1319)	accu 1.000 (0.952)	
Train Epoch-9   Iter-525/706	loss 0.0404 (0.1344)	accu 1.000 (0.952)	
Train Epoch-9   Iter-550/706	loss 0.0457 (0.1334)	accu 1.000 (0.952)	
Train Epoch-9   Iter-575/706	loss 0.0656 (0.1315)	accu 1.000 (0.953)	
Train Epoch-9   Iter-600/706	loss 0.0061 (0.1324)	accu 1.000 (0.952)	
Train Epoch-9   Iter-625/706	loss 0.0498 (0.1316)	accu 1.000 (0.953)	
Train Epoch-9   Iter-650/706	loss 0.3132 (0.1308)	accu 0.875 (0.954)	
Train Epoch-9   Iter-675/706	loss 0.1681 (0.1319)	accu 0.875 (0.953)	
Train Epoch-9   Iter-700/706	loss 0.2888 (0.1327)	accu 0.875 (0.952)	
Eval Epoch-9   Iter-0  /52 	loss 1.4490 (1.4490)	accu 0.750 (0.750)	
Eval Epoch-9   Iter-25 /52 	loss 0.4823 (1.5841)	accu 0.750 (0.582)	
Eval Epoch-9   Iter-50 /52 	loss 0.2756 (1.2941)	accu 0.875 (0.650)	
Epoch-9   Train: loss 0.1319	accu 0.9527	Eval: loss 1.3050	accu 0.6466
Train Epoch-10  Iter-0  /706	loss 0.0367 (0.0367)	accu 1.000 (1.000)	
Train Epoch-10  Iter-25 /706	loss 0.5687 (0.1452)	accu 0.875 (0.957)	
Train Epoch-10  Iter-50 /706	loss 0.0214 (0.1144)	accu 1.000 (0.966)	
Train Epoch-10  Iter-75 /706	loss 0.0153 (0.1113)	accu 1.000 (0.967)	
Train Epoch-10  Iter-100/706	loss 0.0341 (0.0992)	accu 1.000 (0.970)	
Train Epoch-10  Iter-125/706	loss 0.6487 (0.0992)	accu 0.875 (0.970)	
Train Epoch-10  Iter-150/706	loss 0.0536 (0.0974)	accu 1.000 (0.969)	
Train Epoch-10  Iter-175/706	loss 0.0699 (0.1022)	accu 1.000 (0.967)	
Train Epoch-10  Iter-200/706	loss 0.0236 (0.1097)	accu 1.000 (0.963)	
Train Epoch-10  Iter-225/706	loss 0.4174 (0.1221)	accu 0.875 (0.961)	
Train Epoch-10  Iter-250/706	loss 0.0064 (0.1183)	accu 1.000 (0.963)	
Train Epoch-10  Iter-275/706	loss 0.6882 (0.1193)	accu 0.875 (0.963)	
Train Epoch-10  Iter-300/706	loss 0.0955 (0.1221)	accu 1.000 (0.962)	
Train Epoch-10  Iter-325/706	loss 0.4296 (0.1204)	accu 0.875 (0.963)	
Train Epoch-10  Iter-350/706	loss 0.0524 (0.1206)	accu 1.000 (0.963)	
Train Epoch-10  Iter-375/706	loss 0.5584 (0.1199)	accu 0.875 (0.963)	
Train Epoch-10  Iter-400/706	loss 0.0263 (0.1203)	accu 1.000 (0.962)	
Train Epoch-10  Iter-425/706	loss 0.4329 (0.1217)	accu 0.750 (0.962)	
Train Epoch-10  Iter-450/706	loss 0.0924 (0.1242)	accu 1.000 (0.961)	
Train Epoch-10  Iter-475/706	loss 0.0103 (0.1237)	accu 1.000 (0.961)	
Train Epoch-10  Iter-500/706	loss 0.0431 (0.1256)	accu 1.000 (0.960)	
Train Epoch-10  Iter-525/706	loss 0.0446 (0.1276)	accu 1.000 (0.959)	
Train Epoch-10  Iter-550/706	loss 0.0776 (0.1312)	accu 1.000 (0.958)	
Train Epoch-10  Iter-575/706	loss 0.0200 (0.1312)	accu 1.000 (0.958)	
Train Epoch-10  Iter-600/706	loss 0.0486 (0.1325)	accu 1.000 (0.957)	
Train Epoch-10  Iter-625/706	loss 0.0345 (0.1308)	accu 1.000 (0.957)	
Train Epoch-10  Iter-650/706	loss 0.0716 (0.1321)	accu 1.000 (0.957)	
Train Epoch-10  Iter-675/706	loss 0.1406 (0.1338)	accu 1.000 (0.956)	
Train Epoch-10  Iter-700/706	loss 0.0095 (0.1344)	accu 1.000 (0.956)	
Eval Epoch-10  Iter-0  /52 	loss 0.8810 (0.8810)	accu 0.625 (0.625)	
Eval Epoch-10  Iter-25 /52 	loss 0.3831 (0.8109)	accu 0.750 (0.601)	
Eval Epoch-10  Iter-50 /52 	loss 0.2397 (0.8959)	accu 0.875 (0.642)	
Epoch-10  Train: loss 0.1341	accu 0.9557	Eval: loss 0.8882	accu 0.6418
Train Epoch-11  Iter-0  /706	loss 0.1545 (0.1545)	accu 0.875 (0.875)	
Train Epoch-11  Iter-25 /706	loss 0.1966 (0.0881)	accu 0.875 (0.966)	
Train Epoch-11  Iter-50 /706	loss 0.1864 (0.1325)	accu 0.875 (0.956)	
Train Epoch-11  Iter-75 /706	loss 0.0365 (0.1201)	accu 1.000 (0.959)	
Train Epoch-11  Iter-100/706	loss 0.0013 (0.1171)	accu 1.000 (0.962)	
Train Epoch-11  Iter-125/706	loss 0.0112 (0.1174)	accu 1.000 (0.963)	
Train Epoch-11  Iter-150/706	loss 0.3672 (0.1209)	accu 0.750 (0.962)	
Train Epoch-11  Iter-175/706	loss 0.4475 (0.1215)	accu 0.875 (0.960)	
Train Epoch-11  Iter-200/706	loss 0.0171 (0.1171)	accu 1.000 (0.961)	
Train Epoch-11  Iter-225/706	loss 0.1261 (0.1142)	accu 0.875 (0.962)	
Train Epoch-11  Iter-250/706	loss 0.0157 (0.1137)	accu 1.000 (0.962)	
Train Epoch-11  Iter-275/706	loss 0.0149 (0.1154)	accu 1.000 (0.961)	
Train Epoch-11  Iter-300/706	loss 0.1558 (0.1169)	accu 0.875 (0.961)	
Train Epoch-11  Iter-325/706	loss 0.0200 (0.1163)	accu 1.000 (0.961)	
Train Epoch-11  Iter-350/706	loss 0.0483 (0.1191)	accu 1.000 (0.960)	
Train Epoch-11  Iter-375/706	loss 0.0165 (0.1149)	accu 1.000 (0.962)	
Train Epoch-11  Iter-400/706	loss 0.0392 (0.1175)	accu 1.000 (0.961)	
Train Epoch-11  Iter-425/706	loss 0.0230 (0.1186)	accu 1.000 (0.960)	
Train Epoch-11  Iter-450/706	loss 0.1174 (0.1201)	accu 0.875 (0.958)	
Train Epoch-11  Iter-475/706	loss 0.0278 (0.1190)	accu 1.000 (0.959)	
Train Epoch-11  Iter-500/706	loss 0.0093 (0.1208)	accu 1.000 (0.958)	
Train Epoch-11  Iter-525/706	loss 0.1785 (0.1239)	accu 0.875 (0.956)	
Train Epoch-11  Iter-550/706	loss 0.1339 (0.1224)	accu 0.875 (0.956)	
Train Epoch-11  Iter-575/706	loss 0.4692 (0.1225)	accu 0.875 (0.957)	
Train Epoch-11  Iter-600/706	loss 0.9947 (0.1259)	accu 0.875 (0.956)	
Train Epoch-11  Iter-625/706	loss 0.0322 (0.1237)	accu 1.000 (0.957)	
Train Epoch-11  Iter-650/706	loss 0.1989 (0.1242)	accu 0.875 (0.957)	
Train Epoch-11  Iter-675/706	loss 0.0382 (0.1237)	accu 1.000 (0.957)	
Train Epoch-11  Iter-700/706	loss 0.0139 (0.1249)	accu 1.000 (0.956)	
Eval Epoch-11  Iter-0  /52 	loss 0.4690 (0.4690)	accu 0.750 (0.750)	
Eval Epoch-11  Iter-25 /52 	loss 0.1838 (0.7802)	accu 0.875 (0.683)	
Eval Epoch-11  Iter-50 /52 	loss 1.3334 (0.9656)	accu 0.625 (0.662)	
Epoch-11  Train: loss 0.1256	accu 0.9563	Eval: loss 0.9866	accu 0.6587
Train Epoch-12  Iter-0  /706	loss 0.0509 (0.0509)	accu 1.000 (1.000)	
Train Epoch-12  Iter-25 /706	loss 0.9164 (0.1304)	accu 0.750 (0.962)	
Train Epoch-12  Iter-50 /706	loss 0.1639 (0.1465)	accu 0.875 (0.953)	
Train Epoch-12  Iter-75 /706	loss 0.0126 (0.1387)	accu 1.000 (0.957)	
Train Epoch-12  Iter-100/706	loss 0.1893 (0.1450)	accu 0.875 (0.949)	
Train Epoch-12  Iter-125/706	loss 0.0088 (0.1371)	accu 1.000 (0.954)	
Train Epoch-12  Iter-150/706	loss 0.1262 (0.1277)	accu 0.875 (0.956)	
Train Epoch-12  Iter-175/706	loss 0.0468 (0.1283)	accu 1.000 (0.955)	
Train Epoch-12  Iter-200/706	loss 0.0258 (0.1354)	accu 1.000 (0.953)	
Train Epoch-12  Iter-225/706	loss 0.1025 (0.1329)	accu 0.875 (0.951)	
Train Epoch-12  Iter-250/706	loss 0.0153 (0.1324)	accu 1.000 (0.951)	
Train Epoch-12  Iter-275/706	loss 0.0812 (0.1317)	accu 1.000 (0.951)	
Train Epoch-12  Iter-300/706	loss 0.0792 (0.1408)	accu 1.000 (0.948)	
Train Epoch-12  Iter-325/706	loss 0.2413 (0.1416)	accu 0.750 (0.947)	
Train Epoch-12  Iter-350/706	loss 0.0087 (0.1440)	accu 1.000 (0.945)	
Train Epoch-12  Iter-375/706	loss 0.0104 (0.1433)	accu 1.000 (0.945)	
Train Epoch-12  Iter-400/706	loss 0.0578 (0.1436)	accu 1.000 (0.945)	
Train Epoch-12  Iter-425/706	loss 0.0085 (0.1416)	accu 1.000 (0.947)	
Train Epoch-12  Iter-450/706	loss 0.1031 (0.1442)	accu 1.000 (0.947)	
Train Epoch-12  Iter-475/706	loss 0.1518 (0.1427)	accu 0.875 (0.947)	
Train Epoch-12  Iter-500/706	loss 0.0184 (0.1441)	accu 1.000 (0.947)	
Train Epoch-12  Iter-525/706	loss 0.0024 (0.1418)	accu 1.000 (0.948)	
Train Epoch-12  Iter-550/706	loss 0.3622 (0.1415)	accu 0.875 (0.948)	
Train Epoch-12  Iter-575/706	loss 0.0992 (0.1457)	accu 1.000 (0.946)	
Train Epoch-12  Iter-600/706	loss 0.6635 (0.1456)	accu 0.750 (0.947)	
Train Epoch-12  Iter-625/706	loss 0.0273 (0.1435)	accu 1.000 (0.947)	
Train Epoch-12  Iter-650/706	loss 0.0517 (0.1429)	accu 1.000 (0.948)	
Train Epoch-12  Iter-675/706	loss 0.0037 (0.1427)	accu 1.000 (0.948)	
Train Epoch-12  Iter-700/706	loss 0.0064 (0.1419)	accu 1.000 (0.948)	
Eval Epoch-12  Iter-0  /52 	loss 0.5983 (0.5983)	accu 0.750 (0.750)	
Eval Epoch-12  Iter-25 /52 	loss 0.0014 (1.1621)	accu 1.000 (0.567)	
Eval Epoch-12  Iter-50 /52 	loss 0.8924 (1.1358)	accu 0.875 (0.647)	
Epoch-12  Train: loss 0.1418	accu 0.9479	Eval: loss 1.1673	accu 0.6442
Train Epoch-13  Iter-0  /706	loss 0.0116 (0.0116)	accu 1.000 (1.000)	
Train Epoch-13  Iter-25 /706	loss 0.0075 (0.1151)	accu 1.000 (0.957)	
Train Epoch-13  Iter-50 /706	loss 0.0478 (0.1395)	accu 1.000 (0.958)	
Train Epoch-13  Iter-75 /706	loss 0.0168 (0.1450)	accu 1.000 (0.954)	
Train Epoch-13  Iter-100/706	loss 0.1236 (0.1327)	accu 0.875 (0.957)	
Train Epoch-13  Iter-125/706	loss 0.0283 (0.1308)	accu 1.000 (0.959)	
Train Epoch-13  Iter-150/706	loss 0.1098 (0.1390)	accu 1.000 (0.954)	
Train Epoch-13  Iter-175/706	loss 0.0136 (0.1295)	accu 1.000 (0.957)	
Train Epoch-13  Iter-200/706	loss 0.0166 (0.1277)	accu 1.000 (0.959)	
Train Epoch-13  Iter-225/706	loss 0.5221 (0.1258)	accu 0.875 (0.960)	
Train Epoch-13  Iter-250/706	loss 0.2076 (0.1272)	accu 0.875 (0.959)	
Train Epoch-13  Iter-275/706	loss 0.2044 (0.1266)	accu 0.875 (0.959)	
Train Epoch-13  Iter-300/706	loss 0.0147 (0.1252)	accu 1.000 (0.959)	
Train Epoch-13  Iter-325/706	loss 0.0960 (0.1281)	accu 1.000 (0.959)	
Train Epoch-13  Iter-350/706	loss 0.0383 (0.1284)	accu 1.000 (0.958)	
Train Epoch-13  Iter-375/706	loss 0.0570 (0.1245)	accu 1.000 (0.959)	
Train Epoch-13  Iter-400/706	loss 0.0887 (0.1263)	accu 1.000 (0.959)	
Train Epoch-13  Iter-425/706	loss 0.1123 (0.1226)	accu 0.875 (0.959)	
Train Epoch-13  Iter-450/706	loss 0.2435 (0.1193)	accu 0.875 (0.961)	
Train Epoch-13  Iter-475/706	loss 0.0947 (0.1198)	accu 1.000 (0.960)	
Train Epoch-13  Iter-500/706	loss 0.0226 (0.1198)	accu 1.000 (0.959)	
Train Epoch-13  Iter-525/706	loss 0.1669 (0.1209)	accu 0.875 (0.958)	
Train Epoch-13  Iter-550/706	loss 0.1243 (0.1214)	accu 0.875 (0.958)	
Train Epoch-13  Iter-575/706	loss 0.3492 (0.1210)	accu 0.875 (0.959)	
Train Epoch-13  Iter-600/706	loss 0.0056 (0.1193)	accu 1.000 (0.959)	
Train Epoch-13  Iter-625/706	loss 0.0247 (0.1186)	accu 1.000 (0.958)	
Train Epoch-13  Iter-650/706	loss 0.0125 (0.1181)	accu 1.000 (0.959)	
Train Epoch-13  Iter-675/706	loss 0.2232 (0.1195)	accu 0.875 (0.958)	
Train Epoch-13  Iter-700/706	loss 0.1765 (0.1205)	accu 0.875 (0.958)	
Eval Epoch-13  Iter-0  /52 	loss 0.6683 (0.6683)	accu 0.625 (0.625)	
Eval Epoch-13  Iter-25 /52 	loss 0.0138 (0.7513)	accu 1.000 (0.543)	
Eval Epoch-13  Iter-50 /52 	loss 1.3599 (0.8028)	accu 0.750 (0.620)	
Epoch-13  Train: loss 0.1214	accu 0.9565	Eval: loss 0.8107	accu 0.6178
Epoch    14: reducing learning rate of group 0 to 3.0000e-05.
Train Epoch-14  Iter-0  /706	loss 0.0885 (0.0885)	accu 1.000 (1.000)	
Train Epoch-14  Iter-25 /706	loss 0.0312 (0.0795)	accu 1.000 (0.981)	
Train Epoch-14  Iter-50 /706	loss 0.0135 (0.0716)	accu 1.000 (0.980)	
Train Epoch-14  Iter-75 /706	loss 0.1938 (0.0876)	accu 0.875 (0.975)	
Train Epoch-14  Iter-100/706	loss 0.1061 (0.0846)	accu 0.875 (0.975)	
Train Epoch-14  Iter-125/706	loss 0.0129 (0.0875)	accu 1.000 (0.972)	
Train Epoch-14  Iter-150/706	loss 0.0261 (0.0915)	accu 1.000 (0.969)	
Train Epoch-14  Iter-175/706	loss 0.1159 (0.0902)	accu 0.875 (0.969)	
Train Epoch-14  Iter-200/706	loss 0.1520 (0.0949)	accu 0.875 (0.966)	
Train Epoch-14  Iter-225/706	loss 0.0120 (0.0932)	accu 1.000 (0.966)	
Train Epoch-14  Iter-250/706	loss 0.0026 (0.0930)	accu 1.000 (0.966)	
Train Epoch-14  Iter-275/706	loss 0.0031 (0.0941)	accu 1.000 (0.966)	
Train Epoch-14  Iter-300/706	loss 0.0196 (0.0996)	accu 1.000 (0.962)	
Train Epoch-14  Iter-325/706	loss 0.0149 (0.0991)	accu 1.000 (0.962)	
Train Epoch-14  Iter-350/706	loss 0.0043 (0.0966)	accu 1.000 (0.964)	
Train Epoch-14  Iter-375/706	loss 0.0065 (0.0972)	accu 1.000 (0.964)	
Train Epoch-14  Iter-400/706	loss 0.5590 (0.1003)	accu 0.875 (0.963)	
Train Epoch-14  Iter-425/706	loss 0.0177 (0.0978)	accu 1.000 (0.964)	
Train Epoch-14  Iter-450/706	loss 0.0217 (0.0971)	accu 1.000 (0.964)	
Train Epoch-14  Iter-475/706	loss 0.0032 (0.0970)	accu 1.000 (0.965)	
Train Epoch-14  Iter-500/706	loss 0.0046 (0.1000)	accu 1.000 (0.964)	
Train Epoch-14  Iter-525/706	loss 0.5278 (0.1000)	accu 0.750 (0.964)	
Train Epoch-14  Iter-550/706	loss 0.0041 (0.0983)	accu 1.000 (0.965)	
Train Epoch-14  Iter-575/706	loss 0.0861 (0.0990)	accu 1.000 (0.964)	
Train Epoch-14  Iter-600/706	loss 0.0041 (0.0980)	accu 1.000 (0.965)	
Train Epoch-14  Iter-625/706	loss 0.0036 (0.0975)	accu 1.000 (0.965)	
Train Epoch-14  Iter-650/706	loss 0.3195 (0.0996)	accu 0.875 (0.964)	
Train Epoch-14  Iter-675/706	loss 0.0493 (0.0992)	accu 1.000 (0.964)	
Train Epoch-14  Iter-700/706	loss 0.0379 (0.0978)	accu 1.000 (0.965)	
Eval Epoch-14  Iter-0  /52 	loss 0.6754 (0.6754)	accu 0.750 (0.750)	
Eval Epoch-14  Iter-25 /52 	loss 0.0019 (0.6931)	accu 1.000 (0.740)	
Eval Epoch-14  Iter-50 /52 	loss 1.5713 (0.9479)	accu 0.750 (0.686)	
Epoch-14  Train: loss 0.0975	accu 0.9648	Eval: loss 0.9734	accu 0.6827
Train Epoch-15  Iter-0  /706	loss 0.0033 (0.0033)	accu 1.000 (1.000)	
Train Epoch-15  Iter-25 /706	loss 0.0123 (0.0675)	accu 1.000 (0.981)	
Train Epoch-15  Iter-50 /706	loss 0.0359 (0.0919)	accu 1.000 (0.971)	
Train Epoch-15  Iter-75 /706	loss 0.0130 (0.0804)	accu 1.000 (0.977)	
Train Epoch-15  Iter-100/706	loss 0.0962 (0.0841)	accu 1.000 (0.972)	
Train Epoch-15  Iter-125/706	loss 0.0194 (0.0779)	accu 1.000 (0.973)	
Train Epoch-15  Iter-150/706	loss 0.0734 (0.0749)	accu 1.000 (0.975)	
Train Epoch-15  Iter-175/706	loss 0.0485 (0.0800)	accu 1.000 (0.974)	
Train Epoch-15  Iter-200/706	loss 0.2077 (0.0829)	accu 0.875 (0.971)	
Train Epoch-15  Iter-225/706	loss 0.0187 (0.0817)	accu 1.000 (0.972)	
Train Epoch-15  Iter-250/706	loss 0.1092 (0.0810)	accu 1.000 (0.973)	
Train Epoch-15  Iter-275/706	loss 0.0110 (0.0782)	accu 1.000 (0.974)	
Train Epoch-15  Iter-300/706	loss 0.0095 (0.0860)	accu 1.000 (0.972)	
Train Epoch-15  Iter-325/706	loss 0.0122 (0.0853)	accu 1.000 (0.972)	
Train Epoch-15  Iter-350/706	loss 0.0027 (0.0848)	accu 1.000 (0.972)	
Train Epoch-15  Iter-375/706	loss 0.0107 (0.0872)	accu 1.000 (0.970)	
Train Epoch-15  Iter-400/706	loss 0.0720 (0.0879)	accu 1.000 (0.969)	
Train Epoch-15  Iter-425/706	loss 0.0445 (0.0874)	accu 1.000 (0.970)	
Train Epoch-15  Iter-450/706	loss 0.0208 (0.0888)	accu 1.000 (0.969)	
Train Epoch-15  Iter-475/706	loss 0.0039 (0.0902)	accu 1.000 (0.968)	
Train Epoch-15  Iter-500/706	loss 0.0490 (0.0887)	accu 1.000 (0.968)	
Train Epoch-15  Iter-525/706	loss 0.0060 (0.0907)	accu 1.000 (0.967)	
Train Epoch-15  Iter-550/706	loss 0.3887 (0.0937)	accu 0.875 (0.967)	
Train Epoch-15  Iter-575/706	loss 0.1998 (0.0949)	accu 0.875 (0.966)	
Train Epoch-15  Iter-600/706	loss 0.2899 (0.0943)	accu 0.875 (0.967)	
Train Epoch-15  Iter-625/706	loss 0.0152 (0.0939)	accu 1.000 (0.967)	
Train Epoch-15  Iter-650/706	loss 0.2647 (0.0926)	accu 0.875 (0.967)	
Train Epoch-15  Iter-675/706	loss 0.0318 (0.0933)	accu 1.000 (0.967)	
Train Epoch-15  Iter-700/706	loss 0.1099 (0.0936)	accu 0.875 (0.967)	
Eval Epoch-15  Iter-0  /52 	loss 0.4355 (0.4355)	accu 0.875 (0.875)	
Eval Epoch-15  Iter-25 /52 	loss 0.0054 (0.9574)	accu 1.000 (0.639)	
Eval Epoch-15  Iter-50 /52 	loss 1.1638 (0.9499)	accu 0.750 (0.679)	
Epoch-15  Train: loss 0.0931	accu 0.9676	Eval: loss 0.9725	accu 0.6755
Train Epoch-16  Iter-0  /706	loss 0.0480 (0.0480)	accu 1.000 (1.000)	
Train Epoch-16  Iter-25 /706	loss 0.0243 (0.0629)	accu 1.000 (0.981)	
Train Epoch-16  Iter-50 /706	loss 0.0839 (0.0589)	accu 1.000 (0.980)	
Train Epoch-16  Iter-75 /706	loss 0.0030 (0.0688)	accu 1.000 (0.972)	
Train Epoch-16  Iter-100/706	loss 0.0170 (0.0838)	accu 1.000 (0.967)	
Train Epoch-16  Iter-125/706	loss 0.0059 (0.0770)	accu 1.000 (0.970)	
Train Epoch-16  Iter-150/706	loss 0.0086 (0.0804)	accu 1.000 (0.969)	
Train Epoch-16  Iter-175/706	loss 0.0132 (0.0759)	accu 1.000 (0.971)	
Train Epoch-16  Iter-200/706	loss 0.0036 (0.0728)	accu 1.000 (0.971)	
Train Epoch-16  Iter-225/706	loss 0.0301 (0.0784)	accu 1.000 (0.970)	
Train Epoch-16  Iter-250/706	loss 0.1219 (0.0784)	accu 1.000 (0.971)	
Train Epoch-16  Iter-275/706	loss 0.0085 (0.0793)	accu 1.000 (0.971)	
Train Epoch-16  Iter-300/706	loss 0.0205 (0.0812)	accu 1.000 (0.969)	
Train Epoch-16  Iter-325/706	loss 0.0399 (0.0815)	accu 1.000 (0.969)	
Train Epoch-16  Iter-350/706	loss 0.0153 (0.0800)	accu 1.000 (0.970)	
Train Epoch-16  Iter-375/706	loss 0.0088 (0.0811)	accu 1.000 (0.969)	
Train Epoch-16  Iter-400/706	loss 0.3788 (0.0832)	accu 0.875 (0.969)	
Train Epoch-16  Iter-425/706	loss 0.0021 (0.0824)	accu 1.000 (0.969)	
Train Epoch-16  Iter-450/706	loss 0.0105 (0.0844)	accu 1.000 (0.969)	
Train Epoch-16  Iter-475/706	loss 0.0080 (0.0858)	accu 1.000 (0.969)	
Train Epoch-16  Iter-500/706	loss 0.1050 (0.0862)	accu 1.000 (0.968)	
Train Epoch-16  Iter-525/706	loss 0.0456 (0.0882)	accu 1.000 (0.967)	
Train Epoch-16  Iter-550/706	loss 0.0458 (0.0893)	accu 1.000 (0.967)	
Train Epoch-16  Iter-575/706	loss 0.0207 (0.0910)	accu 1.000 (0.967)	
Train Epoch-16  Iter-600/706	loss 0.1596 (0.0910)	accu 0.875 (0.967)	
Train Epoch-16  Iter-625/706	loss 0.1479 (0.0906)	accu 0.875 (0.967)	
Train Epoch-16  Iter-650/706	loss 0.0193 (0.0893)	accu 1.000 (0.967)	
Train Epoch-16  Iter-675/706	loss 0.0204 (0.0884)	accu 1.000 (0.967)	
Train Epoch-16  Iter-700/706	loss 0.0205 (0.0884)	accu 1.000 (0.967)	
Eval Epoch-16  Iter-0  /52 	loss 0.3263 (0.3263)	accu 0.875 (0.875)	
Eval Epoch-16  Iter-25 /52 	loss 0.0012 (0.6867)	accu 1.000 (0.731)	
Eval Epoch-16  Iter-50 /52 	loss 1.6638 (0.9433)	accu 0.750 (0.694)	
Epoch-16  Train: loss 0.0879	accu 0.9676	Eval: loss 0.9737	accu 0.6923
Train Epoch-17  Iter-0  /706	loss 0.1991 (0.1991)	accu 0.875 (0.875)	
Train Epoch-17  Iter-25 /706	loss 0.2639 (0.1095)	accu 0.875 (0.952)	
Train Epoch-17  Iter-50 /706	loss 0.0243 (0.0931)	accu 1.000 (0.968)	
Train Epoch-17  Iter-75 /706	loss 0.0042 (0.0807)	accu 1.000 (0.967)	
Train Epoch-17  Iter-100/706	loss 0.0433 (0.0726)	accu 1.000 (0.970)	
Train Epoch-17  Iter-125/706	loss 0.0377 (0.0814)	accu 1.000 (0.968)	
Train Epoch-17  Iter-150/706	loss 0.0190 (0.0802)	accu 1.000 (0.969)	
Train Epoch-17  Iter-175/706	loss 0.0014 (0.0758)	accu 1.000 (0.971)	
Train Epoch-17  Iter-200/706	loss 0.0506 (0.0772)	accu 1.000 (0.967)	
Train Epoch-17  Iter-225/706	loss 0.2793 (0.0781)	accu 0.875 (0.966)	
Train Epoch-17  Iter-250/706	loss 0.0085 (0.0737)	accu 1.000 (0.968)	
Train Epoch-17  Iter-275/706	loss 0.0932 (0.0759)	accu 1.000 (0.968)	
Train Epoch-17  Iter-300/706	loss 0.0094 (0.0786)	accu 1.000 (0.967)	
Train Epoch-17  Iter-325/706	loss 0.1350 (0.0792)	accu 1.000 (0.968)	
Train Epoch-17  Iter-350/706	loss 0.0818 (0.0797)	accu 1.000 (0.968)	
Train Epoch-17  Iter-375/706	loss 0.1086 (0.0792)	accu 0.875 (0.968)	
Train Epoch-17  Iter-400/706	loss 0.0857 (0.0795)	accu 1.000 (0.969)	
Train Epoch-17  Iter-425/706	loss 0.1351 (0.0808)	accu 0.875 (0.968)	
Train Epoch-17  Iter-450/706	loss 0.1189 (0.0786)	accu 1.000 (0.969)	
Train Epoch-17  Iter-475/706	loss 0.2146 (0.0774)	accu 0.750 (0.970)	
Train Epoch-17  Iter-500/706	loss 0.0043 (0.0763)	accu 1.000 (0.970)	
Train Epoch-17  Iter-525/706	loss 0.0114 (0.0774)	accu 1.000 (0.970)	
Train Epoch-17  Iter-550/706	loss 0.0952 (0.0792)	accu 0.875 (0.969)	
Train Epoch-17  Iter-575/706	loss 0.0315 (0.0782)	accu 1.000 (0.970)	
Train Epoch-17  Iter-600/706	loss 0.0323 (0.0791)	accu 1.000 (0.969)	
Train Epoch-17  Iter-625/706	loss 0.0059 (0.0796)	accu 1.000 (0.970)	
Train Epoch-17  Iter-650/706	loss 0.0113 (0.0802)	accu 1.000 (0.969)	
Train Epoch-17  Iter-675/706	loss 0.1091 (0.0802)	accu 0.875 (0.969)	
Train Epoch-17  Iter-700/706	loss 0.4483 (0.0799)	accu 0.750 (0.969)	
Eval Epoch-17  Iter-0  /52 	loss 0.2612 (0.2612)	accu 0.875 (0.875)	
Eval Epoch-17  Iter-25 /52 	loss 0.0011 (0.6124)	accu 1.000 (0.726)	
Eval Epoch-17  Iter-50 /52 	loss 1.7482 (0.9580)	accu 0.750 (0.701)	
Epoch-17  Train: loss 0.0799	accu 0.9690	Eval: loss 0.9910	accu 0.6971
Train Epoch-18  Iter-0  /706	loss 0.0115 (0.0115)	accu 1.000 (1.000)	
Train Epoch-18  Iter-25 /706	loss 0.0024 (0.0840)	accu 1.000 (0.966)	
Train Epoch-18  Iter-50 /706	loss 0.0379 (0.0881)	accu 1.000 (0.966)	
Train Epoch-18  Iter-75 /706	loss 0.3439 (0.0992)	accu 0.875 (0.961)	
Train Epoch-18  Iter-100/706	loss 0.0140 (0.0942)	accu 1.000 (0.964)	
Train Epoch-18  Iter-125/706	loss 0.0133 (0.0864)	accu 1.000 (0.965)	
Train Epoch-18  Iter-150/706	loss 0.1029 (0.0913)	accu 0.875 (0.964)	
Train Epoch-18  Iter-175/706	loss 0.1986 (0.0842)	accu 0.875 (0.967)	
Train Epoch-18  Iter-200/706	loss 0.0466 (0.0848)	accu 1.000 (0.969)	
Train Epoch-18  Iter-225/706	loss 0.1162 (0.0899)	accu 1.000 (0.967)	
Train Epoch-18  Iter-250/706	loss 0.2024 (0.0850)	accu 0.875 (0.969)	
Train Epoch-18  Iter-275/706	loss 0.2031 (0.0874)	accu 0.875 (0.969)	
Train Epoch-18  Iter-300/706	loss 0.0046 (0.0837)	accu 1.000 (0.970)	
Train Epoch-18  Iter-325/706	loss 0.5718 (0.0874)	accu 0.750 (0.969)	
Train Epoch-18  Iter-350/706	loss 0.0254 (0.0847)	accu 1.000 (0.969)	
Train Epoch-18  Iter-375/706	loss 0.1167 (0.0820)	accu 0.875 (0.970)	
Train Epoch-18  Iter-400/706	loss 0.0132 (0.0828)	accu 1.000 (0.970)	
Train Epoch-18  Iter-425/706	loss 0.0178 (0.0817)	accu 1.000 (0.969)	
Train Epoch-18  Iter-450/706	loss 0.0575 (0.0829)	accu 1.000 (0.970)	
Train Epoch-18  Iter-475/706	loss 0.0046 (0.0840)	accu 1.000 (0.969)	
Train Epoch-18  Iter-500/706	loss 0.0144 (0.0836)	accu 1.000 (0.970)	
Train Epoch-18  Iter-525/706	loss 0.0521 (0.0865)	accu 1.000 (0.969)	
Train Epoch-18  Iter-550/706	loss 0.0332 (0.0858)	accu 1.000 (0.969)	
Train Epoch-18  Iter-575/706	loss 0.0627 (0.0876)	accu 1.000 (0.969)	
Train Epoch-18  Iter-600/706	loss 0.0055 (0.0874)	accu 1.000 (0.969)	
Train Epoch-18  Iter-625/706	loss 0.3459 (0.0890)	accu 0.875 (0.968)	
Train Epoch-18  Iter-650/706	loss 0.0039 (0.0880)	accu 1.000 (0.968)	
Train Epoch-18  Iter-675/706	loss 0.0207 (0.0886)	accu 1.000 (0.968)	
Train Epoch-18  Iter-700/706	loss 0.0220 (0.0877)	accu 1.000 (0.968)	
Eval Epoch-18  Iter-0  /52 	loss 0.2211 (0.2211)	accu 0.875 (0.875)	
Eval Epoch-18  Iter-25 /52 	loss 0.0028 (0.5899)	accu 1.000 (0.760)	
Eval Epoch-18  Iter-50 /52 	loss 1.7356 (0.8823)	accu 0.625 (0.701)	
Epoch-18  Train: loss 0.0872	accu 0.9683	Eval: loss 0.9128	accu 0.6971
Train Epoch-19  Iter-0  /706	loss 0.0597 (0.0597)	accu 1.000 (1.000)	
Train Epoch-19  Iter-25 /706	loss 0.0856 (0.0640)	accu 1.000 (0.976)	
Train Epoch-19  Iter-50 /706	loss 0.0606 (0.0714)	accu 1.000 (0.973)	
Train Epoch-19  Iter-75 /706	loss 0.0721 (0.0717)	accu 1.000 (0.975)	
Train Epoch-19  Iter-100/706	loss 0.0115 (0.0780)	accu 1.000 (0.972)	
Train Epoch-19  Iter-125/706	loss 0.0105 (0.0757)	accu 1.000 (0.973)	
Train Epoch-19  Iter-150/706	loss 0.0438 (0.0761)	accu 1.000 (0.974)	
Train Epoch-19  Iter-175/706	loss 0.0865 (0.0750)	accu 1.000 (0.974)	
Train Epoch-19  Iter-200/706	loss 0.0206 (0.0728)	accu 1.000 (0.975)	
Train Epoch-19  Iter-225/706	loss 0.2285 (0.0729)	accu 0.875 (0.974)	
Train Epoch-19  Iter-250/706	loss 0.0367 (0.0698)	accu 1.000 (0.975)	
Train Epoch-19  Iter-275/706	loss 0.0301 (0.0704)	accu 1.000 (0.976)	
Train Epoch-19  Iter-300/706	loss 0.0120 (0.0741)	accu 1.000 (0.974)	
Train Epoch-19  Iter-325/706	loss 0.0025 (0.0748)	accu 1.000 (0.974)	
Train Epoch-19  Iter-350/706	loss 0.0239 (0.0756)	accu 1.000 (0.974)	
Train Epoch-19  Iter-375/706	loss 0.0128 (0.0737)	accu 1.000 (0.974)	
Train Epoch-19  Iter-400/706	loss 0.2570 (0.0762)	accu 0.875 (0.974)	
Train Epoch-19  Iter-425/706	loss 0.0059 (0.0771)	accu 1.000 (0.973)	
Train Epoch-19  Iter-450/706	loss 0.5057 (0.0806)	accu 0.750 (0.971)	
Train Epoch-19  Iter-475/706	loss 0.0168 (0.0816)	accu 1.000 (0.971)	
Train Epoch-19  Iter-500/706	loss 0.0452 (0.0816)	accu 1.000 (0.972)	
Train Epoch-19  Iter-525/706	loss 0.0727 (0.0814)	accu 1.000 (0.972)	
Train Epoch-19  Iter-550/706	loss 0.0422 (0.0806)	accu 1.000 (0.972)	
Train Epoch-19  Iter-575/706	loss 0.2958 (0.0825)	accu 0.875 (0.972)	
Train Epoch-19  Iter-600/706	loss 0.0015 (0.0815)	accu 1.000 (0.972)	
Train Epoch-19  Iter-625/706	loss 0.0731 (0.0806)	accu 1.000 (0.973)	
Train Epoch-19  Iter-650/706	loss 0.0087 (0.0807)	accu 1.000 (0.973)	
Train Epoch-19  Iter-675/706	loss 0.0013 (0.0807)	accu 1.000 (0.973)	
Train Epoch-19  Iter-700/706	loss 0.0431 (0.0814)	accu 1.000 (0.973)	
Eval Epoch-19  Iter-0  /52 	loss 0.3345 (0.3345)	accu 0.875 (0.875)	
Eval Epoch-19  Iter-25 /52 	loss 0.0136 (0.7523)	accu 1.000 (0.673)	
Eval Epoch-19  Iter-50 /52 	loss 1.7338 (0.9215)	accu 0.625 (0.674)	
Epoch-19  Train: loss 0.0812	accu 0.9731	Eval: loss 0.9379	accu 0.6707
Epoch    20: reducing learning rate of group 0 to 3.0000e-06.
Train Epoch-20  Iter-0  /706	loss 0.0272 (0.0272)	accu 1.000 (1.000)	
Train Epoch-20  Iter-25 /706	loss 0.3196 (0.0994)	accu 0.875 (0.966)	
Train Epoch-20  Iter-50 /706	loss 0.0096 (0.0854)	accu 1.000 (0.966)	
Train Epoch-20  Iter-75 /706	loss 0.0017 (0.0685)	accu 1.000 (0.974)	
Train Epoch-20  Iter-100/706	loss 0.0189 (0.0760)	accu 1.000 (0.974)	
Train Epoch-20  Iter-125/706	loss 0.0323 (0.0795)	accu 1.000 (0.971)	
Train Epoch-20  Iter-150/706	loss 0.0504 (0.0798)	accu 1.000 (0.971)	
Train Epoch-20  Iter-175/706	loss 0.0156 (0.0765)	accu 1.000 (0.972)	
Train Epoch-20  Iter-200/706	loss 0.0217 (0.0786)	accu 1.000 (0.973)	
Train Epoch-20  Iter-225/706	loss 0.0425 (0.0787)	accu 1.000 (0.972)	
Train Epoch-20  Iter-250/706	loss 0.0057 (0.0794)	accu 1.000 (0.972)	
Train Epoch-20  Iter-275/706	loss 0.0165 (0.0793)	accu 1.000 (0.971)	
Train Epoch-20  Iter-300/706	loss 0.0250 (0.0796)	accu 1.000 (0.971)	
Train Epoch-20  Iter-325/706	loss 0.0234 (0.0783)	accu 1.000 (0.971)	
Train Epoch-20  Iter-350/706	loss 0.0017 (0.0777)	accu 1.000 (0.971)	
Train Epoch-20  Iter-375/706	loss 0.0204 (0.0778)	accu 1.000 (0.972)	
Train Epoch-20  Iter-400/706	loss 0.0278 (0.0754)	accu 1.000 (0.973)	
Train Epoch-20  Iter-425/706	loss 0.0024 (0.0754)	accu 1.000 (0.973)	
Train Epoch-20  Iter-450/706	loss 0.0183 (0.0732)	accu 1.000 (0.974)	
Train Epoch-20  Iter-475/706	loss 0.0029 (0.0746)	accu 1.000 (0.973)	
Train Epoch-20  Iter-500/706	loss 0.0264 (0.0744)	accu 1.000 (0.974)	
Train Epoch-20  Iter-525/706	loss 0.0149 (0.0736)	accu 1.000 (0.974)	
Train Epoch-20  Iter-550/706	loss 0.0010 (0.0756)	accu 1.000 (0.973)	
Train Epoch-20  Iter-575/706	loss 0.0195 (0.0740)	accu 1.000 (0.974)	
Train Epoch-20  Iter-600/706	loss 0.4306 (0.0751)	accu 0.750 (0.974)	
Train Epoch-20  Iter-625/706	loss 0.0044 (0.0753)	accu 1.000 (0.974)	
Train Epoch-20  Iter-650/706	loss 0.0013 (0.0754)	accu 1.000 (0.974)	
Train Epoch-20  Iter-675/706	loss 0.0146 (0.0769)	accu 1.000 (0.974)	
Train Epoch-20  Iter-700/706	loss 0.0241 (0.0773)	accu 1.000 (0.973)	
Eval Epoch-20  Iter-0  /52 	loss 0.3335 (0.3335)	accu 0.875 (0.875)	
Eval Epoch-20  Iter-25 /52 	loss 0.0129 (0.7552)	accu 1.000 (0.678)	
Eval Epoch-20  Iter-50 /52 	loss 1.7415 (0.9270)	accu 0.625 (0.674)	
Epoch-20  Train: loss 0.0773	accu 0.9734	Eval: loss 0.9433	accu 0.6707
Train Epoch-21  Iter-0  /706	loss 0.5459 (0.5459)	accu 0.875 (0.875)	
Train Epoch-21  Iter-25 /706	loss 0.0030 (0.0946)	accu 1.000 (0.962)	
Train Epoch-21  Iter-50 /706	loss 0.1537 (0.0972)	accu 0.875 (0.961)	
Train Epoch-21  Iter-75 /706	loss 0.0012 (0.0851)	accu 1.000 (0.967)	
Train Epoch-21  Iter-100/706	loss 0.0554 (0.0824)	accu 1.000 (0.968)	
Train Epoch-21  Iter-125/706	loss 0.0025 (0.0780)	accu 1.000 (0.970)	
Train Epoch-21  Iter-150/706	loss 0.0693 (0.0820)	accu 1.000 (0.969)	
Train Epoch-21  Iter-175/706	loss 0.7824 (0.0826)	accu 0.875 (0.972)	
Train Epoch-21  Iter-200/706	loss 0.0355 (0.0794)	accu 1.000 (0.973)	
Train Epoch-21  Iter-225/706	loss 0.0443 (0.0762)	accu 1.000 (0.975)	
Train Epoch-21  Iter-250/706	loss 0.0082 (0.0756)	accu 1.000 (0.974)	
Train Epoch-21  Iter-275/706	loss 0.4804 (0.0807)	accu 0.750 (0.973)	
Train Epoch-21  Iter-300/706	loss 0.0010 (0.0794)	accu 1.000 (0.973)	
Train Epoch-21  Iter-325/706	loss 0.0754 (0.0789)	accu 1.000 (0.974)	
Train Epoch-21  Iter-350/706	loss 0.0084 (0.0764)	accu 1.000 (0.974)	
Train Epoch-21  Iter-375/706	loss 0.0525 (0.0777)	accu 1.000 (0.974)	
Train Epoch-21  Iter-400/706	loss 0.1021 (0.0782)	accu 1.000 (0.974)	
Train Epoch-21  Iter-425/706	loss 0.1644 (0.0776)	accu 0.875 (0.974)	
Train Epoch-21  Iter-450/706	loss 0.0784 (0.0759)	accu 1.000 (0.975)	
Train Epoch-21  Iter-475/706	loss 0.4042 (0.0774)	accu 0.875 (0.973)	
Train Epoch-21  Iter-500/706	loss 0.0178 (0.0759)	accu 1.000 (0.974)	
Train Epoch-21  Iter-525/706	loss 0.2864 (0.0751)	accu 0.875 (0.974)	
Train Epoch-21  Iter-550/706	loss 0.0026 (0.0754)	accu 1.000 (0.973)	
Train Epoch-21  Iter-575/706	loss 0.0067 (0.0737)	accu 1.000 (0.974)	
Train Epoch-21  Iter-600/706	loss 0.0122 (0.0747)	accu 1.000 (0.973)	
Train Epoch-21  Iter-625/706	loss 0.0015 (0.0748)	accu 1.000 (0.973)	
Train Epoch-21  Iter-650/706	loss 0.3651 (0.0758)	accu 0.875 (0.973)	
Train Epoch-21  Iter-675/706	loss 0.0053 (0.0761)	accu 1.000 (0.973)	
Train Epoch-21  Iter-700/706	loss 0.0028 (0.0747)	accu 1.000 (0.973)	
Eval Epoch-21  Iter-0  /52 	loss 0.3307 (0.3307)	accu 0.875 (0.875)	
Eval Epoch-21  Iter-25 /52 	loss 0.0105 (0.7359)	accu 1.000 (0.697)	
Eval Epoch-21  Iter-50 /52 	loss 1.7866 (0.9385)	accu 0.625 (0.684)	
Epoch-21  Train: loss 0.0745	accu 0.9736	Eval: loss 0.9567	accu 0.6803
Train Epoch-22  Iter-0  /706	loss 0.0389 (0.0389)	accu 1.000 (1.000)	
Train Epoch-22  Iter-25 /706	loss 0.0414 (0.1074)	accu 1.000 (0.962)	
Train Epoch-22  Iter-50 /706	loss 0.1659 (0.0797)	accu 0.875 (0.968)	
Train Epoch-22  Iter-75 /706	loss 0.0415 (0.0678)	accu 1.000 (0.975)	
Train Epoch-22  Iter-100/706	loss 0.0718 (0.0650)	accu 1.000 (0.978)	
Train Epoch-22  Iter-125/706	loss 0.0384 (0.0678)	accu 1.000 (0.976)	
Train Epoch-22  Iter-150/706	loss 0.7188 (0.0878)	accu 0.875 (0.967)	
Train Epoch-22  Iter-175/706	loss 0.0011 (0.0842)	accu 1.000 (0.969)	
Train Epoch-22  Iter-200/706	loss 0.0035 (0.0837)	accu 1.000 (0.970)	
Train Epoch-22  Iter-225/706	loss 0.0573 (0.0805)	accu 1.000 (0.971)	
Train Epoch-22  Iter-250/706	loss 0.0166 (0.0799)	accu 1.000 (0.971)	
Train Epoch-22  Iter-275/706	loss 0.1350 (0.0797)	accu 0.875 (0.971)	
Train Epoch-22  Iter-300/706	loss 0.0306 (0.0760)	accu 1.000 (0.972)	
Train Epoch-22  Iter-325/706	loss 0.0185 (0.0774)	accu 1.000 (0.971)	
Train Epoch-22  Iter-350/706	loss 0.0788 (0.0769)	accu 1.000 (0.971)	
Train Epoch-22  Iter-375/706	loss 0.0246 (0.0786)	accu 1.000 (0.971)	
Train Epoch-22  Iter-400/706	loss 0.0268 (0.0780)	accu 1.000 (0.972)	
Train Epoch-22  Iter-425/706	loss 0.0180 (0.0774)	accu 1.000 (0.972)	
Train Epoch-22  Iter-450/706	loss 0.0196 (0.0812)	accu 1.000 (0.971)	
Train Epoch-22  Iter-475/706	loss 0.0118 (0.0800)	accu 1.000 (0.972)	
Train Epoch-22  Iter-500/706	loss 0.0502 (0.0799)	accu 1.000 (0.971)	
Train Epoch-22  Iter-525/706	loss 0.0153 (0.0779)	accu 1.000 (0.972)	
Train Epoch-22  Iter-550/706	loss 0.0799 (0.0789)	accu 1.000 (0.972)	
Train Epoch-22  Iter-575/706	loss 0.0059 (0.0819)	accu 1.000 (0.971)	
Train Epoch-22  Iter-600/706	loss 0.2385 (0.0809)	accu 0.875 (0.971)	
Train Epoch-22  Iter-625/706	loss 0.1564 (0.0799)	accu 0.875 (0.971)	
Train Epoch-22  Iter-650/706	loss 0.0139 (0.0784)	accu 1.000 (0.972)	
Train Epoch-22  Iter-675/706	loss 0.3178 (0.0784)	accu 0.875 (0.972)	
Train Epoch-22  Iter-700/706	loss 0.0651 (0.0776)	accu 1.000 (0.972)	
Eval Epoch-22  Iter-0  /52 	loss 0.3353 (0.3353)	accu 0.875 (0.875)	
Eval Epoch-22  Iter-25 /52 	loss 0.0099 (0.7343)	accu 1.000 (0.707)	
Eval Epoch-22  Iter-50 /52 	loss 1.8105 (0.9485)	accu 0.625 (0.686)	
Epoch-22  Train: loss 0.0774	accu 0.9726	Eval: loss 0.9676	accu 0.6827
Train Epoch-23  Iter-0  /706	loss 0.0712 (0.0712)	accu 1.000 (1.000)	
Train Epoch-23  Iter-25 /706	loss 0.0051 (0.1049)	accu 1.000 (0.966)	
Train Epoch-23  Iter-50 /706	loss 0.0020 (0.1054)	accu 1.000 (0.963)	
Train Epoch-23  Iter-75 /706	loss 0.0088 (0.0946)	accu 1.000 (0.967)	
Train Epoch-23  Iter-100/706	loss 0.0358 (0.0765)	accu 1.000 (0.975)	
Train Epoch-23  Iter-125/706	loss 0.5778 (0.0816)	accu 0.750 (0.971)	
Train Epoch-23  Iter-150/706	loss 0.0469 (0.0752)	accu 1.000 (0.974)	
Train Epoch-23  Iter-175/706	loss 0.0242 (0.0704)	accu 1.000 (0.974)	
Train Epoch-23  Iter-200/706	loss 0.1995 (0.0746)	accu 0.875 (0.972)	
Train Epoch-23  Iter-225/706	loss 0.0466 (0.0745)	accu 1.000 (0.972)	
Train Epoch-23  Iter-250/706	loss 0.0551 (0.0740)	accu 1.000 (0.973)	
Train Epoch-23  Iter-275/706	loss 0.0200 (0.0746)	accu 1.000 (0.973)	
Train Epoch-23  Iter-300/706	loss 0.0017 (0.0755)	accu 1.000 (0.973)	
Train Epoch-23  Iter-325/706	loss 0.0468 (0.0732)	accu 1.000 (0.974)	
Train Epoch-23  Iter-350/706	loss 0.1394 (0.0747)	accu 0.875 (0.973)	
Train Epoch-23  Iter-375/706	loss 0.1707 (0.0749)	accu 0.875 (0.973)	
Train Epoch-23  Iter-400/706	loss 0.5003 (0.0765)	accu 0.750 (0.973)	
Train Epoch-23  Iter-425/706	loss 0.0364 (0.0772)	accu 1.000 (0.972)	
Train Epoch-23  Iter-450/706	loss 0.0110 (0.0772)	accu 1.000 (0.973)	
Train Epoch-23  Iter-475/706	loss 0.0633 (0.0760)	accu 1.000 (0.973)	
Train Epoch-23  Iter-500/706	loss 0.0413 (0.0758)	accu 1.000 (0.973)	
Train Epoch-23  Iter-525/706	loss 0.0375 (0.0771)	accu 1.000 (0.972)	
Train Epoch-23  Iter-550/706	loss 0.0073 (0.0796)	accu 1.000 (0.972)	
Train Epoch-23  Iter-575/706	loss 0.2744 (0.0791)	accu 0.875 (0.972)	
Train Epoch-23  Iter-600/706	loss 0.0101 (0.0783)	accu 1.000 (0.972)	
Train Epoch-23  Iter-625/706	loss 0.3035 (0.0781)	accu 0.875 (0.972)	
Train Epoch-23  Iter-650/706	loss 0.0099 (0.0762)	accu 1.000 (0.973)	
Train Epoch-23  Iter-675/706	loss 0.0072 (0.0765)	accu 1.000 (0.973)	
Train Epoch-23  Iter-700/706	loss 0.0016 (0.0757)	accu 1.000 (0.974)	
Eval Epoch-23  Iter-0  /52 	loss 0.3435 (0.3435)	accu 0.875 (0.875)	
Eval Epoch-23  Iter-25 /52 	loss 0.0097 (0.7440)	accu 1.000 (0.702)	
Eval Epoch-23  Iter-50 /52 	loss 1.8203 (0.9546)	accu 0.625 (0.686)	
Epoch-23  Train: loss 0.0759	accu 0.9736	Eval: loss 0.9738	accu 0.6827
Train Epoch-24  Iter-0  /706	loss 0.0167 (0.0167)	accu 1.000 (1.000)	
Train Epoch-24  Iter-25 /706	loss 0.0020 (0.0443)	accu 1.000 (0.981)	
Train Epoch-24  Iter-50 /706	loss 0.6911 (0.0844)	accu 0.750 (0.966)	
Train Epoch-24  Iter-75 /706	loss 0.1112 (0.0744)	accu 0.875 (0.969)	
Train Epoch-24  Iter-100/706	loss 0.0149 (0.0648)	accu 1.000 (0.974)	
Train Epoch-24  Iter-125/706	loss 0.0021 (0.0600)	accu 1.000 (0.976)	
Train Epoch-24  Iter-150/706	loss 0.1926 (0.0619)	accu 0.875 (0.976)	
Train Epoch-24  Iter-175/706	loss 0.5055 (0.0619)	accu 0.750 (0.975)	
Train Epoch-24  Iter-200/706	loss 0.0081 (0.0587)	accu 1.000 (0.976)	
Train Epoch-24  Iter-225/706	loss 0.0015 (0.0635)	accu 1.000 (0.976)	
Train Epoch-24  Iter-250/706	loss 0.1940 (0.0679)	accu 0.875 (0.975)	
Train Epoch-24  Iter-275/706	loss 0.0185 (0.0684)	accu 1.000 (0.975)	
Train Epoch-24  Iter-300/706	loss 0.0319 (0.0700)	accu 1.000 (0.975)	
Train Epoch-24  Iter-325/706	loss 0.1932 (0.0735)	accu 0.875 (0.972)	
Train Epoch-24  Iter-350/706	loss 0.0195 (0.0747)	accu 1.000 (0.972)	
Train Epoch-24  Iter-375/706	loss 0.0038 (0.0738)	accu 1.000 (0.973)	
Train Epoch-24  Iter-400/706	loss 0.0024 (0.0762)	accu 1.000 (0.972)	
Train Epoch-24  Iter-425/706	loss 0.0010 (0.0731)	accu 1.000 (0.973)	
Train Epoch-24  Iter-450/706	loss 0.0154 (0.0738)	accu 1.000 (0.973)	
Train Epoch-24  Iter-475/706	loss 0.0155 (0.0729)	accu 1.000 (0.974)	
Train Epoch-24  Iter-500/706	loss 0.3512 (0.0740)	accu 0.875 (0.974)	
Train Epoch-24  Iter-525/706	loss 0.0506 (0.0748)	accu 1.000 (0.973)	
Train Epoch-24  Iter-550/706	loss 0.0075 (0.0758)	accu 1.000 (0.973)	
Train Epoch-24  Iter-575/706	loss 0.0038 (0.0740)	accu 1.000 (0.974)	
Train Epoch-24  Iter-600/706	loss 0.2312 (0.0733)	accu 0.875 (0.974)	
Train Epoch-24  Iter-625/706	loss 0.0521 (0.0753)	accu 1.000 (0.973)	
Train Epoch-24  Iter-650/706	loss 0.0124 (0.0739)	accu 1.000 (0.974)	
Train Epoch-24  Iter-675/706	loss 0.0502 (0.0740)	accu 1.000 (0.973)	
Train Epoch-24  Iter-700/706	loss 0.0010 (0.0735)	accu 1.000 (0.973)	
Eval Epoch-24  Iter-0  /52 	loss 0.3561 (0.3561)	accu 0.875 (0.875)	
Eval Epoch-24  Iter-25 /52 	loss 0.0095 (0.7750)	accu 1.000 (0.678)	
Eval Epoch-24  Iter-50 /52 	loss 1.8125 (0.9566)	accu 0.625 (0.676)	
Epoch-24  Train: loss 0.0732	accu 0.9736	Eval: loss 0.9758	accu 0.6731
Train Epoch-25  Iter-0  /706	loss 0.0120 (0.0120)	accu 1.000 (1.000)	
Train Epoch-25  Iter-25 /706	loss 0.0172 (0.0806)	accu 1.000 (0.966)	
Train Epoch-25  Iter-50 /706	loss 0.5163 (0.0795)	accu 0.875 (0.971)	
Train Epoch-25  Iter-75 /706	loss 0.0114 (0.0838)	accu 1.000 (0.967)	
Train Epoch-25  Iter-100/706	loss 0.2933 (0.0800)	accu 0.750 (0.967)	
Train Epoch-25  Iter-125/706	loss 0.0099 (0.0953)	accu 1.000 (0.959)	
Train Epoch-25  Iter-150/706	loss 0.1994 (0.0868)	accu 0.875 (0.964)	
Train Epoch-25  Iter-175/706	loss 0.0507 (0.0811)	accu 1.000 (0.967)	
Train Epoch-25  Iter-200/706	loss 0.1326 (0.0761)	accu 0.875 (0.968)	
Train Epoch-25  Iter-225/706	loss 0.0184 (0.0753)	accu 1.000 (0.968)	
Train Epoch-25  Iter-250/706	loss 0.1266 (0.0806)	accu 1.000 (0.968)	
Train Epoch-25  Iter-275/706	loss 0.0142 (0.0790)	accu 1.000 (0.968)	
Train Epoch-25  Iter-300/706	loss 0.0147 (0.0772)	accu 1.000 (0.969)	
Train Epoch-25  Iter-325/706	loss 0.0127 (0.0798)	accu 1.000 (0.970)	
Train Epoch-25  Iter-350/706	loss 0.0096 (0.0803)	accu 1.000 (0.970)	
Train Epoch-25  Iter-375/706	loss 0.0282 (0.0812)	accu 1.000 (0.969)	
Train Epoch-25  Iter-400/706	loss 0.0014 (0.0805)	accu 1.000 (0.970)	
Train Epoch-25  Iter-425/706	loss 0.0080 (0.0795)	accu 1.000 (0.970)	
Train Epoch-25  Iter-450/706	loss 0.0136 (0.0781)	accu 1.000 (0.971)	
Train Epoch-25  Iter-475/706	loss 0.0026 (0.0789)	accu 1.000 (0.972)	
Train Epoch-25  Iter-500/706	loss 0.0082 (0.0773)	accu 1.000 (0.973)	
Train Epoch-25  Iter-525/706	loss 0.0196 (0.0769)	accu 1.000 (0.973)	
Train Epoch-25  Iter-550/706	loss 0.0023 (0.0748)	accu 1.000 (0.973)	
Train Epoch-25  Iter-575/706	loss 0.2894 (0.0751)	accu 0.875 (0.974)	
Train Epoch-25  Iter-600/706	loss 0.0169 (0.0763)	accu 1.000 (0.974)	
Train Epoch-25  Iter-625/706	loss 0.0025 (0.0750)	accu 1.000 (0.974)	
Train Epoch-25  Iter-650/706	loss 0.3023 (0.0750)	accu 0.875 (0.974)	
Train Epoch-25  Iter-675/706	loss 0.0732 (0.0749)	accu 1.000 (0.974)	
Train Epoch-25  Iter-700/706	loss 0.0015 (0.0743)	accu 1.000 (0.975)	
Eval Epoch-25  Iter-0  /52 	loss 0.3623 (0.3623)	accu 0.875 (0.875)	
Eval Epoch-25  Iter-25 /52 	loss 0.0093 (0.7779)	accu 1.000 (0.683)	
Eval Epoch-25  Iter-50 /52 	loss 1.8128 (0.9601)	accu 0.625 (0.679)	
Epoch-25  Train: loss 0.0743	accu 0.9745	Eval: loss 0.9796	accu 0.6755
Epoch    26: reducing learning rate of group 0 to 3.0000e-07.
Train Epoch-26  Iter-0  /706	loss 0.0277 (0.0277)	accu 1.000 (1.000)	
Train Epoch-26  Iter-25 /706	loss 0.0124 (0.0457)	accu 1.000 (0.986)	
Train Epoch-26  Iter-50 /706	loss 0.0511 (0.0366)	accu 1.000 (0.993)	
Train Epoch-26  Iter-75 /706	loss 0.0146 (0.0407)	accu 1.000 (0.992)	
Train Epoch-26  Iter-100/706	loss 0.0021 (0.0390)	accu 1.000 (0.991)	
Train Epoch-26  Iter-125/706	loss 0.1166 (0.0538)	accu 0.875 (0.987)	
Train Epoch-26  Iter-150/706	loss 0.0126 (0.0654)	accu 1.000 (0.981)	
Train Epoch-26  Iter-175/706	loss 0.0156 (0.0696)	accu 1.000 (0.979)	
Train Epoch-26  Iter-200/706	loss 0.3299 (0.0668)	accu 0.875 (0.980)	
Train Epoch-26  Iter-225/706	loss 0.0132 (0.0653)	accu 1.000 (0.981)	
Train Epoch-26  Iter-250/706	loss 0.0065 (0.0696)	accu 1.000 (0.979)	
Train Epoch-26  Iter-275/706	loss 0.0056 (0.0693)	accu 1.000 (0.979)	
Train Epoch-26  Iter-300/706	loss 0.0013 (0.0670)	accu 1.000 (0.980)	
Train Epoch-26  Iter-325/706	loss 0.0019 (0.0683)	accu 1.000 (0.979)	
Train Epoch-26  Iter-350/706	loss 0.0078 (0.0691)	accu 1.000 (0.979)	
Train Epoch-26  Iter-375/706	loss 0.0676 (0.0744)	accu 1.000 (0.977)	
Train Epoch-26  Iter-400/706	loss 0.0060 (0.0726)	accu 1.000 (0.977)	
Train Epoch-26  Iter-425/706	loss 0.3799 (0.0747)	accu 0.875 (0.976)	
Train Epoch-26  Iter-450/706	loss 0.0112 (0.0749)	accu 1.000 (0.975)	
Train Epoch-26  Iter-475/706	loss 0.0200 (0.0764)	accu 1.000 (0.975)	
Train Epoch-26  Iter-500/706	loss 0.0108 (0.0763)	accu 1.000 (0.974)	
Train Epoch-26  Iter-525/706	loss 0.0252 (0.0754)	accu 1.000 (0.975)	
Train Epoch-26  Iter-550/706	loss 0.0019 (0.0751)	accu 1.000 (0.974)	
Train Epoch-26  Iter-575/706	loss 0.0022 (0.0749)	accu 1.000 (0.974)	
Train Epoch-26  Iter-600/706	loss 0.0105 (0.0747)	accu 1.000 (0.974)	
Train Epoch-26  Iter-625/706	loss 0.0119 (0.0741)	accu 1.000 (0.974)	
Train Epoch-26  Iter-650/706	loss 0.0087 (0.0739)	accu 1.000 (0.974)	
Train Epoch-26  Iter-675/706	loss 0.0311 (0.0749)	accu 1.000 (0.974)	
Train Epoch-26  Iter-700/706	loss 0.1644 (0.0757)	accu 0.875 (0.973)	
Eval Epoch-26  Iter-0  /52 	loss 0.3574 (0.3574)	accu 0.875 (0.875)	
Eval Epoch-26  Iter-25 /52 	loss 0.0092 (0.7653)	accu 1.000 (0.683)	
Eval Epoch-26  Iter-50 /52 	loss 1.8192 (0.9560)	accu 0.625 (0.679)	
Epoch-26  Train: loss 0.0752	accu 0.9736	Eval: loss 0.9758	accu 0.6755
Train Epoch-27  Iter-0  /706	loss 0.1278 (0.1278)	accu 0.875 (0.875)	
Train Epoch-27  Iter-25 /706	loss 0.0164 (0.0764)	accu 1.000 (0.976)	
Train Epoch-27  Iter-50 /706	loss 0.0015 (0.0629)	accu 1.000 (0.980)	
Train Epoch-27  Iter-75 /706	loss 0.0024 (0.0570)	accu 1.000 (0.982)	
Train Epoch-27  Iter-100/706	loss 0.0186 (0.0620)	accu 1.000 (0.979)	
Train Epoch-27  Iter-125/706	loss 0.0161 (0.0628)	accu 1.000 (0.979)	
Train Epoch-27  Iter-150/706	loss 0.1074 (0.0691)	accu 0.875 (0.974)	
Train Epoch-27  Iter-175/706	loss 0.0016 (0.0691)	accu 1.000 (0.973)	
Train Epoch-27  Iter-200/706	loss 0.0011 (0.0657)	accu 1.000 (0.975)	
Train Epoch-27  Iter-225/706	loss 0.0017 (0.0651)	accu 1.000 (0.976)	
Train Epoch-27  Iter-250/706	loss 0.0993 (0.0694)	accu 0.875 (0.975)	
Train Epoch-27  Iter-275/706	loss 0.0612 (0.0696)	accu 1.000 (0.974)	
Train Epoch-27  Iter-300/706	loss 0.0403 (0.0700)	accu 1.000 (0.973)	
Train Epoch-27  Iter-325/706	loss 0.0020 (0.0684)	accu 1.000 (0.974)	
Train Epoch-27  Iter-350/706	loss 0.3315 (0.0729)	accu 0.875 (0.973)	
Train Epoch-27  Iter-375/706	loss 0.0581 (0.0728)	accu 1.000 (0.973)	
Train Epoch-27  Iter-400/706	loss 0.0638 (0.0741)	accu 1.000 (0.973)	
Train Epoch-27  Iter-425/706	loss 0.0186 (0.0738)	accu 1.000 (0.974)	
Train Epoch-27  Iter-450/706	loss 0.0670 (0.0744)	accu 1.000 (0.973)	
Train Epoch-27  Iter-475/706	loss 0.4805 (0.0747)	accu 0.875 (0.973)	
Train Epoch-27  Iter-500/706	loss 0.0131 (0.0755)	accu 1.000 (0.973)	
Train Epoch-27  Iter-525/706	loss 0.0036 (0.0737)	accu 1.000 (0.974)	
Train Epoch-27  Iter-550/706	loss 0.2763 (0.0730)	accu 0.750 (0.974)	
Train Epoch-27  Iter-575/706	loss 0.0158 (0.0710)	accu 1.000 (0.975)	
Train Epoch-27  Iter-600/706	loss 0.0164 (0.0715)	accu 1.000 (0.974)	
Train Epoch-27  Iter-625/706	loss 0.0071 (0.0719)	accu 1.000 (0.974)	
Train Epoch-27  Iter-650/706	loss 0.0324 (0.0704)	accu 1.000 (0.975)	
Train Epoch-27  Iter-675/706	loss 0.0103 (0.0715)	accu 1.000 (0.974)	
Train Epoch-27  Iter-700/706	loss 0.2730 (0.0714)	accu 0.875 (0.974)	
Eval Epoch-27  Iter-0  /52 	loss 0.3559 (0.3559)	accu 0.875 (0.875)	
Eval Epoch-27  Iter-25 /52 	loss 0.0091 (0.7622)	accu 1.000 (0.683)	
Eval Epoch-27  Iter-50 /52 	loss 1.8227 (0.9557)	accu 0.625 (0.679)	
Epoch-27  Train: loss 0.0723	accu 0.9736	Eval: loss 0.9756	accu 0.6755
Train Epoch-28  Iter-0  /706	loss 0.0157 (0.0157)	accu 1.000 (1.000)	
Train Epoch-28  Iter-25 /706	loss 0.0035 (0.0771)	accu 1.000 (0.966)	
Train Epoch-28  Iter-50 /706	loss 0.0082 (0.0698)	accu 1.000 (0.973)	
Train Epoch-28  Iter-75 /706	loss 0.0021 (0.0779)	accu 1.000 (0.970)	
Train Epoch-28  Iter-100/706	loss 0.0212 (0.0722)	accu 1.000 (0.973)	
Train Epoch-28  Iter-125/706	loss 0.0080 (0.0709)	accu 1.000 (0.973)	
Train Epoch-28  Iter-150/706	loss 0.0099 (0.0715)	accu 1.000 (0.974)	
Train Epoch-28  Iter-175/706	loss 0.3919 (0.0750)	accu 0.750 (0.972)	
Train Epoch-28  Iter-200/706	loss 0.1918 (0.0705)	accu 0.875 (0.974)	
Train Epoch-28  Iter-225/706	loss 0.0020 (0.0719)	accu 1.000 (0.974)	
Train Epoch-28  Iter-250/706	loss 0.0420 (0.0692)	accu 1.000 (0.975)	
Train Epoch-28  Iter-275/706	loss 0.0196 (0.0714)	accu 1.000 (0.974)	
Train Epoch-28  Iter-300/706	loss 0.3155 (0.0711)	accu 0.875 (0.974)	
Train Epoch-28  Iter-325/706	loss 0.0032 (0.0707)	accu 1.000 (0.975)	
Train Epoch-28  Iter-350/706	loss 0.0010 (0.0710)	accu 1.000 (0.975)	
Train Epoch-28  Iter-375/706	loss 0.0519 (0.0715)	accu 1.000 (0.974)	
Train Epoch-28  Iter-400/706	loss 0.0159 (0.0745)	accu 1.000 (0.973)	
Train Epoch-28  Iter-425/706	loss 0.0058 (0.0739)	accu 1.000 (0.973)	
Train Epoch-28  Iter-450/706	loss 0.0009 (0.0762)	accu 1.000 (0.973)	
Train Epoch-28  Iter-475/706	loss 0.1235 (0.0764)	accu 1.000 (0.973)	
Train Epoch-28  Iter-500/706	loss 0.0016 (0.0762)	accu 1.000 (0.973)	
Train Epoch-28  Iter-525/706	loss 0.0233 (0.0741)	accu 1.000 (0.974)	
Train Epoch-28  Iter-550/706	loss 0.0168 (0.0732)	accu 1.000 (0.974)	
Train Epoch-28  Iter-575/706	loss 0.0541 (0.0725)	accu 1.000 (0.974)	
Train Epoch-28  Iter-600/706	loss 0.0788 (0.0729)	accu 1.000 (0.974)	
Train Epoch-28  Iter-625/706	loss 0.0025 (0.0721)	accu 1.000 (0.974)	
Train Epoch-28  Iter-650/706	loss 0.0115 (0.0723)	accu 1.000 (0.974)	
Train Epoch-28  Iter-675/706	loss 0.0091 (0.0708)	accu 1.000 (0.974)	
Train Epoch-28  Iter-700/706	loss 0.1437 (0.0706)	accu 0.875 (0.974)	
Eval Epoch-28  Iter-0  /52 	loss 0.3553 (0.3553)	accu 0.875 (0.875)	
Eval Epoch-28  Iter-25 /52 	loss 0.0090 (0.7599)	accu 1.000 (0.683)	
Eval Epoch-28  Iter-50 /52 	loss 1.8274 (0.9559)	accu 0.625 (0.679)	
Epoch-28  Train: loss 0.0704	accu 0.9740	Eval: loss 0.9759	accu 0.6755
Train Epoch-29  Iter-0  /706	loss 0.3909 (0.3909)	accu 0.875 (0.875)	
Train Epoch-29  Iter-25 /706	loss 0.0034 (0.0923)	accu 1.000 (0.957)	
Train Epoch-29  Iter-50 /706	loss 0.2267 (0.0710)	accu 0.875 (0.971)	
Train Epoch-29  Iter-75 /706	loss 0.0372 (0.0736)	accu 1.000 (0.969)	
Train Epoch-29  Iter-100/706	loss 0.0250 (0.0684)	accu 1.000 (0.970)	
Train Epoch-29  Iter-125/706	loss 0.0277 (0.0685)	accu 1.000 (0.970)	
Train Epoch-29  Iter-150/706	loss 0.0082 (0.0642)	accu 1.000 (0.972)	
Train Epoch-29  Iter-175/706	loss 0.0310 (0.0644)	accu 1.000 (0.973)	
Train Epoch-29  Iter-200/706	loss 0.1100 (0.0659)	accu 0.875 (0.973)	
Train Epoch-29  Iter-225/706	loss 0.0278 (0.0660)	accu 1.000 (0.973)	
Train Epoch-29  Iter-250/706	loss 0.0905 (0.0670)	accu 1.000 (0.973)	
Train Epoch-29  Iter-275/706	loss 0.0595 (0.0682)	accu 1.000 (0.973)	
Train Epoch-29  Iter-300/706	loss 0.2313 (0.0673)	accu 0.750 (0.973)	
Train Epoch-29  Iter-325/706	loss 0.0142 (0.0685)	accu 1.000 (0.972)	
Train Epoch-29  Iter-350/706	loss 0.0430 (0.0672)	accu 1.000 (0.973)	
Train Epoch-29  Iter-375/706	loss 0.0013 (0.0657)	accu 1.000 (0.974)	
Train Epoch-29  Iter-400/706	loss 0.0100 (0.0679)	accu 1.000 (0.973)	
Train Epoch-29  Iter-425/706	loss 0.0131 (0.0675)	accu 1.000 (0.974)	
Train Epoch-29  Iter-450/706	loss 0.0290 (0.0682)	accu 1.000 (0.974)	
Train Epoch-29  Iter-475/706	loss 0.0171 (0.0693)	accu 1.000 (0.973)	
Train Epoch-29  Iter-500/706	loss 0.0237 (0.0681)	accu 1.000 (0.975)	
Train Epoch-29  Iter-525/706	loss 0.0084 (0.0670)	accu 1.000 (0.975)	
Train Epoch-29  Iter-550/706	loss 0.0217 (0.0689)	accu 1.000 (0.974)	
Train Epoch-29  Iter-575/706	loss 0.0011 (0.0711)	accu 1.000 (0.973)	
Train Epoch-29  Iter-600/706	loss 0.0092 (0.0720)	accu 1.000 (0.973)	
Train Epoch-29  Iter-625/706	loss 0.0208 (0.0709)	accu 1.000 (0.974)	
Train Epoch-29  Iter-650/706	loss 0.0408 (0.0697)	accu 1.000 (0.974)	
Train Epoch-29  Iter-675/706	loss 0.0013 (0.0708)	accu 1.000 (0.974)	
Train Epoch-29  Iter-700/706	loss 0.1374 (0.0706)	accu 0.875 (0.974)	
Eval Epoch-29  Iter-0  /52 	loss 0.3559 (0.3559)	accu 0.875 (0.875)	
Eval Epoch-29  Iter-25 /52 	loss 0.0090 (0.7591)	accu 1.000 (0.683)	
Eval Epoch-29  Iter-50 /52 	loss 1.8304 (0.9572)	accu 0.625 (0.679)	
Epoch-29  Train: loss 0.0703	accu 0.9743	Eval: loss 0.9773	accu 0.6755
Eval Epoch-0   Iter-0  /52 	loss 0.0927 (0.0927)	accu 1.000 (1.000)	
Eval Epoch-0   Iter-25 /52 	loss 0.0809 (0.3721)	accu 1.000 (0.837)	
Eval Epoch-0   Iter-50 /52 	loss 0.6964 (0.5183)	accu 0.875 (0.784)	
Eval: loss 0.5476	accu 0.7788
Test Epoch-0   Iter-0  /59 	loss 0.0220 (0.0220)	accu 1.000 (1.000)	
Test Epoch-0   Iter-25 /59 	loss 0.2215 (0.7412)	accu 0.875 (0.688)	
Test Epoch-0   Iter-50 /59 	loss 1.5868 (0.7169)	accu 0.500 (0.713)	
Test: loss 0.7209	accu 0.7055
wandb: Waiting for W&B process to finish... (success).
wandb: 
wandb: Run history:
wandb:   Eval Acc ▃▆▅▅▆▄▂██▂▂▃▂▁▄▄▄▄▄▃▃▄▄▄▃▄▄▄▄▄
wandb:  Eval Loss ▃▃▄▂▃▃█▁▂█▄▅▇▃▅▅▅▅▄▅▅▅▅▅▅▅▅▅▅▅
wandb:  Train Acc ▁▄▆▆▇▆▇▇▇▇▇▇▇▇████████████████
wandb: Train Loss █▅▄▃▃▄▃▃▂▂▂▂▂▂▂▁▁▁▁▁▁▁▁▁▁▁▁▁▁▁
wandb: 
wandb: Run summary:
wandb:   Eval Acc 0.67548
wandb:  Eval Loss 0.9773
wandb:  Train Acc 0.97433
wandb: Train Loss 0.07026
wandb: 
wandb: 🚀 View run twilight-snowflake-263 at: https://wandb.ai/is_project/vision_models/runs/m2z0pw4f
wandb: Synced 6 W&B file(s), 0 media file(s), 0 artifact file(s) and 0 other file(s)
wandb: Find logs at: ./wandb/run-20230612_181636-m2z0pw4f/logs
