Namespace(add_comment=True, add_description=True, add_other_comments=False, add_title=False, add_transcription=False, add_video=False, batch_size=8, clip_embeedings_path='data/CLIP_embeddings', debug=False, desc_keyphrase_extract=False, desc_token_count=512, freeze_lf_layers=23, gpu='2', lr=0.0003, max_epochs=30, max_len=512, metadata_path='data/extra_data_trans.csv', model='bert-large-cased', multitask=False, num_workers=0, other_comments_path='data/extra_data_other_comments.csv', other_comments_token_count=300, pad_metadata=True, remove_none=False, test_question_file='data/with_aug_ttv/test.csv', title_token_count=50, train_question_file='data/with_aug_ttv/train.csv', transcript_keyphrase_extract=False, transcript_token_count=300, validation_question_file='data/with_aug_ttv/eval.csv', video_path='data/videos/', work_dir='model_comment/')
wandb: Currently logged in as: shrey2809 (is_project). Use `wandb login --relogin` to force relogin
wandb: Tracking run with wandb version 0.15.4
wandb: Run data is saved locally in /scratch/AzureNfsServer_INPUT1/vc_data/users/gmanish/multiModalHate/IS-Hate-Speech/wandb/run-20230612_181636-4dnc2wwt
wandb: Run `wandb offline` to turn off syncing.
wandb: Syncing run eager-tree-265
wandb: ⭐️ View project at https://wandb.ai/is_project/vision_models
wandb: 🚀 View run at https://wandb.ai/is_project/vision_models/runs/4dnc2wwt
number of available devices: 1
obtained dataloaders
Some weights of the model checkpoint at bert-large-cased were not used when initializing BertModel: ['cls.seq_relationship.weight', 'cls.predictions.transform.LayerNorm.bias', 'cls.predictions.transform.LayerNorm.weight', 'cls.predictions.decoder.weight', 'cls.predictions.transform.dense.weight', 'cls.predictions.bias', 'cls.seq_relationship.bias', 'cls.predictions.transform.dense.bias']
- This IS expected if you are initializing BertModel from the checkpoint of a model trained on another task or with another architecture (e.g. initializing a BertForSequenceClassification model from a BertForPreTraining model).
- This IS NOT expected if you are initializing BertModel from the checkpoint of a model that you expect to be exactly identical (initializing a BertForSequenceClassification model from a BertForSequenceClassification model).
loaded models
Train Epoch-0   Iter-0  /706	loss 0.7805 (0.7805)	accu 0.500 (0.500)	
Train Epoch-0   Iter-25 /706	loss 0.7090 (0.7195)	accu 0.500 (0.558)	
Train Epoch-0   Iter-50 /706	loss 0.9357 (0.6879)	accu 0.250 (0.588)	
Train Epoch-0   Iter-75 /706	loss 0.5295 (0.6535)	accu 0.875 (0.627)	
Train Epoch-0   Iter-100/706	loss 0.2063 (0.6050)	accu 1.000 (0.671)	
Train Epoch-0   Iter-125/706	loss 0.3077 (0.5752)	accu 0.875 (0.694)	
Train Epoch-0   Iter-150/706	loss 0.4738 (0.5574)	accu 0.875 (0.709)	
Train Epoch-0   Iter-175/706	loss 0.4166 (0.5434)	accu 0.875 (0.728)	
Train Epoch-0   Iter-200/706	loss 0.0374 (0.5061)	accu 1.000 (0.749)	
Train Epoch-0   Iter-225/706	loss 0.7643 (0.4888)	accu 0.750 (0.762)	
Train Epoch-0   Iter-250/706	loss 0.6118 (0.4752)	accu 0.625 (0.773)	
Train Epoch-0   Iter-275/706	loss 0.3597 (0.4624)	accu 0.875 (0.782)	
Train Epoch-0   Iter-300/706	loss 0.0540 (0.4418)	accu 1.000 (0.793)	
Train Epoch-0   Iter-325/706	loss 0.2535 (0.4292)	accu 0.875 (0.801)	
Train Epoch-0   Iter-350/706	loss 0.4565 (0.4180)	accu 0.875 (0.808)	
Train Epoch-0   Iter-375/706	loss 0.2266 (0.4184)	accu 0.875 (0.811)	
Train Epoch-0   Iter-400/706	loss 0.4748 (0.4231)	accu 0.625 (0.808)	
Train Epoch-0   Iter-425/706	loss 0.1360 (0.4161)	accu 1.000 (0.812)	
Train Epoch-0   Iter-450/706	loss 0.0588 (0.4092)	accu 1.000 (0.817)	
Train Epoch-0   Iter-475/706	loss 0.5910 (0.4033)	accu 0.875 (0.821)	
Train Epoch-0   Iter-500/706	loss 0.1330 (0.3981)	accu 1.000 (0.824)	
Train Epoch-0   Iter-525/706	loss 0.2717 (0.3942)	accu 0.875 (0.827)	
Train Epoch-0   Iter-550/706	loss 0.2518 (0.3918)	accu 0.875 (0.829)	
Train Epoch-0   Iter-575/706	loss 0.1731 (0.3863)	accu 1.000 (0.833)	
Train Epoch-0   Iter-600/706	loss 0.2799 (0.3807)	accu 0.875 (0.836)	
Train Epoch-0   Iter-625/706	loss 0.2528 (0.3727)	accu 0.875 (0.840)	
Train Epoch-0   Iter-650/706	loss 0.1455 (0.3690)	accu 1.000 (0.843)	
Train Epoch-0   Iter-675/706	loss 0.2444 (0.3675)	accu 0.875 (0.844)	
Train Epoch-0   Iter-700/706	loss 0.0176 (0.3620)	accu 1.000 (0.847)	
Eval Epoch-0   Iter-0  /52 	loss 0.6566 (0.6566)	accu 0.875 (0.875)	
Eval Epoch-0   Iter-25 /52 	loss 0.0474 (0.5203)	accu 1.000 (0.774)	
Eval Epoch-0   Iter-50 /52 	loss 0.9836 (0.5310)	accu 0.625 (0.797)	
Epoch-0   Train: loss 0.3602	accu 0.8481	Eval: loss 0.5637	accu 0.7909
Train Epoch-1   Iter-0  /706	loss 0.1749 (0.1749)	accu 0.875 (0.875)	
Train Epoch-1   Iter-25 /706	loss 0.2336 (0.2862)	accu 0.875 (0.889)	
Train Epoch-1   Iter-50 /706	loss 0.4986 (0.2790)	accu 0.750 (0.882)	
Train Epoch-1   Iter-75 /706	loss 0.7524 (0.2821)	accu 0.750 (0.885)	
Train Epoch-1   Iter-100/706	loss 0.0224 (0.2656)	accu 1.000 (0.896)	
Train Epoch-1   Iter-125/706	loss 0.2080 (0.2625)	accu 0.875 (0.902)	
Train Epoch-1   Iter-150/706	loss 0.3656 (0.2581)	accu 0.875 (0.903)	
Train Epoch-1   Iter-175/706	loss 0.0441 (0.2681)	accu 1.000 (0.898)	
Train Epoch-1   Iter-200/706	loss 0.3592 (0.2739)	accu 0.875 (0.897)	
Train Epoch-1   Iter-225/706	loss 0.1844 (0.2738)	accu 0.875 (0.898)	
Train Epoch-1   Iter-250/706	loss 0.2670 (0.2671)	accu 0.875 (0.901)	
Train Epoch-1   Iter-275/706	loss 0.0521 (0.2664)	accu 1.000 (0.902)	
Train Epoch-1   Iter-300/706	loss 0.0279 (0.2621)	accu 1.000 (0.903)	
Train Epoch-1   Iter-325/706	loss 0.0320 (0.2594)	accu 1.000 (0.906)	
Train Epoch-1   Iter-350/706	loss 0.2829 (0.2594)	accu 0.875 (0.907)	
Train Epoch-1   Iter-375/706	loss 0.5285 (0.2534)	accu 0.875 (0.908)	
Train Epoch-1   Iter-400/706	loss 0.0329 (0.2557)	accu 1.000 (0.906)	
Train Epoch-1   Iter-425/706	loss 0.1454 (0.2563)	accu 0.875 (0.905)	
Train Epoch-1   Iter-450/706	loss 0.0125 (0.2521)	accu 1.000 (0.906)	
Train Epoch-1   Iter-475/706	loss 0.0376 (0.2506)	accu 1.000 (0.907)	
Train Epoch-1   Iter-500/706	loss 0.0475 (0.2517)	accu 1.000 (0.907)	
Train Epoch-1   Iter-525/706	loss 0.4758 (0.2532)	accu 0.875 (0.907)	
Train Epoch-1   Iter-550/706	loss 0.7117 (0.2533)	accu 0.875 (0.907)	
Train Epoch-1   Iter-575/706	loss 0.2653 (0.2545)	accu 0.875 (0.907)	
Train Epoch-1   Iter-600/706	loss 0.0425 (0.2554)	accu 1.000 (0.906)	
Train Epoch-1   Iter-625/706	loss 0.0173 (0.2518)	accu 1.000 (0.908)	
Train Epoch-1   Iter-650/706	loss 0.1720 (0.2526)	accu 0.875 (0.907)	
Train Epoch-1   Iter-675/706	loss 0.4333 (0.2521)	accu 0.875 (0.907)	
Train Epoch-1   Iter-700/706	loss 0.2599 (0.2564)	accu 0.875 (0.905)	
Eval Epoch-1   Iter-0  /52 	loss 0.6852 (0.6852)	accu 0.625 (0.625)	
Eval Epoch-1   Iter-25 /52 	loss 0.6397 (0.7026)	accu 0.500 (0.538)	
Eval Epoch-1   Iter-50 /52 	loss 1.1641 (0.6128)	accu 0.500 (0.647)	
Epoch-1   Train: loss 0.2564	accu 0.9053	Eval: loss 0.6167	accu 0.6442
Train Epoch-2   Iter-0  /706	loss 0.4181 (0.4181)	accu 0.750 (0.750)	
Train Epoch-2   Iter-25 /706	loss 0.0363 (0.2901)	accu 1.000 (0.885)	
Train Epoch-2   Iter-50 /706	loss 0.0304 (0.2442)	accu 1.000 (0.914)	
Train Epoch-2   Iter-75 /706	loss 0.1913 (0.2191)	accu 0.875 (0.923)	
Train Epoch-2   Iter-100/706	loss 0.1317 (0.2091)	accu 1.000 (0.927)	
Train Epoch-2   Iter-125/706	loss 0.0232 (0.2001)	accu 1.000 (0.931)	
Train Epoch-2   Iter-150/706	loss 0.1485 (0.2017)	accu 0.875 (0.930)	
Train Epoch-2   Iter-175/706	loss 0.0117 (0.1889)	accu 1.000 (0.934)	
Train Epoch-2   Iter-200/706	loss 0.4428 (0.1876)	accu 0.875 (0.935)	
Train Epoch-2   Iter-225/706	loss 0.0287 (0.1935)	accu 1.000 (0.933)	
Train Epoch-2   Iter-250/706	loss 0.1157 (0.1977)	accu 1.000 (0.930)	
Train Epoch-2   Iter-275/706	loss 0.7051 (0.1971)	accu 0.750 (0.929)	
Train Epoch-2   Iter-300/706	loss 0.1256 (0.1974)	accu 0.875 (0.929)	
Train Epoch-2   Iter-325/706	loss 0.1874 (0.1976)	accu 1.000 (0.927)	
Train Epoch-2   Iter-350/706	loss 0.0756 (0.1978)	accu 1.000 (0.927)	
Train Epoch-2   Iter-375/706	loss 0.0275 (0.1992)	accu 1.000 (0.926)	
Train Epoch-2   Iter-400/706	loss 0.0312 (0.1981)	accu 1.000 (0.926)	
Train Epoch-2   Iter-425/706	loss 0.3140 (0.1969)	accu 0.875 (0.928)	
Train Epoch-2   Iter-450/706	loss 0.2724 (0.1932)	accu 0.750 (0.928)	
Train Epoch-2   Iter-475/706	loss 0.1000 (0.1937)	accu 1.000 (0.927)	
Train Epoch-2   Iter-500/706	loss 0.1057 (0.1920)	accu 1.000 (0.927)	
Train Epoch-2   Iter-525/706	loss 0.0241 (0.1933)	accu 1.000 (0.927)	
Train Epoch-2   Iter-550/706	loss 0.0372 (0.1928)	accu 1.000 (0.927)	
Train Epoch-2   Iter-575/706	loss 0.1190 (0.1895)	accu 0.875 (0.928)	
Train Epoch-2   Iter-600/706	loss 0.2134 (0.1946)	accu 0.875 (0.926)	
Train Epoch-2   Iter-625/706	loss 0.0186 (0.1944)	accu 1.000 (0.927)	
Train Epoch-2   Iter-650/706	loss 0.1642 (0.1920)	accu 1.000 (0.928)	
Train Epoch-2   Iter-675/706	loss 0.0749 (0.1913)	accu 1.000 (0.928)	
Train Epoch-2   Iter-700/706	loss 0.0141 (0.1915)	accu 1.000 (0.928)	
Eval Epoch-2   Iter-0  /52 	loss 1.1733 (1.1733)	accu 0.625 (0.625)	
Eval Epoch-2   Iter-25 /52 	loss 1.1934 (1.0554)	accu 0.500 (0.582)	
Eval Epoch-2   Iter-50 /52 	loss 2.0020 (0.8629)	accu 0.500 (0.676)	
Epoch-2   Train: loss 0.1914	accu 0.9281	Eval: loss 0.8471	accu 0.6827
Train Epoch-3   Iter-0  /706	loss 0.0371 (0.0371)	accu 1.000 (1.000)	
Train Epoch-3   Iter-25 /706	loss 0.0594 (0.1560)	accu 1.000 (0.947)	
Train Epoch-3   Iter-50 /706	loss 0.0086 (0.1125)	accu 1.000 (0.963)	
Train Epoch-3   Iter-75 /706	loss 0.0955 (0.1315)	accu 1.000 (0.956)	
Train Epoch-3   Iter-100/706	loss 0.3123 (0.1405)	accu 0.875 (0.949)	
Train Epoch-3   Iter-125/706	loss 0.0199 (0.1439)	accu 1.000 (0.947)	
Train Epoch-3   Iter-150/706	loss 0.2036 (0.1525)	accu 0.875 (0.941)	
Train Epoch-3   Iter-175/706	loss 0.0202 (0.1640)	accu 1.000 (0.938)	
Train Epoch-3   Iter-200/706	loss 0.0105 (0.1571)	accu 1.000 (0.942)	
Train Epoch-3   Iter-225/706	loss 0.1351 (0.1627)	accu 1.000 (0.939)	
Train Epoch-3   Iter-250/706	loss 0.0792 (0.1665)	accu 1.000 (0.937)	
Train Epoch-3   Iter-275/706	loss 0.3354 (0.1695)	accu 0.875 (0.937)	
Train Epoch-3   Iter-300/706	loss 0.0573 (0.1796)	accu 1.000 (0.933)	
Train Epoch-3   Iter-325/706	loss 0.6354 (0.1839)	accu 0.750 (0.930)	
Train Epoch-3   Iter-350/706	loss 0.0922 (0.1901)	accu 1.000 (0.929)	
Train Epoch-3   Iter-375/706	loss 0.0455 (0.1924)	accu 1.000 (0.929)	
Train Epoch-3   Iter-400/706	loss 0.0120 (0.1858)	accu 1.000 (0.931)	
Train Epoch-3   Iter-425/706	loss 0.1711 (0.1867)	accu 1.000 (0.931)	
Train Epoch-3   Iter-450/706	loss 0.0704 (0.1886)	accu 1.000 (0.930)	
Train Epoch-3   Iter-475/706	loss 0.0213 (0.1904)	accu 1.000 (0.929)	
Train Epoch-3   Iter-500/706	loss 0.0589 (0.1859)	accu 1.000 (0.931)	
Train Epoch-3   Iter-525/706	loss 0.0089 (0.1820)	accu 1.000 (0.932)	
Train Epoch-3   Iter-550/706	loss 0.0551 (0.1832)	accu 1.000 (0.933)	
Train Epoch-3   Iter-575/706	loss 0.3554 (0.1862)	accu 0.875 (0.931)	
Train Epoch-3   Iter-600/706	loss 0.0783 (0.1895)	accu 1.000 (0.929)	
Train Epoch-3   Iter-625/706	loss 0.0786 (0.1900)	accu 1.000 (0.929)	
Train Epoch-3   Iter-650/706	loss 0.4136 (0.1903)	accu 0.750 (0.929)	
Train Epoch-3   Iter-675/706	loss 0.6333 (0.1911)	accu 0.750 (0.928)	
Train Epoch-3   Iter-700/706	loss 0.3027 (0.1895)	accu 0.875 (0.929)	
Eval Epoch-3   Iter-0  /52 	loss 0.3037 (0.3037)	accu 0.875 (0.875)	
Eval Epoch-3   Iter-25 /52 	loss 0.0104 (0.1363)	accu 1.000 (0.952)	
Eval Epoch-3   Iter-50 /52 	loss 1.9301 (0.4422)	accu 0.375 (0.841)	
Epoch-3   Train: loss 0.1905	accu 0.9287	Eval: loss 0.4428	accu 0.8389
Train Epoch-4   Iter-0  /706	loss 0.1113 (0.1113)	accu 0.875 (0.875)	
Train Epoch-4   Iter-25 /706	loss 0.0082 (0.1550)	accu 1.000 (0.933)	
Train Epoch-4   Iter-50 /706	loss 0.0146 (0.1499)	accu 1.000 (0.939)	
Train Epoch-4   Iter-75 /706	loss 0.4821 (0.1830)	accu 0.750 (0.929)	
Train Epoch-4   Iter-100/706	loss 0.2855 (0.1818)	accu 0.875 (0.926)	
Train Epoch-4   Iter-125/706	loss 0.4758 (0.2030)	accu 0.875 (0.917)	
Train Epoch-4   Iter-150/706	loss 0.0438 (0.2079)	accu 1.000 (0.916)	
Train Epoch-4   Iter-175/706	loss 0.1361 (0.2138)	accu 1.000 (0.915)	
Train Epoch-4   Iter-200/706	loss 0.0521 (0.2102)	accu 1.000 (0.916)	
Train Epoch-4   Iter-225/706	loss 0.1939 (0.2056)	accu 0.875 (0.920)	
Train Epoch-4   Iter-250/706	loss 0.2341 (0.2104)	accu 0.875 (0.918)	
Train Epoch-4   Iter-275/706	loss 0.0577 (0.2193)	accu 1.000 (0.915)	
Train Epoch-4   Iter-300/706	loss 0.0537 (0.2209)	accu 1.000 (0.915)	
Train Epoch-4   Iter-325/706	loss 0.1916 (0.2220)	accu 0.875 (0.914)	
Train Epoch-4   Iter-350/706	loss 0.1342 (0.2318)	accu 1.000 (0.909)	
Train Epoch-4   Iter-375/706	loss 0.0248 (0.2298)	accu 1.000 (0.909)	
Train Epoch-4   Iter-400/706	loss 0.1106 (0.2274)	accu 1.000 (0.911)	
Train Epoch-4   Iter-425/706	loss 0.5850 (0.2238)	accu 0.875 (0.913)	
Train Epoch-4   Iter-450/706	loss 0.0258 (0.2212)	accu 1.000 (0.915)	
Train Epoch-4   Iter-475/706	loss 0.1245 (0.2202)	accu 1.000 (0.916)	
Train Epoch-4   Iter-500/706	loss 0.2398 (0.2177)	accu 0.875 (0.917)	
Train Epoch-4   Iter-525/706	loss 0.0233 (0.2145)	accu 1.000 (0.919)	
Train Epoch-4   Iter-550/706	loss 0.0844 (0.2147)	accu 1.000 (0.918)	
Train Epoch-4   Iter-575/706	loss 0.1834 (0.2146)	accu 0.875 (0.919)	
Train Epoch-4   Iter-600/706	loss 0.1133 (0.2153)	accu 1.000 (0.918)	
Train Epoch-4   Iter-625/706	loss 0.0825 (0.2126)	accu 1.000 (0.920)	
Train Epoch-4   Iter-650/706	loss 0.0826 (0.2083)	accu 1.000 (0.921)	
Train Epoch-4   Iter-675/706	loss 0.5169 (0.2083)	accu 0.875 (0.922)	
Train Epoch-4   Iter-700/706	loss 0.4949 (0.2068)	accu 0.875 (0.923)	
Eval Epoch-4   Iter-0  /52 	loss 2.4199 (2.4199)	accu 0.375 (0.375)	
Eval Epoch-4   Iter-25 /52 	loss 0.0140 (0.5344)	accu 1.000 (0.803)	
Eval Epoch-4   Iter-50 /52 	loss 1.4473 (0.6316)	accu 0.625 (0.784)	
Epoch-4   Train: loss 0.2066	accu 0.9226	Eval: loss 0.6308	accu 0.7788
Train Epoch-5   Iter-0  /706	loss 0.0083 (0.0083)	accu 1.000 (1.000)	
Train Epoch-5   Iter-25 /706	loss 0.0333 (0.1981)	accu 1.000 (0.938)	
Train Epoch-5   Iter-50 /706	loss 0.6178 (0.2059)	accu 0.750 (0.931)	
Train Epoch-5   Iter-75 /706	loss 0.1811 (0.2021)	accu 0.875 (0.934)	
Train Epoch-5   Iter-100/706	loss 0.1858 (0.1935)	accu 0.875 (0.933)	
Train Epoch-5   Iter-125/706	loss 0.0176 (0.1884)	accu 1.000 (0.933)	
Train Epoch-5   Iter-150/706	loss 0.0389 (0.1795)	accu 1.000 (0.937)	
Train Epoch-5   Iter-175/706	loss 0.1493 (0.1705)	accu 0.875 (0.940)	
Train Epoch-5   Iter-200/706	loss 0.0291 (0.1665)	accu 1.000 (0.942)	
Train Epoch-5   Iter-225/706	loss 0.0109 (0.1581)	accu 1.000 (0.946)	
Train Epoch-5   Iter-250/706	loss 0.0236 (0.1524)	accu 1.000 (0.948)	
Train Epoch-5   Iter-275/706	loss 0.0068 (0.1511)	accu 1.000 (0.948)	
Train Epoch-5   Iter-300/706	loss 0.3331 (0.1531)	accu 0.750 (0.947)	
Train Epoch-5   Iter-325/706	loss 0.1836 (0.1571)	accu 0.875 (0.945)	
Train Epoch-5   Iter-350/706	loss 0.0911 (0.1588)	accu 1.000 (0.944)	
Train Epoch-5   Iter-375/706	loss 0.1598 (0.1574)	accu 0.875 (0.945)	
Train Epoch-5   Iter-400/706	loss 0.0521 (0.1605)	accu 1.000 (0.945)	
Train Epoch-5   Iter-425/706	loss 0.8745 (0.1619)	accu 0.750 (0.945)	
Train Epoch-5   Iter-450/706	loss 0.0300 (0.1581)	accu 1.000 (0.946)	
Train Epoch-5   Iter-475/706	loss 0.5712 (0.1534)	accu 0.875 (0.948)	
Train Epoch-5   Iter-500/706	loss 0.0307 (0.1507)	accu 1.000 (0.949)	
Train Epoch-5   Iter-525/706	loss 0.0209 (0.1497)	accu 1.000 (0.949)	
Train Epoch-5   Iter-550/706	loss 0.2270 (0.1528)	accu 0.875 (0.948)	
Train Epoch-5   Iter-575/706	loss 0.0256 (0.1509)	accu 1.000 (0.949)	
Train Epoch-5   Iter-600/706	loss 0.0064 (0.1496)	accu 1.000 (0.950)	
Train Epoch-5   Iter-625/706	loss 0.3561 (0.1563)	accu 0.875 (0.948)	
Train Epoch-5   Iter-650/706	loss 0.0171 (0.1556)	accu 1.000 (0.948)	
Train Epoch-5   Iter-675/706	loss 0.0355 (0.1535)	accu 1.000 (0.949)	
Train Epoch-5   Iter-700/706	loss 0.1636 (0.1515)	accu 0.875 (0.949)	
Eval Epoch-5   Iter-0  /52 	loss 1.3968 (1.3968)	accu 0.500 (0.500)	
Eval Epoch-5   Iter-25 /52 	loss 0.0520 (1.2512)	accu 1.000 (0.524)	
Eval Epoch-5   Iter-50 /52 	loss 1.4006 (1.0419)	accu 0.625 (0.635)	
Epoch-5   Train: loss 0.1520	accu 0.9487	Eval: loss 1.0431	accu 0.6322
Train Epoch-6   Iter-0  /706	loss 0.0433 (0.0433)	accu 1.000 (1.000)	
Train Epoch-6   Iter-25 /706	loss 0.0184 (0.1083)	accu 1.000 (0.962)	
Train Epoch-6   Iter-50 /706	loss 0.0058 (0.1099)	accu 1.000 (0.958)	
Train Epoch-6   Iter-75 /706	loss 0.1592 (0.1198)	accu 0.875 (0.957)	
Train Epoch-6   Iter-100/706	loss 0.0857 (0.1236)	accu 1.000 (0.958)	
Train Epoch-6   Iter-125/706	loss 0.3810 (0.1265)	accu 0.750 (0.954)	
Train Epoch-6   Iter-150/706	loss 0.0151 (0.1262)	accu 1.000 (0.958)	
Train Epoch-6   Iter-175/706	loss 0.1206 (0.1280)	accu 1.000 (0.958)	
Train Epoch-6   Iter-200/706	loss 0.0084 (0.1284)	accu 1.000 (0.958)	
Train Epoch-6   Iter-225/706	loss 0.0145 (0.1294)	accu 1.000 (0.957)	
Train Epoch-6   Iter-250/706	loss 0.0502 (0.1308)	accu 1.000 (0.956)	
Train Epoch-6   Iter-275/706	loss 0.2420 (0.1298)	accu 0.875 (0.955)	
Train Epoch-6   Iter-300/706	loss 0.0449 (0.1282)	accu 1.000 (0.955)	
Train Epoch-6   Iter-325/706	loss 0.0438 (0.1289)	accu 1.000 (0.954)	
Train Epoch-6   Iter-350/706	loss 0.2069 (0.1347)	accu 1.000 (0.953)	
Train Epoch-6   Iter-375/706	loss 0.0117 (0.1331)	accu 1.000 (0.955)	
Train Epoch-6   Iter-400/706	loss 0.0646 (0.1356)	accu 1.000 (0.954)	
Train Epoch-6   Iter-425/706	loss 0.0228 (0.1341)	accu 1.000 (0.955)	
Train Epoch-6   Iter-450/706	loss 0.1364 (0.1328)	accu 0.875 (0.955)	
Train Epoch-6   Iter-475/706	loss 0.0309 (0.1333)	accu 1.000 (0.955)	
Train Epoch-6   Iter-500/706	loss 0.0342 (0.1328)	accu 1.000 (0.955)	
Train Epoch-6   Iter-525/706	loss 0.2117 (0.1320)	accu 0.875 (0.954)	
Train Epoch-6   Iter-550/706	loss 0.2628 (0.1332)	accu 0.875 (0.954)	
Train Epoch-6   Iter-575/706	loss 0.0824 (0.1324)	accu 1.000 (0.954)	
Train Epoch-6   Iter-600/706	loss 0.3345 (0.1346)	accu 0.875 (0.954)	
Train Epoch-6   Iter-625/706	loss 0.0155 (0.1335)	accu 1.000 (0.953)	
Train Epoch-6   Iter-650/706	loss 0.0078 (0.1321)	accu 1.000 (0.954)	
Train Epoch-6   Iter-675/706	loss 0.0164 (0.1310)	accu 1.000 (0.954)	
Train Epoch-6   Iter-700/706	loss 0.2746 (0.1312)	accu 0.875 (0.953)	
Eval Epoch-6   Iter-0  /52 	loss 0.7171 (0.7171)	accu 0.875 (0.875)	
Eval Epoch-6   Iter-25 /52 	loss 0.2261 (0.4521)	accu 0.875 (0.822)	
Eval Epoch-6   Iter-50 /52 	loss 1.5120 (0.5932)	accu 0.500 (0.779)	
Epoch-6   Train: loss 0.1305	accu 0.9536	Eval: loss 0.6082	accu 0.7740
Train Epoch-7   Iter-0  /706	loss 0.0236 (0.0236)	accu 1.000 (1.000)	
Train Epoch-7   Iter-25 /706	loss 0.0080 (0.1178)	accu 1.000 (0.962)	
Train Epoch-7   Iter-50 /706	loss 0.0190 (0.1178)	accu 1.000 (0.968)	
Train Epoch-7   Iter-75 /706	loss 0.0554 (0.1414)	accu 1.000 (0.954)	
Train Epoch-7   Iter-100/706	loss 0.0376 (0.1325)	accu 1.000 (0.958)	
Train Epoch-7   Iter-125/706	loss 0.0067 (0.1216)	accu 1.000 (0.961)	
Train Epoch-7   Iter-150/706	loss 0.0563 (0.1332)	accu 1.000 (0.955)	
Train Epoch-7   Iter-175/706	loss 0.0705 (0.1290)	accu 1.000 (0.959)	
Train Epoch-7   Iter-200/706	loss 0.0074 (0.1245)	accu 1.000 (0.961)	
Train Epoch-7   Iter-225/706	loss 0.2006 (0.1353)	accu 0.875 (0.956)	
Train Epoch-7   Iter-250/706	loss 0.0042 (0.1341)	accu 1.000 (0.957)	
Train Epoch-7   Iter-275/706	loss 0.0108 (0.1311)	accu 1.000 (0.957)	
Train Epoch-7   Iter-300/706	loss 0.2952 (0.1418)	accu 0.875 (0.953)	
Train Epoch-7   Iter-325/706	loss 0.2285 (0.1430)	accu 0.875 (0.951)	
Train Epoch-7   Iter-350/706	loss 0.0471 (0.1460)	accu 1.000 (0.950)	
Train Epoch-7   Iter-375/706	loss 0.0273 (0.1493)	accu 1.000 (0.949)	
Train Epoch-7   Iter-400/706	loss 0.0283 (0.1499)	accu 1.000 (0.950)	
Train Epoch-7   Iter-425/706	loss 0.0046 (0.1494)	accu 1.000 (0.950)	
Train Epoch-7   Iter-450/706	loss 0.0671 (0.1505)	accu 1.000 (0.950)	
Train Epoch-7   Iter-475/706	loss 0.1755 (0.1478)	accu 0.875 (0.950)	
Train Epoch-7   Iter-500/706	loss 0.0091 (0.1471)	accu 1.000 (0.951)	
Train Epoch-7   Iter-525/706	loss 0.1301 (0.1447)	accu 0.875 (0.951)	
Train Epoch-7   Iter-550/706	loss 0.0807 (0.1447)	accu 1.000 (0.951)	
Train Epoch-7   Iter-575/706	loss 0.0269 (0.1436)	accu 1.000 (0.952)	
Train Epoch-7   Iter-600/706	loss 0.0179 (0.1425)	accu 1.000 (0.952)	
Train Epoch-7   Iter-625/706	loss 0.0101 (0.1427)	accu 1.000 (0.952)	
Train Epoch-7   Iter-650/706	loss 0.0819 (0.1434)	accu 1.000 (0.952)	
Train Epoch-7   Iter-675/706	loss 0.2806 (0.1431)	accu 0.875 (0.952)	
Train Epoch-7   Iter-700/706	loss 0.0296 (0.1403)	accu 1.000 (0.953)	
Eval Epoch-7   Iter-0  /52 	loss 1.0454 (1.0454)	accu 0.750 (0.750)	
Eval Epoch-7   Iter-25 /52 	loss 0.0033 (0.7660)	accu 1.000 (0.808)	
Eval Epoch-7   Iter-50 /52 	loss 3.1757 (1.0463)	accu 0.500 (0.765)	
Epoch-7   Train: loss 0.1398	accu 0.9529	Eval: loss 1.1012	accu 0.7572
Train Epoch-8   Iter-0  /706	loss 0.3496 (0.3496)	accu 0.875 (0.875)	
Train Epoch-8   Iter-25 /706	loss 0.0318 (0.1068)	accu 1.000 (0.966)	
Train Epoch-8   Iter-50 /706	loss 0.1564 (0.1243)	accu 0.875 (0.958)	
Train Epoch-8   Iter-75 /706	loss 0.0601 (0.1303)	accu 1.000 (0.949)	
Train Epoch-8   Iter-100/706	loss 0.1623 (0.1180)	accu 0.875 (0.954)	
Train Epoch-8   Iter-125/706	loss 0.0206 (0.1136)	accu 1.000 (0.958)	
Train Epoch-8   Iter-150/706	loss 0.0076 (0.1157)	accu 1.000 (0.956)	
Train Epoch-8   Iter-175/706	loss 0.0729 (0.1146)	accu 1.000 (0.956)	
Train Epoch-8   Iter-200/706	loss 0.8594 (0.1154)	accu 0.875 (0.957)	
Train Epoch-8   Iter-225/706	loss 0.5847 (0.1136)	accu 0.875 (0.959)	
Train Epoch-8   Iter-250/706	loss 0.0276 (0.1197)	accu 1.000 (0.958)	
Train Epoch-8   Iter-275/706	loss 0.0660 (0.1183)	accu 1.000 (0.959)	
Train Epoch-8   Iter-300/706	loss 0.0245 (0.1183)	accu 1.000 (0.959)	
Train Epoch-8   Iter-325/706	loss 0.0770 (0.1166)	accu 1.000 (0.960)	
Train Epoch-8   Iter-350/706	loss 0.0120 (0.1125)	accu 1.000 (0.961)	
Train Epoch-8   Iter-375/706	loss 0.3136 (0.1117)	accu 0.875 (0.961)	
Train Epoch-8   Iter-400/706	loss 0.0227 (0.1103)	accu 1.000 (0.962)	
Train Epoch-8   Iter-425/706	loss 0.0041 (0.1102)	accu 1.000 (0.963)	
Train Epoch-8   Iter-450/706	loss 0.6990 (0.1086)	accu 0.875 (0.963)	
Train Epoch-8   Iter-475/706	loss 0.0144 (0.1088)	accu 1.000 (0.963)	
Train Epoch-8   Iter-500/706	loss 0.0242 (0.1117)	accu 1.000 (0.963)	
Train Epoch-8   Iter-525/706	loss 0.0208 (0.1128)	accu 1.000 (0.963)	
Train Epoch-8   Iter-550/706	loss 0.3582 (0.1139)	accu 0.875 (0.963)	
Train Epoch-8   Iter-575/706	loss 0.0045 (0.1134)	accu 1.000 (0.963)	
Train Epoch-8   Iter-600/706	loss 0.0058 (0.1134)	accu 1.000 (0.963)	
Train Epoch-8   Iter-625/706	loss 0.0557 (0.1140)	accu 1.000 (0.963)	
Train Epoch-8   Iter-650/706	loss 0.0291 (0.1148)	accu 1.000 (0.962)	
Train Epoch-8   Iter-675/706	loss 0.0306 (0.1130)	accu 1.000 (0.963)	
Train Epoch-8   Iter-700/706	loss 0.1589 (0.1165)	accu 0.875 (0.962)	
Eval Epoch-8   Iter-0  /52 	loss 0.2084 (0.2084)	accu 1.000 (1.000)	
Eval Epoch-8   Iter-25 /52 	loss 0.0509 (0.4202)	accu 1.000 (0.837)	
Eval Epoch-8   Iter-50 /52 	loss 1.5725 (0.5906)	accu 0.500 (0.797)	
Epoch-8   Train: loss 0.1161	accu 0.9619	Eval: loss 0.6212	accu 0.7909
Train Epoch-9   Iter-0  /706	loss 0.0503 (0.0503)	accu 1.000 (1.000)	
Train Epoch-9   Iter-25 /706	loss 0.0081 (0.1336)	accu 1.000 (0.947)	
Train Epoch-9   Iter-50 /706	loss 0.0971 (0.1267)	accu 1.000 (0.953)	
Train Epoch-9   Iter-75 /706	loss 0.0313 (0.1200)	accu 1.000 (0.956)	
Train Epoch-9   Iter-100/706	loss 0.0668 (0.1198)	accu 1.000 (0.958)	
Train Epoch-9   Iter-125/706	loss 0.0380 (0.1191)	accu 1.000 (0.959)	
Train Epoch-9   Iter-150/706	loss 0.0507 (0.1287)	accu 1.000 (0.956)	
Train Epoch-9   Iter-175/706	loss 0.2187 (0.1190)	accu 0.875 (0.960)	
Train Epoch-9   Iter-200/706	loss 0.3713 (0.1177)	accu 0.875 (0.961)	
Train Epoch-9   Iter-225/706	loss 0.6979 (0.1165)	accu 0.875 (0.963)	
Train Epoch-9   Iter-250/706	loss 0.4538 (0.1216)	accu 0.750 (0.961)	
Train Epoch-9   Iter-275/706	loss 0.0485 (0.1158)	accu 1.000 (0.963)	
Train Epoch-9   Iter-300/706	loss 0.0093 (0.1154)	accu 1.000 (0.964)	
Train Epoch-9   Iter-325/706	loss 0.1550 (0.1172)	accu 0.875 (0.963)	
Train Epoch-9   Iter-350/706	loss 0.1111 (0.1175)	accu 0.875 (0.962)	
Train Epoch-9   Iter-375/706	loss 0.1988 (0.1138)	accu 0.875 (0.963)	
Train Epoch-9   Iter-400/706	loss 0.0108 (0.1159)	accu 1.000 (0.962)	
Train Epoch-9   Iter-425/706	loss 0.0041 (0.1159)	accu 1.000 (0.963)	
Train Epoch-9   Iter-450/706	loss 0.0136 (0.1139)	accu 1.000 (0.963)	
Train Epoch-9   Iter-475/706	loss 0.0195 (0.1135)	accu 1.000 (0.963)	
Train Epoch-9   Iter-500/706	loss 0.0009 (0.1128)	accu 1.000 (0.963)	
Train Epoch-9   Iter-525/706	loss 0.0165 (0.1146)	accu 1.000 (0.962)	
Train Epoch-9   Iter-550/706	loss 0.0051 (0.1126)	accu 1.000 (0.963)	
Train Epoch-9   Iter-575/706	loss 0.0032 (0.1108)	accu 1.000 (0.963)	
Train Epoch-9   Iter-600/706	loss 0.0355 (0.1112)	accu 1.000 (0.963)	
Train Epoch-9   Iter-625/706	loss 0.3571 (0.1115)	accu 0.875 (0.963)	
Train Epoch-9   Iter-650/706	loss 0.6568 (0.1143)	accu 0.750 (0.962)	
Train Epoch-9   Iter-675/706	loss 0.0582 (0.1143)	accu 1.000 (0.962)	
Train Epoch-9   Iter-700/706	loss 0.0839 (0.1154)	accu 1.000 (0.961)	
Eval Epoch-9   Iter-0  /52 	loss 0.1097 (0.1097)	accu 1.000 (1.000)	
Eval Epoch-9   Iter-25 /52 	loss 0.0052 (0.3574)	accu 1.000 (0.812)	
Eval Epoch-9   Iter-50 /52 	loss 2.1656 (0.5324)	accu 0.500 (0.794)	
Epoch-9   Train: loss 0.1160	accu 0.9614	Eval: loss 0.5611	accu 0.7861
Epoch    10: reducing learning rate of group 0 to 3.0000e-05.
Train Epoch-10  Iter-0  /706	loss 0.0455 (0.0455)	accu 1.000 (1.000)	
Train Epoch-10  Iter-25 /706	loss 0.0139 (0.0663)	accu 1.000 (0.986)	
Train Epoch-10  Iter-50 /706	loss 0.0299 (0.0645)	accu 1.000 (0.983)	
Train Epoch-10  Iter-75 /706	loss 0.0565 (0.0744)	accu 1.000 (0.979)	
Train Epoch-10  Iter-100/706	loss 0.0109 (0.0719)	accu 1.000 (0.979)	
Train Epoch-10  Iter-125/706	loss 0.0254 (0.0760)	accu 1.000 (0.975)	
Train Epoch-10  Iter-150/706	loss 0.0251 (0.0780)	accu 1.000 (0.976)	
Train Epoch-10  Iter-175/706	loss 0.1871 (0.0931)	accu 0.875 (0.969)	
Train Epoch-10  Iter-200/706	loss 0.0763 (0.0876)	accu 1.000 (0.972)	
Train Epoch-10  Iter-225/706	loss 0.0200 (0.0842)	accu 1.000 (0.973)	
Train Epoch-10  Iter-250/706	loss 0.0202 (0.0800)	accu 1.000 (0.975)	
Train Epoch-10  Iter-275/706	loss 0.2205 (0.0826)	accu 0.875 (0.972)	
Train Epoch-10  Iter-300/706	loss 0.0064 (0.0832)	accu 1.000 (0.972)	
Train Epoch-10  Iter-325/706	loss 0.0185 (0.0821)	accu 1.000 (0.972)	
Train Epoch-10  Iter-350/706	loss 0.0145 (0.0845)	accu 1.000 (0.971)	
Train Epoch-10  Iter-375/706	loss 0.0357 (0.0838)	accu 1.000 (0.971)	
Train Epoch-10  Iter-400/706	loss 0.0270 (0.0833)	accu 1.000 (0.971)	
Train Epoch-10  Iter-425/706	loss 0.0105 (0.0841)	accu 1.000 (0.972)	
Train Epoch-10  Iter-450/706	loss 0.0308 (0.0853)	accu 1.000 (0.971)	
Train Epoch-10  Iter-475/706	loss 0.0053 (0.0855)	accu 1.000 (0.971)	
Train Epoch-10  Iter-500/706	loss 0.2466 (0.0856)	accu 0.875 (0.970)	
Train Epoch-10  Iter-525/706	loss 0.0266 (0.0871)	accu 1.000 (0.970)	
Train Epoch-10  Iter-550/706	loss 0.0270 (0.0863)	accu 1.000 (0.970)	
Train Epoch-10  Iter-575/706	loss 0.2103 (0.0868)	accu 0.875 (0.970)	
Train Epoch-10  Iter-600/706	loss 0.0083 (0.0886)	accu 1.000 (0.970)	
Train Epoch-10  Iter-625/706	loss 0.0110 (0.0878)	accu 1.000 (0.970)	
Train Epoch-10  Iter-650/706	loss 0.0813 (0.0871)	accu 1.000 (0.970)	
Train Epoch-10  Iter-675/706	loss 0.0061 (0.0885)	accu 1.000 (0.970)	
Train Epoch-10  Iter-700/706	loss 0.0601 (0.0881)	accu 1.000 (0.970)	
Eval Epoch-10  Iter-0  /52 	loss 0.1131 (0.1131)	accu 1.000 (1.000)	
Eval Epoch-10  Iter-25 /52 	loss 0.0032 (0.4385)	accu 1.000 (0.803)	
Eval Epoch-10  Iter-50 /52 	loss 2.2188 (0.6119)	accu 0.500 (0.792)	
Epoch-10  Train: loss 0.0885	accu 0.9701	Eval: loss 0.6456	accu 0.7837
Train Epoch-11  Iter-0  /706	loss 0.0177 (0.0177)	accu 1.000 (1.000)	
Train Epoch-11  Iter-25 /706	loss 0.0537 (0.0638)	accu 1.000 (0.981)	
Train Epoch-11  Iter-50 /706	loss 0.0362 (0.0652)	accu 1.000 (0.975)	
Train Epoch-11  Iter-75 /706	loss 0.0587 (0.0902)	accu 1.000 (0.967)	
Train Epoch-11  Iter-100/706	loss 0.0220 (0.0923)	accu 1.000 (0.967)	
Train Epoch-11  Iter-125/706	loss 0.0171 (0.0977)	accu 1.000 (0.961)	
Train Epoch-11  Iter-150/706	loss 0.0737 (0.0875)	accu 1.000 (0.966)	
Train Epoch-11  Iter-175/706	loss 0.2219 (0.0830)	accu 0.875 (0.968)	
Train Epoch-11  Iter-200/706	loss 0.0268 (0.0815)	accu 1.000 (0.969)	
Train Epoch-11  Iter-225/706	loss 0.0074 (0.0786)	accu 1.000 (0.970)	
Train Epoch-11  Iter-250/706	loss 0.0044 (0.0861)	accu 1.000 (0.968)	
Train Epoch-11  Iter-275/706	loss 0.0597 (0.0823)	accu 1.000 (0.970)	
Train Epoch-11  Iter-300/706	loss 0.0794 (0.0828)	accu 1.000 (0.969)	
Train Epoch-11  Iter-325/706	loss 0.2984 (0.0814)	accu 0.875 (0.970)	
Train Epoch-11  Iter-350/706	loss 0.0024 (0.0840)	accu 1.000 (0.969)	
Train Epoch-11  Iter-375/706	loss 0.0303 (0.0834)	accu 1.000 (0.969)	
Train Epoch-11  Iter-400/706	loss 0.0031 (0.0831)	accu 1.000 (0.969)	
Train Epoch-11  Iter-425/706	loss 0.0485 (0.0808)	accu 1.000 (0.969)	
Train Epoch-11  Iter-450/706	loss 0.0046 (0.0845)	accu 1.000 (0.968)	
Train Epoch-11  Iter-475/706	loss 0.4133 (0.0848)	accu 0.875 (0.968)	
Train Epoch-11  Iter-500/706	loss 0.0497 (0.0853)	accu 1.000 (0.968)	
Train Epoch-11  Iter-525/706	loss 0.0606 (0.0852)	accu 1.000 (0.968)	
Train Epoch-11  Iter-550/706	loss 0.0146 (0.0843)	accu 1.000 (0.968)	
Train Epoch-11  Iter-575/706	loss 0.0039 (0.0842)	accu 1.000 (0.969)	
Train Epoch-11  Iter-600/706	loss 0.0265 (0.0835)	accu 1.000 (0.969)	
Train Epoch-11  Iter-625/706	loss 0.0324 (0.0849)	accu 1.000 (0.968)	
Train Epoch-11  Iter-650/706	loss 0.0024 (0.0848)	accu 1.000 (0.969)	
Train Epoch-11  Iter-675/706	loss 0.0341 (0.0854)	accu 1.000 (0.969)	
Train Epoch-11  Iter-700/706	loss 0.0339 (0.0846)	accu 1.000 (0.969)	
Eval Epoch-11  Iter-0  /52 	loss 0.1490 (0.1490)	accu 1.000 (1.000)	
Eval Epoch-11  Iter-25 /52 	loss 0.0079 (0.5875)	accu 1.000 (0.745)	
Eval Epoch-11  Iter-50 /52 	loss 2.1760 (0.6781)	accu 0.500 (0.760)	
Epoch-11  Train: loss 0.0854	accu 0.9685	Eval: loss 0.7050	accu 0.7524
Train Epoch-12  Iter-0  /706	loss 0.0968 (0.0968)	accu 1.000 (1.000)	
Train Epoch-12  Iter-25 /706	loss 0.0606 (0.0599)	accu 1.000 (0.976)	
Train Epoch-12  Iter-50 /706	loss 0.0185 (0.0641)	accu 1.000 (0.971)	
Train Epoch-12  Iter-75 /706	loss 0.0024 (0.0684)	accu 1.000 (0.970)	
Train Epoch-12  Iter-100/706	loss 0.0033 (0.0619)	accu 1.000 (0.974)	
Train Epoch-12  Iter-125/706	loss 0.0532 (0.0626)	accu 1.000 (0.974)	
Train Epoch-12  Iter-150/706	loss 0.0020 (0.0677)	accu 1.000 (0.974)	
Train Epoch-12  Iter-175/706	loss 0.0226 (0.0700)	accu 1.000 (0.972)	
Train Epoch-12  Iter-200/706	loss 0.0263 (0.0733)	accu 1.000 (0.971)	
Train Epoch-12  Iter-225/706	loss 0.0429 (0.0765)	accu 1.000 (0.971)	
Train Epoch-12  Iter-250/706	loss 0.0402 (0.0770)	accu 1.000 (0.971)	
Train Epoch-12  Iter-275/706	loss 0.6096 (0.0852)	accu 0.875 (0.969)	
Train Epoch-12  Iter-300/706	loss 0.0465 (0.0847)	accu 1.000 (0.969)	
Train Epoch-12  Iter-325/706	loss 0.0282 (0.0815)	accu 1.000 (0.971)	
Train Epoch-12  Iter-350/706	loss 0.0451 (0.0832)	accu 1.000 (0.968)	
Train Epoch-12  Iter-375/706	loss 0.0048 (0.0812)	accu 1.000 (0.969)	
Train Epoch-12  Iter-400/706	loss 0.0045 (0.0812)	accu 1.000 (0.968)	
Train Epoch-12  Iter-425/706	loss 0.2221 (0.0810)	accu 0.875 (0.968)	
Train Epoch-12  Iter-450/706	loss 0.1340 (0.0839)	accu 0.875 (0.968)	
Train Epoch-12  Iter-475/706	loss 0.0197 (0.0844)	accu 1.000 (0.967)	
Train Epoch-12  Iter-500/706	loss 0.0377 (0.0840)	accu 1.000 (0.967)	
Train Epoch-12  Iter-525/706	loss 0.0063 (0.0829)	accu 1.000 (0.967)	
Train Epoch-12  Iter-550/706	loss 0.4520 (0.0827)	accu 0.875 (0.967)	
Train Epoch-12  Iter-575/706	loss 0.0431 (0.0833)	accu 1.000 (0.967)	
Train Epoch-12  Iter-600/706	loss 0.0081 (0.0835)	accu 1.000 (0.966)	
Train Epoch-12  Iter-625/706	loss 0.0845 (0.0847)	accu 1.000 (0.966)	
Train Epoch-12  Iter-650/706	loss 0.0052 (0.0863)	accu 1.000 (0.966)	
Train Epoch-12  Iter-675/706	loss 0.0030 (0.0854)	accu 1.000 (0.967)	
Train Epoch-12  Iter-700/706	loss 0.0179 (0.0845)	accu 1.000 (0.967)	
Eval Epoch-12  Iter-0  /52 	loss 0.2716 (0.2716)	accu 1.000 (1.000)	
Eval Epoch-12  Iter-25 /52 	loss 0.0039 (0.6106)	accu 1.000 (0.755)	
Eval Epoch-12  Iter-50 /52 	loss 2.0527 (0.6793)	accu 0.500 (0.760)	
Epoch-12  Train: loss 0.0840	accu 0.9671	Eval: loss 0.7085	accu 0.7524
Train Epoch-13  Iter-0  /706	loss 0.1643 (0.1643)	accu 1.000 (1.000)	
Train Epoch-13  Iter-25 /706	loss 0.0165 (0.0834)	accu 1.000 (0.966)	
Train Epoch-13  Iter-50 /706	loss 0.0150 (0.0610)	accu 1.000 (0.975)	
Train Epoch-13  Iter-75 /706	loss 0.0110 (0.0650)	accu 1.000 (0.977)	
Train Epoch-13  Iter-100/706	loss 0.0020 (0.0622)	accu 1.000 (0.976)	
Train Epoch-13  Iter-125/706	loss 0.0452 (0.0744)	accu 1.000 (0.971)	
Train Epoch-13  Iter-150/706	loss 0.0036 (0.0730)	accu 1.000 (0.971)	
Train Epoch-13  Iter-175/706	loss 0.0865 (0.0793)	accu 1.000 (0.969)	
Train Epoch-13  Iter-200/706	loss 0.0036 (0.0761)	accu 1.000 (0.972)	
Train Epoch-13  Iter-225/706	loss 0.0238 (0.0758)	accu 1.000 (0.973)	
Train Epoch-13  Iter-250/706	loss 0.0063 (0.0763)	accu 1.000 (0.974)	
Train Epoch-13  Iter-275/706	loss 0.0030 (0.0771)	accu 1.000 (0.972)	
Train Epoch-13  Iter-300/706	loss 0.1866 (0.0768)	accu 0.875 (0.973)	
Train Epoch-13  Iter-325/706	loss 0.0035 (0.0791)	accu 1.000 (0.972)	
Train Epoch-13  Iter-350/706	loss 0.0145 (0.0838)	accu 1.000 (0.970)	
Train Epoch-13  Iter-375/706	loss 0.0060 (0.0845)	accu 1.000 (0.970)	
Train Epoch-13  Iter-400/706	loss 0.0515 (0.0852)	accu 1.000 (0.969)	
Train Epoch-13  Iter-425/706	loss 0.0404 (0.0838)	accu 1.000 (0.970)	
Train Epoch-13  Iter-450/706	loss 0.0323 (0.0864)	accu 1.000 (0.970)	
Train Epoch-13  Iter-475/706	loss 0.0190 (0.0858)	accu 1.000 (0.969)	
Train Epoch-13  Iter-500/706	loss 0.1926 (0.0853)	accu 0.875 (0.969)	
Train Epoch-13  Iter-525/706	loss 0.0760 (0.0854)	accu 1.000 (0.969)	
Train Epoch-13  Iter-550/706	loss 0.0093 (0.0840)	accu 1.000 (0.969)	
Train Epoch-13  Iter-575/706	loss 0.0392 (0.0825)	accu 1.000 (0.969)	
Train Epoch-13  Iter-600/706	loss 0.0135 (0.0809)	accu 1.000 (0.970)	
Train Epoch-13  Iter-625/706	loss 0.0040 (0.0807)	accu 1.000 (0.970)	
Train Epoch-13  Iter-650/706	loss 0.0133 (0.0810)	accu 1.000 (0.970)	
Train Epoch-13  Iter-675/706	loss 0.5250 (0.0804)	accu 0.750 (0.970)	
Train Epoch-13  Iter-700/706	loss 0.0457 (0.0802)	accu 1.000 (0.970)	
Eval Epoch-13  Iter-0  /52 	loss 0.1165 (0.1165)	accu 1.000 (1.000)	
Eval Epoch-13  Iter-25 /52 	loss 0.0041 (0.5496)	accu 1.000 (0.769)	
Eval Epoch-13  Iter-50 /52 	loss 2.5692 (0.7022)	accu 0.500 (0.765)	
Epoch-13  Train: loss 0.0797	accu 0.9701	Eval: loss 0.7386	accu 0.7572
Train Epoch-14  Iter-0  /706	loss 0.0069 (0.0069)	accu 1.000 (1.000)	
Train Epoch-14  Iter-25 /706	loss 0.0592 (0.0600)	accu 1.000 (0.976)	
Train Epoch-14  Iter-50 /706	loss 0.0042 (0.0587)	accu 1.000 (0.973)	
Train Epoch-14  Iter-75 /706	loss 0.0073 (0.0604)	accu 1.000 (0.975)	
Train Epoch-14  Iter-100/706	loss 0.0312 (0.0623)	accu 1.000 (0.973)	
Train Epoch-14  Iter-125/706	loss 0.0094 (0.0618)	accu 1.000 (0.975)	
Train Epoch-14  Iter-150/706	loss 0.4501 (0.0703)	accu 0.875 (0.974)	
Train Epoch-14  Iter-175/706	loss 0.0212 (0.0700)	accu 1.000 (0.974)	
Train Epoch-14  Iter-200/706	loss 0.1616 (0.0761)	accu 0.875 (0.972)	
Train Epoch-14  Iter-225/706	loss 0.1538 (0.0807)	accu 0.875 (0.970)	
Train Epoch-14  Iter-250/706	loss 0.0169 (0.0785)	accu 1.000 (0.970)	
Train Epoch-14  Iter-275/706	loss 0.0096 (0.0810)	accu 1.000 (0.969)	
Train Epoch-14  Iter-300/706	loss 0.1198 (0.0821)	accu 0.875 (0.968)	
Train Epoch-14  Iter-325/706	loss 0.0664 (0.0800)	accu 1.000 (0.969)	
Train Epoch-14  Iter-350/706	loss 0.0080 (0.0775)	accu 1.000 (0.970)	
Train Epoch-14  Iter-375/706	loss 0.0229 (0.0768)	accu 1.000 (0.971)	
Train Epoch-14  Iter-400/706	loss 0.0800 (0.0783)	accu 1.000 (0.972)	
Train Epoch-14  Iter-425/706	loss 0.0456 (0.0769)	accu 1.000 (0.972)	
Train Epoch-14  Iter-450/706	loss 0.0056 (0.0786)	accu 1.000 (0.971)	
Train Epoch-14  Iter-475/706	loss 0.0554 (0.0780)	accu 1.000 (0.971)	
Train Epoch-14  Iter-500/706	loss 0.0029 (0.0770)	accu 1.000 (0.971)	
Train Epoch-14  Iter-525/706	loss 0.0284 (0.0773)	accu 1.000 (0.971)	
Train Epoch-14  Iter-550/706	loss 0.0292 (0.0780)	accu 1.000 (0.970)	
Train Epoch-14  Iter-575/706	loss 0.0299 (0.0768)	accu 1.000 (0.970)	
Train Epoch-14  Iter-600/706	loss 0.0043 (0.0761)	accu 1.000 (0.971)	
Train Epoch-14  Iter-625/706	loss 0.0452 (0.0772)	accu 1.000 (0.971)	
Train Epoch-14  Iter-650/706	loss 0.0038 (0.0783)	accu 1.000 (0.970)	
Train Epoch-14  Iter-675/706	loss 0.0027 (0.0789)	accu 1.000 (0.970)	
Train Epoch-14  Iter-700/706	loss 0.0038 (0.0783)	accu 1.000 (0.970)	
Eval Epoch-14  Iter-0  /52 	loss 0.7158 (0.7158)	accu 0.875 (0.875)	
Eval Epoch-14  Iter-25 /52 	loss 0.0019 (0.6443)	accu 1.000 (0.769)	
Eval Epoch-14  Iter-50 /52 	loss 2.4601 (0.7626)	accu 0.500 (0.765)	
Epoch-14  Train: loss 0.0783	accu 0.9703	Eval: loss 0.7980	accu 0.7572
Train Epoch-15  Iter-0  /706	loss 0.0016 (0.0016)	accu 1.000 (1.000)	
Train Epoch-15  Iter-25 /706	loss 0.0576 (0.0826)	accu 1.000 (0.962)	
Train Epoch-15  Iter-50 /706	loss 0.0018 (0.0908)	accu 1.000 (0.958)	
Train Epoch-15  Iter-75 /706	loss 0.2246 (0.0881)	accu 0.875 (0.959)	
Train Epoch-15  Iter-100/706	loss 0.0579 (0.0880)	accu 1.000 (0.958)	
Train Epoch-15  Iter-125/706	loss 0.0419 (0.0887)	accu 1.000 (0.960)	
Train Epoch-15  Iter-150/706	loss 0.0181 (0.0866)	accu 1.000 (0.962)	
Train Epoch-15  Iter-175/706	loss 0.0032 (0.0843)	accu 1.000 (0.963)	
Train Epoch-15  Iter-200/706	loss 0.0100 (0.0863)	accu 1.000 (0.963)	
Train Epoch-15  Iter-225/706	loss 0.1122 (0.0820)	accu 0.875 (0.964)	
Train Epoch-15  Iter-250/706	loss 0.0019 (0.0791)	accu 1.000 (0.965)	
Train Epoch-15  Iter-275/706	loss 0.0818 (0.0784)	accu 1.000 (0.966)	
Train Epoch-15  Iter-300/706	loss 0.0026 (0.0802)	accu 1.000 (0.967)	
Train Epoch-15  Iter-325/706	loss 0.0211 (0.0813)	accu 1.000 (0.967)	
Train Epoch-15  Iter-350/706	loss 0.0600 (0.0801)	accu 1.000 (0.968)	
Train Epoch-15  Iter-375/706	loss 0.0085 (0.0829)	accu 1.000 (0.968)	
Train Epoch-15  Iter-400/706	loss 0.0446 (0.0815)	accu 1.000 (0.969)	
Train Epoch-15  Iter-425/706	loss 0.0078 (0.0800)	accu 1.000 (0.969)	
Train Epoch-15  Iter-450/706	loss 0.0423 (0.0784)	accu 1.000 (0.970)	
Train Epoch-15  Iter-475/706	loss 0.0039 (0.0772)	accu 1.000 (0.971)	
Train Epoch-15  Iter-500/706	loss 0.4053 (0.0782)	accu 0.875 (0.970)	
Train Epoch-15  Iter-525/706	loss 0.0385 (0.0773)	accu 1.000 (0.970)	
Train Epoch-15  Iter-550/706	loss 0.0074 (0.0768)	accu 1.000 (0.971)	
Train Epoch-15  Iter-575/706	loss 0.0086 (0.0766)	accu 1.000 (0.971)	
Train Epoch-15  Iter-600/706	loss 0.1046 (0.0770)	accu 0.875 (0.971)	
Train Epoch-15  Iter-625/706	loss 0.0043 (0.0776)	accu 1.000 (0.971)	
Train Epoch-15  Iter-650/706	loss 0.0083 (0.0773)	accu 1.000 (0.971)	
Train Epoch-15  Iter-675/706	loss 0.0347 (0.0778)	accu 1.000 (0.971)	
Train Epoch-15  Iter-700/706	loss 0.0303 (0.0784)	accu 1.000 (0.970)	
Eval Epoch-15  Iter-0  /52 	loss 0.4595 (0.4595)	accu 0.875 (0.875)	
Eval Epoch-15  Iter-25 /52 	loss 0.0033 (0.5202)	accu 1.000 (0.779)	
Eval Epoch-15  Iter-50 /52 	loss 2.0953 (0.6810)	accu 0.500 (0.767)	
Epoch-15  Train: loss 0.0783	accu 0.9706	Eval: loss 0.7246	accu 0.7596
Epoch    16: reducing learning rate of group 0 to 3.0000e-06.
Train Epoch-16  Iter-0  /706	loss 0.0018 (0.0018)	accu 1.000 (1.000)	
Train Epoch-16  Iter-25 /706	loss 0.0078 (0.0909)	accu 1.000 (0.976)	
Train Epoch-16  Iter-50 /706	loss 0.0155 (0.1097)	accu 1.000 (0.963)	
Train Epoch-16  Iter-75 /706	loss 0.0015 (0.1009)	accu 1.000 (0.965)	
Train Epoch-16  Iter-100/706	loss 0.0761 (0.1049)	accu 1.000 (0.964)	
Train Epoch-16  Iter-125/706	loss 0.0024 (0.0933)	accu 1.000 (0.967)	
Train Epoch-16  Iter-150/706	loss 0.0114 (0.0877)	accu 1.000 (0.970)	
Train Epoch-16  Iter-175/706	loss 0.1760 (0.0843)	accu 0.875 (0.969)	
Train Epoch-16  Iter-200/706	loss 0.2051 (0.0815)	accu 0.875 (0.971)	
Train Epoch-16  Iter-225/706	loss 0.0742 (0.0833)	accu 1.000 (0.970)	
Train Epoch-16  Iter-250/706	loss 0.0216 (0.0809)	accu 1.000 (0.970)	
Train Epoch-16  Iter-275/706	loss 0.0056 (0.0768)	accu 1.000 (0.972)	
Train Epoch-16  Iter-300/706	loss 0.0049 (0.0768)	accu 1.000 (0.971)	
Train Epoch-16  Iter-325/706	loss 0.0247 (0.0767)	accu 1.000 (0.970)	
Train Epoch-16  Iter-350/706	loss 0.4701 (0.0788)	accu 0.875 (0.970)	
Train Epoch-16  Iter-375/706	loss 0.0022 (0.0803)	accu 1.000 (0.969)	
Train Epoch-16  Iter-400/706	loss 0.4773 (0.0789)	accu 0.875 (0.970)	
Train Epoch-16  Iter-425/706	loss 0.0792 (0.0784)	accu 1.000 (0.970)	
Train Epoch-16  Iter-450/706	loss 0.2096 (0.0765)	accu 0.875 (0.971)	
Train Epoch-16  Iter-475/706	loss 0.1324 (0.0787)	accu 0.875 (0.970)	
Train Epoch-16  Iter-500/706	loss 0.0136 (0.0769)	accu 1.000 (0.971)	
Train Epoch-16  Iter-525/706	loss 0.0057 (0.0763)	accu 1.000 (0.972)	
Train Epoch-16  Iter-550/706	loss 0.0218 (0.0772)	accu 1.000 (0.971)	
Train Epoch-16  Iter-575/706	loss 0.0292 (0.0787)	accu 1.000 (0.970)	
Train Epoch-16  Iter-600/706	loss 0.0302 (0.0774)	accu 1.000 (0.971)	
Train Epoch-16  Iter-625/706	loss 0.0028 (0.0775)	accu 1.000 (0.970)	
Train Epoch-16  Iter-650/706	loss 0.1772 (0.0774)	accu 0.875 (0.971)	
Train Epoch-16  Iter-675/706	loss 0.0087 (0.0771)	accu 1.000 (0.971)	
Train Epoch-16  Iter-700/706	loss 0.3968 (0.0762)	accu 0.875 (0.971)	
Eval Epoch-16  Iter-0  /52 	loss 0.5835 (0.5835)	accu 0.875 (0.875)	
Eval Epoch-16  Iter-25 /52 	loss 0.0033 (0.6110)	accu 1.000 (0.769)	
Eval Epoch-16  Iter-50 /52 	loss 1.8996 (0.7235)	accu 0.500 (0.770)	
Epoch-16  Train: loss 0.0763	accu 0.9715	Eval: loss 0.7649	accu 0.7620
Train Epoch-17  Iter-0  /706	loss 0.2059 (0.2059)	accu 0.875 (0.875)	
Train Epoch-17  Iter-25 /706	loss 0.0052 (0.0962)	accu 1.000 (0.962)	
Train Epoch-17  Iter-50 /706	loss 0.0052 (0.0868)	accu 1.000 (0.966)	
Train Epoch-17  Iter-75 /706	loss 0.1467 (0.0824)	accu 0.875 (0.964)	
Train Epoch-17  Iter-100/706	loss 0.0045 (0.0791)	accu 1.000 (0.965)	
Train Epoch-17  Iter-125/706	loss 0.0035 (0.0860)	accu 1.000 (0.963)	
Train Epoch-17  Iter-150/706	loss 0.1112 (0.0798)	accu 1.000 (0.967)	
Train Epoch-17  Iter-175/706	loss 0.0036 (0.0791)	accu 1.000 (0.969)	
Train Epoch-17  Iter-200/706	loss 0.0031 (0.0796)	accu 1.000 (0.968)	
Train Epoch-17  Iter-225/706	loss 0.0120 (0.0751)	accu 1.000 (0.970)	
Train Epoch-17  Iter-250/706	loss 0.0053 (0.0732)	accu 1.000 (0.971)	
Train Epoch-17  Iter-275/706	loss 0.0198 (0.0733)	accu 1.000 (0.971)	
Train Epoch-17  Iter-300/706	loss 0.0189 (0.0728)	accu 1.000 (0.972)	
Train Epoch-17  Iter-325/706	loss 0.0329 (0.0730)	accu 1.000 (0.972)	
Train Epoch-17  Iter-350/706	loss 0.0058 (0.0705)	accu 1.000 (0.974)	
Train Epoch-17  Iter-375/706	loss 0.0047 (0.0714)	accu 1.000 (0.972)	
Train Epoch-17  Iter-400/706	loss 0.1336 (0.0740)	accu 1.000 (0.972)	
Train Epoch-17  Iter-425/706	loss 0.0912 (0.0721)	accu 1.000 (0.973)	
Train Epoch-17  Iter-450/706	loss 0.0994 (0.0748)	accu 1.000 (0.973)	
Train Epoch-17  Iter-475/706	loss 0.0014 (0.0748)	accu 1.000 (0.973)	
Train Epoch-17  Iter-500/706	loss 0.1577 (0.0739)	accu 0.875 (0.973)	
Train Epoch-17  Iter-525/706	loss 0.0018 (0.0739)	accu 1.000 (0.973)	
Train Epoch-17  Iter-550/706	loss 0.0865 (0.0745)	accu 1.000 (0.973)	
Train Epoch-17  Iter-575/706	loss 0.0369 (0.0758)	accu 1.000 (0.973)	
Train Epoch-17  Iter-600/706	loss 0.2163 (0.0744)	accu 0.875 (0.974)	
Train Epoch-17  Iter-625/706	loss 0.0821 (0.0740)	accu 1.000 (0.974)	
Train Epoch-17  Iter-650/706	loss 0.0022 (0.0727)	accu 1.000 (0.974)	
Train Epoch-17  Iter-675/706	loss 0.0022 (0.0720)	accu 1.000 (0.974)	
Train Epoch-17  Iter-700/706	loss 0.2450 (0.0711)	accu 0.875 (0.975)	
Eval Epoch-17  Iter-0  /52 	loss 0.7200 (0.7200)	accu 0.625 (0.625)	
Eval Epoch-17  Iter-25 /52 	loss 0.0031 (0.6991)	accu 1.000 (0.736)	
Eval Epoch-17  Iter-50 /52 	loss 1.6616 (0.7654)	accu 0.500 (0.750)	
Epoch-17  Train: loss 0.0708	accu 0.9745	Eval: loss 0.8052	accu 0.7428
Train Epoch-18  Iter-0  /706	loss 0.0423 (0.0423)	accu 1.000 (1.000)	
Train Epoch-18  Iter-25 /706	loss 0.1798 (0.0854)	accu 0.875 (0.971)	
Train Epoch-18  Iter-50 /706	loss 0.0048 (0.0827)	accu 1.000 (0.968)	
Train Epoch-18  Iter-75 /706	loss 0.0309 (0.0764)	accu 1.000 (0.974)	
Train Epoch-18  Iter-100/706	loss 0.5253 (0.0745)	accu 0.750 (0.974)	
Train Epoch-18  Iter-125/706	loss 0.1827 (0.0720)	accu 0.875 (0.975)	
Train Epoch-18  Iter-150/706	loss 0.4600 (0.0802)	accu 0.875 (0.973)	
Train Epoch-18  Iter-175/706	loss 0.0462 (0.0761)	accu 1.000 (0.974)	
Train Epoch-18  Iter-200/706	loss 0.1335 (0.0718)	accu 0.875 (0.975)	
Train Epoch-18  Iter-225/706	loss 0.0453 (0.0695)	accu 1.000 (0.976)	
Train Epoch-18  Iter-250/706	loss 0.0120 (0.0703)	accu 1.000 (0.975)	
Train Epoch-18  Iter-275/706	loss 0.1222 (0.0697)	accu 0.875 (0.975)	
Train Epoch-18  Iter-300/706	loss 0.0604 (0.0700)	accu 1.000 (0.976)	
Train Epoch-18  Iter-325/706	loss 0.0330 (0.0685)	accu 1.000 (0.977)	
Train Epoch-18  Iter-350/706	loss 0.0365 (0.0674)	accu 1.000 (0.977)	
Train Epoch-18  Iter-375/706	loss 0.0244 (0.0672)	accu 1.000 (0.977)	
Train Epoch-18  Iter-400/706	loss 0.0060 (0.0668)	accu 1.000 (0.977)	
Train Epoch-18  Iter-425/706	loss 0.0299 (0.0697)	accu 1.000 (0.975)	
Train Epoch-18  Iter-450/706	loss 0.0090 (0.0715)	accu 1.000 (0.974)	
Train Epoch-18  Iter-475/706	loss 0.0139 (0.0705)	accu 1.000 (0.975)	
Train Epoch-18  Iter-500/706	loss 0.0456 (0.0702)	accu 1.000 (0.975)	
Train Epoch-18  Iter-525/706	loss 0.0333 (0.0718)	accu 1.000 (0.975)	
Train Epoch-18  Iter-550/706	loss 0.3443 (0.0716)	accu 0.750 (0.974)	
Train Epoch-18  Iter-575/706	loss 0.1311 (0.0728)	accu 0.875 (0.974)	
Train Epoch-18  Iter-600/706	loss 0.5802 (0.0727)	accu 0.875 (0.974)	
Train Epoch-18  Iter-625/706	loss 0.0810 (0.0730)	accu 1.000 (0.973)	
Train Epoch-18  Iter-650/706	loss 0.0849 (0.0739)	accu 1.000 (0.973)	
Train Epoch-18  Iter-675/706	loss 0.0107 (0.0747)	accu 1.000 (0.973)	
Train Epoch-18  Iter-700/706	loss 0.0069 (0.0738)	accu 1.000 (0.973)	
Eval Epoch-18  Iter-0  /52 	loss 0.7096 (0.7096)	accu 0.750 (0.750)	
Eval Epoch-18  Iter-25 /52 	loss 0.0028 (0.6798)	accu 1.000 (0.745)	
Eval Epoch-18  Iter-50 /52 	loss 1.7910 (0.7628)	accu 0.500 (0.755)	
Epoch-18  Train: loss 0.0734	accu 0.9731	Eval: loss 0.8045	accu 0.7476
Train Epoch-19  Iter-0  /706	loss 0.1477 (0.1477)	accu 0.875 (0.875)	
Train Epoch-19  Iter-25 /706	loss 0.0032 (0.1142)	accu 1.000 (0.947)	
Train Epoch-19  Iter-50 /706	loss 0.0443 (0.1098)	accu 1.000 (0.956)	
Train Epoch-19  Iter-75 /706	loss 0.0207 (0.0912)	accu 1.000 (0.964)	
Train Epoch-19  Iter-100/706	loss 0.1221 (0.0969)	accu 0.875 (0.957)	
Train Epoch-19  Iter-125/706	loss 0.0033 (0.0923)	accu 1.000 (0.956)	
Train Epoch-19  Iter-150/706	loss 0.2006 (0.0955)	accu 0.875 (0.958)	
Train Epoch-19  Iter-175/706	loss 0.0014 (0.0920)	accu 1.000 (0.961)	
Train Epoch-19  Iter-200/706	loss 0.0971 (0.0942)	accu 1.000 (0.961)	
Train Epoch-19  Iter-225/706	loss 0.0649 (0.0911)	accu 1.000 (0.963)	
Train Epoch-19  Iter-250/706	loss 0.0340 (0.0854)	accu 1.000 (0.965)	
Train Epoch-19  Iter-275/706	loss 0.0223 (0.0824)	accu 1.000 (0.966)	
Train Epoch-19  Iter-300/706	loss 0.0087 (0.0803)	accu 1.000 (0.967)	
Train Epoch-19  Iter-325/706	loss 0.0021 (0.0761)	accu 1.000 (0.969)	
Train Epoch-19  Iter-350/706	loss 0.0364 (0.0753)	accu 1.000 (0.970)	
Train Epoch-19  Iter-375/706	loss 0.0115 (0.0754)	accu 1.000 (0.970)	
Train Epoch-19  Iter-400/706	loss 0.0009 (0.0743)	accu 1.000 (0.969)	
Train Epoch-19  Iter-425/706	loss 0.0044 (0.0721)	accu 1.000 (0.970)	
Train Epoch-19  Iter-450/706	loss 0.0097 (0.0720)	accu 1.000 (0.970)	
Train Epoch-19  Iter-475/706	loss 0.0050 (0.0721)	accu 1.000 (0.971)	
Train Epoch-19  Iter-500/706	loss 0.1838 (0.0719)	accu 0.875 (0.971)	
Train Epoch-19  Iter-525/706	loss 0.0156 (0.0748)	accu 1.000 (0.970)	
Train Epoch-19  Iter-550/706	loss 0.0013 (0.0735)	accu 1.000 (0.970)	
Train Epoch-19  Iter-575/706	loss 0.0030 (0.0738)	accu 1.000 (0.970)	
Train Epoch-19  Iter-600/706	loss 0.0224 (0.0736)	accu 1.000 (0.970)	
Train Epoch-19  Iter-625/706	loss 0.0094 (0.0724)	accu 1.000 (0.971)	
Train Epoch-19  Iter-650/706	loss 0.0041 (0.0711)	accu 1.000 (0.972)	
Train Epoch-19  Iter-675/706	loss 0.0085 (0.0717)	accu 1.000 (0.972)	
Train Epoch-19  Iter-700/706	loss 0.0027 (0.0719)	accu 1.000 (0.972)	
Eval Epoch-19  Iter-0  /52 	loss 0.6506 (0.6506)	accu 0.875 (0.875)	
Eval Epoch-19  Iter-25 /52 	loss 0.0023 (0.6630)	accu 1.000 (0.764)	
Eval Epoch-19  Iter-50 /52 	loss 1.8967 (0.7591)	accu 0.500 (0.765)	
Epoch-19  Train: loss 0.0715	accu 0.9724	Eval: loss 0.8016	accu 0.7572
Train Epoch-20  Iter-0  /706	loss 0.4370 (0.4370)	accu 0.750 (0.750)	
Train Epoch-20  Iter-25 /706	loss 0.1480 (0.1278)	accu 0.875 (0.947)	
Train Epoch-20  Iter-50 /706	loss 0.0275 (0.0967)	accu 1.000 (0.961)	
Train Epoch-20  Iter-75 /706	loss 0.0111 (0.0872)	accu 1.000 (0.962)	
Train Epoch-20  Iter-100/706	loss 0.0661 (0.0976)	accu 1.000 (0.960)	
Train Epoch-20  Iter-125/706	loss 0.3624 (0.0891)	accu 0.875 (0.965)	
Train Epoch-20  Iter-150/706	loss 0.0371 (0.0927)	accu 1.000 (0.964)	
Train Epoch-20  Iter-175/706	loss 0.0201 (0.0841)	accu 1.000 (0.967)	
Train Epoch-20  Iter-200/706	loss 0.0011 (0.0774)	accu 1.000 (0.970)	
Train Epoch-20  Iter-225/706	loss 0.0700 (0.0749)	accu 1.000 (0.972)	
Train Epoch-20  Iter-250/706	loss 0.1582 (0.0733)	accu 0.875 (0.971)	
Train Epoch-20  Iter-275/706	loss 0.1961 (0.0732)	accu 0.875 (0.971)	
Train Epoch-20  Iter-300/706	loss 0.0065 (0.0737)	accu 1.000 (0.971)	
Train Epoch-20  Iter-325/706	loss 0.0194 (0.0718)	accu 1.000 (0.972)	
Train Epoch-20  Iter-350/706	loss 0.0047 (0.0702)	accu 1.000 (0.973)	
Train Epoch-20  Iter-375/706	loss 0.0020 (0.0689)	accu 1.000 (0.973)	
Train Epoch-20  Iter-400/706	loss 0.1098 (0.0688)	accu 1.000 (0.973)	
Train Epoch-20  Iter-425/706	loss 0.0044 (0.0705)	accu 1.000 (0.973)	
Train Epoch-20  Iter-450/706	loss 0.4016 (0.0703)	accu 0.875 (0.973)	
Train Epoch-20  Iter-475/706	loss 0.4032 (0.0708)	accu 0.875 (0.972)	
Train Epoch-20  Iter-500/706	loss 0.0011 (0.0710)	accu 1.000 (0.973)	
Train Epoch-20  Iter-525/706	loss 0.0119 (0.0703)	accu 1.000 (0.972)	
Train Epoch-20  Iter-550/706	loss 0.0257 (0.0687)	accu 1.000 (0.973)	
Train Epoch-20  Iter-575/706	loss 0.0014 (0.0669)	accu 1.000 (0.974)	
Train Epoch-20  Iter-600/706	loss 0.0391 (0.0655)	accu 1.000 (0.974)	
Train Epoch-20  Iter-625/706	loss 0.0758 (0.0654)	accu 1.000 (0.975)	
Train Epoch-20  Iter-650/706	loss 0.0990 (0.0660)	accu 1.000 (0.974)	
Train Epoch-20  Iter-675/706	loss 0.0011 (0.0670)	accu 1.000 (0.974)	
Train Epoch-20  Iter-700/706	loss 0.0135 (0.0667)	accu 1.000 (0.974)	
Eval Epoch-20  Iter-0  /52 	loss 0.6478 (0.6478)	accu 0.875 (0.875)	
Eval Epoch-20  Iter-25 /52 	loss 0.0020 (0.6785)	accu 1.000 (0.764)	
Eval Epoch-20  Iter-50 /52 	loss 1.9575 (0.7712)	accu 0.500 (0.765)	
Epoch-20  Train: loss 0.0669	accu 0.9738	Eval: loss 0.8140	accu 0.7572
Train Epoch-21  Iter-0  /706	loss 0.0397 (0.0397)	accu 1.000 (1.000)	
Train Epoch-21  Iter-25 /706	loss 0.0614 (0.0618)	accu 1.000 (0.976)	
Train Epoch-21  Iter-50 /706	loss 0.0571 (0.0631)	accu 1.000 (0.978)	
Train Epoch-21  Iter-75 /706	loss 0.0381 (0.0522)	accu 1.000 (0.982)	
Train Epoch-21  Iter-100/706	loss 0.0058 (0.0573)	accu 1.000 (0.979)	
Train Epoch-21  Iter-125/706	loss 0.0023 (0.0638)	accu 1.000 (0.975)	
Train Epoch-21  Iter-150/706	loss 0.0289 (0.0632)	accu 1.000 (0.976)	
Train Epoch-21  Iter-175/706	loss 0.0038 (0.0706)	accu 1.000 (0.974)	
Train Epoch-21  Iter-200/706	loss 0.0025 (0.0676)	accu 1.000 (0.975)	
Train Epoch-21  Iter-225/706	loss 0.0042 (0.0668)	accu 1.000 (0.973)	
Train Epoch-21  Iter-250/706	loss 0.0017 (0.0665)	accu 1.000 (0.974)	
Train Epoch-21  Iter-275/706	loss 0.4267 (0.0722)	accu 0.875 (0.971)	
Train Epoch-21  Iter-300/706	loss 0.0696 (0.0789)	accu 1.000 (0.968)	
Train Epoch-21  Iter-325/706	loss 0.0062 (0.0779)	accu 1.000 (0.969)	
Train Epoch-21  Iter-350/706	loss 0.0148 (0.0747)	accu 1.000 (0.970)	
Train Epoch-21  Iter-375/706	loss 0.0579 (0.0772)	accu 1.000 (0.969)	
Train Epoch-21  Iter-400/706	loss 0.0498 (0.0793)	accu 1.000 (0.969)	
Train Epoch-21  Iter-425/706	loss 0.0083 (0.0773)	accu 1.000 (0.969)	
Train Epoch-21  Iter-450/706	loss 0.1907 (0.0808)	accu 0.875 (0.968)	
Train Epoch-21  Iter-475/706	loss 0.0096 (0.0797)	accu 1.000 (0.968)	
Train Epoch-21  Iter-500/706	loss 0.0667 (0.0809)	accu 1.000 (0.968)	
Train Epoch-21  Iter-525/706	loss 0.0013 (0.0794)	accu 1.000 (0.968)	
Train Epoch-21  Iter-550/706	loss 0.0013 (0.0786)	accu 1.000 (0.969)	
Train Epoch-21  Iter-575/706	loss 0.1347 (0.0775)	accu 0.875 (0.969)	
Train Epoch-21  Iter-600/706	loss 0.0122 (0.0758)	accu 1.000 (0.970)	
Train Epoch-21  Iter-625/706	loss 0.0027 (0.0754)	accu 1.000 (0.971)	
Train Epoch-21  Iter-650/706	loss 0.0058 (0.0750)	accu 1.000 (0.970)	
Train Epoch-21  Iter-675/706	loss 0.0044 (0.0741)	accu 1.000 (0.971)	
Train Epoch-21  Iter-700/706	loss 0.0227 (0.0731)	accu 1.000 (0.971)	
Eval Epoch-21  Iter-0  /52 	loss 0.7721 (0.7721)	accu 0.750 (0.750)	
Eval Epoch-21  Iter-25 /52 	loss 0.0025 (0.7454)	accu 1.000 (0.740)	
Eval Epoch-21  Iter-50 /52 	loss 1.7113 (0.7940)	accu 0.500 (0.755)	
Epoch-21  Train: loss 0.0728	accu 0.9711	Eval: loss 0.8340	accu 0.7476
Epoch    22: reducing learning rate of group 0 to 3.0000e-07.
Train Epoch-22  Iter-0  /706	loss 0.0066 (0.0066)	accu 1.000 (1.000)	
Train Epoch-22  Iter-25 /706	loss 0.0018 (0.0403)	accu 1.000 (0.986)	
Train Epoch-22  Iter-50 /706	loss 0.0375 (0.0776)	accu 1.000 (0.975)	
Train Epoch-22  Iter-75 /706	loss 0.0030 (0.0793)	accu 1.000 (0.972)	
Train Epoch-22  Iter-100/706	loss 0.3219 (0.0745)	accu 0.625 (0.970)	
Train Epoch-22  Iter-125/706	loss 0.0176 (0.0793)	accu 1.000 (0.967)	
Train Epoch-22  Iter-150/706	loss 0.0140 (0.0815)	accu 1.000 (0.968)	
Train Epoch-22  Iter-175/706	loss 0.0044 (0.0793)	accu 1.000 (0.968)	
Train Epoch-22  Iter-200/706	loss 0.3798 (0.0804)	accu 0.875 (0.967)	
Train Epoch-22  Iter-225/706	loss 0.0746 (0.0794)	accu 1.000 (0.967)	
Train Epoch-22  Iter-250/706	loss 0.0560 (0.0795)	accu 1.000 (0.968)	
Train Epoch-22  Iter-275/706	loss 0.0797 (0.0790)	accu 1.000 (0.968)	
Train Epoch-22  Iter-300/706	loss 0.2191 (0.0783)	accu 0.875 (0.968)	
Train Epoch-22  Iter-325/706	loss 0.0126 (0.0802)	accu 1.000 (0.967)	
Train Epoch-22  Iter-350/706	loss 0.0851 (0.0772)	accu 1.000 (0.969)	
Train Epoch-22  Iter-375/706	loss 0.0648 (0.0746)	accu 1.000 (0.970)	
Train Epoch-22  Iter-400/706	loss 0.1241 (0.0751)	accu 0.875 (0.970)	
Train Epoch-22  Iter-425/706	loss 0.0254 (0.0773)	accu 1.000 (0.970)	
Train Epoch-22  Iter-450/706	loss 0.0038 (0.0780)	accu 1.000 (0.969)	
Train Epoch-22  Iter-475/706	loss 0.0010 (0.0755)	accu 1.000 (0.970)	
Train Epoch-22  Iter-500/706	loss 0.0075 (0.0741)	accu 1.000 (0.971)	
Train Epoch-22  Iter-525/706	loss 0.1052 (0.0728)	accu 0.875 (0.971)	
Train Epoch-22  Iter-550/706	loss 0.0709 (0.0711)	accu 1.000 (0.972)	
Train Epoch-22  Iter-575/706	loss 0.2593 (0.0715)	accu 0.875 (0.972)	
Train Epoch-22  Iter-600/706	loss 0.0065 (0.0720)	accu 1.000 (0.972)	
Train Epoch-22  Iter-625/706	loss 0.0010 (0.0708)	accu 1.000 (0.972)	
Train Epoch-22  Iter-650/706	loss 0.0018 (0.0698)	accu 1.000 (0.972)	
Train Epoch-22  Iter-675/706	loss 0.0118 (0.0691)	accu 1.000 (0.973)	
Train Epoch-22  Iter-700/706	loss 0.0053 (0.0688)	accu 1.000 (0.973)	
Eval Epoch-22  Iter-0  /52 	loss 0.7576 (0.7576)	accu 0.750 (0.750)	
Eval Epoch-22  Iter-25 /52 	loss 0.0024 (0.7360)	accu 1.000 (0.740)	
Eval Epoch-22  Iter-50 /52 	loss 1.7434 (0.7908)	accu 0.500 (0.755)	
Epoch-22  Train: loss 0.0684	accu 0.9727	Eval: loss 0.8312	accu 0.7476
Train Epoch-23  Iter-0  /706	loss 0.2028 (0.2028)	accu 0.750 (0.750)	
Train Epoch-23  Iter-25 /706	loss 0.0537 (0.0434)	accu 1.000 (0.981)	
Train Epoch-23  Iter-50 /706	loss 0.0042 (0.0762)	accu 1.000 (0.966)	
Train Epoch-23  Iter-75 /706	loss 0.0114 (0.0828)	accu 1.000 (0.961)	
Train Epoch-23  Iter-100/706	loss 0.2052 (0.0763)	accu 0.875 (0.967)	
Train Epoch-23  Iter-125/706	loss 0.0029 (0.0656)	accu 1.000 (0.972)	
Train Epoch-23  Iter-150/706	loss 0.0038 (0.0595)	accu 1.000 (0.976)	
Train Epoch-23  Iter-175/706	loss 0.0042 (0.0690)	accu 1.000 (0.972)	
Train Epoch-23  Iter-200/706	loss 0.0246 (0.0669)	accu 1.000 (0.974)	
Train Epoch-23  Iter-225/706	loss 0.0964 (0.0631)	accu 0.875 (0.975)	
Train Epoch-23  Iter-250/706	loss 0.0494 (0.0638)	accu 1.000 (0.975)	
Train Epoch-23  Iter-275/706	loss 0.0017 (0.0647)	accu 1.000 (0.975)	
Train Epoch-23  Iter-300/706	loss 0.1005 (0.0632)	accu 0.875 (0.976)	
Train Epoch-23  Iter-325/706	loss 0.0522 (0.0636)	accu 1.000 (0.976)	
Train Epoch-23  Iter-350/706	loss 0.1216 (0.0654)	accu 0.875 (0.975)	
Train Epoch-23  Iter-375/706	loss 0.0200 (0.0633)	accu 1.000 (0.976)	
Train Epoch-23  Iter-400/706	loss 0.3025 (0.0662)	accu 0.875 (0.975)	
Train Epoch-23  Iter-425/706	loss 0.3981 (0.0677)	accu 0.875 (0.974)	
Train Epoch-23  Iter-450/706	loss 0.0077 (0.0664)	accu 1.000 (0.975)	
Train Epoch-23  Iter-475/706	loss 0.0936 (0.0661)	accu 0.875 (0.975)	
Train Epoch-23  Iter-500/706	loss 0.0303 (0.0668)	accu 1.000 (0.974)	
Train Epoch-23  Iter-525/706	loss 0.0023 (0.0664)	accu 1.000 (0.975)	
Train Epoch-23  Iter-550/706	loss 0.0114 (0.0668)	accu 1.000 (0.975)	
Train Epoch-23  Iter-575/706	loss 0.0075 (0.0676)	accu 1.000 (0.974)	
Train Epoch-23  Iter-600/706	loss 0.0047 (0.0676)	accu 1.000 (0.974)	
Train Epoch-23  Iter-625/706	loss 0.0199 (0.0684)	accu 1.000 (0.974)	
Train Epoch-23  Iter-650/706	loss 0.0010 (0.0674)	accu 1.000 (0.974)	
Train Epoch-23  Iter-675/706	loss 0.0198 (0.0665)	accu 1.000 (0.975)	
Train Epoch-23  Iter-700/706	loss 0.0932 (0.0676)	accu 0.875 (0.974)	
Eval Epoch-23  Iter-0  /52 	loss 0.7532 (0.7532)	accu 0.750 (0.750)	
Eval Epoch-23  Iter-25 /52 	loss 0.0023 (0.7311)	accu 1.000 (0.740)	
Eval Epoch-23  Iter-50 /52 	loss 1.7579 (0.7898)	accu 0.500 (0.755)	
Epoch-23  Train: loss 0.0678	accu 0.9734	Eval: loss 0.8305	accu 0.7476
Train Epoch-24  Iter-0  /706	loss 0.0921 (0.0921)	accu 0.875 (0.875)	
Train Epoch-24  Iter-25 /706	loss 0.1189 (0.0485)	accu 1.000 (0.976)	
Train Epoch-24  Iter-50 /706	loss 0.3740 (0.0744)	accu 0.875 (0.968)	
Train Epoch-24  Iter-75 /706	loss 0.0040 (0.0691)	accu 1.000 (0.969)	
Train Epoch-24  Iter-100/706	loss 0.0555 (0.0733)	accu 1.000 (0.967)	
Train Epoch-24  Iter-125/706	loss 0.3866 (0.0791)	accu 0.875 (0.966)	
Train Epoch-24  Iter-150/706	loss 0.0519 (0.0809)	accu 1.000 (0.967)	
Train Epoch-24  Iter-175/706	loss 0.1815 (0.0825)	accu 0.875 (0.964)	
Train Epoch-24  Iter-200/706	loss 0.0197 (0.0832)	accu 1.000 (0.965)	
Train Epoch-24  Iter-225/706	loss 0.0870 (0.0819)	accu 1.000 (0.966)	
Train Epoch-24  Iter-250/706	loss 0.1020 (0.0832)	accu 1.000 (0.966)	
Train Epoch-24  Iter-275/706	loss 0.0029 (0.0794)	accu 1.000 (0.968)	
Train Epoch-24  Iter-300/706	loss 0.0276 (0.0750)	accu 1.000 (0.970)	
Train Epoch-24  Iter-325/706	loss 0.0177 (0.0736)	accu 1.000 (0.970)	
Train Epoch-24  Iter-350/706	loss 0.0554 (0.0742)	accu 1.000 (0.970)	
Train Epoch-24  Iter-375/706	loss 0.0029 (0.0739)	accu 1.000 (0.970)	
Train Epoch-24  Iter-400/706	loss 0.0359 (0.0714)	accu 1.000 (0.972)	
Train Epoch-24  Iter-425/706	loss 0.2767 (0.0724)	accu 0.875 (0.971)	
Train Epoch-24  Iter-450/706	loss 0.0091 (0.0697)	accu 1.000 (0.972)	
Train Epoch-24  Iter-475/706	loss 0.0025 (0.0714)	accu 1.000 (0.971)	
Train Epoch-24  Iter-500/706	loss 0.2317 (0.0704)	accu 0.875 (0.971)	
Train Epoch-24  Iter-525/706	loss 0.0043 (0.0687)	accu 1.000 (0.972)	
Train Epoch-24  Iter-550/706	loss 0.0156 (0.0684)	accu 1.000 (0.972)	
Train Epoch-24  Iter-575/706	loss 0.0215 (0.0679)	accu 1.000 (0.973)	
Train Epoch-24  Iter-600/706	loss 0.0006 (0.0676)	accu 1.000 (0.973)	
Train Epoch-24  Iter-625/706	loss 0.0898 (0.0681)	accu 1.000 (0.974)	
Train Epoch-24  Iter-650/706	loss 0.0190 (0.0687)	accu 1.000 (0.974)	
Train Epoch-24  Iter-675/706	loss 0.0905 (0.0683)	accu 0.875 (0.974)	
Train Epoch-24  Iter-700/706	loss 0.0462 (0.0689)	accu 1.000 (0.973)	
Eval Epoch-24  Iter-0  /52 	loss 0.7469 (0.7469)	accu 0.750 (0.750)	
Eval Epoch-24  Iter-25 /52 	loss 0.0023 (0.7259)	accu 1.000 (0.740)	
Eval Epoch-24  Iter-50 /52 	loss 1.7774 (0.7884)	accu 0.500 (0.755)	
Epoch-24  Train: loss 0.0685	accu 0.9736	Eval: loss 0.8295	accu 0.7476
Train Epoch-25  Iter-0  /706	loss 0.0176 (0.0176)	accu 1.000 (1.000)	
Train Epoch-25  Iter-25 /706	loss 0.0016 (0.0434)	accu 1.000 (0.981)	
Train Epoch-25  Iter-50 /706	loss 0.2402 (0.0614)	accu 0.875 (0.973)	
Train Epoch-25  Iter-75 /706	loss 0.0258 (0.0554)	accu 1.000 (0.975)	
Train Epoch-25  Iter-100/706	loss 0.0319 (0.0489)	accu 1.000 (0.980)	
Train Epoch-25  Iter-125/706	loss 0.4209 (0.0593)	accu 0.750 (0.976)	
Train Epoch-25  Iter-150/706	loss 0.0238 (0.0580)	accu 1.000 (0.978)	
Train Epoch-25  Iter-175/706	loss 0.0321 (0.0637)	accu 1.000 (0.977)	
Train Epoch-25  Iter-200/706	loss 0.2353 (0.0652)	accu 0.875 (0.974)	
Train Epoch-25  Iter-225/706	loss 0.0072 (0.0669)	accu 1.000 (0.972)	
Train Epoch-25  Iter-250/706	loss 0.0106 (0.0685)	accu 1.000 (0.971)	
Train Epoch-25  Iter-275/706	loss 0.0401 (0.0671)	accu 1.000 (0.972)	
Train Epoch-25  Iter-300/706	loss 0.0693 (0.0676)	accu 1.000 (0.972)	
Train Epoch-25  Iter-325/706	loss 0.0450 (0.0665)	accu 1.000 (0.973)	
Train Epoch-25  Iter-350/706	loss 0.0747 (0.0657)	accu 1.000 (0.974)	
Train Epoch-25  Iter-375/706	loss 0.0031 (0.0640)	accu 1.000 (0.975)	
Train Epoch-25  Iter-400/706	loss 0.2207 (0.0634)	accu 0.875 (0.976)	
Train Epoch-25  Iter-425/706	loss 0.0660 (0.0620)	accu 1.000 (0.976)	
Train Epoch-25  Iter-450/706	loss 0.0023 (0.0642)	accu 1.000 (0.975)	
Train Epoch-25  Iter-475/706	loss 0.1808 (0.0654)	accu 0.875 (0.974)	
Train Epoch-25  Iter-500/706	loss 0.0018 (0.0657)	accu 1.000 (0.973)	
Train Epoch-25  Iter-525/706	loss 0.0072 (0.0654)	accu 1.000 (0.974)	
Train Epoch-25  Iter-550/706	loss 0.0789 (0.0662)	accu 1.000 (0.973)	
Train Epoch-25  Iter-575/706	loss 0.0030 (0.0659)	accu 1.000 (0.973)	
Train Epoch-25  Iter-600/706	loss 0.3935 (0.0659)	accu 0.875 (0.973)	
Train Epoch-25  Iter-625/706	loss 0.0016 (0.0665)	accu 1.000 (0.973)	
Train Epoch-25  Iter-650/706	loss 0.0022 (0.0670)	accu 1.000 (0.973)	
Train Epoch-25  Iter-675/706	loss 0.0093 (0.0680)	accu 1.000 (0.972)	
Train Epoch-25  Iter-700/706	loss 0.2123 (0.0679)	accu 0.875 (0.973)	
Eval Epoch-25  Iter-0  /52 	loss 0.7409 (0.7409)	accu 0.750 (0.750)	
Eval Epoch-25  Iter-25 /52 	loss 0.0022 (0.7193)	accu 1.000 (0.745)	
Eval Epoch-25  Iter-50 /52 	loss 1.8051 (0.7872)	accu 0.500 (0.757)	
Epoch-25  Train: loss 0.0679	accu 0.9726	Eval: loss 0.8288	accu 0.7500
Train Epoch-26  Iter-0  /706	loss 0.0005 (0.0005)	accu 1.000 (1.000)	
Train Epoch-26  Iter-25 /706	loss 0.1086 (0.1222)	accu 1.000 (0.947)	
Train Epoch-26  Iter-50 /706	loss 0.0241 (0.1135)	accu 1.000 (0.953)	
Train Epoch-26  Iter-75 /706	loss 0.0062 (0.0901)	accu 1.000 (0.964)	
Train Epoch-26  Iter-100/706	loss 0.0195 (0.0746)	accu 1.000 (0.972)	
Train Epoch-26  Iter-125/706	loss 0.0037 (0.0723)	accu 1.000 (0.974)	
Train Epoch-26  Iter-150/706	loss 0.0025 (0.0678)	accu 1.000 (0.977)	
Train Epoch-26  Iter-175/706	loss 0.0204 (0.0656)	accu 1.000 (0.977)	
Train Epoch-26  Iter-200/706	loss 0.0031 (0.0675)	accu 1.000 (0.976)	
Train Epoch-26  Iter-225/706	loss 0.0726 (0.0675)	accu 1.000 (0.976)	
Train Epoch-26  Iter-250/706	loss 0.0140 (0.0688)	accu 1.000 (0.976)	
Train Epoch-26  Iter-275/706	loss 0.0808 (0.0717)	accu 1.000 (0.975)	
Train Epoch-26  Iter-300/706	loss 0.0011 (0.0716)	accu 1.000 (0.974)	
Train Epoch-26  Iter-325/706	loss 0.0385 (0.0714)	accu 1.000 (0.974)	
Train Epoch-26  Iter-350/706	loss 0.0078 (0.0693)	accu 1.000 (0.975)	
Train Epoch-26  Iter-375/706	loss 0.0020 (0.0706)	accu 1.000 (0.975)	
Train Epoch-26  Iter-400/706	loss 0.1368 (0.0704)	accu 0.875 (0.974)	
Train Epoch-26  Iter-425/706	loss 0.1804 (0.0725)	accu 0.875 (0.973)	
Train Epoch-26  Iter-450/706	loss 0.0014 (0.0713)	accu 1.000 (0.973)	
Train Epoch-26  Iter-475/706	loss 0.0012 (0.0688)	accu 1.000 (0.974)	
Train Epoch-26  Iter-500/706	loss 0.0096 (0.0669)	accu 1.000 (0.975)	
Train Epoch-26  Iter-525/706	loss 0.0299 (0.0668)	accu 1.000 (0.975)	
Train Epoch-26  Iter-550/706	loss 0.0983 (0.0666)	accu 0.875 (0.975)	
Train Epoch-26  Iter-575/706	loss 0.0177 (0.0685)	accu 1.000 (0.974)	
Train Epoch-26  Iter-600/706	loss 0.1488 (0.0696)	accu 0.875 (0.973)	
Train Epoch-26  Iter-625/706	loss 0.0255 (0.0683)	accu 1.000 (0.974)	
Train Epoch-26  Iter-650/706	loss 0.0018 (0.0680)	accu 1.000 (0.974)	
Train Epoch-26  Iter-675/706	loss 0.4596 (0.0679)	accu 0.875 (0.974)	
Train Epoch-26  Iter-700/706	loss 0.3803 (0.0686)	accu 0.875 (0.974)	
Eval Epoch-26  Iter-0  /52 	loss 0.7373 (0.7373)	accu 0.750 (0.750)	
Eval Epoch-26  Iter-25 /52 	loss 0.0021 (0.7134)	accu 1.000 (0.745)	
Eval Epoch-26  Iter-50 /52 	loss 1.8172 (0.7851)	accu 0.500 (0.757)	
Epoch-26  Train: loss 0.0687	accu 0.9738	Eval: loss 0.8270	accu 0.7500
Train Epoch-27  Iter-0  /706	loss 0.0066 (0.0066)	accu 1.000 (1.000)	
Train Epoch-27  Iter-25 /706	loss 0.0166 (0.0754)	accu 1.000 (0.976)	
Train Epoch-27  Iter-50 /706	loss 0.0926 (0.0660)	accu 0.875 (0.975)	
Train Epoch-27  Iter-75 /706	loss 0.0056 (0.0591)	accu 1.000 (0.980)	
Train Epoch-27  Iter-100/706	loss 0.3352 (0.0663)	accu 0.875 (0.978)	
Train Epoch-27  Iter-125/706	loss 0.0403 (0.0703)	accu 1.000 (0.973)	
Train Epoch-27  Iter-150/706	loss 0.5931 (0.0733)	accu 0.875 (0.974)	
Train Epoch-27  Iter-175/706	loss 0.0561 (0.0742)	accu 1.000 (0.973)	
Train Epoch-27  Iter-200/706	loss 0.1232 (0.0722)	accu 0.875 (0.973)	
Train Epoch-27  Iter-225/706	loss 0.0015 (0.0700)	accu 1.000 (0.975)	
Train Epoch-27  Iter-250/706	loss 0.0316 (0.0742)	accu 1.000 (0.974)	
Train Epoch-27  Iter-275/706	loss 0.0156 (0.0746)	accu 1.000 (0.974)	
Train Epoch-27  Iter-300/706	loss 0.0071 (0.0765)	accu 1.000 (0.974)	
Train Epoch-27  Iter-325/706	loss 0.0201 (0.0767)	accu 1.000 (0.973)	
Train Epoch-27  Iter-350/706	loss 0.0011 (0.0778)	accu 1.000 (0.972)	
Train Epoch-27  Iter-375/706	loss 0.0096 (0.0792)	accu 1.000 (0.971)	
Train Epoch-27  Iter-400/706	loss 0.0083 (0.0800)	accu 1.000 (0.971)	
Train Epoch-27  Iter-425/706	loss 0.0079 (0.0776)	accu 1.000 (0.971)	
Train Epoch-27  Iter-450/706	loss 0.0312 (0.0773)	accu 1.000 (0.971)	
Train Epoch-27  Iter-475/706	loss 0.0174 (0.0771)	accu 1.000 (0.971)	
Train Epoch-27  Iter-500/706	loss 0.0726 (0.0759)	accu 1.000 (0.971)	
Train Epoch-27  Iter-525/706	loss 0.1288 (0.0762)	accu 0.875 (0.971)	
Train Epoch-27  Iter-550/706	loss 0.1946 (0.0739)	accu 0.875 (0.972)	
Train Epoch-27  Iter-575/706	loss 0.0114 (0.0742)	accu 1.000 (0.972)	
Train Epoch-27  Iter-600/706	loss 0.0114 (0.0741)	accu 1.000 (0.972)	
Train Epoch-27  Iter-625/706	loss 0.0439 (0.0732)	accu 1.000 (0.972)	
Train Epoch-27  Iter-650/706	loss 0.0976 (0.0737)	accu 1.000 (0.972)	
Train Epoch-27  Iter-675/706	loss 0.0166 (0.0737)	accu 1.000 (0.972)	
Train Epoch-27  Iter-700/706	loss 0.0031 (0.0730)	accu 1.000 (0.972)	
Eval Epoch-27  Iter-0  /52 	loss 0.7339 (0.7339)	accu 0.750 (0.750)	
Eval Epoch-27  Iter-25 /52 	loss 0.0021 (0.7097)	accu 1.000 (0.745)	
Eval Epoch-27  Iter-50 /52 	loss 1.8233 (0.7835)	accu 0.500 (0.757)	
Epoch-27  Train: loss 0.0726	accu 0.9722	Eval: loss 0.8255	accu 0.7500
Epoch    28: reducing learning rate of group 0 to 3.0000e-08.
Train Epoch-28  Iter-0  /706	loss 0.0286 (0.0286)	accu 1.000 (1.000)	
Train Epoch-28  Iter-25 /706	loss 0.0050 (0.0417)	accu 1.000 (0.986)	
Train Epoch-28  Iter-50 /706	loss 0.0368 (0.0549)	accu 1.000 (0.975)	
Train Epoch-28  Iter-75 /706	loss 0.4686 (0.0674)	accu 0.875 (0.969)	
Train Epoch-28  Iter-100/706	loss 0.0106 (0.0636)	accu 1.000 (0.973)	
Train Epoch-28  Iter-125/706	loss 0.0467 (0.0626)	accu 1.000 (0.972)	
Train Epoch-28  Iter-150/706	loss 0.0301 (0.0691)	accu 1.000 (0.970)	
Train Epoch-28  Iter-175/706	loss 0.0502 (0.0663)	accu 1.000 (0.972)	
Train Epoch-28  Iter-200/706	loss 0.3131 (0.0655)	accu 0.875 (0.973)	
Train Epoch-28  Iter-225/706	loss 0.0101 (0.0669)	accu 1.000 (0.973)	
Train Epoch-28  Iter-250/706	loss 0.1024 (0.0673)	accu 0.875 (0.973)	
Train Epoch-28  Iter-275/706	loss 0.0032 (0.0644)	accu 1.000 (0.974)	
Train Epoch-28  Iter-300/706	loss 0.1062 (0.0645)	accu 1.000 (0.973)	
Train Epoch-28  Iter-325/706	loss 0.1137 (0.0646)	accu 0.875 (0.973)	
Train Epoch-28  Iter-350/706	loss 0.1121 (0.0631)	accu 0.875 (0.974)	
Train Epoch-28  Iter-375/706	loss 0.0112 (0.0622)	accu 1.000 (0.974)	
Train Epoch-28  Iter-400/706	loss 0.0142 (0.0617)	accu 1.000 (0.974)	
Train Epoch-28  Iter-425/706	loss 0.0312 (0.0625)	accu 1.000 (0.975)	
Train Epoch-28  Iter-450/706	loss 0.0055 (0.0620)	accu 1.000 (0.975)	
Train Epoch-28  Iter-475/706	loss 0.0043 (0.0617)	accu 1.000 (0.975)	
Train Epoch-28  Iter-500/706	loss 0.0178 (0.0622)	accu 1.000 (0.975)	
Train Epoch-28  Iter-525/706	loss 0.0173 (0.0621)	accu 1.000 (0.975)	
Train Epoch-28  Iter-550/706	loss 0.1925 (0.0610)	accu 0.750 (0.975)	
Train Epoch-28  Iter-575/706	loss 0.0892 (0.0615)	accu 0.875 (0.975)	
Train Epoch-28  Iter-600/706	loss 0.0012 (0.0613)	accu 1.000 (0.975)	
Train Epoch-28  Iter-625/706	loss 0.0048 (0.0619)	accu 1.000 (0.975)	
Train Epoch-28  Iter-650/706	loss 0.1844 (0.0627)	accu 0.875 (0.975)	
Train Epoch-28  Iter-675/706	loss 0.1544 (0.0632)	accu 1.000 (0.975)	
Train Epoch-28  Iter-700/706	loss 0.0917 (0.0624)	accu 0.875 (0.975)	
Eval Epoch-28  Iter-0  /52 	loss 0.7338 (0.7338)	accu 0.750 (0.750)	
Eval Epoch-28  Iter-25 /52 	loss 0.0021 (0.7098)	accu 1.000 (0.745)	
Eval Epoch-28  Iter-50 /52 	loss 1.8248 (0.7837)	accu 0.500 (0.757)	
Epoch-28  Train: loss 0.0631	accu 0.9743	Eval: loss 0.8258	accu 0.7500
Train Epoch-29  Iter-0  /706	loss 0.0204 (0.0204)	accu 1.000 (1.000)	
Train Epoch-29  Iter-25 /706	loss 0.0156 (0.0704)	accu 1.000 (0.976)	
Train Epoch-29  Iter-50 /706	loss 0.0739 (0.0758)	accu 1.000 (0.975)	
Train Epoch-29  Iter-75 /706	loss 0.0758 (0.0790)	accu 1.000 (0.979)	
Train Epoch-29  Iter-100/706	loss 0.0101 (0.0724)	accu 1.000 (0.979)	
Train Epoch-29  Iter-125/706	loss 0.0070 (0.0665)	accu 1.000 (0.980)	
Train Epoch-29  Iter-150/706	loss 0.1596 (0.0703)	accu 0.875 (0.977)	
Train Epoch-29  Iter-175/706	loss 0.0713 (0.0686)	accu 1.000 (0.979)	
Train Epoch-29  Iter-200/706	loss 0.0749 (0.0737)	accu 1.000 (0.976)	
Train Epoch-29  Iter-225/706	loss 0.0092 (0.0735)	accu 1.000 (0.975)	
Train Epoch-29  Iter-250/706	loss 0.2684 (0.0731)	accu 0.875 (0.974)	
Train Epoch-29  Iter-275/706	loss 0.0006 (0.0712)	accu 1.000 (0.975)	
Train Epoch-29  Iter-300/706	loss 0.0225 (0.0730)	accu 1.000 (0.975)	
Train Epoch-29  Iter-325/706	loss 0.6333 (0.0741)	accu 0.875 (0.975)	
Train Epoch-29  Iter-350/706	loss 0.0520 (0.0700)	accu 1.000 (0.976)	
Train Epoch-29  Iter-375/706	loss 0.0018 (0.0685)	accu 1.000 (0.977)	
Train Epoch-29  Iter-400/706	loss 0.3683 (0.0686)	accu 0.750 (0.976)	
Train Epoch-29  Iter-425/706	loss 0.0555 (0.0698)	accu 1.000 (0.976)	
Train Epoch-29  Iter-450/706	loss 0.1869 (0.0676)	accu 0.875 (0.976)	
Train Epoch-29  Iter-475/706	loss 0.0870 (0.0688)	accu 1.000 (0.976)	
Train Epoch-29  Iter-500/706	loss 0.3552 (0.0697)	accu 0.750 (0.975)	
Train Epoch-29  Iter-525/706	loss 0.0246 (0.0688)	accu 1.000 (0.975)	
Train Epoch-29  Iter-550/706	loss 0.0137 (0.0681)	accu 1.000 (0.975)	
Train Epoch-29  Iter-575/706	loss 0.0090 (0.0686)	accu 1.000 (0.975)	
Train Epoch-29  Iter-600/706	loss 0.0988 (0.0691)	accu 0.875 (0.974)	
Train Epoch-29  Iter-625/706	loss 0.0924 (0.0702)	accu 0.875 (0.973)	
Train Epoch-29  Iter-650/706	loss 0.0155 (0.0717)	accu 1.000 (0.972)	
Train Epoch-29  Iter-675/706	loss 0.1159 (0.0713)	accu 0.875 (0.972)	
Train Epoch-29  Iter-700/706	loss 0.1097 (0.0709)	accu 1.000 (0.972)	
Eval Epoch-29  Iter-0  /52 	loss 0.7328 (0.7328)	accu 0.750 (0.750)	
Eval Epoch-29  Iter-25 /52 	loss 0.0021 (0.7092)	accu 1.000 (0.745)	
Eval Epoch-29  Iter-50 /52 	loss 1.8257 (0.7834)	accu 0.500 (0.757)	
Epoch-29  Train: loss 0.0705	accu 0.9724	Eval: loss 0.8255	accu 0.7500
Eval Epoch-0   Iter-0  /52 	loss 0.3037 (0.3037)	accu 0.875 (0.875)	
Eval Epoch-0   Iter-25 /52 	loss 0.0104 (0.1363)	accu 1.000 (0.952)	
Eval Epoch-0   Iter-50 /52 	loss 1.9301 (0.4422)	accu 0.375 (0.841)	
Eval: loss 0.4428	accu 0.8389
Test Epoch-0   Iter-0  /59 	loss 1.0015 (1.0015)	accu 0.625 (0.625)	
Test Epoch-0   Iter-25 /59 	loss 0.0366 (0.3842)	accu 1.000 (0.861)	
Test Epoch-0   Iter-50 /59 	loss 1.1527 (0.6091)	accu 0.625 (0.784)	
Test: loss 0.6806	accu 0.7648
wandb: Waiting for W&B process to finish... (success).
wandb: 
wandb: Run history:
wandb:   Eval Acc ▆▁▃█▆▁▆▅▆▆▆▅▅▅▅▅▅▅▅▅▅▅▅▅▅▅▅▅▅▅
wandb:  Eval Loss ▂▃▅▁▃▇▃█▃▂▃▄▄▄▅▄▄▅▅▅▅▅▅▅▅▅▅▅▅▅
wandb:  Train Acc ▁▄▅▅▅▇▇▇▇▇████████████████████
wandb: Train Loss █▆▄▄▄▃▃▃▂▂▂▂▁▁▁▁▁▁▁▁▁▁▁▁▁▁▁▁▁▁
wandb: 
wandb: Run summary:
wandb:   Eval Acc 0.75
wandb:  Eval Loss 0.82552
wandb:  Train Acc 0.97238
wandb: Train Loss 0.07046
wandb: 
wandb: 🚀 View run eager-tree-265 at: https://wandb.ai/is_project/vision_models/runs/4dnc2wwt
wandb: Synced 6 W&B file(s), 0 media file(s), 0 artifact file(s) and 0 other file(s)
wandb: Find logs at: ./wandb/run-20230612_181636-4dnc2wwt/logs
