Namespace(add_comment=True, add_description=False, add_other_comments=False, add_title=False, add_transcription=True, add_video=True, batch_size=8, clip_embeedings_path='data/CLIP_embeddings', debug=False, desc_keyphrase_extract=False, desc_token_count=100, freeze_lf_layers=23, gpu='5', lr=0.0003, max_epochs=30, max_len=512, metadata_path='data/extra_data_trans.csv', model='bert-large-cased', multitask=False, num_workers=0, other_comments_path='data/extra_data_other_comments.csv', other_comments_token_count=300, pad_metadata=True, remove_none=False, test_question_file='data/with_aug_ttv/test.csv', title_token_count=50, train_question_file='data/with_aug_ttv/train.csv', transcript_keyphrase_extract=True, transcript_token_count=512, validation_question_file='data/with_aug_ttv/eval.csv', video_path='data/videos/', work_dir='model_comment/')
wandb: Currently logged in as: shrey2809 (is_project). Use `wandb login --relogin` to force relogin
wandb: Tracking run with wandb version 0.15.4
wandb: Run data is saved locally in /scratch/AzureNfsServer_INPUT1/vc_data/users/gmanish/multiModalHate/IS-Hate-Speech/wandb/run-20230612_180846-l7g6r5tq
wandb: Run `wandb offline` to turn off syncing.
wandb: Syncing run swift-haze-246
wandb: ⭐️ View project at https://wandb.ai/is_project/vision_models
wandb: 🚀 View run at https://wandb.ai/is_project/vision_models/runs/l7g6r5tq
number of available devices: 1
obtained dataloaders
Some weights of the model checkpoint at bert-large-cased were not used when initializing BertModel: ['cls.seq_relationship.bias', 'cls.predictions.transform.LayerNorm.bias', 'cls.predictions.decoder.weight', 'cls.predictions.bias', 'cls.seq_relationship.weight', 'cls.predictions.transform.dense.bias', 'cls.predictions.transform.LayerNorm.weight', 'cls.predictions.transform.dense.weight']
- This IS expected if you are initializing BertModel from the checkpoint of a model trained on another task or with another architecture (e.g. initializing a BertForSequenceClassification model from a BertForPreTraining model).
- This IS NOT expected if you are initializing BertModel from the checkpoint of a model that you expect to be exactly identical (initializing a BertForSequenceClassification model from a BertForSequenceClassification model).
loaded models
Train Epoch-0   Iter-0  /706	loss 0.7125 (0.7125)	accu 0.625 (0.625)	
Train Epoch-0   Iter-25 /706	loss 1.1325 (0.6944)	accu 0.250 (0.577)	
Train Epoch-0   Iter-50 /706	loss 0.6676 (0.6821)	accu 0.750 (0.605)	
Train Epoch-0   Iter-75 /706	loss 0.4390 (0.6621)	accu 0.875 (0.623)	
Train Epoch-0   Iter-100/706	loss 0.2946 (0.6320)	accu 1.000 (0.645)	
Train Epoch-0   Iter-125/706	loss 0.7852 (0.5960)	accu 0.500 (0.675)	
Train Epoch-0   Iter-150/706	loss 0.3009 (0.5850)	accu 0.875 (0.686)	
Train Epoch-0   Iter-175/706	loss 0.0652 (0.5523)	accu 1.000 (0.711)	
Train Epoch-0   Iter-200/706	loss 0.1779 (0.5288)	accu 1.000 (0.729)	
Train Epoch-0   Iter-225/706	loss 0.6118 (0.5133)	accu 0.625 (0.743)	
Train Epoch-0   Iter-250/706	loss 0.2483 (0.4987)	accu 0.875 (0.756)	
Train Epoch-0   Iter-275/706	loss 0.2589 (0.4859)	accu 0.875 (0.764)	
Train Epoch-0   Iter-300/706	loss 0.2723 (0.4661)	accu 0.875 (0.777)	
Train Epoch-0   Iter-325/706	loss 0.5851 (0.4532)	accu 0.750 (0.786)	
Train Epoch-0   Iter-350/706	loss 0.4785 (0.4494)	accu 0.750 (0.791)	
Train Epoch-0   Iter-375/706	loss 0.0619 (0.4381)	accu 1.000 (0.798)	
Train Epoch-0   Iter-400/706	loss 0.3340 (0.4296)	accu 0.875 (0.802)	
Train Epoch-0   Iter-425/706	loss 0.9988 (0.4224)	accu 0.500 (0.806)	
Train Epoch-0   Iter-450/706	loss 0.1936 (0.4142)	accu 0.875 (0.811)	
Train Epoch-0   Iter-475/706	loss 0.6618 (0.4029)	accu 0.750 (0.817)	
Train Epoch-0   Iter-500/706	loss 0.1773 (0.3967)	accu 0.875 (0.822)	
Train Epoch-0   Iter-525/706	loss 0.5206 (0.3906)	accu 0.875 (0.824)	
Train Epoch-0   Iter-550/706	loss 0.0157 (0.3810)	accu 1.000 (0.830)	
Train Epoch-0   Iter-575/706	loss 0.1478 (0.3748)	accu 0.875 (0.832)	
Train Epoch-0   Iter-600/706	loss 0.2871 (0.3714)	accu 0.750 (0.834)	
Train Epoch-0   Iter-625/706	loss 0.0151 (0.3651)	accu 1.000 (0.838)	
Train Epoch-0   Iter-650/706	loss 0.0539 (0.3604)	accu 1.000 (0.841)	
Train Epoch-0   Iter-675/706	loss 0.0950 (0.3548)	accu 1.000 (0.844)	
Train Epoch-0   Iter-700/706	loss 0.0602 (0.3522)	accu 1.000 (0.845)	
Eval Epoch-0   Iter-0  /52 	loss 1.1469 (1.1469)	accu 0.625 (0.625)	
Eval Epoch-0   Iter-25 /52 	loss 0.2080 (0.5932)	accu 1.000 (0.774)	
Eval Epoch-0   Iter-50 /52 	loss 1.4547 (0.7003)	accu 0.500 (0.728)	
Epoch-0   Train: loss 0.3506	accu 0.8463	Eval: loss 0.7244	accu 0.7236
Train Epoch-1   Iter-0  /706	loss 0.3060 (0.3060)	accu 0.875 (0.875)	
Train Epoch-1   Iter-25 /706	loss 0.1996 (0.2399)	accu 0.875 (0.904)	
Train Epoch-1   Iter-50 /706	loss 0.0079 (0.2099)	accu 1.000 (0.919)	
Train Epoch-1   Iter-75 /706	loss 0.0686 (0.2278)	accu 1.000 (0.913)	
Train Epoch-1   Iter-100/706	loss 0.0780 (0.2210)	accu 1.000 (0.918)	
Train Epoch-1   Iter-125/706	loss 0.1073 (0.2096)	accu 1.000 (0.927)	
Train Epoch-1   Iter-150/706	loss 0.2303 (0.2301)	accu 0.875 (0.917)	
Train Epoch-1   Iter-175/706	loss 0.3778 (0.2364)	accu 0.875 (0.916)	
Train Epoch-1   Iter-200/706	loss 0.2939 (0.2284)	accu 0.875 (0.919)	
Train Epoch-1   Iter-225/706	loss 0.0949 (0.2288)	accu 1.000 (0.919)	
Train Epoch-1   Iter-250/706	loss 0.6734 (0.2210)	accu 0.875 (0.922)	
Train Epoch-1   Iter-275/706	loss 0.1465 (0.2218)	accu 1.000 (0.921)	
Train Epoch-1   Iter-300/706	loss 0.4228 (0.2272)	accu 0.875 (0.918)	
Train Epoch-1   Iter-325/706	loss 0.4818 (0.2350)	accu 0.875 (0.913)	
Train Epoch-1   Iter-350/706	loss 0.4414 (0.2419)	accu 0.625 (0.911)	
Train Epoch-1   Iter-375/706	loss 0.0625 (0.2391)	accu 1.000 (0.913)	
Train Epoch-1   Iter-400/706	loss 0.2510 (0.2389)	accu 0.750 (0.911)	
Train Epoch-1   Iter-425/706	loss 0.1446 (0.2393)	accu 0.875 (0.912)	
Train Epoch-1   Iter-450/706	loss 0.2252 (0.2400)	accu 0.875 (0.910)	
Train Epoch-1   Iter-475/706	loss 0.5163 (0.2393)	accu 0.875 (0.911)	
Train Epoch-1   Iter-500/706	loss 0.2121 (0.2381)	accu 0.875 (0.910)	
Train Epoch-1   Iter-525/706	loss 0.4867 (0.2402)	accu 0.750 (0.909)	
Train Epoch-1   Iter-550/706	loss 0.1670 (0.2389)	accu 1.000 (0.911)	
Train Epoch-1   Iter-575/706	loss 0.3049 (0.2402)	accu 0.750 (0.910)	
Train Epoch-1   Iter-600/706	loss 0.0768 (0.2374)	accu 1.000 (0.911)	
Train Epoch-1   Iter-625/706	loss 0.8737 (0.2410)	accu 0.625 (0.911)	
Train Epoch-1   Iter-650/706	loss 0.0451 (0.2399)	accu 1.000 (0.911)	
Train Epoch-1   Iter-675/706	loss 0.1883 (0.2380)	accu 0.875 (0.911)	
Train Epoch-1   Iter-700/706	loss 0.2305 (0.2364)	accu 0.875 (0.911)	
Eval Epoch-1   Iter-0  /52 	loss 0.9317 (0.9317)	accu 0.625 (0.625)	
Eval Epoch-1   Iter-25 /52 	loss 0.0978 (0.5697)	accu 1.000 (0.764)	
Eval Epoch-1   Iter-50 /52 	loss 0.6933 (0.6603)	accu 0.625 (0.706)	
Epoch-1   Train: loss 0.2362	accu 0.9113	Eval: loss 0.6705	accu 0.7019
Train Epoch-2   Iter-0  /706	loss 0.0558 (0.0558)	accu 1.000 (1.000)	
Train Epoch-2   Iter-25 /706	loss 0.1639 (0.2088)	accu 1.000 (0.947)	
Train Epoch-2   Iter-50 /706	loss 0.4484 (0.2116)	accu 0.750 (0.934)	
Train Epoch-2   Iter-75 /706	loss 0.0388 (0.1979)	accu 1.000 (0.941)	
Train Epoch-2   Iter-100/706	loss 0.3952 (0.2033)	accu 0.750 (0.937)	
Train Epoch-2   Iter-125/706	loss 0.0409 (0.2067)	accu 1.000 (0.934)	
Train Epoch-2   Iter-150/706	loss 0.0853 (0.2094)	accu 1.000 (0.930)	
Train Epoch-2   Iter-175/706	loss 0.3116 (0.2130)	accu 0.875 (0.927)	
Train Epoch-2   Iter-200/706	loss 0.1199 (0.2208)	accu 1.000 (0.920)	
Train Epoch-2   Iter-225/706	loss 0.0130 (0.2135)	accu 1.000 (0.923)	
Train Epoch-2   Iter-250/706	loss 0.1113 (0.2174)	accu 1.000 (0.923)	
Train Epoch-2   Iter-275/706	loss 0.4517 (0.2198)	accu 0.875 (0.921)	
Train Epoch-2   Iter-300/706	loss 0.2879 (0.2133)	accu 0.875 (0.924)	
Train Epoch-2   Iter-325/706	loss 0.5931 (0.2091)	accu 0.875 (0.923)	
Train Epoch-2   Iter-350/706	loss 0.1963 (0.2084)	accu 0.875 (0.924)	
Train Epoch-2   Iter-375/706	loss 0.1367 (0.2067)	accu 1.000 (0.925)	
Train Epoch-2   Iter-400/706	loss 0.0639 (0.2033)	accu 1.000 (0.925)	
Train Epoch-2   Iter-425/706	loss 0.0766 (0.2047)	accu 1.000 (0.924)	
Train Epoch-2   Iter-450/706	loss 0.0370 (0.2029)	accu 1.000 (0.924)	
Train Epoch-2   Iter-475/706	loss 0.2525 (0.2042)	accu 0.750 (0.922)	
Train Epoch-2   Iter-500/706	loss 0.1743 (0.2047)	accu 0.875 (0.922)	
Train Epoch-2   Iter-525/706	loss 0.0151 (0.2017)	accu 1.000 (0.923)	
Train Epoch-2   Iter-550/706	loss 0.0115 (0.1994)	accu 1.000 (0.924)	
Train Epoch-2   Iter-575/706	loss 0.1470 (0.1997)	accu 0.875 (0.924)	
Train Epoch-2   Iter-600/706	loss 0.0213 (0.1965)	accu 1.000 (0.926)	
Train Epoch-2   Iter-625/706	loss 0.1789 (0.1937)	accu 0.875 (0.927)	
Train Epoch-2   Iter-650/706	loss 0.0067 (0.1910)	accu 1.000 (0.927)	
Train Epoch-2   Iter-675/706	loss 0.1886 (0.1946)	accu 1.000 (0.926)	
Train Epoch-2   Iter-700/706	loss 0.2146 (0.1936)	accu 0.750 (0.926)	
Eval Epoch-2   Iter-0  /52 	loss 0.4079 (0.4079)	accu 0.750 (0.750)	
Eval Epoch-2   Iter-25 /52 	loss 0.1293 (0.8592)	accu 0.875 (0.615)	
Eval Epoch-2   Iter-50 /52 	loss 1.9090 (0.9026)	accu 0.500 (0.669)	
Epoch-2   Train: loss 0.1928	accu 0.9262	Eval: loss 0.8990	accu 0.6707
Train Epoch-3   Iter-0  /706	loss 0.1330 (0.1330)	accu 0.875 (0.875)	
Train Epoch-3   Iter-25 /706	loss 0.0939 (0.1840)	accu 1.000 (0.909)	
Train Epoch-3   Iter-50 /706	loss 0.0424 (0.1950)	accu 1.000 (0.926)	
Train Epoch-3   Iter-75 /706	loss 0.0279 (0.1981)	accu 1.000 (0.928)	
Train Epoch-3   Iter-100/706	loss 0.0387 (0.1939)	accu 1.000 (0.929)	
Train Epoch-3   Iter-125/706	loss 0.0751 (0.1828)	accu 1.000 (0.936)	
Train Epoch-3   Iter-150/706	loss 0.0117 (0.1796)	accu 1.000 (0.935)	
Train Epoch-3   Iter-175/706	loss 0.0596 (0.1778)	accu 1.000 (0.938)	
Train Epoch-3   Iter-200/706	loss 0.1038 (0.1796)	accu 1.000 (0.938)	
Train Epoch-3   Iter-225/706	loss 0.2049 (0.1750)	accu 0.875 (0.940)	
Train Epoch-3   Iter-250/706	loss 0.5721 (0.1718)	accu 0.750 (0.940)	
Train Epoch-3   Iter-275/706	loss 0.2548 (0.1732)	accu 0.875 (0.939)	
Train Epoch-3   Iter-300/706	loss 0.0154 (0.1710)	accu 1.000 (0.940)	
Train Epoch-3   Iter-325/706	loss 0.2718 (0.1742)	accu 0.875 (0.939)	
Train Epoch-3   Iter-350/706	loss 0.4961 (0.1770)	accu 0.875 (0.937)	
Train Epoch-3   Iter-375/706	loss 0.5409 (0.1741)	accu 0.750 (0.938)	
Train Epoch-3   Iter-400/706	loss 0.2419 (0.1709)	accu 0.875 (0.939)	
Train Epoch-3   Iter-425/706	loss 0.0742 (0.1754)	accu 1.000 (0.937)	
Train Epoch-3   Iter-450/706	loss 0.1580 (0.1732)	accu 0.875 (0.938)	
Train Epoch-3   Iter-475/706	loss 0.1877 (0.1739)	accu 0.875 (0.937)	
Train Epoch-3   Iter-500/706	loss 0.0199 (0.1725)	accu 1.000 (0.937)	
Train Epoch-3   Iter-525/706	loss 0.0531 (0.1674)	accu 1.000 (0.939)	
Train Epoch-3   Iter-550/706	loss 0.7732 (0.1681)	accu 0.750 (0.939)	
Train Epoch-3   Iter-575/706	loss 0.0541 (0.1679)	accu 1.000 (0.939)	
Train Epoch-3   Iter-600/706	loss 0.1448 (0.1697)	accu 0.875 (0.938)	
Train Epoch-3   Iter-625/706	loss 0.8435 (0.1717)	accu 0.625 (0.938)	
Train Epoch-3   Iter-650/706	loss 0.1454 (0.1723)	accu 0.875 (0.937)	
Train Epoch-3   Iter-675/706	loss 0.6722 (0.1703)	accu 0.875 (0.938)	
Train Epoch-3   Iter-700/706	loss 0.0384 (0.1680)	accu 1.000 (0.938)	
Eval Epoch-3   Iter-0  /52 	loss 1.2309 (1.2309)	accu 0.750 (0.750)	
Eval Epoch-3   Iter-25 /52 	loss 0.1867 (0.9307)	accu 0.750 (0.615)	
Eval Epoch-3   Iter-50 /52 	loss 2.6252 (1.0907)	accu 0.625 (0.679)	
Epoch-3   Train: loss 0.1675	accu 0.9386	Eval: loss 1.1030	accu 0.6803
Train Epoch-4   Iter-0  /706	loss 0.1123 (0.1123)	accu 1.000 (1.000)	
Train Epoch-4   Iter-25 /706	loss 0.0735 (0.1642)	accu 1.000 (0.957)	
Train Epoch-4   Iter-50 /706	loss 0.0760 (0.1689)	accu 1.000 (0.953)	
Train Epoch-4   Iter-75 /706	loss 0.0145 (0.1582)	accu 1.000 (0.951)	
Train Epoch-4   Iter-100/706	loss 0.2818 (0.1745)	accu 0.750 (0.938)	
Train Epoch-4   Iter-125/706	loss 0.0713 (0.1645)	accu 1.000 (0.942)	
Train Epoch-4   Iter-150/706	loss 0.3582 (0.1655)	accu 0.875 (0.941)	
Train Epoch-4   Iter-175/706	loss 0.0273 (0.1600)	accu 1.000 (0.943)	
Train Epoch-4   Iter-200/706	loss 0.0705 (0.1600)	accu 1.000 (0.942)	
Train Epoch-4   Iter-225/706	loss 0.1836 (0.1667)	accu 0.875 (0.940)	
Train Epoch-4   Iter-250/706	loss 0.1309 (0.1666)	accu 1.000 (0.940)	
Train Epoch-4   Iter-275/706	loss 0.0607 (0.1660)	accu 1.000 (0.940)	
Train Epoch-4   Iter-300/706	loss 0.1597 (0.1689)	accu 1.000 (0.937)	
Train Epoch-4   Iter-325/706	loss 0.0767 (0.1673)	accu 1.000 (0.939)	
Train Epoch-4   Iter-350/706	loss 0.0399 (0.1615)	accu 1.000 (0.941)	
Train Epoch-4   Iter-375/706	loss 0.3199 (0.1635)	accu 0.875 (0.939)	
Train Epoch-4   Iter-400/706	loss 0.0207 (0.1625)	accu 1.000 (0.940)	
Train Epoch-4   Iter-425/706	loss 0.1345 (0.1609)	accu 1.000 (0.941)	
Train Epoch-4   Iter-450/706	loss 0.0491 (0.1620)	accu 1.000 (0.940)	
Train Epoch-4   Iter-475/706	loss 0.0243 (0.1587)	accu 1.000 (0.941)	
Train Epoch-4   Iter-500/706	loss 0.5903 (0.1617)	accu 0.750 (0.939)	
Train Epoch-4   Iter-525/706	loss 0.1121 (0.1595)	accu 0.875 (0.941)	
Train Epoch-4   Iter-550/706	loss 0.0757 (0.1592)	accu 1.000 (0.941)	
Train Epoch-4   Iter-575/706	loss 0.0052 (0.1578)	accu 1.000 (0.941)	
Train Epoch-4   Iter-600/706	loss 0.0163 (0.1600)	accu 1.000 (0.941)	
Train Epoch-4   Iter-625/706	loss 0.1338 (0.1649)	accu 1.000 (0.938)	
Train Epoch-4   Iter-650/706	loss 0.3075 (0.1653)	accu 0.875 (0.938)	
Train Epoch-4   Iter-675/706	loss 0.0071 (0.1642)	accu 1.000 (0.939)	
Train Epoch-4   Iter-700/706	loss 0.2745 (0.1620)	accu 0.875 (0.940)	
Eval Epoch-4   Iter-0  /52 	loss 1.1504 (1.1504)	accu 0.750 (0.750)	
Eval Epoch-4   Iter-25 /52 	loss 0.4422 (1.0814)	accu 0.875 (0.673)	
Eval Epoch-4   Iter-50 /52 	loss 2.2864 (1.0377)	accu 0.500 (0.681)	
Epoch-4   Train: loss 0.1627	accu 0.9396	Eval: loss 1.0386	accu 0.6803
Train Epoch-5   Iter-0  /706	loss 0.3763 (0.3763)	accu 0.875 (0.875)	
Train Epoch-5   Iter-25 /706	loss 0.1758 (0.1816)	accu 0.875 (0.942)	
Train Epoch-5   Iter-50 /706	loss 0.1336 (0.1443)	accu 0.875 (0.951)	
Train Epoch-5   Iter-75 /706	loss 0.0067 (0.1200)	accu 1.000 (0.959)	
Train Epoch-5   Iter-100/706	loss 0.2376 (0.1347)	accu 0.875 (0.948)	
Train Epoch-5   Iter-125/706	loss 0.3899 (0.1374)	accu 0.875 (0.946)	
Train Epoch-5   Iter-150/706	loss 0.1079 (0.1403)	accu 0.875 (0.945)	
Train Epoch-5   Iter-175/706	loss 0.0065 (0.1377)	accu 1.000 (0.947)	
Train Epoch-5   Iter-200/706	loss 0.0158 (0.1368)	accu 1.000 (0.948)	
Train Epoch-5   Iter-225/706	loss 0.2701 (0.1392)	accu 0.875 (0.947)	
Train Epoch-5   Iter-250/706	loss 0.1413 (0.1395)	accu 1.000 (0.947)	
Train Epoch-5   Iter-275/706	loss 0.1371 (0.1423)	accu 1.000 (0.947)	
Train Epoch-5   Iter-300/706	loss 0.0469 (0.1472)	accu 1.000 (0.946)	
Train Epoch-5   Iter-325/706	loss 0.4855 (0.1488)	accu 0.875 (0.946)	
Train Epoch-5   Iter-350/706	loss 0.0074 (0.1442)	accu 1.000 (0.947)	
Train Epoch-5   Iter-375/706	loss 0.0055 (0.1451)	accu 1.000 (0.946)	
Train Epoch-5   Iter-400/706	loss 0.2537 (0.1453)	accu 0.750 (0.946)	
Train Epoch-5   Iter-425/706	loss 0.3298 (0.1444)	accu 0.875 (0.947)	
Train Epoch-5   Iter-450/706	loss 0.0259 (0.1416)	accu 1.000 (0.947)	
Train Epoch-5   Iter-475/706	loss 0.0063 (0.1375)	accu 1.000 (0.949)	
Train Epoch-5   Iter-500/706	loss 0.2483 (0.1378)	accu 0.875 (0.948)	
Train Epoch-5   Iter-525/706	loss 0.5302 (0.1402)	accu 0.750 (0.946)	
Train Epoch-5   Iter-550/706	loss 0.1291 (0.1424)	accu 0.875 (0.946)	
Train Epoch-5   Iter-575/706	loss 0.0420 (0.1436)	accu 1.000 (0.946)	
Train Epoch-5   Iter-600/706	loss 0.0415 (0.1442)	accu 1.000 (0.946)	
Train Epoch-5   Iter-625/706	loss 0.0152 (0.1435)	accu 1.000 (0.946)	
Train Epoch-5   Iter-650/706	loss 0.4689 (0.1435)	accu 0.750 (0.946)	
Train Epoch-5   Iter-675/706	loss 0.2766 (0.1435)	accu 0.750 (0.945)	
Train Epoch-5   Iter-700/706	loss 0.1374 (0.1420)	accu 1.000 (0.945)	
Eval Epoch-5   Iter-0  /52 	loss 1.4860 (1.4860)	accu 0.750 (0.750)	
Eval Epoch-5   Iter-25 /52 	loss 0.2116 (1.3182)	accu 0.875 (0.591)	
Eval Epoch-5   Iter-50 /52 	loss 1.3465 (1.1079)	accu 0.625 (0.664)	
Epoch-5   Train: loss 0.1430	accu 0.9446	Eval: loss 1.1042	accu 0.6659
Train Epoch-6   Iter-0  /706	loss 0.0058 (0.0058)	accu 1.000 (1.000)	
Train Epoch-6   Iter-25 /706	loss 0.0318 (0.1637)	accu 1.000 (0.923)	
Train Epoch-6   Iter-50 /706	loss 0.0800 (0.1436)	accu 1.000 (0.936)	
Train Epoch-6   Iter-75 /706	loss 0.0034 (0.1168)	accu 1.000 (0.952)	
Train Epoch-6   Iter-100/706	loss 0.2819 (0.1533)	accu 0.750 (0.939)	
Train Epoch-6   Iter-125/706	loss 0.1243 (0.1541)	accu 1.000 (0.938)	
Train Epoch-6   Iter-150/706	loss 0.0583 (0.1480)	accu 1.000 (0.940)	
Train Epoch-6   Iter-175/706	loss 0.1225 (0.1496)	accu 1.000 (0.942)	
Train Epoch-6   Iter-200/706	loss 0.0166 (0.1480)	accu 1.000 (0.944)	
Train Epoch-6   Iter-225/706	loss 0.0481 (0.1453)	accu 1.000 (0.945)	
Train Epoch-6   Iter-250/706	loss 0.0363 (0.1452)	accu 1.000 (0.945)	
Train Epoch-6   Iter-275/706	loss 0.1243 (0.1451)	accu 1.000 (0.945)	
Train Epoch-6   Iter-300/706	loss 0.0044 (0.1431)	accu 1.000 (0.946)	
Train Epoch-6   Iter-325/706	loss 0.0391 (0.1429)	accu 1.000 (0.947)	
Train Epoch-6   Iter-350/706	loss 0.1676 (0.1432)	accu 0.875 (0.946)	
Train Epoch-6   Iter-375/706	loss 0.1856 (0.1433)	accu 0.875 (0.946)	
Train Epoch-6   Iter-400/706	loss 0.4470 (0.1457)	accu 0.750 (0.945)	
Train Epoch-6   Iter-425/706	loss 0.3311 (0.1477)	accu 0.875 (0.943)	
Train Epoch-6   Iter-450/706	loss 0.1548 (0.1476)	accu 0.875 (0.943)	
Train Epoch-6   Iter-475/706	loss 0.0236 (0.1454)	accu 1.000 (0.944)	
Train Epoch-6   Iter-500/706	loss 0.0285 (0.1440)	accu 1.000 (0.945)	
Train Epoch-6   Iter-525/706	loss 0.0709 (0.1444)	accu 1.000 (0.944)	
Train Epoch-6   Iter-550/706	loss 0.3468 (0.1462)	accu 0.875 (0.943)	
Train Epoch-6   Iter-575/706	loss 0.0146 (0.1455)	accu 1.000 (0.942)	
Train Epoch-6   Iter-600/706	loss 0.6133 (0.1441)	accu 0.875 (0.944)	
Train Epoch-6   Iter-625/706	loss 0.1925 (0.1450)	accu 0.875 (0.942)	
Train Epoch-6   Iter-650/706	loss 0.0985 (0.1456)	accu 0.875 (0.942)	
Train Epoch-6   Iter-675/706	loss 0.2130 (0.1468)	accu 0.875 (0.942)	
Train Epoch-6   Iter-700/706	loss 0.0397 (0.1469)	accu 1.000 (0.943)	
Eval Epoch-6   Iter-0  /52 	loss 0.8304 (0.8304)	accu 0.750 (0.750)	
Eval Epoch-6   Iter-25 /52 	loss 0.1332 (0.8237)	accu 0.875 (0.668)	
Eval Epoch-6   Iter-50 /52 	loss 3.1350 (0.9644)	accu 0.500 (0.686)	
Epoch-6   Train: loss 0.1473	accu 0.9425	Eval: loss 0.9533	accu 0.6899
Train Epoch-7   Iter-0  /706	loss 0.7508 (0.7508)	accu 0.750 (0.750)	
Train Epoch-7   Iter-25 /706	loss 0.0409 (0.1240)	accu 1.000 (0.957)	
Train Epoch-7   Iter-50 /706	loss 0.0017 (0.1248)	accu 1.000 (0.956)	
Train Epoch-7   Iter-75 /706	loss 0.0144 (0.1242)	accu 1.000 (0.957)	
Train Epoch-7   Iter-100/706	loss 0.0341 (0.1307)	accu 1.000 (0.954)	
Train Epoch-7   Iter-125/706	loss 0.1242 (0.1330)	accu 1.000 (0.953)	
Train Epoch-7   Iter-150/706	loss 0.1011 (0.1281)	accu 1.000 (0.953)	
Train Epoch-7   Iter-175/706	loss 0.0396 (0.1204)	accu 1.000 (0.955)	
Train Epoch-7   Iter-200/706	loss 0.1988 (0.1233)	accu 0.875 (0.953)	
Train Epoch-7   Iter-225/706	loss 0.0020 (0.1191)	accu 1.000 (0.954)	
Train Epoch-7   Iter-250/706	loss 0.2089 (0.1228)	accu 0.875 (0.953)	
Train Epoch-7   Iter-275/706	loss 0.0093 (0.1211)	accu 1.000 (0.954)	
Train Epoch-7   Iter-300/706	loss 0.0037 (0.1205)	accu 1.000 (0.955)	
Train Epoch-7   Iter-325/706	loss 0.0136 (0.1204)	accu 1.000 (0.955)	
Train Epoch-7   Iter-350/706	loss 0.2365 (0.1231)	accu 0.875 (0.954)	
Train Epoch-7   Iter-375/706	loss 0.7413 (0.1255)	accu 0.875 (0.954)	
Train Epoch-7   Iter-400/706	loss 0.0592 (0.1233)	accu 1.000 (0.955)	
Train Epoch-7   Iter-425/706	loss 0.0132 (0.1247)	accu 1.000 (0.954)	
Train Epoch-7   Iter-450/706	loss 0.3718 (0.1233)	accu 0.875 (0.955)	
Train Epoch-7   Iter-475/706	loss 0.0028 (0.1195)	accu 1.000 (0.955)	
Train Epoch-7   Iter-500/706	loss 0.3718 (0.1225)	accu 0.750 (0.954)	
Train Epoch-7   Iter-525/706	loss 0.0719 (0.1223)	accu 1.000 (0.954)	
Train Epoch-7   Iter-550/706	loss 0.0067 (0.1198)	accu 1.000 (0.954)	
Train Epoch-7   Iter-575/706	loss 0.4008 (0.1189)	accu 0.875 (0.955)	
Train Epoch-7   Iter-600/706	loss 0.3213 (0.1190)	accu 0.875 (0.955)	
Train Epoch-7   Iter-625/706	loss 0.0193 (0.1222)	accu 1.000 (0.953)	
Train Epoch-7   Iter-650/706	loss 0.0142 (0.1208)	accu 1.000 (0.954)	
Train Epoch-7   Iter-675/706	loss 0.0149 (0.1208)	accu 1.000 (0.954)	
Train Epoch-7   Iter-700/706	loss 0.1081 (0.1214)	accu 0.875 (0.953)	
Eval Epoch-7   Iter-0  /52 	loss 1.5959 (1.5959)	accu 0.750 (0.750)	
Eval Epoch-7   Iter-25 /52 	loss 0.1615 (1.2754)	accu 1.000 (0.683)	
Eval Epoch-7   Iter-50 /52 	loss 1.5253 (0.9467)	accu 0.500 (0.725)	
Epoch-7   Train: loss 0.1212	accu 0.9536	Eval: loss 0.9490	accu 0.7236
Epoch     8: reducing learning rate of group 0 to 3.0000e-05.
Train Epoch-8   Iter-0  /706	loss 0.0209 (0.0209)	accu 1.000 (1.000)	
Train Epoch-8   Iter-25 /706	loss 0.1602 (0.1373)	accu 1.000 (0.957)	
Train Epoch-8   Iter-50 /706	loss 0.2337 (0.1421)	accu 0.875 (0.953)	
Train Epoch-8   Iter-75 /706	loss 0.2940 (0.1317)	accu 0.875 (0.954)	
Train Epoch-8   Iter-100/706	loss 0.1857 (0.1262)	accu 0.875 (0.953)	
Train Epoch-8   Iter-125/706	loss 0.3719 (0.1228)	accu 0.875 (0.953)	
Train Epoch-8   Iter-150/706	loss 0.0429 (0.1181)	accu 1.000 (0.955)	
Train Epoch-8   Iter-175/706	loss 0.0572 (0.1187)	accu 1.000 (0.955)	
Train Epoch-8   Iter-200/706	loss 0.0908 (0.1176)	accu 1.000 (0.953)	
Train Epoch-8   Iter-225/706	loss 0.0113 (0.1115)	accu 1.000 (0.956)	
Train Epoch-8   Iter-250/706	loss 0.0158 (0.1109)	accu 1.000 (0.956)	
Train Epoch-8   Iter-275/706	loss 0.0522 (0.1135)	accu 1.000 (0.957)	
Train Epoch-8   Iter-300/706	loss 0.2030 (0.1111)	accu 0.875 (0.958)	
Train Epoch-8   Iter-325/706	loss 0.5283 (0.1132)	accu 0.750 (0.957)	
Train Epoch-8   Iter-350/706	loss 0.1697 (0.1125)	accu 0.875 (0.957)	
Train Epoch-8   Iter-375/706	loss 0.1041 (0.1129)	accu 1.000 (0.956)	
Train Epoch-8   Iter-400/706	loss 0.0203 (0.1139)	accu 1.000 (0.956)	
Train Epoch-8   Iter-425/706	loss 0.0493 (0.1150)	accu 1.000 (0.956)	
Train Epoch-8   Iter-450/706	loss 0.0502 (0.1119)	accu 1.000 (0.957)	
Train Epoch-8   Iter-475/706	loss 0.6498 (0.1109)	accu 0.750 (0.958)	
Train Epoch-8   Iter-500/706	loss 0.0133 (0.1103)	accu 1.000 (0.958)	
Train Epoch-8   Iter-525/706	loss 0.1284 (0.1098)	accu 0.875 (0.958)	
Train Epoch-8   Iter-550/706	loss 0.2043 (0.1097)	accu 0.875 (0.958)	
Train Epoch-8   Iter-575/706	loss 0.0307 (0.1099)	accu 1.000 (0.957)	
Train Epoch-8   Iter-600/706	loss 0.3157 (0.1120)	accu 0.875 (0.956)	
Train Epoch-8   Iter-625/706	loss 0.0132 (0.1108)	accu 1.000 (0.956)	
Train Epoch-8   Iter-650/706	loss 0.0044 (0.1098)	accu 1.000 (0.957)	
Train Epoch-8   Iter-675/706	loss 0.1190 (0.1098)	accu 0.875 (0.957)	
Train Epoch-8   Iter-700/706	loss 0.8058 (0.1093)	accu 0.875 (0.958)	
Eval Epoch-8   Iter-0  /52 	loss 1.4629 (1.4629)	accu 0.750 (0.750)	
Eval Epoch-8   Iter-25 /52 	loss 0.0785 (1.0347)	accu 1.000 (0.736)	
Eval Epoch-8   Iter-50 /52 	loss 2.6754 (0.9039)	accu 0.500 (0.743)	
Epoch-8   Train: loss 0.1088	accu 0.9580	Eval: loss 0.9123	accu 0.7404
Train Epoch-9   Iter-0  /706	loss 0.0636 (0.0636)	accu 1.000 (1.000)	
Train Epoch-9   Iter-25 /706	loss 0.0050 (0.0709)	accu 1.000 (0.971)	
Train Epoch-9   Iter-50 /706	loss 0.0691 (0.0796)	accu 1.000 (0.961)	
Train Epoch-9   Iter-75 /706	loss 0.0938 (0.0947)	accu 1.000 (0.961)	
Train Epoch-9   Iter-100/706	loss 0.1160 (0.0837)	accu 0.875 (0.964)	
Train Epoch-9   Iter-125/706	loss 0.2962 (0.0875)	accu 0.875 (0.965)	
Train Epoch-9   Iter-150/706	loss 0.0097 (0.0950)	accu 1.000 (0.965)	
Train Epoch-9   Iter-175/706	loss 0.0658 (0.0943)	accu 1.000 (0.967)	
Train Epoch-9   Iter-200/706	loss 0.4117 (0.0946)	accu 0.875 (0.965)	
Train Epoch-9   Iter-225/706	loss 0.1739 (0.0932)	accu 1.000 (0.966)	
Train Epoch-9   Iter-250/706	loss 0.1463 (0.0938)	accu 1.000 (0.964)	
Train Epoch-9   Iter-275/706	loss 0.0034 (0.0937)	accu 1.000 (0.964)	
Train Epoch-9   Iter-300/706	loss 0.0403 (0.0961)	accu 1.000 (0.963)	
Train Epoch-9   Iter-325/706	loss 0.0472 (0.0962)	accu 1.000 (0.964)	
Train Epoch-9   Iter-350/706	loss 0.0392 (0.0943)	accu 1.000 (0.964)	
Train Epoch-9   Iter-375/706	loss 0.0351 (0.0929)	accu 1.000 (0.965)	
Train Epoch-9   Iter-400/706	loss 0.0249 (0.0924)	accu 1.000 (0.965)	
Train Epoch-9   Iter-425/706	loss 0.2702 (0.0946)	accu 0.750 (0.964)	
Train Epoch-9   Iter-450/706	loss 0.0277 (0.0932)	accu 1.000 (0.963)	
Train Epoch-9   Iter-475/706	loss 0.1126 (0.0934)	accu 0.875 (0.963)	
Train Epoch-9   Iter-500/706	loss 0.0154 (0.0928)	accu 1.000 (0.963)	
Train Epoch-9   Iter-525/706	loss 0.0043 (0.0920)	accu 1.000 (0.964)	
Train Epoch-9   Iter-550/706	loss 0.2737 (0.0920)	accu 0.875 (0.964)	
Train Epoch-9   Iter-575/706	loss 0.2676 (0.0920)	accu 0.750 (0.964)	
Train Epoch-9   Iter-600/706	loss 0.0052 (0.0917)	accu 1.000 (0.963)	
Train Epoch-9   Iter-625/706	loss 0.0739 (0.0908)	accu 1.000 (0.964)	
Train Epoch-9   Iter-650/706	loss 0.0036 (0.0902)	accu 1.000 (0.964)	
Train Epoch-9   Iter-675/706	loss 0.0332 (0.0887)	accu 1.000 (0.965)	
Train Epoch-9   Iter-700/706	loss 0.1401 (0.0894)	accu 0.875 (0.965)	
Eval Epoch-9   Iter-0  /52 	loss 1.6126 (1.6126)	accu 0.750 (0.750)	
Eval Epoch-9   Iter-25 /52 	loss 0.0599 (1.2669)	accu 1.000 (0.712)	
Eval Epoch-9   Iter-50 /52 	loss 3.0867 (1.0927)	accu 0.500 (0.730)	
Epoch-9   Train: loss 0.0916	accu 0.9643	Eval: loss 1.0956	accu 0.7308
Train Epoch-10  Iter-0  /706	loss 0.1462 (0.1462)	accu 1.000 (1.000)	
Train Epoch-10  Iter-25 /706	loss 0.0222 (0.0825)	accu 1.000 (0.981)	
Train Epoch-10  Iter-50 /706	loss 0.0068 (0.0719)	accu 1.000 (0.980)	
Train Epoch-10  Iter-75 /706	loss 0.0012 (0.0758)	accu 1.000 (0.974)	
Train Epoch-10  Iter-100/706	loss 0.0366 (0.0766)	accu 1.000 (0.976)	
Train Epoch-10  Iter-125/706	loss 0.0117 (0.0764)	accu 1.000 (0.977)	
Train Epoch-10  Iter-150/706	loss 0.0020 (0.0771)	accu 1.000 (0.977)	
Train Epoch-10  Iter-175/706	loss 0.0033 (0.0764)	accu 1.000 (0.976)	
Train Epoch-10  Iter-200/706	loss 0.0207 (0.0800)	accu 1.000 (0.974)	
Train Epoch-10  Iter-225/706	loss 0.0029 (0.0866)	accu 1.000 (0.972)	
Train Epoch-10  Iter-250/706	loss 0.0644 (0.0889)	accu 1.000 (0.971)	
Train Epoch-10  Iter-275/706	loss 0.0825 (0.0882)	accu 1.000 (0.971)	
Train Epoch-10  Iter-300/706	loss 0.0114 (0.0892)	accu 1.000 (0.970)	
Train Epoch-10  Iter-325/706	loss 0.0087 (0.0905)	accu 1.000 (0.969)	
Train Epoch-10  Iter-350/706	loss 0.0091 (0.0871)	accu 1.000 (0.971)	
Train Epoch-10  Iter-375/706	loss 0.1109 (0.0866)	accu 0.875 (0.970)	
Train Epoch-10  Iter-400/706	loss 0.0246 (0.0860)	accu 1.000 (0.971)	
Train Epoch-10  Iter-425/706	loss 0.0038 (0.0858)	accu 1.000 (0.970)	
Train Epoch-10  Iter-450/706	loss 0.1209 (0.0860)	accu 1.000 (0.970)	
Train Epoch-10  Iter-475/706	loss 0.1143 (0.0852)	accu 0.875 (0.970)	
Train Epoch-10  Iter-500/706	loss 0.0281 (0.0843)	accu 1.000 (0.969)	
Train Epoch-10  Iter-525/706	loss 0.1673 (0.0861)	accu 0.875 (0.968)	
Train Epoch-10  Iter-550/706	loss 0.0546 (0.0867)	accu 1.000 (0.967)	
Train Epoch-10  Iter-575/706	loss 0.0160 (0.0857)	accu 1.000 (0.967)	
Train Epoch-10  Iter-600/706	loss 0.5308 (0.0858)	accu 0.750 (0.967)	
Train Epoch-10  Iter-625/706	loss 0.0560 (0.0847)	accu 1.000 (0.967)	
Train Epoch-10  Iter-650/706	loss 0.0015 (0.0836)	accu 1.000 (0.967)	
Train Epoch-10  Iter-675/706	loss 0.0464 (0.0841)	accu 1.000 (0.967)	
Train Epoch-10  Iter-700/706	loss 0.0704 (0.0835)	accu 1.000 (0.967)	
Eval Epoch-10  Iter-0  /52 	loss 1.4961 (1.4961)	accu 0.750 (0.750)	
Eval Epoch-10  Iter-25 /52 	loss 0.1061 (1.0707)	accu 1.000 (0.673)	
Eval Epoch-10  Iter-50 /52 	loss 2.9031 (0.9658)	accu 0.500 (0.703)	
Epoch-10  Train: loss 0.0839	accu 0.9671	Eval: loss 0.9759	accu 0.7043
Train Epoch-11  Iter-0  /706	loss 0.1188 (0.1188)	accu 0.875 (0.875)	
Train Epoch-11  Iter-25 /706	loss 0.7519 (0.1061)	accu 0.875 (0.966)	
Train Epoch-11  Iter-50 /706	loss 0.0823 (0.1154)	accu 1.000 (0.966)	
Train Epoch-11  Iter-75 /706	loss 0.0123 (0.1014)	accu 1.000 (0.969)	
Train Epoch-11  Iter-100/706	loss 0.0006 (0.0978)	accu 1.000 (0.969)	
Train Epoch-11  Iter-125/706	loss 0.0577 (0.0960)	accu 1.000 (0.967)	
Train Epoch-11  Iter-150/706	loss 0.0796 (0.0955)	accu 1.000 (0.968)	
Train Epoch-11  Iter-175/706	loss 0.0113 (0.0941)	accu 1.000 (0.969)	
Train Epoch-11  Iter-200/706	loss 0.1558 (0.0925)	accu 1.000 (0.970)	
Train Epoch-11  Iter-225/706	loss 0.0798 (0.0911)	accu 1.000 (0.970)	
Train Epoch-11  Iter-250/706	loss 0.2077 (0.0941)	accu 1.000 (0.969)	
Train Epoch-11  Iter-275/706	loss 0.0058 (0.0918)	accu 1.000 (0.970)	
Train Epoch-11  Iter-300/706	loss 0.4260 (0.0918)	accu 0.625 (0.969)	
Train Epoch-11  Iter-325/706	loss 0.5207 (0.0917)	accu 0.875 (0.970)	
Train Epoch-11  Iter-350/706	loss 0.0763 (0.0917)	accu 1.000 (0.970)	
Train Epoch-11  Iter-375/706	loss 0.0032 (0.0907)	accu 1.000 (0.970)	
Train Epoch-11  Iter-400/706	loss 0.0028 (0.0909)	accu 1.000 (0.970)	
Train Epoch-11  Iter-425/706	loss 0.0419 (0.0940)	accu 1.000 (0.967)	
Train Epoch-11  Iter-450/706	loss 0.1077 (0.0959)	accu 1.000 (0.966)	
Train Epoch-11  Iter-475/706	loss 0.0435 (0.0936)	accu 1.000 (0.967)	
Train Epoch-11  Iter-500/706	loss 0.0410 (0.0920)	accu 1.000 (0.967)	
Train Epoch-11  Iter-525/706	loss 0.1548 (0.0911)	accu 0.875 (0.967)	
Train Epoch-11  Iter-550/706	loss 0.0212 (0.0918)	accu 1.000 (0.968)	
Train Epoch-11  Iter-575/706	loss 0.0037 (0.0905)	accu 1.000 (0.969)	
Train Epoch-11  Iter-600/706	loss 0.0432 (0.0906)	accu 1.000 (0.968)	
Train Epoch-11  Iter-625/706	loss 0.0640 (0.0900)	accu 1.000 (0.968)	
Train Epoch-11  Iter-650/706	loss 0.0206 (0.0901)	accu 1.000 (0.968)	
Train Epoch-11  Iter-675/706	loss 0.0100 (0.0886)	accu 1.000 (0.968)	
Train Epoch-11  Iter-700/706	loss 0.0005 (0.0868)	accu 1.000 (0.969)	
Eval Epoch-11  Iter-0  /52 	loss 1.7436 (1.7436)	accu 0.750 (0.750)	
Eval Epoch-11  Iter-25 /52 	loss 0.0659 (1.1892)	accu 1.000 (0.673)	
Eval Epoch-11  Iter-50 /52 	loss 3.1285 (1.0675)	accu 0.500 (0.708)	
Epoch-11  Train: loss 0.0863	accu 0.9692	Eval: loss 1.0716	accu 0.7091
Train Epoch-12  Iter-0  /706	loss 0.0330 (0.0330)	accu 1.000 (1.000)	
Train Epoch-12  Iter-25 /706	loss 0.0772 (0.0607)	accu 1.000 (0.976)	
Train Epoch-12  Iter-50 /706	loss 0.0184 (0.0434)	accu 1.000 (0.985)	
Train Epoch-12  Iter-75 /706	loss 0.5307 (0.0570)	accu 0.750 (0.979)	
Train Epoch-12  Iter-100/706	loss 0.0160 (0.0710)	accu 1.000 (0.978)	
Train Epoch-12  Iter-125/706	loss 0.0005 (0.0697)	accu 1.000 (0.976)	
Train Epoch-12  Iter-150/706	loss 0.0476 (0.0726)	accu 1.000 (0.974)	
Train Epoch-12  Iter-175/706	loss 0.0419 (0.0816)	accu 1.000 (0.971)	
Train Epoch-12  Iter-200/706	loss 0.0019 (0.0780)	accu 1.000 (0.973)	
Train Epoch-12  Iter-225/706	loss 0.0010 (0.0762)	accu 1.000 (0.973)	
Train Epoch-12  Iter-250/706	loss 0.0699 (0.0768)	accu 1.000 (0.974)	
Train Epoch-12  Iter-275/706	loss 0.4761 (0.0807)	accu 0.875 (0.973)	
Train Epoch-12  Iter-300/706	loss 0.1174 (0.0805)	accu 0.875 (0.972)	
Train Epoch-12  Iter-325/706	loss 0.0355 (0.0789)	accu 1.000 (0.972)	
Train Epoch-12  Iter-350/706	loss 0.2483 (0.0779)	accu 0.875 (0.973)	
Train Epoch-12  Iter-375/706	loss 0.4561 (0.0784)	accu 0.875 (0.971)	
Train Epoch-12  Iter-400/706	loss 0.0458 (0.0769)	accu 1.000 (0.972)	
Train Epoch-12  Iter-425/706	loss 0.0229 (0.0756)	accu 1.000 (0.972)	
Train Epoch-12  Iter-450/706	loss 0.0004 (0.0734)	accu 1.000 (0.973)	
Train Epoch-12  Iter-475/706	loss 0.0004 (0.0725)	accu 1.000 (0.973)	
Train Epoch-12  Iter-500/706	loss 0.0642 (0.0719)	accu 1.000 (0.973)	
Train Epoch-12  Iter-525/706	loss 0.0553 (0.0733)	accu 1.000 (0.972)	
Train Epoch-12  Iter-550/706	loss 0.0676 (0.0730)	accu 1.000 (0.973)	
Train Epoch-12  Iter-575/706	loss 0.2187 (0.0731)	accu 0.875 (0.972)	
Train Epoch-12  Iter-600/706	loss 0.0118 (0.0739)	accu 1.000 (0.972)	
Train Epoch-12  Iter-625/706	loss 0.0183 (0.0736)	accu 1.000 (0.972)	
Train Epoch-12  Iter-650/706	loss 0.1713 (0.0728)	accu 0.875 (0.972)	
Train Epoch-12  Iter-675/706	loss 0.0210 (0.0723)	accu 1.000 (0.972)	
Train Epoch-12  Iter-700/706	loss 0.0853 (0.0722)	accu 1.000 (0.972)	
Eval Epoch-12  Iter-0  /52 	loss 2.0661 (2.0661)	accu 0.750 (0.750)	
Eval Epoch-12  Iter-25 /52 	loss 0.0546 (1.3689)	accu 1.000 (0.663)	
Eval Epoch-12  Iter-50 /52 	loss 3.6869 (1.2526)	accu 0.500 (0.716)	
Epoch-12  Train: loss 0.0734	accu 0.9712	Eval: loss 1.2506	accu 0.7163
Train Epoch-13  Iter-0  /706	loss 0.0004 (0.0004)	accu 1.000 (1.000)	
Train Epoch-13  Iter-25 /706	loss 0.0951 (0.0757)	accu 1.000 (0.981)	
Train Epoch-13  Iter-50 /706	loss 0.1832 (0.0661)	accu 0.875 (0.978)	
Train Epoch-13  Iter-75 /706	loss 0.0160 (0.0589)	accu 1.000 (0.979)	
Train Epoch-13  Iter-100/706	loss 0.0204 (0.0569)	accu 1.000 (0.979)	
Train Epoch-13  Iter-125/706	loss 0.1078 (0.0600)	accu 0.875 (0.978)	
Train Epoch-13  Iter-150/706	loss 0.0017 (0.0651)	accu 1.000 (0.974)	
Train Epoch-13  Iter-175/706	loss 0.0008 (0.0715)	accu 1.000 (0.970)	
Train Epoch-13  Iter-200/706	loss 0.0156 (0.0735)	accu 1.000 (0.971)	
Train Epoch-13  Iter-225/706	loss 0.0516 (0.0700)	accu 1.000 (0.973)	
Train Epoch-13  Iter-250/706	loss 0.0004 (0.0715)	accu 1.000 (0.973)	
Train Epoch-13  Iter-275/706	loss 0.1711 (0.0692)	accu 0.875 (0.973)	
Train Epoch-13  Iter-300/706	loss 0.0387 (0.0708)	accu 1.000 (0.973)	
Train Epoch-13  Iter-325/706	loss 0.0119 (0.0721)	accu 1.000 (0.972)	
Train Epoch-13  Iter-350/706	loss 0.0028 (0.0723)	accu 1.000 (0.972)	
Train Epoch-13  Iter-375/706	loss 0.0554 (0.0720)	accu 1.000 (0.971)	
Train Epoch-13  Iter-400/706	loss 0.1282 (0.0708)	accu 1.000 (0.972)	
Train Epoch-13  Iter-425/706	loss 0.0711 (0.0728)	accu 1.000 (0.970)	
Train Epoch-13  Iter-450/706	loss 0.0057 (0.0758)	accu 1.000 (0.970)	
Train Epoch-13  Iter-475/706	loss 0.0023 (0.0737)	accu 1.000 (0.971)	
Train Epoch-13  Iter-500/706	loss 0.0015 (0.0758)	accu 1.000 (0.971)	
Train Epoch-13  Iter-525/706	loss 0.0012 (0.0745)	accu 1.000 (0.971)	
Train Epoch-13  Iter-550/706	loss 0.2997 (0.0757)	accu 0.875 (0.971)	
Train Epoch-13  Iter-575/706	loss 0.0533 (0.0772)	accu 1.000 (0.970)	
Train Epoch-13  Iter-600/706	loss 0.3737 (0.0761)	accu 0.875 (0.971)	
Train Epoch-13  Iter-625/706	loss 0.0815 (0.0745)	accu 1.000 (0.972)	
Train Epoch-13  Iter-650/706	loss 0.0485 (0.0755)	accu 1.000 (0.971)	
Train Epoch-13  Iter-675/706	loss 0.0225 (0.0747)	accu 1.000 (0.972)	
Train Epoch-13  Iter-700/706	loss 0.0908 (0.0755)	accu 1.000 (0.971)	
Eval Epoch-13  Iter-0  /52 	loss 1.5272 (1.5272)	accu 0.750 (0.750)	
Eval Epoch-13  Iter-25 /52 	loss 0.0290 (0.9250)	accu 1.000 (0.731)	
Eval Epoch-13  Iter-50 /52 	loss 3.0518 (0.8998)	accu 0.500 (0.735)	
Epoch-13  Train: loss 0.0751	accu 0.9711	Eval: loss 0.8961	accu 0.7356
Epoch    14: reducing learning rate of group 0 to 3.0000e-06.
Train Epoch-14  Iter-0  /706	loss 0.1339 (0.1339)	accu 0.875 (0.875)	
Train Epoch-14  Iter-25 /706	loss 0.0043 (0.1018)	accu 1.000 (0.952)	
Train Epoch-14  Iter-50 /706	loss 0.0093 (0.0780)	accu 1.000 (0.966)	
Train Epoch-14  Iter-75 /706	loss 0.1518 (0.0835)	accu 0.875 (0.959)	
Train Epoch-14  Iter-100/706	loss 0.0340 (0.0821)	accu 1.000 (0.960)	
Train Epoch-14  Iter-125/706	loss 0.1012 (0.0801)	accu 0.875 (0.962)	
Train Epoch-14  Iter-150/706	loss 0.0877 (0.0837)	accu 1.000 (0.962)	
Train Epoch-14  Iter-175/706	loss 0.0013 (0.0860)	accu 1.000 (0.961)	
Train Epoch-14  Iter-200/706	loss 0.0015 (0.0854)	accu 1.000 (0.962)	
Train Epoch-14  Iter-225/706	loss 0.0185 (0.0885)	accu 1.000 (0.962)	
Train Epoch-14  Iter-250/706	loss 0.5001 (0.0890)	accu 0.750 (0.962)	
Train Epoch-14  Iter-275/706	loss 0.2191 (0.0857)	accu 0.750 (0.963)	
Train Epoch-14  Iter-300/706	loss 0.0376 (0.0828)	accu 1.000 (0.966)	
Train Epoch-14  Iter-325/706	loss 0.0844 (0.0815)	accu 1.000 (0.967)	
Train Epoch-14  Iter-350/706	loss 0.0029 (0.0820)	accu 1.000 (0.967)	
Train Epoch-14  Iter-375/706	loss 0.0310 (0.0848)	accu 1.000 (0.966)	
Train Epoch-14  Iter-400/706	loss 0.0217 (0.0845)	accu 1.000 (0.967)	
Train Epoch-14  Iter-425/706	loss 0.0183 (0.0828)	accu 1.000 (0.968)	
Train Epoch-14  Iter-450/706	loss 0.0671 (0.0810)	accu 1.000 (0.968)	
Train Epoch-14  Iter-475/706	loss 0.0015 (0.0814)	accu 1.000 (0.968)	
Train Epoch-14  Iter-500/706	loss 0.0714 (0.0802)	accu 1.000 (0.968)	
Train Epoch-14  Iter-525/706	loss 0.0012 (0.0791)	accu 1.000 (0.969)	
Train Epoch-14  Iter-550/706	loss 0.0008 (0.0774)	accu 1.000 (0.970)	
Train Epoch-14  Iter-575/706	loss 0.0011 (0.0763)	accu 1.000 (0.970)	
Train Epoch-14  Iter-600/706	loss 0.0112 (0.0759)	accu 1.000 (0.971)	
Train Epoch-14  Iter-625/706	loss 0.0402 (0.0743)	accu 1.000 (0.971)	
Train Epoch-14  Iter-650/706	loss 0.0916 (0.0735)	accu 0.875 (0.972)	
Train Epoch-14  Iter-675/706	loss 0.0223 (0.0733)	accu 1.000 (0.972)	
Train Epoch-14  Iter-700/706	loss 0.0583 (0.0732)	accu 1.000 (0.972)	
Eval Epoch-14  Iter-0  /52 	loss 1.6172 (1.6172)	accu 0.750 (0.750)	
Eval Epoch-14  Iter-25 /52 	loss 0.0378 (1.0512)	accu 1.000 (0.707)	
Eval Epoch-14  Iter-50 /52 	loss 3.0516 (0.9673)	accu 0.500 (0.733)	
Epoch-14  Train: loss 0.0729	accu 0.9718	Eval: loss 0.9604	accu 0.7332
Train Epoch-15  Iter-0  /706	loss 0.0280 (0.0280)	accu 1.000 (1.000)	
Train Epoch-15  Iter-25 /706	loss 0.0042 (0.0730)	accu 1.000 (0.966)	
Train Epoch-15  Iter-50 /706	loss 0.0727 (0.0658)	accu 1.000 (0.973)	
Train Epoch-15  Iter-75 /706	loss 0.0393 (0.0657)	accu 1.000 (0.972)	
Train Epoch-15  Iter-100/706	loss 0.0819 (0.0664)	accu 1.000 (0.973)	
Train Epoch-15  Iter-125/706	loss 0.0292 (0.0639)	accu 1.000 (0.974)	
Train Epoch-15  Iter-150/706	loss 0.0036 (0.0648)	accu 1.000 (0.974)	
Train Epoch-15  Iter-175/706	loss 0.1199 (0.0654)	accu 0.875 (0.974)	
Train Epoch-15  Iter-200/706	loss 0.0422 (0.0700)	accu 1.000 (0.972)	
Train Epoch-15  Iter-225/706	loss 0.0882 (0.0684)	accu 0.875 (0.973)	
Train Epoch-15  Iter-250/706	loss 0.0688 (0.0663)	accu 1.000 (0.975)	
Train Epoch-15  Iter-275/706	loss 0.0080 (0.0644)	accu 1.000 (0.976)	
Train Epoch-15  Iter-300/706	loss 0.0166 (0.0629)	accu 1.000 (0.977)	
Train Epoch-15  Iter-325/706	loss 0.0018 (0.0637)	accu 1.000 (0.977)	
Train Epoch-15  Iter-350/706	loss 0.0521 (0.0616)	accu 1.000 (0.978)	
Train Epoch-15  Iter-375/706	loss 0.0247 (0.0617)	accu 1.000 (0.977)	
Train Epoch-15  Iter-400/706	loss 0.0045 (0.0632)	accu 1.000 (0.978)	
Train Epoch-15  Iter-425/706	loss 0.3971 (0.0624)	accu 0.875 (0.978)	
Train Epoch-15  Iter-450/706	loss 0.0140 (0.0645)	accu 1.000 (0.977)	
Train Epoch-15  Iter-475/706	loss 0.0045 (0.0646)	accu 1.000 (0.977)	
Train Epoch-15  Iter-500/706	loss 0.0835 (0.0649)	accu 1.000 (0.977)	
Train Epoch-15  Iter-525/706	loss 0.0277 (0.0636)	accu 1.000 (0.977)	
Train Epoch-15  Iter-550/706	loss 0.0432 (0.0643)	accu 1.000 (0.977)	
Train Epoch-15  Iter-575/706	loss 0.0088 (0.0636)	accu 1.000 (0.978)	
Train Epoch-15  Iter-600/706	loss 0.2265 (0.0636)	accu 0.875 (0.977)	
Train Epoch-15  Iter-625/706	loss 0.1049 (0.0639)	accu 1.000 (0.976)	
Train Epoch-15  Iter-650/706	loss 0.0303 (0.0633)	accu 1.000 (0.977)	
Train Epoch-15  Iter-675/706	loss 0.0090 (0.0627)	accu 1.000 (0.977)	
Train Epoch-15  Iter-700/706	loss 0.0159 (0.0615)	accu 1.000 (0.977)	
Eval Epoch-15  Iter-0  /52 	loss 1.6895 (1.6895)	accu 0.750 (0.750)	
Eval Epoch-15  Iter-25 /52 	loss 0.0354 (1.1132)	accu 1.000 (0.702)	
Eval Epoch-15  Iter-50 /52 	loss 3.1589 (1.0169)	accu 0.500 (0.730)	
Epoch-15  Train: loss 0.0614	accu 0.9770	Eval: loss 1.0096	accu 0.7308
Train Epoch-16  Iter-0  /706	loss 0.0772 (0.0772)	accu 1.000 (1.000)	
Train Epoch-16  Iter-25 /706	loss 0.2489 (0.0514)	accu 0.875 (0.971)	
Train Epoch-16  Iter-50 /706	loss 0.1307 (0.0645)	accu 0.875 (0.973)	
Train Epoch-16  Iter-75 /706	loss 0.0021 (0.0675)	accu 1.000 (0.974)	
Train Epoch-16  Iter-100/706	loss 0.0843 (0.0632)	accu 1.000 (0.975)	
Train Epoch-16  Iter-125/706	loss 0.0518 (0.0683)	accu 1.000 (0.972)	
Train Epoch-16  Iter-150/706	loss 0.0041 (0.0713)	accu 1.000 (0.971)	
Train Epoch-16  Iter-175/706	loss 0.0581 (0.0695)	accu 1.000 (0.972)	
Train Epoch-16  Iter-200/706	loss 0.0029 (0.0662)	accu 1.000 (0.974)	
Train Epoch-16  Iter-225/706	loss 0.0309 (0.0645)	accu 1.000 (0.975)	
Train Epoch-16  Iter-250/706	loss 0.8142 (0.0675)	accu 0.625 (0.974)	
Train Epoch-16  Iter-275/706	loss 0.0613 (0.0696)	accu 1.000 (0.973)	
Train Epoch-16  Iter-300/706	loss 0.3062 (0.0696)	accu 0.875 (0.972)	
Train Epoch-16  Iter-325/706	loss 0.0098 (0.0660)	accu 1.000 (0.974)	
Train Epoch-16  Iter-350/706	loss 0.1211 (0.0661)	accu 1.000 (0.973)	
Train Epoch-16  Iter-375/706	loss 0.0010 (0.0651)	accu 1.000 (0.974)	
Train Epoch-16  Iter-400/706	loss 0.0373 (0.0662)	accu 1.000 (0.974)	
Train Epoch-16  Iter-425/706	loss 0.0386 (0.0691)	accu 1.000 (0.973)	
Train Epoch-16  Iter-450/706	loss 0.0026 (0.0690)	accu 1.000 (0.973)	
Train Epoch-16  Iter-475/706	loss 0.0015 (0.0685)	accu 1.000 (0.972)	
Train Epoch-16  Iter-500/706	loss 0.2394 (0.0680)	accu 0.875 (0.972)	
Train Epoch-16  Iter-525/706	loss 0.0294 (0.0665)	accu 1.000 (0.973)	
Train Epoch-16  Iter-550/706	loss 0.4264 (0.0674)	accu 0.875 (0.973)	
Train Epoch-16  Iter-575/706	loss 0.0006 (0.0667)	accu 1.000 (0.973)	
Train Epoch-16  Iter-600/706	loss 0.1267 (0.0662)	accu 0.875 (0.973)	
Train Epoch-16  Iter-625/706	loss 0.1822 (0.0679)	accu 0.875 (0.973)	
Train Epoch-16  Iter-650/706	loss 0.0007 (0.0673)	accu 1.000 (0.973)	
Train Epoch-16  Iter-675/706	loss 0.0381 (0.0676)	accu 1.000 (0.973)	
Train Epoch-16  Iter-700/706	loss 0.1261 (0.0665)	accu 1.000 (0.973)	
Eval Epoch-16  Iter-0  /52 	loss 1.8076 (1.8076)	accu 0.750 (0.750)	
Eval Epoch-16  Iter-25 /52 	loss 0.0456 (1.2424)	accu 1.000 (0.654)	
Eval Epoch-16  Iter-50 /52 	loss 3.1212 (1.0940)	accu 0.500 (0.706)	
Epoch-16  Train: loss 0.0663	accu 0.9734	Eval: loss 1.0835	accu 0.7067
Train Epoch-17  Iter-0  /706	loss 0.0374 (0.0374)	accu 1.000 (1.000)	
Train Epoch-17  Iter-25 /706	loss 0.0727 (0.0862)	accu 1.000 (0.976)	
Train Epoch-17  Iter-50 /706	loss 0.0184 (0.0740)	accu 1.000 (0.978)	
Train Epoch-17  Iter-75 /706	loss 0.0420 (0.0637)	accu 1.000 (0.980)	
Train Epoch-17  Iter-100/706	loss 0.0225 (0.0690)	accu 1.000 (0.978)	
Train Epoch-17  Iter-125/706	loss 0.1149 (0.0667)	accu 1.000 (0.977)	
Train Epoch-17  Iter-150/706	loss 0.5264 (0.0762)	accu 0.875 (0.974)	
Train Epoch-17  Iter-175/706	loss 0.1170 (0.0715)	accu 0.875 (0.974)	
Train Epoch-17  Iter-200/706	loss 0.0320 (0.0665)	accu 1.000 (0.976)	
Train Epoch-17  Iter-225/706	loss 0.0058 (0.0657)	accu 1.000 (0.977)	
Train Epoch-17  Iter-250/706	loss 0.1168 (0.0632)	accu 0.875 (0.977)	
Train Epoch-17  Iter-275/706	loss 0.0006 (0.0637)	accu 1.000 (0.977)	
Train Epoch-17  Iter-300/706	loss 0.0002 (0.0657)	accu 1.000 (0.977)	
Train Epoch-17  Iter-325/706	loss 0.0007 (0.0673)	accu 1.000 (0.975)	
Train Epoch-17  Iter-350/706	loss 0.0107 (0.0673)	accu 1.000 (0.976)	
Train Epoch-17  Iter-375/706	loss 0.0155 (0.0663)	accu 1.000 (0.976)	
Train Epoch-17  Iter-400/706	loss 0.0382 (0.0668)	accu 1.000 (0.976)	
Train Epoch-17  Iter-425/706	loss 0.0106 (0.0670)	accu 1.000 (0.977)	
Train Epoch-17  Iter-450/706	loss 0.0131 (0.0674)	accu 1.000 (0.976)	
Train Epoch-17  Iter-475/706	loss 0.0154 (0.0664)	accu 1.000 (0.976)	
Train Epoch-17  Iter-500/706	loss 0.0015 (0.0661)	accu 1.000 (0.976)	
Train Epoch-17  Iter-525/706	loss 0.0007 (0.0666)	accu 1.000 (0.975)	
Train Epoch-17  Iter-550/706	loss 0.0474 (0.0683)	accu 1.000 (0.974)	
Train Epoch-17  Iter-575/706	loss 0.0561 (0.0671)	accu 1.000 (0.974)	
Train Epoch-17  Iter-600/706	loss 0.0597 (0.0672)	accu 1.000 (0.975)	
Train Epoch-17  Iter-625/706	loss 0.1704 (0.0669)	accu 0.875 (0.975)	
Train Epoch-17  Iter-650/706	loss 0.0039 (0.0662)	accu 1.000 (0.975)	
Train Epoch-17  Iter-675/706	loss 0.0137 (0.0669)	accu 1.000 (0.975)	
Train Epoch-17  Iter-700/706	loss 0.0979 (0.0661)	accu 1.000 (0.976)	
Eval Epoch-17  Iter-0  /52 	loss 1.7644 (1.7644)	accu 0.750 (0.750)	
Eval Epoch-17  Iter-25 /52 	loss 0.0378 (1.1619)	accu 1.000 (0.692)	
Eval Epoch-17  Iter-50 /52 	loss 3.2334 (1.0541)	accu 0.500 (0.725)	
Epoch-17  Train: loss 0.0659	accu 0.9759	Eval: loss 1.0452	accu 0.7260
Train Epoch-18  Iter-0  /706	loss 0.0778 (0.0778)	accu 1.000 (1.000)	
Train Epoch-18  Iter-25 /706	loss 0.0075 (0.0748)	accu 1.000 (0.981)	
Train Epoch-18  Iter-50 /706	loss 0.0411 (0.0584)	accu 1.000 (0.988)	
Train Epoch-18  Iter-75 /706	loss 0.0030 (0.0584)	accu 1.000 (0.980)	
Train Epoch-18  Iter-100/706	loss 0.0053 (0.0588)	accu 1.000 (0.980)	
Train Epoch-18  Iter-125/706	loss 0.1676 (0.0639)	accu 0.875 (0.979)	
Train Epoch-18  Iter-150/706	loss 0.0109 (0.0585)	accu 1.000 (0.980)	
Train Epoch-18  Iter-175/706	loss 0.0004 (0.0548)	accu 1.000 (0.981)	
Train Epoch-18  Iter-200/706	loss 0.0008 (0.0566)	accu 1.000 (0.980)	
Train Epoch-18  Iter-225/706	loss 0.0551 (0.0556)	accu 1.000 (0.981)	
Train Epoch-18  Iter-250/706	loss 0.0188 (0.0557)	accu 1.000 (0.981)	
Train Epoch-18  Iter-275/706	loss 0.0125 (0.0561)	accu 1.000 (0.981)	
Train Epoch-18  Iter-300/706	loss 0.0567 (0.0561)	accu 1.000 (0.980)	
Train Epoch-18  Iter-325/706	loss 0.0390 (0.0591)	accu 1.000 (0.979)	
Train Epoch-18  Iter-350/706	loss 0.0095 (0.0638)	accu 1.000 (0.975)	
Train Epoch-18  Iter-375/706	loss 0.0452 (0.0657)	accu 1.000 (0.975)	
Train Epoch-18  Iter-400/706	loss 0.0022 (0.0668)	accu 1.000 (0.975)	
Train Epoch-18  Iter-425/706	loss 0.0179 (0.0676)	accu 1.000 (0.974)	
Train Epoch-18  Iter-450/706	loss 0.0955 (0.0675)	accu 0.875 (0.974)	
Train Epoch-18  Iter-475/706	loss 0.0201 (0.0681)	accu 1.000 (0.974)	
Train Epoch-18  Iter-500/706	loss 0.0439 (0.0671)	accu 1.000 (0.974)	
Train Epoch-18  Iter-525/706	loss 0.1620 (0.0666)	accu 0.875 (0.974)	
Train Epoch-18  Iter-550/706	loss 0.0108 (0.0651)	accu 1.000 (0.975)	
Train Epoch-18  Iter-575/706	loss 0.1634 (0.0677)	accu 0.875 (0.974)	
Train Epoch-18  Iter-600/706	loss 0.0072 (0.0666)	accu 1.000 (0.974)	
Train Epoch-18  Iter-625/706	loss 0.7820 (0.0694)	accu 0.750 (0.972)	
Train Epoch-18  Iter-650/706	loss 0.0391 (0.0694)	accu 1.000 (0.972)	
Train Epoch-18  Iter-675/706	loss 0.0175 (0.0685)	accu 1.000 (0.973)	
Train Epoch-18  Iter-700/706	loss 0.0485 (0.0689)	accu 1.000 (0.973)	
Eval Epoch-18  Iter-0  /52 	loss 1.7558 (1.7558)	accu 0.750 (0.750)	
Eval Epoch-18  Iter-25 /52 	loss 0.0359 (1.1446)	accu 1.000 (0.697)	
Eval Epoch-18  Iter-50 /52 	loss 3.2924 (1.0479)	accu 0.500 (0.728)	
Epoch-18  Train: loss 0.0689	accu 0.9727	Eval: loss 1.0396	accu 0.7284
Train Epoch-19  Iter-0  /706	loss 0.0213 (0.0213)	accu 1.000 (1.000)	
Train Epoch-19  Iter-25 /706	loss 0.0562 (0.1069)	accu 1.000 (0.962)	
Train Epoch-19  Iter-50 /706	loss 0.0021 (0.0693)	accu 1.000 (0.978)	
Train Epoch-19  Iter-75 /706	loss 0.0176 (0.0654)	accu 1.000 (0.979)	
Train Epoch-19  Iter-100/706	loss 0.1084 (0.0725)	accu 0.875 (0.975)	
Train Epoch-19  Iter-125/706	loss 0.0060 (0.0735)	accu 1.000 (0.976)	
Train Epoch-19  Iter-150/706	loss 0.0132 (0.0730)	accu 1.000 (0.978)	
Train Epoch-19  Iter-175/706	loss 0.0927 (0.0755)	accu 1.000 (0.975)	
Train Epoch-19  Iter-200/706	loss 0.6185 (0.0788)	accu 0.750 (0.973)	
Train Epoch-19  Iter-225/706	loss 0.0333 (0.0750)	accu 1.000 (0.973)	
Train Epoch-19  Iter-250/706	loss 0.0008 (0.0741)	accu 1.000 (0.973)	
Train Epoch-19  Iter-275/706	loss 0.1470 (0.0724)	accu 0.875 (0.972)	
Train Epoch-19  Iter-300/706	loss 0.1099 (0.0711)	accu 0.875 (0.973)	
Train Epoch-19  Iter-325/706	loss 0.0095 (0.0698)	accu 1.000 (0.973)	
Train Epoch-19  Iter-350/706	loss 0.0020 (0.0679)	accu 1.000 (0.973)	
Train Epoch-19  Iter-375/706	loss 0.0635 (0.0664)	accu 1.000 (0.974)	
Train Epoch-19  Iter-400/706	loss 0.0086 (0.0649)	accu 1.000 (0.974)	
Train Epoch-19  Iter-425/706	loss 0.0201 (0.0673)	accu 1.000 (0.974)	
Train Epoch-19  Iter-450/706	loss 0.0686 (0.0657)	accu 1.000 (0.975)	
Train Epoch-19  Iter-475/706	loss 0.0687 (0.0656)	accu 1.000 (0.975)	
Train Epoch-19  Iter-500/706	loss 0.0661 (0.0695)	accu 1.000 (0.973)	
Train Epoch-19  Iter-525/706	loss 0.0009 (0.0680)	accu 1.000 (0.974)	
Train Epoch-19  Iter-550/706	loss 0.0009 (0.0669)	accu 1.000 (0.975)	
Train Epoch-19  Iter-575/706	loss 0.0085 (0.0669)	accu 1.000 (0.974)	
Train Epoch-19  Iter-600/706	loss 0.0018 (0.0677)	accu 1.000 (0.974)	
Train Epoch-19  Iter-625/706	loss 0.0906 (0.0674)	accu 0.875 (0.974)	
Train Epoch-19  Iter-650/706	loss 0.0065 (0.0667)	accu 1.000 (0.975)	
Train Epoch-19  Iter-675/706	loss 0.0091 (0.0670)	accu 1.000 (0.975)	
Train Epoch-19  Iter-700/706	loss 0.0710 (0.0663)	accu 1.000 (0.975)	
Eval Epoch-19  Iter-0  /52 	loss 1.7753 (1.7753)	accu 0.750 (0.750)	
Eval Epoch-19  Iter-25 /52 	loss 0.0403 (1.1780)	accu 1.000 (0.678)	
Eval Epoch-19  Iter-50 /52 	loss 3.3039 (1.0687)	accu 0.500 (0.721)	
Epoch-19  Train: loss 0.0660	accu 0.9754	Eval: loss 1.0595	accu 0.7212
Epoch    20: reducing learning rate of group 0 to 3.0000e-07.
Train Epoch-20  Iter-0  /706	loss 0.0163 (0.0163)	accu 1.000 (1.000)	
Train Epoch-20  Iter-25 /706	loss 0.2204 (0.0557)	accu 0.875 (0.971)	
Train Epoch-20  Iter-50 /706	loss 0.0016 (0.0494)	accu 1.000 (0.980)	
Train Epoch-20  Iter-75 /706	loss 0.2718 (0.0738)	accu 0.875 (0.972)	
Train Epoch-20  Iter-100/706	loss 0.0422 (0.0702)	accu 1.000 (0.970)	
Train Epoch-20  Iter-125/706	loss 0.2075 (0.0712)	accu 0.875 (0.967)	
Train Epoch-20  Iter-150/706	loss 0.1037 (0.0717)	accu 0.875 (0.969)	
Train Epoch-20  Iter-175/706	loss 0.0034 (0.0723)	accu 1.000 (0.968)	
Train Epoch-20  Iter-200/706	loss 0.0937 (0.0691)	accu 1.000 (0.970)	
Train Epoch-20  Iter-225/706	loss 0.1737 (0.0689)	accu 0.875 (0.970)	
Train Epoch-20  Iter-250/706	loss 0.1224 (0.0695)	accu 0.875 (0.970)	
Train Epoch-20  Iter-275/706	loss 0.0024 (0.0679)	accu 1.000 (0.971)	
Train Epoch-20  Iter-300/706	loss 0.1525 (0.0650)	accu 0.875 (0.973)	
Train Epoch-20  Iter-325/706	loss 0.0150 (0.0623)	accu 1.000 (0.974)	
Train Epoch-20  Iter-350/706	loss 0.0186 (0.0610)	accu 1.000 (0.974)	
Train Epoch-20  Iter-375/706	loss 0.0117 (0.0610)	accu 1.000 (0.974)	
Train Epoch-20  Iter-400/706	loss 0.0129 (0.0609)	accu 1.000 (0.974)	
Train Epoch-20  Iter-425/706	loss 0.0267 (0.0606)	accu 1.000 (0.974)	
Train Epoch-20  Iter-450/706	loss 0.0002 (0.0632)	accu 1.000 (0.973)	
Train Epoch-20  Iter-475/706	loss 0.0011 (0.0635)	accu 1.000 (0.973)	
Train Epoch-20  Iter-500/706	loss 0.1359 (0.0626)	accu 0.875 (0.973)	
Train Epoch-20  Iter-525/706	loss 0.0389 (0.0638)	accu 1.000 (0.972)	
Train Epoch-20  Iter-550/706	loss 0.0342 (0.0636)	accu 1.000 (0.973)	
Train Epoch-20  Iter-575/706	loss 0.1529 (0.0667)	accu 0.875 (0.972)	
Train Epoch-20  Iter-600/706	loss 0.0130 (0.0661)	accu 1.000 (0.972)	
Train Epoch-20  Iter-625/706	loss 0.0011 (0.0669)	accu 1.000 (0.971)	
Train Epoch-20  Iter-650/706	loss 0.0047 (0.0677)	accu 1.000 (0.971)	
Train Epoch-20  Iter-675/706	loss 0.0013 (0.0679)	accu 1.000 (0.972)	
Train Epoch-20  Iter-700/706	loss 0.0583 (0.0675)	accu 1.000 (0.972)	
Eval Epoch-20  Iter-0  /52 	loss 1.7750 (1.7750)	accu 0.750 (0.750)	
Eval Epoch-20  Iter-25 /52 	loss 0.0401 (1.1750)	accu 1.000 (0.683)	
Eval Epoch-20  Iter-50 /52 	loss 3.3080 (1.0674)	accu 0.500 (0.723)	
Epoch-20  Train: loss 0.0673	accu 0.9722	Eval: loss 1.0583	accu 0.7236
Train Epoch-21  Iter-0  /706	loss 0.0474 (0.0474)	accu 1.000 (1.000)	
Train Epoch-21  Iter-25 /706	loss 0.0119 (0.0550)	accu 1.000 (0.981)	
Train Epoch-21  Iter-50 /706	loss 0.2533 (0.0574)	accu 0.875 (0.978)	
Train Epoch-21  Iter-75 /706	loss 0.0022 (0.0627)	accu 1.000 (0.975)	
Train Epoch-21  Iter-100/706	loss 0.0571 (0.0703)	accu 1.000 (0.969)	
Train Epoch-21  Iter-125/706	loss 0.0956 (0.0698)	accu 1.000 (0.971)	
Train Epoch-21  Iter-150/706	loss 0.0227 (0.0673)	accu 1.000 (0.974)	
Train Epoch-21  Iter-175/706	loss 0.0978 (0.0731)	accu 0.875 (0.971)	
Train Epoch-21  Iter-200/706	loss 0.2125 (0.0793)	accu 0.875 (0.970)	
Train Epoch-21  Iter-225/706	loss 0.0015 (0.0818)	accu 1.000 (0.968)	
Train Epoch-21  Iter-250/706	loss 0.0065 (0.0788)	accu 1.000 (0.971)	
Train Epoch-21  Iter-275/706	loss 0.1422 (0.0794)	accu 0.875 (0.970)	
Train Epoch-21  Iter-300/706	loss 0.0078 (0.0793)	accu 1.000 (0.969)	
Train Epoch-21  Iter-325/706	loss 0.1943 (0.0787)	accu 0.875 (0.969)	
Train Epoch-21  Iter-350/706	loss 0.0179 (0.0792)	accu 1.000 (0.969)	
Train Epoch-21  Iter-375/706	loss 0.3828 (0.0795)	accu 0.875 (0.969)	
Train Epoch-21  Iter-400/706	loss 0.0074 (0.0764)	accu 1.000 (0.970)	
Train Epoch-21  Iter-425/706	loss 0.3056 (0.0753)	accu 0.875 (0.970)	
Train Epoch-21  Iter-450/706	loss 0.0038 (0.0724)	accu 1.000 (0.972)	
Train Epoch-21  Iter-475/706	loss 0.0115 (0.0713)	accu 1.000 (0.973)	
Train Epoch-21  Iter-500/706	loss 0.0595 (0.0703)	accu 1.000 (0.973)	
Train Epoch-21  Iter-525/706	loss 0.0192 (0.0693)	accu 1.000 (0.973)	
Train Epoch-21  Iter-550/706	loss 0.0696 (0.0686)	accu 1.000 (0.973)	
Train Epoch-21  Iter-575/706	loss 0.0207 (0.0685)	accu 1.000 (0.973)	
Train Epoch-21  Iter-600/706	loss 0.0046 (0.0679)	accu 1.000 (0.974)	
Train Epoch-21  Iter-625/706	loss 0.0968 (0.0684)	accu 1.000 (0.973)	
Train Epoch-21  Iter-650/706	loss 0.0123 (0.0683)	accu 1.000 (0.973)	
Train Epoch-21  Iter-675/706	loss 0.0018 (0.0686)	accu 1.000 (0.974)	
Train Epoch-21  Iter-700/706	loss 0.0198 (0.0692)	accu 1.000 (0.973)	
Eval Epoch-21  Iter-0  /52 	loss 1.7724 (1.7724)	accu 0.750 (0.750)	
Eval Epoch-21  Iter-25 /52 	loss 0.0397 (1.1696)	accu 1.000 (0.683)	
Eval Epoch-21  Iter-50 /52 	loss 3.3198 (1.0656)	accu 0.500 (0.723)	
Epoch-21  Train: loss 0.0689	accu 0.9731	Eval: loss 1.0565	accu 0.7236
Train Epoch-22  Iter-0  /706	loss 0.0354 (0.0354)	accu 1.000 (1.000)	
Train Epoch-22  Iter-25 /706	loss 0.0049 (0.0398)	accu 1.000 (0.976)	
Train Epoch-22  Iter-50 /706	loss 0.0030 (0.0555)	accu 1.000 (0.971)	
Train Epoch-22  Iter-75 /706	loss 0.0010 (0.0521)	accu 1.000 (0.979)	
Train Epoch-22  Iter-100/706	loss 0.1345 (0.0521)	accu 1.000 (0.980)	
Train Epoch-22  Iter-125/706	loss 0.0013 (0.0540)	accu 1.000 (0.979)	
Train Epoch-22  Iter-150/706	loss 0.0066 (0.0566)	accu 1.000 (0.979)	
Train Epoch-22  Iter-175/706	loss 0.1041 (0.0581)	accu 0.875 (0.979)	
Train Epoch-22  Iter-200/706	loss 0.1560 (0.0610)	accu 0.875 (0.978)	
Train Epoch-22  Iter-225/706	loss 0.0017 (0.0606)	accu 1.000 (0.978)	
Train Epoch-22  Iter-250/706	loss 0.1089 (0.0579)	accu 0.875 (0.979)	
Train Epoch-22  Iter-275/706	loss 0.0014 (0.0581)	accu 1.000 (0.979)	
Train Epoch-22  Iter-300/706	loss 0.2019 (0.0578)	accu 0.875 (0.977)	
Train Epoch-22  Iter-325/706	loss 0.0571 (0.0600)	accu 1.000 (0.976)	
Train Epoch-22  Iter-350/706	loss 0.0023 (0.0597)	accu 1.000 (0.976)	
Train Epoch-22  Iter-375/706	loss 0.1174 (0.0593)	accu 0.875 (0.976)	
Train Epoch-22  Iter-400/706	loss 0.1898 (0.0622)	accu 0.875 (0.974)	
Train Epoch-22  Iter-425/706	loss 0.0433 (0.0630)	accu 1.000 (0.974)	
Train Epoch-22  Iter-450/706	loss 0.1113 (0.0647)	accu 1.000 (0.972)	
Train Epoch-22  Iter-475/706	loss 0.0022 (0.0650)	accu 1.000 (0.971)	
Train Epoch-22  Iter-500/706	loss 0.0715 (0.0649)	accu 1.000 (0.971)	
Train Epoch-22  Iter-525/706	loss 0.0489 (0.0642)	accu 1.000 (0.972)	
Train Epoch-22  Iter-550/706	loss 0.0298 (0.0642)	accu 1.000 (0.971)	
Train Epoch-22  Iter-575/706	loss 0.2682 (0.0633)	accu 0.875 (0.972)	
Train Epoch-22  Iter-600/706	loss 0.9569 (0.0666)	accu 0.750 (0.971)	
Train Epoch-22  Iter-625/706	loss 0.0028 (0.0660)	accu 1.000 (0.971)	
Train Epoch-22  Iter-650/706	loss 0.0272 (0.0663)	accu 1.000 (0.971)	
Train Epoch-22  Iter-675/706	loss 0.0993 (0.0661)	accu 0.875 (0.971)	
Train Epoch-22  Iter-700/706	loss 0.0520 (0.0662)	accu 1.000 (0.971)	
Eval Epoch-22  Iter-0  /52 	loss 1.7660 (1.7660)	accu 0.750 (0.750)	
Eval Epoch-22  Iter-25 /52 	loss 0.0381 (1.1550)	accu 1.000 (0.692)	
Eval Epoch-22  Iter-50 /52 	loss 3.3458 (1.0592)	accu 0.500 (0.725)	
Epoch-22  Train: loss 0.0662	accu 0.9708	Eval: loss 1.0505	accu 0.7260
Train Epoch-23  Iter-0  /706	loss 0.0061 (0.0061)	accu 1.000 (1.000)	
Train Epoch-23  Iter-25 /706	loss 0.0070 (0.0793)	accu 1.000 (0.966)	
Train Epoch-23  Iter-50 /706	loss 0.0504 (0.0770)	accu 1.000 (0.963)	
Train Epoch-23  Iter-75 /706	loss 0.3257 (0.0797)	accu 0.875 (0.967)	
Train Epoch-23  Iter-100/706	loss 0.1263 (0.0757)	accu 0.875 (0.967)	
Train Epoch-23  Iter-125/706	loss 0.1957 (0.0723)	accu 0.875 (0.969)	
Train Epoch-23  Iter-150/706	loss 0.0124 (0.0721)	accu 1.000 (0.971)	
Train Epoch-23  Iter-175/706	loss 0.0409 (0.0725)	accu 1.000 (0.972)	
Train Epoch-23  Iter-200/706	loss 0.0018 (0.0708)	accu 1.000 (0.972)	
Train Epoch-23  Iter-225/706	loss 0.0873 (0.0765)	accu 1.000 (0.971)	
Train Epoch-23  Iter-250/706	loss 0.0669 (0.0741)	accu 1.000 (0.972)	
Train Epoch-23  Iter-275/706	loss 0.5148 (0.0736)	accu 0.875 (0.972)	
Train Epoch-23  Iter-300/706	loss 0.0006 (0.0733)	accu 1.000 (0.972)	
Train Epoch-23  Iter-325/706	loss 0.0142 (0.0695)	accu 1.000 (0.974)	
Train Epoch-23  Iter-350/706	loss 0.0098 (0.0713)	accu 1.000 (0.973)	
Train Epoch-23  Iter-375/706	loss 0.0233 (0.0702)	accu 1.000 (0.973)	
Train Epoch-23  Iter-400/706	loss 0.0531 (0.0702)	accu 1.000 (0.974)	
Train Epoch-23  Iter-425/706	loss 0.0007 (0.0705)	accu 1.000 (0.974)	
Train Epoch-23  Iter-450/706	loss 0.0333 (0.0714)	accu 1.000 (0.973)	
Train Epoch-23  Iter-475/706	loss 0.0115 (0.0735)	accu 1.000 (0.972)	
Train Epoch-23  Iter-500/706	loss 0.1296 (0.0724)	accu 0.875 (0.973)	
Train Epoch-23  Iter-525/706	loss 0.0016 (0.0740)	accu 1.000 (0.972)	
Train Epoch-23  Iter-550/706	loss 0.0098 (0.0739)	accu 1.000 (0.972)	
Train Epoch-23  Iter-575/706	loss 0.0283 (0.0732)	accu 1.000 (0.973)	
Train Epoch-23  Iter-600/706	loss 0.1013 (0.0737)	accu 1.000 (0.973)	
Train Epoch-23  Iter-625/706	loss 0.0814 (0.0735)	accu 1.000 (0.972)	
Train Epoch-23  Iter-650/706	loss 0.0117 (0.0722)	accu 1.000 (0.973)	
Train Epoch-23  Iter-675/706	loss 0.0140 (0.0720)	accu 1.000 (0.972)	
Train Epoch-23  Iter-700/706	loss 0.0304 (0.0712)	accu 1.000 (0.973)	
Eval Epoch-23  Iter-0  /52 	loss 1.7671 (1.7671)	accu 0.750 (0.750)	
Eval Epoch-23  Iter-25 /52 	loss 0.0389 (1.1612)	accu 1.000 (0.688)	
Eval Epoch-23  Iter-50 /52 	loss 3.3490 (1.0629)	accu 0.500 (0.723)	
Epoch-23  Train: loss 0.0708	accu 0.9733	Eval: loss 1.0539	accu 0.7236
Train Epoch-24  Iter-0  /706	loss 0.0024 (0.0024)	accu 1.000 (1.000)	
Train Epoch-24  Iter-25 /706	loss 0.0206 (0.0338)	accu 1.000 (0.995)	
Train Epoch-24  Iter-50 /706	loss 0.0292 (0.0504)	accu 1.000 (0.980)	
Train Epoch-24  Iter-75 /706	loss 0.0163 (0.0549)	accu 1.000 (0.979)	
Train Epoch-24  Iter-100/706	loss 0.2381 (0.0571)	accu 0.875 (0.978)	
Train Epoch-24  Iter-125/706	loss 0.0522 (0.0575)	accu 1.000 (0.977)	
Train Epoch-24  Iter-150/706	loss 0.0324 (0.0576)	accu 1.000 (0.976)	
Train Epoch-24  Iter-175/706	loss 0.0364 (0.0551)	accu 1.000 (0.978)	
Train Epoch-24  Iter-200/706	loss 0.1425 (0.0550)	accu 1.000 (0.979)	
Train Epoch-24  Iter-225/706	loss 0.1936 (0.0560)	accu 0.875 (0.979)	
Train Epoch-24  Iter-250/706	loss 0.3186 (0.0578)	accu 0.875 (0.977)	
Train Epoch-24  Iter-275/706	loss 0.0409 (0.0571)	accu 1.000 (0.977)	
Train Epoch-24  Iter-300/706	loss 0.1016 (0.0591)	accu 1.000 (0.975)	
Train Epoch-24  Iter-325/706	loss 0.0571 (0.0603)	accu 1.000 (0.975)	
Train Epoch-24  Iter-350/706	loss 0.0049 (0.0610)	accu 1.000 (0.975)	
Train Epoch-24  Iter-375/706	loss 0.0233 (0.0626)	accu 1.000 (0.974)	
Train Epoch-24  Iter-400/706	loss 0.0808 (0.0613)	accu 1.000 (0.975)	
Train Epoch-24  Iter-425/706	loss 0.0069 (0.0626)	accu 1.000 (0.975)	
Train Epoch-24  Iter-450/706	loss 0.1427 (0.0626)	accu 0.875 (0.974)	
Train Epoch-24  Iter-475/706	loss 0.0005 (0.0627)	accu 1.000 (0.975)	
Train Epoch-24  Iter-500/706	loss 0.2011 (0.0629)	accu 0.875 (0.974)	
Train Epoch-24  Iter-525/706	loss 0.0403 (0.0624)	accu 1.000 (0.975)	
Train Epoch-24  Iter-550/706	loss 0.0038 (0.0622)	accu 1.000 (0.975)	
Train Epoch-24  Iter-575/706	loss 0.2507 (0.0632)	accu 0.750 (0.974)	
Train Epoch-24  Iter-600/706	loss 0.0289 (0.0626)	accu 1.000 (0.974)	
Train Epoch-24  Iter-625/706	loss 0.0130 (0.0618)	accu 1.000 (0.975)	
Train Epoch-24  Iter-650/706	loss 0.4146 (0.0640)	accu 0.750 (0.974)	
Train Epoch-24  Iter-675/706	loss 0.0032 (0.0635)	accu 1.000 (0.974)	
Train Epoch-24  Iter-700/706	loss 0.0013 (0.0641)	accu 1.000 (0.974)	
Eval Epoch-24  Iter-0  /52 	loss 1.7726 (1.7726)	accu 0.750 (0.750)	
Eval Epoch-24  Iter-25 /52 	loss 0.0388 (1.1645)	accu 1.000 (0.688)	
Eval Epoch-24  Iter-50 /52 	loss 3.3556 (1.0657)	accu 0.500 (0.723)	
Epoch-24  Train: loss 0.0646	accu 0.9733	Eval: loss 1.0567	accu 0.7236
Train Epoch-25  Iter-0  /706	loss 0.0044 (0.0044)	accu 1.000 (1.000)	
Train Epoch-25  Iter-25 /706	loss 0.0422 (0.0476)	accu 1.000 (0.981)	
Train Epoch-25  Iter-50 /706	loss 0.0915 (0.0516)	accu 0.875 (0.978)	
Train Epoch-25  Iter-75 /706	loss 0.0014 (0.0519)	accu 1.000 (0.979)	
Train Epoch-25  Iter-100/706	loss 0.0130 (0.0536)	accu 1.000 (0.979)	
Train Epoch-25  Iter-125/706	loss 0.0155 (0.0681)	accu 1.000 (0.975)	
Train Epoch-25  Iter-150/706	loss 0.0969 (0.0636)	accu 0.875 (0.976)	
Train Epoch-25  Iter-175/706	loss 0.1469 (0.0692)	accu 1.000 (0.973)	
Train Epoch-25  Iter-200/706	loss 0.0611 (0.0701)	accu 1.000 (0.973)	
Train Epoch-25  Iter-225/706	loss 0.0718 (0.0667)	accu 1.000 (0.973)	
Train Epoch-25  Iter-250/706	loss 0.0552 (0.0679)	accu 1.000 (0.974)	
Train Epoch-25  Iter-275/706	loss 0.0023 (0.0699)	accu 1.000 (0.973)	
Train Epoch-25  Iter-300/706	loss 0.1450 (0.0693)	accu 0.875 (0.974)	
Train Epoch-25  Iter-325/706	loss 0.3737 (0.0692)	accu 0.875 (0.974)	
Train Epoch-25  Iter-350/706	loss 0.0124 (0.0676)	accu 1.000 (0.974)	
Train Epoch-25  Iter-375/706	loss 0.0764 (0.0682)	accu 1.000 (0.974)	
Train Epoch-25  Iter-400/706	loss 0.1228 (0.0694)	accu 0.875 (0.974)	
Train Epoch-25  Iter-425/706	loss 0.0037 (0.0712)	accu 1.000 (0.972)	
Train Epoch-25  Iter-450/706	loss 0.0030 (0.0701)	accu 1.000 (0.973)	
Train Epoch-25  Iter-475/706	loss 0.0010 (0.0690)	accu 1.000 (0.973)	
Train Epoch-25  Iter-500/706	loss 0.0064 (0.0691)	accu 1.000 (0.973)	
Train Epoch-25  Iter-525/706	loss 0.0071 (0.0681)	accu 1.000 (0.974)	
Train Epoch-25  Iter-550/706	loss 0.0244 (0.0684)	accu 1.000 (0.973)	
Train Epoch-25  Iter-575/706	loss 0.0012 (0.0692)	accu 1.000 (0.974)	
Train Epoch-25  Iter-600/706	loss 0.0041 (0.0683)	accu 1.000 (0.974)	
Train Epoch-25  Iter-625/706	loss 0.0039 (0.0682)	accu 1.000 (0.974)	
Train Epoch-25  Iter-650/706	loss 0.0029 (0.0686)	accu 1.000 (0.974)	
Train Epoch-25  Iter-675/706	loss 0.0033 (0.0689)	accu 1.000 (0.973)	
Train Epoch-25  Iter-700/706	loss 0.0280 (0.0675)	accu 1.000 (0.974)	
Eval Epoch-25  Iter-0  /52 	loss 1.7721 (1.7721)	accu 0.750 (0.750)	
Eval Epoch-25  Iter-25 /52 	loss 0.0383 (1.1616)	accu 1.000 (0.688)	
Eval Epoch-25  Iter-50 /52 	loss 3.3585 (1.0642)	accu 0.500 (0.723)	
Epoch-25  Train: loss 0.0678	accu 0.9734	Eval: loss 1.0552	accu 0.7236
Epoch    26: reducing learning rate of group 0 to 3.0000e-08.
Train Epoch-26  Iter-0  /706	loss 0.0014 (0.0014)	accu 1.000 (1.000)	
Train Epoch-26  Iter-25 /706	loss 0.0150 (0.0260)	accu 1.000 (0.990)	
Train Epoch-26  Iter-50 /706	loss 0.0651 (0.0619)	accu 1.000 (0.978)	
Train Epoch-26  Iter-75 /706	loss 0.0153 (0.0527)	accu 1.000 (0.980)	
Train Epoch-26  Iter-100/706	loss 0.0222 (0.0609)	accu 1.000 (0.978)	
Train Epoch-26  Iter-125/706	loss 0.0890 (0.0630)	accu 1.000 (0.978)	
Train Epoch-26  Iter-150/706	loss 0.1064 (0.0692)	accu 0.875 (0.973)	
Train Epoch-26  Iter-175/706	loss 0.0089 (0.0674)	accu 1.000 (0.972)	
Train Epoch-26  Iter-200/706	loss 0.0936 (0.0668)	accu 1.000 (0.971)	
Train Epoch-26  Iter-225/706	loss 0.0009 (0.0666)	accu 1.000 (0.972)	
Train Epoch-26  Iter-250/706	loss 0.0785 (0.0696)	accu 1.000 (0.972)	
Train Epoch-26  Iter-275/706	loss 0.1505 (0.0700)	accu 0.875 (0.971)	
Train Epoch-26  Iter-300/706	loss 0.0100 (0.0718)	accu 1.000 (0.971)	
Train Epoch-26  Iter-325/706	loss 0.0039 (0.0715)	accu 1.000 (0.971)	
Train Epoch-26  Iter-350/706	loss 0.0247 (0.0707)	accu 1.000 (0.972)	
Train Epoch-26  Iter-375/706	loss 0.0027 (0.0701)	accu 1.000 (0.973)	
Train Epoch-26  Iter-400/706	loss 0.0039 (0.0717)	accu 1.000 (0.972)	
Train Epoch-26  Iter-425/706	loss 0.0227 (0.0697)	accu 1.000 (0.972)	
Train Epoch-26  Iter-450/706	loss 0.0009 (0.0684)	accu 1.000 (0.973)	
Train Epoch-26  Iter-475/706	loss 0.4759 (0.0676)	accu 0.875 (0.974)	
Train Epoch-26  Iter-500/706	loss 0.0089 (0.0680)	accu 1.000 (0.974)	
Train Epoch-26  Iter-525/706	loss 0.0542 (0.0672)	accu 1.000 (0.975)	
Train Epoch-26  Iter-550/706	loss 0.0815 (0.0685)	accu 1.000 (0.974)	
Train Epoch-26  Iter-575/706	loss 0.0049 (0.0669)	accu 1.000 (0.975)	
Train Epoch-26  Iter-600/706	loss 0.1489 (0.0669)	accu 0.875 (0.974)	
Train Epoch-26  Iter-625/706	loss 0.0009 (0.0654)	accu 1.000 (0.975)	
Train Epoch-26  Iter-650/706	loss 0.1349 (0.0654)	accu 1.000 (0.975)	
Train Epoch-26  Iter-675/706	loss 0.0047 (0.0642)	accu 1.000 (0.975)	
Train Epoch-26  Iter-700/706	loss 0.0071 (0.0647)	accu 1.000 (0.975)	
Eval Epoch-26  Iter-0  /52 	loss 1.7723 (1.7723)	accu 0.750 (0.750)	
Eval Epoch-26  Iter-25 /52 	loss 0.0384 (1.1617)	accu 1.000 (0.688)	
Eval Epoch-26  Iter-50 /52 	loss 3.3591 (1.0643)	accu 0.500 (0.723)	
Epoch-26  Train: loss 0.0660	accu 0.9751	Eval: loss 1.0553	accu 0.7236
Train Epoch-27  Iter-0  /706	loss 0.0007 (0.0007)	accu 1.000 (1.000)	
Train Epoch-27  Iter-25 /706	loss 0.0042 (0.0649)	accu 1.000 (0.986)	
Train Epoch-27  Iter-50 /706	loss 0.4139 (0.0604)	accu 0.875 (0.985)	
Train Epoch-27  Iter-75 /706	loss 0.0157 (0.0628)	accu 1.000 (0.982)	
Train Epoch-27  Iter-100/706	loss 0.0149 (0.0577)	accu 1.000 (0.983)	
Train Epoch-27  Iter-125/706	loss 0.0561 (0.0554)	accu 1.000 (0.983)	
Train Epoch-27  Iter-150/706	loss 0.0041 (0.0544)	accu 1.000 (0.983)	
Train Epoch-27  Iter-175/706	loss 0.0323 (0.0517)	accu 1.000 (0.985)	
Train Epoch-27  Iter-200/706	loss 0.0005 (0.0541)	accu 1.000 (0.983)	
Train Epoch-27  Iter-225/706	loss 0.0037 (0.0525)	accu 1.000 (0.982)	
Train Epoch-27  Iter-250/706	loss 0.2385 (0.0530)	accu 0.875 (0.982)	
Train Epoch-27  Iter-275/706	loss 0.1619 (0.0538)	accu 0.875 (0.982)	
Train Epoch-27  Iter-300/706	loss 0.0493 (0.0546)	accu 1.000 (0.981)	
Train Epoch-27  Iter-325/706	loss 0.0094 (0.0569)	accu 1.000 (0.981)	
Train Epoch-27  Iter-350/706	loss 0.1312 (0.0575)	accu 0.875 (0.980)	
Train Epoch-27  Iter-375/706	loss 0.0144 (0.0579)	accu 1.000 (0.980)	
Train Epoch-27  Iter-400/706	loss 0.0369 (0.0585)	accu 1.000 (0.979)	
Train Epoch-27  Iter-425/706	loss 0.0204 (0.0578)	accu 1.000 (0.979)	
Train Epoch-27  Iter-450/706	loss 0.0033 (0.0585)	accu 1.000 (0.979)	
Train Epoch-27  Iter-475/706	loss 0.0411 (0.0615)	accu 1.000 (0.978)	
Train Epoch-27  Iter-500/706	loss 0.0015 (0.0622)	accu 1.000 (0.977)	
Train Epoch-27  Iter-525/706	loss 0.0145 (0.0622)	accu 1.000 (0.977)	
Train Epoch-27  Iter-550/706	loss 0.0006 (0.0616)	accu 1.000 (0.978)	
Train Epoch-27  Iter-575/706	loss 0.0990 (0.0625)	accu 1.000 (0.977)	
Train Epoch-27  Iter-600/706	loss 0.2807 (0.0637)	accu 0.875 (0.977)	
Train Epoch-27  Iter-625/706	loss 0.2512 (0.0637)	accu 0.875 (0.976)	
Train Epoch-27  Iter-650/706	loss 0.2424 (0.0637)	accu 0.875 (0.976)	
Train Epoch-27  Iter-675/706	loss 0.0008 (0.0626)	accu 1.000 (0.977)	
Train Epoch-27  Iter-700/706	loss 0.3219 (0.0651)	accu 0.875 (0.976)	
Eval Epoch-27  Iter-0  /52 	loss 1.7718 (1.7718)	accu 0.750 (0.750)	
Eval Epoch-27  Iter-25 /52 	loss 0.0383 (1.1608)	accu 1.000 (0.688)	
Eval Epoch-27  Iter-50 /52 	loss 3.3608 (1.0639)	accu 0.500 (0.723)	
Epoch-27  Train: loss 0.0650	accu 0.9756	Eval: loss 1.0550	accu 0.7236
Train Epoch-28  Iter-0  /706	loss 0.0072 (0.0072)	accu 1.000 (1.000)	
Train Epoch-28  Iter-25 /706	loss 0.1941 (0.1476)	accu 0.875 (0.933)	
Train Epoch-28  Iter-50 /706	loss 0.0374 (0.1219)	accu 1.000 (0.944)	
Train Epoch-28  Iter-75 /706	loss 0.0260 (0.0940)	accu 1.000 (0.956)	
Train Epoch-28  Iter-100/706	loss 0.0011 (0.0948)	accu 1.000 (0.960)	
Train Epoch-28  Iter-125/706	loss 0.2054 (0.1012)	accu 0.875 (0.961)	
Train Epoch-28  Iter-150/706	loss 0.0529 (0.0937)	accu 1.000 (0.963)	
Train Epoch-28  Iter-175/706	loss 0.0001 (0.0923)	accu 1.000 (0.962)	
Train Epoch-28  Iter-200/706	loss 0.0002 (0.0884)	accu 1.000 (0.962)	
Train Epoch-28  Iter-225/706	loss 0.0303 (0.0830)	accu 1.000 (0.965)	
Train Epoch-28  Iter-250/706	loss 0.0369 (0.0816)	accu 1.000 (0.967)	
Train Epoch-28  Iter-275/706	loss 0.2649 (0.0812)	accu 0.875 (0.967)	
Train Epoch-28  Iter-300/706	loss 0.0202 (0.0778)	accu 1.000 (0.968)	
Train Epoch-28  Iter-325/706	loss 0.0094 (0.0779)	accu 1.000 (0.968)	
Train Epoch-28  Iter-350/706	loss 0.0423 (0.0764)	accu 1.000 (0.970)	
Train Epoch-28  Iter-375/706	loss 0.0413 (0.0768)	accu 1.000 (0.969)	
Train Epoch-28  Iter-400/706	loss 0.0609 (0.0755)	accu 1.000 (0.970)	
Train Epoch-28  Iter-425/706	loss 0.0041 (0.0742)	accu 1.000 (0.970)	
Train Epoch-28  Iter-450/706	loss 0.0017 (0.0724)	accu 1.000 (0.971)	
Train Epoch-28  Iter-475/706	loss 0.0027 (0.0721)	accu 1.000 (0.972)	
Train Epoch-28  Iter-500/706	loss 0.2154 (0.0704)	accu 0.875 (0.972)	
Train Epoch-28  Iter-525/706	loss 0.0025 (0.0703)	accu 1.000 (0.972)	
Train Epoch-28  Iter-550/706	loss 0.0078 (0.0698)	accu 1.000 (0.972)	
Train Epoch-28  Iter-575/706	loss 0.0118 (0.0701)	accu 1.000 (0.972)	
Train Epoch-28  Iter-600/706	loss 0.0023 (0.0697)	accu 1.000 (0.973)	
Train Epoch-28  Iter-625/706	loss 0.0176 (0.0690)	accu 1.000 (0.973)	
Train Epoch-28  Iter-650/706	loss 0.0626 (0.0685)	accu 1.000 (0.973)	
Train Epoch-28  Iter-675/706	loss 0.1107 (0.0696)	accu 0.875 (0.972)	
Train Epoch-28  Iter-700/706	loss 0.0004 (0.0693)	accu 1.000 (0.972)	
Eval Epoch-28  Iter-0  /52 	loss 1.7710 (1.7710)	accu 0.750 (0.750)	
Eval Epoch-28  Iter-25 /52 	loss 0.0382 (1.1591)	accu 1.000 (0.688)	
Eval Epoch-28  Iter-50 /52 	loss 3.3618 (1.0630)	accu 0.500 (0.723)	
Epoch-28  Train: loss 0.0689	accu 0.9722	Eval: loss 1.0541	accu 0.7236
Train Epoch-29  Iter-0  /706	loss 0.1100 (0.1100)	accu 0.875 (0.875)	
Train Epoch-29  Iter-25 /706	loss 0.0025 (0.1028)	accu 1.000 (0.962)	
Train Epoch-29  Iter-50 /706	loss 0.0018 (0.0848)	accu 1.000 (0.966)	
Train Epoch-29  Iter-75 /706	loss 0.0057 (0.0835)	accu 1.000 (0.967)	
Train Epoch-29  Iter-100/706	loss 0.0016 (0.0756)	accu 1.000 (0.968)	
Train Epoch-29  Iter-125/706	loss 0.0157 (0.0718)	accu 1.000 (0.969)	
Train Epoch-29  Iter-150/706	loss 0.0355 (0.0686)	accu 1.000 (0.971)	
Train Epoch-29  Iter-175/706	loss 0.0031 (0.0673)	accu 1.000 (0.972)	
Train Epoch-29  Iter-200/706	loss 0.0005 (0.0634)	accu 1.000 (0.975)	
Train Epoch-29  Iter-225/706	loss 0.0372 (0.0687)	accu 1.000 (0.973)	
Train Epoch-29  Iter-250/706	loss 0.1228 (0.0673)	accu 0.875 (0.975)	
Train Epoch-29  Iter-275/706	loss 0.0312 (0.0680)	accu 1.000 (0.974)	
Train Epoch-29  Iter-300/706	loss 0.0289 (0.0656)	accu 1.000 (0.975)	
Train Epoch-29  Iter-325/706	loss 0.0218 (0.0656)	accu 1.000 (0.976)	
Train Epoch-29  Iter-350/706	loss 0.0318 (0.0642)	accu 1.000 (0.977)	
Train Epoch-29  Iter-375/706	loss 0.0158 (0.0658)	accu 1.000 (0.976)	
Train Epoch-29  Iter-400/706	loss 0.0011 (0.0663)	accu 1.000 (0.975)	
Train Epoch-29  Iter-425/706	loss 0.0147 (0.0673)	accu 1.000 (0.974)	
Train Epoch-29  Iter-450/706	loss 0.0009 (0.0677)	accu 1.000 (0.974)	
Train Epoch-29  Iter-475/706	loss 0.0241 (0.0660)	accu 1.000 (0.974)	
Train Epoch-29  Iter-500/706	loss 0.0486 (0.0651)	accu 1.000 (0.975)	
Train Epoch-29  Iter-525/706	loss 0.0004 (0.0649)	accu 1.000 (0.975)	
Train Epoch-29  Iter-550/706	loss 0.0019 (0.0661)	accu 1.000 (0.975)	
Train Epoch-29  Iter-575/706	loss 0.0278 (0.0653)	accu 1.000 (0.975)	
Train Epoch-29  Iter-600/706	loss 0.0035 (0.0648)	accu 1.000 (0.975)	
Train Epoch-29  Iter-625/706	loss 0.0333 (0.0642)	accu 1.000 (0.975)	
Train Epoch-29  Iter-650/706	loss 0.1048 (0.0645)	accu 1.000 (0.975)	
Train Epoch-29  Iter-675/706	loss 0.0268 (0.0651)	accu 1.000 (0.974)	
Train Epoch-29  Iter-700/706	loss 0.0245 (0.0640)	accu 1.000 (0.975)	
Eval Epoch-29  Iter-0  /52 	loss 1.7725 (1.7725)	accu 0.750 (0.750)	
Eval Epoch-29  Iter-25 /52 	loss 0.0383 (1.1606)	accu 1.000 (0.688)	
Eval Epoch-29  Iter-50 /52 	loss 3.3614 (1.0638)	accu 0.500 (0.723)	
Epoch-29  Train: loss 0.0638	accu 0.9754	Eval: loss 1.0549	accu 0.7236
Eval Epoch-0   Iter-0  /52 	loss 0.9317 (0.9317)	accu 0.625 (0.625)	
Eval Epoch-0   Iter-25 /52 	loss 0.0978 (0.5697)	accu 1.000 (0.764)	
Eval Epoch-0   Iter-50 /52 	loss 0.6933 (0.6603)	accu 0.625 (0.706)	
Eval: loss 0.6705	accu 0.7019
Test Epoch-0   Iter-0  /59 	loss 0.3899 (0.3899)	accu 0.750 (0.750)	
Test Epoch-0   Iter-25 /59 	loss 0.5686 (0.6488)	accu 0.875 (0.740)	
Test Epoch-0   Iter-50 /59 	loss 0.7974 (0.7048)	accu 0.375 (0.689)	
Test: loss 0.7667	accu 0.6525
wandb: Waiting for W&B process to finish... (success).
wandb: 
wandb: Run history:
wandb:   Eval Acc ▆▄▁▂▂▁▃▆█▇▅▅▆█▇▇▅▇▇▆▆▆▇▆▆▆▆▆▆▆
wandb:  Eval Loss ▂▁▄▆▅▆▄▄▄▆▅▆█▄▄▅▆▆▅▆▆▆▆▆▆▆▆▆▆▆
wandb:  Train Acc ▁▄▅▆▆▆▆▇▇▇▇███████████████████
wandb: Train Loss █▅▄▄▃▃▃▂▂▂▂▂▁▁▁▁▁▁▁▁▁▁▁▁▁▁▁▁▁▁
wandb: 
wandb: Run summary:
wandb:   Eval Acc 0.72356
wandb:  Eval Loss 1.05492
wandb:  Train Acc 0.97539
wandb: Train Loss 0.06376
wandb: 
wandb: 🚀 View run swift-haze-246 at: https://wandb.ai/is_project/vision_models/runs/l7g6r5tq
wandb: Synced 6 W&B file(s), 0 media file(s), 0 artifact file(s) and 0 other file(s)
wandb: Find logs at: ./wandb/run-20230612_180846-l7g6r5tq/logs
